
Initial statistics: 5 variables; iteration 0; function evaluation 0; phase 1
Function value 5.2390331e+03; maximum gradient component mag 3.5044e+04
Var    Value     Gradient |Var    Value     Gradient |Var    Value     Gradient
  1  0.39650  3.50439e+04 |  2  0.21635  1.55791e+04 |  3  0.00000  5.37659e+02
  4  0.00000  4.00258e+01 |  5  0.00000  3.99257e+01 |

 - final statistics:
5 variables; iteration 16; function evaluation 29
Function value 5.5533e+02; maximum gradient component mag 9.3829e+00
Exit code = 1;  converg criter 1.0000e+01
Var    Value     Gradient |Var    Value     Gradient |Var    Value     Gradient
  1  0.18232  9.38293e+00 |  2  0.21118  4.57783e+00 |  3 -0.29833 -6.66225e+00
  4  0.01275  6.34757e+00 |  5 -0.54311  2.21426e+00 |

Initial statistics: 55 variables; iteration 0; function evaluation 0; phase 2
Function value 5.5532758e+02; maximum gradient component mag 1.8560e+03
Var    Value     Gradient |Var    Value     Gradient |Var    Value     Gradient
  1  0.18232  9.38293e+00 |  2  0.00000  5.07185e+01 |  3  0.00000 -1.09101e+02
  4  0.00000  3.94829e+01 |  5  0.00000 -6.81436e+01 |  6  0.00000 -2.54455e+01
  7  0.00000  5.32587e+01 |  8  0.00000  6.50691e+00 |  9  0.00000  1.05313e+01
 10  0.00000 -7.56681e+01 | 11  0.00000  9.10123e+00 | 12  0.00000 -5.26559e+01
 13  0.00000 -9.09953e+00 | 14  0.00000 -7.91102e+00 | 15  0.00000 -8.64973e+01
 16  0.00000  9.68197e+00 | 17  0.00000  1.02033e+02 | 18  0.00000  6.87104e+00
 19  0.00000  2.31422e+01 | 20  0.00000 -1.46009e+02 | 21  0.00000 -1.50079e+02
 22  0.00000  6.43780e+01 | 23  0.00000  2.95379e+01 | 24  0.00000  2.07476e+02
 25  0.00000 -7.03129e+00 | 26  0.00000  4.58449e+00 | 27  0.00000  6.22882e+01
 28  0.00000 -7.57118e+01 | 29  0.00000  1.12724e+02 | 30  0.00000 -2.94093e+02
 31  0.00000  1.35819e+02 | 32  0.00000 -1.94691e+02 | 33  0.00000  2.08554e+01
 34  0.00000 -1.81543e+02 | 35  0.00000  8.20600e+01 | 36  0.00000  2.48883e+02
 37  0.00000  3.36556e+01 | 38  0.00000  8.30481e+01 | 39  0.21635 -5.00623e+02
 40  0.21635  1.85595e+03 | 41  0.21635 -7.65641e+02 | 42  0.21118  4.57783e+00
 43 -1.00000 -1.08293e-07 | 44  0.00000  1.37615e-04 | 45  0.00000  4.25868e-01
 46 -0.53989  8.98862e+00 | 47 -1.00000 -1.08293e-07 | 48 -0.53989  1.34033e+01
 49 -1.00000 -1.08293e-07 | 50 -0.53989  3.57070e+00 | 51 -0.32288  7.40659e+01
 52  0.21635  2.28412e+00 | 53 -0.29833 -6.66225e+00 | 54  0.01275  6.34757e+00
 55 -0.54311  2.21426e+00 |

Intermediate statistics: 55 variables; iteration 20; function evaluation 31; phase 2
Function value 4.0807187e+02; maximum gradient component mag 2.2481e+03
Var    Value     Gradient |Var    Value     Gradient |Var    Value     Gradient
  1  0.18614  2.24814e+03 |  2 -0.33637 -5.55089e+01 |  3  0.27256  1.36428e+02
  4  0.17132  4.80333e+01 |  5  0.20015  8.02317e+01 |  6  0.12649  8.63974e+01
  7  0.02449  2.80644e+01 |  8  0.03163  3.28196e+01 |  9  0.07261  8.01220e+01
 10  0.16072  1.48108e+02 | 11  0.11362  1.39084e+02 | 12  0.12480  1.91748e+02
 13  0.05940  1.18914e+02 | 14  0.05072  9.60355e+01 | 15  0.11399  2.73215e+02
 16  0.04804  2.23976e+02 | 17 -0.06179  7.21768e+01 | 18 -0.00051  1.68895e+02
 19 -0.06525  4.03158e+01 | 20  0.00974 -1.20075e+01 | 21 -0.04246 -1.14185e+02
 22 -0.04861  1.22377e+02 | 23 -0.03989  8.29701e+01 | 24 -0.07615  1.86414e+02
 25 -0.03183  1.09970e+02 | 26 -0.02303  9.61056e+01 | 27 -0.00927  1.50631e+02
 28 -0.02071 -6.06225e+01 | 29  0.00736  3.68896e+02 | 30  0.02082  1.95177e+01
 31  0.01648  4.74861e+02 | 32 -0.05353 -2.95948e+02 | 33 -0.02854  1.17896e+02
 34  0.00152  7.05029e+01 | 35 -0.01691  2.49761e+02 | 36 -0.05731  2.77989e+02
 37 -0.08994  6.91223e+01 | 38 -0.22135 -5.05173e+01 | 39  0.21955  1.53326e+02
 40  0.21733  8.89420e+02 | 41  0.24016  4.41580e+02 | 42  0.22426  1.01176e+03
 43 -0.93491 -3.02485e-02 | 44 -0.00000  2.14681e-04 | 45 -0.01070 -5.00281e-05
 46 -0.76902 -8.14229e-03 | 47 -0.69046 -6.43639e+02 | 48 -0.63233  5.41054e+02
 49 -0.83136 -1.73410e+00 | 50 -0.64411  9.33910e-01 | 51 -0.31684  5.05692e+01
 52  0.17111  1.40203e+00 | 53 -0.24187  5.21733e+02 | 54 -0.03532 -4.82051e+00
 55 -0.60917  8.13082e-01 |
55 variables; iteration 40; function evaluation 56; phase 2
Function value 3.4689924e+02; maximum gradient component mag 1.2198e+03
Var    Value     Gradient |Var    Value     Gradient |Var    Value     Gradient
  1  0.18925  1.21977e+03 |  2 -0.20141 -3.89715e+01 |  3  0.25287  1.41599e+02
  4  0.13871  2.45090e+01 |  5  0.18049  8.24113e+01 |  6  0.10197  8.91537e+01
  7  0.00211  2.99730e+01 |  8  0.04052  7.18860e+01 |  9  0.09417  1.22756e+02
 10  0.17305  1.70265e+02 | 11  0.11832  1.50584e+02 | 12  0.13610  2.23371e+02
 13  0.05617  1.14227e+02 | 14  0.07174  1.59073e+02 | 15  0.08796  2.02465e+02
 16  0.05317  2.65134e+02 | 17 -0.07746  6.22212e+01 | 18 -0.00061  1.75964e+02
 19 -0.06672  5.02499e+01 | 20  0.04079  7.26839e+01 | 21 -0.03808 -9.38244e+01
 22 -0.06022  1.01519e+02 | 23 -0.06053  3.55830e+01 | 24 -0.11566  1.15210e+02
 25 -0.01994  1.49273e+02 | 26 -0.02798  9.85328e+01 | 27 -0.01237  1.48251e+02
 28 -0.01679 -1.47304e+01 | 29 -0.01661  2.24781e+02 | 30  0.06171  2.84492e+02
 31 -0.00884  2.74742e+02 | 32 -0.00801 -8.06822e+01 | 33 -0.03806  3.56101e+01
 34  0.03055  2.66252e+02 | 35 -0.03168  1.47007e+02 | 36 -0.09708  3.68374e+01
 37 -0.07791  7.18910e+01 | 38 -0.19239 -2.22322e+01 | 39  0.21565 -2.19086e+02
 40  0.21133  4.26261e+02 | 41  0.23494  2.42346e+02 | 42  0.21655  3.20258e+02
 43 -0.88807 -1.74127e-02 | 44 -0.00019  2.99979e-04 | 45 -0.68050  1.75269e-01
 46 -1.46898 -8.62633e+00 | 47 -0.68975 -5.02834e+02 | 48 -0.64888  4.43659e+02
 49 -0.98881 -5.66152e+02 | 50 -0.96427  1.77131e+02 | 51 -0.30395  1.83883e+02
 52 -1.68956 -4.72245e+00 | 53 -0.26215  2.37850e+02 | 54 -0.01007 -1.16764e+00
 55 -1.56092 -6.41405e+00 |
55 variables; iteration 60; function evaluation 80; phase 2
Function value 2.2050473e+02; maximum gradient component mag 1.5303e+03
Var    Value     Gradient |Var    Value     Gradient |Var    Value     Gradient
  1  0.15077  9.48759e+02 |  2 -0.18314 -1.90682e+01 |  3  0.04101  9.02815e+01
  4 -0.05234 -2.82775e+01 |  5  0.00447 -1.37771e+01 |  6 -0.00145  1.60579e+02
  7 -0.07544  8.44906e+01 |  8 -0.07431  8.30973e+00 |  9  0.05518  2.05543e+02
 10  0.06660  7.39458e+01 | 11  0.09542  2.41100e+02 | 12  0.04974  1.25977e+02
 13  0.01364  1.51671e+02 | 14  0.00535  1.23841e+02 | 15  0.09738  2.89907e+02
 16 -0.00467  1.16570e+02 | 17 -0.07189  8.62780e+01 | 18 -0.00823  6.15532e+01
 19 -0.03020  7.05864e+01 | 20  0.03554  2.60971e+00 | 21  0.06766  1.70245e+02
 22 -0.09495  2.02113e+01 | 23 -0.01195  1.39081e+02 | 24 -0.08184  1.39433e+02
 25  0.00715  1.60238e+02 | 26  0.00276  1.44077e+02 | 27 -0.03854 -1.05426e+01
 28  0.05494  1.41988e+02 | 29 -0.03155 -3.87493e+01 | 30  0.07259  2.60372e+02
 31 -0.02583  9.04509e+01 | 32  0.05044  1.02947e+02 | 33  0.00073  1.49944e+01
 34  0.06883  2.79961e+02 | 35  0.00820  7.00435e+01 | 36 -0.06151 -1.63711e+02
 37  0.01158  1.13342e+02 | 38 -0.05624  9.38660e+01 | 39  0.25351  1.53035e+03
 40  0.22456 -6.26285e+02 | 41  0.25103 -3.71393e+02 | 42  0.23027 -8.36906e+02
 43 -0.43483  7.52391e+00 | 44 -0.04663  6.58403e-01 | 45 -2.17586 -2.06254e-02
 46 -1.34927 -5.58015e-01 | 47 -0.71889  4.43091e+02 | 48 -0.74414 -4.88213e+02
 49 -0.92716 -1.68399e+02 | 50 -0.88945  1.10766e+02 | 51 -0.28018 -1.47652e+02
 52 -2.41692 -1.23011e-01 | 53 -0.32826  8.38163e+00 | 54  0.17345 -2.77917e+00
 55 -1.32594  1.34587e-01 |
Maximum number of function evaluations exceeded

 - final statistics:
55 variables; iteration 76; function evaluation 100
Function value 1.4868e+02; maximum gradient component mag -1.4816e+02
Exit code = 3;  converg criter 1.0000e+01
Var    Value     Gradient |Var    Value     Gradient |Var    Value     Gradient
  1  0.13797 -1.48160e+02 |  2 -0.13640 -2.66031e-01 |  3  0.00291 -3.79018e-01
  4 -0.03531 -4.32281e+00 |  5  0.01106 -3.36040e+00 |  6 -0.05568 -3.67794e+00
  7 -0.10710 -3.39881e+00 |  8 -0.06433 -7.44983e+00 |  9 -0.07835  1.85215e+00
 10  0.03331  2.86685e+00 | 11  0.01867  3.27875e+00 | 12  0.06263  6.43812e+00
 13  0.00902  4.90240e+00 | 14 -0.00544  2.35388e+00 | 15  0.07201  2.48173e-01
 16  0.02323  1.18202e-01 | 17 -0.04776 -3.43550e+00 | 18  0.00479 -6.64684e+00
 19 -0.02292 -5.71634e+00 | 20  0.06447 -2.58822e-01 | 21  0.05225 -4.95095e-02
 22 -0.05170  1.48718e+00 | 23 -0.01672 -1.11722e+00 | 24 -0.09669 -2.52863e-01
 25 -0.00409 -4.62252e+00 | 26 -0.00896 -8.90571e+00 | 27  0.00608 -6.82052e+00
 28  0.05360 -7.66797e+00 | 29  0.00273  2.38651e+00 | 30  0.05796  1.47400e+00
 31 -0.01838  1.76088e+00 | 32  0.04571 -1.68242e+00 | 33  0.01808  1.02533e+00
 34  0.05217 -6.33649e+00 | 35  0.02155 -4.09845e+00 | 36 -0.00981  4.99604e+00
 37  0.02633  2.65779e+01 | 38 -0.03751  4.60691e+00 | 39  0.25052  1.86669e+01
 40  0.23631 -8.14340e+00 | 41  0.26781 -9.89276e+00 | 42  0.25190 -9.68769e+00
 43 -0.39986 -5.16675e+00 | 44  0.51432 -1.38572e-01 | 45 -2.86201 -1.59237e-02
 46 -1.32993 -2.62827e-01 | 47 -0.66240 -1.00735e+01 | 48 -0.69200  1.12343e+01
 49 -0.91374 -8.97336e+00 | 50 -0.88996  6.99174e+00 | 51 -0.31462  1.27635e+01
 52 -2.12921 -3.48352e-01 | 53 -0.37788  1.15227e+01 | 54  0.22180 -1.87775e+00
 55 -1.23807  1.56444e-01 |

Initial statistics: 57 variables; iteration 0; function evaluation 0; phase 3
Function value 1.4867700e+02; maximum gradient component mag -1.0521e+03
Var    Value     Gradient |Var    Value     Gradient |Var    Value     Gradient
  1  0.13797 -1.48160e+02 |  2 -0.13640 -2.66031e-01 |  3  0.00291 -3.79018e-01
  4 -0.03531 -4.32281e+00 |  5  0.01106 -3.36040e+00 |  6 -0.05568 -3.50153e+00
  7 -0.10710 -3.22423e+00 |  8 -0.06433 -7.27365e+00 |  9 -0.07834  2.02790e+00
 10  0.03331  3.04369e+00 | 11  0.01868  3.45576e+00 | 12  0.06264  6.61435e+00
 13  0.00902  5.07947e+00 | 14 -0.00544  2.53096e+00 | 15  0.07201  4.24130e-01
 16  0.02324  2.95173e-01 | 17 -0.04776 -3.25891e+00 | 18  0.00480 -6.46976e+00
 19 -0.02291 -5.53937e+00 | 20  0.06447 -8.26407e-02 | 21  0.05225  1.26983e-01
 22 -0.05169  1.66368e+00 | 23 -0.01672 -9.40189e-01 | 24 -0.09669 -7.78134e-02
 25 -0.00409 -4.44543e+00 | 26 -0.00896 -8.72864e+00 | 27  0.00609 -6.64344e+00
 28  0.05361 -7.49150e+00 | 29  0.00274  2.56359e+00 | 30  0.05796  1.65036e+00
 31 -0.01838  1.93790e+00 | 32  0.04572 -1.50579e+00 | 33  0.01808  1.20235e+00
 34  0.05218 -6.15999e+00 | 35  0.02156 -3.92147e+00 | 36 -0.00980  5.17310e+00
 37  0.02634  2.67548e+01 | 38 -0.03751  4.78369e+00 | 39  0.25052  1.86669e+01
 40  0.23631 -8.14340e+00 | 41  0.26781 -9.89276e+00 | 42  0.25190 -9.68769e+00
 43 -0.39986 -5.16675e+00 | 44  0.51432 -1.38572e-01 | 45  0.86201  1.59237e-02
 46 -0.67007  2.62827e-01 | 47 -0.66240 -1.00735e+01 | 48 -0.69200  1.12343e+01
 49 -0.91374 -8.97336e+00 | 50 -0.88996  6.99174e+00 | 51 -0.31462  1.27635e+01
 52  0.12921  3.48352e-01 | 53 -0.17585 -1.05206e+03 | 54 -0.12819 -3.69905e+02
 55 -0.37788  1.15227e+01 | 56  0.22180 -1.87775e+00 | 57 -0.76193 -1.56444e-01

Intermediate statistics: 57 variables; iteration 20; function evaluation 27; phase 3
Function value 1.2217984e+02; maximum gradient component mag 5.2829e+02
Var    Value     Gradient |Var    Value     Gradient |Var    Value     Gradient
  1  0.13697  5.28289e+02 |  2 -0.13631  1.64874e+00 |  3  0.00263  7.94169e+00
  4 -0.03279  6.36265e+00 |  5  0.01404  1.49613e+01 |  6 -0.05501  4.20989e-02
  7 -0.10553 -1.88311e+00 |  8 -0.06147 -1.52315e+00 |  9 -0.07744 -2.51115e+00
 10  0.03331 -1.46859e+00 | 11  0.01900 -1.99211e+00 | 12  0.06302 -4.64810e-01
 13  0.00775 -1.66017e+00 | 14 -0.00865 -5.64728e+00 | 15  0.07286 -5.65337e+00
 16  0.02368 -6.31259e+00 | 17 -0.04910 -1.08963e+01 | 18 -0.00338 -1.72571e+01
 19 -0.01918 -1.10884e+01 | 20  0.04925 -2.30669e+01 | 21  0.04286 -2.06741e+01
 22 -0.05738 -1.17060e+01 | 23 -0.03002 -1.45535e+01 | 24 -0.10420 -4.04401e+00
 25  0.01098  3.58876e+01 | 26 -0.01134 -2.25139e+01 | 27 -0.00549 -5.15279e+01
 28  0.05576 -8.17669e+01 | 29  0.00288 -3.01397e+01 | 30  0.05972 -4.35325e+01
 31 -0.02099 -2.73753e+01 | 32  0.05201 -1.61737e+01 | 33  0.02231 -1.06907e+00
 34  0.05340  2.89191e+01 | 35  0.02345  6.96703e+01 | 36 -0.00816  1.19552e+02
 37  0.02916  2.41000e+02 | 38 -0.00238  1.42942e+01 | 39  0.25007 -2.45460e+02
 40  0.24870 -5.23268e+02 | 41  0.26875 -7.22216e+01 | 42  0.25380  1.12816e+02
 43 -0.38052  4.29927e+00 | 44  0.51480  8.61296e-02 | 45  0.86197  1.57931e-02
 46 -0.67066  2.47572e-01 | 47 -0.66408 -1.64949e+02 | 48 -0.69223  1.80845e+02
 49 -0.90154  3.58379e+02 | 50 -0.88088 -2.95972e+02 | 51 -0.32405  4.30255e+01
 52  0.12824  1.52011e+00 | 53 -0.14085 -6.00428e+01 | 54 -0.12774 -3.03233e+02
 55 -0.38449  1.27368e+01 | 56  0.22638 -1.84679e+00 | 57 -0.76153 -1.60341e-01
57 variables; iteration 40; function evaluation 49; phase 3
Function value 1.2053058e+02; maximum gradient component mag -3.6868e+02
Var    Value     Gradient |Var    Value     Gradient |Var    Value     Gradient
  1  0.13698 -1.48003e+02 |  2 -0.13034  5.03337e+00 |  3  0.00013  6.17437e+00
  4 -0.03362  6.58936e+00 |  5  0.01476  1.74882e+01 |  6 -0.05435  1.63641e+01
  7 -0.10469  1.34255e+01 |  8 -0.06183  1.30393e+01 |  9 -0.07070  1.25371e+01
 10  0.03837  1.39433e+01 | 11  0.01525 -2.44425e+00 | 12  0.06107  8.29676e-01
 13  0.00654  3.97235e+00 | 14 -0.00956  4.48485e+00 | 15  0.07480  1.01455e+01
 16  0.02253  6.69363e-01 | 17 -0.04967 -3.49781e+00 | 18 -0.00814 -2.53687e+01
 19 -0.01831  3.02275e+00 | 20  0.04881 -6.68857e+00 | 21  0.04232 -5.04855e+00
 22 -0.06271 -9.06138e+00 | 23 -0.03114  1.43011e+00 | 24 -0.10215  1.89355e+01
 25  0.01117  6.05884e+01 | 26 -0.01122 -5.16464e+00 | 27 -0.00627 -3.71066e+01
 28  0.05647 -6.15276e+01 | 29  0.00249 -1.78253e+01 | 30  0.06065 -1.16591e+01
 31 -0.02260 -1.92063e+01 | 32  0.05174 -1.83779e+01 | 33  0.02492  1.24524e+01
 34  0.05300 -4.37030e+00 | 35  0.02377 -9.08808e-01 | 36 -0.00948 -1.53779e+01
 37  0.02785  8.29575e+01 | 38  0.00151  1.70925e+01 | 39  0.24996 -2.47990e+02
 40  0.25028 -3.68684e+02 | 41  0.27007 -4.06029e+00 | 42  0.25335  7.46015e+01
 43 -0.37745  7.25099e+00 | 44  0.51688  1.33100e-01 | 45  0.85948  1.39607e-02
 46 -0.70135  5.43581e-02 | 47 -0.77629  2.92448e+01 | 48 -0.79751 -3.23902e+01
 49 -0.81436  1.84907e+02 | 50 -0.77578 -1.52603e+02 | 51 -0.32360  4.33934e+01
 52  0.05387  1.64335e+00 | 53 -0.13870 -7.72118e+01 | 54 -0.12642 -2.70287e+02
 55 -0.38350  2.88499e+01 | 56  0.34970 -5.08451e-01 | 57 -0.73370 -1.79009e-01
57 variables; iteration 60; function evaluation 84; phase 3
Function value 1.1335174e+02; maximum gradient component mag -1.8983e+02
Var    Value     Gradient |Var    Value     Gradient |Var    Value     Gradient
  1  0.13716 -1.89830e+02 |  2 -0.13460  2.44876e+00 |  3  0.00319  9.68198e+00
  4 -0.03458  8.54700e+00 |  5  0.01449  2.82006e+01 |  6 -0.05230  2.04312e+01
  7 -0.10391  1.76964e+01 |  8 -0.06334  2.06826e+01 |  9 -0.07631  5.28771e+00
 10  0.03393  4.25414e+00 | 11  0.01842  1.63102e+00 | 12  0.06051 -4.40553e+00
 13  0.00802 -3.86037e+00 | 14 -0.00855 -4.57277e+00 | 15  0.07248 -1.13392e+01
 16  0.01970 -2.16301e+01 | 17 -0.04758 -7.69867e+00 | 18 -0.00482 -1.47976e+01
 19 -0.02187 -7.09078e+00 | 20  0.04877 -2.36815e+00 | 21  0.04486  1.02127e+01
 22 -0.05436  1.07718e+01 | 23 -0.02784  1.47563e+01 | 24 -0.10590  1.85798e+01
 25  0.00784  5.92722e+01 | 26 -0.01015  9.70759e-01 | 27 -0.00281 -8.92433e+00
 28  0.05499 -3.55372e+01 | 29  0.00091 -1.74837e+01 | 30  0.06018 -7.23875e+00
 31 -0.02120  3.82678e+00 | 32  0.05192 -5.11316e+00 | 33  0.02308  2.34906e+00
 34  0.05449 -2.90812e+00 | 35  0.02309 -2.37059e+01 | 36 -0.00938 -2.31901e+01
 37  0.02557 -3.09960e+00 | 38  0.00070  1.00802e+01 | 39  0.24376 -1.85198e+02
 40  0.25423 -7.51728e+01 | 41  0.27064  5.77468e+01 | 42  0.25259 -9.16192e+00
 43 -0.38120  2.88841e+00 | 44  0.50051  6.13010e-02 | 45  0.69047  5.91975e-03
 46 -0.86142 -1.41770e-02 | 47 -0.75578  4.47098e+01 | 48 -0.77867 -4.94608e+01
 49 -0.87168 -6.38283e+01 | 50 -0.83766  5.03247e+01 | 51 -0.35451  3.04858e+00
 52 -0.67712  2.14468e-01 | 53 -0.10694 -8.20127e+00 | 54 -0.09031  4.81365e+00
 55 -0.38422  9.03972e+00 | 56  1.24488  5.05385e-03 | 57 -1.03068  8.20377e-02
Maximum number of function evaluations exceeded

 - final statistics:
57 variables; iteration 76; function evaluation 100
Function value 1.1294e+02; maximum gradient component mag 6.8517e+01
Exit code = 3;  converg criter 1.0000e+00
Var    Value     Gradient |Var    Value     Gradient |Var    Value     Gradient
  1  0.13690  6.85174e+01 |  2 -0.13714  9.76955e-02 |  3  0.00293  8.09567e-01
  4 -0.03243  8.22703e-01 |  5  0.01375  1.60626e+00 |  6 -0.05477 -6.34976e-01
  7 -0.10554 -3.99613e-01 |  8 -0.06134  2.90632e-01 |  9 -0.07817 -1.13748e+00
 10  0.03280 -9.20680e-01 | 11  0.01877 -4.53903e-01 | 12  0.06234 -1.36891e-01
 13  0.00815 -2.02926e-01 | 14 -0.00756 -6.54438e-01 | 15  0.07254  6.66639e-01
 16  0.02304  4.57039e-01 | 17 -0.04836 -1.66460e-01 | 18 -0.00300  4.96642e-01
 19 -0.02080  2.96506e-01 | 20  0.04952  2.75050e-01 | 21  0.04316 -1.01147e-01
 22 -0.05702 -3.10208e-01 | 23 -0.02891  3.46243e-01 | 24 -0.10523  3.03770e-02
 25  0.00781  6.35827e-01 | 26 -0.01033  6.49885e-01 | 27 -0.00315  1.11029e+00
 28  0.05615  2.95123e+00 | 29  0.00225  5.58169e-01 | 30  0.05998  2.18689e-01
 31 -0.02157 -4.61400e-01 | 32  0.05217  7.54487e-02 | 33  0.02229 -4.76566e-01
 34  0.05331 -1.18237e+00 | 35  0.02417 -8.41774e-01 | 36 -0.00816 -1.22151e-01
 37  0.02590  1.00962e-02 | 38 -0.00124 -9.71251e-01 | 39  0.24895  4.65900e+01
 40  0.25542  7.00616e+00 | 41  0.27016 -3.10865e+00 | 42  0.25292 -2.38695e+00
 43 -0.37688 -1.02778e-01 | 44  0.27002 -1.21770e-03 | 45  0.26830  1.41514e-03
 46 -0.76415 -7.94725e-03 | 47 -0.68241 -2.44926e+00 | 48 -0.71152  2.73160e+00
 49 -0.82870  1.84931e+00 | 50 -0.78555 -1.49006e+00 | 51 -0.34594 -2.52711e+00
 52  0.17601 -1.28610e-01 | 53 -0.10446 -2.28539e+00 | 54 -0.08913  1.21403e-01
 55 -0.38518  9.78995e-02 | 56  1.10023 -1.62380e-02 | 57 -0.61134 -2.03410e-01

Initial statistics: 59 variables; iteration 0; function evaluation 0; phase 4
Function value 1.1293644e+02; maximum gradient component mag 1.3766e+02
Var    Value     Gradient |Var    Value     Gradient |Var    Value     Gradient
  1  0.13690  6.85174e+01 |  2 -0.13714  9.76955e-02 |  3  0.00293  8.09567e-01
  4 -0.03243  8.22703e-01 |  5  0.01375  1.60626e+00 |  6 -0.05477 -6.31632e-01
  7 -0.10554 -3.96303e-01 |  8 -0.06134  2.93973e-01 |  9 -0.07817 -1.13415e+00
 10  0.03280 -9.17328e-01 | 11  0.01877 -4.50548e-01 | 12  0.06234 -1.33551e-01
 13  0.00815 -1.99570e-01 | 14 -0.00756 -6.51081e-01 | 15  0.07254  6.69974e-01
 16  0.02304  4.60393e-01 | 17 -0.04836 -1.63114e-01 | 18 -0.00300  4.99999e-01
 19 -0.02080  2.99860e-01 | 20  0.04952  2.78396e-01 | 21  0.04316 -9.77980e-02
 22 -0.05702 -3.06865e-01 | 23 -0.02891  3.49596e-01 | 24 -0.10523  3.36878e-02
 25  0.00781  6.39184e-01 | 26 -0.01033  6.53241e-01 | 27 -0.00315  1.11364e+00
 28  0.05615  2.95457e+00 | 29  0.00225  5.61525e-01 | 30  0.05998  2.22031e-01
 31 -0.02157 -4.58045e-01 | 32  0.05217  7.87939e-02 | 33  0.02229 -4.73212e-01
 34  0.05331 -1.17902e+00 | 35  0.02417 -8.38420e-01 | 36 -0.00816 -1.18795e-01
 37  0.02590  1.34500e-02 | 38 -0.00124 -9.67894e-01 | 39  0.24895  4.65900e+01
 40  0.25542  7.00616e+00 | 41  0.27016 -3.10865e+00 | 42  0.25292 -2.38695e+00
 43 -0.37688 -1.02778e-01 | 44  0.27002 -1.21770e-03 | 45  0.26830  1.41514e-03
 46 -0.76415 -7.94725e-03 | 47 -0.68241 -2.44926e+00 | 48 -0.71152  2.73160e+00
 49 -0.82870  1.84931e+00 | 50 -0.78555 -1.49006e+00 | 51 -0.34594 -2.52711e+00
 52  0.17601 -1.28610e-01 | 53 -0.10446 -2.28539e+00 | 54 -0.08913  1.21403e-01
 55 -0.38518  9.78995e-02 | 56  0.89977  1.62380e-02 | 57 -0.61134 -2.03410e-01
 58 -0.05795  1.37657e+02 | 59 -0.17585 -1.35219e+02 |

Intermediate statistics: 59 variables; iteration 20; function evaluation 24; phase 4
Function value 1.1065280e+02; maximum gradient component mag -1.7429e+02
Var    Value     Gradient |Var    Value     Gradient |Var    Value     Gradient
  1  0.13684 -1.74290e+02 |  2 -0.13728  4.09799e-01 |  3  0.00275  2.60586e+00
  4 -0.03231  3.57164e+00 |  5  0.01412  7.46876e+00 |  6 -0.05466  7.14660e+00
  7 -0.10535  7.36006e+00 |  8 -0.06100  1.04892e+01 |  9 -0.07785  3.80478e+00
 10  0.03288  3.83043e+00 | 11  0.01866  3.73688e+00 | 12  0.06226  3.36024e+00
 13  0.00816  3.11648e+00 | 14 -0.00746  2.06188e+00 | 15  0.07234 -1.63568e+00
 16  0.02273 -4.80778e+00 | 17 -0.04897 -5.96224e+00 | 18 -0.00490 -1.40134e+01
 19 -0.02020 -2.94982e+00 | 20  0.04707 -1.35395e+01 | 21  0.04200 -9.62126e+00
 22 -0.05756 -2.36559e+00 | 23 -0.03065 -1.20567e+01 | 24 -0.10635 -5.40883e+00
 25  0.00899 -3.19020e+00 | 26 -0.01039 -3.78983e+00 | 27 -0.00514 -1.09699e+01
 28  0.05702 -5.92076e-01 | 29  0.00282  2.95505e+00 | 30  0.06076  4.64996e+00
 31 -0.02151 -4.31971e-01 | 32  0.05386  1.18703e+01 | 33  0.02354  8.15182e+00
 34  0.05385  7.23588e+00 | 35  0.02449  1.10610e+01 | 36 -0.00821  9.88946e+00
 37  0.02581  3.21640e+00 | 38  0.00285  1.39925e+01 | 39  0.24832  2.89067e+01
 40  0.25286 -1.37332e+02 | 41  0.27037  4.88647e+00 | 42  0.25256 -6.98108e+00
 43 -0.37574  7.71658e-02 | 44  0.27005  3.48081e-03 | 45  0.26829  1.41493e-03
 46 -0.76412 -7.95354e-03 | 47 -0.68238 -4.14949e+00 | 48 -0.71166  4.61153e+00
 49 -0.82828  9.49313e+00 | 50 -0.78573 -7.59982e+00 | 51 -0.35410 -1.32974e+00
 52  0.17560 -7.62459e-02 | 53 -0.11483 -7.71686e+01 | 54 -0.08307  9.37680e+01
 55 -0.38492 -3.18537e+00 | 56  0.89970  1.62485e-02 | 57 -0.61049 -2.00160e-01
 58 -0.07350  6.76390e+01 | 59 -0.16408 -1.41694e+02 |
59 variables; iteration 40; function evaluation 52; phase 4
Function value 1.0957295e+02; maximum gradient component mag -4.4404e+02
Var    Value     Gradient |Var    Value     Gradient |Var    Value     Gradient
  1  0.13724 -4.44036e+02 |  2 -0.13442  1.31187e+00 |  3  0.00189 -1.96279e-01
  4 -0.03237  2.40885e+00 |  5  0.01259  1.44009e-01 |  6 -0.05293  1.17380e+01
  7 -0.10401  9.05798e+00 |  8 -0.06440  6.08808e-01 |  9 -0.07650  7.87766e+00
 10  0.03653  1.17111e+01 | 11  0.01999  7.88847e+00 | 12  0.06085  2.38914e+00
 13  0.00822  2.18371e+00 | 14 -0.00286  8.83586e+00 | 15  0.07093 -6.57279e+00
 16  0.02111 -1.13743e+01 | 17 -0.05138 -1.27889e+01 | 18 -0.00495 -8.40441e+00
 19 -0.02137 -4.90057e+00 | 20  0.04754 -4.76146e+00 | 21  0.04027 -1.06408e+01
 22 -0.05686  3.10373e+00 | 23 -0.02803  3.79382e+00 | 24 -0.10652  1.58745e+00
 25  0.00673 -7.24460e+00 | 26 -0.01016 -2.19618e+00 | 27 -0.00655 -1.44293e+01
 28  0.05611 -1.48046e+01 | 29  0.00273  2.02303e+00 | 30  0.06032 -6.66985e+00
 31 -0.02212 -2.78768e+00 | 32  0.05444  5.43823e+00 | 33  0.02373  5.00200e+00
 34  0.05366  3.13601e+00 | 35  0.02389  6.18620e+00 | 36 -0.00991 -1.23727e+00
 37  0.02472  9.95019e-01 | 38  0.00605  1.79404e+01 | 39  0.24604 -1.39364e+02
 40  0.25299 -1.81234e+02 | 41  0.27022 -1.06140e+00 | 42  0.25217 -6.45468e+00
 43 -0.38102 -5.55319e+00 | 44  0.27045 -1.59473e-01 | 45  0.26751  1.41261e-03
 46 -0.75970 -7.69105e-03 | 47 -0.69178 -1.93062e+00 | 48 -0.71996  2.13518e+00
 49 -0.81921  5.46253e+00 | 50 -0.77366 -4.36344e+00 | 51 -0.37357  7.64012e+00
 52  0.15376  5.85888e-01 | 53 -0.20935  1.77710e+01 | 54 -0.08609  7.18429e+00
 55 -0.38387  2.29710e+00 | 56  0.89070  1.42766e-02 | 57 -0.50469  1.16851e-01
 58  0.00780  4.18052e+01 | 59 -0.06561 -2.29082e+01 |
59 variables; iteration 60; function evaluation 84; phase 4
Function value 1.0873513e+02; maximum gradient component mag -1.0493e+01
Var    Value     Gradient |Var    Value     Gradient |Var    Value     Gradient
  1  0.13689  4.86179e+00 |  2 -0.13767 -1.76333e-01 |  3  0.00260 -3.33405e-01
  4 -0.03254 -3.97156e-01 |  5  0.01389 -1.24769e-01 |  6 -0.05479 -3.02918e-01
  7 -0.10552 -1.67863e-01 |  8 -0.06138 -2.27236e-01 |  9 -0.07838 -4.87254e-01
 10  0.03270 -7.86644e-02 | 11  0.01814 -7.83049e-01 | 12  0.06224  3.99916e-02
 13  0.00846 -4.44106e-01 | 14 -0.00701 -8.65331e-02 | 15  0.07244  9.21734e-01
 16  0.02241  4.05289e-01 | 17 -0.04854  1.05535e+00 | 18 -0.00541  2.81013e-02
 19 -0.02044  1.02014e-01 | 20  0.04650 -2.98871e-01 | 21  0.04195  2.08522e-02
 22 -0.05685  2.47500e-01 | 23 -0.03047 -4.51517e-01 | 24 -0.10679  2.09116e-03
 25  0.00888  5.85934e-02 | 26 -0.01006  2.44191e-01 | 27 -0.00523  4.42509e-01
 28  0.05671 -1.20034e-01 | 29  0.00290 -1.14983e+00 | 30  0.06129  6.15390e-01
 31 -0.02087  4.31703e-02 | 32  0.05441  1.74010e-01 | 33  0.02405  6.93914e-03
 34  0.05429  1.55345e-01 | 35  0.02426 -5.34353e-01 | 36 -0.00870  5.05389e-01
 37  0.02574  1.74406e-01 | 38  0.00227 -3.02657e-01 | 39  0.24635 -4.74471e+00
 40  0.25368 -2.34778e+00 | 41  0.27019 -3.40012e-02 | 42  0.25240  7.94697e-01
 43 -0.37376 -2.54878e-01 | 44  0.16877 -6.12297e-03 | 45  0.24554  1.52810e-03
 46 -0.71952  2.49264e-03 | 47 -0.71260 -7.93667e-02 | 48 -0.73902  7.53754e-02
 49 -0.74385  6.92503e-01 | 50 -0.67897 -5.61317e-01 | 51 -0.36439  2.89398e-02
 52 -0.04578  2.37927e-03 | 53 -0.13320  1.02215e+01 | 54 -0.11468 -1.04927e+01
 55 -0.38417 -5.86855e-01 | 56  0.78073 -1.57081e-03 | 57 -0.47059  3.64050e-01
 58 -0.11877  3.98796e+00 | 59 -0.16372  6.18007e+00 |
59 variables; iteration 80; function evaluation 106; phase 4
Function value 1.0870632e+02; maximum gradient component mag 1.1430e+00
Var    Value     Gradient |Var    Value     Gradient |Var    Value     Gradient
  1  0.13686  1.14304e+00 |  2 -0.13763  4.53474e-04 |  3  0.00268  2.97359e-03
  4 -0.03244 -1.02743e-02 |  5  0.01391  2.46675e-02 |  6 -0.05483 -7.30279e-03
  7 -0.10553 -2.48922e-02 |  8 -0.06125  2.99812e-03 |  9 -0.07810 -1.61098e-02
 10  0.03268 -1.14247e-02 | 11  0.01850 -1.36288e-02 | 12  0.06208  1.79238e-03
 13  0.00846  3.26193e-04 | 14 -0.00709 -1.77939e-02 | 15  0.07225  3.56566e-02
 16  0.02255  1.84042e-02 | 17 -0.04882  2.47268e-02 | 18 -0.00529 -1.29230e-03
 19 -0.02044  1.30619e-02 | 20  0.04652 -2.90950e-02 | 21  0.04178 -2.02288e-05
 22 -0.05729 -8.86242e-03 | 23 -0.03046 -1.10199e-02 | 24 -0.10672  8.10884e-05
 25  0.00902  5.66016e-03 | 26 -0.01011  1.67171e-02 | 27 -0.00524  2.83090e-02
 28  0.05680  5.99421e-02 | 29  0.00303  2.74814e-03 | 30  0.06121  4.52551e-02
 31 -0.02088  1.71592e-02 | 32  0.05435  2.02690e-03 | 33  0.02400 -6.83761e-04
 34  0.05420 -7.11089e-03 | 35  0.02434 -5.17348e-03 | 36 -0.00861 -2.06707e-02
 37  0.02580 -3.72535e-02 | 38  0.00228 -4.61002e-02 | 39  0.24685  7.14521e-01
 40  0.25366  1.59426e-01 | 41  0.27024  2.36097e-02 | 42  0.25243  1.41886e-02
 43 -0.37003  8.11975e-03 | 44  0.04941  5.35993e-04 | 45  0.13734  8.76403e-04
 46 -0.72067 -4.59807e-05 | 47 -0.69315  4.84785e-02 | 48 -0.72143 -5.22606e-02
 49 -0.61309  1.03028e-01 | 50 -0.51695 -8.36894e-02 | 51 -0.36093 -4.98789e-02
 52  0.00564 -3.64522e-03 | 53 -0.10312  2.30450e-02 | 54 -0.13417 -4.78482e-03
 55 -0.38422 -9.22458e-03 | 56  0.77813 -1.91661e-03 | 57 -0.52524  1.30327e-03
 58 -0.18167 -2.84440e-03 | 59 -0.21260  2.33551e-02 |
59 variables; iteration 100; function evaluation 126; phase 4
Function value 1.0870620e+02; maximum gradient component mag -3.1684e-01
Var    Value     Gradient |Var    Value     Gradient |Var    Value     Gradient
  1  0.13686 -1.59952e-01 |  2 -0.13762  1.28860e-03 |  3  0.00268  2.04520e-03
  4 -0.03244  1.49730e-03 |  5  0.01390  3.71268e-04 |  6 -0.05483  5.05357e-03
  7 -0.10553  6.08203e-03 |  8 -0.06126  3.41145e-03 |  9 -0.07810  1.58472e-03
 10  0.03268  3.70547e-03 | 11  0.01850  1.99311e-03 | 12  0.06208  3.56082e-04
 13  0.00846  1.00106e-03 | 14 -0.00708  5.15909e-03 | 15  0.07225 -1.36756e-03
 16  0.02255  1.63921e-04 | 17 -0.04882  3.33199e-03 | 18 -0.00528  6.25047e-03
 19 -0.02045  2.22144e-03 | 20  0.04653  6.61355e-03 | 21  0.04178  9.27173e-04
 22 -0.05728  3.33972e-03 | 23 -0.03045  2.79718e-03 | 24 -0.10672 -5.84820e-04
 25  0.00901 -5.37952e-04 | 26 -0.01012  1.28014e-03 | 27 -0.00524  1.68600e-03
 28  0.05680 -5.70728e-03 | 29  0.00303 -6.57072e-03 | 30  0.06121 -7.62864e-03
 31 -0.02088 -2.45690e-03 | 32  0.05435 -7.70326e-03 | 33  0.02400 -2.62300e-03
 34  0.05420 -2.20203e-03 | 35  0.02434 -4.98902e-03 | 36 -0.00861 -6.14174e-03
 37  0.02580 -5.49085e-03 | 38  0.00229  2.35445e-03 | 39  0.24684 -1.00395e-01
 40  0.25366 -1.52171e-01 | 41  0.27024  6.43817e-03 | 42  0.25243  4.37431e-03
 43 -0.36872  1.77859e-04 | 44  0.00243  7.76417e-05 | 45 -0.05670 -9.55133e-05
 46 -0.71495  9.07246e-05 | 47 -0.69412  1.55813e-02 | 48 -0.72231 -1.71810e-02
 49 -0.61379  6.72530e-03 | 50 -0.51774 -5.36724e-03 | 51 -0.35911  1.58540e-04
 52 -0.01892  7.22890e-05 | 53 -0.09979  3.11564e-01 | 54 -0.13929 -3.16836e-01
 55 -0.38422 -7.05166e-04 | 56  0.79395  7.64919e-05 | 57 -0.52546  4.19404e-04
 58 -0.19354  5.82532e-02 | 59 -0.22080  2.37597e-01 |
59 variables; iteration 120; function evaluation 147; phase 4
Function value 1.0870618e+02; maximum gradient component mag 3.0314e-02
Var    Value     Gradient |Var    Value     Gradient |Var    Value     Gradient
  1  0.13686  5.09559e-03 |  2 -0.13762 -7.43770e-06 |  3  0.00269 -3.08657e-04
  4 -0.03244 -4.67434e-06 |  5  0.01390 -6.30092e-04 |  6 -0.05483 -3.47169e-04
  7 -0.10553  2.11334e-05 |  8 -0.06126 -5.47651e-04 |  9 -0.07810 -5.79448e-05
 10  0.03268 -1.29037e-04 | 11  0.01850 -3.14232e-04 | 12  0.06208 -3.28046e-04
 13  0.00846 -2.38830e-04 | 14 -0.00708  5.13113e-04 | 15  0.07225 -6.16874e-04
 16  0.02255 -9.70013e-04 | 17 -0.04883 -1.24825e-03 | 18 -0.00528 -9.24608e-04
 19 -0.02044 -5.04824e-04 | 20  0.04653 -1.17931e-04 | 21  0.04178 -4.36992e-04
 22 -0.05729 -1.44064e-04 | 23 -0.03046 -4.38831e-04 | 24 -0.10672 -3.10751e-04
 25  0.00901 -1.71961e-04 | 26 -0.01012 -4.26939e-04 | 27 -0.00524 -6.37622e-04
 28  0.05680 -9.51449e-05 | 29  0.00303  8.05943e-04 | 30  0.06121  8.38495e-04
 31 -0.02088  2.18819e-04 | 32  0.05435  1.60706e-03 | 33  0.02400  1.01673e-03
 34  0.05420  6.17382e-04 | 35  0.02434  4.12054e-04 | 36 -0.00861  6.04980e-04
 37  0.02580  6.07944e-04 | 38  0.00229  2.56270e-03 | 39  0.24685  1.71864e-03
 40  0.25366  1.67954e-02 | 41  0.27024 -9.58422e-04 | 42  0.25243 -6.41592e-04
 43 -0.36760 -1.25626e-03 | 44 -0.03711 -1.59920e-04 | 45 -0.04317 -2.95095e-05
 46 -0.71548  1.12260e-05 | 47 -0.69416 -1.92472e-03 | 48 -0.72235  2.11096e-03
 49 -0.61384 -3.69916e-04 | 50 -0.51779  2.71378e-04 | 51 -0.35774  4.34787e-04
 52 -0.03464  1.38512e-05 | 53 -0.10835 -2.67475e-02 | 54 -0.13648  3.03139e-02
 55 -0.38422 -1.70679e-04 | 56  0.79348  1.66069e-05 | 57 -0.52555 -4.57598e-06
 58 -0.18009 -3.12388e-03 | 59 -0.20926 -2.40609e-02 |
59 variables; iteration 140; function evaluation 170; phase 4
Function value 1.0870616e+02; maximum gradient component mag 3.9637e-01
Var    Value     Gradient |Var    Value     Gradient |Var    Value     Gradient
  1  0.13686 -2.51456e-01 |  2 -0.13762 -1.40862e-05 |  3  0.00269  1.54419e-03
  4 -0.03244  8.10782e-04 |  5  0.01390  3.29487e-03 |  6 -0.05483  5.42980e-03
  7 -0.10553  4.88381e-03 |  8 -0.06126  6.16709e-03 |  9 -0.07810  2.73618e-03
 10  0.03268  3.69628e-03 | 11  0.01850  2.89438e-03 | 12  0.06208  2.81305e-03
 13  0.00846  2.64702e-03 | 14 -0.00708  3.45819e-03 | 15  0.07225  3.49468e-03
 16  0.02255  4.56982e-03 | 17 -0.04882  7.08342e-03 | 18 -0.00528  4.02772e-03
 19 -0.02044  3.38186e-03 | 20  0.04653  2.56636e-03 | 21  0.04178  2.03625e-03
 22 -0.05729  3.00107e-03 | 23 -0.03046  1.95088e-03 | 24 -0.10672  2.46126e-03
 25  0.00901  2.13044e-03 | 26 -0.01012  1.80988e-03 | 27 -0.00524  7.21698e-04
 28  0.05680 -6.59419e-03 | 29  0.00303 -5.99230e-03 | 30  0.06121 -1.01771e-02
 31 -0.02088 -2.49687e-03 | 32  0.05435 -1.19949e-02 | 33  0.02400 -7.00453e-03
 34  0.05420 -5.33061e-03 | 35  0.02434 -6.82688e-03 | 36 -0.00861 -6.66918e-03
 37  0.02580 -7.14851e-03 | 38  0.00229 -6.31589e-03 | 39  0.24685 -9.88882e-02
 40  0.25366 -2.00256e-01 | 41  0.27024  7.52179e-03 | 42  0.25243  4.15098e-03
 43 -0.36828 -5.02142e-04 | 44 -0.01306 -1.86845e-05 | 45 -0.02706  5.01960e-05
 46 -0.71602 -3.00066e-05 | 47 -0.69404  2.09809e-02 | 48 -0.72224 -2.30430e-02
 49 -0.61380 -2.07774e-04 | 50 -0.51775  4.02443e-04 | 51 -0.35562  7.39091e-03
 52 -0.06243  4.01039e-04 | 53 -0.12578  3.96366e-01 | 54 -0.13845 -3.73543e-01
 55 -0.38422 -2.46817e-05 | 56  0.79231 -1.28328e-04 | 57 -0.52551  1.95979e-04
 58 -0.16553  3.25004e-02 | 59 -0.19303  3.52497e-01 |
59 variables; iteration 160; function evaluation 195; phase 4
Function value 1.0870613e+02; maximum gradient component mag 3.4771e-01
Var    Value     Gradient |Var    Value     Gradient |Var    Value     Gradient
  1  0.13686 -1.94534e-01 |  2 -0.13762 -5.72383e-05 |  3  0.00269 -2.05806e-04
  4 -0.03244 -9.40278e-05 |  5  0.01390 -5.21924e-04 |  6 -0.05483  2.57402e-03
  7 -0.10553  2.67147e-03 |  8 -0.06126  2.56419e-03 |  9 -0.07810  2.88627e-03
 10  0.03268  2.64268e-03 | 11  0.01850  2.64234e-03 | 12  0.06208  2.19563e-03
 13  0.00846  2.22881e-03 | 14 -0.00708  2.39286e-03 | 15  0.07225  1.59662e-03
 16  0.02255  1.69647e-03 | 17 -0.04883  1.82801e-03 | 18 -0.00528  1.85625e-03
 19 -0.02044  1.63018e-03 | 20  0.04653  1.50154e-03 | 21  0.04178  1.45212e-03
 22 -0.05729  1.42976e-03 | 23 -0.03046  1.26105e-03 | 24 -0.10672  1.56266e-03
 25  0.00901  8.63100e-04 | 26 -0.01012  4.01143e-04 | 27 -0.00524 -1.27542e-03
 28  0.05680 -1.00830e-02 | 29  0.00303 -6.38256e-03 | 30  0.06121 -9.73986e-03
 31 -0.02088 -2.38005e-03 | 32  0.05435 -9.73360e-03 | 33  0.02400 -4.53854e-03
 34  0.05420 -1.61051e-03 | 35  0.02434  1.09886e-03 | 36 -0.00861  3.96113e-03
 37  0.02580  5.13184e-03 | 38  0.00229 -4.49437e-03 | 39  0.24685 -3.11973e-02
 40  0.25366 -1.85353e-01 | 41  0.27024 -8.51056e-04 | 42  0.25243 -2.37831e-04
 43 -0.36836 -3.36999e-04 | 44 -0.01026 -1.07048e-07 | 45 -0.03585  6.96576e-06
 46 -0.71571  8.34811e-08 | 47 -0.69415 -1.07762e-03 | 48 -0.72234  1.18881e-03
 49 -0.61383  6.40384e-04 | 50 -0.51778 -5.41069e-04 | 51 -0.35673  2.72669e-03
 52 -0.04789  1.21381e-04 | 53 -0.15678  3.47714e-01 | 54 -0.13899 -3.42478e-01
 55 -0.38422 -1.85109e-04 | 56  0.79336  2.51786e-06 | 57 -0.52556 -1.65239e-05
 58 -0.13531  4.38624e-02 | 59 -0.16207  3.02849e-01 |
59 variables; iteration 180; function evaluation 217; phase 4
Function value 1.0870612e+02; maximum gradient component mag 1.4126e-01
Var    Value     Gradient |Var    Value     Gradient |Var    Value     Gradient
  1  0.13686 -1.71888e-02 |  2 -0.13762  1.19888e-04 |  3  0.00269  1.26616e-03
  4 -0.03244  1.04510e-03 |  5  0.01390  2.39554e-03 |  6 -0.05483  1.59487e-03
  7 -0.10553  1.61121e-03 |  8 -0.06126  2.01911e-03 |  9 -0.07810 -1.32371e-04
 10  0.03268  5.64030e-04 | 11  0.01850  1.40550e-04 | 12  0.06208  7.40359e-04
 13  0.00846  8.56041e-04 | 14 -0.00708  1.50280e-03 | 15  0.07225  2.24341e-03
 16  0.02255  3.00251e-03 | 17 -0.04882  3.72203e-03 | 18 -0.00528  2.56962e-03
 19 -0.02044  2.44812e-03 | 20  0.04653  2.21900e-03 | 21  0.04178  1.47390e-03
 22 -0.05729  1.99102e-03 | 23 -0.03046  1.65940e-03 | 24 -0.10672  1.15224e-03
 25  0.00901  1.05338e-03 | 26 -0.01012  1.25909e-03 | 27 -0.00524  1.50854e-03
 28  0.05680  4.04787e-03 | 29  0.00303 -9.30289e-04 | 30  0.06121 -2.29431e-03
 31 -0.02088 -6.29377e-04 | 32  0.05435 -4.67839e-03 | 33  0.02400 -3.15857e-03
 34  0.05420 -3.50043e-03 | 35  0.02434 -5.66175e-03 | 36 -0.00861 -7.36991e-03
 37  0.02580 -8.71809e-03 | 38  0.00229 -3.37662e-03 | 39  0.24685  4.81273e-03
 40  0.25366 -5.18244e-02 | 41  0.27024  6.03950e-03 | 42  0.25243  3.37480e-03
 43 -0.36806 -1.27841e-03 | 44 -0.02097 -8.00170e-05 | 45 -0.03480  1.16575e-05
 46 -0.71578 -2.06153e-05 | 47 -0.69406  1.59592e-02 | 48 -0.72226 -1.75248e-02
 49 -0.61382 -5.39341e-04 | 50 -0.51777  6.06946e-04 | 51 -0.36024 -1.81266e-03
 52 -0.00259  2.79603e-06 | 53 -0.17294  1.04086e-01 | 54 -0.13850 -6.63234e-02
 55 -0.38422  9.56234e-05 | 56  0.79247 -1.09302e-04 | 57 -0.52550  2.44811e-04
 58 -0.11858 -3.67777e-02 | 59 -0.14554  1.41255e-01 |
59 variables; iteration 200; function evaluation 239; phase 4
Function value 1.0870611e+02; maximum gradient component mag 1.2136e-01
Var    Value     Gradient |Var    Value     Gradient |Var    Value     Gradient
  1  0.13686 -2.81550e-02 |  2 -0.13762 -2.13049e-05 |  3  0.00269 -1.95766e-05
  4 -0.03244  1.43599e-05 |  5  0.01390  1.99502e-04 |  6 -0.05483  3.21347e-04
  7 -0.10553  2.22708e-04 |  8 -0.06126  5.20100e-04 |  9 -0.07810  8.06619e-04
 10  0.03268  5.21589e-04 | 11  0.01850  7.54058e-04 | 12  0.06208  9.40321e-04
 13  0.00846  9.60127e-04 | 14 -0.00708  3.58833e-04 | 15  0.07225  9.73137e-04
 16  0.02255  2.02087e-04 | 17 -0.04883 -5.21861e-04 | 18 -0.00528  1.09104e-03
 19 -0.02044  9.74823e-04 | 20  0.04653  7.07328e-04 | 21  0.04178  8.93571e-04
 22 -0.05729  4.57605e-04 | 23 -0.03046  8.12679e-04 | 24 -0.10672  7.46678e-04
 25  0.00901  2.63463e-04 | 26 -0.01012  4.09890e-04 | 27 -0.00524  1.32643e-05
 28  0.05680 -1.41748e-03 | 29  0.00303 -1.66344e-03 | 30  0.06121 -2.82244e-03
 31 -0.02088 -6.08407e-04 | 32  0.05435 -3.72249e-03 | 33  0.02400 -1.68917e-03
 34  0.05420 -7.03146e-04 | 35  0.02434  9.50524e-04 | 36 -0.00861  1.46263e-03
 37  0.02580  1.56590e-03 | 38  0.00229 -2.61578e-03 | 39  0.24685  3.34397e-02
 40  0.25366 -6.50816e-02 | 41  0.27024 -4.11792e-04 | 42  0.25243 -3.54183e-04
 43 -0.36831  2.62025e-04 | 44 -0.01182  9.03484e-06 | 45 -0.03695  1.84678e-06
 46 -0.71565  1.47224e-05 | 47 -0.69416 -7.29009e-04 | 48 -0.72235  7.95198e-04
 49 -0.61383  1.60430e-03 | 50 -0.51778 -1.35303e-03 | 51 -0.35799 -2.03688e-03
 52 -0.03138 -1.58426e-04 | 53 -0.19002  1.20137e-01 | 54 -0.13880 -1.09753e-01
 55 -0.38422  2.45173e-05 | 56  0.79336  2.55267e-06 | 57 -0.52555 -8.32031e-06
 58 -0.10242  1.61312e-03 | 59 -0.12903  1.21360e-01 |
59 variables; iteration 220; function evaluation 262; phase 4
Function value 1.0870611e+02; maximum gradient component mag 1.4430e-03
Var    Value     Gradient |Var    Value     Gradient |Var    Value     Gradient
  1  0.13686 -9.68082e-04 |  2 -0.13762  2.02739e-06 |  3  0.00269  4.49129e-06
  4 -0.03244  1.00072e-05 |  5  0.01390  4.93435e-06 |  6 -0.05483  2.28028e-05
  7 -0.10553  2.64272e-05 |  8 -0.06126  1.87434e-05 |  9 -0.07810  7.24640e-06
 10  0.03268  1.57683e-05 | 11  0.01850  9.65388e-06 | 12  0.06208  7.97740e-06
 13  0.00846  5.91030e-06 | 14 -0.00708  2.39684e-05 | 15  0.07225  7.36710e-06
 16  0.02255  2.98276e-05 | 17 -0.04883  4.72010e-05 | 18 -0.00528  1.20017e-05
 19 -0.02044  1.11450e-05 | 20  0.04653  2.80052e-05 | 21  0.04178  1.07348e-05
 22 -0.05729  2.27849e-05 | 23 -0.03046  1.56544e-05 | 24 -0.10672  8.05608e-06
 25  0.00901  1.29007e-05 | 26 -0.01012 -6.95425e-06 | 27 -0.00524 -7.27482e-06
 28  0.05680 -2.37270e-05 | 29  0.00303 -2.65255e-05 | 30  0.06121 -6.26998e-05
 31 -0.02088 -2.01553e-05 | 32  0.05435 -5.10735e-05 | 33  0.02400 -2.90905e-05
 34  0.05420 -2.45567e-05 | 35  0.02434 -3.99526e-05 | 36 -0.00861 -3.28922e-05
 37  0.02580 -2.72696e-05 | 38  0.00229 -3.39442e-06 | 39  0.24685 -5.33969e-04
 40  0.25366 -7.16205e-04 | 41  0.27024  3.04876e-05 | 42  0.25243  8.77031e-06
 43 -0.36830  1.01271e-05 | 44 -0.01214  3.04091e-07 | 45 -0.03725 -7.04826e-08
 46 -0.71567 -3.93786e-07 | 47 -0.69415  9.09443e-05 | 48 -0.72234 -9.97276e-05
 49 -0.61384 -6.21444e-05 | 50 -0.51779  5.20798e-05 | 51 -0.35804  3.06204e-05
 52 -0.03084  2.13889e-06 | 53 -0.20015  1.22003e-03 | 54 -0.13914 -9.71700e-04
 55 -0.38422  4.98995e-07 | 56  0.79334  1.38744e-07 | 57 -0.52555  7.80409e-07
 58 -0.09318 -1.85090e-04 | 59 -0.11948  1.44301e-03 |

 - final statistics:
59 variables; iteration 223; function evaluation 265
Function value 1.0871e+02; maximum gradient component mag -9.2671e-05
Exit code = 1;  converg criter 1.0000e-04
Var    Value     Gradient |Var    Value     Gradient |Var    Value     Gradient
  1  0.13686 -5.53050e-05 |  2 -0.13762  6.37266e-08 |  3  0.00269 -2.75919e-07
  4 -0.03244  9.53174e-09 |  5  0.01390 -9.54765e-07 |  6 -0.05483  8.17271e-07
  7 -0.10553  1.19413e-06 |  8 -0.06126  3.81884e-07 |  9 -0.07810  3.95294e-07
 10  0.03268  8.75079e-07 | 11  0.01850  4.66452e-07 | 12  0.06208  3.26225e-07
 13  0.00846 -4.46004e-08 | 14 -0.00708  7.35905e-07 | 15  0.07225 -3.11616e-07
 16  0.02255 -2.61062e-07 | 17 -0.04883  1.07436e-07 | 18 -0.00528  4.64826e-07
 19 -0.02044 -8.64057e-08 | 20  0.04653  9.10484e-07 | 21  0.04178  3.53771e-07
 22 -0.05729  6.30969e-07 | 23 -0.03046  2.32042e-07 | 24 -0.10672 -4.60166e-08
 25  0.00901  6.64748e-07 | 26 -0.01012 -1.54050e-07 | 27 -0.00524 -4.35384e-07
 28  0.05680 -3.67876e-06 | 29  0.00303 -2.95956e-06 | 30  0.06121 -2.77322e-06
 31 -0.02088 -1.08610e-06 | 32  0.05435 -1.66662e-06 | 33  0.02400 -6.12196e-07
 34  0.05420  3.16677e-07 | 35  0.02434  4.23367e-08 | 36 -0.00861  2.16604e-06
 37  0.02580  2.97503e-06 | 38  0.00229  2.13472e-07 | 39  0.24685 -3.08664e-05
 40  0.25366 -4.70168e-05 | 41  0.27024 -9.04829e-07 | 42  0.25243 -5.14226e-07
 43 -0.36830  4.59291e-06 | 44 -0.01215  1.36146e-07 | 45 -0.03724 -1.57565e-08
 46 -0.71567 -1.83867e-07 | 47 -0.69415 -2.49060e-06 | 48 -0.72234  2.74438e-06
 49 -0.61383 -1.53316e-06 | 50 -0.51779  1.23897e-06 | 51 -0.35804  1.99591e-06
 52 -0.03080  1.63195e-07 | 53 -0.20024  8.15578e-05 | 54 -0.13914 -9.26715e-05
 55 -0.38422 -6.90253e-07 | 56  0.79334  3.00441e-08 | 57 -0.52555  7.63871e-08
 58 -0.09311  2.54663e-05 | 59 -0.11940  5.90590e-05 |
Estimating row 1 out of 59 for hessian
Estimating row 2 out of 59 for hessian
Estimating row 3 out of 59 for hessian
Estimating row 4 out of 59 for hessian
Estimating row 5 out of 59 for hessian
Estimating row 6 out of 59 for hessian
Estimating row 7 out of 59 for hessian
Estimating row 8 out of 59 for hessian
Estimating row 9 out of 59 for hessian
Estimating row 10 out of 59 for hessian
Estimating row 11 out of 59 for hessian
Estimating row 12 out of 59 for hessian
Estimating row 13 out of 59 for hessian
Estimating row 14 out of 59 for hessian
Estimating row 15 out of 59 for hessian
Estimating row 16 out of 59 for hessian
Estimating row 17 out of 59 for hessian
Estimating row 18 out of 59 for hessian
Estimating row 19 out of 59 for hessian
Estimating row 20 out of 59 for hessian
Estimating row 21 out of 59 for hessian
Estimating row 22 out of 59 for hessian
Estimating row 23 out of 59 for hessian
Estimating row 24 out of 59 for hessian
Estimating row 25 out of 59 for hessian
Estimating row 26 out of 59 for hessian
Estimating row 27 out of 59 for hessian
Estimating row 28 out of 59 for hessian
Estimating row 29 out of 59 for hessian
Estimating row 30 out of 59 for hessian
Estimating row 31 out of 59 for hessian
Estimating row 32 out of 59 for hessian
Estimating row 33 out of 59 for hessian
Estimating row 34 out of 59 for hessian
Estimating row 35 out of 59 for hessian
Estimating row 36 out of 59 for hessian
Estimating row 37 out of 59 for hessian
Estimating row 38 out of 59 for hessian
Estimating row 39 out of 59 for hessian
Estimating row 40 out of 59 for hessian
Estimating row 41 out of 59 for hessian
Estimating row 42 out of 59 for hessian
Estimating row 43 out of 59 for hessian
Estimating row 44 out of 59 for hessian
Estimating row 45 out of 59 for hessian
Estimating row 46 out of 59 for hessian
Estimating row 47 out of 59 for hessian
Estimating row 48 out of 59 for hessian
Estimating row 49 out of 59 for hessian
Estimating row 50 out of 59 for hessian
Estimating row 51 out of 59 for hessian
Estimating row 52 out of 59 for hessian
Estimating row 53 out of 59 for hessian
Estimating row 54 out of 59 for hessian
Estimating row 55 out of 59 for hessian
Estimating row 56 out of 59 for hessian
Estimating row 57 out of 59 for hessian
Estimating row 58 out of 59 for hessian
Estimating row 59 out of 59 for hessian
size of file gradfil1.tmp = 0
size of file gradfil2.tmp = 0
size of file varssave.tmp = 0
size of file cmpdiff.tmp = 0
