
Initial statistics: 5 variables; iteration 0; function evaluation 0; phase 1
Function value 5.0581136e+03; maximum gradient component mag 3.4614e+04
Var    Value     Gradient |Var    Value     Gradient |Var    Value     Gradient
  1  0.39650  3.46138e+04 |  2  0.10660  8.17902e+03 |  3  0.10660  6.02158e+03
  4  0.10660  2.61865e+03 |  5  0.10660  4.07471e+03 |

 - final statistics:
5 variables; iteration 12; function evaluation 24
Function value 6.0605e+02; maximum gradient component mag -4.7020e+00
Exit code = 1;  converg criter 1.0000e+01
Var    Value     Gradient |Var    Value     Gradient |Var    Value     Gradient
  1  0.18359 -4.70200e+00 |  2  0.10923 -1.36554e+00 |  3  0.08151  2.81234e+00
  4  0.11903 -3.07364e-01 |  5  0.07531 -2.71674e+00 |

Initial statistics: 53 variables; iteration 0; function evaluation 0; phase 2
Function value 6.0604729e+02; maximum gradient component mag -6.6032e+02
Var    Value     Gradient |Var    Value     Gradient |Var    Value     Gradient
  1  0.18359 -4.70200e+00 |  2  0.00000  5.09319e+01 |  3  0.00000 -1.08503e+02
  4  0.00000  3.99695e+01 |  5  0.00000 -6.75411e+01 |  6  0.00000 -2.53225e+01
  7  0.00000  5.33864e+01 |  8  0.00000  6.84570e+00 |  9  0.00000  1.08517e+01
 10  0.00000 -7.45633e+01 | 11  0.00000  1.14162e+01 | 12  0.00000 -4.81226e+01
 13  0.00000 -3.49928e+00 | 14  0.00000 -4.22519e+00 | 15  0.00000 -8.04184e+01
 16  0.00000  1.37591e+01 | 17  0.00000  9.95824e+01 | 18  0.00000 -1.58768e+00
 19  0.00000  2.93596e+01 | 20  0.00000 -1.58088e+02 | 21  0.00000 -1.55747e+02
 22  0.00000  7.03053e+01 | 23  0.00000  1.65663e+01 | 24  0.00000  2.01208e+02
 25  0.00000  1.66938e+00 | 26  0.00000  3.98545e+00 | 27  0.00000  2.94480e+01
 28  0.00000 -1.84421e+02 | 29  0.00000  1.32729e+02 | 30  0.00000 -2.82684e+02
 31  0.00000  2.13664e+02 | 32  0.00000 -3.07348e+02 | 33  0.00000  4.86882e+01
 34  0.00000 -1.74241e+02 | 35  0.00000  7.42449e+01 | 36  0.00000  2.47786e+02
 37  0.00000  5.29261e+01 | 38  0.00000  1.81846e+02 | 39  0.10923 -1.36554e+00
 40  0.08151  2.81234e+00 | 41  0.11903 -3.07364e-01 | 42  0.07531 -2.71674e+00
 43 -1.00000 -1.08293e-07 | 44  0.00000  1.33558e-04 | 45  0.00000  3.92350e-01
 46 -0.53989  8.28039e+00 | 47 -1.00000 -1.08293e-07 | 48 -0.53989  1.31063e+01
 49 -1.00000 -1.08293e-07 | 50 -0.53989  3.56994e+00 | 51 -0.32288  3.05463e+01
 52  0.21635  9.42367e-01 | 53 -0.17585 -6.60316e+02 |

Intermediate statistics: 53 variables; iteration 20; function evaluation 33; phase 2
Function value 4.1058718e+02; maximum gradient component mag 9.1815e+02
Var    Value     Gradient |Var    Value     Gradient |Var    Value     Gradient
  1  0.17183  2.41438e+02 |  2 -0.28852 -5.07295e+01 |  3  0.25811  1.65348e+02
  4  0.11713 -1.02520e+01 |  5  0.17988  9.33039e+01 |  6  0.10165 -1.15052e+02
  7 -0.01322 -2.06714e+02 |  8  0.00552 -1.83568e+02 |  9  0.04547 -1.44349e+02
 10  0.15494 -3.50372e+01 | 11  0.08302 -1.10747e+02 | 12  0.10027 -5.98118e+01
 13  0.03698 -1.23926e+02 | 14  0.04420 -1.11135e+02 | 15  0.07490 -6.02489e+01
 16 -0.01432 -1.49845e+02 | 17 -0.11272 -2.22057e+02 | 18 -0.02480 -1.93915e+02
 19 -0.06019 -2.58246e+02 | 20  0.02230 -2.83029e+02 | 21 -0.01173 -3.49400e+02
 22 -0.04799 -1.78548e+02 | 23 -0.05963 -2.46584e+02 | 24 -0.16721 -2.26765e+02
 25 -0.01607 -1.29472e+02 | 26 -0.03090 -1.09016e+02 | 27  0.01731  8.41586e+01
 28  0.04092  1.19205e+02 | 29 -0.01886 -1.50170e+02 | 30  0.06216  8.76785e+00
 31 -0.02158 -1.15224e+02 | 32  0.02393 -1.10252e+02 | 33 -0.05895 -4.05109e+02
 34  0.03082 -7.70336e+01 | 35 -0.01751 -9.33345e+01 | 36  0.00597  4.26618e+02
 37 -0.08556 -2.89300e+02 | 38 -0.21441 -3.83290e+02 | 39  0.09920 -4.95842e+02
 40  0.11614  1.34929e+02 | 41  0.14992  7.89127e+01 | 42  0.12909  3.69069e+00
 43 -1.49211 -1.97431e+00 | 44 -0.00003  3.05595e-01 | 45 -0.00870  3.02466e-04
 46 -0.72543  5.81713e-03 | 47 -1.35162  6.43266e+02 | 48 -0.59395  5.66651e+02
 49 -1.14240  6.57535e+01 | 50 -0.66505  2.74704e+01 | 51 -0.47966  6.96680e+00
 52  0.20205  1.17382e+00 | 53 -0.02620  9.18150e+02 |
53 variables; iteration 40; function evaluation 61; phase 2
Function value 3.5860436e+02; maximum gradient component mag -8.8070e+02
Var    Value     Gradient |Var    Value     Gradient |Var    Value     Gradient
  1  0.16263 -8.80703e+02 |  2 -0.17334 -2.88662e+01 |  3  0.15961  1.57889e+02
  4  0.02803 -2.85411e+01 |  5  0.09539  8.26010e+01 |  6  0.02286 -1.10074e+02
  7 -0.09137 -2.14309e+02 |  8 -0.03428 -1.62580e+02 |  9  0.03176 -1.08867e+02
 10  0.15544 -1.20164e+01 | 11  0.10387 -5.07704e+01 | 12  0.08738 -8.68965e+01
 13  0.04376 -1.00788e+02 | 14  0.05584 -8.26175e+01 | 15  0.09076 -2.54793e+01
 16 -0.00328 -1.31007e+02 | 17 -0.09775 -1.98238e+02 | 18 -0.01146 -1.61375e+02
 19 -0.04488 -2.29160e+02 | 20  0.04121 -2.37850e+02 | 21  0.00109 -3.30932e+02
 22 -0.04422 -1.81053e+02 | 23 -0.05480 -2.56313e+02 | 24 -0.14970 -2.12802e+02
 25 -0.01574 -1.49403e+02 | 26 -0.04020 -1.45222e+02 | 27  0.00952 -2.31637e+01
 28  0.03570 -7.46735e+01 | 29 -0.00682 -7.98161e+01 | 30  0.06579 -2.16671e+01
 31 -0.00631 -4.14634e+01 | 32  0.02223 -2.21423e+02 | 33 -0.03306 -3.14989e+02
 34  0.03832 -1.22903e+02 | 35 -0.01251 -1.35966e+02 | 36  0.01563  4.10323e+02
 37 -0.08084 -3.14535e+02 | 38 -0.21759 -3.13445e+02 | 39  0.10426 -6.35202e+02
 40  0.12596  1.29444e+02 | 41  0.16128  1.08265e+02 | 42  0.14753  2.56123e+02
 43 -1.58404 -9.44488e+00 | 44 -0.54718  6.70708e-01 | 45 -0.26084  1.39217e+00
 46 -1.64308 -2.21028e+01 | 47 -1.35527  6.05447e+02 | 48 -0.60559  5.52433e+02
 49 -1.12692 -2.80091e+01 | 50 -0.78141 -1.61739e+01 | 51 -0.51545  2.89845e+00
 52  0.06553  6.99176e-01 | 53 -0.05788  2.72325e+02 |
53 variables; iteration 60; function evaluation 96; phase 2
Function value 2.2219740e+02; maximum gradient component mag -3.1797e+02
Var    Value     Gradient |Var    Value     Gradient |Var    Value     Gradient
  1  0.15865  2.07989e+02 |  2 -0.18424 -1.23170e+01 |  3 -0.04125 -3.48825e+01
  4 -0.06836 -7.18272e+00 |  5 -0.01415  5.64149e+00 |  6 -0.08010 -2.23292e+01
  7 -0.11963 -8.43182e+00 |  8 -0.08183 -1.99207e+01 |  9 -0.06984 -1.47618e+01
 10  0.04856  2.38321e+01 | 11  0.03319  3.87286e+01 | 12  0.04097  5.44967e-01
 13 -0.01492 -4.18608e+01 | 14  0.00258  2.87841e+00 | 15  0.03810 -4.84927e+01
 16  0.01476  2.76026e+01 | 17 -0.04900 -7.90953e-01 | 18  0.00477 -1.26544e+01
 19 -0.00447 -1.00633e+01 | 20  0.07003 -1.90195e+01 | 21  0.07298 -4.29246e+00
 22 -0.03022 -2.83418e+01 | 23 -0.00448 -1.20896e+00 | 24 -0.10438 -3.19820e+01
 25  0.01203  2.72751e+01 | 26 -0.01190 -1.07055e+01 | 27  0.00464  5.98001e+00
 28  0.04624 -6.30595e+01 | 29 -0.00168  1.60216e+01 | 30  0.06307 -3.16164e+01
 31 -0.00847  3.73601e+01 | 32  0.06396 -4.50417e+01 | 33  0.02346 -1.15317e+00
 34  0.05595 -9.58009e-01 | 35  0.01152  1.17568e+01 | 36 -0.01043  1.11454e+02
 37  0.00964  2.51116e+01 | 38 -0.02819  1.50557e+01 | 39  0.12476 -2.44356e+01
 40  0.10995  7.45909e+01 | 41  0.14426  5.14981e+00 | 42  0.12451  1.66780e+02
 43 -1.47948 -1.40640e+00 | 44  0.34887  1.62105e-01 | 45 -2.21019 -5.00456e-02
 46 -1.37449 -1.30674e+00 | 47 -1.36576  3.09416e+01 | 48 -0.64885  3.35516e+01
 49 -1.06898 -7.95005e+01 | 50 -0.89733 -5.33915e+01 | 51 -0.46274  2.33538e-01
 52 -0.43438  5.33477e-02 | 53 -0.09497 -3.17971e+02 |
Maximum number of function evaluations exceeded

 - final statistics:
53 variables; iteration 65; function evaluation 100
Function value 2.1393e+02; maximum gradient component mag 1.3494e+02
Exit code = 3;  converg criter 1.0000e+01
Var    Value     Gradient |Var    Value     Gradient |Var    Value     Gradient
  1  0.15917  9.81853e+01 |  2 -0.15895 -3.81799e+00 |  3 -0.02811 -1.76305e+01
  4 -0.05988  4.84878e+00 |  5 -0.01517  1.54048e+00 |  6 -0.06951  3.49800e+00
  7 -0.10848  1.27729e+01 |  8 -0.06723  1.44641e+01 |  9 -0.05778  1.33951e+01
 10  0.01873  2.91495e+00 | 11  0.00178  1.44434e+01 | 12  0.03350  4.55457e+00
 13  0.00030  3.14906e+00 | 14 -0.00052  1.30286e+01 | 15  0.04902 -2.40964e+00
 16  0.00591  2.13687e+01 | 17 -0.04781  1.68031e+01 | 18  0.00981  1.38763e+01
 19 -0.00041  1.63402e+01 | 20  0.08026  2.56366e+01 | 21  0.08057  3.30216e+01
 22 -0.01922  7.51992e+00 | 23 -0.00015  1.99864e+01 | 24 -0.08535  1.53681e+01
 25  0.00316  1.94154e+01 | 26 -0.00956  1.68282e+01 | 27 -0.00281  1.28347e+01
 28  0.05046  1.69509e+01 | 29 -0.00414  6.18942e+00 | 30  0.06437 -8.28377e-01
 31 -0.01503 -1.50499e+00 | 32  0.06881  2.71516e+01 | 33  0.02664  1.86921e+01
 34  0.05381  1.30625e+01 | 35  0.00748  1.63866e+01 | 36 -0.03508 -1.57767e+01
 37  0.00948  2.54866e+01 | 38 -0.03015  1.21563e+01 | 39  0.12473  1.65358e+01
 40  0.10479  7.62168e+00 | 41  0.14108 -3.61208e+01 | 42  0.12207 -4.13806e-01
 43 -1.41668 -7.89910e-01 | 44  0.94417  3.97009e-02 | 45 -2.61126 -1.86341e-02
 46 -1.33722 -6.47972e-01 | 47 -1.39434  1.25873e+02 | 48 -0.61490  1.34936e+02
 49 -1.07453 -6.87937e+01 | 50 -0.88782 -4.56732e+01 | 51 -0.46095  3.44671e-02
 52 -0.64044  2.61982e-03 | 53 -0.07121  1.61674e+00 |

Initial statistics: 56 variables; iteration 0; function evaluation 0; phase 3
Function value 2.1385721e+02; maximum gradient component mag -7.7055e+02
Var    Value     Gradient |Var    Value     Gradient |Var    Value     Gradient
  1  0.15917  9.81853e+01 |  2 -0.15895 -3.81799e+00 |  3 -0.02811 -1.76305e+01
  4 -0.05988  4.84878e+00 |  5 -0.01517  1.54048e+00 |  6 -0.06985 -9.09428e+00
  7 -0.10883  2.88069e-01 |  8 -0.06758  1.86626e+00 |  9 -0.05812  7.78980e-01
 10  0.01839 -9.74799e+00 | 11  0.00144  1.77518e+00 | 12  0.03316 -8.09640e+00
 13 -0.00004 -9.51921e+00 | 14 -0.00086  3.60314e-01 | 15  0.04868 -1.50410e+01
 16  0.00557  8.70098e+00 | 17 -0.04815  4.17042e+00 | 18  0.00947  1.20954e+00
 19 -0.00074  3.67191e+00 | 20  0.07992  1.30698e+01 | 21  0.08023  2.04560e+01
 22 -0.01956 -5.14250e+00 | 23 -0.00049  7.31813e+00 | 24 -0.08570  2.81327e+00
 25  0.00282  6.74726e+00 | 26 -0.00990  4.16133e+00 | 27 -0.00315  1.66544e-01
 28  0.05012  4.32261e+00 | 29 -0.00448 -6.47856e+00 | 30  0.06403 -1.34327e+01
 31 -0.01537 -1.41695e+01 | 32  0.06847  1.45581e+01 | 33  0.02630  6.03503e+00
 34  0.05347  4.39488e-01 | 35  0.00714  3.71923e+00 | 36 -0.03542 -2.84249e+01
 37  0.00914  1.28198e+01 | 38 -0.03049 -4.97792e-01 | 39  0.12473  1.65358e+01
 40  0.10479  7.62168e+00 | 41  0.14108 -3.61208e+01 | 42  0.12207 -4.13806e-01
 43 -0.58332  7.89910e-01 | 44  0.94417  3.97009e-02 | 45  0.61126  1.86341e-02
 46 -0.66278  6.47972e-01 | 47 -0.60566 -1.25873e+02 | 48 -0.61490  1.34936e+02
 49 -0.92547  6.87937e+01 | 50 -0.88782 -4.56732e+01 | 51 -0.46095  3.44671e-02
 52 -0.64044  2.61982e-03 | 53 -0.17585 -7.70547e+02 | 54 -0.12819 -3.71303e+02
 55 -0.07121  1.61674e+00 | 56  0.05795  5.52229e+01 |

Intermediate statistics: 56 variables; iteration 20; function evaluation 26; phase 3
Function value 1.9676682e+02; maximum gradient component mag -3.8343e+02
Var    Value     Gradient |Var    Value     Gradient |Var    Value     Gradient
  1  0.15847  1.03094e+02 |  2 -0.14922 -1.15271e-01 |  3 -0.02047 -2.87176e+00
  4 -0.06191 -1.08562e-01 |  5 -0.01675 -1.97450e+00 |  6 -0.06842  2.20961e+00
  7 -0.11255  2.56465e+00 |  8 -0.07238  2.80860e+00 |  9 -0.06373  2.13416e+00
 10  0.02090  5.00272e-01 | 11 -0.00051  1.72234e+00 | 12  0.03565 -1.65658e+00
 13  0.00294 -2.87529e+00 | 14 -0.00150  3.45824e-03 | 15  0.05246 -8.99327e+00
 16 -0.00066 -5.55044e+00 | 17 -0.05540 -5.88558e-01 | 18 -0.00062 -7.06661e+00
 19 -0.00614 -4.63626e+00 | 20  0.06473 -1.45585e+01 | 21  0.06467 -1.23432e+01
 22 -0.02304  9.64068e-01 | 23 -0.01339 -7.34078e+00 | 24 -0.09479  3.20602e+00
 25 -0.00208  3.73381e+00 | 26 -0.01638  1.51225e+00 | 27 -0.00842 -1.01827e+01
 28  0.04871 -5.17873e+00 | 29 -0.00415 -5.08176e+00 | 30  0.07738  4.14525e+01
 31 -0.00122  2.71930e+01 | 32  0.08446  4.43378e+01 | 33  0.04211  4.33107e+01
 34  0.05795  2.05923e+01 | 35  0.01061  8.64146e+00 | 36 -0.02787  3.35296e+00
 37  0.01024 -2.04210e+00 | 38  0.00383  2.17034e+01 | 39  0.12146 -1.20928e+02
 40  0.12708  1.08855e+02 | 41  0.14942  6.92630e+01 | 42  0.11441  4.21693e+01
 43 -0.59054  6.41341e-01 | 44  0.94378  3.79108e-02 | 45  0.61108  1.56032e-02
 46 -0.66881  5.17635e-01 | 47 -0.62404 -5.34628e+00 | 48 -0.64072  7.43815e+00
 49 -0.91247 -5.02469e+01 | 50 -0.86586  3.26888e+01 | 51 -0.46132  5.56424e-02
 52 -0.64047  6.95259e-03 | 53 -0.15169 -3.83430e+02 | 54 -0.12615 -1.47608e+02
 55 -0.12199 -1.23918e+02 | 56 -0.04118  6.10643e+01 |
56 variables; iteration 40; function evaluation 51; phase 3
Function value 1.9189941e+02; maximum gradient component mag 1.9817e+02
Var    Value     Gradient |Var    Value     Gradient |Var    Value     Gradient
  1  0.15791  1.98174e+02 |  2 -0.14937 -3.77429e-01 |  3 -0.01694  4.20552e+00
  4 -0.06247 -1.90268e+00 |  5 -0.01430  6.71480e+00 |  6 -0.07017 -7.88257e+00
  7 -0.11522 -6.60047e+00 |  8 -0.07826 -1.16019e+01 |  9 -0.06879 -6.22229e+00
 10  0.01831 -8.07899e+00 | 11 -0.00152 -4.89376e+00 | 12  0.03712 -2.11875e+00
 13  0.00573  5.77772e-01 | 14  0.00278  2.93661e+00 | 15  0.05275 -2.56350e+00
 16  0.00356  7.44885e+00 | 17 -0.05552 -4.28415e+00 | 18  0.00646  5.31884e+00
 19 -0.00518 -5.81181e+00 | 20  0.07143  6.46331e+00 | 21  0.07033  3.85330e+00
 22 -0.02663 -1.28271e+01 | 23 -0.00998 -1.02537e-01 | 24 -0.09671 -7.96399e+00
 25 -0.00132 -6.23923e+00 | 26 -0.01860 -6.68622e+00 | 27 -0.00468  2.04517e+00
 28  0.04838  4.78753e+00 | 29 -0.00031  5.79620e+00 | 30  0.07110 -6.55437e+00
 31 -0.00519 -7.01325e+00 | 32  0.07299 -3.39901e+00 | 33  0.03246 -1.21174e+01
 34  0.05584 -6.51116e+00 | 35  0.00983  3.31690e+00 | 36 -0.02763 -2.61431e+00
 37  0.01391  6.46806e-01 | 38  0.00962  1.27363e+00 | 39  0.13079  1.18520e+02
 40  0.12705  5.31800e+01 | 41  0.14179 -5.53679e+01 | 42  0.11351 -4.21773e+01
 43 -1.04487  4.21372e-02 | 44  0.88269  1.66387e-02 | 45  0.60020  4.32360e-03
 46 -0.81911 -1.07465e-02 | 47 -0.67124 -4.68417e+01 | 48 -0.68461  4.90935e+01
 49 -0.81634  2.93827e+00 | 50 -0.72235 -1.93919e+00 | 51 -0.51635 -1.61026e-03
 52 -0.64383 -4.53661e-03 | 53 -0.14272 -1.47858e+02 | 54 -0.11280 -1.04300e+02
 55 -0.12579  1.24464e+02 | 56 -0.06258 -5.13021e+01 |
56 variables; iteration 60; function evaluation 85; phase 3
Function value 1.8869809e+02; maximum gradient component mag 9.0285e+00
Var    Value     Gradient |Var    Value     Gradient |Var    Value     Gradient
  1  0.15861  9.51934e-01 |  2 -0.14941  1.60156e-02 |  3 -0.02003 -4.21435e-02
  4 -0.06231  1.06695e-01 |  5 -0.01678 -9.87940e-02 |  6 -0.06856 -1.13999e-01
  7 -0.11248  2.25709e-01 |  8 -0.07254 -9.72715e-03 |  9 -0.06313  3.52562e-02
 10  0.02174  4.70318e-02 | 11 -0.00084 -1.38520e-01 | 12  0.03554 -2.19724e-01
 13  0.00295 -4.01014e-02 | 14 -0.00166  1.72450e-01 | 15  0.05377  6.77080e-02
 16  0.00031  2.32199e-02 | 17 -0.05429 -3.06954e-02 | 18  0.00444  2.98751e-01
 19 -0.00410  5.13319e-02 | 20  0.07064  2.25959e-01 | 21  0.06979  3.74443e-01
 22 -0.02228  2.23845e-01 | 23 -0.00962 -8.06823e-02 | 24 -0.09440 -1.92881e-01
 25 -0.00248  1.38661e-01 | 26 -0.01651 -1.14438e-01 | 27 -0.00397 -2.44107e-01
 28  0.04719  2.42044e-01 | 29 -0.00277 -7.59929e-02 | 30  0.07172 -1.67208e-01
 31 -0.00583 -2.38679e-02 | 32  0.07560 -1.28318e-01 | 33  0.03424 -1.84808e-01
 34  0.05543 -1.74615e-01 | 35  0.00813 -2.91756e-02 | 36 -0.02936 -7.76224e-02
 37  0.01047 -1.76793e-01 | 38  0.00226 -3.44500e-01 | 39  0.12556  8.23383e-02
 40  0.12701  8.34560e-01 | 41  0.14474 -6.74816e-01 | 42  0.11420 -1.20388e+00
 43 -1.22175 -7.04016e-03 | 44  0.63317  8.70780e-03 | 45  0.53181  3.60853e-03
 46 -1.25929  2.50380e-04 | 47 -0.72042  1.05457e+00 | 48 -0.73282 -1.11654e+00
 49 -0.80607  4.01226e+00 | 50 -0.70571 -2.62722e+00 | 51 -0.58385 -3.86599e-03
 52 -0.60464 -4.29212e-03 | 53 -0.12462  9.71806e-01 | 54 -0.08748 -9.02828e-01
 55 -0.14423  9.02853e+00 | 56 -0.10043 -3.35188e+00 |
Maximum number of function evaluations exceeded

 - final statistics:
56 variables; iteration 76; function evaluation 100
Function value 1.8869e+02; maximum gradient component mag -1.1458e+00
Exit code = 3;  converg criter 1.0000e+00
Var    Value     Gradient |Var    Value     Gradient |Var    Value     Gradient
  1  0.15865  1.01663e+00 |  2 -0.14933  2.17734e-03 |  3 -0.01987  2.47588e-03
  4 -0.06231 -5.70922e-03 |  5 -0.01668 -1.32466e-02 |  6 -0.06838 -3.22688e-02
  7 -0.11247 -7.44662e-03 |  8 -0.07246 -1.07389e-02 |  9 -0.06304 -2.86530e-02
 10  0.02178 -1.18505e-02 | 11 -0.00074 -2.38413e-02 | 12  0.03561 -2.29128e-02
 13  0.00296 -3.47726e-02 | 14 -0.00172 -1.03396e-02 | 15  0.05374 -7.58060e-03
 16  0.00031  2.91853e-03 | 17 -0.05424  7.85646e-03 | 18  0.00436  7.41491e-03
 19 -0.00413  6.57642e-03 | 20  0.07060  3.13212e-03 | 21  0.06968  1.56969e-02
 22 -0.02240 -8.27793e-03 | 23 -0.00958 -2.47739e-02 | 24 -0.09430 -2.37880e-02
 25 -0.00253  6.64265e-03 | 26 -0.01643 -4.03500e-02 | 27 -0.00390 -4.60684e-02
 28  0.04714 -2.57390e-03 | 29 -0.00282  2.08037e-02 | 30  0.07171  4.10736e-02
 31 -0.00591 -1.81701e-03 | 32  0.07564  5.15789e-02 | 33  0.03421  1.32766e-02
 34  0.05542  3.57799e-03 | 35  0.00811 -4.48022e-03 | 36 -0.02940 -6.42902e-03
 37  0.01043 -2.95137e-02 | 38  0.00217  4.50817e-02 | 39  0.12551  2.90993e-01
 40  0.12688  3.10470e-01 | 41  0.14474 -5.92697e-02 | 42  0.11417 -6.48163e-02
 43 -1.25502  7.14243e-03 | 44 -0.12832 -4.83358e-04 | 45  0.15247  1.05954e-03
 46 -1.27372 -3.77168e-03 | 47 -0.70326  5.83877e-01 | 48 -0.71639 -6.10906e-01
 49 -0.79081 -4.70145e-01 | 50 -0.68133  3.09222e-01 | 51 -0.64513 -3.65876e-03
 52 -0.34156 -1.05596e-03 | 53 -0.12469 -1.14579e+00 | 54 -0.08734  7.87937e-01
 55 -0.16291  5.78665e-01 | 56 -0.14478 -2.42853e-01 |

Initial statistics: 58 variables; iteration 0; function evaluation 0; phase 4
Function value 1.8868859e+02; maximum gradient component mag 1.2724e+02
Var    Value     Gradient |Var    Value     Gradient |Var    Value     Gradient
  1  0.15865  1.01663e+00 |  2 -0.14933  2.17734e-03 |  3 -0.01987  2.47588e-03
  4 -0.06231 -5.70922e-03 |  5 -0.01668 -1.32466e-02 |  6 -0.06838 -2.76612e-02
  7 -0.11247 -2.88444e-03 |  8 -0.07246 -6.13457e-03 |  9 -0.06304 -2.40414e-02
 10  0.02178 -7.21890e-03 | 11 -0.00074 -1.92070e-02 | 12  0.03561 -1.82857e-02
 13  0.00296 -3.01383e-02 | 14 -0.00172 -5.70528e-03 | 15  0.05374 -2.96279e-03
 16  0.00031  7.55284e-03 | 17 -0.05424  1.24740e-02 | 18  0.00436  1.20491e-02
 19 -0.00413  1.12106e-02 | 20  0.07060  7.73795e-03 | 21  0.06968  2.03035e-02
 22 -0.02240 -3.64649e-03 | 23 -0.00958 -2.01401e-02 | 24 -0.09430 -1.92045e-02
 25 -0.00253  1.12769e-02 | 26 -0.01643 -3.57172e-02 | 27 -0.00390 -4.14342e-02
 28  0.04714  2.04771e-03 | 29 -0.00282  2.54379e-02 | 30  0.07171  4.56785e-02
 31 -0.00591  2.81710e-03 | 32  0.07564  5.61805e-02 | 33  0.03421  1.79042e-02
 34  0.05542  8.19474e-03 | 35  0.00811  1.53707e-04 | 36 -0.02940 -1.79965e-03
 37  0.01043 -2.48800e-02 | 38  0.00217  4.97160e-02 | 39  0.12551  2.90993e-01
 40  0.12688  3.10470e-01 | 41  0.14474 -5.92697e-02 | 42  0.11417 -6.48163e-02
 43 -0.74498 -7.14243e-03 | 44 -0.12832 -4.83358e-04 | 45  0.15247  1.05954e-03
 46 -0.72628  3.77168e-03 | 47 -0.70326  5.83877e-01 | 48 -0.71639 -6.10906e-01
 49 -0.79081 -4.70145e-01 | 50 -0.68133  3.09222e-01 | 51 -0.64513 -3.65876e-03
 52 -0.34156 -1.05596e-03 | 53 -0.12469 -1.14579e+00 | 54 -0.08734  7.87937e-01
 55 -0.16291  5.78665e-01 | 56 -0.14478 -2.42853e-01 | 57 -0.05795  1.27242e+02
 58 -0.17585 -1.24052e+02 |

Intermediate statistics: 58 variables; iteration 20; function evaluation 32; phase 4
Function value 1.8581133e+02; maximum gradient component mag -5.3829e+02
Var    Value     Gradient |Var    Value     Gradient |Var    Value     Gradient
  1  0.15868  1.97712e+02 |  2 -0.14934  2.21727e-01 |  3 -0.01965  2.05612e+00
  4 -0.06188  1.97362e+00 |  5 -0.01617  3.68653e+00 |  6 -0.06889 -1.86025e+00
  7 -0.11336 -2.25741e+00 |  8 -0.07294 -1.17358e+00 |  9 -0.06430 -2.58075e+00
 10  0.02165 -8.65639e-01 | 11 -0.00050 -1.03291e-01 | 12  0.03650  3.06109e+00
 13  0.00334  2.72426e+00 | 14 -0.00191 -9.35664e-02 | 15  0.05421  5.56329e+00
 16  0.00035  4.11178e+00 | 17 -0.05569  3.40033e-01 | 18  0.00221 -3.54715e-01
 19 -0.00427  3.39133e+00 | 20  0.06856  7.02648e-01 | 21  0.06811  1.60307e+00
 22 -0.02387  2.48681e-01 | 23 -0.01147 -9.08204e-02 | 24 -0.09619 -1.17182e+00
 25 -0.00280  1.72308e+00 | 26 -0.01784 -1.25135e+00 | 27 -0.00548  2.95779e-01
 28  0.04661  9.20231e-01 | 29 -0.00342 -4.78585e+00 | 30  0.07248 -3.12653e+00
 31 -0.00310  9.78717e+00 | 32  0.07683 -3.46925e+00 | 33  0.03653  6.46983e+00
 34  0.05523 -7.97199e-01 | 35  0.00847  2.46859e+00 | 36 -0.02900  2.91276e-01
 37  0.01264  4.21188e+00 | 38  0.01142  3.06362e+00 | 39  0.12827  7.54721e+01
 40  0.12557 -3.30369e+01 | 41  0.14571  1.49494e+01 | 42  0.11479  2.01468e+01
 43 -0.74489 -7.13927e-03 | 44 -0.12831 -4.83317e-04 | 45  0.15245  1.05853e-03
 46 -0.72633  3.73806e-03 | 47 -0.70283  1.00180e+01 | 48 -0.71645 -1.05160e+01
 49 -0.78929  1.27326e+01 | 50 -0.68196 -8.33357e+00 | 51 -0.64509 -4.00519e-03
 52 -0.34155 -1.26109e-03 | 53 -0.13703  2.84210e+01 | 54 -0.09312 -2.92150e+01
 55 -0.17426 -5.38288e+02 | 56 -0.17205  2.24814e+02 | 57 -0.07759  6.30291e+01
 58 -0.16066 -3.33184e+01 |
58 variables; iteration 40; function evaluation 58; phase 4
Function value 1.8506249e+02; maximum gradient component mag 9.7902e+02
Var    Value     Gradient |Var    Value     Gradient |Var    Value     Gradient
  1  0.15812 -4.29431e+01 |  2 -0.16109 -4.91733e+00 |  3 -0.01857  3.18442e+00
  4 -0.06160  1.32479e+00 |  5 -0.01718 -1.41111e-01 |  6 -0.07183 -2.94559e+00
  7 -0.11518  9.60759e-01 |  8 -0.07657 -2.58227e+00 |  9 -0.06748  7.48095e-01
 10  0.01893 -1.74800e+00 | 11 -0.00053  2.57496e+00 | 12  0.03721  3.81749e+00
 13  0.00503  5.23796e+00 | 14 -0.00191  1.33323e-01 | 15  0.05475  3.80047e+00
 16  0.00095  3.37983e+00 | 17 -0.05632 -8.08532e-01 | 18  0.00249  4.84584e-01
 19 -0.00290  4.93549e+00 | 20  0.06938  2.65782e+00 | 21  0.06932  4.03996e+00
 22 -0.02220  4.30983e+00 | 23 -0.01134  8.53629e-01 | 24 -0.09871 -4.55866e+00
 25 -0.00139  5.78139e+00 | 26 -0.01808 -1.98672e+00 | 27 -0.00524 -1.56483e+00
 28  0.04771 -1.62733e-01 | 29 -0.00260 -8.14721e+00 | 30  0.07280 -1.34502e+01
 31 -0.00452 -1.85245e+00 | 32  0.07978  1.69026e-01 | 33  0.03682 -3.47874e+00
 34  0.05718  2.22524e+00 | 35  0.00985  3.19035e+00 | 36 -0.02733  4.71006e+00
 37  0.01291  4.51956e+00 | 38  0.00858 -5.64344e+00 | 39  0.12685  2.38143e+01
 40  0.12630 -4.61337e+01 | 41  0.14495 -1.22971e+00 | 42  0.11383 -1.62425e+00
 43 -0.74031 -6.97356e-03 | 44 -0.12800 -4.74143e-04 | 45  0.15178  1.00049e-03
 46 -0.72857  1.75116e-03 | 47 -0.69444  3.72331e+00 | 48 -0.70858 -3.89566e+00
 49 -0.78275 -1.25853e+00 | 50 -0.67046  8.38759e-01 | 51 -0.64278 -3.59747e-03
 52 -0.34090 -1.04851e-03 | 53 -0.22311  7.11276e+01 | 54 -0.09548 -4.68855e+01
 55 -0.17471  9.79018e+02 | 56 -0.17314 -4.10451e+02 | 57 -0.01209  2.63559e+01
 58 -0.07347  4.90426e+01 |
58 variables; iteration 60; function evaluation 95; phase 4
Function value 1.8458812e+02; maximum gradient component mag 4.4410e+02
Var    Value     Gradient |Var    Value     Gradient |Var    Value     Gradient
  1  0.15837 -1.24846e+00 |  2 -0.14939 -2.59793e-02 |  3 -0.01983  2.55076e-02
  4 -0.06214  5.68272e-02 |  5 -0.01660 -9.92146e-02 |  6 -0.06872 -2.21074e-02
  7 -0.11306 -1.91182e-01 |  8 -0.07288 -9.04681e-02 |  9 -0.06380 -9.47336e-02
 10  0.02167  4.59832e-02 | 11 -0.00072 -5.15255e-02 | 12  0.03579 -1.76034e-01
 13  0.00306  1.28480e-01 | 14 -0.00189  4.02682e-02 | 15  0.05378  2.31412e-01
 16 -0.00018  1.71846e-03 | 17 -0.05589 -1.01029e-01 | 18  0.00186  2.18235e-02
 19 -0.00471  2.13045e-01 | 20  0.06808  2.76892e-02 | 21  0.06769  1.79935e-01
 22 -0.02456 -6.69620e-02 | 23 -0.01198  5.22823e-02 | 24 -0.09679 -3.16176e-01
 25 -0.00394  8.58285e-02 | 26 -0.01775 -1.30228e-02 | 27 -0.00536 -4.54168e-02
 28  0.04690  2.46331e-01 | 29 -0.00185 -1.60984e-01 | 30  0.07387 -1.97005e-01
 31 -0.00432 -5.87406e-02 | 32  0.07888  8.66838e-02 | 33  0.03674 -1.01110e-01
 34  0.05648  4.27871e-01 | 35  0.00912 -2.69951e-02 | 36 -0.02826  1.27060e-01
 37  0.01234  1.14031e-01 | 38  0.00984 -2.58692e-01 | 39  0.12610  2.22751e-01
 40  0.12700 -7.90764e-01 | 41  0.14519 -1.98903e-01 | 42  0.11360 -3.24146e-01
 43 -0.66729 -3.35717e-03 | 44 -0.12386  2.14758e-04 | 45  0.14038  8.91832e-04
 46 -0.73106 -8.49106e-05 | 47 -0.71871  6.41316e-01 | 48 -0.73147 -6.83761e-01
 49 -0.79521 -7.75635e-02 | 50 -0.68938  4.77829e-02 | 51 -0.61112 -3.97642e-04
 52 -0.33323  2.50906e-04 | 53 -0.18275 -9.59263e-01 | 54 -0.12021  1.83378e+00
 55 -0.17532  4.44097e+02 | 56 -0.17459 -1.85419e+02 | 57 -0.09116 -4.49533e-01
 58 -0.13122 -5.34607e-01 |
58 variables; iteration 80; function evaluation 115; phase 4
Function value 1.8458374e+02; maximum gradient component mag 7.3237e+00
Var    Value     Gradient |Var    Value     Gradient |Var    Value     Gradient
  1  0.15840 -1.15566e-01 |  2 -0.14934 -4.04949e-05 |  3 -0.01985  2.71731e-03
  4 -0.06217  2.57940e-03 |  5 -0.01654  1.79333e-03 |  6 -0.06856  3.88636e-03
  7 -0.11275  2.54642e-03 |  8 -0.07265  3.60076e-03 |  9 -0.06345  2.34606e-03
 10  0.02174  2.29777e-03 | 11 -0.00066  2.47465e-03 | 12  0.03582  2.92111e-03
 13  0.00296  3.31930e-03 | 14 -0.00193  3.27237e-03 | 15  0.05365  1.13012e-03
 16 -0.00022  2.30521e-03 | 17 -0.05588  1.32265e-03 | 18  0.00179  1.48357e-03
 19 -0.00484  2.43200e-03 | 20  0.06801  1.29477e-03 | 21  0.06757  1.49636e-03
 22 -0.02458 -5.92957e-04 | 23 -0.01205  9.29905e-04 | 24 -0.09667 -3.05810e-04
 25 -0.00401  1.03772e-03 | 26 -0.01778  1.86048e-03 | 27 -0.00540  2.62868e-03
 28  0.04685  1.40350e-03 | 29 -0.00188 -1.02757e-02 | 30  0.07386 -7.79432e-03
 31 -0.00439 -3.16607e-03 | 32  0.07889 -2.68661e-03 | 33  0.03672 -1.34220e-03
 34  0.05638 -5.71642e-03 | 35  0.00908 -1.29074e-03 | 36 -0.02832 -2.43305e-03
 37  0.01228 -4.83457e-03 | 38  0.00984 -1.28493e-02 | 39  0.12607  1.50634e-03
 40  0.12703 -6.13487e-02 | 41  0.14519 -2.95095e-04 | 42  0.11356 -1.64175e-02
 43 -0.60601  2.71603e-06 | 44 -0.25129  5.51582e-05 | 45  0.01652  2.69257e-04
 46 -0.72759 -3.03525e-06 | 47 -0.70443  4.78722e-02 | 48 -0.71782 -5.11562e-02
 49 -0.79304  6.78799e-03 | 50 -0.68598 -4.60018e-03 | 51 -0.59295  1.78561e-04
 52 -0.37126 -1.18402e-05 | 53 -0.15401  5.45112e-01 | 54 -0.14921 -4.84699e-01
 55 -0.17499  7.32366e+00 | 56 -0.17379 -3.05422e+00 | 57 -0.16010  1.52777e-01
 58 -0.17961  3.86817e-01 |
58 variables; iteration 100; function evaluation 135; phase 4
Function value 1.8458371e+02; maximum gradient component mag 1.2569e-01
Var    Value     Gradient |Var    Value     Gradient |Var    Value     Gradient
  1  0.15840  1.89517e-02 |  2 -0.14934  8.38689e-06 |  3 -0.01985  2.08047e-04
  4 -0.06217  1.79412e-04 |  5 -0.01654  9.75124e-05 |  6 -0.06856 -1.89788e-04
  7 -0.11275 -3.23481e-04 |  8 -0.07265 -2.25123e-04 |  9 -0.06346 -3.68999e-04
 10  0.02173 -2.53398e-04 | 11 -0.00066 -1.97501e-04 | 12  0.03582 -9.36836e-05
 13  0.00296 -1.95897e-04 | 14 -0.00193 -1.97043e-04 | 15  0.05365 -4.87546e-04
 16 -0.00022 -2.40231e-04 | 17 -0.05588 -3.70466e-04 | 18  0.00179 -3.52801e-04
 19 -0.00484 -2.49338e-04 | 20  0.06801 -2.74837e-04 | 21  0.06757 -2.63093e-04
 22 -0.02458 -2.11726e-04 | 23 -0.01205 -2.27691e-04 | 24 -0.09667 -2.02847e-04
 25 -0.00401  2.29773e-04 | 26 -0.01778 -1.20196e-04 | 27 -0.00539  6.60913e-05
 28  0.04685  1.31058e-03 | 29 -0.00188 -3.56773e-04 | 30  0.07386  8.61219e-04
 31 -0.00439 -3.60077e-05 | 32  0.07889  2.27856e-03 | 33  0.03672  7.71111e-04
 34  0.05638 -2.06834e-04 | 35  0.00908 -2.78191e-05 | 36 -0.02832 -9.21851e-04
 37  0.01229 -8.80018e-04 | 38  0.00984  2.37640e-04 | 39  0.12607 -2.53983e-04
 40  0.12703  8.20697e-03 | 41  0.14519  3.38881e-05 | 42  0.11356 -7.76108e-04
 43 -0.60493  1.60844e-05 | 44 -0.25547  2.38481e-05 | 45 -0.04164 -2.13662e-05
 46 -0.72601  4.61823e-07 | 47 -0.70366 -1.90833e-04 | 48 -0.71708  2.00915e-04
 49 -0.79294  1.48499e-03 | 50 -0.68582 -1.01620e-03 | 51 -0.60000 -4.62673e-05
 52 -0.35618  9.54702e-05 | 53 -0.16250 -4.36351e-02 | 54 -0.13919  3.75249e-02
 55 -0.17510  1.25689e-01 | 56 -0.17404 -5.36403e-02 | 57 -0.13750 -9.18637e-03
 58 -0.16419 -3.52028e-02 |
58 variables; iteration 120; function evaluation 155; phase 4
Function value 1.8458370e+02; maximum gradient component mag -8.5195e-01
Var    Value     Gradient |Var    Value     Gradient |Var    Value     Gradient
  1  0.15840 -1.39157e-01 |  2 -0.14934  2.94625e-05 |  3 -0.01985 -2.99415e-04
  4 -0.06217 -6.41317e-04 |  5 -0.01654  3.67975e-04 |  6 -0.06856  1.40751e-03
  7 -0.11276  7.19635e-05 |  8 -0.07265  2.07070e-03 |  9 -0.06346  1.60026e-03
 10  0.02173  8.91269e-04 | 11 -0.00066  4.77521e-04 | 12  0.03582  2.19917e-03
 13  0.00296  1.96452e-03 | 14 -0.00193  5.12067e-05 | 15  0.05365  1.01120e-03
 16 -0.00022  1.59158e-03 | 17 -0.05588  8.61039e-04 | 18  0.00179  4.59320e-04
 19 -0.00484  1.96469e-03 | 20  0.06801  8.99469e-04 | 21  0.06757  1.37010e-03
 22 -0.02458  8.74858e-04 | 23 -0.01205  7.57223e-04 | 24 -0.09667  9.54915e-04
 25 -0.00401  1.31048e-03 | 26 -0.01778  8.68331e-04 | 27 -0.00539 -7.12615e-04
 28  0.04685 -4.08150e-03 | 29 -0.00188 -8.02683e-03 | 30  0.07386 -9.17924e-03
 31 -0.00439  3.77274e-04 | 32  0.07889 -5.71859e-03 | 33  0.03672 -3.94158e-03
 34  0.05638 -6.68722e-03 | 35  0.00908  3.72332e-03 | 36 -0.02832 -4.36742e-03
 37  0.01229 -6.27241e-03 | 38  0.00985 -9.36785e-04 | 39  0.12607 -3.06836e-03
 40  0.12703 -3.69425e-02 | 41  0.14519  9.01015e-04 | 42  0.11356  7.28340e-03
 43 -0.60208  4.25181e-05 | 44 -0.26665 -6.28134e-05 | 45 -0.02978  3.80518e-05
 46 -0.72633 -2.60881e-06 | 47 -0.70353 -1.53397e-02 | 48 -0.71696  1.62579e-02
 49 -0.79343  2.05660e-02 | 50 -0.68659 -1.40773e-02 | 51 -0.59957  2.09155e-05
 52 -0.35606  1.21668e-04 | 53 -0.16916  2.22633e-01 | 54 -0.13958 -1.59115e-01
 55 -0.17508 -8.51955e-01 | 56 -0.17401  3.53864e-01 | 57 -0.13148  9.16543e-03
 58 -0.15782  2.14010e-01 |
58 variables; iteration 140; function evaluation 177; phase 4
Function value 1.8458369e+02; maximum gradient component mag -5.5709e-01
Var    Value     Gradient |Var    Value     Gradient |Var    Value     Gradient
  1  0.15840 -3.82871e-02 |  2 -0.14934  1.01479e-05 |  3 -0.01985 -1.91595e-04
  4 -0.06217 -1.70764e-04 |  5 -0.01654 -1.57552e-04 |  6 -0.06856  4.02178e-04
  7 -0.11275  4.94175e-04 |  8 -0.07265  3.96700e-04 |  9 -0.06346  4.95745e-04
 10  0.02173  5.16429e-04 | 11 -0.00066  4.91423e-04 | 12  0.03582  4.14660e-04
 13  0.00296  4.23735e-04 | 14 -0.00193  4.27830e-04 | 15  0.05365  6.07951e-04
 16 -0.00022  5.33797e-04 | 17 -0.05588  5.81857e-04 | 18  0.00179  5.65666e-04
 19 -0.00484  5.09415e-04 | 20  0.06801  5.47813e-04 | 21  0.06757  5.16660e-04
 22 -0.02458  4.55435e-04 | 23 -0.01205  4.34111e-04 | 24 -0.09667  4.58443e-04
 25 -0.00401  8.41897e-05 | 26 -0.01778  2.63038e-04 | 27 -0.00539  3.03755e-05
 28  0.04685 -1.53813e-03 | 29 -0.00188 -2.17742e-04 | 30  0.07386 -2.18185e-03
 31 -0.00439 -2.54067e-04 | 32  0.07889 -3.75685e-03 | 33  0.03672 -1.78249e-03
 34  0.05638 -4.25634e-05 | 35  0.00908  1.88525e-04 | 36 -0.02832  9.59667e-04
 37  0.01229  9.63393e-04 | 38  0.00985 -1.02744e-03 | 39  0.12607  3.99882e-05
 40  0.12703 -1.54820e-02 | 41  0.14519 -2.16328e-04 | 42  0.11356  8.88562e-04
 43 -0.60491 -1.44029e-06 | 44 -0.25594  1.56989e-05 | 45 -0.04076 -1.69842e-05
 46 -0.72603  9.46833e-08 | 47 -0.70364 -7.33122e-04 | 48 -0.71707  7.87696e-04
 49 -0.79288 -1.02389e-03 | 50 -0.68573  6.96887e-04 | 51 -0.59644  2.40812e-05
 52 -0.36454  1.65301e-05 | 53 -0.18651  8.86204e-02 | 54 -0.13992 -6.48495e-02
 55 -0.17505 -5.57092e-01 | 56 -0.17394  2.30962e-01 | 57 -0.11495  5.01780e-03
 58 -0.14090  8.50203e-02 |
58 variables; iteration 160; function evaluation 197; phase 4
Function value 1.8458369e+02; maximum gradient component mag -3.9275e-01
Var    Value     Gradient |Var    Value     Gradient |Var    Value     Gradient
  1  0.15840 -3.69603e-03 |  2 -0.14934  1.51781e-06 |  3 -0.01985 -1.19306e-04
  4 -0.06217 -4.66286e-05 |  5 -0.01654 -1.69945e-04 |  6 -0.06856  1.01222e-05
  7 -0.11275  2.13607e-04 |  8 -0.07265 -6.05772e-05 |  9 -0.06346  6.70845e-05
 10  0.02173  1.48363e-04 | 11 -0.00066  1.71977e-04 | 12  0.03582 -9.68380e-05
 13  0.00296 -4.08417e-05 | 14 -0.00193  1.83175e-04 | 15  0.05365  2.48920e-04
 16 -0.00022  8.97712e-05 | 17 -0.05588  1.97563e-04 | 18  0.00179  2.63301e-04
 19 -0.00484  4.15720e-05 | 20  0.06801  1.66984e-04 | 21  0.06757  1.27792e-04
 22 -0.02458  1.05272e-04 | 23 -0.01205  1.23396e-04 | 24 -0.09667  8.15362e-05
 25 -0.00401 -2.28958e-04 | 26 -0.01778  1.01976e-05 | 27 -0.00539  6.79115e-05
 28  0.04685 -5.91490e-04 | 29 -0.00188  9.16085e-04 | 30  0.07386  3.16802e-06
 31 -0.00439 -8.32132e-07 | 32  0.07889 -1.37115e-03 | 33  0.03672 -4.22773e-04
 34  0.05638  8.49882e-04 | 35  0.00908 -3.14609e-04 | 36 -0.02832  1.08804e-03
 37  0.01229  1.30439e-03 | 38  0.00985 -1.98077e-04 | 39  0.12607  3.93297e-04
 40  0.12703 -3.46733e-03 | 41  0.14519 -1.57369e-04 | 42  0.11356  2.99302e-05
 43 -0.60493 -2.29031e-06 | 44 -0.25588  1.59895e-05 | 45 -0.04022 -1.42426e-05
 46 -0.72605  3.97880e-07 | 47 -0.70366  5.86152e-04 | 48 -0.71708 -6.13739e-04
 49 -0.79283 -3.00991e-03 | 50 -0.68566  2.05105e-03 | 51 -0.59616  1.33191e-05
 52 -0.36551  4.10783e-07 | 53 -0.19683  1.74943e-02 | 54 -0.14016 -1.25440e-02
 55 -0.17503 -3.92755e-01 | 56 -0.17389  1.62464e-01 | 57 -0.10527  3.88958e-04
 58 -0.13097  1.74470e-02 |
58 variables; iteration 180; function evaluation 221; phase 4
Function value 1.8458369e+02; maximum gradient component mag -9.6397e-02
Var    Value     Gradient |Var    Value     Gradient |Var    Value     Gradient
  1  0.15840 -5.12758e-04 |  2 -0.14934 -3.69985e-06 |  3 -0.01985 -3.74090e-06
  4 -0.06217  1.08936e-05 |  5 -0.01654 -1.68504e-05 |  6 -0.06856  1.11239e-06
  7 -0.11275  3.28369e-06 |  8 -0.07265  2.31261e-06 |  9 -0.06346 -1.36833e-06
 10  0.02173  3.62009e-06 | 11 -0.00066  1.90852e-05 | 12  0.03582 -6.43511e-06
 13  0.00296  3.42415e-06 | 14 -0.00193  1.71886e-05 | 15  0.05365  2.28678e-05
 16 -0.00022  1.48265e-05 | 17 -0.05588  3.31785e-06 | 18  0.00179  2.83368e-05
 19 -0.00484  1.54493e-05 | 20  0.06801  2.41551e-05 | 21  0.06757  2.37585e-05
 22 -0.02458  4.45097e-06 | 23 -0.01205  1.29675e-05 | 24 -0.09667 -1.52872e-05
 25 -0.00401 -1.16779e-05 | 26 -0.01778 -1.49151e-06 | 27 -0.00539  1.66301e-06
 28  0.04685 -3.60303e-05 | 29 -0.00188  2.02191e-05 | 30  0.07386 -2.90333e-05
 31 -0.00439  1.65981e-05 | 32  0.07889 -9.36224e-05 | 33  0.03672 -2.29603e-05
 34  0.05638  4.42844e-05 | 35  0.00908 -2.69860e-05 | 36 -0.02832  5.14848e-05
 37  0.01229  5.45902e-05 | 38  0.00984 -2.21910e-05 | 39  0.12607  3.79386e-05
 40  0.12703 -2.85172e-04 | 41  0.14519 -5.22928e-06 | 42  0.11356  2.80578e-05
 43 -0.60443  7.13557e-07 | 44 -0.25790 -5.61810e-08 | 45 -0.03742 -1.72117e-07
 46 -0.72612 -2.59037e-08 | 47 -0.70366  9.38639e-06 | 48 -0.71708 -9.40310e-06
 49 -0.79290 -1.05587e-04 | 50 -0.68576  7.21673e-05 | 51 -0.59638  7.46930e-07
 52 -0.36515  3.49224e-07 | 53 -0.20624  1.43859e-03 | 54 -0.14009 -1.31043e-03
 55 -0.17501 -9.63973e-02 | 56 -0.17383  3.89331e-02 | 57 -0.09612  3.67614e-04
 58 -0.12180  1.13411e-03 |
58 variables; iteration 200; function evaluation 243; phase 4
Function value 1.8458369e+02; maximum gradient component mag -4.4498e-01
Var    Value     Gradient |Var    Value     Gradient |Var    Value     Gradient
  1  0.15840 -2.35994e-02 |  2 -0.14934 -5.11568e-06 |  3 -0.01985 -5.61081e-06
  4 -0.06217  7.35548e-06 |  5 -0.01654 -7.86600e-06 |  6 -0.06856  3.25076e-04
  7 -0.11275  3.19983e-04 |  8 -0.07265  3.34194e-04 |  9 -0.06346  3.29450e-04
 10  0.02173  3.26797e-04 | 11 -0.00066  3.37561e-04 | 12  0.03582  3.28339e-04
 13  0.00296  3.42638e-04 | 14 -0.00193  3.33668e-04 | 15  0.05365  3.46777e-04
 16 -0.00022  3.39905e-04 | 17 -0.05588  3.22412e-04 | 18  0.00179  3.39591e-04
 19 -0.00484  3.43970e-04 | 20  0.06801  3.27947e-04 | 21  0.06757  3.24370e-04
 22 -0.02458  2.27644e-04 | 23 -0.01205  2.66651e-04 | 24 -0.09667  2.22220e-04
 25 -0.00401  8.39151e-05 | 26 -0.01778  1.30335e-04 | 27 -0.00539 -6.39102e-05
 28  0.04685 -1.18930e-03 | 29 -0.00188 -4.02554e-04 | 30  0.07386 -1.34217e-03
 31 -0.00439  1.55218e-04 | 32  0.07889 -2.08367e-03 | 33  0.03672 -6.90473e-04
 34  0.05638 -4.95301e-04 | 35  0.00908 -7.88614e-05 | 36 -0.02832  2.06516e-04
 37  0.01229  1.79273e-04 | 38  0.00984 -4.36192e-04 | 39  0.12607 -1.88510e-05
 40  0.12703 -8.44922e-03 | 41  0.14519 -5.72015e-06 | 42  0.11356  8.40635e-04
 43 -0.60443  2.49455e-07 | 44 -0.25792 -2.91444e-07 | 45 -0.03735  1.62636e-07
 46 -0.72613 -1.85175e-08 | 47 -0.70366  2.79195e-04 | 48 -0.71708 -2.93354e-04
 49 -0.79290 -8.90189e-06 | 50 -0.68577  5.45702e-06 | 51 -0.59638 -1.80972e-07
 52 -0.36516 -1.05063e-07 | 53 -0.21253  4.77859e-02 | 54 -0.14012 -3.79887e-02
 55 -0.17480 -4.44976e-01 | 56 -0.17333  1.84261e-01 | 57 -0.09016  6.11867e-03
 58 -0.11577  4.37770e-02 |
58 variables; iteration 220; function evaluation 268; phase 4
Function value 1.8458368e+02; maximum gradient component mag -3.2565e+00
Var    Value     Gradient |Var    Value     Gradient |Var    Value     Gradient
  1  0.15840 -9.23577e-02 |  2 -0.14934 -2.09375e-05 |  3 -0.01985 -3.42634e-04
  4 -0.06217 -4.29510e-04 |  5 -0.01654  1.09536e-04 |  6 -0.06856  9.38269e-04
  7 -0.11275  8.39636e-04 |  8 -0.07265  1.35000e-03 |  9 -0.06346  1.35022e-03
 10  0.02173  9.15559e-04 | 11 -0.00066  6.86948e-04 | 12  0.03582  1.29524e-03
 13  0.00296  1.41778e-03 | 14 -0.00193  5.62105e-04 | 15  0.05365  1.04318e-03
 16 -0.00022  1.06888e-03 | 17 -0.05588  9.39707e-04 | 18  0.00179  7.06843e-04
 19 -0.00484  1.34173e-03 | 20  0.06801  1.04451e-03 | 21  0.06757  1.10796e-03
 22 -0.02458  8.73346e-04 | 23 -0.01205  9.47219e-04 | 24 -0.09667  8.94955e-04
 25 -0.00401  6.39163e-04 | 26 -0.01778 -4.86270e-04 | 27 -0.00539 -2.64025e-03
 28  0.04686 -1.00236e-02 | 29 -0.00188 -7.94733e-04 | 30  0.07386 -4.70211e-03
 31 -0.00439  4.08597e-03 | 32  0.07889 -7.30737e-03 | 33  0.03672  4.92504e-04
 34  0.05638 -4.99954e-03 | 35  0.00908 -7.25981e-04 | 36 -0.02832 -1.60884e-03
 37  0.01228 -1.85213e-03 | 38  0.00984  5.65254e-03 | 39  0.12607 -2.21534e-03
 40  0.12703 -8.97436e-03 | 41  0.14519 -4.02596e-04 | 42  0.11356  1.28795e-02
 43 -0.60460 -1.97137e-05 | 44 -0.25768 -3.11819e-06 | 45 -0.03605  6.70242e-06
 46 -0.72616  1.48418e-06 | 47 -0.70368  3.24913e-03 | 48 -0.71710 -3.43785e-03
 49 -0.79302  3.99917e-03 | 50 -0.68595 -2.76144e-03 | 51 -0.59654 -2.82870e-05
 52 -0.36527 -1.17184e-05 | 53 -0.23121  5.85135e-02 | 54 -0.14010 -4.68309e-02
 55 -0.17070 -3.25647e+00 | 56 -0.16350  1.35948e+00 | 57 -0.07242  7.36838e-03
 58 -0.09795  5.49466e-02 |
58 variables; iteration 240; function evaluation 293; phase 4
Function value 1.8458366e+02; maximum gradient component mag -2.6988e-01
Var    Value     Gradient |Var    Value     Gradient |Var    Value     Gradient
  1  0.15840  2.04814e-01 |  2 -0.14934 -4.58617e-07 |  3 -0.01985  2.10828e-04
  4 -0.06217  1.75867e-04 |  5 -0.01654  4.90583e-05 |  6 -0.06856 -2.68410e-03
  7 -0.11275 -2.56800e-03 |  8 -0.07265 -2.96827e-03 |  9 -0.06346 -2.89402e-03
 10  0.02173 -2.69064e-03 | 11 -0.00066 -2.62231e-03 | 12  0.03582 -2.81934e-03
 13  0.00296 -2.86687e-03 | 14 -0.00193 -2.59362e-03 | 15  0.05365 -2.77306e-03
 16 -0.00022 -2.81752e-03 | 17 -0.05588 -2.67361e-03 | 18  0.00179 -2.74908e-03
 19 -0.00484 -2.89510e-03 | 20  0.06801 -2.73292e-03 | 21  0.06757 -2.73220e-03
 22 -0.02458 -2.10430e-03 | 23 -0.01205 -2.24571e-03 | 24 -0.09667 -1.93465e-03
 25 -0.00401 -5.74996e-04 | 26 -0.01778  1.37789e-04 | 27 -0.00539  3.62314e-03
 28  0.04686  1.91424e-02 | 29 -0.00188  4.42408e-04 | 30  0.07386  1.04360e-02
 31 -0.00439 -7.10297e-03 | 32  0.07889  2.08612e-02 | 33  0.03672  2.47846e-03
 34  0.05638  7.24996e-03 | 35  0.00908  2.44908e-03 | 36 -0.02832 -3.17271e-04
 37  0.01228  5.71978e-04 | 38  0.00983 -6.35412e-03 | 39  0.12607  1.13282e-03
 40  0.12703  4.63224e-02 | 41  0.14519  3.23997e-05 | 42  0.11356 -2.35777e-02
 43 -0.60431  1.72916e-05 | 44 -0.25798  3.30848e-06 | 45 -0.03834 -4.85303e-06
 46 -0.72610 -6.31763e-07 | 47 -0.70366 -4.13196e-03 | 48 -0.71708  4.33501e-03
 49 -0.79283 -2.14573e-03 | 50 -0.68566  1.48500e-03 | 51 -0.59627  2.14665e-05
 52 -0.36504  9.18978e-06 | 53 -0.25015 -2.63327e-01 | 54 -0.14061  2.11195e-01
 55 -0.15831 -2.69881e-01 | 56 -0.13393  1.13235e-01 | 57 -0.05543 -3.20103e-02
 58 -0.08051 -2.50173e-01 |
58 variables; iteration 260; function evaluation 313; phase 4
Function value 1.8458366e+02; maximum gradient component mag 3.0115e-01
Var    Value     Gradient |Var    Value     Gradient |Var    Value     Gradient
  1  0.15840 -1.04768e-01 |  2 -0.14934 -2.32675e-04 |  3 -0.01985  2.53406e-03
  4 -0.06217  2.48479e-03 |  5 -0.01654  1.80946e-03 |  6 -0.06856  3.63951e-03
  7 -0.11275  2.70217e-03 |  8 -0.07265  2.83873e-03 |  9 -0.06345  1.88403e-03
 10  0.02174  2.40219e-03 | 11 -0.00066  3.01389e-03 | 12  0.03582  3.23195e-03
 13  0.00296  3.10943e-03 | 14 -0.00193  3.59978e-03 | 15  0.05365  1.26349e-03
 16 -0.00022  1.75342e-03 | 17 -0.05588  1.47048e-03 | 18  0.00179  1.44337e-03
 19 -0.00484  1.79366e-03 | 20  0.06801  1.23250e-03 | 21  0.06757  1.05671e-03
 22 -0.02458  5.60112e-04 | 23 -0.01205  1.03771e-03 | 24 -0.09667  8.99670e-04
 25 -0.00401  8.09368e-04 | 26 -0.01778  1.65133e-03 | 27 -0.00540  1.50859e-03
 28  0.04685 -1.97976e-03 | 29 -0.00188 -7.68795e-03 | 30  0.07386 -6.74695e-03
 31 -0.00439  1.31394e-03 | 32  0.07889 -6.95973e-03 | 33  0.03672 -3.26472e-04
 34  0.05638 -7.09349e-03 | 35  0.00908 -2.73566e-03 | 36 -0.02833 -2.37894e-03
 37  0.01228 -2.82349e-03 | 38  0.00984 -8.54112e-03 | 39  0.12607  2.26959e-03
 40  0.12703 -5.12426e-02 | 41  0.14519  3.42372e-03 | 42  0.11356 -3.51062e-03
 43 -0.60467 -2.22085e-05 | 44 -0.25745 -1.84352e-06 | 45 -0.03646  4.66578e-06
 46 -0.72615  1.50513e-06 | 47 -0.70370  3.79574e-03 | 48 -0.71712 -4.02987e-03
 49 -0.79295  5.27294e-03 | 50 -0.68585 -3.50809e-03 | 51 -0.59674 -1.34182e-05
 52 -0.36444  4.03441e-06 | 53 -0.24275  3.01149e-01 | 54 -0.14106 -2.55790e-01
 55 -0.15771  7.31896e-02 | 56 -0.13252 -3.04735e-02 | 57 -0.06293  5.60399e-02
 58 -0.08772  2.66195e-01 |
58 variables; iteration 280; function evaluation 334; phase 4
Function value 1.8458365e+02; maximum gradient component mag 1.8993e-01
Var    Value     Gradient |Var    Value     Gradient |Var    Value     Gradient
  1  0.15840 -6.49685e-02 |  2 -0.14934 -1.28171e-04 |  3 -0.01985  1.27417e-03
  4 -0.06217  1.37306e-03 |  5 -0.01654  8.45399e-04 |  6 -0.06856  2.06736e-03
  7 -0.11275  1.78167e-03 |  8 -0.07265  1.61700e-03 |  9 -0.06345  1.16118e-03
 10  0.02174  1.53462e-03 | 11 -0.00066  1.89419e-03 | 12  0.03582  1.80720e-03
 13  0.00296  1.73669e-03 | 14 -0.00193  2.26948e-03 | 15  0.05365  8.68817e-04
 16 -0.00022  1.06861e-03 | 17 -0.05588  1.01480e-03 | 18  0.00179  1.09244e-03
 19 -0.00484  1.06426e-03 | 20  0.06801  8.43304e-04 | 21  0.06757  7.86228e-04
 22 -0.02458  5.38845e-04 | 23 -0.01205  8.50461e-04 | 24 -0.09667  7.53884e-04
 25 -0.00401  5.50433e-04 | 26 -0.01778  1.03223e-03 | 27 -0.00540  1.09375e-03
 28  0.04685 -8.39146e-04 | 29 -0.00188 -3.90328e-03 | 30  0.07386 -4.13718e-03
 31 -0.00439  5.27201e-04 | 32  0.07889 -5.08478e-03 | 33  0.03672 -4.63403e-04
 34  0.05638 -3.57742e-03 | 35  0.00908 -1.98553e-03 | 36 -0.02832 -5.41743e-04
 37  0.01228 -3.31002e-04 | 38  0.00984 -5.66571e-03 | 39  0.12607  1.13369e-03
 40  0.12703 -3.26976e-02 | 41  0.14519  1.95917e-03 | 42  0.11356 -2.97764e-03
 43 -0.60443 -1.70227e-08 | 44 -0.25791 -2.81929e-07 | 45 -0.03731  3.61593e-07
 46 -0.72613 -8.18421e-08 | 47 -0.70367  1.07560e-03 | 48 -0.71709 -1.14017e-03
 49 -0.79286 -1.70791e-05 | 50 -0.68570  6.74802e-05 | 51 -0.59645  5.91386e-06
 52 -0.36487  5.75313e-06 | 53 -0.22276  1.89932e-01 | 54 -0.14015 -1.52119e-01
 55 -0.15796  5.93897e-02 | 56 -0.13312 -2.49078e-02 | 57 -0.08046  2.51390e-02
 58 -0.10600  1.74675e-01 |
58 variables; iteration 300; function evaluation 357; phase 4
Function value 1.8458365e+02; maximum gradient component mag 2.6406e-02
Var    Value     Gradient |Var    Value     Gradient |Var    Value     Gradient
  1  0.15840 -1.40024e-02 |  2 -0.14934 -1.40562e-05 |  3 -0.01985  4.31333e-05
  4 -0.06217  4.05073e-05 |  5 -0.01654  7.39079e-05 |  6 -0.06856  2.04156e-04
  7 -0.11275  1.77435e-04 |  8 -0.07265  2.36390e-04 |  9 -0.06346  2.14752e-04
 10  0.02173  1.88386e-04 | 11 -0.00066  1.92253e-04 | 12  0.03582  2.68440e-04
 13  0.00296  2.79917e-04 | 14 -0.00193  1.89455e-04 | 15  0.05365  1.98971e-04
 16 -0.00022  2.12167e-04 | 17 -0.05588  1.76167e-04 | 18  0.00179  1.57513e-04
 19 -0.00484  2.37418e-04 | 20  0.06801  1.66740e-04 | 21  0.06757  1.93598e-04
 22 -0.02458  1.28923e-04 | 23 -0.01205  1.68942e-04 | 24 -0.09667  1.42613e-04
 25 -0.00401  1.49905e-04 | 26 -0.01778  8.47440e-05 | 27 -0.00539 -3.57923e-05
 28  0.04685 -5.66561e-04 | 29 -0.00188 -7.20847e-04 | 30  0.07386 -9.03402e-04
 31 -0.00439  2.01330e-04 | 32  0.07889 -7.85082e-04 | 33  0.03672 -1.27050e-04
 34  0.05638 -6.54881e-04 | 35  0.00908 -7.86905e-05 | 36 -0.02832 -2.35393e-04
 37  0.01229 -1.55579e-04 | 38  0.00984 -3.62538e-04 | 39  0.12607 -1.63253e-04
 40  0.12703 -4.39045e-03 | 41  0.14519  1.10056e-04 | 42  0.11356  1.70682e-04
 43 -0.60449 -4.42553e-06 | 44 -0.25779 -3.18452e-07 | 45 -0.03734  2.27757e-07
 46 -0.72613  1.81702e-07 | 47 -0.70366  9.88864e-05 | 48 -0.71708 -1.08788e-04
 49 -0.79291  5.20135e-04 | 50 -0.68578 -3.53721e-04 | 51 -0.59642 -2.49958e-06
 52 -0.36512 -4.28094e-07 | 53 -0.20738  2.64064e-02 | 54 -0.14008 -2.11378e-02
 55 -0.15805 -5.56682e-03 | 56 -0.13334  2.32367e-03 | 57 -0.09502  3.65408e-03
 58 -0.12070  2.37718e-02 |

 - final statistics:
58 variables; iteration 310; function evaluation 369
Function value 1.8458e+02; maximum gradient component mag 1.6808e-05
Exit code = 1;  converg criter 1.0000e-04
Var    Value     Gradient |Var    Value     Gradient |Var    Value     Gradient
  1  0.15840  5.23704e-06 |  2 -0.14934 -5.60307e-08 |  3 -0.01985  3.88640e-07
  4 -0.06217  4.81580e-07 |  5 -0.01654  3.79428e-07 |  6 -0.06856  3.46461e-07
  7 -0.11275  1.37203e-07 |  8 -0.07265  2.56863e-07 |  9 -0.06346 -1.32483e-08
 10  0.02173  1.07931e-07 | 11 -0.00066  1.95063e-07 | 12  0.03582  4.05696e-07
 13  0.00296  3.00045e-07 | 14 -0.00193  2.68776e-07 | 15  0.05365 -2.10244e-07
 16 -0.00022 -7.76684e-08 | 17 -0.05588 -1.05527e-07 | 18  0.00179 -2.01797e-07
 19 -0.00484  6.93315e-08 | 20  0.06801 -1.71875e-07 | 21  0.06757 -1.49066e-07
 22 -0.02458 -1.52209e-08 | 23 -0.01205 -5.65088e-08 | 24 -0.09667  6.51173e-08
 25 -0.00401  3.27491e-07 | 26 -0.01778  1.20250e-07 | 27 -0.00539  2.02459e-07
 28  0.04685  8.44995e-07 | 29 -0.00188 -1.53359e-06 | 30  0.07386  2.17493e-08
 31 -0.00439  5.24476e-07 | 32  0.07889  1.12443e-06 | 33  0.03672  1.89234e-06
 34  0.05638 -1.30140e-06 | 35  0.00908 -9.51513e-07 | 36 -0.02832 -7.86133e-07
 37  0.01229 -8.41732e-07 | 38  0.00984 -8.11082e-07 | 39  0.12607 -7.39596e-09
 40  0.12703  2.67390e-06 | 41  0.14519  9.82890e-07 | 42  0.11356 -1.30109e-06
 43 -0.60444 -4.24270e-09 | 44 -0.25788  2.73013e-10 | 45 -0.03738 -1.15061e-09
 46 -0.72612 -4.64922e-11 | 47 -0.70366 -1.05887e-06 | 48 -0.71708  1.09918e-06
 49 -0.79290  6.50967e-07 | 50 -0.68576 -3.87317e-07 | 51 -0.59638  3.39361e-09
 52 -0.36515  3.04096e-09 | 53 -0.20564 -1.08752e-05 | 54 -0.14004  1.11697e-05
 55 -0.15803  1.68081e-05 | 56 -0.13329 -7.06972e-06 | 57 -0.09663 -5.02245e-06
 58 -0.12236 -6.28374e-06 |
Estimating row 1 out of 58 for hessian
Estimating row 2 out of 58 for hessian
Estimating row 3 out of 58 for hessian
Estimating row 4 out of 58 for hessian
Estimating row 5 out of 58 for hessian
Estimating row 6 out of 58 for hessian
Estimating row 7 out of 58 for hessian
Estimating row 8 out of 58 for hessian
Estimating row 9 out of 58 for hessian
Estimating row 10 out of 58 for hessian
Estimating row 11 out of 58 for hessian
Estimating row 12 out of 58 for hessian
Estimating row 13 out of 58 for hessian
Estimating row 14 out of 58 for hessian
Estimating row 15 out of 58 for hessian
Estimating row 16 out of 58 for hessian
Estimating row 17 out of 58 for hessian
Estimating row 18 out of 58 for hessian
Estimating row 19 out of 58 for hessian
Estimating row 20 out of 58 for hessian
Estimating row 21 out of 58 for hessian
Estimating row 22 out of 58 for hessian
Estimating row 23 out of 58 for hessian
Estimating row 24 out of 58 for hessian
Estimating row 25 out of 58 for hessian
Estimating row 26 out of 58 for hessian
Estimating row 27 out of 58 for hessian
Estimating row 28 out of 58 for hessian
Estimating row 29 out of 58 for hessian
Estimating row 30 out of 58 for hessian
Estimating row 31 out of 58 for hessian
Estimating row 32 out of 58 for hessian
Estimating row 33 out of 58 for hessian
Estimating row 34 out of 58 for hessian
Estimating row 35 out of 58 for hessian
Estimating row 36 out of 58 for hessian
Estimating row 37 out of 58 for hessian
Estimating row 38 out of 58 for hessian
Estimating row 39 out of 58 for hessian
Estimating row 40 out of 58 for hessian
Estimating row 41 out of 58 for hessian
Estimating row 42 out of 58 for hessian
Estimating row 43 out of 58 for hessian
Estimating row 44 out of 58 for hessian
Estimating row 45 out of 58 for hessian
Estimating row 46 out of 58 for hessian
Estimating row 47 out of 58 for hessian
Estimating row 48 out of 58 for hessian
Estimating row 49 out of 58 for hessian
Estimating row 50 out of 58 for hessian
Estimating row 51 out of 58 for hessian
Estimating row 52 out of 58 for hessian
Estimating row 53 out of 58 for hessian
Estimating row 54 out of 58 for hessian
Estimating row 55 out of 58 for hessian
Estimating row 56 out of 58 for hessian
Estimating row 57 out of 58 for hessian
Estimating row 58 out of 58 for hessian
size of file gradfil1.tmp = 0
size of file gradfil2.tmp = 0
size of file varssave.tmp = 0
size of file cmpdiff.tmp = 0
