
Initial statistics: 4 variables; iteration 0; function evaluation 0; phase 1
Function value 8.0890530e+03; maximum gradient component mag 3.4443e+04
Var    Value     Gradient |Var    Value     Gradient |Var    Value     Gradient
  1  0.39650  3.44435e+04 |  2  0.21635  2.93158e+04 |  3  0.21635  2.15809e+04
  4  0.21635  1.42696e+04 |

 - final statistics:
4 variables; iteration 13; function evaluation 24
Function value 3.6070e+03; maximum gradient component mag 8.1605e+00
Exit code = 1;  converg criter 1.0000e+01
Var    Value     Gradient |Var    Value     Gradient |Var    Value     Gradient
  1  0.18552  2.21469e+00 |  2  0.21618  8.16046e+00 |  3  0.20362  4.54246e+00
  4  0.19582 -6.88669e+00 |

Initial statistics: 54 variables; iteration 0; function evaluation 0; phase 2
Function value 3.6069520e+03; maximum gradient component mag -7.4496e+03
Var    Value     Gradient |Var    Value     Gradient |Var    Value     Gradient
  1  0.18552  2.21469e+00 |  2  0.00000  4.87131e+01 |  3  0.00000 -1.05313e+02
  4  0.00000  4.28724e+01 |  5  0.00000 -6.53948e+01 |  6  0.00000 -2.53793e+01
  7  0.00000  5.32842e+01 |  8  0.00000  7.12629e+00 |  9  0.00000  1.08618e+01
 10  0.00000 -7.34703e+01 | 11  0.00000  1.38197e+01 | 12  0.00000 -4.36056e+01
 13  0.00000  2.50282e+00 | 14  0.00000  4.13535e+00 | 15  0.00000 -5.97216e+01
 16  0.00000  6.21571e+01 | 17  0.00000  2.06572e+02 | 18  0.00000 -6.24732e+01
 19  0.00000  1.87996e+02 | 20  0.00000 -2.53805e+02 | 21  0.00000 -2.44983e+02
 22  0.00000  1.07864e+02 | 23  0.00000  8.97471e+01 | 24  0.00000  2.56492e+02
 25  0.00000 -5.25946e+01 | 26  0.00000  2.16018e+02 | 27  0.00000  4.48537e+02
 28  0.00000 -5.59377e+02 | 29  0.00000 -1.07636e+02 | 30  0.00000 -1.67478e+02
 31  0.00000  2.16996e+02 | 32  0.00000 -3.10473e+02 | 33  0.00000 -1.36320e+02
 34  0.00000 -1.20850e+02 | 35  0.00000  6.94234e+01 | 36  0.00000 -2.48622e+01
 37  0.00000  9.50692e+01 | 38  0.00000  1.94427e+02 | 39  0.21618  8.16046e+00
 40  0.20362  4.54246e+00 | 41  0.21635 -5.67441e+02 | 42  0.19582 -6.88669e+00
 43 -1.00000 -1.08293e-07 | 44  0.00000  1.07920e-04 | 45  0.00000  3.40870e-01
 46 -0.53989  7.19410e+00 | 47 -1.00000 -1.08293e-07 | 48 -0.53989  1.36961e+01
 49 -1.00000 -1.08293e-07 | 50 -0.53989  3.60473e+00 | 51 -0.32288  5.70865e+02
 52  0.21635  1.75861e+01 | 53 -0.17585 -2.05985e+03 | 54 -0.12819 -7.44961e+03

Intermediate statistics: 54 variables; iteration 20; function evaluation 33; phase 2
Function value 3.3328351e+03; maximum gradient component mag -2.6093e+04
Var    Value     Gradient |Var    Value     Gradient |Var    Value     Gradient
  1  0.13782 -2.60929e+04 |  2 -0.12640 -2.50454e+01 |  3  0.26588  2.07955e+02
  4  0.07876 -5.58014e+01 |  5  0.15920  9.45006e+01 |  6  0.08416  4.00172e+02
  7 -0.04694  2.79639e+02 |  8 -0.00446  3.41567e+02 |  9  0.01566  3.46504e+02
 10  0.16249  4.75012e+02 | 11  0.06435  3.44071e+02 | 12  0.07707  3.38850e+02
 13 -0.05386  1.90356e+02 | 14  0.00908  1.95806e+02 | 15  0.07197 -1.70931e+02
 16 -0.03660 -2.35415e+02 | 17 -0.05102 -4.20551e+02 | 18  0.01636  3.04656e+02
 19  0.00311  2.52524e+02 | 20 -0.00085 -3.38669e+02 | 21  0.02457 -6.78316e+02
 22 -0.08948 -5.48169e+02 | 23 -0.03887 -1.41046e+03 | 24 -0.29988 -5.70135e+02
 25  0.07513 -3.91985e+02 | 26 -0.03243 -5.22785e+02 | 27 -0.15029 -5.26490e+02
 28  0.07607 -5.52287e+02 | 29  0.00868  2.55215e+01 | 30  0.05842  6.28400e+02
 31 -0.01622  2.54626e+02 | 32  0.02457  1.04281e+02 | 33  0.00629 -3.69300e+01
 34  0.03587 -1.55446e+01 | 35 -0.01217 -2.74563e+02 | 36  0.01564  2.36441e+02
 37  0.03324  9.65692e+02 | 38 -0.06073  2.95165e+02 | 39  0.25293 -1.33347e+03
 40  0.25470 -5.67288e+02 | 41  0.25839 -8.76970e+02 | 42  0.22498  4.73726e+02
 43 -0.93745 -3.15593e-02 | 44 -0.00000 -2.14072e-05 | 45 -0.00054  5.49389e-01
 46 -0.55142  1.19955e+01 | 47 -0.64995 -3.63784e+02 | 48 -0.61353  3.32501e+02
 49 -0.87094 -1.32643e+02 | 50 -0.56766  4.09001e+01 | 51 -0.31213 -1.35984e+02
 52  0.20032 -3.12850e+00 | 53 -0.15056 -9.66688e+02 | 54 -0.12631 -6.21962e+03
54 variables; iteration 40; function evaluation 56; phase 2
Function value 3.3096887e+03; maximum gradient component mag -1.7814e+04
Var    Value     Gradient |Var    Value     Gradient |Var    Value     Gradient
  1  0.13853 -1.78145e+04 |  2 -0.43316 -6.06053e+01 |  3  0.31524  2.06579e+02
  4  0.16648  2.31888e+01 |  5  0.20003  1.05579e+02 |  6  0.10666  2.69486e+02
  7 -0.02363  1.69872e+02 |  8  0.00308  2.19192e+02 |  9  0.01911  2.26129e+02
 10  0.15367  3.61140e+02 | 11  0.08141  2.78635e+02 | 12  0.08401  2.84893e+02
 13 -0.09765  5.41333e+01 | 14  0.00885  1.74165e+02 | 15  0.08630 -3.71605e+01
 16 -0.05201 -1.38581e+02 | 17 -0.04665 -3.00681e+02 | 18  0.00824  2.31916e+02
 19 -0.00309  2.36975e+02 | 20  0.00818 -2.48785e+02 | 21  0.00505 -4.33500e+02
 22 -0.01259 -4.52617e+02 | 23 -0.06718 -9.73617e+02 | 24 -0.30597 -5.73190e+02
 25  0.05659 -1.38232e+02 | 26 -0.01163 -2.00172e+02 | 27 -0.15152 -3.82360e+02
 28  0.07252 -4.61470e+02 | 29  0.01244  8.14281e+01 | 30  0.05763  6.29277e+02
 31 -0.02247  1.35912e+02 | 32  0.02507  2.37871e+01 | 33  0.00524 -1.46459e+02
 34  0.03073 -1.35151e+02 | 35 -0.01022 -3.40953e+02 | 36  0.02667  3.01630e+02
 37  0.01399  8.63893e+02 | 38 -0.08167  1.17097e+02 | 39  0.25328 -9.17118e+02
 40  0.25241 -1.20485e+03 | 41  0.26364 -4.96875e+02 | 42  0.22665  5.82595e+02
 43 -0.48668  2.41929e-01 | 44 -0.00001  3.26063e-02 | 45 -0.00115  2.66341e-01
 46 -0.57113  6.09719e+00 | 47 -0.64402 -5.42842e+02 | 48 -0.60567  4.94319e+02
 49 -0.75183 -8.01528e+01 | 50 -0.60136  4.98364e+01 | 51 -0.30834 -2.65093e+02
 52 -0.03279 -6.86028e+00 | 53 -0.14609  8.53055e+02 | 54 -0.12534 -7.02048e+03
54 variables; iteration 60; function evaluation 80; phase 2
Function value 3.1001774e+03; maximum gradient component mag -1.6856e+04
Var    Value     Gradient |Var    Value     Gradient |Var    Value     Gradient
  1  0.13894 -1.68564e+04 |  2 -0.48326 -6.12179e+01 |  3  0.17633  1.75711e+02
  4  0.06605  2.51047e+01 |  5  0.08910  2.93282e+01 |  6  0.04827  2.87679e+02
  7 -0.03878  2.13428e+02 |  8  0.01546  2.79085e+02 |  9  0.01843  2.39465e+02
 10  0.14464  3.70620e+02 | 11  0.07244  2.90679e+02 | 12  0.06219  2.66525e+02
 13 -0.03766  1.56966e+02 | 14  0.00105  1.96328e+02 | 15  0.08882  5.80613e+01
 16 -0.05125 -8.17539e+01 | 17 -0.04416 -1.44914e+02 | 18  0.00858  2.58301e+02
 19 -0.04130  1.64512e+02 | 20  0.02790 -1.29187e+02 | 21  0.00044 -4.26060e+02
 22  0.01695 -3.48449e+02 | 23 -0.10488 -9.80382e+02 | 24 -0.26013 -7.55410e+02
 25  0.01313 -5.36757e+02 | 26 -0.00593 -9.45581e+02 | 27 -0.14098 -8.41479e+02
 28  0.08680  2.36116e+01 | 29  0.00752  2.91935e+02 | 30  0.03949  5.79943e+02
 31 -0.01299  4.30222e+02 | 32  0.02394  1.48299e+02 | 33  0.01907  1.11364e+02
 34  0.03041  5.35963e+01 | 35  0.02678  1.96953e+00 | 36  0.02276  2.07659e+02
 37 -0.00980  4.49363e+02 | 38 -0.03370  2.08628e+02 | 39  0.25745 -4.66910e+02
 40  0.26072 -3.44690e+02 | 41  0.27884  3.89737e+02 | 42  0.21850 -1.00085e+02
 43 -0.38669 -1.23160e+01 | 44 -1.46338  5.66597e-01 | 45 -0.36815  8.62396e-01
 46 -0.45447  1.96851e+01 | 47 -0.78005 -3.66782e+02 | 48 -0.76617  3.44544e+02
 49 -0.81820  2.82118e+01 | 50 -0.75258 -2.06242e+01 | 51 -0.28984 -4.46884e+02
 52 -1.44282  3.95730e+00 | 53 -0.10674 -3.43175e+02 | 54 -0.07774  1.27968e+03
Maximum number of function evaluations exceeded

 - final statistics:
54 variables; iteration 77; function evaluation 100
Function value 2.9023e+03; maximum gradient component mag -4.8506e+04
Exit code = 3;  converg criter 1.0000e+01
Var    Value     Gradient |Var    Value     Gradient |Var    Value     Gradient
  1  0.13487 -1.01607e+04 |  2 -0.28192 -4.12434e+01 |  3  0.02761  8.42096e+01
  4 -0.03341  1.66668e+01 |  5  0.01838  4.52044e+01 |  6 -0.03961  1.96999e+02
  7 -0.09556  1.65106e+02 |  8 -0.04482  1.92045e+02 |  9 -0.05971  1.41894e+02
 10  0.06793  1.99965e+02 | 11  0.03306  1.64830e+02 | 12  0.06970  1.74447e+02
 13 -0.00124  1.22358e+02 | 14 -0.02466  5.54180e+01 | 15  0.09275 -7.92613e+01
 16  0.00738 -2.42412e+02 | 17 -0.05385 -1.78916e+02 | 18  0.00074  1.11242e+02
 19 -0.02093  9.55142e+01 | 20  0.02806 -1.72770e+02 | 21  0.05497 -3.05151e+02
 22 -0.05645 -3.06983e+02 | 23 -0.14856 -7.65764e+02 | 24 -0.08664 -2.62818e+02
 25  0.03066 -2.75128e+02 | 26 -0.03198 -2.30452e+02 | 27 -0.02791 -3.83244e+02
 28  0.06916 -2.32544e+02 | 29  0.00304  7.92409e+00 | 30  0.03826  3.83653e+02
 31 -0.01212  2.48457e+02 | 32  0.02670  9.80962e+01 | 33  0.02848  9.91247e+01
 34  0.04884  1.51486e+02 | 35  0.04516  5.91921e+01 | 36  0.03394  1.96528e+02
 37  0.00672  4.06882e+02 | 38  0.01487  1.00866e+02 | 39  0.26579 -3.28775e+02
 40  0.26316 -2.94110e+02 | 41  0.27480  6.82797e+01 | 42  0.21803  1.34611e+01
 43 -0.37281 -5.89891e+01 | 44 -2.81748  3.45787e-01 | 45 -0.21604  1.23567e-01
 46 -0.56780  3.11683e+00 | 47 -0.99510  4.34438e+04 | 48 -0.99561 -4.85057e+04
 49 -0.88195  1.55137e+02 | 50 -0.85832 -1.29132e+02 | 51 -0.27108 -1.25988e+02
 52 -3.50494  6.68565e-01 | 53 -0.09303  2.49931e+02 | 54 -0.06970 -6.13854e+01

Initial statistics: 54 variables; iteration 0; function evaluation 0; phase 3
Function value 2.9023338e+03; maximum gradient component mag -4.8506e+04
Var    Value     Gradient |Var    Value     Gradient |Var    Value     Gradient
  1  0.13487 -1.01607e+04 |  2 -0.28192 -4.12434e+01 |  3  0.02761  8.42096e+01
  4 -0.03341  1.66668e+01 |  5  0.01838  4.52044e+01 |  6 -0.03954  1.99597e+02
  7 -0.09549  1.67681e+02 |  8 -0.04475  1.94642e+02 |  9 -0.05964  1.44486e+02
 10  0.06800  2.02550e+02 | 11  0.03313  1.67427e+02 | 12  0.06977  1.77031e+02
 13 -0.00117  1.24960e+02 | 14 -0.02459  5.80183e+01 | 15  0.09282 -7.66856e+01
 16  0.00745 -2.39809e+02 | 17 -0.05378 -1.76325e+02 | 18  0.00081  1.13844e+02
 19 -0.02086  9.81151e+01 | 20  0.02813 -1.70170e+02 | 21  0.05504 -3.02556e+02
 22 -0.05638 -3.04395e+02 | 23 -0.14849 -7.63253e+02 | 24 -0.08657 -2.60244e+02
 25  0.03073 -2.72527e+02 | 26 -0.03191 -2.27855e+02 | 27 -0.02784 -3.80646e+02
 28  0.06923 -2.29955e+02 | 29  0.00311  1.05260e+01 | 30  0.03833  3.86248e+02
 31 -0.01205  2.51059e+02 | 32  0.02677  1.00695e+02 | 33  0.02855  1.01724e+02
 34  0.04891  1.54079e+02 | 35  0.04523  6.17870e+01 | 36  0.03401  1.99126e+02
 37  0.00679  4.09484e+02 | 38  0.01494  1.03467e+02 | 39  0.26579 -3.28775e+02
 40  0.26316 -2.94110e+02 | 41  0.27480  6.82797e+01 | 42  0.21803  1.34611e+01
 43 -0.37281 -5.89891e+01 | 44  0.81748 -3.45787e-01 | 45 -0.21604  1.23567e-01
 46 -0.56780  3.11683e+00 | 47 -0.99510  4.34438e+04 | 48 -0.99561 -4.85057e+04
 49 -0.88195  1.55137e+02 | 50 -0.85832 -1.29132e+02 | 51 -0.27108 -1.25988e+02
 52  0.49506  6.68565e-01 | 53 -0.09303  2.49931e+02 | 54 -0.06970 -6.13854e+01

Intermediate statistics: 54 variables; iteration 20; function evaluation 27; phase 3
Function value 2.8611341e+03; maximum gradient component mag -2.8126e+04
Var    Value     Gradient |Var    Value     Gradient |Var    Value     Gradient
  1  0.13403 -5.76029e+03 |  2 -0.21958 -2.89756e+01 |  3  0.00013 -1.93031e+01
  4 -0.02977 -1.12674e+01 |  5  0.01928 -1.86594e+01 |  6 -0.05569  7.14191e+01
  7 -0.10216  7.68009e+01 |  8 -0.05300  7.87195e+01 |  9 -0.06961  8.26406e+01
 10  0.03174  6.75434e+01 | 11  0.02043  6.56163e+01 | 12  0.06281  4.16240e+01
 13  0.00532  4.95243e+01 | 14 -0.01093  5.92124e+01 | 15  0.06619 -1.38031e+01
 16  0.03703  7.71469e+00 | 17 -0.05175 -2.45641e+01 | 18 -0.00003  1.37066e+01
 19 -0.02172  1.09344e+01 | 20  0.03969 -4.57468e+01 | 21  0.04503 -1.18461e+02
 22 -0.09620 -1.23447e+02 | 23 -0.07114 -1.19012e+02 | 24 -0.09228  5.54614e+01
 25  0.03174  1.42409e+02 | 26 -0.01831 -1.15206e+01 | 27 -0.02324 -6.21902e+01
 28  0.07311 -9.52726e+00 | 29  0.01046  5.74141e+01 | 30  0.03554  1.64202e+02
 31 -0.01419  4.63003e+01 | 32  0.02789 -5.64277e+00 | 33  0.03037 -1.66073e+01
 34  0.04598 -7.98578e+01 | 35  0.04959 -1.27549e+02 | 36  0.03586 -1.87084e+02
 37 -0.01097 -2.59888e+02 | 38  0.03992  5.48075e+01 | 39  0.26751 -1.29076e+02
 40  0.26190 -3.13226e+02 | 41  0.27114 -3.99188e+02 | 42  0.21709 -9.72782e+01
 43 -0.35315 -1.63222e+01 | 44  0.81750 -3.84289e-02 | 45 -0.21605 -1.72732e-02
 46 -0.56808 -4.08804e-01 | 47 -0.99563  2.54242e+04 | 48 -0.99605 -2.81258e+04
 49 -0.88576 -3.32998e+02 | 50 -0.85611  2.63924e+02 | 51 -0.26826 -7.70197e+01
 52  0.49533  5.08171e-01 | 53 -0.09055 -1.20565e+02 | 54 -0.06518  2.99575e+02
54 variables; iteration 40; function evaluation 52; phase 3
Function value 2.8588239e+03; maximum gradient component mag -2.6792e+04
Var    Value     Gradient |Var    Value     Gradient |Var    Value     Gradient
  1  0.13430 -5.69495e+03 |  2 -0.13868  2.35022e-01 |  3  0.00486  1.59620e+01
  4 -0.03395  6.93977e+00 |  5  0.01747  2.74088e+01 |  6 -0.05508  8.89283e+01
  7 -0.10184  9.15127e+01 |  8 -0.05210  1.01287e+02 |  9 -0.05784  9.94458e+01
 10  0.03638  8.06775e+01 | 11  0.01723  6.79956e+01 | 12  0.06411  5.92682e+01
 13  0.00520  6.31391e+01 | 14 -0.01143  6.38324e+01 | 15  0.06589 -8.54406e+00
 16  0.03748  1.17229e+01 | 17 -0.05396 -3.04294e+01 | 18  0.00007  1.01574e+01
 19 -0.02325 -6.15585e+00 | 20  0.04104 -2.43407e+01 | 21  0.04482 -1.08141e+02
 22 -0.09535 -1.12795e+02 | 23 -0.07061 -1.10488e+02 | 24 -0.09592  3.07973e+01
 25  0.03159  1.52285e+02 | 26 -0.01881 -6.22667e+00 | 27 -0.02426 -6.15699e+01
 28  0.07272 -3.08107e+01 | 29  0.01027  3.58034e+01 | 30  0.03448  1.27243e+02
 31 -0.01483  3.01818e+01 | 32  0.02725 -1.36098e+01 | 33  0.03067 -1.14482e+01
 34  0.04428 -1.03475e+02 | 35  0.05235 -8.16109e+01 | 36  0.03669 -1.67676e+02
 37 -0.01379 -2.65163e+02 | 38  0.03619  4.91169e+01 | 39  0.26660 -2.28185e+02
 40  0.26192 -2.93628e+02 | 41  0.27112 -4.10675e+02 | 42  0.21662 -1.55375e+02
 43 -0.36033 -2.58386e+01 | 44  0.81247 -9.86825e-02 | 45 -0.21731 -9.93611e-03
 46 -0.60121 -2.45175e-01 | 47 -0.99576  2.43056e+04 | 48 -0.99615 -2.67916e+04
 49 -0.94754 -4.35029e+01 | 50 -0.93632  3.57657e+01 | 51 -0.26956 -7.00451e+01
 52  0.50676  4.14429e-01 | 53 -0.09111 -1.37677e+02 | 54 -0.06571  2.94380e+02
54 variables; iteration 60; function evaluation 85; phase 3
Function value 2.8486866e+03; maximum gradient component mag 2.2342e+03
Var    Value     Gradient |Var    Value     Gradient |Var    Value     Gradient
  1  0.13546  4.88138e+02 |  2 -0.13734  8.64735e-02 |  3 -0.00027 -2.36980e+00
  4 -0.03220 -7.48328e-01 |  5  0.01610 -3.68744e+00 |  6 -0.05643 -1.98268e+00
  7 -0.10397 -2.18804e+00 |  8 -0.05911 -9.14722e-01 |  9 -0.07481 -6.66138e+00
 10  0.03213 -7.68549e+00 | 11  0.02007 -6.38826e+00 | 12  0.06341 -6.57263e+00
 13  0.00319 -7.43740e+00 | 14 -0.01499 -5.86533e+00 | 15  0.07489  3.81230e+00
 16  0.02727  5.87360e+00 | 17 -0.04798 -6.17806e+00 | 18 -0.00168 -6.36902e+00
 19 -0.02358 -4.51274e+00 | 20  0.04348 -2.05864e-02 | 21  0.04858  9.47717e+00
 22 -0.06774  3.22873e+00 | 23 -0.06005 -5.52204e-01 | 24 -0.10054 -1.15027e+00
 25  0.02225  8.85035e+01 | 26 -0.01877  1.21977e+01 | 27 -0.02493  5.21787e+00
 28  0.07359  1.22747e+01 | 29  0.00968 -1.09834e+01 | 30  0.02846 -1.69715e+01
 31 -0.01512 -8.18043e+00 | 32  0.03149 -7.33928e+00 | 33  0.03287 -9.54578e+00
 34  0.04809 -8.01913e+00 | 35  0.05237 -8.86865e+00 | 36  0.03567 -3.37419e+00
 37 -0.00711  2.43890e+00 | 38  0.02858 -4.72792e+00 | 39  0.26505  8.56447e+00
 40  0.26073  2.08517e+01 | 41  0.27326 -1.82769e+01 | 42  0.21748  1.30531e+01
 43 -0.35925  4.38342e+00 | 44  0.66688  3.70206e-02 | 45 -0.33705  1.50782e-01
 46 -0.37023  2.72632e+00 | 47 -0.99584 -2.04351e+03 | 48 -0.99619  2.23424e+03
 49 -0.89187  2.08796e+01 | 50 -0.86799 -1.71113e+01 | 51 -0.26943 -1.06547e+01
 52  0.61586  5.09519e-02 | 53 -0.09392  1.15849e+01 | 54 -0.06756 -2.80792e+01
Maximum number of function evaluations exceeded

 - final statistics:
54 variables; iteration 76; function evaluation 100
Function value 2.8484e+03; maximum gradient component mag -6.5926e+01
Exit code = 3;  converg criter 1.0000e+00
Var    Value     Gradient |Var    Value     Gradient |Var    Value     Gradient
  1  0.13531 -1.61219e+00 |  2 -0.13769  7.79942e-03 |  3  0.00045  7.98060e-02
  4 -0.03299  3.17122e-02 |  5  0.01540  1.16978e-01 |  6 -0.05723 -3.63972e-01
  7 -0.10527 -4.12572e-01 |  8 -0.05928 -8.46774e-01 |  9 -0.07681  1.37971e-01
 10  0.03210 -4.40106e-02 | 11  0.01970 -3.23492e-02 | 12  0.06386 -1.18608e-01
 13  0.00412  6.24139e-02 | 14 -0.01413  1.08110e-01 | 15  0.07386  1.64828e-01
 16  0.02616  5.02741e-01 | 17 -0.04723  3.93899e-01 | 18 -0.00108  3.05935e-01
 19 -0.02447  3.27274e-01 | 20  0.04352 -1.41040e-01 | 21  0.04775 -3.03220e-01
 22 -0.06878 -2.23189e-01 | 23 -0.05800 -6.20242e-02 | 24 -0.09582  8.32084e-02
 25  0.01940  1.51564e-01 | 26 -0.01845 -9.08556e-02 | 27 -0.02450 -7.49274e-02
 28  0.07277  2.80889e-01 | 29  0.01021 -3.13204e-01 | 30  0.02895 -5.94178e-01
 31 -0.01519 -3.66055e-01 | 32  0.03129  4.41760e-02 | 33  0.03289  2.28339e-02
 34  0.04805  2.12997e-01 | 35  0.05256  2.80787e-01 | 36  0.03565  4.89953e-01
 37 -0.00702  3.82553e-01 | 38  0.02965  1.41664e-02 | 39  0.26552 -2.30793e+00
 40  0.26085 -5.39523e-02 | 41  0.27402 -8.38933e-01 | 42  0.21740  9.18790e-02
 43 -0.35366 -2.75483e-01 | 44  0.19028 -2.68121e-03 | 45 -0.27726  6.01216e-04
 46 -0.43458  1.45148e-02 | 47 -0.99564  6.00708e+01 | 48 -0.99601 -6.59257e+01
 49 -0.87977 -1.06569e-01 | 50 -0.85329  6.04255e-02 | 51 -0.26951  9.25020e-01
 52  0.39333 -5.86454e-03 | 53 -0.09305  1.31471e-01 | 54 -0.06668 -5.81583e-01

Initial statistics: 56 variables; iteration 0; function evaluation 0; phase 4
Function value 2.8484103e+03; maximum gradient component mag 4.3076e+02
Var    Value     Gradient |Var    Value     Gradient |Var    Value     Gradient
  1  0.13531 -1.61219e+00 |  2 -0.13769  7.79942e-03 |  3  0.00045  7.98060e-02
  4 -0.03299  3.17122e-02 |  5  0.01540  1.16978e-01 |  6 -0.05723 -3.63169e-01
  7 -0.10527 -4.11778e-01 |  8 -0.05928 -8.45972e-01 |  9 -0.07681  1.38771e-01
 10  0.03210 -4.32060e-02 | 11  0.01970 -3.15439e-02 | 12  0.06386 -1.17807e-01
 13  0.00412  6.32195e-02 | 14 -0.01413  1.08915e-01 | 15  0.07386  1.65628e-01
 16  0.02616  5.03546e-01 | 17 -0.04723  3.94702e-01 | 18 -0.00108  3.06741e-01
 19 -0.02447  3.28079e-01 | 20  0.04352 -1.40236e-01 | 21  0.04775 -3.02416e-01
 22 -0.06878 -2.22388e-01 | 23 -0.05800 -6.12220e-02 | 24 -0.09582  8.40049e-02
 25  0.01940  1.52370e-01 | 26 -0.01845 -9.00503e-02 | 27 -0.02450 -7.41224e-02
 28  0.07277  2.81689e-01 | 29  0.01021 -3.12398e-01 | 30  0.02895 -5.93373e-01
 31 -0.01519 -3.65249e-01 | 32  0.03129  4.49807e-02 | 33  0.03289  2.36384e-02
 34  0.04805  2.13801e-01 | 35  0.05256  2.81590e-01 | 36  0.03565  4.90757e-01
 37 -0.00702  3.83359e-01 | 38  0.02965  1.49712e-02 | 39  0.26552 -2.30793e+00
 40  0.26085 -5.39523e-02 | 41  0.27402 -8.38933e-01 | 42  0.21740  9.18790e-02
 43 -0.35366 -2.75483e-01 | 44  0.19028 -2.68121e-03 | 45 -0.27726  6.01216e-04
 46 -0.43458  1.45148e-02 | 47 -0.99564  6.00708e+01 | 48 -0.99601 -6.59257e+01
 49 -0.87977 -1.06569e-01 | 50 -0.85329  6.04255e-02 | 51 -0.26951  9.25020e-01
 52  0.39333 -5.86454e-03 | 53 -0.09305  1.31471e-01 | 54 -0.06668 -5.81583e-01
 55 -0.05795  4.30756e+02 | 56 -0.17585 -4.16023e+02 |

Intermediate statistics: 56 variables; iteration 20; function evaluation 27; phase 4
Function value 2.8443878e+03; maximum gradient component mag -1.6628e+03
Var    Value     Gradient |Var    Value     Gradient |Var    Value     Gradient
  1  0.13538 -1.66280e+03 |  2 -0.13737 -2.84016e+00 |  3  0.00033 -1.81503e+01
  4 -0.03371 -2.52612e+01 |  5  0.01410 -4.82824e+01 |  6 -0.05706  4.22766e+00
  7 -0.10583  2.08027e+00 |  8 -0.06059 -1.27326e+01 |  9 -0.07709  2.10060e+01
 10  0.03205  1.94690e+01 | 11  0.01919  1.68944e+01 | 12  0.06321  9.57767e+00
 13  0.00445  1.02458e+01 | 14 -0.01319  8.48076e+00 | 15  0.07350 -2.03594e+01
 16  0.02467 -4.36577e+01 | 17 -0.04798 -4.04234e+01 | 18 -0.00457 -4.23752e+01
 19 -0.02322 -3.96331e+01 | 20  0.04529  1.19424e+01 | 21  0.04636 -3.25338e+00
 22 -0.06162  1.96213e+01 | 23 -0.05784 -1.49712e+01 | 24 -0.10047 -3.21000e+01
 25  0.01767 -7.86590e+01 | 26 -0.01633 -1.42758e+01 | 27 -0.02753 -1.73592e+01
 28  0.07284  2.51310e+01 | 29  0.01085  4.79186e+01 | 30  0.03060  4.92668e+01
 31 -0.01481  3.51330e+01 | 32  0.03241  2.31216e+01 | 33  0.03373  1.68523e+01
 34  0.04842  1.01931e+01 | 35  0.05318  4.40329e+00 | 36  0.03487  1.41729e+00
 37 -0.00913  5.71266e-01 | 38  0.03322  2.29986e+01 | 39  0.26503  9.31840e+01
 40  0.25878 -1.07473e+02 | 41  0.27327 -5.13968e+01 | 42  0.21698 -2.70118e+01
 43 -0.35906 -2.47976e+01 | 44  0.19028 -4.21629e-01 | 45 -0.27729  1.94082e-01
 46 -0.43509  3.80930e+00 | 47 -0.99627 -4.93145e+02 | 48 -0.99657  5.35182e+02
 49 -0.87985 -4.38835e+00 | 50 -0.85310  3.55711e+00 | 51 -0.27229 -3.40350e+01
 52  0.39343  1.88265e-01 | 53 -0.09958  5.03793e+01 | 54 -0.07162  2.85058e+01
 55 -0.06711  2.53924e+02 | 56 -0.17145 -1.96974e+02 |
56 variables; iteration 40; function evaluation 49; phase 4
Function value 2.8424396e+03; maximum gradient component mag 1.3527e+03
Var    Value     Gradient |Var    Value     Gradient |Var    Value     Gradient
  1  0.13543 -8.81916e+02 |  2 -0.13980 -3.39823e+00 |  3  0.00100 -1.35942e+01
  4 -0.03457 -2.24710e+01 |  5  0.01308 -4.18543e+01 |  6 -0.05836 -4.92659e+00
  7 -0.10451  1.26370e+00 |  8 -0.06126 -1.18183e+01 |  9 -0.08277  4.77495e+00
 10  0.03056  7.38050e+00 | 11  0.01791  4.22539e+00 | 12  0.06410  2.48938e-01
 13  0.00414 -1.03776e+00 | 14 -0.01180  3.67479e+00 | 15  0.07288 -2.03100e+01
 16  0.02481 -3.36631e+01 | 17 -0.04867 -3.20298e+01 | 18 -0.00397 -3.13223e+01
 19 -0.02401 -3.51504e+01 | 20  0.04446 -7.94022e+00 | 21  0.04773 -4.46146e-01
 22 -0.06096  1.11130e+01 | 23 -0.05674 -9.64344e+00 | 24 -0.09937 -2.15116e+01
 25  0.01723 -4.61757e+01 | 26 -0.01483 -4.04363e+00 | 27 -0.02773 -1.22217e+01
 28  0.07231  3.55074e+01 | 29  0.01053  6.17356e+01 | 30  0.03038  5.30534e+01
 31 -0.01451  4.00653e+01 | 32  0.03263  1.74509e+01 | 33  0.03447  1.53833e+01
 34  0.04861  4.08313e+00 | 35  0.05397 -5.89957e+00 | 36  0.03464  7.65238e-01
 37 -0.00962  4.70366e+00 | 38  0.03675  6.11270e+00 | 39  0.26461  5.03933e+01
 40  0.25814 -1.21451e+02 | 41  0.27354 -2.89297e+01 | 42  0.21694 -1.56783e+01
 43 -0.35891 -1.33697e+01 | 44  0.22599 -2.15953e-01 | 45 -0.28107  3.75000e-02
 46 -0.50121  8.71136e-01 | 47 -0.99667 -1.24473e+03 | 48 -0.99694  1.35266e+03
 49 -0.86136  2.78869e+00 | 50 -0.83058 -2.30060e+00 | 51 -0.27270 -2.81746e+01
 52  0.42482  1.42830e-01 | 53 -0.16413  2.52376e+02 | 54 -0.07525 -1.44262e+02
 55 -0.01347  1.67598e+02 | 56 -0.10713  9.20471e+01 |
56 variables; iteration 60; function evaluation 81; phase 4
Function value 2.8389457e+03; maximum gradient component mag -2.9133e+03
Var    Value     Gradient |Var    Value     Gradient |Var    Value     Gradient
  1  0.13587 -3.60569e+02 |  2 -0.13891 -9.69982e-01 |  3 -0.00028 -1.72223e+00
  4 -0.03490 -3.97980e+00 |  5  0.01275 -7.59607e+00 |  6 -0.05756  3.41143e+00
  7 -0.10748  7.83776e-01 |  8 -0.06117 -3.56273e-01 |  9 -0.07807  5.58908e+00
 10  0.03159  4.33459e+00 | 11  0.01859  3.64381e+00 | 12  0.06344  3.66290e+00
 13  0.00412  3.37289e+00 | 14 -0.01428  8.14539e-01 | 15  0.07373 -3.63767e+00
 16  0.02635 -8.29975e+00 | 17 -0.04299 -9.25384e+00 | 18 -0.00811 -4.30308e+00
 19 -0.02514 -9.07719e+00 | 20  0.04736  3.00827e+00 | 21  0.04729  1.98922e+00
 22 -0.06006  3.96994e-01 | 23 -0.05573  1.51899e+00 | 24 -0.09972 -1.12107e+00
 25  0.01651  5.00562e-01 | 26 -0.01364 -2.43497e+00 | 27 -0.02735 -3.08780e+00
 28  0.06999  5.10003e+00 | 29  0.00839  8.40377e+00 | 30  0.02927  1.78237e+01
 31 -0.01586 -3.42612e+00 | 32  0.03203  1.55581e+00 | 33  0.03366  1.80025e+00
 34  0.04834  3.28787e-01 | 35  0.05396 -2.82223e+00 | 36  0.03427 -9.87103e+00
 37 -0.00974 -1.44245e+01 | 38  0.03725  4.77271e+00 | 39  0.26416 -1.68759e+01
 40  0.25620 -1.39842e+01 | 41  0.27376 -2.03105e+00 | 42  0.21700  7.06459e-01
 43 -0.36082 -6.30291e-01 | 44  0.35637 -7.18585e-03 | 45 -0.28250  2.38209e-02
 46 -0.52364  5.93646e-01 | 47 -0.99522  2.66051e+03 | 48 -0.99564 -2.91325e+03
 49 -0.78166  2.96995e+00 | 50 -0.73194 -2.42106e+00 | 51 -0.27151 -5.93319e-01
 52  0.45268  5.57895e-03 | 53 -0.14155 -3.07885e+01 | 54 -0.11138  7.58232e+01
 55 -0.10307 -5.19625e+01 | 56 -0.15923  2.04288e+01 |
56 variables; iteration 80; function evaluation 115; phase 4
Function value 2.8386228e+03; maximum gradient component mag 6.1276e+02
Var    Value     Gradient |Var    Value     Gradient |Var    Value     Gradient
  1  0.13590  2.92949e+00 |  2 -0.13799 -6.62915e-02 |  3 -0.00069 -6.98876e-01
  4 -0.03506 -4.37047e-01 |  5  0.01242 -7.63806e-01 |  6 -0.05809 -5.85730e-01
  7 -0.10718 -3.22546e-01 |  8 -0.06141 -3.86567e-01 |  9 -0.07943 -2.18423e-01
 10  0.03153 -2.79226e-01 | 11  0.01899 -3.14991e-01 | 12  0.06339 -6.25331e-01
 13  0.00413 -4.95036e-01 | 14 -0.01356 -9.05836e-02 | 15  0.07359  3.13092e-01
 16  0.02666  7.01395e-01 | 17 -0.04189  9.44467e-01 | 18 -0.00867 -9.11670e-02
 19 -0.02548  3.79674e-01 | 20  0.04746 -2.48256e-01 | 21  0.04723 -2.82519e-01
 22 -0.05947 -1.38754e-01 | 23 -0.05601 -2.74692e-01 | 24 -0.09952 -3.30765e-01
 25  0.01643  9.83266e-01 | 26 -0.01344  5.17479e-01 | 27 -0.02745  1.54568e+00
 28  0.07019  5.18045e-02 | 29  0.00857  9.52388e-02 | 30  0.02871 -7.73926e-01
 31 -0.01518  9.50644e-03 | 32  0.03248 -7.46778e-02 | 33  0.03400  4.86864e-02
 34  0.04855  1.70639e-01 | 35  0.05416 -2.56497e-01 | 36  0.03530 -1.40440e-01
 37 -0.00819 -1.19520e-01 | 38  0.03284  3.16199e-01 | 39  0.26406  1.32967e+00
 40  0.25608 -3.99215e-02 | 41  0.27351 -1.08505e-01 | 42  0.21696 -2.33004e+00
 43 -0.36046 -5.05110e-01 | 44  0.32767 -5.76609e-03 | 45 -0.18277  4.64321e-04
 46 -0.66803  3.96743e-02 | 47 -0.99171 -5.60159e+02 | 48 -0.99242  6.12762e+02
 49 -0.57362 -7.12897e+00 | 50 -0.48000  6.02990e+00 | 51 -0.27189  1.88311e+00
 52  0.41215 -9.06975e-03 | 53 -0.13463  1.84997e-01 | 54 -0.12658  1.29996e+00
 55 -0.13478 -1.23530e+00 | 56 -0.17863  1.39501e+00 |
56 variables; iteration 100; function evaluation 135; phase 4
Function value 2.8386051e+03; maximum gradient component mag 9.6772e+01
Var    Value     Gradient |Var    Value     Gradient |Var    Value     Gradient
  1  0.13591  5.79818e+00 |  2 -0.13837  1.44830e-02 |  3 -0.00084  4.39021e-02
  4 -0.03513  9.01535e-02 |  5  0.01248  2.10755e-01 |  6 -0.05825 -3.84463e-02
  7 -0.10727 -7.13408e-03 |  8 -0.06132  4.77032e-02 |  9 -0.07939 -7.29131e-02
 10  0.03166 -7.06423e-02 | 11  0.01929 -7.65908e-02 | 12  0.06398 -6.01211e-02
 13  0.00391 -6.35905e-02 | 14 -0.01360 -2.65617e-02 | 15  0.07347  3.67590e-02
 16  0.02657  1.03451e-01 | 17 -0.04203  1.32669e-01 | 18 -0.00867  9.56425e-02
 19 -0.02545  2.01400e-01 | 20  0.04736 -5.01167e-02 | 21  0.04717 -2.14013e-02
 22 -0.05954  1.08485e-02 | 23 -0.05605  5.26488e-02 | 24 -0.09947  7.63839e-02
 25  0.01646  2.07555e-01 | 26 -0.01345  1.77003e-01 | 27 -0.02739  2.55308e-01
 28  0.07016 -2.02101e-01 | 29  0.00855 -3.19941e-01 | 30  0.02869 -6.83912e-01
 31 -0.01521 -7.84281e-03 | 32  0.03245  4.73211e-03 | 33  0.03398 -1.29107e-02
 34  0.04850  1.02081e-02 | 35  0.05414  3.50659e-03 | 36  0.03530  1.13806e-01
 37 -0.00817  2.10363e-01 | 38  0.03285 -3.66879e-02 | 39  0.26406 -2.08772e-01
 40  0.25609 -1.81507e-01 | 41  0.27351  4.74140e-02 | 42  0.21698 -3.67270e-02
 43 -0.35312 -1.56345e-02 | 44 -0.10722 -7.65561e-04 | 45 -0.02849 -1.41128e-04
 46 -0.82074 -1.08492e-02 | 47 -0.98216 -8.85433e+01 | 48 -0.98372  9.67721e+01
 49 -0.55660  8.46569e-02 | 50 -0.46373 -6.79721e-02 | 51 -0.27438  4.72948e-01
 52  0.02541 -3.29075e-03 | 53 -0.13281  5.43972e+00 | 54 -0.14108 -6.01291e+00
 55 -0.16090  1.99335e+00 | 56 -0.19203  3.34230e+00 |
56 variables; iteration 120; function evaluation 157; phase 4
Function value 2.8386008e+03; maximum gradient component mag -2.5259e+01
Var    Value     Gradient |Var    Value     Gradient |Var    Value     Gradient
  1  0.13591  1.59422e+01 |  2 -0.13868 -1.15365e-01 |  3 -0.00084  5.98213e-02
  4 -0.03514 -8.27927e-02 |  5  0.01249 -2.06946e-01 |  6 -0.05824 -2.21244e-01
  7 -0.10730 -3.80325e-01 |  8 -0.06133 -5.17691e-01 |  9 -0.07936 -1.51378e-01
 10  0.03169 -6.67397e-02 | 11  0.01928 -1.07943e-03 | 12  0.06398  4.08598e-01
 13  0.00389  2.48531e-02 | 14 -0.01369 -3.09964e-01 | 15  0.07349 -2.42987e-01
 16  0.02657 -3.79925e-01 | 17 -0.04207 -5.10106e-01 | 18 -0.00864 -3.02635e-01
 19 -0.02546 -6.04055e-01 | 20  0.04737  6.33064e-02 | 21  0.04718  1.72238e-01
 22 -0.05961 -3.47537e-01 | 23 -0.05601  3.31725e-01 | 24 -0.09947 -8.10219e-02
 25  0.01651 -3.26379e-01 | 26 -0.01345  2.72134e-02 | 27 -0.02731  1.86017e-01
 28  0.07012  5.97587e-01 | 29  0.00856  9.93377e-01 | 30  0.02877  2.77798e+00
 31 -0.01527 -1.99462e-01 | 32  0.03239 -4.22916e-01 | 33  0.03393 -3.93281e-01
 34  0.04848 -2.26161e-01 | 35  0.05411 -4.60632e-02 | 36  0.03531  1.64601e-01
 37 -0.00810  3.10556e-01 | 38  0.03288 -3.72963e-01 | 39  0.26410  2.38947e+00
 40  0.25609  4.47236e-01 | 41  0.27351 -1.96734e-01 | 42  0.21698  7.34837e-03
 43 -0.35524  6.16345e-01 | 44  0.02519  1.06631e-02 | 45  0.12464  7.69400e-04
 46 -0.71677 -1.50264e-03 | 47 -0.95162  7.92308e+00 | 48 -0.95586 -8.77315e+00
 49 -0.55753 -7.14559e-02 | 50 -0.46473  2.85631e-04 | 51 -0.27594  1.87904e+00
 52 -0.21203 -1.36353e-02 | 53 -0.13231  1.95976e+01 | 54 -0.15240 -2.52588e+01
 55 -0.18046  1.12181e+01 | 56 -0.20156  7.92813e+00 |
56 variables; iteration 140; function evaluation 192; phase 4
Function value 2.8385987e+03; maximum gradient component mag -4.1132e+02
Var    Value     Gradient |Var    Value     Gradient |Var    Value     Gradient
  1  0.13591  9.20430e-01 |  2 -0.13845 -5.25902e-03 |  3 -0.00088  2.54250e-02
  4 -0.03515  1.60199e-02 |  5  0.01249  2.67802e-02 |  6 -0.05828  9.59436e-03
  7 -0.10729 -7.45624e-03 |  8 -0.06131 -4.83442e-03 |  9 -0.07940 -4.20954e-03
 10  0.03165 -1.00236e-02 | 11  0.01927 -2.94778e-02 | 12  0.06398 -2.98742e-02
 13  0.00388 -3.10189e-02 | 14 -0.01364 -5.51358e-02 | 15  0.07347 -1.25706e-01
 16  0.02655 -1.67366e-01 | 17 -0.04207 -1.69178e-01 | 18 -0.00867 -2.98231e-03
 19 -0.02544 -2.16369e-02 | 20  0.04736  5.07462e-02 | 21  0.04717  1.10190e-01
 22 -0.05955  9.24661e-03 | 23 -0.05603  1.80412e-01 | 24 -0.09946  1.03010e-01
 25  0.01648 -3.42071e-02 | 26 -0.01345  9.94048e-02 | 27 -0.02732  1.88225e-01
 28  0.07014 -1.56319e-01 | 29  0.00855 -2.31104e-01 | 30  0.02871 -1.59851e-01
 31 -0.01522 -6.13416e-02 | 32  0.03245 -1.48628e-02 | 33  0.03398 -7.43163e-04
 34  0.04851  7.19437e-02 | 35  0.05414  1.25990e-01 | 36  0.03531  1.37030e-01
 37 -0.00815  1.84707e-01 | 38  0.03290  4.77641e-02 | 39  0.26405 -4.95171e-01
 40  0.25608  1.12749e-01 | 41  0.27351  4.71779e-02 | 42  0.21698  7.07829e-03
 43 -0.35797  4.78673e-01 | 44  0.18534  8.84576e-03 | 45  0.37268  2.30966e-03
 46 -0.71591  2.20145e-03 | 47 -0.91353  1.19326e+00 | 48 -0.92110 -1.35827e+00
 49 -0.55672  5.12701e-02 | 50 -0.46386 -4.20374e-02 | 51 -0.27666  2.90976e-01
 52 -0.31434 -3.48977e-03 | 53 -0.13544  3.07240e+02 | 54 -0.17531 -4.11320e+02
 55 -0.21607  1.93614e+02 | 56 -0.21657  1.02751e+02 |
56 variables; iteration 160; function evaluation 230; phase 4
Function value 2.8385978e+03; maximum gradient component mag 2.9312e+02
Var    Value     Gradient |Var    Value     Gradient |Var    Value     Gradient
  1  0.13591  8.78638e-01 |  2 -0.13836  2.95955e-02 |  3 -0.00090 -4.24775e-03
  4 -0.03515  4.06923e-02 |  5  0.01249  6.42496e-02 |  6 -0.05829  2.01307e-03
  7 -0.10729  4.52869e-02 |  8 -0.06132  5.75081e-02 |  9 -0.07942 -3.43561e-02
 10  0.03164 -2.77763e-02 | 11  0.01928 -2.58345e-02 | 12  0.06397 -1.04577e-01
 13  0.00388 -5.14423e-02 | 14 -0.01362  1.42066e-03 | 15  0.07347 -2.92690e-02
 16  0.02655 -2.76193e-02 | 17 -0.04206 -8.40407e-03 | 18 -0.00868  7.14801e-02
 19 -0.02545  1.37691e-01 | 20  0.04735 -2.54162e-02 | 21  0.04718  1.65505e-02
 22 -0.05953  6.47753e-02 | 23 -0.05604  1.09938e-03 | 24 -0.09944  1.08715e-01
 25  0.01647 -4.28021e-02 | 26 -0.01345  7.04312e-02 | 27 -0.02732  8.72675e-02
 28  0.07015  6.78105e-02 | 29  0.00856  6.64176e-02 | 30  0.02870 -1.56884e-01
 31 -0.01521  1.89191e-01 | 32  0.03247  8.29095e-02 | 33  0.03399  2.81479e-02
 34  0.04852 -1.22996e-02 | 35  0.05414 -1.39077e-01 | 36  0.03531 -1.62174e-01
 37 -0.00816 -1.98376e-01 | 38  0.03287 -5.67163e-02 | 39  0.26404 -4.13772e-01
 40  0.25607 -2.01476e-01 | 41  0.27350  7.72320e-02 | 42  0.21697 -1.76371e-02
 43 -0.35472  1.91010e-01 | 44 -0.01147  3.25000e-03 | 45 -0.09201 -1.17298e-04
 46 -0.69739  5.49271e-03 | 47 -0.90929  4.13197e+00 | 48 -0.91724 -4.57804e+00
 49 -0.55671  2.79674e-02 | 50 -0.46384 -1.43246e-02 | 51 -0.27417 -1.95786e-02
 52  0.05935  2.70232e-04 | 53 -0.13503  2.93116e+02 | 54 -0.17568 -2.59857e+02
 55 -0.21714  3.86051e+01 | 56 -0.21729  2.43935e+02 |
56 variables; iteration 180; function evaluation 250; phase 4
Function value 2.8385973e+03; maximum gradient component mag -1.8682e+03
Var    Value     Gradient |Var    Value     Gradient |Var    Value     Gradient
  1  0.13591  5.17364e-01 |  2 -0.13841  1.69258e-02 |  3 -0.00094 -1.68443e-02
  4 -0.03517  9.38295e-03 |  5  0.01250  1.35710e-02 |  6 -0.05831 -9.94751e-03
  7 -0.10732  1.64258e-02 |  8 -0.06130  2.59697e-02 |  9 -0.07943 -2.67675e-02
 10  0.03164 -2.13216e-02 | 11  0.01926 -2.43547e-02 | 12  0.06398 -7.33553e-02
 13  0.00386 -3.16509e-02 | 14 -0.01366 -5.17951e-03 | 15  0.07348 -3.19377e-02
 16  0.02654 -6.61818e-02 | 17 -0.04208 -6.74879e-02 | 18 -0.00868  6.66818e-02
 19 -0.02544  1.14411e-01 | 20  0.04734  1.00627e-02 | 21  0.04717  5.54849e-03
 22 -0.05954  6.58360e-02 | 23 -0.05606 -3.60437e-02 | 24 -0.09947  5.30548e-02
 25  0.01653  2.47164e-02 | 26 -0.01345  4.61579e-02 | 27 -0.02725  2.62633e-02
 28  0.07013  8.89534e-02 | 29  0.00856  1.31397e-01 | 30  0.02870 -1.69838e-01
 31 -0.01521  1.69712e-01 | 32  0.03247  6.01874e-02 | 33  0.03399  2.13824e-02
 34  0.04852 -4.35028e-02 | 35  0.05414 -1.60713e-01 | 36  0.03531 -7.71942e-02
 37 -0.00814 -2.84794e-02 | 38  0.03293 -5.66634e-02 | 39  0.26404  1.03979e+00
 40  0.25607 -6.44544e-02 | 41  0.27349  1.00556e-01 | 42  0.21697  1.18909e-02
 43 -0.35310  1.11325e-02 | 44 -0.10827 -3.19327e-04 | 45  0.03395  5.44299e-04
 46 -0.70019  6.30598e-03 | 47 -0.87927  1.81768e+01 | 48 -0.88992 -1.99813e+01
 49 -0.55677  3.18239e-02 | 50 -0.46392 -1.98692e-02 | 51 -0.27467 -1.14466e+00
 52 -0.01157  7.78583e-03 | 53 -0.13500  1.36831e+03 | 54 -0.17572 -1.86817e+03
 55 -0.21723  9.02386e+02 | 56 -0.21735  4.16554e+02 |
56 variables; iteration 200; function evaluation 274; phase 4
Function value 2.8385936e+03; maximum gradient component mag -1.6976e+02
Var    Value     Gradient |Var    Value     Gradient |Var    Value     Gradient
  1  0.13591  4.27453e+00 |  2 -0.13836  5.51992e-02 |  3 -0.00090  8.85859e-02
  4 -0.03515  1.44741e-01 |  5  0.01249  2.42399e-01 |  6 -0.05829  7.01079e-02
  7 -0.10730  7.24243e-02 |  8 -0.06130  1.57766e-01 |  9 -0.07942 -5.10372e-02
 10  0.03164 -5.10374e-02 | 11  0.01927 -6.29259e-02 | 12  0.06398 -7.75244e-02
 13  0.00388 -2.64253e-02 | 14 -0.01363  5.99030e-03 | 15  0.07347  4.71727e-02
 16  0.02656  1.12694e-01 | 17 -0.04205  1.03467e-01 | 18 -0.00868  1.22841e-01
 19 -0.02545  1.99157e-01 | 20  0.04735 -5.64480e-02 | 21  0.04716 -2.41235e-02
 22 -0.05953  1.51695e-02 | 23 -0.05607 -6.27225e-02 | 24 -0.09949 -2.61950e-02
 25  0.01651  6.32318e-02 | 26 -0.01345 -4.04091e-02 | 27 -0.02732 -1.15619e-01
 28  0.07016 -1.31881e-01 | 29  0.00857 -9.24711e-02 | 30  0.02869 -4.94782e-01
 31 -0.01520  1.83157e-01 | 32  0.03248  7.07843e-02 | 33  0.03400  2.15369e-02
 34  0.04852  4.71190e-02 | 35  0.05414 -4.42863e-02 | 36  0.03531  3.47879e-02
 37 -0.00815  9.55254e-02 | 38  0.03284 -6.63495e-02 | 39  0.26404 -8.17591e-01
 40  0.25607 -1.88697e-01 | 41  0.27350  1.54438e-01 | 42  0.21697  1.90280e-02
 43 -0.35194  1.15676e+00 | 44 -0.16943  1.81202e-02 | 45 -0.11552 -3.95389e-04
 46 -0.70585  1.54417e-04 | 47 -0.69365  2.12481e+00 | 48 -0.72094 -2.33087e+00
 49 -0.55662  6.12198e-02 | 50 -0.46375 -4.32723e-02 | 51 -0.27277 -3.05108e-01
 52  0.27098  2.81842e-03 | 53 -0.13518  4.45035e+01 | 54 -0.17450 -1.69763e+02
 55 -0.21498  1.49509e+02 | 56 -0.21620 -1.06484e+02 |
56 variables; iteration 220; function evaluation 294; phase 4
Function value 2.8385932e+03; maximum gradient component mag -5.8208e+01
Var    Value     Gradient |Var    Value     Gradient |Var    Value     Gradient
  1  0.13591 -1.00423e+00 |  2 -0.13840 -4.26044e-04 |  3 -0.00087  7.15967e-04
  4 -0.03514 -2.18689e-04 |  5  0.01248  5.08430e-03 |  6 -0.05827  1.37340e-02
  7 -0.10729  1.23342e-02 |  8 -0.06132  2.03943e-02 |  9 -0.07940  1.79842e-02
 10  0.03165  1.25435e-02 | 11  0.01927  8.32732e-03 | 12  0.06397  1.33788e-02
 13  0.00390  1.33333e-02 | 14 -0.01362  1.33893e-02 | 15  0.07347  9.94719e-03
 16  0.02656  1.19925e-02 | 17 -0.04205  1.43140e-02 | 18 -0.00867  1.46165e-02
 19 -0.02545  1.70642e-02 | 20  0.04736  8.60115e-03 | 21  0.04718  1.85450e-03
 22 -0.05955  8.81475e-04 | 23 -0.05603  3.30380e-03 | 24 -0.09946 -1.84567e-03
 25  0.01647  2.11187e-02 | 26 -0.01345 -5.55893e-03 | 27 -0.02734 -4.34652e-03
 28  0.07015 -7.98430e-02 | 29  0.00856 -9.45810e-02 | 30  0.02871 -1.52059e-01
 31 -0.01522 -3.62735e-02 | 32  0.03246  5.78849e-04 | 33  0.03399  1.08037e-02
 34  0.04851  1.24555e-02 | 35  0.05414  2.92933e-02 | 36  0.03531  3.06011e-02
 37 -0.00816  3.82813e-02 | 38  0.03284  2.63411e-02 | 39  0.26405  1.62754e-02
 40  0.25608 -1.81012e-02 | 41  0.27350 -1.18092e-02 | 42  0.21698  2.67809e-03
 43 -0.35412 -2.91555e-02 | 44 -0.04802 -7.00629e-04 | 45 -0.01009  1.43358e-04
 46 -0.70865  2.76699e-04 | 47 -0.70133 -5.49766e-01 | 48 -0.72786  6.02812e-01
 49 -0.55685 -2.02587e-03 | 50 -0.46397  1.86417e-03 | 51 -0.27444 -2.42619e-02
 52  0.01975  1.47341e-04 | 53 -0.13282 -5.82081e+01 | 54 -0.17313  5.48916e+01
 55 -0.21510 -1.12834e+01 | 56 -0.21756 -4.47911e+01 |
56 variables; iteration 240; function evaluation 314; phase 4
Function value 2.8385932e+03; maximum gradient component mag 2.3368e+01
Var    Value     Gradient |Var    Value     Gradient |Var    Value     Gradient
  1  0.13591  7.20885e-03 |  2 -0.13841  3.10468e-05 |  3 -0.00087  3.13053e-06
  4 -0.03514  1.44809e-04 |  5  0.01248  3.27289e-05 |  6 -0.05827  1.47151e-04
  7 -0.10729  1.86806e-04 |  8 -0.06132  4.58983e-05 |  9 -0.07940 -2.67703e-04
 10  0.03165 -2.72450e-05 | 11  0.01927  2.69424e-04 | 12  0.06397  1.97630e-05
 13  0.00389  1.26391e-04 | 14 -0.01363  1.11389e-04 | 15  0.07347  6.86062e-04
 16  0.02656  6.83986e-04 | 17 -0.04205  4.64848e-04 | 18 -0.00867 -2.15800e-06
 19 -0.02545  2.69084e-05 | 20  0.04736 -5.80412e-04 | 21  0.04718 -8.76747e-04
 22 -0.05955  5.51088e-04 | 23 -0.05604 -1.96259e-03 | 24 -0.09946 -6.48711e-04
 25  0.01647  2.53110e-03 | 26 -0.01345 -2.94180e-04 | 27 -0.02733 -2.19206e-03
 28  0.07015  1.52350e-03 | 29  0.00855  2.09554e-04 | 30  0.02871  3.01903e-03
 31 -0.01522  6.75299e-04 | 32  0.03246 -5.93053e-04 | 33  0.03398 -3.36736e-04
 34  0.04851 -6.00180e-04 | 35  0.05414  7.09008e-04 | 36  0.03531 -2.21329e-03
 37 -0.00816 -3.82435e-03 | 38  0.03286  2.19344e-03 | 39  0.26405  2.21968e-03
 40  0.25608  1.57864e-02 | 41  0.27350  1.34989e-03 | 42  0.21698  1.23151e-04
 43 -0.35480  1.80138e-05 | 44 -0.00787 -1.56758e-06 | 45 -0.03709  5.01361e-08
 46 -0.70849 -4.77024e-06 | 47 -0.69931  1.01410e-02 | 48 -0.72604 -1.11238e-02
 49 -0.55685 -4.48685e-05 | 50 -0.46398  3.79272e-05 | 51 -0.27440  3.60910e-03
 52  0.02523 -2.44908e-05 | 53 -0.13279 -1.66919e+01 | 54 -0.17335  2.33680e+01
 55 -0.21550 -1.16476e+01 | 56 -0.21777 -4.44190e+00 |
56 variables; iteration 260; function evaluation 334; phase 4
Function value 2.8385932e+03; maximum gradient component mag 6.3444e+00
Var    Value     Gradient |Var    Value     Gradient |Var    Value     Gradient
  1  0.13591 -1.37440e-01 |  2 -0.13841 -6.31660e-05 |  3 -0.00087  6.12955e-04
  4 -0.03514  2.91359e-04 |  5  0.01248  1.53217e-03 |  6 -0.05827  2.13544e-03
  7 -0.10729  1.69449e-03 |  8 -0.06132  2.84770e-03 |  9 -0.07940  2.74543e-03
 10  0.03165  1.52368e-03 | 11  0.01927 -6.16414e-05 | 12  0.06397 -2.62308e-04
 13  0.00389  2.51799e-04 | 14 -0.01363  6.19772e-04 | 15  0.07347 -2.83977e-03
 16  0.02656 -3.11078e-03 | 17 -0.04205 -1.85837e-03 | 18 -0.00867  9.69988e-04
 19 -0.02545  1.18258e-03 | 20  0.04736  1.27023e-03 | 21  0.04718  1.06335e-03
 22 -0.05955 -5.93467e-04 | 23 -0.05604  4.09591e-03 | 24 -0.09946 -4.51786e-04
 25  0.01648  7.33126e-04 | 26 -0.01345 -3.67627e-04 | 27 -0.02733  2.48774e-03
 28  0.07015 -1.22665e-02 | 29  0.00855 -1.45988e-02 | 30  0.02871 -2.46230e-02
 31 -0.01522 -5.95731e-03 | 32  0.03246  2.02199e-03 | 33  0.03398  3.10431e-03
 34  0.04851  6.00002e-03 | 35  0.05414  7.27065e-03 | 36  0.03531  1.05076e-02
 37 -0.00816  1.37188e-02 | 38  0.03286  1.70183e-03 | 39  0.26405 -5.27590e-02
 40  0.25608 -2.43463e-02 | 41  0.27350 -2.69983e-03 | 42  0.21698 -4.80736e-05
 43 -0.35481  2.69310e-03 | 44 -0.00754  4.59506e-05 | 45 -0.03664  4.05054e-07
 46 -0.70865 -7.11923e-05 | 47 -0.69934 -1.46083e-03 | 48 -0.72606  1.61902e-03
 49 -0.55685 -1.00119e-04 | 50 -0.46398  1.82716e-04 | 51 -0.27440  9.40476e-03
 52  0.02600 -6.15027e-05 | 53 -0.13283 -4.84479e+00 | 54 -0.17343  6.34439e+00
 55 -0.21559 -2.89923e+00 | 56 -0.21778 -1.77113e+00 |
56 variables; iteration 280; function evaluation 355; phase 4
Function value 2.8385931e+03; maximum gradient component mag 1.4626e+00
Var    Value     Gradient |Var    Value     Gradient |Var    Value     Gradient
  1  0.13591  5.48876e-01 |  2 -0.13841  6.86336e-04 |  3 -0.00087 -2.34921e-03
  4 -0.03514  2.32122e-04 |  5  0.01248 -5.11545e-03 |  6 -0.05827 -7.08274e-03
  7 -0.10729 -4.46496e-03 |  8 -0.06132 -9.96491e-03 |  9 -0.07941 -1.18868e-02
 10  0.03165 -5.86407e-03 | 11  0.01927  2.01887e-03 | 12  0.06397  1.83966e-04
 13  0.00389 -3.66666e-04 | 14 -0.01363 -7.93706e-04 | 15  0.07347  1.54345e-02
 16  0.02656  1.68063e-02 | 17 -0.04205  1.09357e-02 | 18 -0.00867 -2.72463e-03
 19 -0.02545 -2.77095e-03 | 20  0.04736 -8.04509e-03 | 21  0.04718 -9.70361e-03
 22 -0.05954  5.92088e-03 | 23 -0.05604 -2.94387e-02 | 24 -0.09946 -4.43816e-03
 25  0.01648  5.69962e-03 | 26 -0.01345 -3.67861e-03 | 27 -0.02734 -2.70384e-02
 28  0.07015  6.52613e-02 | 29  0.00855  7.20227e-02 | 30  0.02871  1.19316e-01
 31 -0.01522  3.33547e-02 | 32  0.03246 -7.28192e-03 | 33  0.03398 -1.27614e-02
 34  0.04851 -2.69815e-02 | 35  0.05414 -3.26084e-02 | 36  0.03530 -6.01034e-02
 37 -0.00816 -8.30588e-02 | 38  0.03287 -8.85866e-04 | 39  0.26405  2.17317e-01
 40  0.25608  1.60227e-01 | 41  0.27350  1.70719e-02 | 42  0.21698 -2.84556e-05
 43 -0.35480 -8.13579e-03 | 44 -0.00800 -1.41973e-04 | 45 -0.03928 -1.70343e-07
 46 -0.70763  3.69166e-04 | 47 -0.69950 -8.70034e-02 | 48 -0.72620  9.55938e-02
 49 -0.55685 -5.84801e-04 | 50 -0.46398  2.52005e-04 | 51 -0.27443 -1.79720e-02
 52  0.02143  1.09568e-04 | 53 -0.10671 -9.39900e-01 | 54 -0.14701  1.46261e+00
 55 -0.19764 -8.16536e-01 | 56 -0.22386 -9.15112e-02 |
  ic > imax  in fminim is answer attained ?
Var    Value     Gradient |Var    Value     Gradient |Var    Value     Gradient
  1  0.13591 -1.98037e-04 |  2 -0.13841 -7.22825e-08 |  3 -0.00087  2.82512e-08
  4 -0.03514 -4.31940e-07 |  5  0.01248 -5.72397e-07 |  6 -0.05827  2.67460e-06
  7 -0.10729  2.21747e-06 |  8 -0.06132  2.44897e-06 |  9 -0.07940  3.06864e-06
 10  0.03165  2.85324e-06 | 11  0.01927  2.53349e-06 | 12  0.06397  3.37991e-06
 13  0.00389  2.78691e-06 | 14 -0.01363  2.18335e-06 | 15  0.07347  1.50860e-06
 16  0.02656  1.36304e-06 | 17 -0.04205  1.68373e-06 | 18 -0.00867  1.54349e-06
 19 -0.02545  7.61288e-07 | 20  0.04736  5.88149e-07 | 21  0.04718 -1.73703e-06
 22 -0.05955 -5.04442e-07 | 23 -0.05604 -3.20866e-06 | 24 -0.09946 -4.29582e-06
 25  0.01648  4.93768e-06 | 26 -0.01345 -4.16759e-06 | 27 -0.02733 -7.58038e-06
 28  0.07015 -6.30476e-06 | 29  0.00855 -8.44635e-06 | 30  0.02871 -9.99455e-06
 31 -0.01522 -4.18488e-06 | 32  0.03246 -8.25258e-08 | 33  0.03398  1.40457e-06
 34  0.04851  1.96327e-06 | 35  0.05414  4.94775e-06 | 36  0.03531  8.78840e-07
 37 -0.00816 -5.43014e-07 | 38  0.03286  5.65684e-06 | 39  0.26405 -1.32190e-05
 40  0.25608  1.11278e-05 | 41  0.27350 -1.56759e-06 | 42  0.21698  2.00565e-07
 43 -0.35481 -9.17051e-07 | 44 -0.00749 -1.52083e-08 | 45 -0.03713  3.17229e-09
 46 -0.70848 -5.09849e-09 | 47 -0.69934  3.96665e-05 | 48 -0.72607 -4.36558e-05
 49 -0.55685 -6.78596e-09 | 50 -0.46398 -4.92401e-08 | 51 -0.27440 -1.84560e-06
 52  0.02508  8.17886e-09 | 53 -0.10094 -1.33447e-01 | 54 -0.14123  1.14978e-01
 55 -0.19376 -1.39043e-02 | 56 -0.22525 -1.14753e-01 |
Function minimizer not making progress ... is minimum attained?
Minimprove criterion = 0.0000e+00

 - final statistics:
56 variables; iteration 290; function evaluation 395
Function value 2.8386e+03; maximum gradient component mag -1.3345e-01
Exit code = 1;  converg criter 1.0000e-04
Var    Value     Gradient |Var    Value     Gradient |Var    Value     Gradient
  1  0.13591 -1.98037e-04 |  2 -0.13841 -7.22825e-08 |  3 -0.00087  2.82512e-08
  4 -0.03514 -4.31940e-07 |  5  0.01248 -5.72397e-07 |  6 -0.05827  2.67460e-06
  7 -0.10729  2.21747e-06 |  8 -0.06132  2.44897e-06 |  9 -0.07940  3.06864e-06
 10  0.03165  2.85324e-06 | 11  0.01927  2.53349e-06 | 12  0.06397  3.37991e-06
 13  0.00389  2.78691e-06 | 14 -0.01363  2.18335e-06 | 15  0.07347  1.50860e-06
 16  0.02656  1.36304e-06 | 17 -0.04205  1.68373e-06 | 18 -0.00867  1.54349e-06
 19 -0.02545  7.61288e-07 | 20  0.04736  5.88149e-07 | 21  0.04718 -1.73703e-06
 22 -0.05955 -5.04442e-07 | 23 -0.05604 -3.20866e-06 | 24 -0.09946 -4.29582e-06
 25  0.01648  4.93768e-06 | 26 -0.01345 -4.16759e-06 | 27 -0.02733 -7.58038e-06
 28  0.07015 -6.30476e-06 | 29  0.00855 -8.44635e-06 | 30  0.02871 -9.99455e-06
 31 -0.01522 -4.18488e-06 | 32  0.03246 -8.25258e-08 | 33  0.03398  1.40457e-06
 34  0.04851  1.96327e-06 | 35  0.05414  4.94775e-06 | 36  0.03531  8.78840e-07
 37 -0.00816 -5.43014e-07 | 38  0.03286  5.65684e-06 | 39  0.26405 -1.32190e-05
 40  0.25608  1.11278e-05 | 41  0.27350 -1.56759e-06 | 42  0.21698  2.00565e-07
 43 -0.35481 -9.17051e-07 | 44 -0.00749 -1.52083e-08 | 45 -0.03713  3.17229e-09
 46 -0.70848 -5.09849e-09 | 47 -0.69934  3.96665e-05 | 48 -0.72607 -4.36558e-05
 49 -0.55685 -6.78596e-09 | 50 -0.46398 -4.92401e-08 | 51 -0.27440 -1.84560e-06
 52  0.02508  8.17886e-09 | 53 -0.10094 -1.33447e-01 | 54 -0.14123  1.14978e-01
 55 -0.19376 -1.39043e-02 | 56 -0.22525 -1.14753e-01 |
Estimating row 1 out of 56 for hessian
Estimating row 2 out of 56 for hessian
Estimating row 3 out of 56 for hessian
Estimating row 4 out of 56 for hessian
Estimating row 5 out of 56 for hessian
Estimating row 6 out of 56 for hessian
Estimating row 7 out of 56 for hessian
Estimating row 8 out of 56 for hessian
Estimating row 9 out of 56 for hessian
Estimating row 10 out of 56 for hessian
Estimating row 11 out of 56 for hessian
Estimating row 12 out of 56 for hessian
Estimating row 13 out of 56 for hessian
Estimating row 14 out of 56 for hessian
Estimating row 15 out of 56 for hessian
Estimating row 16 out of 56 for hessian
Estimating row 17 out of 56 for hessian
Estimating row 18 out of 56 for hessian
Estimating row 19 out of 56 for hessian
Estimating row 20 out of 56 for hessian
Estimating row 21 out of 56 for hessian
Estimating row 22 out of 56 for hessian
Estimating row 23 out of 56 for hessian
Estimating row 24 out of 56 for hessian
Estimating row 25 out of 56 for hessian
Estimating row 26 out of 56 for hessian
Estimating row 27 out of 56 for hessian
Estimating row 28 out of 56 for hessian
Estimating row 29 out of 56 for hessian
Estimating row 30 out of 56 for hessian
Estimating row 31 out of 56 for hessian
Estimating row 32 out of 56 for hessian
Estimating row 33 out of 56 for hessian
Estimating row 34 out of 56 for hessian
Estimating row 35 out of 56 for hessian
Estimating row 36 out of 56 for hessian
Estimating row 37 out of 56 for hessian
Estimating row 38 out of 56 for hessian
Estimating row 39 out of 56 for hessian
Estimating row 40 out of 56 for hessian
Estimating row 41 out of 56 for hessian
Estimating row 42 out of 56 for hessian
Estimating row 43 out of 56 for hessian
Estimating row 44 out of 56 for hessian
Estimating row 45 out of 56 for hessian
Estimating row 46 out of 56 for hessian
Estimating row 47 out of 56 for hessian
Estimating row 48 out of 56 for hessian
Estimating row 49 out of 56 for hessian
Estimating row 50 out of 56 for hessian
Estimating row 51 out of 56 for hessian
Estimating row 52 out of 56 for hessian
Estimating row 53 out of 56 for hessian
Estimating row 54 out of 56 for hessian
Estimating row 55 out of 56 for hessian
Estimating row 56 out of 56 for hessian
Warning -- Hessian does not appear to be positive definite
Hessian does not appear to be positive definite.
size of file gradfil1.tmp = 0
size of file gradfil2.tmp = 0
size of file varssave.tmp = 0
size of file cmpdiff.tmp = 0
