
Initial statistics: 2 variables; iteration 0; function evaluation 0; phase 1
Function value 4.6820010e+03; maximum gradient component mag 3.3298e+04
Var    Value     Gradient |Var    Value     Gradient |Var    Value     Gradient
  1  0.39650  3.32981e+04 |  2  0.21635  1.42769e+04 |

 - final statistics:
2 variables; iteration 8; function evaluation 14
Function value 5.6011e+02; maximum gradient component mag -4.5077e+00
Exit code = 1;  converg criter 1.0000e+01
Var    Value     Gradient |Var    Value     Gradient |Var    Value     Gradient
  1  0.19176 -4.50769e+00 |  2  0.19238 -3.13429e+00 |

Initial statistics: 52 variables; iteration 0; function evaluation 0; phase 2
Function value 5.6010660e+02; maximum gradient component mag 2.1620e+03
Var    Value     Gradient |Var    Value     Gradient |Var    Value     Gradient
  1  0.19176 -4.50769e+00 |  2  0.00000  4.00438e+01 |  3  0.00000 -1.17513e+02
  4  0.00000  3.75358e+01 |  5  0.00000 -7.14283e+01 |  6  0.00000 -3.02524e+01
  7  0.00000  4.97975e+01 |  8  0.00000  4.01190e+00 |  9  0.00000  7.91070e+00
 10  0.00000 -7.67078e+01 | 11  0.00000  9.02111e+00 | 12  0.00000 -5.18706e+01
 13  0.00000 -1.12723e+01 | 14  0.00000 -1.06598e+01 | 15  0.00000 -8.60904e+01
 16  0.00000  8.12051e+00 | 17  0.00000  9.84011e+01 | 18  0.00000  6.18313e+00
 19  0.00000  2.89915e+01 | 20  0.00000 -1.44702e+02 | 21  0.00000 -1.52797e+02
 22  0.00000  5.74342e+01 | 23  0.00000  2.25624e+01 | 24  0.00000  2.10112e+02
 25  0.00000 -1.59571e+01 | 26  0.00000 -8.67072e+00 | 27  0.00000  3.07155e+01
 28  0.00000 -1.19494e+02 | 29  0.00000  6.35511e+01 | 30  0.00000 -1.02534e+02
 31  0.00000  9.62496e+01 | 32  0.00000 -1.59312e+01 | 33  0.00000 -2.68763e+01
 34  0.00000 -1.57767e+02 | 35  0.00000 -2.08127e+01 | 36  0.00000  7.72017e+01
 37  0.00000  6.12852e+01 | 38  0.00000  2.00845e+02 | 39  0.21635 -2.32170e+02
 40  0.21635  2.16199e+03 | 41  0.21635 -7.54060e+02 | 42  0.19238 -3.13429e+00
 43 -1.00000 -1.08293e-07 | 44  0.00000  7.48367e-05 | 45  0.00000  3.41295e-01
 46 -0.53989  7.20324e+00 | 47 -1.00000 -1.08293e-07 | 48 -0.53989  1.38892e+01
 49 -1.00000 -1.08293e-07 | 50 -0.53989  4.40838e+00 | 51 -0.32288  3.96611e+01
 52  0.21635  1.22359e+00 |

Intermediate statistics: 52 variables; iteration 20; function evaluation 44; phase 2
Function value 2.8161094e+02; maximum gradient component mag 1.0515e+03
Var    Value     Gradient |Var    Value     Gradient |Var    Value     Gradient
  1  0.18547  8.92174e+02 |  2 -0.16422 -3.38805e+01 |  3  0.22829  1.66577e+01
  4  0.30994  2.30295e+02 |  5  0.22134 -2.25795e+01 |  6  0.18511  2.82198e+00
  7  0.15943  8.80739e+01 |  8  0.12149  1.25310e+01 |  9  0.11855  3.08987e+01
 10  0.13352  2.28020e+00 | 11  0.14135  1.76225e+02 | 12  0.06677  3.72747e+01
 13  0.01412  2.82613e+01 | 14  0.02703  7.38315e+01 | 15 -0.05054 -1.40367e+02
 16 -0.03634  9.18473e+00 | 17 -0.03162  1.37758e+02 | 18 -0.04448  2.19916e+00
 19 -0.04519  4.27625e+01 | 20  0.01017 -5.01473e+01 | 21  0.03155  4.35868e+01
 22 -0.08944 -1.39909e+01 | 23 -0.03432  6.77264e+01 | 24 -0.13962  2.66827e+00
 25 -0.05079 -3.75991e-01 | 26 -0.04689  1.88613e+01 | 27 -0.04067  1.98032e+01
 28  0.03157  9.09963e+01 | 29 -0.07988 -1.35847e+01 | 30  0.00306  5.31198e+01
 31 -0.02472  1.65187e+02 | 32 -0.06265 -1.33442e+02 | 33 -0.05343 -1.17492e+02
 34 -0.02944 -1.84790e+02 | 35 -0.02075  4.19026e+01 | 36 -0.06390  1.59740e+01
 37 -0.04332  5.67755e+01 | 38 -0.02921  2.04182e+02 | 39  0.23700 -5.40103e+02
 40  0.22328  7.55270e+02 | 41  0.24237 -2.68518e+02 | 42  0.21521  1.05152e+03
 43 -1.03400  5.67742e-02 | 44 -0.00001  8.05813e-05 | 45 -0.02405 -1.19108e-04
 46 -1.06731  2.93485e-02 | 47 -0.71814 -2.58782e+02 | 48 -0.72102  2.61544e+02
 49 -1.14051  4.75446e+01 | 50 -0.78102  3.03128e+01 | 51 -0.27755  2.47796e+02
 52  0.14862 -8.78706e-01 |
52 variables; iteration 40; function evaluation 71; phase 2
Function value 2.3956164e+02; maximum gradient component mag 9.0681e+02
Var    Value     Gradient |Var    Value     Gradient |Var    Value     Gradient
  1  0.18882  9.06812e+02 |  2 -0.21516 -4.14551e+01 |  3  0.22096  5.95959e+01
  4  0.22165  1.45883e+02 |  5  0.19236  9.91116e+00 |  6  0.15545  3.74429e+01
  7  0.10281  6.74977e+01 |  8  0.07735  1.88397e+01 |  9  0.06810  1.10970e+01
 10  0.11856  3.45113e+01 | 11  0.11364  1.49821e+02 | 12  0.05757  3.82611e+01
 13  0.01761  5.54296e+01 | 14  0.02417  6.95989e+01 | 15 -0.00602 -3.98118e+01
 16 -0.02405  4.54851e+01 | 17 -0.04094  1.07458e+02 | 18 -0.03068  1.55490e+01
 19 -0.03303  6.99875e+01 | 20  0.06815  9.10927e+01 | 21  0.07607  1.57453e+02
 22 -0.08298 -2.66010e+01 | 23 -0.02158  6.82268e+01 | 24 -0.16405 -4.58636e+01
 25 -0.03456  3.33879e+01 | 26 -0.02377  5.39183e+01 | 27 -0.02946  3.71158e+01
 28  0.04979  1.65427e+02 | 29 -0.07829 -2.60424e+01 | 30  0.04142  1.62145e+02
 31 -0.04864  3.76731e+01 | 32 -0.03641 -6.41180e+01 | 33 -0.04590 -8.62181e+01
 34  0.00687 -6.44725e+01 | 35 -0.01504  3.06817e+01 | 36 -0.08336 -5.62384e+01
 37 -0.05323 -9.39087e+00 | 38 -0.09221  6.27214e+01 | 39  0.22579  4.44402e+02
 40  0.21061 -1.46207e+02 | 41  0.23598 -1.30338e+02 | 42  0.20443  3.65895e+01
 43 -1.17942  1.04791e-02 | 44 -0.00021  2.97220e-04 | 45 -0.67592  1.94378e-02
 46 -1.39403 -1.42143e+00 | 47 -0.74689 -1.89181e+02 | 48 -0.74914  1.90908e+02
 49 -1.11215 -3.46053e+01 | 50 -0.82323 -2.18928e+01 | 51 -0.30057 -2.23149e+01
 52 -0.48724 -4.89429e-01 |
Maximum number of function evaluations exceeded

 - final statistics:
52 variables; iteration 58; function evaluation 100
Function value 2.1126e+02; maximum gradient component mag -7.3795e+02
Exit code = 3;  converg criter 1.0000e+01
Var    Value     Gradient |Var    Value     Gradient |Var    Value     Gradient
  1  0.17367 -4.84712e+02 |  2 -0.05406 -7.06997e+00 |  3  0.20737  8.96220e+01
  4  0.16582  1.09246e+02 |  5  0.14430  9.70153e-01 |  6  0.10563  3.39384e+01
  7  0.04068  1.92218e+01 |  8  0.07868  5.40439e+01 |  9  0.10336  8.21068e+01
 10  0.12911  6.39396e+01 | 11  0.08707  1.06556e+02 | 12  0.05181  4.85974e+01
 13 -0.00641  1.76992e+01 | 14  0.04890  1.28533e+02 | 15  0.02961  2.18270e+01
 16 -0.01745  4.14262e+01 | 17 -0.04734  9.04602e+01 | 18 -0.01995  2.64200e+01
 19 -0.03690  4.68144e+01 | 20  0.05003  1.94787e+01 | 21  0.06751  1.05320e+02
 22 -0.05081  3.60101e+01 | 23 -0.03959 -6.65239e+00 | 24 -0.19288 -9.11715e+01
 25 -0.01569  5.23608e+01 | 26 -0.03200  2.62448e+01 | 27 -0.02252  2.08767e+01
 28  0.04607  7.91181e+01 | 29 -0.07604 -4.74987e+01 | 30  0.05197  1.51535e+02
 31 -0.04462  1.68504e+01 | 32 -0.02586 -6.10891e+01 | 33 -0.02252 -6.47649e+01
 34  0.01490 -8.53087e+01 | 35  0.00511  4.01956e+01 | 36 -0.04767 -3.34110e+01
 37 -0.05134 -8.45391e+01 | 38 -0.14007 -1.04529e+01 | 39  0.23774  6.82373e+01
 40  0.21790 -7.37951e+02 | 41  0.24410 -4.32011e+02 | 42  0.20748 -3.58335e+02
 43 -1.20772  8.89463e-03 | 44 -0.00123  2.61154e-04 | 45 -1.38786 -3.62063e-01
 46 -1.55868 -1.18714e+01 | 47 -0.78654 -1.53125e+02 | 48 -0.79358  1.58432e+02
 49 -1.02073  2.96256e+02 | 50 -0.96857  1.95257e+02 | 51 -0.29117  8.69605e+01
 52 -0.17067  8.67457e-01 |

Initial statistics: 54 variables; iteration 0; function evaluation 0; phase 3
Function value 2.1097350e+02; maximum gradient component mag -7.3795e+02
Var    Value     Gradient |Var    Value     Gradient |Var    Value     Gradient
  1  0.17367 -4.84712e+02 |  2 -0.05406 -7.06997e+00 |  3  0.20737  8.96220e+01
  4  0.16582  1.09246e+02 |  5  0.14430  9.70153e-01 |  6  0.10494  8.65224e+00
  7  0.04000 -6.36618e+00 |  8  0.07799  2.86034e+01 |  9  0.10267  5.68142e+01
 10  0.12841  3.88339e+01 | 11  0.08638  8.11677e+01 | 12  0.05112  2.30444e+01
 13 -0.00709 -7.93934e+00 | 14  0.04821  1.02977e+02 | 15  0.02893 -3.78531e+00
 16 -0.01814  1.57955e+01 | 17 -0.04803  6.48859e+01 | 18 -0.02064  7.92621e-01
 19 -0.03759  2.12162e+01 | 20  0.04935 -6.08256e+00 | 21  0.06682  7.98335e+01
 22 -0.05150  1.04509e+01 | 23 -0.04027 -3.22405e+01 | 24 -0.19360 -1.15603e+02
 25 -0.01638  2.67280e+01 | 26 -0.03269  6.37300e-01 | 27 -0.02320 -4.74697e+00
 28  0.04538  5.35495e+01 | 29 -0.07673 -7.29464e+01 | 30  0.05128  1.25992e+02
 31 -0.04530 -8.72587e+00 | 32 -0.02655 -8.67040e+01 | 33 -0.02321 -9.03853e+01
 34  0.01422 -1.10944e+02 | 35  0.00443  1.45567e+01 | 36 -0.04835 -5.89742e+01
 37 -0.05203 -1.10086e+02 | 38 -0.14078 -3.54658e+01 | 39  0.23774  6.82373e+01
 40  0.21790 -7.37951e+02 | 41  0.24410 -4.32011e+02 | 42  0.20748 -3.58335e+02
 43 -0.79228 -8.89463e-03 | 44 -0.00123  2.61154e-04 | 45 -0.61214  3.62063e-01
 46 -0.44132  1.18714e+01 | 47 -0.78654 -1.53125e+02 | 48 -0.79358  1.58432e+02
 49 -0.97927 -2.96256e+02 | 50 -0.96857  1.95257e+02 | 51 -0.29117  8.69605e+01
 52 -0.17067  8.67457e-01 | 53 -0.17585 -4.98250e+02 | 54 -0.12819 -3.71972e+02

Intermediate statistics: 54 variables; iteration 20; function evaluation 24; phase 3
Function value 1.2645617e+02; maximum gradient component mag -2.5013e+03
Var    Value     Gradient |Var    Value     Gradient |Var    Value     Gradient
  1  0.14683 -2.50135e+03 |  2 -0.10278  1.72879e+00 |  3 -0.02522 -8.87753e+01
  4 -0.04999 -7.05939e+01 |  5  0.02099 -2.60183e+01 |  6 -0.06350 -3.33646e+01
  7 -0.09971  8.94309e+00 |  8 -0.05779 -1.16131e+00 |  9 -0.04869  2.60546e+01
 10  0.03336 -9.97168e+00 | 11  0.01661 -8.46287e+00 | 12  0.05766 -3.40892e+01
 13 -0.00204 -4.29429e+01 | 14 -0.00550 -9.67333e+00 | 15  0.06403 -7.09472e+01
 16  0.01405 -8.55048e+01 | 17 -0.05250 -4.74341e+01 | 18 -0.01237 -8.44564e+01
 19 -0.02165 -5.08736e+01 | 20  0.05473 -1.20627e-01 | 21  0.06747  4.91600e+01
 22 -0.04951 -1.14667e+01 | 23 -0.03199 -4.16272e+01 | 24 -0.10312 -1.09363e+01
 25 -0.00178 -7.13626e+01 | 26 -0.01388 -8.83247e-02 | 27 -0.00841  4.68502e+00
 28  0.06663  4.81535e+01 | 29 -0.01412 -2.49558e+01 | 30  0.07573  1.01227e+02
 31 -0.01473  2.88734e+00 | 32  0.02699 -1.57374e+01 | 33  0.02532 -5.96257e+01
 34  0.05331 -8.90202e+01 | 35  0.03593 -9.98831e+00 | 36 -0.00843 -6.02671e+01
 37  0.01200 -7.52283e+01 | 38 -0.01267  3.00795e+01 | 39  0.24887  1.03909e+02
 40  0.24606  6.41430e+01 | 41  0.25586 -7.80304e+02 | 42  0.20029 -1.34039e+03
 43 -0.79221 -9.67995e-03 | 44 -0.00123 -2.89201e-04 | 45 -0.61333  5.48850e-02
 46 -0.48149  2.10944e+00 | 47 -0.84317 -3.23959e+02 | 48 -0.85795  3.57948e+02
 49 -0.97997 -7.87966e+02 | 50 -0.97564  6.47859e+02 | 51 -0.30669 -1.05272e+01
 52 -0.17874 -2.86323e-01 | 53 -0.12876 -3.78567e+02 | 54 -0.09551  1.81405e+02
54 variables; iteration 40; function evaluation 46; phase 3
Function value 1.1398575e+02; maximum gradient component mag -1.1734e+03
Var    Value     Gradient |Var    Value     Gradient |Var    Value     Gradient
  1  0.14549 -1.17345e+03 |  2 -0.10831  2.22251e+00 |  3  0.01868  7.04767e+00
  4 -0.04962 -5.11316e+01 |  5  0.01419 -2.24352e+01 |  6 -0.06132 -3.63440e+01
  7 -0.11137 -2.07960e+01 |  8 -0.05934 -1.07282e+01 |  9 -0.07804 -2.36673e+00
 10  0.00787 -4.66738e+01 | 11  0.01452 -9.30741e+00 | 12  0.06468 -1.51883e+01
 13  0.01415 -1.84040e+00 | 14  0.00656  7.61914e+00 | 15  0.06850 -2.33596e+01
 16  0.02363 -1.58766e+01 | 17 -0.05088 -2.17024e+01 | 18 -0.01334 -6.74021e+01
 19 -0.02110 -2.77926e+01 | 20  0.06570  4.67204e+01 | 21  0.05220 -9.40504e-01
 22 -0.04273  5.08017e+00 | 23 -0.03077 -3.52945e+01 | 24 -0.09808  3.95884e+00
 25  0.00017 -4.89142e+01 | 26  0.00083  4.42888e+01 | 27 -0.01450 -9.28414e+00
 28  0.06639  5.73511e+01 | 29 -0.01057 -1.70739e+01 | 30  0.07012  6.25253e+01
 31 -0.02217 -2.31541e+01 | 32  0.03292 -1.02239e+01 | 33  0.02402 -5.49516e+01
 34  0.06084 -4.31666e+01 | 35  0.03353 -2.64542e+01 | 36 -0.00272 -5.24260e+01
 37  0.01490 -1.04256e+02 | 38 -0.01837  6.52778e+00 | 39  0.24883  4.10751e+02
 40  0.24871  4.37302e+01 | 41  0.26110 -4.76517e+02 | 42  0.20547 -8.48591e+02
 43 -0.78849 -9.54618e-03 | 44 -0.00116 -3.11233e-04 | 45 -0.61490  1.09763e-02
 46 -0.56765  6.76825e-01 | 47 -0.85506 -1.43305e+02 | 48 -0.86947  1.59215e+02
 49 -0.98246  4.94310e+02 | 50 -0.97914 -4.15664e+02 | 51 -0.30542 -1.02762e+02
 52 -0.47017 -2.84713e+00 | 53 -0.12521 -2.55685e+02 | 54 -0.10089  9.11952e+01
54 variables; iteration 60; function evaluation 73; phase 3
Function value 1.0241357e+02; maximum gradient component mag -1.7784e+02
Var    Value     Gradient |Var    Value     Gradient |Var    Value     Gradient
  1  0.14562 -1.77836e+02 |  2 -0.11837 -5.14280e-01 |  3  0.01036 -3.05342e+00
  4 -0.03126 -4.98719e+00 |  5  0.01307 -1.13889e+01 |  6 -0.04822 -2.15258e+00
  7 -0.10137 -2.57305e+00 |  8 -0.06164 -7.30116e+00 |  9 -0.06302  2.45903e+00
 10  0.04284  1.76042e+00 | 11  0.02328  9.15426e-01 | 12  0.06542  1.53949e+00
 13  0.00994 -1.27625e-01 | 14 -0.00105  4.03049e-01 | 15  0.07369  1.07407e+00
 16  0.02285  1.25120e+00 | 17 -0.05050  1.44915e+00 | 18 -0.00562  6.02295e-01
 19 -0.02482  1.87258e+00 | 20  0.05161  7.87770e-01 | 21  0.04983  5.99444e-01
 22 -0.05183  2.07639e-01 | 23 -0.02312 -4.10927e+00 | 24 -0.10781 -4.01511e+00
 25  0.00158 -1.95569e+01 | 26 -0.01139  5.54856e-01 | 27 -0.00886  8.87354e-01
 28  0.05627  3.48540e+00 | 29 -0.00674  2.23376e+00 | 30  0.05693  2.84922e-01
 31 -0.02512 -6.96115e-02 | 32  0.03650  2.69063e+00 | 33  0.03059  2.66319e+00
 34  0.05694  1.85187e+00 | 35  0.03135  1.31367e+00 | 36 -0.00333  1.07495e+00
 37  0.01807 -1.44169e-01 | 38 -0.03410  3.52431e-01 | 39  0.24670  1.22972e+01
 40  0.25401 -7.18701e-01 | 41  0.26882  2.27775e+00 | 42  0.21379 -1.63229e+00
 43 -0.70834 -8.96287e-03 | 44  0.00347 -1.14344e-03 | 45 -0.55598  6.36176e-04
 46 -0.61500  1.87310e-01 | 47 -0.85341  4.38718e+00 | 48 -0.86879 -4.93568e+00
 49 -0.97932 -1.12930e+02 | 50 -0.97523  9.41665e+01 | 51 -0.31478 -2.28721e+00
 52 -0.38856 -9.16661e-02 | 53 -0.10296 -7.48132e-01 | 54 -0.08869 -2.58028e+00
Maximum number of function evaluations exceeded

 - final statistics:
54 variables; iteration 67; function evaluation 100
Function value 9.9596e+01; maximum gradient component mag 5.5545e+02
Exit code = 3;  converg criter 1.0000e+00
Var    Value     Gradient |Var    Value     Gradient |Var    Value     Gradient
  1  0.14602  5.55452e+02 |  2 -0.11688  3.69482e+00 |  3  0.01090  9.15049e+00
  4 -0.03042  1.00095e+01 |  5  0.01554  1.38313e+01 |  6 -0.04662  8.64928e-01
  7 -0.09705 -1.14780e+00 |  8 -0.05670 -1.20421e+00 |  9 -0.05751 -4.55281e+00
 10  0.04296 -3.47458e+00 | 11  0.02256 -5.69074e+00 | 12  0.06459  3.51119e+00
 13  0.01063  2.71686e+00 | 14  0.00056 -1.58330e+00 | 15  0.07290  4.09990e+00
 16  0.02227  7.06092e+00 | 17 -0.05164 -2.39539e+00 | 18 -0.00611  3.92906e-01
 19 -0.02617 -2.45619e+00 | 20  0.05099  1.87530e+00 | 21  0.04904  6.22347e+00
 22 -0.05257 -4.02673e+00 | 23 -0.02322  5.25949e+00 | 24 -0.10826 -3.82242e+00
 25  0.00099  1.24773e+01 | 26 -0.01271  1.20733e+00 | 27 -0.00880 -2.31379e+00
 28  0.05471  3.59732e-01 | 29 -0.00810 -2.02324e+00 | 30  0.05664  6.27329e+00
 31 -0.02559 -3.87603e-01 | 32  0.03548 -4.51953e-01 | 33  0.02964 -2.65381e+00
 34  0.05668  3.03593e+00 | 35  0.03161  5.51922e+00 | 36 -0.00459 -8.47974e-01
 37  0.01695  3.80919e+00 | 38 -0.03359 -5.36871e+00 | 39  0.24569  1.71102e+00
 40  0.25408  4.32022e+00 | 41  0.26869  4.91252e+00 | 42  0.21371 -2.67308e+00
 43 -0.35455 -2.18385e-01 | 44  0.07045 -3.07161e-03 | 45 -0.44196 -2.15203e-03
 46 -0.67652  1.46088e-02 | 47 -0.84463 -2.31352e+01 | 48 -0.86082  2.58237e+01
 49 -0.97846  1.06410e+02 | 50 -0.97422 -8.90747e+01 | 51 -0.31847 -6.32307e-01
 52 -0.40970 -2.98886e-02 | 53 -0.10171  4.42738e+00 | 54 -0.08760 -1.35599e+00

Initial statistics: 56 variables; iteration 0; function evaluation 0; phase 4
Function value 9.9595807e+01; maximum gradient component mag 5.5536e+02
Var    Value     Gradient |Var    Value     Gradient |Var    Value     Gradient
  1  0.14602  5.55364e+02 |  2 -0.11688  3.69478e+00 |  3  0.01090  9.14925e+00
  4 -0.03042  1.00090e+01 |  5  0.01554  1.38339e+01 |  6 -0.04664  2.52924e-01
  7 -0.09707 -1.75316e+00 |  8 -0.05672 -1.81121e+00 |  9 -0.05752 -5.16369e+00
 10  0.04294 -4.08777e+00 | 11  0.02255 -6.30304e+00 | 12  0.06457  2.90030e+00
 13  0.01061  2.10207e+00 | 14  0.00054 -2.19618e+00 | 15  0.07288  3.49023e+00
 16  0.02226  6.44576e+00 | 17 -0.05166 -3.00715e+00 | 18 -0.00612 -2.22491e-01
 19 -0.02619 -3.06952e+00 | 20  0.05097  1.26311e+00 | 21  0.04903  5.60904e+00
 22 -0.05259 -4.63822e+00 | 23 -0.02323  4.64360e+00 | 24 -0.10827 -4.42738e+00
 25  0.00097  1.18605e+01 | 26 -0.01273  5.91724e-01 | 27 -0.00882 -2.93013e+00
 28  0.05469 -2.54918e-01 | 29 -0.00812 -2.63800e+00 | 30  0.05663  5.66104e+00
 31 -0.02561 -1.00019e+00 | 32  0.03546 -1.06344e+00 | 33  0.02962 -3.26531e+00
 34  0.05667  2.42205e+00 | 35  0.03160  4.90443e+00 | 36 -0.00461 -1.46200e+00
 37  0.01694  3.19420e+00 | 38 -0.03361 -5.98204e+00 | 39  0.24569  1.71945e+00
 40  0.25408  4.31515e+00 | 41  0.26869  4.91138e+00 | 42  0.21371 -2.67572e+00
 43 -0.35455 -2.18499e-01 | 44  0.07045 -3.07321e-03 | 45 -0.44196 -2.15223e-03
 46 -0.67652  1.45913e-02 | 47 -0.84463 -2.31291e+01 | 48 -0.86082  2.58169e+01
 49 -0.97846  1.06362e+02 | 50 -0.97422 -8.90342e+01 | 51 -0.31847 -6.33963e-01
 52 -0.40970 -2.99603e-02 | 53 -0.10171  4.42680e+00 | 54 -0.08760 -1.35907e+00
 55 -0.05795  1.33551e+02 | 56 -0.17585 -1.24710e+02 |

Intermediate statistics: 56 variables; iteration 20; function evaluation 23; phase 4
Function value 9.6776120e+01; maximum gradient component mag -4.4203e+02
Var    Value     Gradient |Var    Value     Gradient |Var    Value     Gradient
  1  0.14511 -2.64834e+02 |  2 -0.12482  5.11018e-01 |  3  0.00863  3.04917e+00
  4 -0.03157  4.38164e+00 |  5  0.01494  7.84857e+00 |  6 -0.05185  3.88243e+00
  7 -0.10374  3.26576e+00 |  8 -0.06186  3.92933e+00 |  9 -0.06945  1.11387e+00
 10  0.03968  3.28527e+00 | 11  0.02319  2.83177e+00 | 12  0.06588  4.69533e+00
 13  0.00988  9.07629e-01 | 14 -0.00174  7.75285e-01 | 15  0.07444  5.09265e-01
 16  0.02359  2.84256e+00 | 17 -0.04992 -9.35138e-01 | 18 -0.00739 -6.76057e+00
 19 -0.02449 -1.24002e+01 | 20  0.04796 -1.00816e+01 | 21  0.04711 -6.69455e+00
 22 -0.05204 -4.98174e+00 | 23 -0.02534 -1.42886e+00 | 24 -0.10543  2.46544e+00
 25  0.00680  1.78909e+01 | 26 -0.01243  3.15542e+00 | 27 -0.01046 -5.70335e+00
 28  0.05614  1.91043e+00 | 29 -0.00459  5.08899e+00 | 30  0.06026  1.35267e+01
 31 -0.02305  2.33184e+00 | 32  0.03744 -5.00968e+00 | 33  0.03168 -8.82778e+00
 34  0.05659 -1.65547e+01 | 35  0.03178 -7.00447e+00 | 36 -0.00317 -1.18788e+01
 37  0.01874 -2.31323e+01 | 38 -0.02593  7.45364e+00 | 39  0.24460 -4.42033e+02
 40  0.25277 -1.49425e+01 | 41  0.26763 -9.93469e+01 | 42  0.21369  1.02782e+01
 43 -0.34995  1.01776e+01 | 44  0.07061  1.26425e-01 | 45 -0.44195 -2.22381e-03
 46 -0.67657  1.14897e-02 | 47 -0.84343 -7.06233e+01 | 48 -0.85968  7.88503e+01
 49 -0.97526  1.60133e+02 | 50 -0.97067 -1.35208e+02 | 51 -0.31749  7.75521e+01
 52 -0.40944  3.29105e+00 | 53 -0.11341 -3.90366e+01 | 54 -0.08554  5.26138e+01
 55 -0.08092  3.75321e+01 | 56 -0.16083 -7.50421e+01 |
56 variables; iteration 40; function evaluation 52; phase 4
Function value 9.5834149e+01; maximum gradient component mag -1.8567e+02
Var    Value     Gradient |Var    Value     Gradient |Var    Value     Gradient
  1  0.14458 -1.22688e+02 |  2 -0.11972  2.15040e+00 |  3  0.00845 -1.35909e+00
  4 -0.03165 -1.75733e-01 |  5  0.01482  3.35827e-01 |  6 -0.05133  1.64142e+00
  7 -0.10373  7.14322e-01 |  8 -0.06130  1.86937e+00 |  9 -0.06945  1.00815e+00
 10  0.03620 -4.16729e+00 | 11  0.02250  3.41738e-02 | 12  0.06689  3.84150e+00
 13  0.00948 -2.50688e-01 | 14 -0.00632 -7.85120e+00 | 15  0.07284 -1.00323e+01
 16  0.02450 -1.32779e+00 | 17 -0.04835  9.04079e-01 | 18 -0.00715 -4.53252e+00
 19 -0.02494 -9.28188e+00 | 20  0.04784 -3.05447e+00 | 21  0.04638  4.04332e-01
 22 -0.05272  1.31092e+00 | 23 -0.02626  9.95756e+00 | 24 -0.10450  1.82241e+01
 25  0.00742  6.49650e+01 | 26 -0.01152  5.74721e+00 | 27 -0.00973 -7.92802e+00
 28  0.05610 -2.45624e+01 | 29 -0.00400 -4.06529e+00 | 30  0.05949 -2.16731e+00
 31 -0.02406 -5.31631e+00 | 32  0.03939 -3.24790e+00 | 33  0.03339 -3.46693e+00
 34  0.05693 -9.62204e+00 | 35  0.03154 -6.65108e+00 | 36 -0.00193 -3.68903e+00
 37  0.02024 -9.08517e+00 | 38 -0.02470  2.06527e+00 | 39  0.24635 -1.85667e+02
 40  0.25320 -8.72916e+01 | 41  0.26928 -2.49123e+01 | 42  0.21388  1.12179e+01
 43 -0.34967  3.42182e+00 | 44  0.08159  4.16874e-02 | 45 -0.44024 -2.35586e-03
 46 -0.68359  5.22760e-03 | 47 -0.68370 -6.46602e+01 | 48 -0.71691  7.25543e+01
 49 -0.91922 -4.70608e+01 | 50 -0.90406  3.95596e+01 | 51 -0.31801  3.11209e+01
 52 -0.37092  1.33552e+00 | 53 -0.18765  3.37942e+01 | 54 -0.09120 -2.23826e+01
 55 -0.02007  2.46054e+01 | 56 -0.08719  1.05999e+01 |
56 variables; iteration 60; function evaluation 85; phase 4
Function value 9.5265729e+01; maximum gradient component mag -3.5806e+01
Var    Value     Gradient |Var    Value     Gradient |Var    Value     Gradient
  1  0.14454  1.09270e+00 |  2 -0.12632 -3.78955e-01 |  3  0.00812 -2.09042e-01
  4 -0.03178  3.20260e-01 |  5  0.01476  5.15963e-01 |  6 -0.05179  4.38221e-02
  7 -0.10372  2.08121e-01 |  8 -0.06131  2.67600e-01 |  9 -0.06857  1.08082e-01
 10  0.04009 -1.90155e-02 | 11  0.02375  1.49409e-01 | 12  0.06550 -3.90276e-02
 13  0.00916  7.15426e-02 | 14 -0.00267  5.26099e-02 | 15  0.07431  2.20779e-01
 16  0.02330 -1.80872e-02 | 17 -0.05012  2.71126e-01 | 18 -0.00768 -4.93023e-01
 19 -0.02402 -4.11800e-01 | 20  0.04700 -6.17326e-01 | 21  0.04541 -4.52956e-01
 22 -0.05322 -2.49657e-01 | 23 -0.02709 -1.48358e-01 | 24 -0.10576  2.04242e-01
 25  0.00678  2.54362e+00 | 26 -0.01247  3.65363e-01 | 27 -0.01028 -3.41559e-01
 28  0.05731  1.53206e+00 | 29 -0.00419  3.42843e-01 | 30  0.05872  4.02113e-01
 31 -0.02368  2.19070e-01 | 32  0.03895 -3.50324e-01 | 33  0.03298 -5.89445e-01
 34  0.05718 -3.57700e-01 | 35  0.03174 -2.86398e-01 | 36 -0.00183 -9.25985e-01
 37  0.02095 -2.27423e+00 | 38 -0.02545 -3.35311e-01 | 39  0.24858 -2.34757e+00
 40  0.25319 -6.41566e+00 | 41  0.26967 -3.41812e+00 | 42  0.21379 -1.63031e+00
 43 -0.34981  1.84417e-01 | 44  0.09419  2.72160e-03 | 45 -0.41283 -2.26152e-03
 46 -0.69571 -5.87838e-04 | 47 -0.70507  1.47607e+01 | 48 -0.73759 -1.66658e+01
 49 -0.91903 -3.58059e+01 | 50 -0.90409  3.01705e+01 | 51 -0.31566  7.08058e-01
 52 -0.25005  2.61002e-02 | 53 -0.14733 -3.64516e+00 | 54 -0.11173  6.95873e+00
 55 -0.09844 -1.67669e+00 | 56 -0.14623 -1.99476e+00 |
56 variables; iteration 80; function evaluation 124; phase 4
Function value 9.5239904e+01; maximum gradient component mag -9.9766e+01
Var    Value     Gradient |Var    Value     Gradient |Var    Value     Gradient
  1  0.14448 -3.12507e+00 |  2 -0.12561 -7.40372e-02 |  3  0.00818 -5.22500e-02
  4 -0.03178  6.65548e-02 |  5  0.01469  7.43414e-02 |  6 -0.05189  5.76757e-02
  7 -0.10387  7.05868e-02 |  8 -0.06142  5.58215e-02 |  9 -0.06905  8.78396e-02
 10  0.03989  6.26044e-04 | 11  0.02366  1.04568e-01 | 12  0.06562  7.89549e-02
 13  0.00916  1.19178e-01 | 14 -0.00272  1.09798e-01 | 15  0.07431  2.09401e-01
 16  0.02337  9.65363e-02 | 17 -0.05013  1.43639e-01 | 18 -0.00766  1.32858e-01
 19 -0.02397  3.62238e-02 | 20  0.04695  8.04716e-02 | 21  0.04539 -8.78091e-03
 22 -0.05310 -3.56740e-02 | 23 -0.02704 -2.33743e-01 | 24 -0.10565 -3.15461e-01
 25  0.00678 -8.33371e-01 | 26 -0.01248  6.54800e-02 | 27 -0.01025  1.51042e-01
 28  0.05737  4.35944e-01 | 29 -0.00413  9.48728e-02 | 30  0.05869  1.31663e-01
 31 -0.02370  1.13676e-01 | 32  0.03897 -8.98185e-02 | 33  0.03308 -7.18978e-02
 34  0.05719 -3.04247e-02 | 35  0.03175 -2.80628e-02 | 36 -0.00180 -2.34842e-01
 37  0.02107 -6.60235e-01 | 38 -0.02508 -1.03741e-01 | 39  0.24851  1.60035e-01
 40  0.25329 -1.20556e+00 | 41  0.26977 -9.20821e-01 | 42  0.21382 -2.96830e-01
 43 -0.34821  1.93402e-02 | 44 -0.02820  1.20049e-04 | 45  0.02318  3.11319e-04
 46 -0.70508  3.52289e-04 | 47 -0.66442  2.87726e+00 | 48 -0.70135 -3.19225e+00
 49 -0.78933 -6.05080e-01 | 50 -0.75080  4.94322e-01 | 51 -0.32011 -8.35163e-02
 52 -0.15582 -4.17562e-03 | 53 -0.11717  9.17727e+01 | 54 -0.17426 -9.97659e+01
 55 -0.23338  2.36802e+01 | 56 -0.23462  6.34169e+01 |
56 variables; iteration 100; function evaluation 233; phase 4
Function value 9.5228697e+01; maximum gradient component mag 1.1558e+02
Var    Value     Gradient |Var    Value     Gradient |Var    Value     Gradient
  1  0.14449 -6.59417e-01 |  2 -0.12551 -8.41575e-03 |  3  0.00838  4.08159e-02
  4 -0.03180  1.84264e-02 |  5  0.01467  2.07572e-02 |  6 -0.05183  3.79981e-02
  7 -0.10381  3.37012e-02 |  8 -0.06138  5.54546e-02 |  9 -0.06897  1.20315e-02
 10  0.03993  1.05892e-02 | 11  0.02365  1.45104e-02 | 12  0.06553  5.17649e-03
 13  0.00922  4.06178e-02 | 14 -0.00266  3.00071e-02 | 15  0.07425  3.05824e-02
 16  0.02338  5.48710e-02 | 17 -0.05011  3.87324e-02 | 18 -0.00764  7.50400e-02
 19 -0.02399  6.14628e-02 | 20  0.04695  6.02635e-02 | 21  0.04536  2.19455e-02
 22 -0.05312  1.75657e-02 | 23 -0.02696  2.84390e-02 | 24 -0.10562 -1.05687e-02
 25  0.00668 -1.74482e-01 | 26 -0.01240  1.21597e-02 | 27 -0.01025  3.34267e-03
 28  0.05730 -9.14887e-02 | 29 -0.00415  4.22001e-03 | 30  0.05870  7.93817e-03
 31 -0.02373  6.69585e-03 | 32  0.03902  3.00761e-02 | 33  0.03308  6.50921e-03
 34  0.05720 -1.19643e-02 | 35  0.03175 -2.97832e-02 | 36 -0.00183 -8.23022e-02
 37  0.02102 -2.18965e-01 | 38 -0.02525 -3.16739e-02 | 39  0.24845  8.19589e-01
 40  0.25327 -8.62317e-02 | 41  0.26977  5.84481e-02 | 42  0.21382  4.62858e-02
 43 -0.34727 -5.27146e-03 | 44 -0.10906 -5.83374e-04 | 45  0.16851  1.03727e-03
 46 -0.71012 -7.09708e-05 | 47 -0.78452  7.02923e-01 | 48 -0.80790 -8.10139e-01
 49 -0.61679 -6.67109e+00 | 50 -0.54577  5.60185e+00 | 51 -0.32412 -1.97632e-01
 52 -0.06767 -8.74355e-03 | 53 -0.11688  1.15579e+02 | 54 -0.17533 -1.13111e+02
 55 -0.23553  1.39665e+01 | 56 -0.23593  9.56088e+01 |
56 variables; iteration 120; function evaluation 254; phase 4
Function value 9.5216739e+01; maximum gradient component mag 1.1596e+02
Var    Value     Gradient |Var    Value     Gradient |Var    Value     Gradient
  1  0.14438  4.55182e-01 |  2 -0.12498  3.34668e-01 |  3  0.00839  2.99142e-02
  4 -0.03188 -4.82220e-01 |  5  0.01465 -6.35658e-01 |  6 -0.05203 -1.96459e-01
  7 -0.10399 -2.01843e-01 |  8 -0.06132 -1.64960e-01 |  9 -0.06967 -2.12510e-01
 10  0.03971 -2.05605e-02 | 11  0.02349 -3.06190e-01 | 12  0.06567 -1.04181e-01
 13  0.00903 -4.01393e-01 | 14 -0.00310 -4.17875e-01 | 15  0.07419 -8.36916e-01
 16  0.02361 -3.53840e-01 | 17 -0.05009 -5.86401e-01 | 18 -0.00768 -6.03101e-01
 19 -0.02391 -5.73002e-02 | 20  0.04673 -8.16356e-02 | 21  0.04517  1.70259e-01
 22 -0.05328  3.52278e-01 | 23 -0.02704  9.30254e-01 | 24 -0.10533  1.39989e+00
 25  0.00710  3.20144e+00 | 26 -0.01247 -2.20669e-01 | 27 -0.01017 -2.42467e-01
 28  0.05754 -1.82544e+00 | 29 -0.00405 -1.21049e-01 | 30  0.05866 -2.81359e-01
 31 -0.02378 -3.94561e-01 | 32  0.03915  8.48478e-01 | 33  0.03318  5.32734e-01
 34  0.05705 -1.50508e-01 | 35  0.03168 -2.90077e-01 | 36 -0.00164  3.62728e-01
 37  0.02133  6.87127e-01 | 38 -0.02440  6.29427e-01 | 39  0.24872  8.81913e+00
 40  0.25345  5.31670e+00 | 41  0.26991  2.45635e+00 | 42  0.21386  6.95310e-01
 43 -0.35151 -4.09896e-01 | 44  0.28281 -2.82159e-03 | 45 -0.56261 -3.68405e-03
 46 -0.68566  2.15177e-03 | 47 -0.70197 -3.91331e+00 | 48 -0.73456  4.39949e+00
 49 -0.58279 -3.35981e+00 | 50 -0.50921  2.90660e+00 | 51 -0.34095 -1.08621e+00
 52  0.36549 -3.70902e-02 | 53 -0.11381  1.15961e+02 | 54 -0.17490 -1.11448e+02
 55 -0.23803  1.11251e+01 | 56 -0.23878  9.85247e+01 |
56 variables; iteration 140; function evaluation 276; phase 4
Function value 9.5211181e+01; maximum gradient component mag -7.4711e+01
Var    Value     Gradient |Var    Value     Gradient |Var    Value     Gradient
  1  0.14437 -2.72301e+00 |  2 -0.12605  4.36205e-02 |  3  0.00815  5.49953e-02
  4 -0.03183 -8.87749e-03 |  5  0.01468  6.67646e-03 |  6 -0.05214  6.26851e-02
  7 -0.10402  5.45297e-02 |  8 -0.06129  6.91903e-02 |  9 -0.06966  2.53380e-02
 10  0.03964  4.93970e-02 | 11  0.02359  2.56990e-02 | 12  0.06565  4.01467e-02
 13  0.00906  2.10196e-02 | 14 -0.00304  1.11459e-02 | 15  0.07431 -3.37867e-02
 16  0.02357  3.35127e-02 | 17 -0.05001  1.33554e-02 | 18 -0.00754  2.35564e-02
 19 -0.02390  4.19130e-02 | 20  0.04683  3.17573e-02 | 21  0.04521  4.09167e-02
 22 -0.05333  4.75123e-02 | 23 -0.02702  9.39627e-02 | 24 -0.10539  1.19872e-01
 25  0.00712  1.39031e-01 | 26 -0.01243  4.57827e-03 | 27 -0.01012 -3.67141e-02
 28  0.05762 -3.42695e-01 | 29 -0.00407 -7.80683e-02 | 30  0.05867 -1.07113e-01
 31 -0.02367 -5.18019e-02 | 32  0.03893 -2.17520e-02 | 33  0.03307 -1.47028e-02
 34  0.05708 -4.22445e-02 | 35  0.03171 -4.85034e-02 | 36 -0.00160 -9.39129e-03
 37  0.02143 -7.41001e-02 | 38 -0.02498  1.09810e-03 | 39  0.24886 -4.18443e-01
 40  0.25337 -1.57548e+00 | 41  0.26987  2.04005e-01 | 42  0.21387  7.80923e-02
 43 -0.34917  7.77189e-02 | 44  0.08890  1.37918e-03 | 45  0.03006  3.39504e-04
 46 -0.70513  1.46056e-04 | 47 -0.68596  6.43176e-01 | 48 -0.72047 -7.26268e-01
 49 -0.56724 -5.99335e-02 | 50 -0.49346  4.63188e-02 | 51 -0.34097  1.25738e-01
 52  0.41276  6.69936e-03 | 53 -0.11689 -7.47113e+01 | 54 -0.17469  7.09574e+01
 55 -0.23442 -6.31808e+00 | 56 -0.23532 -6.45432e+01 |
56 variables; iteration 160; function evaluation 297; phase 4
Function value 9.5210557e+01; maximum gradient component mag -6.4031e+00
Var    Value     Gradient |Var    Value     Gradient |Var    Value     Gradient
  1  0.14437 -2.51886e-02 |  2 -0.12616  1.08569e-03 |  3  0.00813  1.49598e-03
  4 -0.03183 -1.50421e-04 |  5  0.01468  6.36380e-05 |  6 -0.05214  1.66202e-03
  7 -0.10402  7.56139e-04 |  8 -0.06129  1.32297e-03 |  9 -0.06965  7.66196e-06
 10  0.03963  3.29920e-04 | 11  0.02359  2.21911e-04 | 12  0.06564  1.00698e-04
 13  0.00908 -2.24641e-04 | 14 -0.00300 -2.88625e-04 | 15  0.07431 -1.93441e-03
 16  0.02354  2.24637e-04 | 17 -0.05000 -1.41747e-03 | 18 -0.00757 -1.04141e-04
 19 -0.02391  2.86268e-04 | 20  0.04680  2.44550e-04 | 21  0.04520  1.86478e-04
 22 -0.05331  9.94391e-04 | 23 -0.02703  2.00285e-03 | 24 -0.10544  2.68546e-03
 25  0.00713  1.43496e-03 | 26 -0.01243 -2.93688e-04 | 27 -0.01016 -1.58679e-03
 28  0.05763 -7.17703e-03 | 29 -0.00407  5.68667e-04 | 30  0.05868  1.35109e-03
 31 -0.02367 -3.10168e-04 | 32  0.03895  5.02733e-03 | 33  0.03308  2.32855e-03
 34  0.05711  1.52283e-04 | 35  0.03174 -1.30536e-03 | 36 -0.00163 -1.99252e-03
 37  0.02141 -4.82278e-03 | 38 -0.02488  2.31506e-03 | 39  0.24878 -1.47219e-02
 40  0.25339  5.18296e-02 | 41  0.26987  5.20743e-03 | 42  0.21386  2.55711e-03
 43 -0.34738 -6.07770e-05 | 44 -0.06520 -2.99569e-04 | 45 -0.06088 -1.17425e-04
 46 -0.70259  9.10938e-05 | 47 -0.68551  2.44777e-02 | 48 -0.72005 -2.76207e-02
 49 -0.56670  7.68078e-03 | 50 -0.49291 -6.95636e-03 | 51 -0.32657  3.83589e-03
 52  0.02440  3.62627e-04 | 53 -0.11384 -6.84938e-01 | 54 -0.17413  5.61156e+00
 55 -0.23667 -6.40307e+00 | 56 -0.23802  5.74790e+00 |
56 variables; iteration 180; function evaluation 317; phase 4
Function value 9.5210542e+01; maximum gradient component mag 8.5526e+00
Var    Value     Gradient |Var    Value     Gradient |Var    Value     Gradient
  1  0.14437 -7.56114e-03 |  2 -0.12616  1.60700e-04 |  3  0.00813  2.61757e-04
  4 -0.03183  1.96119e-06 |  5  0.01468  3.68358e-07 |  6 -0.05214 -2.28695e-05
  7 -0.10402  2.15064e-04 |  8 -0.06129  9.78524e-05 |  9 -0.06965  1.36902e-04
 10  0.03963  1.80580e-04 | 11  0.02359 -7.98132e-05 | 12  0.06563  2.88928e-05
 13  0.00908  4.12450e-05 | 14 -0.00300  2.86070e-05 | 15  0.07431 -1.72496e-04
 16  0.02354 -2.65254e-05 | 17 -0.05000  4.46057e-04 | 18 -0.00757  1.56686e-05
 19 -0.02391  9.03299e-05 | 20  0.04680  1.43395e-04 | 21  0.04520  1.39796e-04
 22 -0.05331  1.42631e-04 | 23 -0.02702  1.55874e-04 | 24 -0.10544  8.48551e-05
 25  0.00712 -5.16339e-04 | 26 -0.01243 -1.55135e-05 | 27 -0.01016  6.08750e-05
 28  0.05763 -2.76867e-04 | 29 -0.00407  3.30267e-04 | 30  0.05868  4.39114e-04
 31 -0.02367  2.02105e-04 | 32  0.03894  5.28621e-04 | 33  0.03308  3.71466e-04
 34  0.05712  3.71563e-05 | 35  0.03174 -3.85246e-04 | 36 -0.00163 -6.08985e-04
 37  0.02141 -1.87575e-03 | 38 -0.02489  3.18431e-04 | 39  0.24878 -3.49507e-03
 40  0.25339  1.05103e-02 | 41  0.26987  1.41754e-04 | 42  0.21386  1.86428e-04
 43 -0.34808  9.69001e-04 | 44 -0.00495  1.44940e-05 | 45 -0.03654  3.26254e-06
 46 -0.70346  2.35050e-05 | 47 -0.68558  8.82127e-03 | 48 -0.72012 -1.00446e-02
 49 -0.56674 -2.56156e-03 | 50 -0.49295  2.40481e-03 | 51 -0.32492  8.66244e-04
 52 -0.01535  3.89636e-05 | 53 -0.11389 -3.97072e+00 | 54 -0.17411  8.55260e+00
 55 -0.23659 -6.44871e+00 | 56 -0.23795  2.68489e+00 |
56 variables; iteration 200; function evaluation 337; phase 4
Function value 9.5210538e+01; maximum gradient component mag -1.1352e+00
Var    Value     Gradient |Var    Value     Gradient |Var    Value     Gradient
  1  0.14437 -2.30542e-03 |  2 -0.12616  5.62178e-05 |  3  0.00813  6.34736e-05
  4 -0.03183 -1.44641e-05 |  5  0.01468 -2.63466e-05 |  6 -0.05214 -1.80094e-05
  7 -0.10402  6.15646e-05 |  8 -0.06129  3.47376e-05 |  9 -0.06965  3.15507e-05
 10  0.03963  5.70395e-05 | 11  0.02359 -4.00596e-05 | 12  0.06563  3.98319e-06
 13  0.00908 -7.90010e-06 | 14 -0.00300 -7.83979e-06 | 15  0.07431 -8.90190e-05
 16  0.02354 -4.95324e-05 | 17 -0.05000  9.57344e-05 | 18 -0.00757 -3.98059e-05
 19 -0.02391  5.26942e-06 | 20  0.04680  1.50248e-05 | 21  0.04520  3.30771e-05
 22 -0.05330  5.16250e-05 | 23 -0.02702  7.45014e-05 | 24 -0.10544  7.76657e-05
 25  0.00712  2.82337e-05 | 26 -0.01243 -1.23780e-05 | 27 -0.01016  9.63063e-06
 28  0.05763 -1.30735e-04 | 29 -0.00407  5.62617e-05 | 30  0.05868  6.29891e-05
 31 -0.02367  2.38141e-05 | 32  0.03894  1.24826e-04 | 33  0.03308  1.01828e-04
 34  0.05712  7.53779e-06 | 35  0.03174 -9.52148e-05 | 36 -0.00163 -1.10189e-04
 37  0.02141 -3.59740e-04 | 38 -0.02489  1.04394e-04 | 39  0.24878 -1.20269e-03
 40  0.25339  2.56211e-03 | 41  0.26987  1.60989e-04 | 42  0.21386  8.33152e-05
 43 -0.34808  1.85009e-04 | 44 -0.00550  2.54519e-06 | 45 -0.03706 -6.89958e-08
 46 -0.70350 -1.35063e-06 | 47 -0.68553  1.70436e-03 | 48 -0.72007 -1.94989e-03
 49 -0.56672 -1.99201e-04 | 50 -0.49294  2.26956e-04 | 51 -0.32489  2.47472e-04
 52 -0.01601  9.79538e-06 | 53 -0.11381 -1.13524e+00 | 54 -0.17400  9.60355e-01
 55 -0.23648  5.24465e-02 | 56 -0.23793 -1.12830e+00 |
56 variables; iteration 220; function evaluation 357; phase 4
Function value 9.5210526e+01; maximum gradient component mag 1.9258e+00
Var    Value     Gradient |Var    Value     Gradient |Var    Value     Gradient
  1  0.14437 -2.61362e-01 |  2 -0.12615  2.58500e-03 |  3  0.00813  2.81433e-03
  4 -0.03183 -1.00970e-03 |  5  0.01468 -9.57510e-04 |  6 -0.05214  3.27539e-03
  7 -0.10402  4.58576e-03 |  8 -0.06129  4.58402e-03 |  9 -0.06965  3.16179e-03
 10  0.03963  4.18449e-03 | 11  0.02359  1.52693e-03 | 12  0.06563  2.07043e-03
 13  0.00908  9.75326e-04 | 14 -0.00300  1.29207e-03 | 15  0.07431 -3.55361e-03
 16  0.02354 -4.71702e-04 | 17 -0.05000  2.40237e-03 | 18 -0.00756  3.61033e-04
 19 -0.02391  1.30828e-03 | 20  0.04680  1.04320e-03 | 21  0.04520  1.85962e-03
 22 -0.05331  3.55297e-03 | 23 -0.02702  5.42821e-03 | 24 -0.10544  6.82047e-03
 25  0.00712  6.95584e-03 | 26 -0.01243  1.75719e-04 | 27 -0.01015 -1.95524e-03
 28  0.05762 -1.85287e-02 | 29 -0.00407 -3.49221e-03 | 30  0.05868 -5.61641e-03
 31 -0.02367 -2.40890e-03 | 32  0.03895 -1.58552e-04 | 33  0.03308  6.93053e-04
 34  0.05712 -1.55814e-03 | 35  0.03174 -3.73740e-03 | 36 -0.00163 -2.70136e-03
 37  0.02141 -9.64859e-03 | 38 -0.02489  2.85344e-03 | 39  0.24878 -1.11147e-01
 40  0.25339 -3.80879e-02 | 41  0.26987  1.05781e-02 | 42  0.21386  4.25363e-03
 43 -0.34811 -7.83126e-04 | 44 -0.00242  6.65028e-06 | 45 -0.03637 -7.16852e-06
 46 -0.70440 -3.64426e-04 | 47 -0.68587  5.98281e-02 | 48 -0.72038 -6.79417e-02
 49 -0.56675 -7.39899e-03 | 50 -0.49296  6.91202e-03 | 51 -0.32528  1.52223e-02
 52 -0.00687  6.82162e-04 | 53 -0.10051 -9.83763e-01 | 54 -0.16178  1.92584e+00
 55 -0.22955 -1.35041e+00 | 56 -0.24057  4.13574e-01 |
56 variables; iteration 240; function evaluation 377; phase 4
Function value 9.5210485e+01; maximum gradient component mag -1.3907e-01
Var    Value     Gradient |Var    Value     Gradient |Var    Value     Gradient
  1  0.14437 -8.69379e-05 |  2 -0.12616  7.37355e-07 |  3  0.00813 -3.45377e-08
  4 -0.03183 -7.96167e-07 |  5  0.01468 -1.23523e-06 |  6 -0.05214 -8.38694e-07
  7 -0.10402  1.57049e-06 |  8 -0.06129  6.59532e-07 |  9 -0.06965  1.16188e-06
 10  0.03963  1.20029e-06 | 11  0.02359 -1.30892e-07 | 12  0.06563 -2.56049e-07
 13  0.00908 -8.81288e-09 | 14 -0.00300  4.16440e-07 | 15  0.07431 -8.31654e-07
 16  0.02354 -1.21665e-06 | 17 -0.05000  2.48208e-06 | 18 -0.00756  3.16208e-07
 19 -0.02391  4.19100e-07 | 20  0.04680  9.90973e-07 | 21  0.04520  7.15082e-07
 22 -0.05330 -4.69845e-07 | 23 -0.02702 -9.14211e-07 | 24 -0.10544 -1.32220e-06
 25  0.00712 -7.68724e-06 | 26 -0.01243 -4.69590e-07 | 27 -0.01016  1.71190e-06
 28  0.05763 -4.00804e-06 | 29 -0.00407  2.61866e-06 | 30  0.05868  4.92537e-06
 31 -0.02367  2.64326e-06 | 32  0.03894  5.95129e-06 | 33  0.03308  4.18794e-06
 34  0.05712  1.14007e-06 | 35  0.03174 -2.07958e-06 | 36 -0.00163 -4.41775e-06
 37  0.02141 -1.24701e-05 | 38 -0.02489  3.99012e-06 | 39  0.24878 -1.70155e-05
 40  0.25339  8.02513e-05 | 41  0.26987 -2.61139e-06 | 42  0.21386  5.03188e-07
 43 -0.34808 -2.26092e-06 | 44 -0.00558 -1.84445e-08 | 45 -0.03706 -2.89663e-10
 46 -0.70350  1.90259e-07 | 47 -0.68550  4.93573e-05 | 48 -0.72005 -5.58733e-05
 49 -0.56673 -4.42034e-05 | 50 -0.49294  3.84988e-05 | 51 -0.32489  5.13177e-06
 52 -0.01590  2.16878e-07 | 53 -0.07561 -1.39069e-01 | 54 -0.13988  1.26581e-01
 55 -0.21814 -4.64940e-03 | 56 -0.24641 -1.27156e-01 |
56 variables; iteration 260; function evaluation 397; phase 4
Function value 9.5210485e+01; maximum gradient component mag -1.3272e-01
Var    Value     Gradient |Var    Value     Gradient |Var    Value     Gradient
  1  0.14437 -7.65741e-02 |  2 -0.12616  2.45275e-04 |  3  0.00813 -7.65722e-06
  4 -0.03183 -4.56556e-05 |  5  0.01468 -2.08873e-04 |  6 -0.05214  2.15688e-04
  7 -0.10402  1.43925e-03 |  8 -0.06129  9.68069e-04 |  9 -0.06965  1.18940e-03
 10  0.03963  1.02760e-03 | 11  0.02359  6.25884e-04 | 12  0.06563  5.44548e-04
 13  0.00908  8.71899e-04 | 14 -0.00300  1.00563e-03 | 15  0.07431  7.96055e-04
 16  0.02354  3.97138e-04 | 17 -0.05000  2.16160e-03 | 18 -0.00756  1.04315e-03
 19 -0.02391  9.46329e-04 | 20  0.04680  1.10187e-03 | 21  0.04520  7.18417e-04
 22 -0.05330  1.00563e-04 | 23 -0.02702 -7.33185e-04 | 24 -0.10544 -1.16818e-03
 25  0.00712 -6.25584e-03 | 26 -0.01243  5.50996e-05 | 27 -0.01016  1.00935e-03
 28  0.05763 -1.95588e-03 | 29 -0.00407  5.66281e-04 | 30  0.05868  8.65023e-04
 31 -0.02367  1.08702e-03 | 32  0.03894  4.99383e-04 | 33  0.03308  6.82068e-04
 34  0.05712 -4.91081e-05 | 35  0.03174 -1.07928e-03 | 36 -0.00163 -2.43399e-03
 37  0.02141 -7.49846e-03 | 38 -0.02489  5.73074e-04 | 39  0.24878 -3.82225e-03
 40  0.25339 -3.97583e-05 | 41  0.26987 -3.13340e-03 | 42  0.21386 -2.22734e-04
 43 -0.34809 -1.32461e-03 | 44 -0.00465 -1.08383e-05 | 45 -0.03683  4.11131e-06
 46 -0.70327  1.01333e-04 | 47 -0.68553  3.39887e-02 | 48 -0.72007 -3.83816e-02
 49 -0.56676 -1.08441e-02 | 50 -0.49297  9.79813e-03 | 51 -0.32502  1.62438e-03
 52 -0.01284  8.32524e-05 | 53 -0.07581 -1.22513e-01 | 54 -0.13998  9.50548e-02
 55 -0.21809  1.67032e-02 | 56 -0.24629 -1.32721e-01 |
56 variables; iteration 280; function evaluation 419; phase 4
Function value 9.5210440e+01; maximum gradient component mag -6.2154e-01
Var    Value     Gradient |Var    Value     Gradient |Var    Value     Gradient
  1  0.14437 -5.01664e-01 |  2 -0.12615  9.36015e-04 |  3  0.00813  2.14386e-04
  4 -0.03183 -3.09893e-04 |  5  0.01468 -6.46763e-04 |  6 -0.05214  5.05479e-03
  7 -0.10402  8.16783e-03 |  8 -0.06129  7.16679e-03 |  9 -0.06964  7.31770e-03
 10  0.03963  7.09319e-03 | 11  0.02359  5.84232e-03 | 12  0.06563  5.63317e-03
 13  0.00908  6.26971e-03 | 14 -0.00300  6.64567e-03 | 15  0.07431  5.48151e-03
 16  0.02354  4.80489e-03 | 17 -0.05000  9.33410e-03 | 18 -0.00757  6.61783e-03
 19 -0.02391  6.36806e-03 | 20  0.04680  6.67503e-03 | 21  0.04520  5.67329e-03
 22 -0.05331  3.72504e-03 | 23 -0.02702  1.89376e-03 | 24 -0.10544  9.09076e-04
 25  0.00712 -1.18513e-02 | 26 -0.01243  2.18532e-03 | 27 -0.01016  2.63346e-03
 28  0.05763 -1.94508e-02 | 29 -0.00407 -1.00206e-02 | 30  0.05868 -1.73002e-02
 31 -0.02367 -3.25802e-03 | 32  0.03894 -1.83262e-02 | 33  0.03308 -8.83904e-03
 34  0.05712 -5.39106e-03 | 35  0.03174 -2.71005e-03 | 36 -0.00163 -1.12312e-03
 37  0.02141 -1.16309e-02 | 38 -0.02489 -6.74245e-03 | 39  0.24878 -2.33967e-02
 40  0.25339 -3.57531e-01 | 41  0.26987 -6.48904e-03 | 42  0.21386 -1.05337e-04
 43 -0.34811 -4.06892e-03 | 44 -0.00300 -3.47458e-05 | 45 -0.03661  8.92681e-06
 46 -0.70298  2.29554e-04 | 47 -0.68559  8.51591e-02 | 48 -0.72012 -9.61842e-02
 49 -0.56681 -2.67233e-02 | 50 -0.49302  2.41246e-02 | 51 -0.32521  6.11561e-03
 52 -0.00815  2.94552e-04 | 53 -0.10020  5.95942e-01 | 54 -0.14024 -6.21538e-01
 55 -0.19306  1.14365e-01 | 56 -0.22065  4.53181e-01 |
56 variables; iteration 300; function evaluation 443; phase 4
Function value 9.5210397e+01; maximum gradient component mag 4.8585e-01
Var    Value     Gradient |Var    Value     Gradient |Var    Value     Gradient
  1  0.14437 -3.15413e-01 |  2 -0.12616  2.08691e-04 |  3  0.00813  2.91765e-04
  4 -0.03183  5.05607e-04 |  5  0.01468  6.46720e-04 |  6 -0.05214  4.21493e-03
  7 -0.10402  5.22063e-03 |  8 -0.06129  4.91739e-03 |  9 -0.06965  4.73784e-03
 10  0.03963  4.54143e-03 | 11  0.02359  4.46597e-03 | 12  0.06563  4.42736e-03
 13  0.00908  4.85051e-03 | 14 -0.00300  4.85715e-03 | 15  0.07431  5.00041e-03
 16  0.02354  4.61874e-03 | 17 -0.05000  6.06720e-03 | 18 -0.00757  5.08993e-03
 19 -0.02391  4.84566e-03 | 20  0.04680  4.69337e-03 | 21  0.04520  4.18847e-03
 22 -0.05331  4.28021e-03 | 23 -0.02702  2.71312e-03 | 24 -0.10544  2.13440e-03
 25  0.00712 -5.37820e-03 | 26 -0.01243  1.52368e-03 | 27 -0.01016 -3.95470e-05
 28  0.05763 -7.93629e-03 | 29 -0.00407 -8.30215e-03 | 30  0.05868 -1.63187e-02
 31 -0.02367 -4.07439e-03 | 32  0.03894 -1.83999e-02 | 33  0.03308 -9.86939e-03
 34  0.05712 -5.27373e-03 | 35  0.03174 -1.43115e-03 | 36 -0.00163  6.55630e-04
 37  0.02141 -4.10154e-03 | 38 -0.02489 -8.30170e-03 | 39  0.24878 -4.77331e-03
 40  0.25339 -2.84663e-01 | 41  0.26987 -4.38433e-03 | 42  0.21386 -6.50646e-04
 43 -0.34809 -1.33574e-03 | 44 -0.00467 -1.10674e-05 | 45 -0.03660  3.99393e-06
 46 -0.70337  5.81453e-05 | 47 -0.68546  4.50257e-02 | 48 -0.72001 -5.07501e-02
 49 -0.56675 -6.34123e-03 | 50 -0.49297  5.56756e-03 | 51 -0.32500  1.72171e-03
 52 -0.01333  8.48789e-05 | 53 -0.12833  4.58356e-01 | 54 -0.13787 -3.80740e-01
 55 -0.16029 -4.01909e-02 | 56 -0.18927  4.85851e-01 |
56 variables; iteration 320; function evaluation 464; phase 4
Function value 9.5210369e+01; maximum gradient component mag -2.5641e-01
Var    Value     Gradient |Var    Value     Gradient |Var    Value     Gradient
  1  0.14437 -2.22754e-01 |  2 -0.12616  1.92983e-04 |  3  0.00813  3.54453e-04
  4 -0.03183  3.96072e-04 |  5  0.01468  5.94957e-04 |  6 -0.05214  3.21492e-03
  7 -0.10402  4.07239e-03 |  8 -0.06129  4.19686e-03 |  9 -0.06965  3.35314e-03
 10  0.03963  3.09858e-03 | 11  0.02359  2.87072e-03 | 12  0.06563  2.31408e-03
 13  0.00908  2.71011e-03 | 14 -0.00300  3.01291e-03 | 15  0.07431  2.11207e-03
 16  0.02354  1.98935e-03 | 17 -0.05000  3.70216e-03 | 18 -0.00757  2.70114e-03
 19 -0.02391  2.08021e-03 | 20  0.04680  1.97744e-03 | 21  0.04520  1.55628e-03
 22 -0.05331  1.40270e-03 | 23 -0.02702  1.16685e-04 | 24 -0.10544 -2.34932e-04
 25  0.00712 -6.07928e-03 | 26 -0.01243  9.19190e-04 | 27 -0.01016  1.48417e-04
 28  0.05763 -7.76162e-03 | 29 -0.00407 -3.94494e-03 | 30  0.05868 -6.68777e-03
 31 -0.02367 -1.13877e-03 | 32  0.03894 -7.36144e-03 | 33  0.03308 -3.72085e-03
 34  0.05712 -1.87096e-03 | 35  0.03174 -9.07214e-04 | 36 -0.00163 -9.34495e-04
 37  0.02141 -5.29201e-03 | 38 -0.02489 -2.45041e-03 | 39  0.24878 -4.79722e-02
 40  0.25339 -1.42094e-01 | 41  0.26987 -3.38879e-03 | 42  0.21386 -3.82490e-04
 43 -0.34808 -1.11250e-03 | 44 -0.00490 -9.64463e-06 | 45 -0.03680  2.94695e-06
 46 -0.70337  5.76315e-05 | 47 -0.68548  3.68615e-02 | 48 -0.72003 -4.15631e-02
 49 -0.56675 -5.56631e-03 | 50 -0.49296  4.92088e-03 | 51 -0.32497  9.04136e-03
 52 -0.01379  3.88495e-04 | 53 -0.15745  2.47257e-01 | 54 -0.13898 -2.56410e-01
 55 -0.13298  4.17364e-02 | 56 -0.16080  2.04937e-01 |
56 variables; iteration 340; function evaluation 489; phase 4
Function value 9.5210357e+01; maximum gradient component mag -2.2370e-01
Var    Value     Gradient |Var    Value     Gradient |Var    Value     Gradient
  1  0.14437 -9.78858e-02 |  2 -0.12616  4.69820e-05 |  3  0.00813  1.45301e-05
  4 -0.03183  3.21265e-05 |  5  0.01468  1.57952e-05 |  6 -0.05214  1.25981e-03
  7 -0.10402  1.45400e-03 |  8 -0.06129  1.33290e-03 |  9 -0.06965  1.44175e-03
 10  0.03963  1.42037e-03 | 11  0.02359  1.40116e-03 | 12  0.06563  1.44083e-03
 13  0.00908  1.51025e-03 | 14 -0.00300  1.48991e-03 | 15  0.07431  1.59364e-03
 16  0.02354  1.51336e-03 | 17 -0.05000  1.73541e-03 | 18 -0.00757  1.55156e-03
 19 -0.02391  1.52546e-03 | 20  0.04680  1.40029e-03 | 21  0.04520  1.18493e-03
 22 -0.05330  4.66252e-04 | 23 -0.02702  1.89228e-04 | 24 -0.10544 -7.29593e-05
 25  0.00712 -1.72043e-03 | 26 -0.01243  7.01935e-04 | 27 -0.01016  7.07395e-04
 28  0.05763 -5.17485e-03 | 29 -0.00407 -2.95165e-03 | 30  0.05868 -4.57621e-03
 31 -0.02367 -1.07335e-03 | 32  0.03894 -5.04156e-03 | 33  0.03308 -2.58953e-03
 34  0.05712 -1.23916e-03 | 35  0.03174 -2.67586e-05 | 36 -0.00163  8.77592e-04
 37  0.02141  2.17010e-04 | 38 -0.02489 -2.17324e-03 | 39  0.24878  4.41195e-03
 40  0.25339 -1.09672e-01 | 41  0.26987 -7.25488e-04 | 42  0.21386 -8.67379e-05
 43 -0.34808 -2.50724e-04 | 44 -0.00539 -2.00715e-06 | 45 -0.03697  8.57008e-07
 46 -0.70347  1.40991e-05 | 47 -0.68550  8.00685e-03 | 48 -0.72005 -9.02946e-03
 49 -0.56673 -1.64308e-03 | 50 -0.49294  1.47056e-03 | 51 -0.32492 -6.04511e-04
 52 -0.01534 -2.24467e-05 | 53 -0.18100  2.01206e-01 | 54 -0.13908 -2.23697e-01
 55 -0.11001  5.16481e-02 | 56 -0.13753  1.53239e-01 |
56 variables; iteration 360; function evaluation 515; phase 4
Function value 9.5210354e+01; maximum gradient component mag 5.3184e-02
Var    Value     Gradient |Var    Value     Gradient |Var    Value     Gradient
  1  0.14437 -3.02414e-02 |  2 -0.12616  9.05959e-06 |  3  0.00813  1.49394e-05
  4 -0.03183  1.63930e-05 |  5  0.01468  2.66502e-05 |  6 -0.05214  4.47541e-04
  7 -0.10402  4.79461e-04 |  8 -0.06129  5.00712e-04 |  9 -0.06965  4.41186e-04
 10  0.03963  4.31646e-04 | 11  0.02359  4.19003e-04 | 12  0.06563  3.88573e-04
 13  0.00908  4.03605e-04 | 14 -0.00300  4.21279e-04 | 15  0.07431  3.62264e-04
 16  0.02354  3.61700e-04 | 17 -0.05000  4.37705e-04 | 18 -0.00757  3.97384e-04
 19 -0.02391  3.68787e-04 | 20  0.04680  3.68068e-04 | 21  0.04520  3.57774e-04
 22 -0.05330  3.97634e-04 | 23 -0.02702  3.36325e-04 | 24 -0.10544  3.30266e-04
 25  0.00712  8.60838e-05 | 26 -0.01243  1.56092e-04 | 27 -0.01016 -7.58443e-05
 28  0.05763 -9.66597e-04 | 29 -0.00407 -9.64178e-04 | 30  0.05868 -1.78884e-03
 31 -0.02367 -5.20816e-04 | 32  0.03894 -1.87797e-03 | 33  0.03308 -1.01806e-03
 34  0.05712 -5.04252e-04 | 35  0.03174 -4.73399e-05 | 36 -0.00163  3.17094e-04
 37  0.02141  3.10221e-04 | 38 -0.02489 -7.91000e-04 | 39  0.24878 -2.76791e-03
 40  0.25339 -3.04361e-02 | 41  0.26987 -1.21976e-04 | 42  0.21386 -1.45299e-05
 43 -0.34808 -7.14715e-05 | 44 -0.00555 -7.03205e-07 | 45 -0.03705  7.61265e-08
 46 -0.70349  2.07500e-06 | 47 -0.68550  1.51805e-03 | 48 -0.72005 -1.71199e-03
 49 -0.56673 -1.82782e-04 | 50 -0.49294  1.59527e-04 | 51 -0.32489  5.12274e-04
 52 -0.01583  2.17618e-05 | 53 -0.19592  5.09409e-02 | 54 -0.13892 -4.64343e-02
 55 -0.09529 -7.85078e-04 | 56 -0.12281  5.31842e-02 |

 - final statistics:
56 variables; iteration 375; function evaluation 531
Function value 9.5210e+01; maximum gradient component mag 8.3907e-06
Exit code = 1;  converg criter 1.0000e-04
Var    Value     Gradient |Var    Value     Gradient |Var    Value     Gradient
  1  0.14437  8.39074e-06 |  2 -0.12616  9.05013e-08 |  3  0.00813  2.79614e-07
  4 -0.03183  4.89331e-07 |  5  0.01468  9.80775e-07 |  6 -0.05214  9.08289e-07
  7 -0.10402  1.14589e-06 |  8 -0.06129  2.46406e-06 |  9 -0.06965 -6.74449e-08
 10  0.03963 -1.14247e-07 | 11  0.02359 -2.23182e-07 | 12  0.06563 -1.32476e-07
 13  0.00908 -8.90524e-08 | 14 -0.00300 -1.65758e-07 | 15  0.07431 -3.25011e-07
 16  0.02354 -2.87438e-07 | 17 -0.05000 -1.84935e-07 | 18 -0.00757 -5.28639e-07
 19 -0.02391 -4.07277e-07 | 20  0.04680 -2.77121e-07 | 21  0.04520 -4.42820e-07
 22 -0.05330 -2.38709e-07 | 23 -0.02702 -8.08043e-07 | 24 -0.10544 -6.36603e-07
 25  0.00712 -1.52159e-06 | 26 -0.01243 -1.45498e-07 | 27 -0.01016  1.87565e-07
 28  0.05763  7.51906e-07 | 29 -0.00407  3.50713e-07 | 30  0.05868  3.37414e-07
 31 -0.02367  1.76852e-07 | 32  0.03894  3.59923e-07 | 33  0.03308  1.45482e-07
 34  0.05712 -5.56216e-08 | 35  0.03174  9.86794e-08 | 36 -0.00163  3.89612e-08
 37  0.02141 -3.21013e-07 | 38 -0.02489  1.15776e-07 | 39  0.24878  4.28983e-06
 40  0.25339  5.15800e-07 | 41  0.26987 -3.76139e-07 | 42  0.21386 -2.29524e-07
 43 -0.34808  3.68375e-07 | 44 -0.00558  4.46202e-09 | 45 -0.03705  4.42177e-11
 46 -0.70350  7.17590e-10 | 47 -0.68550  7.98618e-07 | 48 -0.72005 -9.00023e-07
 49 -0.56672 -2.48170e-07 | 50 -0.49294  2.47814e-07 | 51 -0.32489 -7.52793e-07
 52 -0.01590 -3.11203e-08 | 53 -0.19946 -4.36104e-06 | 54 -0.13906  3.19725e-06
 55 -0.09210  1.10793e-06 | 56 -0.11950 -5.60382e-06 |
Estimating row 1 out of 56 for hessian
Estimating row 2 out of 56 for hessian
Estimating row 3 out of 56 for hessian
Estimating row 4 out of 56 for hessian
Estimating row 5 out of 56 for hessian
Estimating row 6 out of 56 for hessian
Estimating row 7 out of 56 for hessian
Estimating row 8 out of 56 for hessian
Estimating row 9 out of 56 for hessian
Estimating row 10 out of 56 for hessian
Estimating row 11 out of 56 for hessian
Estimating row 12 out of 56 for hessian
Estimating row 13 out of 56 for hessian
Estimating row 14 out of 56 for hessian
Estimating row 15 out of 56 for hessian
Estimating row 16 out of 56 for hessian
Estimating row 17 out of 56 for hessian
Estimating row 18 out of 56 for hessian
Estimating row 19 out of 56 for hessian
Estimating row 20 out of 56 for hessian
Estimating row 21 out of 56 for hessian
Estimating row 22 out of 56 for hessian
Estimating row 23 out of 56 for hessian
Estimating row 24 out of 56 for hessian
Estimating row 25 out of 56 for hessian
Estimating row 26 out of 56 for hessian
Estimating row 27 out of 56 for hessian
Estimating row 28 out of 56 for hessian
Estimating row 29 out of 56 for hessian
Estimating row 30 out of 56 for hessian
Estimating row 31 out of 56 for hessian
Estimating row 32 out of 56 for hessian
Estimating row 33 out of 56 for hessian
Estimating row 34 out of 56 for hessian
Estimating row 35 out of 56 for hessian
Estimating row 36 out of 56 for hessian
Estimating row 37 out of 56 for hessian
Estimating row 38 out of 56 for hessian
Estimating row 39 out of 56 for hessian
Estimating row 40 out of 56 for hessian
Estimating row 41 out of 56 for hessian
Estimating row 42 out of 56 for hessian
Estimating row 43 out of 56 for hessian
Estimating row 44 out of 56 for hessian
Estimating row 45 out of 56 for hessian
Estimating row 46 out of 56 for hessian
Estimating row 47 out of 56 for hessian
Estimating row 48 out of 56 for hessian
Estimating row 49 out of 56 for hessian
Estimating row 50 out of 56 for hessian
Estimating row 51 out of 56 for hessian
Estimating row 52 out of 56 for hessian
Estimating row 53 out of 56 for hessian
Estimating row 54 out of 56 for hessian
Estimating row 55 out of 56 for hessian
Estimating row 56 out of 56 for hessian
size of file gradfil1.tmp = 0
size of file gradfil2.tmp = 0
size of file varssave.tmp = 0
size of file cmpdiff.tmp = 0
