
Initial statistics: 4 variables; iteration 0; function evaluation 0; phase 1
Function value 4.3088599e+03; maximum gradient component mag 2.9052e+04
Var    Value     Gradient |Var    Value     Gradient |Var    Value     Gradient
  1  0.39650  2.90522e+04 |  2  0.21635  2.46658e+04 |  3  0.21635  2.10189e+04
  4  0.21635  7.88896e+03 |

 - final statistics:
4 variables; iteration 11; function evaluation 23
Function value 5.7628e+02; maximum gradient component mag -2.3348e+00
Exit code = 1;  converg criter 1.0000e+01
Var    Value     Gradient |Var    Value     Gradient |Var    Value     Gradient
  1  0.18682 -2.33477e+00 |  2  0.21718 -5.77787e-01 |  3  0.19542 -5.41434e-01
  4  0.22353  8.27735e-01 |

Initial statistics: 48 variables; iteration 0; function evaluation 0; phase 2
Function value 5.7628316e+02; maximum gradient component mag -5.5185e+02
Var    Value     Gradient |Var    Value     Gradient |Var    Value     Gradient
  1  0.18682 -2.33477e+00 |  2  0.00000  5.14374e+01 |  3  0.00000 -1.07076e+02
  4  0.00000  4.10961e+01 |  5  0.00000 -6.61523e+01 |  6  0.00000 -2.54844e+01
  7  0.00000  5.32348e+01 |  8  0.00000  7.16096e+00 |  9  0.00000  1.09850e+01
 10  0.00000 -7.28897e+01 | 11  0.00000  1.51491e+01 | 12  0.00000 -4.08061e+01
 13  0.00000  4.92782e+00 | 14  0.00000  7.46743e-01 | 15  0.00000 -7.15068e+01
 16  0.00000  1.90380e+01 | 17  0.00000  9.31017e+01 | 18  0.00000 -1.82536e+01
 19  0.00000  4.28929e+01 | 20  0.00000 -1.60164e+02 | 21  0.00000 -1.29356e+02
 22  0.00000  1.20047e+02 | 23  0.00000  1.26992e+01 | 24  0.00000  2.34118e+02
 25  0.00000  9.01089e+01 | 26  0.00000  9.48969e+00 | 27  0.00000  3.49308e+01
 28  0.00000 -3.93411e+01 | 29  0.00000  1.98276e+02 | 30  0.00000 -2.70130e+02
 31  0.00000  2.19415e+02 | 32  0.00000 -3.23640e+02 | 33  0.00000  2.67019e+01
 34  0.00000 -1.97368e+02 | 35  0.00000  1.55916e+02 | 36  0.21718 -5.77787e-01
 37  0.19542 -5.41434e-01 | 38  0.22353  8.27735e-01 | 39 -1.00000 -1.08293e-07
 40  0.00000  1.33050e-04 | 41  0.00000  3.80345e-01 | 42 -0.53989  8.02725e+00
 43 -1.00000 -1.08293e-07 | 44 -0.53989  1.21945e+01 | 45 -1.00000 -1.08293e-07
 46 -0.53989  3.36450e+00 | 47 -0.32288  2.51472e+01 | 48 -0.17585 -5.51851e+02

Intermediate statistics: 48 variables; iteration 20; function evaluation 43; phase 2
Function value 3.4117861e+02; maximum gradient component mag -2.3296e+03
Var    Value     Gradient |Var    Value     Gradient |Var    Value     Gradient
  1  0.19526 -9.19092e+02 |  2 -0.30825 -5.24550e+01 |  3  0.19322  6.46500e+01
  4  0.18245  1.49966e+02 |  5  0.14331  5.46513e-02 |  6  0.09954 -1.57803e+00
  7  0.03842  5.95018e+00 |  8  0.02253 -4.01284e+01 |  9  0.05306  4.28761e+00
 10  0.11283  3.00873e+01 | 11  0.09434  1.00142e+02 | 12  0.04392 -1.35778e+01
 13  0.01189  2.52190e+00 | 14  0.02231  2.88555e+01 | 15 -0.01681 -1.04873e+02
 16 -0.03855 -2.92461e+01 | 17 -0.06951 -3.32019e+00 | 18 -0.01470 -2.20388e+00
 19 -0.04398 -2.12627e+01 | 20  0.02895 -8.59810e+01 | 21  0.04012 -9.59311e+00
 22 -0.08154 -3.19615e+01 | 23 -0.03757 -6.52481e+00 | 24 -0.13866 -1.27035e+01
 25 -0.03297  8.81851e+01 | 26 -0.03120  8.97158e+00 | 27 -0.06906 -8.84411e+01
 28 -0.05247 -9.17021e+01 | 29 -0.12769 -3.46425e+02 | 30  0.06243  1.82731e+02
 31 -0.10668 -2.92695e+02 | 32  0.06085  8.36310e+01 | 33  0.07025  2.75611e+02
 34  0.05893 -5.72103e+01 | 35  0.02745 -7.23126e+01 | 36  0.20117 -2.32964e+03
 37  0.19450 -1.06283e+02 | 38  0.22803  6.57650e+01 | 39 -1.03527  5.48346e-02
 40 -0.00001  1.69689e-04 | 41 -0.01649 -8.16518e-05 | 42 -0.89685 -1.91513e-02
 43 -0.55606 -3.01931e+02 | 44 -0.51448  3.48152e+02 | 45 -0.87816 -7.13053e+01
 46 -0.69173  2.77129e+01 | 47 -0.47571  1.25209e+01 | 48 -0.01698  3.97594e+02
48 variables; iteration 40; function evaluation 71; phase 2
Function value 2.8259891e+02; maximum gradient component mag -1.9225e+03
Var    Value     Gradient |Var    Value     Gradient |Var    Value     Gradient
  1  0.19078 -4.95381e+02 |  2 -0.16880 -2.87229e+01 |  3  0.13426  5.01387e+01
  4  0.12730  1.45037e+02 |  5  0.10042  3.46417e+01 |  6  0.01968 -3.94236e+01
  7 -0.03419 -9.59105e+00 |  8 -0.02772 -2.19846e+01 |  9  0.00121  1.12282e+01
 10  0.05495  1.49625e+00 | 11  0.05757  8.38696e+01 | 12  0.04689  2.70307e+01
 13  0.01869  3.12362e+01 | 14  0.01410  1.78924e+01 | 15  0.00586 -6.08707e+01
 16 -0.02208 -8.36957e+00 | 17 -0.02459  6.88899e+01 | 18  0.00633  2.89354e+01
 19 -0.02531  5.51563e+00 | 20  0.03593 -7.59309e+01 | 21  0.04278 -2.26436e+01
 22 -0.05718  1.97513e+00 | 23 -0.01497  2.73590e+01 | 24 -0.10819  3.04284e+01
 25 -0.05210  2.69690e+01 | 26 -0.04330 -1.49867e+01 | 27 -0.05666 -8.29517e+01
 28 -0.02607 -7.41562e+01 | 29 -0.05958 -9.43412e+01 | 30  0.05151  4.51608e+01
 31 -0.04111 -6.10569e+01 | 32  0.04076 -9.23028e+01 | 33  0.07620  3.05655e+02
 34  0.05034 -1.29933e+02 | 35  0.06990  6.97718e+01 | 36  0.20178 -1.92250e+03
 37  0.19340 -5.52711e+01 | 38  0.22458 -8.92767e+01 | 39 -1.53032 -3.51291e+00
 40 -0.17630  4.56086e-01 | 41 -0.38579  2.57897e-01 | 42 -5.46170 -7.12716e+00
 43 -0.56556 -2.83969e+02 | 44 -0.53257  3.18579e+02 | 45 -0.84069 -7.04138e+01
 46 -0.62406  2.95037e+01 | 47 -0.49576  7.17553e+00 | 48 -0.05613 -9.81708e+01
Maximum number of function evaluations exceeded

 - final statistics:
48 variables; iteration 56; function evaluation 100
Function value 2.0105e+02; maximum gradient component mag -4.2253e+02
Exit code = 3;  converg criter 1.0000e+01
Var    Value     Gradient |Var    Value     Gradient |Var    Value     Gradient
  1  0.15802  3.54037e+02 |  2 -0.19285 -1.34852e+01 |  3 -0.04019 -1.79712e+01
  4 -0.06032  2.26662e+01 |  5 -0.04001 -3.80668e+01 |  6 -0.05822  2.99638e+01
  7 -0.09882  1.83775e+01 |  8 -0.06727 -4.78340e-01 |  9 -0.05428  2.07866e+00
 10  0.02400 -4.37481e+00 | 11  0.01125  2.40229e+01 | 12  0.00231 -6.62550e+01
 13  0.02494  7.14472e+01 | 14 -0.01772 -2.46230e+01 | 15  0.05142  1.33091e+01
 16  0.01305  4.66725e+01 | 17 -0.04563  1.94829e+01 | 18  0.00061 -7.84292e+00
 19 -0.03280 -1.99126e+01 | 20  0.07381  3.49477e+00 | 21  0.06254  2.03035e+01
 22 -0.04949  9.58987e+00 | 23 -0.01877  3.85039e+00 | 24 -0.10638  1.37353e+01
 25 -0.03925 -8.13468e+00 | 26 -0.01736  7.84250e+00 | 27 -0.01011 -4.01874e+01
 28  0.02728 -3.43346e+01 | 29 -0.01041 -2.35379e+01 | 30  0.07159  2.80273e+01
 31 -0.01795 -2.38727e+01 | 32  0.07205 -3.46632e+01 | 33  0.06217  8.61555e+01
 34  0.07814 -8.14295e+01 | 35  0.06981  3.65352e-01 | 36  0.22569 -4.22532e+02
 37  0.20913  5.68600e+00 | 38  0.24616  7.01620e-01 | 39 -1.54344 -1.67489e-01
 40 -1.37044 -1.19938e-02 | 41 -1.20464 -2.74457e-02 | 42 -5.46906 -2.68220e+00
 43 -0.64790 -6.21054e+01 | 44 -0.66669  6.63319e+01 | 45 -0.78653  1.51787e+02
 46 -0.70958 -1.10681e+02 | 47 -0.50623  1.66936e+00 | 48 -0.05374 -6.56896e+00

Initial statistics: 52 variables; iteration 0; function evaluation 0; phase 3
Function value 2.0104766e+02; maximum gradient component mag -1.2727e+03
Var    Value     Gradient |Var    Value     Gradient |Var    Value     Gradient
  1  0.15802  3.54037e+02 |  2 -0.19285 -1.34852e+01 |  3 -0.04019 -1.79712e+01
  4 -0.06032  2.26662e+01 |  5 -0.04001 -3.80668e+01 |  6 -0.05825  2.89816e+01
  7 -0.09884  1.74030e+01 |  8 -0.06729 -1.45905e+00 |  9 -0.05430  1.09603e+00
 10  0.02398 -5.36033e+00 | 11  0.01123  2.30368e+01 | 12  0.00229 -6.72412e+01
 13  0.02492  7.04618e+01 | 14 -0.01775 -2.56088e+01 | 15  0.05140  1.23261e+01
 16  0.01302  4.56865e+01 | 17 -0.04565  1.84992e+01 | 18  0.00058 -8.82913e+00
 19 -0.03283 -2.08974e+01 | 20  0.07379  2.51519e+00 | 21  0.06252  1.93221e+01
 22 -0.04952  8.60661e+00 | 23 -0.01880  2.86460e+00 | 24 -0.10641  1.27627e+01
 25 -0.03927 -9.11900e+00 | 26 -0.01738  6.85664e+00 | 27 -0.01014 -4.11735e+01
 28  0.02725 -3.53200e+01 | 29 -0.01043 -2.45240e+01 | 30  0.07156  2.70474e+01
 31 -0.01798 -2.48585e+01 | 32  0.07203 -3.56432e+01 | 33  0.06215  8.51743e+01
 34  0.07812 -8.24086e+01 | 35  0.06978 -6.14944e-01 | 36  0.22569 -4.22532e+02
 37  0.20913  5.68600e+00 | 38  0.24616  7.01620e-01 | 39 -0.45656  1.67489e-01
 40 -0.62956  1.19938e-02 | 41 -0.79536  2.74457e-02 | 42 -0.53094  2.68220e+00
 43 -0.64790 -6.21054e+01 | 44 -0.66669  6.63319e+01 | 45 -0.78653  1.51787e+02
 46 -0.70958 -1.10681e+02 | 47 -0.50623  1.66936e+00 | 48  0.21635  3.22536e-01
 49 -0.17585 -1.27274e+03 | 50 -0.12819  4.15789e-03 | 51 -0.05374 -6.56896e+00
 52  0.05795  7.46039e+01 |

Intermediate statistics: 52 variables; iteration 20; function evaluation 29; phase 3
Function value 1.3454961e+02; maximum gradient component mag -7.0953e+02
Var    Value     Gradient |Var    Value     Gradient |Var    Value     Gradient
  1  0.14434 -7.09531e+02 |  2 -0.14476 -1.28046e+00 |  3 -0.00939 -3.06601e+00
  4 -0.04563 -1.45385e+00 |  5  0.00398  8.61848e+00 |  6 -0.06571  1.02978e+00
  7 -0.11485  4.69167e+00 |  8 -0.07239  4.17317e+00 |  9 -0.08025  6.22874e+00
 10  0.02401  3.12259e+00 | 11  0.00533 -6.82087e-01 | 12  0.04831 -4.86790e+00
 13 -0.00181 -8.47518e+00 | 14 -0.01020  4.59478e+00 | 15  0.06152 -8.55606e+00
 16  0.00867 -1.83460e+01 | 17 -0.05998 -2.08890e+01 | 18 -0.01463 -5.54183e+01
 19 -0.02607 -3.58895e+01 | 20  0.04008 -4.92196e+01 | 21  0.03886 -3.35503e+01
 22 -0.05831 -4.33066e+00 | 23 -0.03691 -2.39317e+01 | 24 -0.11937 -8.06358e+00
 25 -0.01224 -3.58174e+01 | 26 -0.01971 -3.23800e+00 | 27 -0.00560 -2.78004e-01
 28  0.06050  4.23345e+01 | 29  0.00858  3.25177e+01 | 30  0.07014 -1.21078e+01
 31 -0.01684  1.51229e+01 | 32  0.08727  1.41871e+01 | 33  0.05422 -4.83904e-01
 34  0.10097  1.34854e+01 | 35  0.10220  2.54680e+01 | 36  0.23943 -5.23359e+01
 37  0.24083 -6.33939e+01 | 38  0.25644 -2.18162e+02 | 39 -0.45644 -8.50638e-02
 40 -0.62952 -1.28654e-02 | 41 -0.79545  1.07126e-02 | 42 -0.54113  1.49733e+00
 43 -0.64384 -1.90978e+01 | 44 -0.67559  2.12435e+01 | 45 -0.77776 -4.01441e+01
 46 -0.70628  3.01296e+01 | 47 -0.50722  2.86006e-01 | 48  0.21615  5.70038e-02
 49 -0.10255 -3.58006e+02 | 50 -0.08914  3.07932e+02 | 51 -0.12449 -1.70407e+02
 52 -0.06900  9.22271e+01 |
52 variables; iteration 40; function evaluation 55; phase 3
Function value 1.3017753e+02; maximum gradient component mag -4.4484e+02
Var    Value     Gradient |Var    Value     Gradient |Var    Value     Gradient
  1  0.14382 -3.75470e+02 |  2 -0.14194 -1.84757e-01 |  3 -0.00839 -3.75977e+00
  4 -0.04495 -2.49505e+00 |  5  0.00408  3.43814e+00 |  6 -0.06541 -2.43668e+00
  7 -0.11322  4.68725e+00 |  8 -0.07391 -3.31530e+00 |  9 -0.08656  4.12808e-01
 10  0.02421  3.13157e+00 | 11  0.00722  2.00581e+00 | 12  0.04842 -4.54116e+00
 13  0.00053 -7.14387e-01 | 14 -0.01691 -4.38399e+00 | 15  0.06406  2.90019e+00
 16  0.01015 -3.63437e+00 | 17 -0.05832 -2.50559e+00 | 18 -0.01081 -1.34685e+01
 19 -0.02655 -1.38811e+01 | 20  0.04397 -1.70228e+01 | 21  0.04015 -1.44437e+01
 22 -0.05814 -1.92163e-01 | 23 -0.03775 -2.01748e+01 | 24 -0.11757 -3.12262e+00
 25 -0.01014 -2.27532e+01 | 26 -0.01885  3.39189e+00 | 27 -0.00459  1.48093e+01
 28  0.05931  4.32910e+01 | 29  0.00743  1.82247e+01 | 30  0.07028  1.72538e+00
 31 -0.02432 -2.19919e+01 | 32  0.08841  2.79424e+01 | 33  0.05409 -8.03527e+00
 34  0.10057  1.35440e+01 | 35  0.10364  8.85903e+00 | 36  0.23943 -1.01417e+02
 37  0.24405 -5.34131e+01 | 38  0.25914 -7.55211e+01 | 39 -0.39761 -3.07070e+00
 40 -0.62137 -1.57909e-01 | 41 -0.79006 -4.08269e-03 | 42 -0.60397  4.22537e-01
 43 -0.98117  4.03399e+02 | 44 -0.98291 -4.44842e+02 | 45 -0.59565 -3.61899e+01
 46 -0.46654  3.46523e+01 | 47 -0.56512  1.23339e-01 | 48  0.20168  3.46256e-02
 49 -0.09611 -1.15865e+02 | 50 -0.09756  1.19924e+02 | 51 -0.12816  7.04278e+01
 52 -0.08444 -3.30374e+01 |
52 variables; iteration 60; function evaluation 81; phase 3
Function value 1.2877917e+02; maximum gradient component mag 3.1807e+01
Var    Value     Gradient |Var    Value     Gradient |Var    Value     Gradient
  1  0.14353 -8.51364e+00 |  2 -0.14323 -8.62555e-03 |  3 -0.00823 -3.15095e-01
  4 -0.04398 -3.21495e-01 |  5  0.00289 -1.29335e+00 |  6 -0.06487 -2.75112e-01
  7 -0.11476 -2.80217e-01 |  8 -0.07138 -4.29565e-01 |  9 -0.08173  2.25216e-01
 10  0.02508  6.03529e-02 | 11  0.00816  4.43167e-03 | 12  0.05006  2.06807e-01
 13  0.00055  7.45467e-02 | 14 -0.01217  2.84679e-01 | 15  0.06152 -1.65675e-01
 16  0.00991  3.57054e-01 | 17 -0.05869  3.99688e-01 | 18 -0.01102 -3.20667e-01
 19 -0.02569  2.63017e-01 | 20  0.04471 -2.07005e-01 | 21  0.04021 -6.26426e-02
 22 -0.05992 -3.05090e-03 | 23 -0.03539 -9.36678e-02 | 24 -0.11806 -1.10760e-01
 25 -0.00916 -8.90669e-01 | 26 -0.01888  5.73766e-01 | 27 -0.00644 -3.61852e-01
 28  0.05731  2.21542e-01 | 29  0.00571  8.74577e-02 | 30  0.07007  1.70156e-02
 31 -0.02117 -3.25694e-01 | 32  0.08430  3.88331e-01 | 33  0.05472 -2.15715e-01
 34  0.09689  1.13997e-01 | 35  0.09966 -2.58506e-01 | 36  0.24028 -2.78756e-01
 37  0.24601 -2.91185e+00 | 38  0.26073 -2.87608e-02 | 39 -0.36531  9.92432e-01
 40 -0.63747  1.87310e-02 | 41 -0.64913 -5.08951e-03 | 42 -0.72775 -6.11007e-03
 43 -0.98359 -2.91063e+01 | 44 -0.98509  3.18071e+01 | 45 -0.71298  1.04346e+00
 46 -0.62756 -7.30040e-01 | 47 -0.62482  2.96191e-03 | 48  0.10560  3.51557e-03
 49 -0.09405  1.35504e+00 | 50 -0.10157 -9.18830e-01 | 51 -0.14679  3.47968e+00
 52 -0.11960 -1.71071e+00 |
52 variables; iteration 80; function evaluation 108; phase 3
Function value 1.2877061e+02; maximum gradient component mag -1.7950e+01
Var    Value     Gradient |Var    Value     Gradient |Var    Value     Gradient
  1  0.14354 -1.24507e+00 |  2 -0.14331 -3.47427e-02 |  3 -0.00825 -3.76021e-02
  4 -0.04408 -6.68292e-02 |  5  0.00297 -1.18376e-01 |  6 -0.06478  7.68891e-02
  7 -0.11470  9.30194e-02 |  8 -0.07140  1.57243e-01 |  9 -0.08177  1.51631e-02
 10  0.02511  1.58372e-02 | 11  0.00819  2.92964e-02 | 12  0.05000  1.26996e-02
 13  0.00055  5.78728e-02 | 14 -0.01231  2.72854e-02 | 15  0.06163  3.30495e-02
 16  0.00983  2.90029e-02 | 17 -0.05884  2.88048e-02 | 18 -0.01091  1.69390e-03
 19 -0.02577  1.69522e-02 | 20  0.04479  2.24548e-02 | 21  0.04025  1.06186e-02
 22 -0.05994 -5.11460e-03 | 23 -0.03542 -8.55286e-02 | 24 -0.11818 -7.24840e-02
 25 -0.00909 -2.04863e-01 | 26 -0.01905 -5.99218e-03 | 27 -0.00633  1.19273e-02
 28  0.05728 -6.48124e-03 | 29  0.00568 -7.58055e-03 | 30  0.07008 -1.29178e-02
 31 -0.02111 -6.87830e-03 | 32  0.08426  4.47453e-02 | 33  0.05476  3.47233e-02
 34  0.09691  2.13409e-02 | 35  0.09984  2.47340e-02 | 36  0.24026  1.30703e+00
 37  0.24598 -1.00069e+00 | 38  0.26071 -1.47735e-01 | 39 -0.38897 -2.07453e-01
 40 -0.03808 -9.68657e-03 | 41  0.13992  1.07321e-03 | 42 -0.71174  6.33082e-03
 43 -0.94656  1.62254e+01 | 44 -0.95147 -1.79503e+01 | 45 -0.83547 -1.91555e-01
 46 -0.78717  1.29350e-01 | 47 -0.63535 -4.77085e-03 | 48 -0.34418 -1.83225e-03
 49 -0.09629  4.85082e-01 | 50 -0.10356 -7.60859e-02 | 51 -0.17386 -1.09900e-01
 52 -0.17198  5.52045e-02 |
52 variables; iteration 100; function evaluation 128; phase 3
Function value 1.2876587e+02; maximum gradient component mag -2.0083e+01
Var    Value     Gradient |Var    Value     Gradient |Var    Value     Gradient
  1  0.14354 -2.08551e+00 |  2 -0.14326 -1.61514e-03 |  3 -0.00827 -6.12021e-02
  4 -0.04406 -3.26173e-02 |  5  0.00299 -1.21512e-01 |  6 -0.06479  4.68893e-02
  7 -0.11471  5.16165e-02 |  8 -0.07140  4.94590e-02 |  9 -0.08181  1.37815e-02
 10  0.02512  3.79969e-02 | 11  0.00819  2.61041e-02 | 12  0.05002  1.32026e-02
 13  0.00054  6.48608e-03 | 14 -0.01232  2.00423e-02 | 15  0.06165 -9.33075e-03
 16  0.00984  1.42545e-02 | 17 -0.05885  1.19690e-02 | 18 -0.01090  9.95351e-03
 19 -0.02577 -5.76016e-03 | 20  0.04479  1.07440e-02 | 21  0.04025 -1.81757e-02
 22 -0.05994 -2.86255e-04 | 23 -0.03540 -4.38791e-02 | 24 -0.11815 -2.34576e-02
 25 -0.00905 -1.79457e-01 | 26 -0.01905 -1.67110e-02 | 27 -0.00631  1.37825e-02
 28  0.05731 -1.15588e-02 | 29  0.00568  9.26177e-03 | 30  0.07009  5.56718e-04
 31 -0.02112  4.50942e-02 | 32  0.08429 -9.78216e-03 | 33  0.05476  3.15180e-02
 34  0.09688 -2.36680e-02 | 35  0.09972  1.54488e-02 | 36  0.24026  1.29660e-01
 37  0.24597 -2.68366e-01 | 38  0.26072  1.00714e-01 | 39 -0.41308 -7.39087e-02
 40  0.54634  1.44019e-03 | 41  0.16716  8.67936e-04 | 42 -0.74563 -6.60003e-03
 43 -0.90146  1.81831e+01 | 44 -0.91055 -2.00830e+01 | 45 -0.74184 -6.16969e-01
 46 -0.66508  4.74277e-01 | 47 -0.51323  5.54701e-04 | 48 -0.36281 -8.04932e-04
 49 -0.10245  2.54156e-01 | 50 -0.10914 -4.52882e-02 | 51 -0.16479 -8.95002e+00
 52 -0.15435  4.61411e+00 |
52 variables; iteration 120; function evaluation 149; phase 3
Function value 1.2876157e+02; maximum gradient component mag 2.3955e+01
Var    Value     Gradient |Var    Value     Gradient |Var    Value     Gradient
  1  0.14355 -6.58853e-02 |  2 -0.14316  1.39513e-02 |  3 -0.00822 -1.52049e-01
  4 -0.04405 -6.55565e-02 |  5  0.00294 -2.29034e-01 |  6 -0.06478 -2.09655e-01
  7 -0.11471 -2.24187e-01 |  8 -0.07150 -4.71362e-01 |  9 -0.08182 -2.16327e-02
 10  0.02512  8.14107e-03 | 11  0.00821  2.46685e-05 | 12  0.05001 -9.37736e-03
 13  0.00056 -3.82636e-02 | 14 -0.01229 -2.94524e-02 | 15  0.06163  1.88591e-03
 16  0.00984 -1.40957e-02 | 17 -0.05883 -3.70148e-02 | 18 -0.01091 -3.15080e-02
 19 -0.02577 -1.58129e-02 | 20  0.04479  3.01229e-02 | 21  0.04025  8.03683e-02
 22 -0.05994  5.22001e-02 | 23 -0.03539  2.29836e-01 | 24 -0.11816  1.91217e-01
 25 -0.00915  7.26383e-01 | 26 -0.01905  1.05921e-02 | 27 -0.00634  1.22173e-02
 28  0.05723  1.13890e-02 | 29  0.00569  5.26916e-02 | 30  0.07007  5.19037e-03
 31 -0.02106  6.90841e-03 | 32  0.08419  2.68109e-02 | 33  0.05477 -6.03384e-03
 34  0.09694 -3.82362e-03 | 35  0.10000  4.32084e-02 | 36  0.24026  5.97195e-01
 37  0.24594  2.02622e-01 | 38  0.26071  1.96139e-01 | 39 -0.38726 -4.89119e-02
 40 -0.07028 -2.48900e-03 | 41 -0.14470 -3.00150e-04 | 42 -0.70046  8.91995e-03
 43 -0.83820 -6.01469e+00 | 44 -0.85305  6.60205e+00 | 45 -0.73437 -1.06202e+00
 46 -0.65519  8.23543e-01 | 47 -0.59051 -5.30146e-05 | 48 -0.09441  1.19909e-03
 49 -0.11355 -2.33058e-02 | 50 -0.11923  7.36472e-02 | 51 -0.16824  2.39545e+01
 52 -0.16108 -1.23667e+01 |
52 variables; iteration 140; function evaluation 169; phase 3
Function value 1.2875901e+02; maximum gradient component mag -1.6328e+01
Var    Value     Gradient |Var    Value     Gradient |Var    Value     Gradient
  1  0.14355 -8.57383e-01 |  2 -0.14323 -1.81747e-03 |  3 -0.00819 -3.47184e-03
  4 -0.04405 -4.68367e-03 |  5  0.00295 -1.99087e-02 |  6 -0.06477  4.41973e-03
  7 -0.11469  3.80615e-03 |  8 -0.07143 -3.22509e-03 |  9 -0.08175  1.77728e-02
 10  0.02512  1.43575e-02 | 11  0.00821  1.05855e-02 | 12  0.05001  1.44744e-02
 13  0.00058  1.29542e-02 | 14 -0.01226  1.45252e-02 | 15  0.06163  1.07814e-03
 16  0.00984  1.38217e-02 | 17 -0.05881  1.63427e-02 | 18 -0.01090  1.17482e-02
 19 -0.02575  1.36196e-02 | 20  0.04481  9.78636e-03 | 21  0.04026  3.46855e-03
 22 -0.05991  9.63706e-03 | 23 -0.03538 -4.51473e-03 | 24 -0.11813 -1.52790e-03
 25 -0.00917 -6.04384e-02 | 26 -0.01902 -5.43170e-04 | 27 -0.00631 -4.21502e-02
 28  0.05733 -1.10817e-01 | 29  0.00568  1.71438e-04 | 30  0.07011 -2.90397e-02
 31 -0.02114  4.88152e-02 | 32  0.08434 -6.26583e-02 | 33  0.05474  3.01907e-02
 34  0.09683  8.88091e-03 | 35  0.09946  5.55454e-02 | 36  0.24025 -1.72937e-02
 37  0.24594  7.51531e-02 | 38  0.26071  1.07785e-02 | 39 -0.38827  2.02340e-02
 40 -0.04621  8.02107e-04 | 41 -0.08038 -2.56417e-04 | 42 -0.71772 -1.39590e-03
 43 -0.70474 -2.50454e+00 | 44 -0.73214  2.75721e+00 | 45 -0.74251 -1.23710e-02
 46 -0.66597  1.17471e-02 | 47 -0.51721 -9.39426e-05 | 48 -0.36702 -1.00397e-03
 49 -0.12430 -2.65762e-01 | 50 -0.12899  2.96176e-01 | 51 -0.15663 -1.63275e+01
 52 -0.13848  8.42355e+00 |
52 variables; iteration 160; function evaluation 189; phase 3
Function value 1.2875827e+02; maximum gradient component mag -2.7838e-01
Var    Value     Gradient |Var    Value     Gradient |Var    Value     Gradient
  1  0.14354 -5.09731e-03 |  2 -0.14325  3.71065e-05 |  3 -0.00823 -1.68253e-04
  4 -0.04407 -4.32604e-04 |  5  0.00296 -4.25179e-04 |  6 -0.06479 -2.88686e-06
  7 -0.11470  2.24834e-04 |  8 -0.07142  2.03276e-04 |  9 -0.08178  1.57914e-05
 10  0.02511  5.66715e-05 | 11  0.00820 -4.56397e-05 | 12  0.05001  2.64116e-04
 13  0.00055  9.75752e-05 | 14 -0.01230  6.40804e-05 | 15  0.06163  4.59222e-04
 16  0.00984  1.21748e-04 | 17 -0.05883 -9.99917e-05 | 18 -0.01091  2.28750e-04
 19 -0.02577  1.48670e-04 | 20  0.04479  2.45561e-04 | 21  0.04025  1.66913e-04
 22 -0.05993 -1.10047e-04 | 23 -0.03540  3.19254e-04 | 24 -0.11815  1.22806e-04
 25 -0.00913  6.54854e-04 | 26 -0.01904 -3.29634e-04 | 27 -0.00633 -2.60970e-04
 28  0.05728 -1.55361e-03 | 29  0.00568 -2.87135e-04 | 30  0.07008 -5.60034e-04
 31 -0.02110  2.70628e-04 | 32  0.08425 -7.63055e-04 | 33  0.05476 -1.37554e-04
 34  0.09690 -2.44144e-04 | 35  0.09980  1.94946e-04 | 36  0.24026  2.45117e-03
 37  0.24595 -1.09196e-02 | 38  0.26071 -4.09873e-04 | 39 -0.38908  1.09542e-03
 40 -0.02800  1.40233e-05 | 41 -0.03008  3.56858e-05 | 42 -0.71611 -7.24216e-06
 43 -0.68040 -1.16455e-01 | 44 -0.71021  1.29132e-01 | 45 -0.74459  6.76123e-04
 46 -0.66874 -2.64106e-04 | 47 -0.54652 -1.93971e-07 | 48 -0.25213 -1.15708e-08
 49 -0.12245  5.83087e-03 | 50 -0.12732  6.44472e-04 | 51 -0.15888 -2.78381e-01
 52 -0.14292  1.42828e-01 |
52 variables; iteration 180; function evaluation 211; phase 3
Function value 1.2875825e+02; maximum gradient component mag 1.8435e-01
Var    Value     Gradient |Var    Value     Gradient |Var    Value     Gradient
  1  0.14355  4.80433e-04 |  2 -0.14325 -8.80898e-05 |  3 -0.00823  6.92855e-06
  4 -0.04407 -3.81215e-04 |  5  0.00296 -4.77424e-04 |  6 -0.06479 -3.19249e-04
  7 -0.11471 -1.47587e-04 |  8 -0.07142 -2.67377e-04 |  9 -0.08178  1.12626e-04
 10  0.02511 -1.64326e-04 | 11  0.00820 -1.71677e-04 | 12  0.05001  3.75575e-05
 13  0.00055 -1.10700e-04 | 14 -0.01230 -3.60964e-05 | 15  0.06163 -5.70165e-06
 16  0.00983 -3.54429e-04 | 17 -0.05883 -4.00487e-04 | 18 -0.01091 -1.20333e-04
 19 -0.02577 -5.30695e-05 | 20  0.04479  6.99460e-05 | 21  0.04025  2.76870e-05
 22 -0.05993 -1.17609e-04 | 23 -0.03540  2.83545e-05 | 24 -0.11815  1.40851e-04
 25 -0.00912  4.64764e-04 | 26 -0.01904  1.09664e-04 | 27 -0.00633  6.06918e-04
 28  0.05728  1.45158e-03 | 29  0.00568 -1.68340e-04 | 30  0.07008  2.96052e-04
 31 -0.02110 -5.73143e-04 | 32  0.08425  7.76394e-04 | 33  0.05476 -2.00896e-04
 34  0.09690 -1.13340e-04 | 35  0.09981 -8.76094e-04 | 36  0.24026  2.35068e-03
 37  0.24595 -3.23337e-03 | 38  0.26071  3.12061e-05 | 39 -0.38943 -8.70385e-05
 40 -0.02053 -3.15118e-06 | 41 -0.03696  1.23137e-06 | 42 -0.71592 -6.19748e-06
 43 -0.68072 -8.68315e-02 | 44 -0.71050  9.59920e-02 | 45 -0.74488  6.12812e-04
 46 -0.66911 -4.69909e-04 | 47 -0.54657 -6.97762e-06 | 48 -0.25213 -1.82125e-06
 49 -0.12542 -1.32297e-03 | 50 -0.13002  4.08110e-03 | 51 -0.15440  1.84348e-01
 52 -0.13428 -9.44511e-02 |
52 variables; iteration 200; function evaluation 231; phase 3
Function value 1.2875824e+02; maximum gradient component mag -4.4144e-03
Var    Value     Gradient |Var    Value     Gradient |Var    Value     Gradient
  1  0.14354 -8.94979e-04 |  2 -0.14325 -1.05307e-05 |  3 -0.00823 -1.73321e-05
  4 -0.04407 -2.71861e-05 |  5  0.00296 -6.01965e-05 |  6 -0.06479 -7.07779e-05
  7 -0.11471 -6.44112e-05 |  8 -0.07142 -1.03436e-04 |  9 -0.08178  9.92983e-06
 10  0.02511 -4.05919e-06 | 11  0.00820 -3.43848e-06 | 12  0.05001  1.42057e-05
 13  0.00055  3.34716e-06 | 14 -0.01230  6.68220e-07 | 15  0.06163  1.05792e-05
 16  0.00984  1.08478e-05 | 17 -0.05883  1.41799e-06 | 18 -0.01091  2.35641e-05
 19 -0.02577  2.51951e-05 | 20  0.04479  3.56139e-05 | 21  0.04025  1.06324e-05
 22 -0.05993 -2.53807e-05 | 23 -0.03540 -2.70221e-05 | 24 -0.11815 -2.62367e-05
 25 -0.00912 -1.12370e-04 | 26 -0.01904 -2.43254e-05 | 27 -0.00633 -5.35297e-06
 28  0.05728 -7.34706e-05 | 29  0.00568  1.77187e-05 | 30  0.07008 -1.44372e-05
 31 -0.02110  4.30327e-05 | 32  0.08425 -5.01379e-05 | 33  0.05476  4.59745e-05
 34  0.09690  1.86896e-05 | 35  0.09981  6.40986e-05 | 36  0.24026  3.68343e-05
 37  0.24595  9.42337e-04 | 38  0.26071 -1.94217e-05 | 39 -0.38942 -2.68139e-05
 40 -0.02067 -1.07794e-06 | 41 -0.03725 -8.65379e-08 | 42 -0.71590 -7.76667e-07
 43 -0.68057  1.79480e-04 | 44 -0.71038 -1.98469e-04 | 45 -0.74487  1.09869e-04
 46 -0.66910 -8.14383e-05 | 47 -0.54651  5.38511e-07 | 48 -0.25214  1.52715e-07
 49 -0.12927 -1.08360e-03 | 50 -0.13352  1.10992e-03 | 51 -0.15527 -4.41441e-03
 52 -0.13595  2.29352e-03 |

 - final statistics:
52 variables; iteration 204; function evaluation 235
Function value 1.2876e+02; maximum gradient component mag -7.0524e-05
Exit code = 1;  converg criter 1.0000e-04
Var    Value     Gradient |Var    Value     Gradient |Var    Value     Gradient
  1  0.14354  2.10249e-05 |  2 -0.14325  4.94523e-07 |  3 -0.00823 -1.36205e-06
  4 -0.04407  9.06394e-07 |  5  0.00296 -2.56051e-06 |  6 -0.06479  1.43807e-06
  7 -0.11471  1.19937e-06 |  8 -0.07142 -1.69513e-07 |  9 -0.08178 -4.95541e-07
 10  0.02511  5.61139e-07 | 11  0.00820  3.53918e-07 | 12  0.05001  5.61041e-07
 13  0.00055  3.32256e-07 | 14 -0.01230  5.01114e-08 | 15  0.06163  1.61335e-06
 16  0.00984  1.63100e-06 | 17 -0.05883 -4.33308e-07 | 18 -0.01091  1.16485e-06
 19 -0.02577 -1.16671e-06 | 20  0.04479  1.30118e-06 | 21  0.04025  9.38252e-07
 22 -0.05993  4.04536e-07 | 23 -0.03540  1.92702e-06 | 24 -0.11815  1.25430e-06
 25 -0.00912  4.89625e-06 | 26 -0.01904 -1.75238e-06 | 27 -0.00633 -1.80958e-06
 28  0.05728 -6.21176e-06 | 29  0.00568  1.43086e-06 | 30  0.07008 -1.47522e-06
 31 -0.02110  3.13422e-06 | 32  0.08425 -2.97042e-06 | 33  0.05476  1.90962e-06
 34  0.09690 -1.02057e-06 | 35  0.09981  3.31731e-06 | 36  0.24026  1.09897e-05
 37  0.24595  2.09560e-05 | 38  0.26071  6.78358e-06 | 39 -0.38942 -5.91347e-07
 40 -0.02070 -2.46785e-08 | 41 -0.03724  8.37912e-09 | 42 -0.71590  5.16380e-08
 43 -0.68057 -2.07357e-05 | 44 -0.71038  2.27957e-05 | 45 -0.74488 -2.46095e-06
 46 -0.66911  1.86749e-06 | 47 -0.54651  6.08469e-09 | 48 -0.25214  4.93762e-09
 49 -0.12908 -2.94328e-05 | 50 -0.13335  3.24185e-05 | 51 -0.15528 -7.05243e-05
 52 -0.13597  3.65139e-05 |
Estimating row 1 out of 52 for hessian
Estimating row 2 out of 52 for hessian
Estimating row 3 out of 52 for hessian
Estimating row 4 out of 52 for hessian
Estimating row 5 out of 52 for hessian
Estimating row 6 out of 52 for hessian
Estimating row 7 out of 52 for hessian
Estimating row 8 out of 52 for hessian
Estimating row 9 out of 52 for hessian
Estimating row 10 out of 52 for hessian
Estimating row 11 out of 52 for hessian
Estimating row 12 out of 52 for hessian
Estimating row 13 out of 52 for hessian
Estimating row 14 out of 52 for hessian
Estimating row 15 out of 52 for hessian
Estimating row 16 out of 52 for hessian
Estimating row 17 out of 52 for hessian
Estimating row 18 out of 52 for hessian
Estimating row 19 out of 52 for hessian
Estimating row 20 out of 52 for hessian
Estimating row 21 out of 52 for hessian
Estimating row 22 out of 52 for hessian
Estimating row 23 out of 52 for hessian
Estimating row 24 out of 52 for hessian
Estimating row 25 out of 52 for hessian
Estimating row 26 out of 52 for hessian
Estimating row 27 out of 52 for hessian
Estimating row 28 out of 52 for hessian
Estimating row 29 out of 52 for hessian
Estimating row 30 out of 52 for hessian
Estimating row 31 out of 52 for hessian
Estimating row 32 out of 52 for hessian
Estimating row 33 out of 52 for hessian
Estimating row 34 out of 52 for hessian
Estimating row 35 out of 52 for hessian
Estimating row 36 out of 52 for hessian
Estimating row 37 out of 52 for hessian
Estimating row 38 out of 52 for hessian
Estimating row 39 out of 52 for hessian
Estimating row 40 out of 52 for hessian
Estimating row 41 out of 52 for hessian
Estimating row 42 out of 52 for hessian
Estimating row 43 out of 52 for hessian
Estimating row 44 out of 52 for hessian
Estimating row 45 out of 52 for hessian
Estimating row 46 out of 52 for hessian
Estimating row 47 out of 52 for hessian
Estimating row 48 out of 52 for hessian
Estimating row 49 out of 52 for hessian
Estimating row 50 out of 52 for hessian
Estimating row 51 out of 52 for hessian
Estimating row 52 out of 52 for hessian
size of file gradfil1.tmp = 0
size of file gradfil2.tmp = 0
size of file varssave.tmp = 0
size of file cmpdiff.tmp = 0
