
Initial statistics: 2 variables; iteration 0; function evaluation 0; phase 1
Function value 3.4598023e+03; maximum gradient component mag 2.6006e+04
Var    Value     Gradient |Var    Value     Gradient |Var    Value     Gradient
  1  0.39650  2.60061e+04 |  2  0.21635  9.12333e+03 |

 - final statistics:
2 variables; iteration 8; function evaluation 15
Function value 4.9438e+02; maximum gradient component mag -2.2045e+00
Exit code = 1;  converg criter 1.0000e+01
Var    Value     Gradient |Var    Value     Gradient |Var    Value     Gradient
  1  0.20494 -2.20446e+00 |  2  0.19030 -1.49529e+00 |

Initial statistics: 49 variables; iteration 0; function evaluation 0; phase 2
Function value 4.9438446e+02; maximum gradient component mag 2.1495e+03
Var    Value     Gradient |Var    Value     Gradient |Var    Value     Gradient
  1  0.20494 -2.20446e+00 |  2  0.00000  1.98054e+01 |  3  0.00000 -1.21197e+02
  4  0.00000  3.62491e+01 |  5  0.00000 -7.71663e+01 |  6  0.00000 -3.89880e+01
  7  0.00000  4.27946e+01 |  8  0.00000 -1.83754e+00 |  9  0.00000  4.25794e+00
 10  0.00000 -7.64836e+01 | 11  0.00000  1.19298e+01 | 12  0.00000 -4.98772e+01
 13  0.00000 -1.04754e+01 | 14  0.00000 -1.28145e+01 | 15  0.00000 -8.28415e+01
 16  0.00000  8.69531e+00 | 17  0.00000  9.56273e+01 | 18  0.00000  1.98701e+01
 19  0.00000  5.68685e+01 | 20  0.00000 -1.33057e+02 | 21  0.00000 -1.54566e+02
 22  0.00000  4.42463e+01 | 23  0.00000  2.55804e+01 | 24  0.00000  2.35353e+02
 25  0.00000 -2.92360e+01 | 26  0.00000 -1.44803e+01 | 27  0.00000  7.24840e+01
 28  0.00000 -1.00384e+02 | 29  0.00000  8.79211e+01 | 30  0.00000 -6.88974e+01
 31  0.00000  1.63742e+02 | 32  0.00000  2.43246e+01 | 33  0.00000  1.48554e+01
 34  0.00000 -1.60216e+02 | 35  0.00000  2.56042e+01 | 36  0.21635  1.04808e+01
 37  0.21635  2.14951e+03 | 38  0.21635 -5.84172e+02 | 39  0.19030 -1.49529e+00
 40 -1.00000 -1.08293e-07 | 41  0.00000  1.74509e-05 | 42  0.00000  1.13476e-01
 43 -0.53989  2.39056e+00 | 44 -1.00000 -1.08293e-07 | 45 -0.53989  1.27130e+01
 46 -1.00000 -1.08293e-07 | 47 -0.53989  3.89898e+00 | 48 -0.32288  6.40925e+00
 49  0.21635  1.98503e-01 |

Intermediate statistics: 49 variables; iteration 20; function evaluation 43; phase 2
Function value 2.7639202e+02; maximum gradient component mag -2.9555e+03
Var    Value     Gradient |Var    Value     Gradient |Var    Value     Gradient
  1  0.21027 -1.05106e+03 |  2 -0.00518 -9.05028e+00 |  3  0.39124  6.95446e+01
  4  0.33367  1.28160e+02 |  5  0.25139  1.31878e+01 |  6  0.15964  3.85559e+02
  7  0.03100  3.70273e+02 |  8 -0.00630  3.14503e+02 |  9  0.09529  4.34272e+02
 10  0.14427  4.01466e+02 | 11  0.09386  4.45085e+02 | 12  0.02649  3.32310e+02
 13  0.00547  3.76272e+02 | 14  0.00915  3.80900e+02 | 15  0.00533  2.86878e+02
 16 -0.01438  3.66697e+02 | 17 -0.05919  3.92373e+02 | 18 -0.02419  3.77219e+02
 19 -0.01706  4.19323e+02 | 20 -0.02959  1.50392e+02 | 21 -0.01929  1.54073e+02
 22 -0.00937  4.22212e+02 | 23  0.00860  4.12524e+02 | 24 -0.02334  5.71559e+02
 25 -0.02172  3.79893e+02 | 26 -0.00752  3.81411e+02 | 27 -0.02531  3.73114e+02
 28 -0.01501  2.48306e+02 | 29 -0.01701  4.51173e+02 | 30  0.01326  3.67271e+02
 31 -0.07081  3.36733e+02 | 32 -0.00821  3.77986e+02 | 33  0.00202  4.22540e+02
 34  0.02688  3.48518e+02 | 35  0.02130  4.19243e+02 | 36  0.20066 -2.95550e+03
 37  0.21139  8.51890e+02 | 38  0.23026  8.96739e+01 | 39  0.19982  7.06129e+02
 40 -1.08120  2.43242e-02 | 41 -0.00000  5.36919e-05 | 42 -0.00959 -2.41503e-05
 43 -0.74326 -6.44527e-03 | 44 -1.30670  3.99241e+02 | 45 -0.68723  3.91308e+02
 46 -1.20932  8.22001e+01 | 47 -0.65486  4.91037e+01 | 48 -0.38836  1.09149e+02
 49  0.14379  9.90928e+00 |
49 variables; iteration 40; function evaluation 70; phase 2
Function value 2.2281091e+02; maximum gradient component mag -1.5036e+03
Var    Value     Gradient |Var    Value     Gradient |Var    Value     Gradient
  1  0.24175 -8.33823e+02 |  2 -0.06869 -2.08240e+01 |  3  0.40832  7.54882e+01
  4  0.33091  9.40217e+01 |  5  0.29930  5.56333e+01 |  6  0.19182  3.48978e+02
  7  0.03670  3.01971e+02 |  8  0.00426  2.80554e+02 |  9  0.06979  3.62942e+02
 10  0.12097  3.50722e+02 | 11  0.06856  3.84730e+02 | 12  0.01927  3.10572e+02
 13 -0.03066  3.07401e+02 | 14 -0.04011  2.88198e+02 | 15  0.03094  3.29566e+02
 16 -0.02758  3.23954e+02 | 17 -0.08288  3.12484e+02 | 18 -0.02237  3.18600e+02
 19 -0.06201  2.77559e+02 | 20  0.02479  2.24532e+02 | 21  0.05196  2.81585e+02
 22 -0.02508  3.27923e+02 | 23  0.01844  3.85298e+02 | 24 -0.07013  3.96877e+02
 25 -0.01857  3.49981e+02 | 26 -0.05042  2.70154e+02 | 27 -0.03653  2.99815e+02
 28  0.01569  2.95180e+02 | 29 -0.02963  3.33006e+02 | 30  0.03868  3.52367e+02
 31 -0.06799  2.41595e+02 | 32 -0.02159  2.87599e+02 | 33 -0.00162  3.17992e+02
 34  0.10708  4.75845e+02 | 35  0.02760  3.01167e+02 | 36  0.18607 -1.50357e+03
 37  0.18391  4.15725e+01 | 38  0.20584  1.48584e+01 | 39  0.16861 -6.96455e+01
 40 -1.03260  5.90363e-02 | 41 -0.00033  7.12390e-05 | 42 -0.91046 -2.02494e-02
 43 -1.16713  1.16762e-02 | 44 -1.29151  3.50283e+02 | 45 -0.70233  3.42806e+02
 46 -1.08669  1.18335e+02 | 47 -0.85258  6.93568e+01 | 48 -0.36667  2.42973e+01
 49 -0.51152  2.46229e+00 |
Maximum number of function evaluations exceeded

 - final statistics:
49 variables; iteration 56; function evaluation 100
Function value 1.6078e+02; maximum gradient component mag -2.1695e+03
Exit code = 3;  converg criter 1.0000e+01
Var    Value     Gradient |Var    Value     Gradient |Var    Value     Gradient
  1  0.28787 -1.02521e+03 |  2 -0.03186 -9.01766e+00 |  3  0.22684  9.05433e+01
  4  0.11283  1.21637e+01 |  5  0.13218  6.91987e+00 |  6  0.09026  2.34675e+02
  7 -0.01708  1.92047e+02 |  8 -0.01432  1.76154e+02 |  9  0.06820  2.57527e+02
 10  0.10752  2.31914e+02 | 11  0.04126  2.26120e+02 | 12  0.04127  2.18321e+02
 13  0.02567  2.30678e+02 | 14  0.05378  2.58302e+02 | 15  0.03568  2.06610e+02
 16 -0.02351  2.21697e+02 | 17 -0.10178  1.70597e+02 | 18 -0.03672  1.74951e+02
 19 -0.04961  1.86584e+02 | 20  0.07639  2.19291e+02 | 21  0.06962  1.97076e+02
 22 -0.02962  1.99229e+02 | 23 -0.00620  2.12246e+02 | 24 -0.13905  1.57710e+02
 25 -0.03696  1.83620e+02 | 26  0.02521  2.70767e+02 | 27 -0.05343  1.29415e+02
 28  0.01346  1.87800e+02 | 29 -0.05741  1.49136e+02 | 30  0.03022  1.98038e+02
 31 -0.08851  5.48489e+01 | 32 -0.00592  1.99723e+02 | 33  0.00661  2.06465e+02
 34  0.06030  1.93584e+02 | 35  0.05981  2.18274e+02 | 36  0.16237 -1.00390e+03
 37  0.15615 -5.64015e+02 | 38  0.18004 -1.86025e+02 | 39  0.14366 -3.36982e+02
 40 -0.40927  3.10492e+01 | 41 -0.10527  2.07409e+00 | 42 -1.55312 -4.50283e-01
 43 -1.57341 -1.03681e+01 | 44 -1.26900  2.16234e+02 | 45 -0.73163  2.16746e+02
 46 -1.00591 -2.16954e+03 | 47 -0.99087 -1.40509e+03 | 48 -0.49816  4.37427e+00
 49  1.72913 -7.49034e-01 |

Initial statistics: 51 variables; iteration 0; function evaluation 0; phase 3
Function value 1.4625483e+02; maximum gradient component mag 2.1695e+03
Var    Value     Gradient |Var    Value     Gradient |Var    Value     Gradient
  1  0.28787 -1.02521e+03 |  2 -0.03186 -9.01766e+00 |  3  0.22684  9.05433e+01
  4  0.11283  1.21637e+01 |  5  0.13218  6.91987e+00 |  6  0.08536  3.71376e+01
  7 -0.02194 -7.45926e+00 |  8 -0.01918 -2.33711e+01 |  9  0.06332  5.91382e+01
 10  0.10260  3.52193e+01 | 11  0.03640  2.69722e+01 | 12  0.03640  1.91690e+01
 13  0.02081  3.12691e+01 | 14  0.04891  5.94707e+01 | 15  0.03082  7.34634e+00
 16 -0.02837  2.22460e+01 | 17 -0.10670 -2.64042e+01 | 18 -0.04158 -2.42851e+01
 19 -0.05448 -1.23822e+01 | 20  0.07150  2.11654e+01 | 21  0.06474 -1.31229e+00
 22 -0.03448 -1.34545e-01 | 23 -0.01105  1.26739e+01 | 24 -0.14403 -3.70620e+01
 25 -0.04182 -1.56159e+01 | 26  0.02035  7.13629e+01 | 27 -0.05830 -6.94157e+01
 28  0.00861 -1.17365e+01 | 29 -0.06229 -4.95967e+01 | 30  0.02537 -1.31749e+00
 31 -0.09341 -1.42647e+02 | 32 -0.01077  1.52210e-01 | 33  0.00176  6.89617e+00
 34  0.05543 -5.10492e+00 | 35  0.05493  1.95877e+01 | 36  0.16237 -1.00390e+03
 37  0.15615 -5.64015e+02 | 38  0.18004 -1.86025e+02 | 39  0.14366 -3.36982e+02
 40 -0.40927  3.10492e+01 | 41 -0.10527  2.07409e+00 | 42 -0.44688  4.50283e-01
 43 -0.42659  1.03681e+01 | 44 -0.73100 -2.16234e+02 | 45 -0.73163  2.16746e+02
 46 -0.99409  2.16954e+03 | 47 -0.99087 -1.40509e+03 | 48 -0.49816  4.37427e+00
 49  0.27087  7.49034e-01 | 50 -0.17585 -5.13702e+02 | 51 -0.12819 -3.73371e+02

Intermediate statistics: 51 variables; iteration 20; function evaluation 29; phase 3
Function value 1.0471259e+02; maximum gradient component mag 1.0391e+04
Var    Value     Gradient |Var    Value     Gradient |Var    Value     Gradient
  1  0.21395 -1.27715e+03 |  2 -0.10548 -1.36770e+01 |  3  0.04809  2.84030e+01
  4 -0.01339  4.08150e+00 |  5  0.03287 -5.07551e+00 |  6 -0.00091  3.75934e+01
  7 -0.07595  2.09997e+01 |  8 -0.04995  1.92153e+01 |  9 -0.00315  4.60959e+01
 10  0.06532  4.63153e+01 | 11  0.01883  4.80918e+01 | 12  0.03182  3.85781e+01
 13  0.00369  3.56940e+01 | 14  0.01852  4.83098e+01 | 15  0.03582  1.92479e+01
 16 -0.01965  3.27679e+01 | 17 -0.08290  2.08912e+01 | 18 -0.02820  1.92797e+01
 19 -0.04147  1.40290e+01 | 20  0.06666  3.93710e+01 | 21  0.06697  2.26512e+01
 22 -0.03178  1.57817e+01 | 23 -0.00916  4.13112e+01 | 24 -0.12790  8.67738e+00
 25 -0.02421  2.06665e+01 | 26 -0.00461  5.43420e+01 | 27 -0.04567 -1.79428e+01
 28  0.02822  2.15953e+01 | 29 -0.02910 -1.94088e+01 | 30  0.05139 -1.64061e+01
 31 -0.05640 -9.89867e+01 | 32  0.03282  2.81600e+01 | 33  0.03569  7.33831e+00
 34  0.08475 -1.33468e+00 | 35  0.10426  2.32549e+01 | 36  0.19899 -1.01458e+03
 37  0.20248 -4.02903e+02 | 38  0.21572 -3.06189e+02 | 39  0.16666 -8.26093e+02
 40 -0.41801  8.78344e+00 | 41 -0.11325  6.60787e-01 | 42 -0.45306  2.65285e-02
 43 -0.58652  9.87605e-01 | 44 -0.86764 -6.85575e+01 | 45 -0.87448  7.22890e+01
 46 -0.99877  1.03912e+04 | 47 -0.99827 -7.35376e+03 | 48 -0.50492  3.85332e+00
 49  0.26946  6.86515e-01 | 50 -0.13917 -7.13196e+01 | 51 -0.11816 -1.90811e+02
51 variables; iteration 40; function evaluation 57; phase 3
Function value 8.9442235e+01; maximum gradient component mag 7.0574e+03
Var    Value     Gradient |Var    Value     Gradient |Var    Value     Gradient
  1  0.19067 -6.10945e+02 |  2 -0.04487  4.44460e+00 |  3  0.04962  1.46947e+01
  4 -0.00847 -7.70491e+00 |  5  0.06454  5.13202e+00 |  6  0.04070  6.56029e-01
  7 -0.00767  2.68574e+01 |  8 -0.01345 -9.75794e+00 |  9 -0.00122 -1.97632e-01
 10  0.04323 -1.35442e+01 | 11 -0.01197 -2.36719e+01 | 12  0.02029 -1.49656e+01
 13 -0.01036 -1.12710e+01 | 14 -0.00471 -5.63834e+00 | 15  0.03285 -2.52553e+01
 16 -0.01942 -1.22996e+01 | 17 -0.06826  1.06373e+01 | 18 -0.02988 -2.02106e+01
 19 -0.04974 -3.05807e+01 | 20  0.04363 -3.44433e+01 | 21  0.05534 -2.13249e+01
 22 -0.03450 -8.39652e+00 | 23 -0.02879 -3.04847e+01 | 24 -0.12544 -1.68450e+01
 25 -0.02386 -1.30484e+01 | 26 -0.02454 -5.52440e+00 | 27 -0.04216 -3.57096e+01
 28  0.02384 -2.60740e+01 | 29 -0.02818 -1.15186e+01 | 30  0.05392  9.15920e+00
 31 -0.03512 -1.80227e+01 | 32  0.03172  5.58644e+00 | 33  0.03041  5.00264e-01
 34  0.08178  4.56297e+00 | 35  0.09321 -1.10506e+00 | 36  0.21684 -4.31856e+02
 37  0.21977 -3.34694e+02 | 38  0.23248 -2.47967e+02 | 39  0.18835 -8.01683e+01
 40 -0.40328  3.26433e+00 | 41 -0.30231  2.13203e-01 | 42 -0.50240  6.88441e-02
 43 -1.48475 -2.20952e+00 | 44 -0.81718 -1.63354e+02 | 45 -0.82769  1.73427e+02
 46 -0.99926  7.05743e+03 | 47 -0.99899 -5.15459e+03 | 48 -0.51873  1.26772e+00
 49  0.24147  2.53938e-01 | 50 -0.12885 -8.80661e+01 | 51 -0.10714 -6.42867e+01
51 variables; iteration 60; function evaluation 91; phase 3
Function value 8.0073900e+01; maximum gradient component mag 2.0988e+03
Var    Value     Gradient |Var    Value     Gradient |Var    Value     Gradient
  1  0.16690  1.51999e+01 |  2 -0.07409 -1.74996e-01 |  3  0.02290  6.14939e-01
  4 -0.02291  7.51976e-01 |  5  0.03811  4.67334e-01 |  6  0.00252 -4.36337e-01
  7 -0.05544 -1.83505e-01 |  8 -0.02496 -4.78554e-01 |  9 -0.00596 -1.67876e-01
 10  0.06899 -4.39048e-01 | 11  0.02779 -4.48348e-01 | 12  0.05107  3.00091e-01
 13  0.00145  3.57432e-01 | 14  0.00326  2.11283e-02 | 15  0.05574 -1.39842e-01
 16 -0.00032  5.51941e-03 | 17 -0.07199 -6.97154e-01 | 18 -0.02563 -4.25582e-01
 19 -0.04503  3.47492e-02 | 20  0.04618  1.91762e-01 | 21  0.05265  3.09895e-01
 22 -0.04466  3.42270e-01 | 23 -0.02531  3.20148e-01 | 24 -0.12104 -2.31300e-01
 25 -0.02099  1.16317e+00 | 26 -0.02740  5.02275e-01 | 27 -0.03091 -1.10083e-01
 28  0.02997 -1.10020e+00 | 29 -0.02929 -6.00127e-01 | 30  0.04223 -3.55351e-01
 31 -0.04382 -8.27340e-01 | 32  0.02165  6.35277e-01 | 33  0.02115  4.81587e-01
 34  0.06412  5.55234e-01 | 35  0.08359 -6.28965e-02 | 36  0.23463  1.12985e+01
 37  0.24534  1.24579e+01 | 38  0.25692  6.08258e+00 | 39  0.20490 -2.79490e+00
 40 -0.35267  1.49086e+00 | 41 -1.11787  7.63845e-03 | 42 -0.90566 -1.93803e-02
 43 -1.22897  8.34894e-03 | 44 -0.81233  3.05393e+00 | 45 -0.83016 -3.40182e+00
 46 -0.99959  2.09881e+03 | 47 -0.99948 -1.65532e+03 | 48 -0.46611 -1.29254e-02
 49  0.18683 -6.45269e-04 | 50 -0.09853 -8.85448e+00 | 51 -0.08426 -2.21384e+00
Maximum number of function evaluations exceeded

 - final statistics:
51 variables; iteration 70; function evaluation 100
Function value 8.0053e+01; maximum gradient component mag 4.9928e+02
Exit code = 3;  converg criter 1.0000e+00
Var    Value     Gradient |Var    Value     Gradient |Var    Value     Gradient
  1  0.16733 -5.24137e+00 |  2 -0.07393 -6.52793e-02 |  3  0.02214 -4.13883e-02
  4 -0.02376  7.10805e-02 |  5  0.03765  8.28147e-03 |  6  0.00258  1.67380e-01
  7 -0.05551 -1.27235e-01 |  8 -0.02467  1.31214e-01 |  9 -0.00573  6.30242e-02
 10  0.06917  1.04409e-01 | 11  0.02782  1.45564e-01 | 12  0.05053  3.76188e-02
 13  0.00114  2.39453e-02 | 14  0.00306  1.11608e-03 | 15  0.05554  7.07983e-02
 16 -0.00068  2.88462e-02 | 17 -0.07177 -5.26983e-02 | 18 -0.02527  2.84518e-02
 19 -0.04497  4.22201e-02 | 20  0.04659  4.41466e-02 | 21  0.05302  3.52585e-03
 22 -0.04441  5.76866e-02 | 23 -0.02494  1.65589e-01 | 24 -0.12086  2.02095e-01
 25 -0.02133  4.87538e-01 | 26 -0.02755  2.21135e-01 | 27 -0.03062  1.20447e-01
 28  0.03005 -2.71063e-01 | 29 -0.02954 -1.64737e-01 | 30  0.04210 -3.97269e-01
 31 -0.04372 -1.07147e-01 | 32  0.02140 -2.52987e-01 | 33  0.02088 -1.60106e-01
 34  0.06400 -1.68712e-01 | 35  0.08336  1.91233e-01 | 36  0.23397 -9.27192e+00
 37  0.24518 -2.61950e-01 | 38  0.25640 -1.49935e-01 | 39  0.20473 -4.44691e-01
 40 -0.35471  1.07141e+00 | 41 -1.28804 -8.03634e-03 | 42 -0.51403 -3.28594e-03
 43 -1.23005  8.30519e-03 | 44 -0.81167 -1.15412e+00 | 45 -0.82940  1.25296e+00
 46 -0.99958  4.99283e+02 | 47 -0.99946 -3.92774e+02 | 48 -0.49465  4.14560e-02
 49  0.04417  1.00042e-02 | 50 -0.09663  1.28514e+00 | 51 -0.08250 -9.87625e-01

Initial statistics: 53 variables; iteration 0; function evaluation 0; phase 4
Function value 8.0053019e+01; maximum gradient component mag 4.9928e+02
Var    Value     Gradient |Var    Value     Gradient |Var    Value     Gradient
  1  0.16733 -5.24137e+00 |  2 -0.07393 -6.52793e-02 |  3  0.02214 -4.13883e-02
  4 -0.02376  7.10805e-02 |  5  0.03765  8.28148e-03 |  6  0.00258  1.46038e-01
  7 -0.05551 -1.48496e-01 |  8 -0.02467  1.09887e-01 |  9 -0.00573  4.16830e-02
 10  0.06917  8.31931e-02 | 11  0.02782  1.24242e-01 | 12  0.05053  1.63439e-02
 13  0.00114  2.60319e-03 | 14  0.00306 -2.02258e-02 | 15  0.05554  4.95374e-02
 16 -0.00068  7.50409e-03 | 17 -0.07177 -7.39050e-02 | 18 -0.02527  7.12648e-03
 19 -0.04497  2.09312e-02 | 20  0.04659  2.28616e-02 | 21  0.05302 -1.77423e-02
 22 -0.04441  3.63964e-02 | 23 -0.02494  1.44264e-01 | 24 -0.12086  1.81137e-01
 25 -0.02133  4.66208e-01 | 26 -0.02755  1.99813e-01 | 27 -0.03062  9.91296e-02
 28  0.03005 -2.92381e-01 | 29 -0.02954 -1.86056e-01 | 30  0.04210 -4.18565e-01
 31 -0.04372 -1.28438e-01 | 32  0.02140 -2.74318e-01 | 33  0.02088 -1.81437e-01
 34  0.06400 -1.89947e-01 | 35  0.08336  1.70073e-01 | 36  0.23397 -9.27192e+00
 37  0.24518 -2.61950e-01 | 38  0.25640 -1.49935e-01 | 39  0.20473 -4.44691e-01
 40 -0.35471  1.07141e+00 | 41 -0.71196  8.03634e-03 | 42 -0.51403 -3.28594e-03
 43 -0.76995 -8.30519e-03 | 44 -0.81167 -1.15412e+00 | 45 -0.82940  1.25296e+00
 46 -0.99958  4.99283e+02 | 47 -0.99946 -3.92774e+02 | 48 -0.49465  4.14560e-02
 49  0.04417  1.00042e-02 | 50 -0.09663  1.28514e+00 | 51 -0.08250 -9.87625e-01
 52 -0.05795  1.21090e+02 | 53 -0.17585 -1.15734e+02 |

Intermediate statistics: 53 variables; iteration 20; function evaluation 33; phase 4
Function value 7.7612817e+01; maximum gradient component mag -2.5614e+03
Var    Value     Gradient |Var    Value     Gradient |Var    Value     Gradient
  1  0.16648 -3.18928e+02 |  2 -0.07970 -8.91729e-01 |  3  0.01493 -4.80750e+00
  4 -0.03141 -4.50946e+00 |  5  0.03017 -3.08701e+00 |  6 -0.00704  2.28112e+00
  7 -0.06354  3.46905e+00 |  8 -0.03069  4.41967e+00 |  9 -0.01310  3.42673e+00
 10  0.06349  1.90535e+00 | 11  0.02471  2.14860e+00 | 12  0.05121  3.03267e+00
 13  0.00143  9.24765e-01 | 14  0.00138  5.63959e-01 | 15  0.05656 -1.42664e+00
 16 -0.00007 -3.28767e+00 | 17 -0.07214 -2.06080e+00 | 18 -0.02742 -4.60365e+00
 19 -0.04315 -9.33618e-01 | 20  0.04373 -7.57895e+00 | 21  0.05059 -8.21386e+00
 22 -0.04352  8.12674e-01 | 23 -0.02831 -9.59562e+00 | 24 -0.12099 -4.13920e-01
 25 -0.02005  2.86234e+00 | 26 -0.02743  8.17502e-01 | 27 -0.03278 -8.16305e+00
 28  0.02973 -9.64182e+00 | 29 -0.02355  3.54853e+00 | 30  0.04749 -4.70262e-01
 31 -0.03938  1.07138e+00 | 32  0.02925  5.33371e+00 | 33  0.02803  4.25372e+00
 34  0.07081  5.91392e+00 | 35  0.09446  6.79792e+00 | 36  0.23307 -2.32856e+02
 37  0.24279 -1.01874e+02 | 38  0.25615 -1.53526e+01 | 39  0.20323 -2.00086e+01
 40 -0.35304  3.93318e-01 | 41 -0.71065 -1.47212e-03 | 42 -0.51344 -3.27986e-03
 43 -0.76846 -8.24637e-03 | 44 -0.80976 -6.24916e+01 | 45 -0.82741  6.89545e+01
 46 -0.99939 -2.56137e+03 | 47 -0.99923  2.02266e+03 | 48 -0.49738  5.50611e-01
 49  0.04340  1.23838e-01 | 50 -0.17914  9.17719e+00 | 51 -0.08119  7.56753e+00
 52 -0.00669  5.50278e+01 | 53 -0.08856 -4.50382e+01 |
53 variables; iteration 40; function evaluation 59; phase 4
Function value 7.6766491e+01; maximum gradient component mag -1.5466e+03
Var    Value     Gradient |Var    Value     Gradient |Var    Value     Gradient
  1  0.16686 -4.74007e+01 |  2 -0.07095  1.32048e+00 |  3  0.02051 -8.21589e-01
  4 -0.02538  2.48677e-02 |  5  0.03507 -5.01882e-01 |  6 -0.00157 -1.38987e-01
  7 -0.06029 -1.08387e+00 |  8 -0.02801  6.43928e-01 |  9 -0.00977 -6.26613e-01
 10  0.06776  9.18843e-01 | 11  0.02688  1.18304e-01 | 12  0.05091  8.27047e-01
 13  0.00251  2.58862e+00 | 14  0.00494  2.55840e+00 | 15  0.05652  2.52769e+00
 16 -0.00124 -8.71610e-01 | 17 -0.07308  1.44002e-01 | 18 -0.02781  1.05576e+00
 19 -0.04556 -1.39421e+00 | 20  0.04336 -2.62166e-03 | 21  0.04941 -3.24142e+00
 22 -0.04533  2.26811e+00 | 23 -0.02990 -4.96399e+00 | 24 -0.12312  4.83329e-01
 25 -0.02172  2.41159e-01 | 26 -0.02765  2.02601e+00 | 27 -0.03258  9.19990e-01
 28  0.02743 -5.47702e+00 | 29 -0.02482  2.14857e+00 | 30  0.04714 -7.33797e-01
 31 -0.04080 -5.02792e-01 | 32  0.02854 -6.43117e-01 | 33  0.02677 -5.60837e-01
 34  0.06851 -4.93797e-01 | 35  0.09223 -1.61585e-01 | 36  0.23441  2.88381e+01
 37  0.24252 -7.62964e+01 | 38  0.25669 -4.80397e+00 | 39  0.20363 -2.47030e+00
 40 -0.35419 -7.75838e-01 | 41 -0.70921 -1.66043e-02 | 42 -0.50716 -3.21561e-03
 43 -0.75282 -7.65132e-03 | 44 -0.83264  3.07614e+01 | 45 -0.84887 -3.41276e+01
 46 -0.99943 -1.54661e+03 | 47 -0.99928  1.21965e+03 | 48 -0.47081 -9.50584e-02
 49  0.04489 -1.73620e-02 | 50 -0.19736  1.94852e+01 | 51 -0.08421 -1.20939e+00
 52 -0.01079  5.02758e+00 | 53 -0.06977  1.53403e+01 |
53 variables; iteration 60; function evaluation 88; phase 4
Function value 7.6523224e+01; maximum gradient component mag -2.7706e+02
Var    Value     Gradient |Var    Value     Gradient |Var    Value     Gradient
  1  0.16736 -9.12826e+00 |  2 -0.07435 -3.12100e-02 |  3  0.02129 -2.15466e-01
  4 -0.02458 -1.80364e-01 |  5  0.03693 -1.11274e-01 |  6  0.00179  3.96250e-02
  7 -0.05603  7.10589e-02 |  8 -0.02521  8.55062e-02 |  9 -0.00624  6.43570e-02
 10  0.06875  5.67052e-02 | 11  0.02741 -1.00431e-03 | 12  0.05035  1.31673e-01
 13  0.00100  2.60517e-01 | 14  0.00281  1.62277e-02 | 15  0.05524  6.57498e-02
 16 -0.00133  1.95816e-02 | 17 -0.07361  1.08133e-01 | 18 -0.02957 -1.08738e-01
 19 -0.04539  8.73650e-04 | 20  0.04220 -1.27910e-01 | 21  0.04931 -1.84236e-01
 22 -0.04637  2.04912e-01 | 23 -0.02947 -1.58006e-01 | 24 -0.12415 -3.52369e-02
 25 -0.02221  6.82628e-02 | 26 -0.02907  1.53049e-02 | 27 -0.03448 -1.61317e-01
 28  0.02758 -2.42889e-01 | 29 -0.02559 -9.03526e-03 | 30  0.04710 -1.39853e-01
 31 -0.04080 -3.95818e-02 | 32  0.02836 -1.72748e-01 | 33  0.02664 -1.69909e-01
 34  0.06857  8.29563e-02 | 35  0.09207  4.61630e-02 | 36  0.23393 -3.28117e+00
 37  0.24175 -6.91257e+00 | 38  0.25643 -9.02939e-02 | 39  0.20343 -1.51171e-01
 40 -0.35726  2.33458e-01 | 41 -0.54396  1.10783e-03 | 42 -0.41872 -2.31673e-03
 43 -0.69610 -9.55698e-04 | 44 -0.67948 -1.68168e+00 | 45 -0.71028  1.84772e+00
 46 -0.99917 -2.77056e+02 | 47 -0.99895  2.18202e+02 | 48 -0.53138  4.55310e-03
 49 -0.01607  2.19421e-03 | 50 -0.11092  9.83846e-01 | 51 -0.12178 -7.64196e-02
 52 -0.15444 -8.80268e-01 | 53 -0.19191  1.81865e+00 |
53 variables; iteration 80; function evaluation 150; phase 4
Function value 7.6230419e+01; maximum gradient component mag -3.6391e+02
Var    Value     Gradient |Var    Value     Gradient |Var    Value     Gradient
  1  0.16680 -7.97648e-01 |  2 -0.07300  7.55262e-01 |  3  0.02195 -4.59694e-01
  4 -0.02353  3.47870e-01 |  5  0.03747  7.07514e-01 |  6  0.00181  3.51884e-01
  7 -0.05603 -2.89837e-01 |  8 -0.02531 -2.31640e-01 |  9 -0.00647 -1.10184e-01
 10  0.06922  9.65834e-01 | 11  0.02793  3.38089e-02 | 12  0.05072  4.90082e-01
 13  0.00071 -6.33112e-01 | 14  0.00318  6.40475e-01 | 15  0.05565  1.17788e+00
 16 -0.00092  1.93749e-01 | 17 -0.07381 -1.36401e+00 | 18 -0.02958 -1.60212e-01
 19 -0.04547 -1.20748e-01 | 20  0.04173  6.33917e-01 | 21  0.04886  1.29271e+00
 22 -0.04684 -1.53419e-02 | 23 -0.02980  4.67972e-02 | 24 -0.12432 -1.18603e+00
 25 -0.02203 -7.43550e-01 | 26 -0.02943 -1.27730e+00 | 27 -0.03451  6.31382e-01
 28  0.02773 -3.07867e-01 | 29 -0.02556 -5.05208e-01 | 30  0.04697  3.82831e-01
 31 -0.04103 -2.35416e-01 | 32  0.02861  1.23323e+00 | 33  0.02674  5.59472e-01
 34  0.06833  2.09408e-01 | 35  0.09265  1.37819e+00 | 36  0.23445  2.69833e+01
 37  0.24240 -1.82087e+00 | 38  0.25709  5.61357e+00 | 39  0.20377  1.92051e+00
 40 -0.36998  4.22962e-01 | 41 -0.02614  1.25762e-02 | 42  0.06947  3.45633e-04
 43 -0.76779 -8.20546e-03 | 44 -0.48125 -3.01255e+01 | 45 -0.53760  3.40968e+01
 46 -0.99688 -3.63906e+02 | 47 -0.99604  2.86713e+02 | 48 -0.64340 -5.13166e-03
 49 -0.27278 -1.50794e-03 | 50 -0.06943  3.04535e+02 | 51 -0.17380 -3.29796e+02
 52 -0.28411  7.96021e+01 | 53 -0.28563  1.96521e+02 |
53 variables; iteration 100; function evaluation 180; phase 4
Function value 7.6027325e+01; maximum gradient component mag -1.2732e+02
Var    Value     Gradient |Var    Value     Gradient |Var    Value     Gradient
  1  0.16523  1.45305e+01 |  2 -0.07879  7.11685e-02 |  3  0.01927  2.26531e-01
  4 -0.02627  1.12192e-01 |  5  0.03391  1.42409e-01 |  6 -0.00289 -1.40958e-01
  7 -0.05943 -2.14976e-01 |  8 -0.02765 -2.23998e-01 |  9 -0.00915 -1.98425e-01
 10  0.06747 -1.02838e-01 | 11  0.02787 -1.51563e-01 | 12  0.05147 -1.69255e-01
 13  0.00151 -1.96486e-01 | 14  0.00302 -1.02862e-01 | 15  0.05663 -9.47000e-02
 16  0.00056 -1.01961e-01 | 17 -0.07241 -2.39087e-01 | 18 -0.02897 -1.14050e-01
 19 -0.04470 -2.44305e-01 | 20  0.04140 -1.10425e-01 | 21  0.04839 -1.00980e-01
 22 -0.04652 -1.80806e-01 | 23 -0.02966  3.27831e-02 | 24 -0.12319  3.92461e-02
 25 -0.02117  9.99482e-01 | 26 -0.02853  1.88668e-02 | 27 -0.03388 -9.47102e-02
 28  0.02903  9.08670e-02 | 29 -0.02449  3.57313e-02 | 30  0.04742  5.29743e-01
 31 -0.04043 -2.31207e-02 | 32  0.02881  6.30756e-01 | 33  0.02738  2.73229e-01
 34  0.06881  2.64575e-02 | 35  0.09301  2.97535e-02 | 36  0.23525  1.75409e-01
 37  0.24364  1.08663e+01 | 38  0.25823 -5.21889e-02 | 39  0.20446 -7.30331e-02
 40 -0.37214  7.98044e-01 | 41  0.18627  2.17464e-02 | 42 -0.04431 -2.19330e-04
 43 -0.76533 -8.11471e-03 | 44 -0.42750 -1.49573e+00 | 45 -0.50376  2.17582e+00
 46 -0.99847 -1.27321e+02 | 47 -0.99808  1.01124e+02 | 48 -0.63584 -4.81566e-03
 49 -0.21009 -1.04404e-03 | 50 -0.07514  3.43064e+01 | 51 -0.16178 -4.82740e+01
 52 -0.25712  2.35044e+01 | 53 -0.26758  8.20137e+00 |
53 variables; iteration 120; function evaluation 203; phase 4
Function value 7.6020832e+01; maximum gradient component mag -9.5716e+00
Var    Value     Gradient |Var    Value     Gradient |Var    Value     Gradient
  1  0.16511  1.43485e+00 |  2 -0.07915 -2.43318e-04 |  3  0.01892  2.95716e-02
  4 -0.02655  1.73940e-02 |  5  0.03362  2.39859e-02 |  6 -0.00330  6.74013e-03
  7 -0.05978  2.73757e-03 |  8 -0.02790 -1.93855e-03 |  9 -0.00946 -7.53880e-03
 10  0.06730  4.41770e-03 | 11  0.02782  3.83858e-03 | 12  0.05156 -1.92871e-02
 13  0.00153 -5.32195e-02 | 14  0.00294 -6.57854e-03 | 15  0.05674 -4.12447e-02
 16  0.00071 -5.52303e-02 | 17 -0.07225 -2.45166e-02 | 18 -0.02876  4.79320e-02
 19 -0.04460  5.20481e-02 | 20  0.04160  8.12506e-03 | 21  0.04856  7.99821e-03
 22 -0.04652 -2.64288e-02 | 23 -0.02949  1.48008e-02 | 24 -0.12308  1.47735e-02
 25 -0.02131 -9.09860e-03 | 26 -0.02850 -2.63955e-02 | 27 -0.03359  1.92625e-02
 28  0.02911  2.72739e-02 | 29 -0.02440  4.41563e-02 | 30  0.04743  5.24874e-02
 31 -0.04035  2.89121e-02 | 32  0.02868  1.44144e-01 | 33  0.02736  1.02950e-01
 34  0.06881 -5.28233e-02 | 35  0.09285  4.23089e-02 | 36  0.23533 -1.22188e+00
 37  0.24358  2.56440e+00 | 38  0.25833  1.44414e-01 | 39  0.20453  1.64304e-01
 40 -0.36960 -1.24561e-01 | 41  0.08371 -2.89091e-03 | 42 -0.10172 -2.55747e-04
 43 -0.69233  2.46693e-03 | 44 -0.42667  3.11569e-01 | 45 -0.50351 -4.12056e-01
 46 -0.99831 -9.57163e+00 | 47 -0.99787  7.46263e+00 | 48 -0.51517  2.82254e-04
 49 -0.13020  3.70958e-04 | 50 -0.05375 -2.98510e+00 | 51 -0.16259  2.80727e+00
 52 -0.28214 -2.02032e-01 | 53 -0.29195 -2.48850e+00 |
53 variables; iteration 140; function evaluation 223; phase 4
Function value 7.6020726e+01; maximum gradient component mag -2.3785e+01
Var    Value     Gradient |Var    Value     Gradient |Var    Value     Gradient
  1  0.16510  1.91051e-01 |  2 -0.07915  2.62002e-03 |  3  0.01890 -6.39544e-04
  4 -0.02658  1.73566e-03 |  5  0.03357 -4.84700e-04 |  6 -0.00336 -3.26752e-03
  7 -0.05984 -4.61433e-03 |  8 -0.02795 -4.38052e-03 |  9 -0.00951 -3.54288e-03
 10  0.06726 -1.75793e-03 | 11  0.02780 -2.93151e-03 | 12  0.05157  5.04038e-04
 13  0.00155  9.15346e-05 | 14  0.00294 -2.10337e-04 | 15  0.05675  5.97881e-03
 16  0.00073  4.01647e-03 | 17 -0.07223 -2.80780e-03 | 18 -0.02875 -5.00624e-03
 19 -0.04460 -2.27634e-03 | 20  0.04162  6.96786e-04 | 21  0.04858  2.64935e-03
 22 -0.04650 -9.89763e-04 | 23 -0.02947 -2.46301e-03 | 24 -0.12307 -2.14958e-03
 25 -0.02131 -1.35030e-03 | 26 -0.02848 -3.29596e-03 | 27 -0.03357  6.17001e-04
 28  0.02913  1.64161e-03 | 29 -0.02439  3.05485e-03 | 30  0.04745  6.73934e-03
 31 -0.04033 -4.69140e-05 | 32  0.02866  6.11606e-03 | 33  0.02735 -4.86547e-05
 34  0.06885  6.30638e-03 | 35  0.09283 -4.29755e-04 | 36  0.23534  3.43007e-01
 37  0.24356 -2.45650e-03 | 38  0.25832 -7.90748e-03 | 39  0.20453 -1.87137e-02
 40 -0.36745  4.74115e-03 | 41  0.00693  2.16927e-04 | 42 -0.04324 -2.62782e-05
 43 -0.69912  1.72174e-04 | 44 -0.42678  1.72046e-02 | 45 -0.50355 -2.16117e-02
 46 -0.99823 -2.37847e+01 | 47 -0.99777  1.87706e+01 | 48 -0.49673  2.93074e-04
 49 -0.17170  3.58461e-05 | 50 -0.05366 -4.14856e-01 | 51 -0.16250  3.93343e-01
 52 -0.28208 -3.49488e-02 | 53 -0.29196 -3.41419e-01 |
53 variables; iteration 160; function evaluation 243; phase 4
Function value 7.6020109e+01; maximum gradient component mag 2.0070e+01
Var    Value     Gradient |Var    Value     Gradient |Var    Value     Gradient
  1  0.16509 -3.16531e+00 |  2 -0.07930 -4.12206e-02 |  3  0.01883 -2.76318e-02
  4 -0.02662 -2.29474e-02 |  5  0.03356  2.28298e-02 |  6 -0.00339  4.45325e-02
  7 -0.05984  7.83167e-02 |  8 -0.02794  6.98022e-02 |  9 -0.00953  4.62659e-02
 10  0.06725  4.01104e-02 | 11  0.02780  5.13126e-02 | 12  0.05158 -3.53164e-04
 13  0.00155 -1.01015e-02 | 14  0.00292  5.95191e-03 | 15  0.05676 -7.97578e-02
 16  0.00074 -5.52074e-02 | 17 -0.07220  4.76510e-02 | 18 -0.02873  7.11584e-02
 19 -0.04458  5.15666e-02 | 20  0.04162 -3.45539e-02 | 21  0.04857 -5.69943e-02
 22 -0.04648  4.02603e-02 | 23 -0.02945  4.10672e-02 | 24 -0.12306  1.85681e-02
 25 -0.02130  2.06970e-02 | 26 -0.02848  7.56619e-03 | 27 -0.03356 -1.11102e-02
 28  0.02914  3.84866e-02 | 29 -0.02438 -3.14111e-02 | 30  0.04744 -1.11221e-01
 31 -0.04033  1.05322e-02 | 32  0.02864 -1.15718e-01 | 33  0.02736  8.29802e-03
 34  0.06880 -1.21044e-01 | 35  0.09280  3.63285e-02 | 36  0.23533 -5.16756e+00
 37  0.24358  4.17691e-02 | 38  0.25835  4.94263e-01 | 39  0.20455  4.46401e-01
 40 -0.37227 -4.61866e-02 | 41  0.18752 -1.99214e-04 | 42  0.13824  7.88963e-04
 43 -0.71478 -3.25126e-03 | 44 -0.42685 -4.81331e-02 | 45 -0.50360  5.77627e-02
 46 -0.99308  2.00700e+01 | 47 -0.99131 -1.62559e+01 | 48 -0.40966  1.07559e-02
 49 -0.59535 -2.32116e-03 | 50 -0.04170 -4.86366e-01 | 51 -0.15525  1.26821e+00
 52 -0.28280 -1.12947e+00 | 53 -0.29808  6.78413e-01 |
53 variables; iteration 180; function evaluation 265; phase 4
Function value 7.6015193e+01; maximum gradient component mag 4.4780e+00
Var    Value     Gradient |Var    Value     Gradient |Var    Value     Gradient
  1  0.16513 -2.51798e-01 |  2 -0.07915  6.86646e-04 |  3  0.01890  8.95073e-04
  4 -0.02657  2.23652e-03 |  5  0.03359  1.09539e-02 |  6 -0.00333  6.35882e-03
  7 -0.05981  7.74609e-03 |  8 -0.02792  7.08027e-03 |  9 -0.00949  3.69506e-04
 10  0.06727  8.81980e-03 | 11  0.02779  3.40702e-03 | 12  0.05155  7.95225e-04
 13  0.00155 -2.15695e-03 | 14  0.00295  4.90322e-03 | 15  0.05673 -1.14064e-02
 16  0.00070 -6.10174e-03 | 17 -0.07224  2.50071e-03 | 18 -0.02874  1.10764e-02
 19 -0.04461  1.47994e-03 | 20  0.04164 -1.03914e-02 | 21  0.04859 -1.66365e-02
 22 -0.04651  4.57793e-03 | 23 -0.02946  2.17854e-03 | 24 -0.12310 -6.60222e-03
 25 -0.02136  5.65767e-03 | 26 -0.02848 -1.19930e-03 | 27 -0.03355 -2.96201e-03
 28  0.02909  1.48318e-02 | 29 -0.02440 -8.68834e-04 | 30  0.04746  9.35860e-04
 31 -0.04033 -3.93169e-04 | 32  0.02867 -3.20416e-03 | 33  0.02736  3.72585e-03
 34  0.06885 -1.91165e-02 | 35  0.09283  1.06951e-02 | 36  0.23531 -9.89414e-01
 37  0.24353  2.06383e-01 | 38  0.25831  1.07177e-01 | 39  0.20451  7.55856e-02
 40 -0.36729  4.78785e-02 | 41  0.00033  1.35414e-03 | 42 -0.01471  9.38517e-05
 43 -0.70196 -6.01795e-04 | 44 -0.42687 -5.75423e-02 | 45 -0.50359  6.71725e-02
 46 -0.97176 -2.11494e+00 | 47 -0.96452  1.57496e+00 | 48 -0.47971  6.72502e-04
 49 -0.28304 -5.72736e-04 | 50 -0.00090 -2.79451e+00 | 51 -0.12639  4.47801e+00
 52 -0.27818 -2.56350e+00 | 53 -0.31494  2.75336e-02 |
53 variables; iteration 200; function evaluation 285; phase 4
Function value 7.6011801e+01; maximum gradient component mag 1.7300e+01
Var    Value     Gradient |Var    Value     Gradient |Var    Value     Gradient
  1  0.16545  1.72997e+01 |  2 -0.07870  5.88543e-02 |  3  0.01937  3.09605e-01
  4 -0.02625  9.90649e-02 |  5  0.03400  7.74347e-02 |  6 -0.00262 -1.64386e-01
  7 -0.05918 -2.50491e-01 |  8 -0.02744 -2.24530e-01 |  9 -0.00892 -2.03241e-01
 10  0.06742 -2.23178e-01 | 11  0.02774 -1.77849e-01 | 12  0.05129 -3.35189e-02
 13  0.00145  7.03508e-02 | 14  0.00290 -1.33004e-01 | 15  0.05648  2.37015e-01
 16  0.00041  3.08760e-01 | 17 -0.07249  2.73996e-02 | 18 -0.02885 -6.51220e-03
 19 -0.04473  2.38124e-02 | 20  0.04173  1.73510e-01 | 21  0.04863  1.84059e-01
 22 -0.04657 -1.54782e-01 | 23 -0.02956 -1.41275e-02 | 24 -0.12322 -1.31679e-01
 25 -0.02148 -2.87950e-01 | 26 -0.02847  1.04992e-01 | 27 -0.03370  1.15281e-01
 28  0.02892  2.82966e-01 | 29 -0.02457  1.35349e-01 | 30  0.04740  3.72250e-01
 31 -0.04038  1.71443e-02 | 32  0.02868  1.22671e-01 | 33  0.02727 -1.07086e-01
 34  0.06892  5.91683e-02 | 35  0.09262 -4.12005e-01 | 36  0.23538  1.59051e+01
 37  0.24328 -6.66629e-01 | 38  0.25801 -9.80787e-01 | 39  0.20434 -8.59019e-01
 40 -0.36214  1.14225e+00 | 41 -0.20125  2.85137e-02 | 42  0.07843  6.62460e-04
 43 -0.69764  2.82136e-03 | 44 -0.42820  6.71041e-02 | 45 -0.50416  1.44019e-03
 46 -0.84266 -3.70869e+00 | 47 -0.80158  2.91233e+00 | 48 -0.44661 -5.87913e-02
 49 -0.06726 -1.04830e-02 | 50 -0.00068 -6.54328e-01 | 51 -0.12650  1.14298e+00
 52 -0.27841 -6.53510e-01 | 53 -0.31535  5.58891e-02 |
53 variables; iteration 220; function evaluation 316; phase 4
Function value 7.5323437e+01; maximum gradient component mag -4.1063e+01
Var    Value     Gradient |Var    Value     Gradient |Var    Value     Gradient
  1  0.16819  7.83522e-02 |  2 -0.07679  2.19463e-03 |  3  0.02251  9.54174e-03
  4 -0.02424  1.28069e-02 |  5  0.03701  1.33390e-02 |  6  0.00210  5.08782e-03
  7 -0.05470  1.57237e-03 |  8 -0.02409  3.72398e-03 |  9 -0.00566 -6.42116e-04
 10  0.06808  8.07504e-03 | 11  0.02694  6.37754e-03 | 12  0.04909  6.56638e-03
 13  0.00115 -3.17984e-03 | 14  0.00334  3.51140e-03 | 15  0.05437  1.39715e-03
 16 -0.00209  3.74299e-03 | 17 -0.07384  2.74803e-03 | 18 -0.02945  8.03332e-03
 19 -0.04550  1.61380e-02 | 20  0.04215 -9.81778e-03 | 21  0.04874 -4.09203e-03
 22 -0.04608 -9.67879e-03 | 23 -0.02942 -1.48500e-02 | 24 -0.12416 -2.48147e-02
 25 -0.02181 -5.85286e-02 | 26 -0.02806 -7.78772e-03 | 27 -0.03494 -4.72320e-03
 28  0.02746  5.24528e-04 | 29 -0.02604  1.51652e-02 | 30  0.04716  2.13451e-02
 31 -0.04068  1.11714e-02 | 32  0.02877  3.29032e-02 | 33  0.02684  2.16786e-02
 34  0.06919 -5.00932e-03 | 35  0.09079  1.88338e-02 | 36  0.23334 -2.72029e-01
 37  0.24111  2.08518e-01 | 38  0.25557  7.40762e-02 | 39  0.20299  1.69995e-02
 40 -0.36560 -1.53044e-02 | 41 -0.23739 -1.62138e-03 | 42 -0.07288 -2.07908e-04
 43 -0.70368 -9.32426e-04 | 44 -0.43791  1.65615e-02 | 45 -0.50812 -4.24816e-02
 46 -0.52604 -4.10628e+01 | 47 -0.40199  3.25264e+01 | 48 -0.48684  2.04263e-03
 49 -0.25810 -1.54422e-05 | 50 -0.00021  7.05840e+00 | 51 -0.11997 -9.53595e+00
 52 -0.26720  4.67084e+00 | 53 -0.30968  1.71515e+00 |
53 variables; iteration 240; function evaluation 336; phase 4
Function value 7.5318658e+01; maximum gradient component mag -4.1063e+01
Var    Value     Gradient |Var    Value     Gradient |Var    Value     Gradient
  1  0.16816 -1.18149e+01 |  2 -0.07666  3.81012e-02 |  3  0.02250 -2.09590e-02
  4 -0.02427  3.74370e-03 |  5  0.03690 -1.01740e-01 |  6  0.00200  1.78873e-01
  7 -0.05481  1.39594e-01 |  8 -0.02418  1.38887e-01 |  9 -0.00571  2.07190e-01
 10  0.06805  1.55433e-01 | 11  0.02693  1.42407e-01 | 12  0.04912  9.53560e-02
 13  0.00117  5.02372e-02 | 14  0.00337  1.35777e-01 | 15  0.05440 -6.29873e-02
 16 -0.00206 -1.10828e-01 | 17 -0.07383 -6.86978e-02 | 18 -0.02945 -1.41284e-01
 19 -0.04553 -2.55314e-01 | 20  0.04217 -1.07522e-01 | 21  0.04878 -5.10462e-02
 22 -0.04609 -2.25534e-02 | 23 -0.02941 -1.55311e-01 | 24 -0.12416 -1.78163e-02
 25 -0.02182 -8.47258e-02 | 26 -0.02802  6.73109e-02 | 27 -0.03491 -1.43862e-01
 28  0.02743 -4.30456e-01 | 29 -0.02602 -9.26664e-02 | 30  0.04721 -5.84925e-02
 31 -0.04066 -4.46081e-02 | 32  0.02878  1.20456e-02 | 33  0.02682 -7.57442e-02
 34  0.06926  2.03796e-01 | 35  0.09083  1.80536e-01 | 36  0.23332 -8.92358e+00
 37  0.24110 -1.52804e+00 | 38  0.25558 -9.29024e-01 | 39  0.20299 -7.42332e-01
 40 -0.37477 -5.70138e-01 | 41  0.04966 -1.78675e-02 | 42 -0.15417 -7.78278e-04
 43 -0.88721 -1.74947e-02 | 44 -0.43781 -4.39284e-02 | 45 -0.50808  3.86552e-02
 46 -0.52575 -4.10631e+01 | 47 -0.40180  3.25409e+01 | 48 -0.55630  1.47868e-03
 49 -0.07327  1.40070e-03 | 50 -0.00310  4.68539e+00 | 51 -0.11987 -6.11985e+00
 52 -0.26420  2.99326e+00 | 53 -0.30636  1.25090e+00 |
53 variables; iteration 260; function evaluation 362; phase 4
Function value 7.5258873e+01; maximum gradient component mag -3.9632e+01
Var    Value     Gradient |Var    Value     Gradient |Var    Value     Gradient
  1  0.16800  8.25902e-01 |  2 -0.07715  1.24392e-03 |  3  0.02219 -1.04795e-02
  4 -0.02452 -1.30963e-03 |  5  0.03664  1.11010e-02 |  6  0.00160 -1.17328e-02
  7 -0.05511 -1.12550e-02 |  8 -0.02440 -1.14320e-02 |  9 -0.00599 -1.72200e-02
 10  0.06794 -5.70834e-03 | 11  0.02693 -1.20424e-02 | 12  0.04918 -3.08581e-03
 13  0.00115 -7.31709e-03 | 14  0.00330 -6.49794e-03 | 15  0.05449  1.61998e-02
 16 -0.00194  1.43132e-02 | 17 -0.07376 -8.89581e-04 | 18 -0.02945  7.92970e-03
 19 -0.04548  2.64535e-02 | 20  0.04206  1.16638e-02 | 21  0.04867  1.40754e-02
 22 -0.04635  1.15942e-02 | 23 -0.02957  2.50356e-02 | 24 -0.12440  8.31849e-03
 25 -0.02190  6.03103e-02 | 26 -0.02809 -1.21724e-02 | 27 -0.03475  9.39377e-03
 28  0.02728  3.75173e-02 | 29 -0.02589 -4.65251e-03 | 30  0.04737 -2.04052e-02
 31 -0.04062 -3.30598e-03 | 32  0.02925 -2.65295e-02 | 33  0.02721 -6.30897e-03
 34  0.06935 -3.06226e-02 | 35  0.09157 -1.27016e-02 | 36  0.23345  1.07809e+00
 37  0.24137 -3.56687e-01 | 38  0.25576  1.61459e-01 | 39  0.20303  1.07349e-01
 40 -0.37284  1.13681e-01 | 41  0.01368  3.69070e-03 | 42 -0.07600 -2.30901e-04
 43 -0.70403 -1.18208e-03 | 44 -0.43690 -1.39105e-01 | 45 -0.50763  1.52193e-01
 46 -0.51913 -3.96323e+01 | 47 -0.39658  3.14320e+01 | 48 -1.44909  2.40288e-03
 49 -0.15630 -3.38940e-04 | 50 -0.06166  9.08337e+00 | 51 -0.10718  1.65658e+00
 52 -0.18415 -1.28430e+01 | 53 -0.22857  2.10876e+01 |
53 variables; iteration 280; function evaluation 386; phase 4
Function value 7.5203104e+01; maximum gradient component mag -3.9688e+01
Var    Value     Gradient |Var    Value     Gradient |Var    Value     Gradient
  1  0.16795  3.80193e+00 |  2 -0.07727 -5.10908e-03 |  3  0.02213 -5.35221e-02
  4 -0.02455  5.02258e-03 |  5  0.03663  6.97486e-02 |  6  0.00152 -5.01328e-02
  7 -0.05516 -3.91998e-02 |  8 -0.02443 -3.29822e-02 |  9 -0.00607 -7.78451e-02
 10  0.06793 -1.73324e-02 | 11  0.02696 -4.21013e-02 | 12  0.04922  7.65603e-03
 13  0.00114 -2.84302e-02 | 14  0.00325 -3.24078e-02 | 15  0.05455  8.44791e-02
 16 -0.00185  8.11527e-02 | 17 -0.07368  7.00611e-02 | 18 -0.02928  1.85964e-01
 19 -0.04537  2.88853e-01 | 20  0.04221  1.31330e-01 | 21  0.04877  1.34113e-01
 22 -0.04619  4.38425e-02 | 23 -0.02939  8.55263e-02 | 24 -0.12411 -6.70697e-02
 25 -0.02184 -2.91740e-01 | 26 -0.02808 -1.01021e-01 | 27 -0.03467  1.55142e-01
 28  0.02755  1.16839e-01 | 29 -0.02591  2.03571e-02 | 30  0.04721 -7.84013e-02
 31 -0.04061  5.20977e-02 | 32  0.02886 -3.12614e-02 | 33  0.02698  6.28297e-02
 34  0.06919 -1.75845e-01 | 35  0.09097 -8.85837e-03 | 36  0.23363  4.86750e+00
 37  0.24125 -6.70637e-01 | 38  0.25579  9.91231e-01 | 39  0.20311  6.75754e-01
 40 -0.37075  4.87611e-01 | 41 -0.04467  1.49325e-02 | 42  0.14161  7.12730e-04
 43 -0.78041 -8.73494e-03 | 44 -0.43618  1.05737e-01 | 45 -0.50719 -5.08189e-02
 46 -0.51767 -3.96875e+01 | 47 -0.39523  3.15859e+01 | 48 -1.55532 -1.13092e-02
 49 -1.84744 -1.88611e-03 | 50 -0.06733  1.05911e+00 | 51 -0.11806  1.72685e+00
 52 -0.19372 -3.27203e+00 | 53 -0.23407  4.19239e+00 |
53 variables; iteration 300; function evaluation 410; phase 4
Function value 7.5180174e+01; maximum gradient component mag -3.8860e+01
Var    Value     Gradient |Var    Value     Gradient |Var    Value     Gradient
  1  0.16756  6.08402e+00 |  2 -0.07750  5.60249e-03 |  3  0.02193 -7.58113e-02
  4 -0.02477 -3.18560e-02 |  5  0.03620 -9.51391e-02 |  6  0.00090 -1.22840e-01
  7 -0.05573 -1.28333e-01 |  8 -0.02484 -1.39110e-01 |  9 -0.00648 -9.20013e-02
 10  0.06777 -1.19906e-01 | 11  0.02699 -1.05072e-01 | 12  0.04933  6.19221e-04
 13  0.00071  1.27481e-01 | 14  0.00225 -3.23000e-02 | 15  0.05489  2.53743e-01
 16 -0.00121  2.02564e-01 | 17 -0.07402 -1.43223e-02 | 18 -0.02906 -2.04639e-01
 19 -0.04503  9.52583e-02 | 20  0.04266  1.63091e-01 | 21  0.04883  1.58099e-01
 22 -0.04702  6.61245e-02 | 23 -0.03000 -3.55356e-02 | 24 -0.12374 -7.61814e-02
 25 -0.02161 -4.49489e-01 | 26 -0.02837 -1.13583e-01 | 27 -0.03409  7.69482e-02
 28  0.02835  1.49511e-01 | 29 -0.02547  1.37432e-01 | 30  0.04709  7.67613e-02
 31 -0.04043  5.04355e-02 | 32  0.02917  3.30115e-02 | 33  0.02729  9.82329e-03
 34  0.06936  8.40141e-02 | 35  0.09119 -1.56852e-01 | 36  0.23698  2.01110e+01
 37  0.24148 -4.93831e+00 | 38  0.25605 -6.93986e-01 | 39  0.20326 -4.19148e-01
 40 -0.38938  2.42575e-02 | 41  0.71522  6.84959e-03 | 42 -0.27820 -1.14430e-03
 43 -0.68294  6.17606e-03 | 44 -0.43491 -9.26054e-02 | 45 -0.50663  1.85158e-01
 46 -0.51407 -3.88597e+01 | 47 -0.39316  3.08381e+01 | 48 -1.60961 -1.99722e-01
 49 -2.69925 -1.24848e-02 | 50 -0.08162  1.27828e+00 | 51 -0.11551  7.77958e-01
 52 -0.17449 -1.86205e+00 | 53 -0.21649  3.03693e+00 |
53 variables; iteration 320; function evaluation 436; phase 4
Function value 7.3695741e+01; maximum gradient component mag -3.2381e+02
Var    Value     Gradient |Var    Value     Gradient |Var    Value     Gradient
  1  0.16326 -2.59293e+02 |  2 -0.08428  1.60577e-03 |  3  0.01628 -1.76835e+00
  4 -0.03007 -9.35610e-01 |  5  0.02770 -2.79794e+00 |  6 -0.01114  3.09702e+00
  7 -0.06622  3.04487e+00 |  8 -0.03250  2.80123e+00 |  9 -0.01441  4.29691e+00
 10  0.06401  2.65892e+00 | 11  0.02707  2.97106e+00 | 12  0.05209  2.14314e+00
 13  0.00249  2.80078e+00 | 14  0.00301  3.09098e+00 | 15  0.05807  1.10771e+00
 16  0.00276  2.26066e-01 | 17 -0.07041  6.81992e-01 | 18 -0.02717 -1.68857e+00
 19 -0.04393 -2.48675e+00 | 20  0.04227  1.12398e+00 | 21  0.04900  1.20294e+00
 22 -0.04569  1.83976e+00 | 23 -0.02818 -6.68891e-01 | 24 -0.12045  1.56372e+00
 25 -0.01948 -3.89699e+00 | 26 -0.02673  1.18097e+00 | 27 -0.03155  8.12029e-02
 28  0.03171 -5.66908e+00 | 29 -0.02310 -4.10798e+00 | 30  0.04843 -7.45170e+00
 31 -0.03904 -2.12748e+00 | 32  0.02816 -9.55884e+00 | 33  0.02730 -6.87911e+00
 34  0.07114  1.08884e+00 | 35  0.09202 -4.91985e-01 | 36  0.23617 -3.31785e+01
 37  0.24400 -1.72785e+02 | 38  0.25911 -2.31332e+01 | 39  0.20513 -1.47955e+01
 40 -0.34924 -1.79306e+00 | 41  2.76399  2.32978e-02 | 42 -21.44053  1.26955e-04
 43 -0.59049  1.46853e-01 | 44 -0.41544 -1.22288e+00 | 45 -0.49763  2.52445e+00
 46 -0.39400 -2.34334e+01 | 47 -0.31693  2.06506e+01 | 48 -1.37142 -2.88141e-02
 49 -7.47723  1.04056e-02 | 50 -0.28838  2.89542e+02 | 51 -0.15665 -3.23807e+02
 52 -0.03819  3.70732e+01 | 53 -0.05092  2.83970e+02 |
53 variables; iteration 340; function evaluation 457; phase 4
Function value 7.2988574e+01; maximum gradient component mag 5.6543e+00
Var    Value     Gradient |Var    Value     Gradient |Var    Value     Gradient
  1  0.16381  1.78343e+00 |  2 -0.08687  1.32908e-02 |  3  0.01515  1.67281e-02
  4 -0.03098  3.92464e-03 |  5  0.02755  1.62301e-02 |  6 -0.01127 -9.48784e-03
  7 -0.06554 -2.81102e-02 |  8 -0.03138 -2.27013e-02 |  9 -0.01319 -2.85427e-02
 10  0.06658 -1.43579e-02 | 11  0.03096 -2.49192e-02 | 12  0.05801  2.56936e-02
 13  0.00333  1.14218e-02 | 14  0.00379 -1.90074e-02 | 15  0.05704  8.84441e-03
 16  0.00162  2.40797e-02 | 17 -0.07140 -7.84637e-03 | 18 -0.02816 -1.09241e-02
 19 -0.04423 -2.10440e-02 | 20  0.04076 -3.34242e-03 | 21  0.04750  5.73008e-03
 22 -0.04695 -2.76541e-02 | 23 -0.02911 -1.08049e-03 | 24 -0.12220 -5.17507e-02
 25 -0.01983 -2.35190e-02 | 26 -0.02785  2.77950e-02 | 27 -0.03282  4.12555e-02
 28  0.03089  2.33439e-01 | 29 -0.02386  3.59830e-03 | 30  0.04752  1.68125e-02
 31 -0.04007 -2.59555e-02 | 32  0.02891 -5.10356e-02 | 33  0.02789 -5.36940e-02
 34  0.06958 -3.60529e-02 | 35  0.09320 -4.58423e-02 | 36  0.23606  5.65579e-01
 37  0.24453 -6.04996e-01 | 38  0.25930  3.54640e-02 | 39  0.20513 -1.32326e-02
 40 -0.34871  6.26846e-01 | 41  3.14623 -9.61051e-03 | 42 -27.94309  2.82446e-04
 43 -0.84072 -1.22761e-02 | 44 -0.41349 -8.85483e-02 | 45 -0.49655  1.73530e-02
 46 -0.32878 -3.89669e-02 | 47 -0.28440  9.65474e-02 | 48 -1.32541  5.51067e-03
 49 -9.94037  2.44342e-04 | 50 -0.35126 -5.07682e+00 | 51 -0.15981  5.65430e+00
 52  0.01145 -5.05615e-01 | 53  0.00072 -5.45345e+00 |
53 variables; iteration 360; function evaluation 480; phase 4
Function value 7.2985546e+01; maximum gradient component mag 1.0374e+02
Var    Value     Gradient |Var    Value     Gradient |Var    Value     Gradient
  1  0.16380 -1.09042e+00 |  2 -0.08695 -1.86600e-02 |  3  0.01513 -5.99621e-03
  4 -0.03098  6.47463e-04 |  5  0.02757  5.27935e-02 |  6 -0.01129  2.09265e-02
  7 -0.06555  3.96732e-02 |  8 -0.03140  3.95989e-02 |  9 -0.01324  9.15853e-03
 10  0.06656  2.52945e-02 | 11  0.03093 -1.12123e-02 | 12  0.05795 -1.72713e-01
 13  0.00328 -6.94908e-02 | 14  0.00375  2.36070e-02 | 15  0.05705  6.05840e-02
 16  0.00164  6.02001e-02 | 17 -0.07138  6.89945e-02 | 18 -0.02813  1.28726e-01
 19 -0.04419  1.65988e-01 | 20  0.04078  7.70288e-02 | 21  0.04752  8.34224e-02
 22 -0.04694  5.21379e-02 | 23 -0.02908  1.12620e-01 | 24 -0.12216  5.51936e-02
 25 -0.01978  1.35754e-01 | 26 -0.02785  1.47450e-03 | 27 -0.03279  6.37448e-02
 28  0.03090 -2.73145e-02 | 29 -0.02385 -6.64733e-02 | 30  0.04751 -1.68177e-01
 31 -0.04006  1.64150e-02 | 32  0.02891 -2.03897e-01 | 33  0.02791 -4.93406e-02
 34  0.06955 -1.56629e-01 | 35  0.09319 -4.14195e-02 | 36  0.23607  5.55707e-01
 37  0.24454 -3.29673e+00 | 38  0.25932  6.76377e-01 | 39  0.20515  5.29079e-01
 40 -0.35161  2.37275e-01 | 41  3.42746 -4.12341e-04 | 42 -28.05109  2.83090e-04
 43 -0.67310  1.09953e-02 | 44 -0.41342  7.45254e-02 | 45 -0.49652 -5.86484e-02
 46 -0.32915  1.18772e-02 | 47 -0.28466 -1.80402e-02 | 48 -1.32547  5.50724e-03
 49 -9.94455  2.22490e-04 | 50 -0.35737  7.61349e+01 | 51 -0.17517 -7.06320e+01
 52 -0.00730 -1.38121e+01 | 53 -0.00775  1.03745e+02 |
  ic > imax  in fminim is answer attained ?
Var    Value     Gradient |Var    Value     Gradient |Var    Value     Gradient
  1  0.16380 -1.10961e+00 |  2 -0.08692 -1.57092e-02 |  3  0.01513 -1.02270e-02
  4 -0.03098 -4.75591e-03 |  5  0.02755  2.44423e-02 |  6 -0.01130  1.29964e-02
  7 -0.06556  3.07313e-02 |  8 -0.03141  2.86822e-02 |  9 -0.01323  1.26076e-02
 10  0.06657  2.05361e-02 | 11  0.03095  1.00118e-02 | 12  0.05799 -6.48111e-02
 13  0.00330 -2.89041e-02 | 14  0.00376  1.96354e-02 | 15  0.05705  3.46801e-02
 16  0.00164  3.16904e-02 | 17 -0.07139  4.39881e-02 | 18 -0.02814  7.57366e-02
 19 -0.04421  9.91069e-02 | 20  0.04076  4.50420e-02 | 21  0.04751  4.32898e-02
 22 -0.04694  3.98896e-02 | 23 -0.02910  6.70687e-02 | 24 -0.12217  5.20110e-02
 25 -0.01979  1.02920e-01 | 26 -0.02785  2.72162e-03 | 27 -0.03281  3.50342e-02
 28  0.03090 -3.57203e-02 | 29 -0.02385 -5.70285e-02 | 30  0.04751 -1.37076e-01
 31 -0.04007  1.82526e-03 | 32  0.02891 -1.49172e-01 | 33  0.02790 -4.11390e-02
 34  0.06957 -9.11187e-02 | 35  0.09321 -2.94790e-02 | 36  0.23607  2.88153e-01
 37  0.24455 -2.35783e+00 | 38  0.25932  3.80494e-01 | 39  0.20514  3.12016e-01
 40 -0.35181 -1.85930e-01 | 41  3.43746 -6.64155e-03 | 42 -28.00107  3.08354e-04
 43 -0.68515  5.14118e-03 | 44 -0.41347  1.87760e-02 | 45 -0.49654 -6.79408e-03
 46 -0.32905 -6.26467e-03 | 47 -0.28462 -1.34494e-02 | 48 -1.32563  5.49615e-03
 49 -9.94576  2.15179e-04 | 50 -0.35770  8.17783e+01 | 51 -0.17572 -7.56544e+01
 52 -0.00787 -1.51387e+01 | 53 -0.00796  1.11756e+02 |
Function minimizer not making progress ... is minimum attained?
Minimprove criterion = 0.0000e+00

 - final statistics:
53 variables; iteration 363; function evaluation 512
Function value 7.2985e+01; maximum gradient component mag 1.1176e+02
Exit code = 1;  converg criter 1.0000e-04
Var    Value     Gradient |Var    Value     Gradient |Var    Value     Gradient
  1  0.16380 -1.10961e+00 |  2 -0.08692 -1.57092e-02 |  3  0.01513 -1.02270e-02
  4 -0.03098 -4.75591e-03 |  5  0.02755  2.44423e-02 |  6 -0.01130  1.29964e-02
  7 -0.06556  3.07313e-02 |  8 -0.03141  2.86822e-02 |  9 -0.01323  1.26076e-02
 10  0.06657  2.05361e-02 | 11  0.03095  1.00118e-02 | 12  0.05799 -6.48111e-02
 13  0.00330 -2.89041e-02 | 14  0.00376  1.96354e-02 | 15  0.05705  3.46801e-02
 16  0.00164  3.16904e-02 | 17 -0.07139  4.39881e-02 | 18 -0.02814  7.57366e-02
 19 -0.04421  9.91069e-02 | 20  0.04076  4.50420e-02 | 21  0.04751  4.32898e-02
 22 -0.04694  3.98896e-02 | 23 -0.02910  6.70687e-02 | 24 -0.12217  5.20110e-02
 25 -0.01979  1.02920e-01 | 26 -0.02785  2.72162e-03 | 27 -0.03281  3.50342e-02
 28  0.03090 -3.57203e-02 | 29 -0.02385 -5.70285e-02 | 30  0.04751 -1.37076e-01
 31 -0.04007  1.82526e-03 | 32  0.02891 -1.49172e-01 | 33  0.02790 -4.11390e-02
 34  0.06957 -9.11187e-02 | 35  0.09321 -2.94790e-02 | 36  0.23607  2.88153e-01
 37  0.24455 -2.35783e+00 | 38  0.25932  3.80494e-01 | 39  0.20514  3.12016e-01
 40 -0.35181 -1.85930e-01 | 41  3.43746 -6.64155e-03 | 42 -28.00107  3.08354e-04
 43 -0.68515  5.14118e-03 | 44 -0.41347  1.87760e-02 | 45 -0.49654 -6.79408e-03
 46 -0.32905 -6.26467e-03 | 47 -0.28462 -1.34494e-02 | 48 -1.32563  5.49615e-03
 49 -9.94576  2.15179e-04 | 50 -0.35770  8.17783e+01 | 51 -0.17572 -7.56544e+01
 52 -0.00787 -1.51387e+01 | 53 -0.00796  1.11756e+02 |
Estimating row 1 out of 53 for hessian
Estimating row 2 out of 53 for hessian
Estimating row 3 out of 53 for hessian
Estimating row 4 out of 53 for hessian
Estimating row 5 out of 53 for hessian
Estimating row 6 out of 53 for hessian
Estimating row 7 out of 53 for hessian
Estimating row 8 out of 53 for hessian
Estimating row 9 out of 53 for hessian
Estimating row 10 out of 53 for hessian
Estimating row 11 out of 53 for hessian
Estimating row 12 out of 53 for hessian
Estimating row 13 out of 53 for hessian
Estimating row 14 out of 53 for hessian
Estimating row 15 out of 53 for hessian
Estimating row 16 out of 53 for hessian
Estimating row 17 out of 53 for hessian
Estimating row 18 out of 53 for hessian
Estimating row 19 out of 53 for hessian
Estimating row 20 out of 53 for hessian
Estimating row 21 out of 53 for hessian
Estimating row 22 out of 53 for hessian
Estimating row 23 out of 53 for hessian
Estimating row 24 out of 53 for hessian
Estimating row 25 out of 53 for hessian
Estimating row 26 out of 53 for hessian
Estimating row 27 out of 53 for hessian
Estimating row 28 out of 53 for hessian
Estimating row 29 out of 53 for hessian
Estimating row 30 out of 53 for hessian
Estimating row 31 out of 53 for hessian
Estimating row 32 out of 53 for hessian
Estimating row 33 out of 53 for hessian
Estimating row 34 out of 53 for hessian
Estimating row 35 out of 53 for hessian
Estimating row 36 out of 53 for hessian
Estimating row 37 out of 53 for hessian
Estimating row 38 out of 53 for hessian
Estimating row 39 out of 53 for hessian
Estimating row 40 out of 53 for hessian
Estimating row 41 out of 53 for hessian
Estimating row 42 out of 53 for hessian
Estimating row 43 out of 53 for hessian
Estimating row 44 out of 53 for hessian
Estimating row 45 out of 53 for hessian
Estimating row 46 out of 53 for hessian
Estimating row 47 out of 53 for hessian
Estimating row 48 out of 53 for hessian
Estimating row 49 out of 53 for hessian
Estimating row 50 out of 53 for hessian
Estimating row 51 out of 53 for hessian
Estimating row 52 out of 53 for hessian
Estimating row 53 out of 53 for hessian
Warning -- Hessian does not appear to be positive definite
Hessian does not appear to be positive definite.
size of file gradfil1.tmp = 0
size of file gradfil2.tmp = 0
size of file varssave.tmp = 0
size of file cmpdiff.tmp = 0
