
Initial statistics: 13 variables; iteration 0; function evaluation 0; phase 1
Function value 5.2519433e+03; maximum gradient component mag 3.4610e+04
Var    Value     Gradient |Var    Value     Gradient |Var    Value     Gradient
  1 -0.07231 -1.99618e+03 |  2  0.39650  3.46095e+04 |  3  0.21635  1.46124e+04
  4  0.00000 -8.11099e+01 |  5  0.00000  3.13686e+01 |  6  0.00000 -1.20606e+02
  7  0.00000  3.69436e+01 |  8  0.00000  3.07493e+02 |  9  0.00000 -2.96131e+02
 10  0.00000  5.27843e+00 | 11  0.00000  9.64768e+01 | 12  0.00000 -1.05392e+02
 13  0.00000  7.37134e+00 |

Intermediate statistics: 13 variables; iteration 20; function evaluation 44; phase 1
Function value 3.2141352e+02; maximum gradient component mag -4.3893e+02
Var    Value     Gradient |Var    Value     Gradient |Var    Value     Gradient
  1  0.02582 -1.38969e+02 |  2  0.18817  3.13242e+02 |  3  0.19379 -4.38931e+02
  4  4.34227 -6.43877e-01 |  5 -0.21819  1.35015e+01 |  6 -3.14407 -2.21910e-03
  7  0.22356  1.38822e+00 |  8 -0.47193  1.44054e+02 |  9  1.80299  5.50678e+00
 10 -1.37330  1.19090e+00 | 11 -0.28788 -5.39485e+00 | 12  0.20947 -8.50703e-01
 13 -1.06635  4.90413e-02 |

 - final statistics:
13 variables; iteration 30; function evaluation 56
Function value 3.0145e+02; maximum gradient component mag 8.1499e+00
Exit code = 1;  converg criter 1.0000e+01
Var    Value     Gradient |Var    Value     Gradient |Var    Value     Gradient
  1  0.33436  9.39231e-01 |  2  0.19247  7.31296e+00 |  3  0.19697  8.14987e+00
  4  4.36404 -3.74545e-01 |  5 -0.15238 -2.05570e-01 |  6 -3.27333 -2.15981e-02
  7  1.03402 -5.83648e-02 |  8 -0.50772  3.01042e-01 |  9  1.70261  3.12282e-01
 10 -0.36256 -1.53888e-01 | 11 -0.29468 -2.36831e+00 | 12  0.31736  1.56514e-01
 13 -1.52131 -5.75967e-02 |

Initial statistics: 56 variables; iteration 0; function evaluation 0; phase 2
Function value 3.0145317e+02; maximum gradient component mag 2.2810e+03
Var    Value     Gradient |Var    Value     Gradient |Var    Value     Gradient
  1  0.33436  9.39231e-01 |  2  0.19247  7.31296e+00 |  3  0.00000  3.81521e+01
  4  0.00000 -4.21889e+01 |  5  0.00000  5.45390e+01 |  6  0.00000 -5.83994e+01
  7  0.00000 -2.20089e+01 |  8  0.00000  5.59265e+01 |  9  0.00000  9.69930e+00
 10  0.00000  1.35589e+01 | 11  0.00000 -6.91413e+01 | 12  0.00000  2.04327e+01
 13  0.00000 -4.15060e+01 | 14  0.00000  1.12063e+01 | 15  0.00000  2.01659e+00
 16  0.00000 -8.74100e+01 | 17  0.00000  2.43614e+01 | 18  0.00000  1.19346e+02
 19  0.00000  3.11863e+01 | 20  0.00000  5.83203e+01 | 21  0.00000 -1.32544e+02
 22  0.00000 -1.57026e+02 | 23  0.00000  5.35897e+01 | 24  0.00000  3.41219e+01
 25  0.00000  2.36240e+02 | 26  0.00000 -1.08864e+01 | 27  0.00000  6.92834e+00
 28  0.00000  3.78614e+01 | 29  0.00000 -2.25339e+02 | 30  0.00000  1.29232e+02
 31  0.00000 -2.89072e+02 | 32  0.00000  2.41723e+02 | 33  0.00000 -3.09057e+02
 34  0.00000  1.92744e+01 | 35  0.00000 -2.64442e+02 | 36  0.00000  3.65623e+01
 37  0.00000  2.34769e+02 | 38  0.00000  7.00550e+01 | 39  0.00000  1.62023e+02
 40  0.21635 -1.93833e+02 | 41  0.21635  2.28098e+03 | 42  0.21635 -6.98076e+02
 43  0.19697  8.14987e+00 | 44  0.36404 -3.74545e-01 | 45 -0.15238 -2.05570e-01
 46  0.72667 -2.15981e-02 | 47  0.96598  5.83648e-02 | 48 -0.50772  3.01042e-01
 49  0.29739 -3.12282e-01 | 50 -0.36256 -1.53888e-01 | 51 -0.29468 -2.36831e+00
 52  0.31736  1.56514e-01 | 53 -0.47869  5.75967e-02 | 54 -0.32288  3.01036e+01
 55  0.21635  9.29000e-01 | 56 -0.17585 -7.04482e+02 |

Intermediate statistics: 56 variables; iteration 20; function evaluation 31; phase 2
Function value 1.6644490e+02; maximum gradient component mag 1.2341e+03
Var    Value     Gradient |Var    Value     Gradient |Var    Value     Gradient
  1  0.61425  3.90376e+01 |  2  0.15886  6.49059e+02 |  3 -0.06163  2.91372e+00
  4  0.01752 -1.10954e+01 |  5 -0.01835  8.82950e+00 |  6  0.02893 -2.17570e+01
  7  0.00419 -2.60708e+01 |  8 -0.03460 -8.89928e-01 |  9 -0.01108 -1.24604e+01
 10 -0.00010 -1.44463e+01 | 11  0.04943 -4.45277e+01 | 12  0.02108 -2.22795e+01
 13  0.04298 -4.29597e+01 | 14  0.00830 -2.26504e+01 | 15  0.00934 -1.69511e+01
 16  0.04966 -5.46880e+01 | 17  0.00634 -2.56084e+01 | 18 -0.04680  1.31307e+01
 19 -0.00895 -3.02943e+00 | 20 -0.02665  9.86703e+00 | 21  0.05330 -4.45477e+01
 22  0.05508 -5.26817e+01 | 23 -0.02203  8.96015e+00 | 24 -0.00734 -3.13931e+00
 25 -0.07474  6.07316e+01 | 26 -0.01530 -1.79610e+01 | 27 -0.00935 -5.20536e+00
 28 -0.00829  2.00713e+01 | 29  0.01884 -1.25570e+01 | 30 -0.01680  5.50676e+01
 31  0.02652 -1.02201e+02 | 32 -0.01282  1.12704e+02 | 33  0.00673 -1.35250e+02
 34 -0.00051 -1.60292e+00 | 35  0.03071 -7.33588e+01 | 36 -0.00523 -1.80527e+01
 37 -0.03575  7.20946e+01 | 38 -0.01669 -1.82492e+01 | 39 -0.03818  9.36745e+01
 40  0.23412 -1.73885e+02 | 41  0.23288  1.05223e+03 | 42  0.25493 -1.47698e+02
 43  0.26564  1.23408e+03 | 44  0.36739  1.58830e-02 | 45 -0.12777 -7.17525e+00
 46  0.72690 -9.27043e-03 | 47  0.96539  5.71620e-02 | 48 -0.55243  9.24808e-01
 49  0.30088 -4.75018e-02 | 50 -0.35487 -2.27996e+00 | 51 -0.33887 -1.40092e+01
 52  0.31504  5.07578e-01 | 53 -0.47742 -2.39389e-01 | 54 -0.40852  4.42597e+00
 55  0.21002  4.47700e-01 | 56 -0.00373 -4.78355e+02 |
56 variables; iteration 40; function evaluation 54; phase 2
Function value 1.4150038e+02; maximum gradient component mag -3.6032e+02
Var    Value     Gradient |Var    Value     Gradient |Var    Value     Gradient
  1  0.36886  2.10796e+01 |  2  0.15860 -3.60315e+02 |  3 -0.09334 -3.31677e+00
  4  0.01516 -5.00607e+00 |  5 -0.03369 -1.17144e+01 |  6  0.03197 -7.02957e+00
  7  0.00484  3.57058e+00 |  8 -0.04609 -3.90799e+00 |  9 -0.00032  6.56294e+00
 10  0.03465  2.16432e+01 | 11  0.09678  1.98303e+01 | 12  0.03823  1.35905e+00
 13  0.03653 -3.38431e+01 | 14 -0.00038 -1.56176e+01 | 15  0.00910  7.55253e+00
 16  0.05713 -1.03115e+01 | 17 -0.00526 -3.26586e+01 | 18 -0.06084 -1.57129e+00
 19 -0.00618  9.07093e+00 | 20 -0.03509  1.47992e+00 | 21  0.06693  6.97739e+00
 22  0.06502  2.82458e+00 | 23 -0.03661  1.04607e+00 | 24 -0.00933  6.01577e+00
 25 -0.10251  5.34741e+00 | 26 -0.01824 -9.05638e+00 | 27 -0.01501 -1.66583e+00
 28 -0.01287 -6.07827e+00 | 29  0.01492 -8.30548e+01 | 30 -0.01724  4.92380e+01
 31  0.03379 -4.63646e+01 | 32 -0.02388  5.02573e+01 | 33  0.02193 -4.14510e+01
 34  0.00396  1.04801e+01 | 35  0.03264 -4.69240e+01 | 36 -0.00912 -4.75842e+01
 37 -0.04486 -5.86861e+00 | 38 -0.01781 -5.18619e+00 | 39 -0.05805  6.52262e+01
 40  0.23354 -1.80335e+02 | 41  0.22816  2.63039e+02 | 42  0.25467 -2.50729e+02
 43  0.25794  3.39565e+02 | 44  0.48126 -1.18326e-02 | 45 -0.05572 -1.45465e+00
 46  0.73747 -9.97175e-03 | 47  0.93020  2.85725e-02 | 48 -0.54560  2.97742e+01
 49  0.41302 -5.38594e-02 | 50  0.29088  4.89101e-02 | 51 -0.32385  9.67014e+01
 52  0.04344 -5.23864e+00 | 53 -0.33626  3.64923e-01 | 54 -0.39842  4.34435e+00
 55 -0.03038  5.20008e-01 | 56  0.00153 -1.44388e+02 |
56 variables; iteration 60; function evaluation 82; phase 2
Function value 1.3321143e+02; maximum gradient component mag 9.2542e+01
Var    Value     Gradient |Var    Value     Gradient |Var    Value     Gradient
  1  0.25381 -3.67403e+00 |  2  0.15193  9.25425e+01 |  3 -0.09159  1.15033e+00
  4  0.01439  3.22800e-01 |  5 -0.02887  3.11275e+00 |  6  0.02377  3.29896e-01
  7 -0.01768 -7.23176e-01 |  8 -0.06948 -4.28333e-01 |  9 -0.03649 -6.28772e-01
 10 -0.02315 -3.42666e+00 | 11  0.05863  8.81208e-01 | 12  0.02545 -2.59332e+00
 13  0.05490  4.15787e-01 | 14  0.00928  2.92297e-01 | 15  0.00434 -4.01690e+00
 16  0.06491 -1.09287e-01 | 17  0.01262  1.19794e+00 | 18 -0.05487 -1.22979e+00
 19 -0.00389 -3.37839e+00 | 20 -0.03086  1.10815e+00 | 21  0.07037 -7.44006e-01
 22  0.06762  4.54828e-01 | 23 -0.03509  1.34731e+00 | 24 -0.00516  1.64413e+00
 25 -0.09983 -9.82775e-01 | 26 -0.01387  5.24113e-01 | 27 -0.01369 -2.66845e-01
 28 -0.00735 -9.15901e-01 | 29  0.03366 -2.86051e+00 | 30 -0.01289 -3.78735e+00
 31  0.04758 -5.98195e-01 | 32 -0.02732 -1.24908e+00 | 33  0.03915 -1.22073e+00
 34  0.01210 -2.17063e+00 | 35  0.04591 -8.29743e-02 | 36  0.00709  2.84991e+00
 37 -0.03145  6.93018e+00 | 38 -0.00353  1.97889e+01 | 39 -0.06701  9.86230e-02
 40  0.23501  8.92669e-01 | 41  0.22854 -1.51563e+01 | 42  0.25996  1.43072e+01
 43  0.25476 -4.39575e+01 | 44  0.78680  8.63908e-03 | 45 -0.02951 -4.83059e-02
 46  0.80330 -5.24190e-04 | 47  0.77370  9.39694e-03 | 48 -0.55954 -2.84747e+00
 49  0.60491 -9.14535e-03 | 50 -0.26842  3.94761e-01 | 51 -0.37675  1.79464e+01
 52 -0.10335 -3.56878e+00 | 53 -0.45456  2.28319e-01 | 54 -0.37086  4.72538e-02
 55 -0.76885 -4.72471e-03 | 56  0.00135  9.01055e+00 |

 - final statistics:
56 variables; iteration 65; function evaluation 87
Function value 1.3303e+02; maximum gradient component mag 7.2119e+00
Exit code = 1;  converg criter 1.0000e+01
Var    Value     Gradient |Var    Value     Gradient |Var    Value     Gradient
  1  0.26509 -5.85554e-02 |  2  0.15127  7.21195e+00 |  3 -0.09585  3.46847e-02
  4  0.01244 -2.95205e-01 |  5 -0.03176  1.14535e-01 |  6  0.02209 -6.59729e-02
  7 -0.02053 -3.44348e-01 |  8 -0.07183  7.05211e-02 |  9 -0.03734 -1.05140e-02
 10 -0.02258 -2.24003e-02 | 11  0.05774 -1.64370e-02 | 12  0.02661 -5.71701e-02
 13  0.05500 -1.64331e-01 | 14  0.00914 -1.10089e-01 | 15  0.00602 -3.63425e-01
 16  0.06507 -2.21524e-01 | 17  0.01252 -2.19624e-01 | 18 -0.05445 -2.22902e-01
 19 -0.00305 -3.34956e-01 | 20 -0.03141 -7.99934e-02 | 21  0.06983 -3.12131e-01
 22  0.06704 -3.27259e-01 | 23 -0.03634 -1.32597e-01 | 24 -0.00580 -1.81896e-01
 25 -0.09936  8.66755e-02 | 26 -0.01375 -3.19582e-01 | 27 -0.01404 -1.78866e-01
 28 -0.00720  9.62759e-02 | 29  0.03418  6.21116e-01 | 30 -0.01240 -2.39680e-01
 31  0.04728 -2.82879e-02 | 32 -0.02706 -2.23593e-01 | 33  0.03842 -2.25678e-01
 34  0.01209 -2.16899e-01 | 35  0.04612  1.05625e-01 | 36  0.00761  3.52826e-01
 37 -0.03056  7.51110e-01 | 38 -0.00205  1.80670e+00 | 39 -0.06508 -6.47154e-02
 40  0.23557 -4.68203e-01 | 41  0.22923  4.33923e+00 | 42  0.26055  9.09994e-01
 43  0.25652  6.95815e+00 | 44  0.77955  8.83289e-03 | 45  0.01275 -5.16766e-02
 46  0.81296  1.32935e-03 | 47  0.69500  7.50816e-03 | 48 -0.56035 -5.22982e-01
 49  0.70824 -1.35876e-03 | 50 -0.27238  3.61726e-03 | 51 -0.39386  1.49050e+00
 52 -0.13209 -2.10517e-01 | 53 -0.50332  1.90935e-03 | 54 -0.36712  2.36482e-02
 55 -0.87625 -1.44523e-02 | 56  0.00444 -1.38083e+00 |

Initial statistics: 59 variables; iteration 0; function evaluation 0; phase 3
Function value 1.3302757e+02; maximum gradient component mag -9.3454e+02
Var    Value     Gradient |Var    Value     Gradient |Var    Value     Gradient
  1  0.26509 -5.85554e-02 |  2  0.15127  7.21195e+00 |  3 -0.09585  3.46847e-02
  4  0.01244 -2.95205e-01 |  5 -0.03176  1.14535e-01 |  6  0.02209 -6.59729e-02
  7 -0.02053 -3.22156e-01 |  8 -0.07183  9.25833e-02 |  9 -0.03734  1.16511e-02
 10 -0.02258 -2.10915e-04 | 11  0.05774  5.67507e-03 | 12  0.02661 -3.49862e-02
 13  0.05500 -1.42211e-01 | 14  0.00914 -8.78884e-02 | 15  0.00602 -3.41223e-01
 16  0.06507 -1.99436e-01 | 17  0.01252 -1.97425e-01 | 18 -0.05445 -2.00780e-01
 19 -0.00305 -3.12753e-01 | 20 -0.03141 -5.78171e-02 | 21  0.06983 -2.90061e-01
 22  0.06704 -3.05178e-01 | 23 -0.03634 -1.10430e-01 | 24 -0.00580 -1.59694e-01
 25 -0.09936  1.08609e-01 | 26 -0.01375 -2.97384e-01 | 27 -0.01404 -1.56668e-01
 28 -0.00720  1.18478e-01 | 29  0.03418  6.43287e-01 | 30 -0.01240 -2.17481e-01
 31  0.04728 -6.14578e-03 | 32 -0.02706 -2.01410e-01 | 33  0.03842 -2.03515e-01
 34  0.01209 -1.94700e-01 | 35  0.04612  1.27770e-01 | 36  0.00761  3.75028e-01
 37 -0.03056  7.73287e-01 | 38 -0.00205  1.82891e+00 | 39 -0.06508 -4.26280e-02
 40  0.23557 -4.68203e-01 | 41  0.22923  4.33923e+00 | 42  0.26055  9.09994e-01
 43  0.25652  6.95815e+00 | 44  0.77955  8.83289e-03 | 45  0.01275 -5.16766e-02
 46  0.81296  1.32935e-03 | 47  0.69500  7.50816e-03 | 48 -0.56035 -5.22982e-01
 49  0.70824 -1.35876e-03 | 50 -0.27238  3.61726e-03 | 51 -0.39386  1.49050e+00
 52 -0.13209 -2.10517e-01 | 53 -0.50332  1.90935e-03 | 54 -0.36712  2.36482e-02
 55 -0.87625 -1.44523e-02 | 56 -0.17585 -9.34545e+02 | 57 -0.12819 -3.71493e+02
 58  0.00444 -1.38083e+00 | 59  0.05795 -6.85320e+01 |

Intermediate statistics: 59 variables; iteration 20; function evaluation 31; phase 3
Function value 1.0332925e+02; maximum gradient component mag 4.6095e+02
Var    Value     Gradient |Var    Value     Gradient |Var    Value     Gradient
  1  0.26354  1.29146e+00 |  2  0.14669 -2.14043e+02 |  3 -0.09618 -1.01292e-01
  4  0.01349 -1.46421e+00 |  5 -0.03025 -1.16704e+00 |  6  0.02259 -7.72272e-01
  7 -0.02444  4.29122e+00 |  8 -0.07614  5.37471e+00 |  9 -0.04011  5.18112e+00
 10 -0.02744  5.73878e+00 | 11  0.05742  4.98587e+00 | 12  0.02847  5.45645e+00
 13  0.05974  9.81331e+00 | 14  0.01038  1.13325e+01 | 15  0.00447  6.93202e+00
 16  0.06842  1.40774e+01 | 17  0.01621  1.22058e+01 | 18 -0.05634  8.50156e+00
 19 -0.01234  7.50176e+00 | 20 -0.02931  1.63847e+01 | 21  0.05356  1.05039e+01
 22  0.05539  1.29985e+01 | 23 -0.04464  8.19658e+00 | 24 -0.02065  8.92836e+00
 25 -0.11056  3.84416e+00 | 26 -0.00772  7.17744e+00 | 27 -0.01799  3.18587e+00
 28 -0.01599  7.83327e+00 | 29  0.04019 -8.33078e+00 | 30 -0.00923  1.05878e+01
 31  0.05111 -1.74108e+01 | 32 -0.02934  1.38009e+01 | 33  0.04579 -1.08252e+01
 34  0.01768  7.39025e+00 | 35  0.04871 -9.92747e+00 | 36  0.01277 -2.47492e+01
 37 -0.02477 -4.16812e+01 | 38  0.00756 -3.81547e+01 | 39 -0.02928  8.91586e+00
 40  0.24148  4.60949e+02 | 41  0.24549 -2.70957e+02 | 42  0.26517 -4.50196e+01
 43  0.27456  3.37187e+02 | 44  0.77949  1.18432e-02 | 45  0.01546 -6.71324e-01
 46  0.81294  4.01178e-03 | 47  0.69497  6.41404e-03 | 48 -0.57229 -1.04648e+01
 49  0.70824  1.44414e-04 | 50 -0.26772 -1.35327e+00 | 51 -0.41127  1.58500e+01
 52 -0.14400 -4.22158e+00 | 53 -0.50312 -4.66710e-02 | 54 -0.36621 -2.36817e+00
 55 -0.87614 -1.07275e-01 | 56 -0.13249 -4.47871e+01 | 57 -0.11598 -1.79462e+02
 58  0.08409 -1.35767e+02 | 59  0.10633  1.12194e+02 |
59 variables; iteration 40; function evaluation 65; phase 3
Function value 1.0178935e+02; maximum gradient component mag -4.4861e+02
Var    Value     Gradient |Var    Value     Gradient |Var    Value     Gradient
  1  0.31066  4.93475e+00 |  2  0.14832 -4.48606e+02 |  3 -0.09852 -1.61732e+00
  4  0.01422 -1.14574e+00 |  5 -0.03045 -1.98662e+00 |  6  0.02216 -6.78945e+00
  7 -0.01838  9.07883e+00 |  8 -0.06836  8.14949e+00 |  9 -0.02738  1.46540e+01
 10 -0.01153  1.51769e+01 | 11  0.06042  3.24819e+00 | 12  0.02776 -7.05480e-01
 13  0.06098 -2.67272e+00 | 14  0.01053  6.70647e+00 | 15  0.00590  8.64878e+00
 16  0.06490  2.94676e+00 | 17  0.01202 -3.07354e-01 | 18 -0.05639  1.24035e+01
 19 -0.01411  1.15009e+01 | 20 -0.03111  1.52473e+01 | 21  0.05134  6.58065e+00
 22  0.05044 -2.71864e+00 | 23 -0.04293  1.38175e+01 | 24 -0.02435  1.53675e+00
 25 -0.11350  3.08292e+00 | 26 -0.00578  2.79038e+01 | 27 -0.01714  1.15138e+01
 28 -0.01865  9.56487e+00 | 29  0.03718 -1.01510e+01 | 30 -0.01201  1.66340e+00
 31  0.04888 -2.59419e+01 | 32 -0.03320  7.30392e-01 | 33  0.04484 -1.06912e+01
 34  0.01522 -2.03568e+00 | 35  0.04700 -1.03702e+01 | 36  0.00961 -3.13461e+01
 37 -0.02784 -3.34292e+01 | 38  0.00393 -2.07266e+01 | 39 -0.02702  2.58955e+01
 40  0.24106  6.00330e+01 | 41  0.24615 -1.64495e+02 | 42  0.26488 -3.04159e+01
 43  0.27652  2.82368e+02 | 44  0.77677  1.15713e-02 | 45  0.17755 -1.32945e-01
 46  0.81199  4.33907e-03 | 47  0.69351  6.04821e-03 | 48 -0.56800 -1.67634e-01
 49  0.70710  3.40300e-03 | 50 -0.04015  3.54427e-01 | 51 -0.42342  1.23731e+01
 52 -0.17164 -1.60284e+01 | 53 -0.48679 -9.61265e-02 | 54 -0.32094 -6.86730e+00
 55 -0.87112 -1.39850e-01 | 56 -0.13006 -5.73149e+01 | 57 -0.11380 -1.51599e+02
 58  0.10126 -1.24132e+02 | 59  0.11491  1.11594e+02 |
59 variables; iteration 60; function evaluation 94; phase 3
Function value 9.6663667e+01; maximum gradient component mag 4.5906e+01
Var    Value     Gradient |Var    Value     Gradient |Var    Value     Gradient
  1  0.41418 -4.37558e-01 |  2  0.15019  4.59060e+01 |  3 -0.08649  1.11970e-01
  4  0.01710 -1.22000e+00 |  5 -0.02681  7.52222e-01 |  6  0.02795 -1.66252e+00
  7 -0.01239  6.13993e-01 |  8 -0.06646 -8.06474e-01 |  9 -0.03146  4.66366e-01
 10 -0.01639 -4.34478e-01 | 11  0.06497 -8.22823e-01 | 12  0.03287 -6.87569e-01
 13  0.06183 -6.28507e-01 | 14  0.01182  1.32996e+00 | 15  0.00866  7.79054e-01
 16  0.06638 -1.63209e+00 | 17  0.01372 -1.82779e+00 | 18 -0.05874 -3.44520e-01
 19 -0.01477  3.15829e-02 | 20 -0.03354  1.62187e+00 | 21  0.05426  6.38020e-02
 22  0.05567 -3.78816e+00 | 23 -0.04401 -1.16381e+00 | 24 -0.01983 -3.88193e-01
 25 -0.11160 -7.24759e-01 | 26 -0.01252  2.16097e-01 | 27 -0.02004 -6.07106e-01
 28 -0.02054  1.82967e+00 | 29  0.03627  2.39444e+00 | 30 -0.01381  1.02300e-04
 31  0.05051 -1.15273e+00 | 32 -0.03565 -8.85548e-01 | 33  0.04572  1.26072e+00
 34  0.01580  2.48183e-01 | 35  0.04645  1.08499e+00 | 36  0.01071  2.61272e+00
 37 -0.02774  3.27792e+00 | 38 -0.00028  1.32318e+00 | 39 -0.03604 -3.03982e-01
 40  0.23985 -2.04865e+01 | 41  0.24879  5.51433e+00 | 42  0.26448 -7.51341e-01
 43  0.28813  2.71842e+00 | 44  0.66072  1.18084e-02 | 45  0.51051 -3.59489e-03
 46  0.77712  1.92527e-03 | 47  0.63767  4.08293e-03 | 48 -0.56841  9.77527e-01
 49  0.61531  1.29515e-02 | 50  0.08223 -2.58613e-02 | 51 -0.43060  7.12953e-02
 52 -0.18295  7.62845e-01 | 53 -0.52497 -2.15865e-01 | 54 -0.32036  1.27381e+00
 55 -0.76083  3.10232e-02 | 56 -0.10364 -7.07764e+00 | 57 -0.08485 -9.58688e-01
 58  0.19156  7.32931e-01 | 59  0.14568 -3.23857e+00 |
Maximum number of function evaluations exceeded

 - final statistics:
59 variables; iteration 65; function evaluation 100
Function value 9.6628e+01; maximum gradient component mag -1.4737e+01
Exit code = 3;  converg criter 1.0000e+00
Var    Value     Gradient |Var    Value     Gradient |Var    Value     Gradient
  1  0.41387  1.19642e-01 |  2  0.14992 -1.28956e+01 |  3 -0.08670  2.83983e-02
  4  0.01784  1.10318e-01 |  5 -0.02705  2.09719e-02 |  6  0.02820 -5.50395e-02
  7 -0.01372  3.85852e-02 |  8 -0.06747  1.02395e-01 |  9 -0.03291  2.46829e-01
 10 -0.01749  3.82311e-01 | 11  0.06508  6.01017e-02 | 12  0.03336 -2.33440e-01
 13  0.06264 -9.67946e-01 | 14  0.01087 -2.73815e-01 | 15  0.00735  2.23126e-01
 16  0.06692  1.17478e-02 | 17  0.01442  5.02307e-03 | 18 -0.05855  9.83474e-02
 19 -0.01453 -2.90118e-01 | 20 -0.03391 -2.62195e-01 | 21  0.05419 -1.53318e-01
 22  0.05666  3.00734e-01 | 23 -0.04387  1.53892e-01 | 24 -0.01982 -1.40925e-01
 25 -0.11133  2.27765e-01 | 26 -0.01235  1.49039e-01 | 27 -0.01969  1.26791e-02
 28 -0.02058 -2.19430e-01 | 29  0.03657 -1.11185e-01 | 30 -0.01363 -1.37569e-01
 31  0.05069 -1.87457e-01 | 32 -0.03555 -6.07947e-02 | 33  0.04544 -2.99993e-01
 34  0.01573 -2.01510e-02 | 35  0.04652  6.74057e-02 | 36  0.01085 -2.25075e-02
 37 -0.02760  4.80074e-01 | 38  0.00048  5.88859e-01 | 39 -0.03499  3.05782e-01
 40  0.24015 -1.47374e+01 | 41  0.24920  8.40259e-01 | 42  0.26471  4.92741e-01
 43  0.28873  5.88148e-01 | 44  0.54781  1.60394e-02 | 45  0.51525 -3.51607e-03
 46  0.76378  1.15051e-03 | 47  0.60587  3.53260e-03 | 48 -0.56911 -1.05046e-01
 49  0.49369  1.82241e-02 | 50  0.15294 -1.51674e-02 | 51 -0.43108 -2.90294e-01
 52 -0.18292 -2.49508e-01 | 53 -0.41485  2.40315e-02 | 54 -0.32056  5.64334e-01
 55 -0.72948  1.11470e-02 | 56 -0.10231 -3.79394e-01 | 57 -0.08382 -1.67236e-01
 58  0.19332  2.48053e-01 | 59  0.14571  3.18272e-02 |

Initial statistics: 61 variables; iteration 0; function evaluation 0; phase 4
Function value 9.6627508e+01; maximum gradient component mag -5.5902e+01
Var    Value     Gradient |Var    Value     Gradient |Var    Value     Gradient
  1  0.41387  2.31963e-01 |  2  0.14992 -1.77692e+01 |  3 -0.08670  1.04569e-02
  4  0.01784 -3.94665e-04 |  5 -0.02705  9.78412e-02 |  6  0.02820 -2.24841e-01
  7 -0.01372  1.92812e-01 |  8 -0.06747  1.62466e-01 |  9 -0.03291  2.23886e-01
 10 -0.01749  3.02300e-01 | 11  0.06508  1.93221e-01 | 12  0.03336 -3.03887e-01
 13  0.06264 -1.86661e+00 | 14  0.01087 -3.04210e-01 | 15  0.00735  3.80372e-01
 16  0.06692  1.50281e-01 | 17  0.01442  6.91420e-02 | 18 -0.05855  1.84131e-01
 19 -0.01453  8.12080e-02 | 20 -0.03391  1.28050e-01 | 21  0.05419  2.26138e-01
 22  0.05666  2.07164e-01 | 23 -0.04387  1.71036e-01 | 24 -0.01982  8.35704e-02
 25 -0.11133  1.86211e-01 | 26 -0.01235  2.25976e-01 | 27 -0.01969 -1.25389e-02
 28 -0.02059  2.08392e-01 | 29  0.03657  2.50701e-01 | 30 -0.01363  7.06898e-02
 31  0.05069  3.54419e-02 | 32 -0.03555  1.99080e-01 | 33  0.04544 -1.22895e-01
 34  0.01573  9.96923e-02 | 35  0.04652 -1.97449e-01 | 36  0.01085 -6.94171e-01
 37 -0.02760 -1.13964e+00 | 38  0.00048  7.78948e-03 | 39 -0.03499  6.02033e-01
 40  0.24015 -1.13441e+01 | 41  0.24920  5.12207e+00 | 42  0.26471  3.86739e-01
 43  0.28873  1.07860e-01 | 44  0.54781  2.16462e-02 | 45  0.51525 -3.39748e-03
 46  0.76378  7.45853e-04 | 47  0.60587  3.24993e-03 | 48 -0.56911 -2.90576e-01
 49  0.49369  2.64453e-02 | 50  0.15294 -1.22944e-02 | 51 -0.43108 -3.23030e-01
 52 -0.18292 -6.22930e-01 | 53 -0.41485  4.00785e-02 | 54 -0.32056  1.89677e-01
 55 -0.72948 -4.78762e-04 | 56 -0.10231 -1.42416e+00 | 57 -0.08382  3.17367e-01
 58  0.19332 -7.48164e-02 | 59  0.14571  6.33794e-01 | 60  0.12819  5.52600e+01
 61 -0.12819 -5.59023e+01 |

Intermediate statistics: 61 variables; iteration 20; function evaluation 25; phase 4
Function value 9.4535488e+01; maximum gradient component mag -3.4962e+02
Var    Value     Gradient |Var    Value     Gradient |Var    Value     Gradient
  1  0.41044  3.50761e+00 |  2  0.14926 -3.49618e+02 |  3 -0.08671  3.24559e-02
  4  0.01775 -4.27442e-01 |  5 -0.02684  6.28315e-02 |  6  0.02823 -4.93520e-01
  7 -0.01387  9.63417e+00 |  8 -0.06769  9.40411e+00 |  9 -0.03293  9.39738e+00
 10 -0.01744  9.71106e+00 | 11  0.06599  1.00266e+01 | 12  0.03467  1.06567e+01
 13  0.06415  1.28308e+01 | 14  0.01059  1.07374e+01 | 15  0.00647  9.72814e+00
 16  0.06733  9.85508e+00 | 17  0.01504  8.86896e+00 | 18 -0.05979  7.61717e+00
 19 -0.01675  5.64201e+00 | 20 -0.03285  1.10420e+01 | 21  0.05099  5.92237e+00
 22  0.05428  8.19838e+00 | 23 -0.04608  8.67894e+00 | 24 -0.02290  7.78745e+00
 25 -0.11299  6.99948e+00 | 26 -0.01115  9.91667e+00 | 27 -0.01991  6.69511e+00
 28 -0.02227  2.34802e+00 | 29  0.03751 -1.29168e-01 | 30 -0.01210  9.15975e+00
 31  0.05198  1.16958e+01 | 32 -0.03492  7.15503e+00 | 33  0.04750  1.66351e+01
 34  0.01740  1.12726e+01 | 35  0.04742  4.65960e+00 | 36  0.01145 -1.13576e+01
 37 -0.02690 -3.08458e+01 | 38  0.00114 -7.36795e+01 | 39 -0.02967  1.18607e+01
 40  0.24303  5.48085e+01 | 41  0.24819  8.22557e+01 | 42  0.26535 -9.06812e+00
 43  0.28819 -5.32623e+01 | 44  0.54761  2.44941e-02 | 45  0.51528 -3.66257e-03
 46  0.76377  9.77055e-04 | 47  0.60584  3.13911e-03 | 48 -0.57130 -8.32477e+00
 49  0.49340  1.23547e-02 | 50  0.15308 -1.63118e-02 | 51 -0.43093  5.07986e+00
 52 -0.18054 -1.26138e+00 | 53 -0.41515  2.77054e-02 | 54 -0.30862 -1.03995e+01
 55 -0.72919 -2.47160e-01 | 56 -0.11827 -9.06188e+01 | 57 -0.08539  6.52545e+01
 58  0.19079  8.66906e+00 | 59  0.14392 -1.83559e+00 | 60  0.09613  2.46057e+01
 61 -0.10084 -6.59640e+01 |
61 variables; iteration 40; function evaluation 48; phase 4
Function value 9.3527390e+01; maximum gradient component mag -2.9046e+02
Var    Value     Gradient |Var    Value     Gradient |Var    Value     Gradient
  1  0.37256 -1.37190e+00 |  2  0.14862 -2.90456e+02 |  3 -0.08961 -2.44908e-02
  4  0.01676 -4.87302e-01 |  5 -0.02807 -7.85784e-01 |  6  0.02661 -8.98430e-01
  7 -0.01562  6.90157e+00 |  8 -0.06898  7.22352e+00 |  9 -0.03837  9.46514e-01
 10 -0.02349  3.15016e+00 | 11  0.06337  4.96750e+00 | 12  0.03429  4.28230e+00
 13  0.06500  7.64423e-01 | 14  0.00882  3.05184e-01 | 15  0.00382  2.46426e+00
 16  0.06856  7.86036e+00 | 17  0.01646  6.67844e+00 | 18 -0.06097 -2.45879e+00
 19 -0.01506  1.21665e+00 | 20 -0.03367 -1.18722e+00 | 21  0.05212  1.56810e+00
 22  0.05264 -3.84798e+00 | 23 -0.04605  3.97609e+00 | 24 -0.02383 -2.18932e+00
 25 -0.11228  2.27670e+00 | 26 -0.01042  5.36567e+00 | 27 -0.01732  4.85695e+00
 28 -0.02410 -1.76915e+01 | 29  0.03916 -7.29150e+00 | 30 -0.01080 -6.06369e-01
 31  0.05357 -2.00512e+00 | 32 -0.03294  3.82199e+00 | 33  0.04967  1.98088e+00
 34  0.01876 -6.45546e-01 | 35  0.04829 -9.09450e-01 | 36  0.01301  3.08091e+00
 37 -0.02584 -5.96043e+00 | 38  0.00311 -4.00238e+00 | 39 -0.03047  1.57700e+00
 40  0.24267  1.82996e+01 | 41  0.24666 -2.29337e+02 | 42  0.26542  1.42449e+00
 43  0.28543 -3.30198e+00 | 44  0.52547  2.85328e-02 | 45  0.51849 -2.51700e-03
 46  0.76298  6.40927e-04 | 47  0.60275  3.38733e-03 | 48 -0.57022  1.71249e+00
 49  0.46356  2.58434e-02 | 50  0.16322  4.37704e-03 | 51 -0.43040  3.15985e+00
 52 -0.18004 -7.96798e+00 | 53 -0.45004 -6.27527e-02 | 54 -0.30992 -2.36300e+00
 55 -0.72707 -6.44079e-02 | 56 -0.20196  4.02649e+01 | 57 -0.08827 -1.97078e+01
 58  0.17587 -2.32550e+00 | 59  0.14145  6.72831e+00 | 60  0.23233  7.09858e+00
 61  0.08946  1.15516e+01 |
61 variables; iteration 60; function evaluation 83; phase 4
Function value 9.2847284e+01; maximum gradient component mag -1.4202e+02
Var    Value     Gradient |Var    Value     Gradient |Var    Value     Gradient
  1  0.41772 -3.40756e-01 |  2  0.14969 -1.42025e+02 |  3 -0.08603  7.95895e-01
  4  0.02016  4.31194e+00 |  5 -0.02609  2.08570e+00 |  6  0.02678 -9.16260e-01
  7 -0.01530  3.06526e+00 |  8 -0.07049 -9.27867e-01 |  9 -0.03328  2.89829e+00
 10 -0.01722  3.99331e+00 | 11  0.06319  7.03589e-01 | 12  0.03265  1.73039e+00
 13  0.06343  5.43569e+00 | 14  0.01255  8.05923e+00 | 15  0.00542 -2.07234e-01
 16  0.06746  4.97668e+00 | 17  0.01468  4.08486e+00 | 18 -0.06031  1.82040e+00
 19 -0.01796  1.04531e+00 | 20 -0.03297  3.82958e+00 | 21  0.05099  3.71540e+00
 22  0.05363  3.39531e+00 | 23 -0.04656  6.59333e-01 | 24 -0.02394  3.40192e+00
 25 -0.11370  7.44452e-01 | 26 -0.01206  3.08208e+00 | 27 -0.01973  3.62999e+00
 28 -0.02179  4.49401e+00 | 29  0.03734  5.96433e+00 | 30 -0.01155  3.36923e+00
 31  0.05333  4.31226e+00 | 32 -0.03397  7.70120e-01 | 33  0.04984  2.92213e+00
 34  0.01925  4.56316e-01 | 35  0.04799 -8.34092e-01 | 36  0.01214 -3.77186e+00
 37 -0.02603 -1.53663e+01 | 38  0.00145 -5.86536e+01 | 39 -0.02895 -8.59181e+00
 40  0.24259  1.26597e+01 | 41  0.24698 -1.36079e+01 | 42  0.26475  4.21457e+00
 43  0.28827  7.01206e-01 | 44  0.04087  4.56204e-01 | 45  0.54441 -1.03043e-03
 46  0.75718  3.38075e-04 | 47  0.57491  2.27037e-03 | 48 -0.57487  3.21361e+00
 49  0.07394 -1.30103e+00 | 50  0.22726 -4.40015e-03 | 51 -0.43155  1.34178e-01
 52 -0.18296  1.46713e+00 | 53 -0.42589 -3.03259e-02 | 54 -0.30607 -1.85076e-01
 55 -0.80542 -1.28044e-02 | 56 -0.09714  2.79756e+01 | 57 -0.10647 -2.19079e+01
 58  0.19741 -1.63527e-02 | 59  0.14882 -2.20067e+00 | 60 -0.06279  1.36216e-01
 61 -0.16875  1.22833e+01 |
61 variables; iteration 80; function evaluation 109; phase 4
Function value 9.2693364e+01; maximum gradient component mag -3.3694e+00
Var    Value     Gradient |Var    Value     Gradient |Var    Value     Gradient
  1  0.43524  4.13381e-02 |  2  0.15020 -3.36942e+00 |  3 -0.08944  6.08110e-02
  4  0.01586  2.62810e-02 |  5 -0.02886  1.82670e-01 |  6  0.02642  1.12001e-02
  7 -0.01611  7.52020e-02 |  8 -0.06905  1.66561e-01 |  9 -0.03419  6.57907e-02
 10 -0.01857  5.69125e-02 | 11  0.06445  3.70433e-02 | 12  0.03395  1.29485e-01
 13  0.06386  4.61385e-01 | 14  0.01053  2.55616e-01 | 15  0.00677 -3.58656e-02
 16  0.06625  1.52886e-01 | 17  0.01351  1.59037e-01 | 18 -0.06064 -8.28039e-02
 19 -0.01800  4.87623e-02 | 20 -0.03381  3.27640e-02 | 21  0.05038 -3.97535e-02
 22  0.05341 -2.90136e-02 | 23 -0.04529 -1.52323e-02 | 24 -0.02414 -2.01722e-04
 25 -0.11356 -2.11106e-01 | 26 -0.01324 -3.46074e-01 | 27 -0.02054  1.21025e-02
 28 -0.02241 -1.46098e-01 | 29  0.03673  1.62676e-01 | 30 -0.01210  8.42889e-02
 31  0.05306  5.94168e-02 | 32 -0.03398  8.73041e-02 | 33  0.04961  6.13325e-02
 34  0.01937 -5.46687e-02 | 35  0.04812 -6.57256e-03 | 36  0.01173 -2.89905e-01
 37 -0.02622 -1.00022e+00 | 38  0.00255 -8.29352e-01 | 39 -0.02274  2.48086e-03
 40  0.24145  6.88630e-01 | 41  0.24645 -1.86781e+00 | 42  0.26422  3.13503e-02
 43  0.28985 -2.17831e-01 | 44  0.02572  7.19422e-03 | 45  0.57154  5.93507e-05
 46  0.75201  7.39693e-05 | 47  0.51041 -2.51331e-04 | 48 -0.58301 -1.17842e-01
 49  0.02276 -1.31387e-01 | 50  0.36476  2.88040e-04 | 51 -0.43384  4.79176e-02
 52 -0.18700  9.92495e-02 | 53 -0.41404 -1.54654e-02 | 54 -0.30910  3.82471e-01
 55 -0.84693 -6.89348e-03 | 56 -0.11998  3.80996e-01 | 57 -0.12217 -3.46263e-01
 58  0.21007  4.29200e-02 | 59  0.15291 -1.73065e-01 | 60 -0.06681  1.67758e-01
 61 -0.14994  6.59757e-03 |
61 variables; iteration 100; function evaluation 129; phase 4
Function value 9.2689275e+01; maximum gradient component mag -3.6414e+00
Var    Value     Gradient |Var    Value     Gradient |Var    Value     Gradient
  1  0.43245  3.45422e-02 |  2  0.15008 -3.64143e+00 |  3 -0.08976  9.24465e-03
  4  0.01576  3.94583e-02 |  5 -0.02903  2.18015e-02 |  6  0.02621 -2.96813e-02
  7 -0.01654  6.50201e-02 |  8 -0.06955  3.21991e-02 |  9 -0.03451  7.27891e-02
 10 -0.01894  8.64758e-02 | 11  0.06428  2.40351e-02 | 12  0.03391  4.70443e-02
 13  0.06392  6.05088e-02 | 14  0.01058  1.03574e-01 | 15  0.00684  8.90050e-03
 16  0.06631  7.22581e-03 | 17  0.01357 -1.58950e-02 | 18 -0.06045  6.97316e-03
 19 -0.01795 -7.61591e-03 | 20 -0.03373  1.23866e-02 | 21  0.05037  1.87118e-02
 22  0.05341  7.46162e-03 | 23 -0.04525  2.51578e-02 | 24 -0.02410  3.85026e-02
 25 -0.11345  1.15344e-02 | 26 -0.01309 -6.31406e-02 | 27 -0.02046  2.50239e-02
 28 -0.02230  3.11171e-02 | 29  0.03684  3.70184e-03 | 30 -0.01202  7.11139e-03
 31  0.05310 -3.45471e-02 | 32 -0.03393  4.27899e-02 | 33  0.04957 -1.17852e-02
 34  0.01937  1.22990e-02 | 35  0.04819  3.02004e-02 | 36  0.01185 -9.49535e-02
 37 -0.02608 -2.23240e-01 | 38  0.00270 -2.49417e-01 | 39 -0.02278  2.90537e-02
 40  0.24130 -2.21570e+00 | 41  0.24653  1.66653e-01 | 42  0.26430 -6.04280e-02
 43  0.28979 -9.65523e-02 | 44  0.02412  3.83583e-04 | 45  0.56554 -1.92562e-04
 46  0.75272  1.44418e-04 | 47  0.53520  7.35858e-04 | 48 -0.58273 -5.03907e-02
 49  0.02605 -1.87296e-02 | 50  0.30745 -1.56258e-03 | 51 -0.43365  8.42885e-03
 52 -0.18636  7.01325e-03 | 53 -0.41047  9.54740e-04 | 54 -0.32826  3.00650e-01
 55 -0.35441  1.47695e-02 | 56 -0.15501 -3.15287e-01 | 57 -0.14298  2.84798e-01
 58  0.20902  4.49307e-02 | 59  0.15242 -8.46387e-02 | 60 -0.06184 -9.94476e-03
 61 -0.11223 -1.36045e-01 |
61 variables; iteration 120; function evaluation 149; phase 4
Function value 9.2688961e+01; maximum gradient component mag -2.4702e-01
Var    Value     Gradient |Var    Value     Gradient |Var    Value     Gradient
  1  0.43216  7.93856e-04 |  2  0.15008 -2.47018e-01 |  3 -0.08981  3.50727e-04
  4  0.01573  2.55814e-04 |  5 -0.02906  6.16055e-04 |  6  0.02621 -6.44251e-06
  7 -0.01657  3.31898e-03 |  8 -0.06955  3.29407e-03 |  9 -0.03454  2.93311e-03
 10 -0.01899  3.01459e-03 | 11  0.06429  2.70087e-03 | 12  0.03392  2.70298e-03
 13  0.06391  2.00328e-03 | 14  0.01055  1.44942e-03 | 15  0.00686  1.57927e-03
 16  0.06631 -7.03841e-04 | 17  0.01358 -7.73069e-04 | 18 -0.06044  1.33574e-04
 19 -0.01794  9.70220e-04 | 20 -0.03373 -1.44226e-03 | 21  0.05036 -1.15453e-03
 22  0.05341 -7.83614e-04 | 23 -0.04525  5.87268e-04 | 24 -0.02410  6.28925e-04
 25 -0.11345  3.81591e-04 | 26 -0.01307  1.17113e-03 | 27 -0.02045  1.13030e-03
 28 -0.02230 -2.08769e-03 | 29  0.03685 -3.07913e-03 | 30 -0.01201 -2.73994e-03
 31  0.05311 -3.46773e-03 | 32 -0.03393 -1.69304e-04 | 33  0.04958 -2.41932e-03
 34  0.01938 -1.78424e-03 | 35  0.04819 -1.16454e-03 | 36  0.01186 -2.59601e-03
 37 -0.02607 -7.95990e-03 | 38  0.00271 -1.87148e-02 | 39 -0.02279 -4.62003e-04
 40  0.24130 -2.05864e-01 | 41  0.24653 -2.14681e-02 | 42  0.26430  3.73453e-04
 43  0.28977 -6.64739e-04 | 44  0.02411  1.21767e-04 | 45  0.56844 -4.94313e-05
 46  0.75133  9.13098e-06 | 47  0.51608  4.45110e-06 | 48 -0.58270  1.09192e-03
 49  0.02627 -5.97748e-04 | 50  0.36218  2.38475e-04 | 51 -0.43363  2.55397e-04
 52 -0.18632 -1.38683e-04 | 53 -0.41073  7.08171e-06 | 54 -0.34512  2.60460e-02
 55 -0.08226  1.42711e-03 | 56 -0.18622  4.45693e-02 | 57 -0.16352 -6.70675e-02
 58  0.20890 -1.89791e-04 | 59  0.15240 -3.51610e-04 | 60 -0.06448  1.73116e-02
 61 -0.08325  3.43846e-03 |
61 variables; iteration 140; function evaluation 169; phase 4
Function value 9.2688957e+01; maximum gradient component mag 1.9893e-01
Var    Value     Gradient |Var    Value     Gradient |Var    Value     Gradient
  1  0.43216  6.48612e-04 |  2  0.15008 -8.37715e-02 |  3 -0.08981  1.00023e-04
  4  0.01573  3.86179e-04 |  5 -0.02906 -1.22795e-04 |  6  0.02621 -4.76542e-04
  7 -0.01657  1.70275e-03 |  8 -0.06956  1.14554e-03 |  9 -0.03454  1.78450e-03
 10 -0.01899  1.94136e-03 | 11  0.06429  1.05225e-03 | 12  0.03392  1.50157e-03
 13  0.06391  1.84119e-03 | 14  0.01056  2.07782e-03 | 15  0.00686  1.01951e-03
 16  0.06631  8.52529e-04 | 17  0.01358  5.50779e-04 | 18 -0.06044  1.09580e-03
 19 -0.01794  1.01360e-03 | 20 -0.03373  1.35645e-03 | 21  0.05036  1.47877e-03
 22  0.05341  1.23048e-03 | 23 -0.04524  1.41807e-03 | 24 -0.02410  1.73910e-03
 25 -0.11345  1.64528e-03 | 26 -0.01307  5.23840e-04 | 27 -0.02045  1.24314e-03
 28 -0.02230  1.97367e-03 | 29  0.03685  7.08752e-04 | 30 -0.01201 -5.53436e-04
 31  0.05311 -2.34660e-03 | 32 -0.03393  4.07211e-04 | 33  0.04958 -2.65970e-03
 34  0.01938 -1.17881e-03 | 35  0.04819 -5.58070e-04 | 36  0.01186 -1.70056e-03
 37 -0.02607 -3.23035e-03 | 38  0.00271 -5.82315e-03 | 39 -0.02279 -1.46335e-03
 40  0.24129 -1.64321e-02 | 41  0.24653 -3.91829e-02 | 42  0.26430 -8.81687e-04
 43  0.28977 -2.36059e-03 | 44  0.02411  1.06364e-05 | 45  0.56702 -1.16979e-04
 46  0.75027 -9.24198e-05 | 47  0.51554 -1.76264e-05 | 48 -0.58270 -1.99552e-04
 49  0.02627  1.62115e-04 | 50  0.35356  1.11132e-05 | 51 -0.43363  3.70387e-05
 52 -0.18632  3.72187e-04 | 53 -0.41073  6.06653e-05 | 54 -0.34647  1.47375e-03
 55 -0.06325 -9.22930e-05 | 56 -0.18893  1.98930e-01 | 57 -0.16481 -1.60421e-01
 58  0.20890  1.13554e-03 | 59  0.15240 -2.18772e-03 | 60 -0.06307 -9.16786e-03
 61 -0.07987  1.02699e-01 |
61 variables; iteration 160; function evaluation 190; phase 4
Function value 9.2688943e+01; maximum gradient component mag -4.5333e-01
Var    Value     Gradient |Var    Value     Gradient |Var    Value     Gradient
  1  0.43216  5.56964e-04 |  2  0.15008 -1.40937e-01 |  3 -0.08981  1.23461e-04
  4  0.01573  4.17842e-04 |  5 -0.02906  2.35331e-04 |  6  0.02621 -4.10735e-04
  7 -0.01657  2.32796e-03 |  8 -0.06956  1.92750e-03 |  9 -0.03454  2.33597e-03
 10 -0.01899  2.53466e-03 | 11  0.06429  1.84240e-03 | 12  0.03392  2.22662e-03
 13  0.06391  2.67121e-03 | 14  0.01056  2.89033e-03 | 15  0.00686  1.63181e-03
 16  0.06631  1.88512e-03 | 17  0.01358  1.59978e-03 | 18 -0.06044  1.57625e-03
 19 -0.01794  1.79442e-03 | 20 -0.03373  1.94243e-03 | 21  0.05036  2.05604e-03
 22  0.05341  1.89983e-03 | 23 -0.04524  1.34676e-03 | 24 -0.02410  1.71495e-03
 25 -0.11345  8.38287e-04 | 26 -0.01307  1.38362e-04 | 27 -0.02045  1.76487e-03
 28 -0.02230  1.82233e-03 | 29  0.03685 -2.18055e-03 | 30 -0.01201 -2.52789e-03
 31  0.05311 -5.10427e-03 | 32 -0.03393 -1.24580e-04 | 33  0.04958 -6.05157e-03
 34  0.01938 -3.27223e-03 | 35  0.04819 -1.46659e-03 | 36  0.01186 -1.63440e-03
 37 -0.02607 -3.18735e-03 | 38  0.00271 -6.82905e-03 | 39 -0.02279 -3.40717e-03
 40  0.24129 -1.55666e-02 | 41  0.24653 -1.24537e-01 | 42  0.26430 -6.38835e-04
 43  0.28977 -1.70602e-03 | 44  0.02412  2.59413e-05 | 45  0.56816 -6.22950e-05
 46  0.75016 -1.02174e-04 | 47  0.51578 -7.92978e-06 | 48 -0.58270  7.08211e-06
 49  0.02626 -1.86020e-04 | 50  0.35351  9.76188e-06 | 51 -0.43363  2.05138e-04
 52 -0.18632  1.71386e-04 | 53 -0.41073  2.86940e-05 | 54 -0.34704  2.68804e-03
 55 -0.05440  3.27137e-05 | 56 -0.19885  4.42996e-01 | 57 -0.15942 -4.53333e-01
 58  0.20890  9.42711e-04 | 59  0.15240 -1.87268e-03 | 60 -0.02416  4.28821e-02
 61 -0.04906  1.68308e-01 |
61 variables; iteration 180; function evaluation 210; phase 4
Function value 9.2688938e+01; maximum gradient component mag -4.2400e-02
Var    Value     Gradient |Var    Value     Gradient |Var    Value     Gradient
  1  0.43216  1.14905e-04 |  2  0.15008 -2.52805e-02 |  3 -0.08981  9.50582e-05
  4  0.01573  1.83147e-04 |  5 -0.02906  1.08731e-04 |  6  0.02621 -1.13716e-04
  7 -0.01657  4.56671e-04 |  8 -0.06955  2.99787e-04 |  9 -0.03454  4.01531e-04
 10 -0.01899  4.68459e-04 | 11  0.06429  2.04071e-04 | 12  0.03392  3.49595e-04
 13  0.06391  5.51346e-04 | 14  0.01056  5.96778e-04 | 15  0.00686  1.53156e-04
 16  0.06631  3.04265e-04 | 17  0.01358  2.45477e-04 | 18 -0.06044  1.30203e-04
 19 -0.01794  3.23142e-04 | 20 -0.03373  2.45682e-04 | 21  0.05036  3.77260e-04
 22  0.05341  3.21201e-04 | 23 -0.04524  2.09872e-04 | 24 -0.02410  4.72471e-04
 25 -0.11345  1.92747e-04 | 26 -0.01307 -1.77034e-06 | 27 -0.02045  3.13712e-04
 28 -0.02230  3.76145e-04 | 29  0.03685  1.66561e-04 | 30 -0.01201 -1.85093e-04
 31  0.05311 -5.09218e-04 | 32 -0.03393  1.69187e-04 | 33  0.04958 -4.79850e-04
 34  0.01938 -2.77470e-04 | 35  0.04819 -1.37700e-04 | 36  0.01186 -5.79688e-04
 37 -0.02607 -1.60224e-03 | 38  0.00271 -4.10554e-03 | 39 -0.02279 -6.33842e-04
 40  0.24129 -5.57097e-03 | 41  0.24653 -7.12068e-03 | 42  0.26430 -1.11049e-04
 43  0.28977 -5.62154e-04 | 44  0.02412  1.02325e-05 | 45  0.56971  1.07557e-05
 46  0.75155  2.96404e-05 | 47  0.51603  2.06679e-06 | 48 -0.58270  1.13295e-04
 49  0.02625 -6.17463e-05 | 50  0.35303 -3.04275e-06 | 51 -0.43363  6.41982e-05
 52 -0.18632  4.65065e-05 | 53 -0.41074  1.41706e-05 | 54 -0.34738  1.90097e-03
 55 -0.04931  6.17450e-06 | 56 -0.20540  2.65708e-02 | 57 -0.15315 -4.24002e-02
 58  0.20890  2.27761e-04 | 59  0.15240 -4.87030e-04 | 60  0.01052  1.14833e-02
 61 -0.02387  1.68614e-03 |
61 variables; iteration 200; function evaluation 233; phase 4
Function value 9.2688919e+01; maximum gradient component mag 2.2920e-01
Var    Value     Gradient |Var    Value     Gradient |Var    Value     Gradient
  1  0.43217  1.37378e-05 |  2  0.15008 -1.87526e-02 |  3 -0.08981  5.06662e-05
  4  0.01572 -3.63504e-05 |  5 -0.02906 -2.60375e-05 |  6  0.02621  3.29586e-04
  7 -0.01656  1.30636e-04 |  8 -0.06955  2.22909e-04 |  9 -0.03454  6.17296e-05
 10 -0.01898 -9.64191e-05 | 11  0.06429  1.07026e-04 | 12  0.03392 -1.47198e-04
 13  0.06391 -4.65999e-04 | 14  0.01056 -1.86868e-04 | 15  0.00686  4.07579e-04
 16  0.06631  6.17069e-04 | 17  0.01358  8.82964e-04 | 18 -0.06044  5.82169e-04
 19 -0.01794  5.35883e-04 | 20 -0.03373  5.11377e-04 | 21  0.05036  3.63409e-04
 22  0.05341  4.53781e-04 | 23 -0.04524  4.50583e-04 | 24 -0.02410  3.56381e-04
 25 -0.11345  6.71137e-04 | 26 -0.01307  6.58753e-04 | 27 -0.02045  1.65509e-05
 28 -0.02230 -2.31264e-04 | 29  0.03685  1.06873e-04 | 30 -0.01201 -2.21817e-03
 31  0.05311 -3.66055e-03 | 32 -0.03393 -1.59313e-03 | 33  0.04959 -5.24616e-03
 34  0.01938 -3.35292e-03 | 35  0.04819 -2.53778e-03 | 36  0.01186  7.71941e-04
 37 -0.02607  3.07144e-03 | 38  0.00271  3.16127e-03 | 39 -0.02279 -3.32672e-03
 40  0.24129  1.95732e-02 | 41  0.24653 -7.94394e-02 | 42  0.26430  8.64886e-04
 43  0.28977  1.34368e-03 | 44  0.02412  2.69338e-05 | 45  0.56975  1.26878e-05
 46  0.75141  1.62681e-05 | 47  0.51589 -3.59924e-06 | 48 -0.58270 -9.61164e-05
 49  0.02624  8.97887e-05 | 50  0.35246 -1.83874e-05 | 51 -0.43363 -2.54202e-04
 52 -0.18632 -2.23417e-04 | 53 -0.41074 -1.57601e-05 | 54 -0.34935 -1.75724e-03
 55 -0.01998 -9.08900e-05 | 56 -0.19308  2.29203e-01 | 57 -0.13962 -1.68753e-01
 58  0.20890 -1.22482e-03 | 59  0.15240  1.86897e-03 | 60  0.03021 -2.12012e-02
 61 -0.02483  1.30786e-01 |
61 variables; iteration 220; function evaluation 256; phase 4
Function value 9.2688907e+01; maximum gradient component mag -8.7043e-03
Var    Value     Gradient |Var    Value     Gradient |Var    Value     Gradient
  1  0.43216 -5.31849e-06 |  2  0.15008 -2.40188e-04 |  3 -0.08981  2.54241e-06
  4  0.01572  2.05085e-05 |  5 -0.02906 -5.84651e-06 |  6  0.02621 -4.33007e-06
  7 -0.01657  1.13762e-05 |  8 -0.06955 -1.15889e-05 |  9 -0.03454  1.43312e-05
 10 -0.01899  1.70088e-05 | 11  0.06429 -3.33636e-06 | 12  0.03392  9.94205e-06
 13  0.06391  6.28202e-05 | 14  0.01056  6.05819e-05 | 15  0.00686  1.07174e-05
 16  0.06631  5.44533e-05 | 17  0.01358  5.85146e-05 | 18 -0.06044  4.70923e-05
 19 -0.01794  3.05626e-05 | 20 -0.03373  6.48015e-05 | 21  0.05036  6.25380e-05
 22  0.05341  4.95719e-05 | 23 -0.04524  1.32909e-05 | 24 -0.02410  1.36555e-05
 25 -0.11345  1.24262e-05 | 26 -0.01307 -1.82416e-05 | 27 -0.02045  1.93791e-05
 28 -0.02230  7.30981e-05 | 29  0.03685 -6.33098e-05 | 30 -0.01201 -9.55307e-05
 31  0.05311 -1.50301e-04 | 32 -0.03393 -5.89355e-05 | 33  0.04958 -2.25198e-04
 34  0.01938 -1.37382e-04 | 35  0.04819 -1.03621e-04 | 36  0.01186  2.50836e-05
 37 -0.02607  1.06568e-04 | 38  0.00271  2.48827e-04 | 39 -0.02279 -1.61259e-04
 40  0.24129  2.19891e-03 | 41  0.24653 -4.54644e-03 | 42  0.26430  1.08054e-06
 43  0.28977 -7.74482e-05 | 44  0.02412 -9.69238e-07 | 45  0.56950  9.26388e-07
 46  0.75126  1.99294e-06 | 47  0.51597 -1.67094e-07 | 48 -0.58270 -4.66977e-05
 49  0.02624  1.18740e-05 | 50  0.35311 -6.59132e-07 | 51 -0.43363  2.44356e-06
 52 -0.18632  2.69845e-05 | 53 -0.41074  4.87369e-07 | 54 -0.34901 -2.31582e-04
 55 -0.02514 -1.48147e-05 | 56 -0.17166  8.32569e-03 | 57 -0.13855 -8.70427e-03
 58  0.20890  1.35767e-05 | 59  0.15240  9.99530e-06 | 60 -0.01139  9.53531e-04
 61 -0.06820  2.96888e-03 |

 - final statistics:
61 variables; iteration 226; function evaluation 262
Function value 9.2689e+01; maximum gradient component mag -1.9880e-05
Exit code = 1;  converg criter 1.0000e-04
Var    Value     Gradient |Var    Value     Gradient |Var    Value     Gradient
  1  0.43216 -7.08160e-08 |  2  0.15008  4.14482e-06 |  3 -0.08981 -1.14607e-08
  4  0.01572  2.69366e-07 |  5 -0.02906 -2.45327e-08 |  6  0.02621 -2.23402e-07
  7 -0.01657 -4.76385e-08 |  8 -0.06955 -3.64653e-07 |  9 -0.03454  1.18406e-08
 10 -0.01899  1.24482e-07 | 11  0.06429 -2.11968e-07 | 12  0.03392 -5.70830e-08
 13  0.06391  1.32766e-07 | 14  0.01056  3.37287e-07 | 15  0.00686 -2.81630e-07
 16  0.06631 -1.90186e-07 | 17  0.01358 -2.94483e-07 | 18 -0.06044 -3.16594e-08
 19 -0.01794 -1.19197e-07 | 20 -0.03373 -3.24190e-08 | 21  0.05036  1.79507e-07
 22  0.05341 -4.95936e-10 | 23 -0.04524  1.43454e-07 | 24 -0.02410  3.52409e-07
 25 -0.11345  3.86320e-07 | 26 -0.01307  2.61022e-07 | 27 -0.02045  2.53002e-08
 28 -0.02230  3.29787e-07 | 29  0.03685  4.58401e-07 | 30 -0.01201 -2.72663e-08
 31  0.05311 -2.48857e-07 | 32 -0.03393 -8.06801e-08 | 33  0.04958 -1.54177e-07
 34  0.01938 -2.84306e-08 | 35  0.04819  1.09793e-08 | 36  0.01186 -3.18962e-07
 37 -0.02607 -4.84117e-07 | 38  0.00271  1.03180e-06 | 39 -0.02279 -3.32167e-08
 40  0.24129 -5.70393e-06 | 41  0.24653  9.89029e-06 | 42  0.26430 -4.47338e-07
 43  0.28977 -9.72965e-07 | 44  0.02412 -3.83080e-09 | 45  0.56948  2.93916e-09
 46  0.75124  2.07666e-09 | 47  0.51598 -1.08755e-09 | 48 -0.58270 -4.38822e-07
 49  0.02624  6.74655e-08 | 50  0.35314 -1.28368e-09 | 51 -0.43363  1.14201e-07
 52 -0.18632  1.35670e-07 | 53 -0.41074  1.40496e-08 | 54 -0.34900  3.17046e-07
 55 -0.02526  2.04187e-08 | 56 -0.17106 -1.98802e-05 | 57 -0.13851  1.98679e-05
 58  0.20890  5.33548e-07 | 59  0.15240 -4.60697e-07 | 60 -0.01253 -1.78557e-06
 61 -0.06941 -7.55757e-06 |
Estimating row 1 out of 61 for hessian
Estimating row 2 out of 61 for hessian
Estimating row 3 out of 61 for hessian
Estimating row 4 out of 61 for hessian
Estimating row 5 out of 61 for hessian
Estimating row 6 out of 61 for hessian
Estimating row 7 out of 61 for hessian
Estimating row 8 out of 61 for hessian
Estimating row 9 out of 61 for hessian
Estimating row 10 out of 61 for hessian
Estimating row 11 out of 61 for hessian
Estimating row 12 out of 61 for hessian
Estimating row 13 out of 61 for hessian
Estimating row 14 out of 61 for hessian
Estimating row 15 out of 61 for hessian
Estimating row 16 out of 61 for hessian
Estimating row 17 out of 61 for hessian
Estimating row 18 out of 61 for hessian
Estimating row 19 out of 61 for hessian
Estimating row 20 out of 61 for hessian
Estimating row 21 out of 61 for hessian
Estimating row 22 out of 61 for hessian
Estimating row 23 out of 61 for hessian
Estimating row 24 out of 61 for hessian
Estimating row 25 out of 61 for hessian
Estimating row 26 out of 61 for hessian
Estimating row 27 out of 61 for hessian
Estimating row 28 out of 61 for hessian
Estimating row 29 out of 61 for hessian
Estimating row 30 out of 61 for hessian
Estimating row 31 out of 61 for hessian
Estimating row 32 out of 61 for hessian
Estimating row 33 out of 61 for hessian
Estimating row 34 out of 61 for hessian
Estimating row 35 out of 61 for hessian
Estimating row 36 out of 61 for hessian
Estimating row 37 out of 61 for hessian
Estimating row 38 out of 61 for hessian
Estimating row 39 out of 61 for hessian
Estimating row 40 out of 61 for hessian
Estimating row 41 out of 61 for hessian
Estimating row 42 out of 61 for hessian
Estimating row 43 out of 61 for hessian
Estimating row 44 out of 61 for hessian
Estimating row 45 out of 61 for hessian
Estimating row 46 out of 61 for hessian
Estimating row 47 out of 61 for hessian
Estimating row 48 out of 61 for hessian
Estimating row 49 out of 61 for hessian
Estimating row 50 out of 61 for hessian
Estimating row 51 out of 61 for hessian
Estimating row 52 out of 61 for hessian
Estimating row 53 out of 61 for hessian
Estimating row 54 out of 61 for hessian
Estimating row 55 out of 61 for hessian
Estimating row 56 out of 61 for hessian
Estimating row 57 out of 61 for hessian
Estimating row 58 out of 61 for hessian
Estimating row 59 out of 61 for hessian
Estimating row 60 out of 61 for hessian
Estimating row 61 out of 61 for hessian
size of file gradfil1.tmp = 0
size of file gradfil2.tmp = 0
size of file varssave.tmp = 0
size of file cmpdiff.tmp = 0
