
Initial statistics: 3 variables; iteration 0; function evaluation 0; phase 1
Function value 4.7887363e+03; maximum gradient component mag 3.2148e+04
Var    Value     Gradient |Var    Value     Gradient |Var    Value     Gradient
  1  0.39650  3.21484e+04 |  2  0.21635  2.80025e+04 |  3  0.21635  1.27089e+04

 - final statistics:
3 variables; iteration 10; function evaluation 18
Function value 6.3634e+02; maximum gradient component mag 1.4146e+00
Exit code = 1;  converg criter 1.0000e+01
Var    Value     Gradient |Var    Value     Gradient |Var    Value     Gradient
  1  0.18039  1.41459e+00 |  2  0.21927  2.09597e-01 |  3  0.20383  2.36783e-01

Initial statistics: 49 variables; iteration 0; function evaluation 0; phase 2
Function value 6.3633725e+02; maximum gradient component mag 2.7180e+03
Var    Value     Gradient |Var    Value     Gradient |Var    Value     Gradient
  1  0.18039  1.41459e+00 |  2  0.00000  5.03733e+01 |  3  0.00000 -1.10062e+02
  4  0.00000  3.86861e+01 |  5  0.00000 -6.91279e+01 |  6  0.00000 -2.53029e+01
  7  0.00000  5.34431e+01 |  8  0.00000  6.46666e+00 |  9  0.00000  1.08396e+01
 10  0.00000 -7.57609e+01 | 11  0.00000  9.16124e+00 | 12  0.00000 -5.17829e+01
 13  0.00000 -6.41938e+00 | 14  0.00000 -4.83323e+00 | 15  0.00000 -8.27217e+01
 16  0.00000  1.28011e+01 | 17  0.00000  1.04200e+02 | 18  0.00000  6.99879e+00
 19  0.00000  2.90621e+01 | 20  0.00000 -1.33604e+02 | 21  0.00000 -1.32702e+02
 22  0.00000  1.29883e+02 | 23  0.00000  2.65391e+01 | 24  0.00000  2.64593e+02
 25  0.00000  9.11336e+01 | 26  0.00000  2.13689e+00 | 27  0.00000  1.75554e+01
 28  0.00000 -7.71068e+01 | 29  0.00000  1.72634e+02 | 30  0.00000 -2.99952e+02
 31  0.00000  1.96550e+02 | 32  0.00000 -3.14470e+02 | 33  0.00000  2.58988e+01
 34  0.00000 -2.17047e+02 | 35  0.00000  2.71363e+01 | 36  0.00000  1.71648e+02
 37  0.00000  6.30220e+01 | 38  0.21927  2.09597e-01 | 39  0.21635  2.71799e+03
 40  0.20383  2.36783e-01 | 41 -1.00000 -1.08293e-07 | 42  0.00000  1.22651e-04
 43  0.00000  3.60799e-01 | 44 -0.53989  7.61419e+00 | 45 -1.00000 -1.08293e-07
 46 -0.53989  1.28729e+01 | 47 -1.00000 -1.08293e-07 | 48 -0.53989  3.58917e+00
 49 -0.17585 -5.55753e+02 |

Intermediate statistics: 49 variables; iteration 20; function evaluation 31; phase 2
Function value 3.8144001e+02; maximum gradient component mag 1.7950e+03
Var    Value     Gradient |Var    Value     Gradient |Var    Value     Gradient
  1  0.21837  7.09106e+02 |  2 -0.18272 -3.18383e+01 |  3  0.16938  1.61469e+02
  4  0.00654 -7.71147e+01 |  5  0.10877  7.23306e+01 |  6  0.05384 -4.29492e+01
  7 -0.05455 -1.39865e+02 |  8 -0.01202 -8.30394e+01 |  9  0.01096 -8.03432e+01
 10  0.10582  1.95489e+01 | 11  0.01593 -9.34799e+01 | 12  0.05701 -2.21903e+01
 13  0.00893 -7.62559e+01 | 14  0.02066 -6.70047e+01 | 15  0.07864  3.47059e+01
 16 -0.01702 -6.79389e+01 | 17 -0.10476 -1.29476e+02 | 18  0.00399  7.94017e-01
 19 -0.02492 -5.61319e+01 | 20  0.15131  1.89294e+02 | 21  0.10674  1.04857e+02
 22 -0.07066 -8.77117e+01 | 23 -0.06750 -1.32162e+02 | 24 -0.20248 -1.50803e+02
 25 -0.09730 -8.66827e+01 | 26 -0.05840 -8.86129e+01 | 27 -0.03244 -7.84692e+01
 28  0.01412  4.52120e+01 | 29 -0.00249  6.95482e+01 | 30  0.01877 -2.72757e+02
 31  0.02445  2.32381e+02 | 32  0.01681 -2.55750e+02 | 33 -0.01213 -1.14668e+02
 34 -0.02450 -3.21117e+02 | 35 -0.00007 -4.95131e+01 | 36  0.00306  2.71675e+01
 37  0.04075 -5.40595e+01 | 38  0.18757 -1.30964e+03 | 39  0.18864  1.79499e+03
 40  0.18039 -5.32436e+02 | 41 -1.54673 -1.89646e+01 | 42 -0.00220  1.92431e+00
 43 -0.00718  3.92273e-03 | 44 -0.69632  1.24355e-01 | 45 -1.32125  4.05525e+02
 46 -0.64380  3.66523e+02 | 47 -1.16903  2.86197e+01 | 48 -0.48614  1.58456e+01
 49 -0.11755 -2.19098e+02 |
49 variables; iteration 40; function evaluation 54; phase 2
Function value 3.2309751e+02; maximum gradient component mag -1.3043e+03
Var    Value     Gradient |Var    Value     Gradient |Var    Value     Gradient
  1  0.19568  3.26092e+02 |  2 -0.10817 -4.63058e+00 |  3  0.10614  1.42343e+02
  4 -0.04169 -7.33312e+01 |  5  0.05165  7.78857e+01 |  6 -0.02018 -4.93373e+01
  7 -0.10770 -1.01481e+02 |  8 -0.06579 -5.22193e+01 |  9 -0.05826 -7.16047e+01
 10  0.03892  2.31442e+00 | 11 -0.02714 -7.79286e+01 | 12  0.03343 -1.88710e+01
 13 -0.00416 -6.13737e+01 | 14  0.01114 -4.78550e+01 | 15  0.09180  5.50457e+01
 16  0.01042 -2.28485e+01 | 17 -0.07574 -9.58270e+01 | 18  0.03905  3.56958e+01
 19 -0.00736 -5.35101e+01 | 20  0.16272  1.61837e+02 | 21  0.12904  1.12178e+02
 22 -0.03950 -5.50442e+01 | 23 -0.04104 -1.10346e+02 | 24 -0.18387 -1.43741e+02
 25 -0.07731 -9.33925e+01 | 26 -0.05603 -8.15852e+01 | 27 -0.01008 -3.84466e+01
 28  0.04592  1.38519e+02 | 29  0.00660  2.20863e+01 | 30  0.06672 -6.83554e+01
 31  0.01295  4.93933e+01 | 32  0.06533 -6.01122e+01 | 33  0.00393 -1.38230e+02
 34  0.02526 -1.39546e+02 | 35  0.00684 -3.03998e+01 | 36 -0.01639 -1.55347e+01
 37  0.01056 -8.36645e+01 | 38  0.19629 -1.30425e+03 | 39  0.18667  3.94813e+02
 40  0.19730 -1.81706e+01 | 41 -1.47441 -8.49459e-02 | 42 -0.42365  1.49462e-02
 43 -0.03488 -1.72815e-04 | 44 -1.01825  9.76839e-02 | 45 -1.44813  2.98197e+02
 46 -0.51050  3.58840e+02 | 47 -1.17676 -2.51511e+01 | 48 -0.65571 -1.26108e+01
 49 -0.08895  4.73514e+01 |
49 variables; iteration 60; function evaluation 86; phase 2
Function value 2.3299050e+02; maximum gradient component mag 4.5049e+01
Var    Value     Gradient |Var    Value     Gradient |Var    Value     Gradient
  1  0.15545  4.50494e+01 |  2 -0.15179 -1.31553e+00 |  3 -0.01810  1.26327e+00
  4 -0.06038 -1.18623e+00 |  5 -0.01411  3.57612e-02 |  6 -0.07013 -1.52769e+00
  7 -0.11565 -1.43916e+00 |  8 -0.07417 -5.82908e-01 |  9 -0.06856 -1.52159e+00
 10  0.02189 -7.33512e-01 | 11  0.00097 -6.31401e-01 | 12  0.03960  1.18478e+00
 13  0.00017  2.03679e-01 | 14 -0.00486 -1.21880e+00 | 15  0.05681  1.76798e+00
 16  0.00452  2.73498e-02 | 17 -0.04824  5.17832e-01 | 18  0.02320  4.30790e-02
 19  0.00951 -1.48218e+00 | 20  0.08109  2.39029e-01 | 21  0.07521  2.73422e-01
 22 -0.03423 -1.59748e+00 | 23 -0.01375 -8.36427e-01 | 24 -0.09967  4.71335e-01
 25 -0.00622 -1.57020e-01 | 26 -0.01559  1.10003e-01 | 27  0.00489  6.13493e-01
 28  0.03430  4.45661e+00 | 29 -0.01030  9.97572e-01 | 30  0.06816  1.12579e+00
 31 -0.00207 -5.03632e-01 | 32  0.05859 -1.85238e+00 | 33  0.02450 -1.02609e+00
 34  0.05355 -2.85181e+00 | 35  0.00634 -4.58249e-01 | 36 -0.02694  1.22170e-02
 37  0.02612 -9.90885e-01 | 38  0.23202  6.99916e+00 | 39  0.21059  1.04318e+01
 40  0.23384 -7.95212e+00 | 41 -1.23342  7.73844e-03 | 42  2.00728 -2.30259e-04
 43 -0.81016 -1.00405e-02 | 44 -1.09036  2.18816e-02 | 45 -1.41462 -3.54028e+00
 46 -0.60989  1.67606e+00 | 47 -1.16557 -9.72493e+00 | 48 -0.75756 -6.61404e+00
 49 -0.04460  2.76546e+00 |

 - final statistics:
49 variables; iteration 65; function evaluation 91
Function value 2.3285e+02; maximum gradient component mag 2.4751e+00
Exit code = 1;  converg criter 1.0000e+01
Var    Value     Gradient |Var    Value     Gradient |Var    Value     Gradient
  1  0.15542  7.57022e-01 |  2 -0.14796  9.11213e-02 |  3 -0.01789  1.20580e-01
  4 -0.05923  2.06059e-01 |  5 -0.01389 -7.49794e-01 |  6 -0.06898 -3.99638e-01
  7 -0.11422 -1.69867e-01 |  8 -0.07335 -6.06778e-01 |  9 -0.06573  1.23242e+00
 10  0.02273  5.47213e-02 | 11  0.00163  5.33154e-01 | 12  0.03946  1.42914e+00
 13  0.00017  6.92579e-01 | 14 -0.00437  6.85266e-02 | 15  0.05596 -2.41798e-01
 16  0.00447  1.56199e-01 | 17 -0.04890  5.77692e-02 | 18  0.02303  2.33661e-01
 19  0.00996  4.86808e-01 | 20  0.08055 -2.32060e-01 | 21  0.07473 -1.36254e-01
 22 -0.03372  4.89061e-01 | 23 -0.01397 -4.83304e-01 | 24 -0.10029  1.86926e-01
 25 -0.00616 -1.69804e-01 | 26 -0.01576 -2.81253e-01 | 27  0.00472 -7.22814e-01
 28  0.03358 -1.91823e+00 | 29 -0.01097 -1.26282e+00 | 30  0.06753 -2.24760e+00
 31 -0.00230  5.52805e-01 | 32  0.05848  5.27617e-02 | 33  0.02427  4.71524e-01
 34  0.05368  1.15977e+00 | 35  0.00611  1.38384e+00 | 36 -0.02757  8.91960e-01
 37  0.02453 -8.54671e-01 | 38  0.23213  1.82080e+00 | 39  0.21064 -1.15765e+00
 40  0.23417  1.08087e+00 | 41 -1.24327  6.11571e-03 | 42  1.86773 -1.52815e-03
 43 -0.68080 -5.71105e-03 | 44 -1.07259  2.72275e-02 | 45 -1.35121  1.93847e+00
 46 -0.66878  2.47505e+00 | 47 -1.19068 -6.51293e-01 | 48 -0.71941 -4.51437e-01
 49 -0.04446 -2.66897e-01 |

Initial statistics: 54 variables; iteration 0; function evaluation 0; phase 3
Function value 2.3284871e+02; maximum gradient component mag -1.1811e+03
Var    Value     Gradient |Var    Value     Gradient |Var    Value     Gradient
  1  0.15542  7.57022e-01 |  2 -0.14796  9.11213e-02 |  3 -0.01789  1.20580e-01
  4 -0.05923  2.06059e-01 |  5 -0.01389 -7.49794e-01 |  6 -0.06898 -4.11934e-01
  7 -0.11422 -1.82037e-01 |  8 -0.07335 -6.19064e-01 |  9 -0.06573  1.22012e+00
 10  0.02273  4.23603e-02 | 11  0.00163  5.20785e-01 | 12  0.03946  1.41679e+00
 13  0.00016  6.80210e-01 | 14 -0.00437  5.61580e-02 | 15  0.05596 -2.54120e-01
 16  0.00447  1.43830e-01 | 17 -0.04890  4.54368e-02 | 18  0.02302  2.21301e-01
 19  0.00996  4.74440e-01 | 20  0.08055 -2.44330e-01 | 21  0.07473 -1.48538e-01
 22 -0.03372  4.76709e-01 | 23 -0.01397 -4.95670e-01 | 24 -0.10029  1.74711e-01
 25 -0.00616 -1.82172e-01 | 26 -0.01576 -2.93618e-01 | 27  0.00472 -7.35182e-01
 28  0.03358 -1.93058e+00 | 29 -0.01097 -1.27519e+00 | 30  0.06753 -2.25990e+00
 31 -0.00230  5.40436e-01 | 32  0.05848  4.04450e-02 | 33  0.02427  4.59164e-01
 34  0.05368  1.14745e+00 | 35  0.00611  1.37148e+00 | 36 -0.02757  8.79603e-01
 37  0.02453 -8.67031e-01 | 38  0.23213  1.82080e+00 | 39  0.21064 -1.15765e+00
 40  0.23417  1.08087e+00 | 41 -0.75673 -6.11571e-03 | 42  0.13227  1.52815e-03
 43 -0.68080 -5.71105e-03 | 44 -0.92741 -2.72275e-02 | 45 -0.64879 -1.93847e+00
 46 -0.66878  2.47505e+00 | 47 -0.80932  6.51293e-01 | 48 -0.71941 -4.51437e-01
 49 -0.32288  3.74695e+01 | 50  0.21635  1.15523e+00 | 51 -0.17585 -1.18106e+03
 52 -0.12819  3.85185e-03 | 53 -0.04446 -2.66897e-01 | 54  0.05795  3.60843e+01

Intermediate statistics: 54 variables; iteration 20; function evaluation 29; phase 3
Function value 1.9323718e+02; maximum gradient component mag 1.0577e+03
Var    Value     Gradient |Var    Value     Gradient |Var    Value     Gradient
  1  0.15005  6.75839e+02 |  2 -0.14131  7.78360e-01 |  3 -0.00781  5.96492e+00
  4 -0.04730  8.52087e+00 |  5 -0.00499  4.48788e+00 |  6 -0.06073 -1.37448e+01
  7 -0.11027 -2.06477e+01 |  8 -0.06885 -1.68721e+01 |  9 -0.06897 -2.44262e+01
 10  0.02678 -1.95395e+01 | 11  0.00748 -1.90393e+01 | 12  0.04508 -2.11601e+01
 13  0.00220 -2.44881e+01 | 14 -0.00545 -2.23917e+01 | 15  0.05727 -2.59795e+01
 16  0.00523 -1.64943e+01 | 17 -0.05880 -1.14236e+01 | 18  0.00156  1.67712e+01
 19  0.00867 -1.09682e+01 | 20  0.05632  1.64790e+01 | 21  0.06257  4.60071e+00
 22 -0.02960 -1.91371e+01 | 23 -0.02853  3.00604e+00 | 24 -0.10956 -1.63592e+01
 25  0.01379 -1.74733e+01 | 26 -0.02035 -2.38984e+00 | 27 -0.00728  2.02748e+01
 28  0.04899  5.13446e-02 | 29 -0.00490  6.94978e+00 | 30  0.06907 -3.52318e-01
 31 -0.00351 -5.18847e-01 | 32  0.06457 -2.96856e+01 | 33  0.03179 -9.72811e+00
 34  0.06037  5.28968e+00 | 35  0.01035 -2.61680e+01 | 36 -0.02886 -3.78268e+01
 37  0.02353 -1.81977e+01 | 38  0.23251 -3.90039e+02 | 39  0.24646  1.05775e+03
 40  0.23275 -1.07088e+02 | 41 -0.75667 -6.68029e-03 | 42  0.13226  1.23963e-03
 43 -0.68076 -5.71009e-03 | 44 -0.92719 -2.71471e-02 | 45 -0.64991 -6.13766e+01
 46 -0.67092  6.58853e+01 | 47 -0.80323  3.02870e+01 | 48 -0.72353 -2.14006e+01
 49 -0.35343  4.23353e+01 | 50  0.20866  2.33790e+00 | 51 -0.09897  2.00514e+02
 52 -0.11335 -2.48616e+02 | 53 -0.08751  3.77459e+00 | 54 -0.00846  7.46132e+00
54 variables; iteration 40; function evaluation 57; phase 3
Function value 1.8697202e+02; maximum gradient component mag -1.5198e+02
Var    Value     Gradient |Var    Value     Gradient |Var    Value     Gradient
  1  0.15107  3.86084e+01 |  2 -0.14456 -5.79721e-01 |  3 -0.01180 -1.86144e+00
  4 -0.05297 -4.42007e+00 |  5 -0.01481 -2.93394e+01 |  6 -0.06384  1.79162e+00
  7 -0.10925  2.53286e+00 |  8 -0.07351 -8.44774e+00 |  9 -0.06752 -1.51116e+00
 10  0.02488 -3.53263e+00 | 11  0.00431 -3.50742e+00 | 12  0.04477  2.65147e+00
 13  0.00486  9.86428e-01 | 14 -0.00360 -1.43446e+00 | 15  0.05693  1.89627e-02
 16  0.01154  2.26096e+01 | 17 -0.05326  7.78191e+00 | 18 -0.00435 -1.18695e+01
 19  0.00638 -8.43688e+00 | 20  0.05003 -1.66378e+01 | 21  0.06434  9.95290e-01
 22 -0.02584 -4.87607e+00 | 23 -0.02829 -9.50538e+00 | 24 -0.10525 -2.80642e+00
 25  0.01268 -3.93698e+00 | 26 -0.02355 -8.34302e+00 | 27 -0.00741  6.42172e+00
 28  0.04884 -6.31203e+00 | 29 -0.00404  8.68774e+00 | 30  0.06998 -1.37046e+01
 31  0.00009  1.19042e+01 | 32  0.06650 -2.88202e+01 | 33  0.03792  2.51044e+01
 34  0.05775 -1.19970e+01 | 35  0.00835 -1.89759e+01 | 36 -0.02772 -8.19020e+00
 37  0.02431 -1.20337e+00 | 38  0.22952 -1.51978e+02 | 39  0.23805  1.05108e+02
 40  0.23187  1.39118e+00 | 41 -0.75073 -6.35462e-03 | 42  0.13135  1.27703e-03
 43 -0.67591 -5.60969e-03 | 44 -0.90462 -2.07238e-02 | 45 -0.77603  6.67060e+01
 46 -0.79156 -7.17928e+01 | 47 -0.96696 -7.03031e+01 | 48 -0.95286  4.91772e+01
 49 -0.35573  6.75825e+00 | 50 -0.54403  5.79167e-01 | 51 -0.11124  9.08533e+01
 52 -0.11615 -9.82842e+01 | 53 -0.09743 -3.08106e+01 | 54 -0.02228  2.21206e+01
54 variables; iteration 60; function evaluation 86; phase 3
Function value 1.8598229e+02; maximum gradient component mag -2.4615e+01
Var    Value     Gradient |Var    Value     Gradient |Var    Value     Gradient
  1  0.15056 -1.46858e+01 |  2 -0.14324  3.62791e-01 |  3 -0.01181  2.70682e-01
  4 -0.05253 -2.79041e-01 |  5 -0.00683 -5.15894e-01 |  6 -0.06546  8.52503e-02
  7 -0.11245  3.06840e-01 |  8 -0.07127  3.69174e-01 |  9 -0.06900  3.51701e-01
 10  0.02475  1.96918e-01 | 11  0.00454  1.45964e-01 | 12  0.04312  4.87935e-01
 13  0.00326  7.75794e-01 | 14 -0.00497  6.15328e-01 | 15  0.05781  4.75683e-01
 16  0.00447  4.49411e-01 | 17 -0.05666  7.03206e-01 | 18  0.00088  3.26306e-01
 19  0.00784 -5.37908e-02 | 20  0.05510  4.62714e-01 | 21  0.06350  1.82821e-01
 22 -0.02549  2.51010e-02 | 23 -0.02493  5.79348e-01 | 24 -0.10466  1.64090e-01
 25  0.01345 -2.40148e-01 | 26 -0.02016 -4.28580e-01 | 27 -0.00874 -4.86559e-01
 28  0.04954 -3.22928e+00 | 29 -0.00527  9.25313e-02 | 30  0.07155 -1.52633e+00
 31 -0.00157  1.48395e+00 | 32  0.06997 -2.18746e+00 | 33  0.03391  3.07140e-01
 34  0.05948 -1.82777e+00 | 35  0.01049 -1.16866e+00 | 36 -0.02705  1.99755e-01
 37  0.02319  1.02428e+00 | 38  0.23023  1.49880e+01 | 39  0.23687 -5.41181e-01
 40  0.23136 -1.05000e+00 | 41 -0.67722 -5.95612e-04 | 42  0.10871  2.31399e-03
 43 -0.59739 -4.21084e-03 | 44 -0.71394 -1.74652e-03 | 45 -0.68582  3.51082e-01
 46 -0.70657 -3.60310e-01 | 47 -0.97472 -9.90458e+00 | 48 -0.96414  6.87674e+00
 49 -0.35795  9.40122e-01 | 50 -0.91549  8.69909e-04 | 51 -0.11466  1.86589e+00
 52 -0.11597 -1.78345e+00 | 53 -0.11480 -2.46148e+01 | 54 -0.05353  1.39309e+01
54 variables; iteration 80; function evaluation 150; phase 3
Function value 1.8594013e+02; maximum gradient component mag 9.8566e+00
Var    Value     Gradient |Var    Value     Gradient |Var    Value     Gradient
  1  0.15060 -2.35989e-01 |  2 -0.14428 -2.25474e-02 |  3 -0.01213 -2.28858e-02
  4 -0.05255 -9.82103e-04 |  5 -0.00677  2.79690e-02 |  6 -0.06555  6.84636e-03
  7 -0.11268  5.03526e-03 |  8 -0.07157 -1.48088e-02 |  9 -0.06937  6.40431e-03
 10  0.02462 -9.67490e-03 | 11  0.00451  1.72568e-02 | 12  0.04301  2.71852e-02
 13  0.00304 -1.83722e-02 | 14 -0.00527 -1.87510e-02 | 15  0.05783  2.49399e-02
 16  0.00445 -2.48963e-02 | 17 -0.05682 -2.22027e-02 | 18  0.00088  1.74001e-02
 19  0.00797  7.05760e-03 | 20  0.05514 -1.41087e-02 | 21  0.06363 -8.99607e-03
 22 -0.02531 -2.31111e-02 | 23 -0.02491 -1.01115e-03 | 24 -0.10463 -1.39773e-03
 25  0.01346  2.69958e-02 | 26 -0.01996  3.58550e-02 | 27 -0.00867  1.16721e-02
 28  0.04948  6.85712e-02 | 29 -0.00522  6.07701e-03 | 30  0.07165  1.58457e-02
 31 -0.00146 -5.43625e-02 | 32  0.07014  6.13549e-02 | 33  0.03400 -4.25031e-03
 34  0.05969  5.50808e-02 | 35  0.01062  2.50399e-02 | 36 -0.02701  4.35519e-03
 37  0.02350 -3.86024e-02 | 38  0.23001 -8.60162e-01 | 39  0.23678 -2.81773e-01
 40  0.23101 -2.97214e-01 | 41 -0.60835 -1.13142e-03 | 42 -0.19803  9.02083e-06
 43 -0.05378  1.67755e-06 | 44 -0.71780  3.05194e-03 | 45 -0.69561 -9.66927e-03
 46 -0.71569  1.04775e-02 | 47 -0.96663  3.56799e-01 | 48 -0.95268 -3.33773e-01
 49 -0.44746  2.73755e-02 | 50 -0.57648  2.01225e-03 | 51 -0.11818  5.68651e-02
 52 -0.11934  1.00593e-02 | 53 -0.17525  9.85664e+00 | 54 -0.17463 -4.86107e+00
  ic > imax  in fminim is answer attained ?
Var    Value     Gradient |Var    Value     Gradient |Var    Value     Gradient
  1  0.15061 -8.59911e-02 |  2 -0.14425 -1.73582e-02 |  3 -0.01211 -1.44250e-03
  4 -0.05256 -3.96364e-02 |  5 -0.00679 -4.24819e-02 |  6 -0.06554  1.23306e-02
  7 -0.11266  6.94919e-03 |  8 -0.07154  4.09322e-03 |  9 -0.06934 -4.85638e-04
 10  0.02463 -7.90149e-03 | 11  0.00450 -6.17034e-03 | 12  0.04300 -3.35929e-03
 13  0.00306  8.45410e-03 | 14 -0.00525 -8.48999e-03 | 15  0.05781  4.00745e-03
 16  0.00444 -1.72916e-02 | 17 -0.05681 -7.51760e-03 | 18  0.00087  4.39296e-03
 19  0.00796  1.14036e-03 | 20  0.05514 -2.35481e-02 | 21  0.06362 -2.06658e-02
 22 -0.02531 -9.57761e-03 | 23 -0.02492 -1.16291e-02 | 24 -0.10462  7.27604e-04
 25  0.01345  1.38957e-02 | 26 -0.01998  7.74414e-03 | 27 -0.00867  2.02224e-02
 28  0.04947  6.46406e-02 | 29 -0.00523  5.83326e-03 | 30  0.07165  8.06089e-03
 31 -0.00147 -4.43764e-02 | 32  0.07013  4.33187e-02 | 33  0.03400  1.74981e-02
 34  0.05968  3.13140e-02 | 35  0.01061 -4.74901e-03 | 36 -0.02701 -1.23506e-02
 37  0.02351 -3.50042e-02 | 38  0.23001 -5.46373e-01 | 39  0.23678  2.11035e-02
 40  0.23101 -3.83358e-01 | 41 -0.59601  6.33660e-04 | 42 -0.20029  3.98328e-04
 43 -0.04737 -1.34881e-05 | 44 -0.72044  1.37594e-03 | 45 -0.69581 -2.72630e-01
 46 -0.71586  2.92487e-01 | 47 -0.96618 -2.89399e-01 | 48 -0.95204  1.22865e-01
 49 -0.44836  2.68978e-02 | 50 -0.57295  2.01639e-03 | 51 -0.11821  1.19389e-01
 52 -0.11938 -5.43706e-02 | 53 -0.17578  9.90328e+01 | 54 -0.17572 -4.88171e+01
Function minimizer not making progress ... is minimum attained?
Minimprove criterion = 0.0000e+00
Warning: the following parameters had issues
  selparm[7] is within 0.1% of lower bound: 0.0000e+00 < 2.8220e-03 < 4.0000e+00
  selparm[8] is within 1% of lower bound: 0.0000e+00 < 5.6731e-03 < 4.0000e+00


 - final statistics:
54 variables; iteration 84; function evaluation 192
Function value 1.8594e+02; maximum gradient component mag 9.9033e+01
Exit code = 1;  converg criter 1.0000e-04
Var    Value     Gradient |Var    Value     Gradient |Var    Value     Gradient
  1  0.15061 -8.59911e-02 |  2 -0.14425 -1.73582e-02 |  3 -0.01211 -1.44250e-03
  4 -0.05256 -3.96364e-02 |  5 -0.00679 -4.24819e-02 |  6 -0.06554  1.23306e-02
  7 -0.11266  6.94919e-03 |  8 -0.07154  4.09322e-03 |  9 -0.06934 -4.85638e-04
 10  0.02463 -7.90149e-03 | 11  0.00450 -6.17034e-03 | 12  0.04300 -3.35929e-03
 13  0.00306  8.45410e-03 | 14 -0.00525 -8.48999e-03 | 15  0.05781  4.00745e-03
 16  0.00444 -1.72916e-02 | 17 -0.05681 -7.51760e-03 | 18  0.00087  4.39296e-03
 19  0.00796  1.14036e-03 | 20  0.05514 -2.35481e-02 | 21  0.06362 -2.06658e-02
 22 -0.02531 -9.57761e-03 | 23 -0.02492 -1.16291e-02 | 24 -0.10462  7.27604e-04
 25  0.01345  1.38957e-02 | 26 -0.01998  7.74414e-03 | 27 -0.00867  2.02224e-02
 28  0.04947  6.46406e-02 | 29 -0.00523  5.83326e-03 | 30  0.07165  8.06089e-03
 31 -0.00147 -4.43764e-02 | 32  0.07013  4.33187e-02 | 33  0.03400  1.74981e-02
 34  0.05968  3.13140e-02 | 35  0.01061 -4.74901e-03 | 36 -0.02701 -1.23506e-02
 37  0.02351 -3.50042e-02 | 38  0.23001 -5.46373e-01 | 39  0.23678  2.11035e-02
 40  0.23101 -3.83358e-01 | 41 -0.59601  6.33660e-04 | 42 -0.20029  3.98328e-04
 43 -0.04737 -1.34881e-05 | 44 -0.72044  1.37594e-03 | 45 -0.69581 -2.72630e-01
 46 -0.71586  2.92487e-01 | 47 -0.96618 -2.89399e-01 | 48 -0.95204  1.22865e-01
 49 -0.44836  2.68978e-02 | 50 -0.57295  2.01639e-03 | 51 -0.11821  1.19389e-01
 52 -0.11938 -5.43706e-02 | 53 -0.17578  9.90328e+01 | 54 -0.17572 -4.88171e+01
Estimating row 1 out of 54 for hessian
Estimating row 2 out of 54 for hessian
Estimating row 3 out of 54 for hessian
Estimating row 4 out of 54 for hessian
Estimating row 5 out of 54 for hessian
Estimating row 6 out of 54 for hessian
Estimating row 7 out of 54 for hessian
Estimating row 8 out of 54 for hessian
Estimating row 9 out of 54 for hessian
Estimating row 10 out of 54 for hessian
Estimating row 11 out of 54 for hessian
Estimating row 12 out of 54 for hessian
Estimating row 13 out of 54 for hessian
Estimating row 14 out of 54 for hessian
Estimating row 15 out of 54 for hessian
Estimating row 16 out of 54 for hessian
Estimating row 17 out of 54 for hessian
Estimating row 18 out of 54 for hessian
Estimating row 19 out of 54 for hessian
Estimating row 20 out of 54 for hessian
Estimating row 21 out of 54 for hessian
Estimating row 22 out of 54 for hessian
Estimating row 23 out of 54 for hessian
Estimating row 24 out of 54 for hessian
Estimating row 25 out of 54 for hessian
Estimating row 26 out of 54 for hessian
Estimating row 27 out of 54 for hessian
Estimating row 28 out of 54 for hessian
Estimating row 29 out of 54 for hessian
Estimating row 30 out of 54 for hessian
Estimating row 31 out of 54 for hessian
Estimating row 32 out of 54 for hessian
Estimating row 33 out of 54 for hessian
Estimating row 34 out of 54 for hessian
Estimating row 35 out of 54 for hessian
Estimating row 36 out of 54 for hessian
Estimating row 37 out of 54 for hessian
Estimating row 38 out of 54 for hessian
Estimating row 39 out of 54 for hessian
Estimating row 40 out of 54 for hessian
Estimating row 41 out of 54 for hessian
Estimating row 42 out of 54 for hessian
Estimating row 43 out of 54 for hessian
Estimating row 44 out of 54 for hessian
Estimating row 45 out of 54 for hessian
Estimating row 46 out of 54 for hessian
Estimating row 47 out of 54 for hessian
Estimating row 48 out of 54 for hessian
Estimating row 49 out of 54 for hessian
Estimating row 50 out of 54 for hessian
Estimating row 51 out of 54 for hessian
Estimating row 52 out of 54 for hessian
Estimating row 53 out of 54 for hessian
Estimating row 54 out of 54 for hessian
Warning -- Hessian does not appear to be positive definite
Hessian does not appear to be positive definite.
size of file gradfil1.tmp = 0
size of file gradfil2.tmp = 0
size of file varssave.tmp = 0
size of file cmpdiff.tmp = 0
