
Initial statistics: 6 variables; iteration 0; function evaluation 0; phase 1
Function value 2.4164062e+04; maximum gradient component mag 1.5077e+05
Var    Value     Gradient |Var    Value     Gradient |Var    Value     Gradient
  1  0.39650  1.50769e+05 |  2 -0.59033  5.78037e+03 |  3 -0.59033  4.56718e+03
  4 -0.59033  6.40529e+03 |  5 -0.59033  1.03376e+04 |  6  0.21635  1.46644e+04

 - final statistics:
6 variables; iteration 20; function evaluation 42
Function value 6.0910e+02; maximum gradient component mag 2.6472e+00
Exit code = 1;  converg criter 1.0000e+01
Var    Value     Gradient |Var    Value     Gradient |Var    Value     Gradient
  1  0.18413  2.64715e+00 |  2 -1.24740  1.94855e-01 |  3  2.60441  1.17565e-01
  4 -0.79957  1.32368e-01 |  5 -0.92033 -2.61352e-01 |  6  0.19803  6.49352e-01

Initial statistics: 58 variables; iteration 0; function evaluation 0; phase 2
Function value 6.0910368e+02; maximum gradient component mag 2.1137e+03
Var    Value     Gradient |Var    Value     Gradient |Var    Value     Gradient
  1  0.18413  2.64715e+00 |  2  0.00000  1.76567e+01 |  3  0.00000  4.47700e+01
  4  0.00000 -1.00673e+02 |  5  0.00000  4.18239e+01 |  6  0.00000 -6.72139e+01
  7  0.00000 -2.38203e+01 |  8  0.00000  5.45397e+01 |  9  0.00000  7.92960e+00
 10  0.00000  1.18081e+01 | 11  0.00000 -7.35051e+01 | 12  0.00000  1.24688e+01
 13  0.00000 -4.71850e+01 | 14  0.00000 -2.85051e+00 | 15  0.00000 -3.30435e+00
 16  0.00000 -7.87366e+01 | 17  0.00000  1.78930e+01 | 18  0.00000  1.09029e+02
 19  0.00000  1.58023e+01 | 20  0.00000  3.47627e+01 | 21  0.00000 -1.34161e+02
 22  0.00000 -1.38628e+02 | 23  0.00000  7.37176e+01 | 24  0.00000  3.78678e+01
 25  0.00000  2.14224e+02 | 26  0.00000 -1.35097e+00 | 27  0.00000  1.12406e+01
 28  0.00000  4.34577e+01 | 29  0.00000 -1.87689e+02 | 30  0.00000  1.10113e+02
 31  0.00000 -2.90322e+02 | 32  0.00000  2.07158e+02 | 33  0.00000 -3.03259e+02
 34  0.00000  3.37380e+01 | 35  0.00000 -1.96248e+02 | 36  0.00000  4.84190e+01
 37  0.00000  2.02232e+02 | 38  0.00000  4.99104e+01 | 39  0.00000  2.10138e+02
 40 -0.75260 -1.94855e-01 | 41 -0.60441 -1.17565e-01 | 42 -0.79957  1.32368e-01
 43 -0.92033 -2.61352e-01 | 44  0.21635 -1.62934e+02 | 45  0.21635  2.11366e+03
 46  0.21635 -6.20345e+02 | 47  0.19803  6.49352e-01 | 48 -1.00000 -1.08293e-07
 49  0.00000  1.31878e-04 | 50  0.00000  3.90497e-01 | 51 -0.53989  8.24116e+00
 52 -1.00000 -1.08293e-07 | 53 -0.53989  1.31086e+01 | 54 -1.00000 -1.08293e-07
 55 -0.53989  3.57512e+00 | 56 -0.32288  3.87598e+01 | 57  0.21635  1.19559e+00
 58 -0.17585 -5.71503e+02 |

Intermediate statistics: 58 variables; iteration 20; function evaluation 32; phase 2
Function value 4.4865247e+02; maximum gradient component mag -1.3703e+04
Var    Value     Gradient |Var    Value     Gradient |Var    Value     Gradient
  1  0.15889 -1.37035e+04 |  2 -0.06160 -5.18479e+00 |  3 -0.11830 -1.87426e+01
  4  0.14364  9.94689e+01 |  5  0.02066  1.08429e+02 |  6  0.10434  2.05822e+02
  7  0.05351  1.66497e+02 |  8 -0.03771  9.52134e+01 |  9 -0.00215  1.30758e+02
 10  0.01842  1.40488e+02 | 11  0.10815  2.00255e+02 | 12  0.03394  1.21268e+02
 13  0.06939  1.57531e+02 | 14  0.01884  1.17591e+02 | 15  0.02569  1.31791e+02
 16  0.08668  1.61465e+02 | 17 -0.00509  8.05795e+01 | 18 -0.08980  5.58339e+01
 19 -0.00664  1.00114e+02 | 20 -0.05082  4.09715e+01 | 21  0.11596  2.45341e+02
 22  0.09115  2.12475e+02 | 23 -0.06337  5.96718e+01 | 24 -0.02331  7.41784e+01
 25 -0.14446  3.57630e+01 | 26 -0.02685  1.05144e+01 | 27 -0.02165 -4.42236e+00
 28 -0.03942 -1.21147e+02 | 29  0.00571 -3.84424e+02 | 30 -0.02718 -7.04053e+01
 31  0.03010 -2.32608e+02 | 32 -0.00698  1.03538e+02 | 33 -0.03608 -4.22284e+02
 34 -0.01616 -1.74981e+02 | 35  0.00174 -4.93856e+02 | 36 -0.03237 -3.79394e+02
 37 -0.06538 -2.73317e+02 | 38 -0.04277 -3.75203e+02 | 39 -0.04169  2.99646e+02
 40 -0.68105  1.27877e+01 | 41 -0.45509  1.61246e+02 | 42 -0.73066 -8.78947e+02
 43 -0.90663 -1.99737e+03 | 44  0.21547 -4.54500e+03 | 45  0.22733  2.69422e+02
 46  0.24401 -1.01941e+03 | 47  0.23379 -1.09301e+03 | 48 -1.13833  1.40825e-02
 49 -0.00000  1.32569e-04 | 50 -0.00246 -1.19482e-02 | 51 -0.59207 -2.93869e-01
 52 -1.29643  5.81189e+02 | 53 -0.59567  4.34527e+02 | 54 -1.15300  6.59942e+00
 55 -0.54984  8.91013e+00 | 56 -0.38324  1.76565e+02 | 57  0.20658  1.40856e+01
 58 -0.06432 -3.86233e+02 |
58 variables; iteration 40; function evaluation 55; phase 2
Function value 3.9866797e+02; maximum gradient component mag -1.5544e+04
Var    Value     Gradient |Var    Value     Gradient |Var    Value     Gradient
  1  0.16129 -1.55440e+04 |  2 -0.05655 -4.42086e+00 |  3 -0.07194 -7.39730e+00
  4  0.16429  1.06794e+02 |  5  0.06454  1.49878e+02 |  6  0.12746  2.15520e+02
  7  0.07699  1.77271e+02 |  8 -0.02448  8.58866e+01 |  9  0.02174  1.37820e+02
 10  0.06256  1.78657e+02 | 11  0.12638  2.10434e+02 | 12  0.05003  1.35477e+02
 13  0.08018  1.79929e+02 | 14  0.04336  1.62821e+02 | 15  0.05941  1.89646e+02
 16  0.06905  1.54945e+02 | 17 -0.02225  8.11000e+01 | 18 -0.09773  6.70265e+01
 19 -0.01145  1.27738e+02 | 20 -0.05877  5.81569e+01 | 21  0.07894  1.74337e+02
 22  0.06951  1.90942e+02 | 23 -0.09801  3.14552e+01 | 24 -0.02559  9.30470e+01
 25 -0.18050  8.38404e+00 | 26 -0.02432  6.50830e+01 | 27 -0.03428  1.07348e+01
 28 -0.04488 -8.91405e+01 | 29  0.01074 -2.75997e+02 | 30 -0.04587 -9.70074e+01
 31  0.03860 -8.85908e+01 | 32 -0.04607  3.08279e+01 | 33  0.00317 -2.36017e+02
 34 -0.04339 -2.33501e+02 | 35  0.01874 -4.12580e+02 | 36 -0.03566 -4.83283e+02
 37 -0.08593 -5.00789e+02 | 38 -0.04727 -6.77757e+02 | 39 -0.07364  2.43915e+02
 40 -0.69045  4.74570e+01 | 41 -0.49331  2.74701e+01 | 42 -0.73789 -1.10831e+03
 43 -0.91020 -2.18231e+03 | 44  0.21597 -4.32251e+03 | 45  0.22769  6.49329e+01
 46  0.25197 -4.76369e+02 | 47  0.23221 -1.33995e+03 | 48 -1.54216 -4.33116e+00
 49 -0.00776  4.59988e-01 | 50 -0.32727  2.00263e+00 | 51 -1.74246 -2.78783e+01
 52 -1.29820  3.52422e+02 | 53 -0.65295  3.03676e+02 | 54 -0.92681  2.21077e+00
 55 -0.80043 -8.24567e-01 | 56 -0.33086  1.87612e+02 | 57 -1.01377 -4.38807e-01
 58 -0.06216 -2.22004e+02 |
58 variables; iteration 60; function evaluation 85; phase 2
Function value 2.8858737e+02; maximum gradient component mag -8.3361e+03
Var    Value     Gradient |Var    Value     Gradient |Var    Value     Gradient
  1  0.15977 -8.33615e+03 |  2 -0.11503 -1.50617e+01 |  3 -0.16913 -2.89169e+01
  4  0.13071  1.09186e+02 |  5  0.04570  4.50829e+01 |  6  0.11978  1.06246e+02
  7  0.08174  7.39573e+01 |  8  0.00360  1.53013e+01 |  9  0.04970  7.66842e+01
 10  0.03600  1.74237e+01 | 11  0.13144  1.17188e+02 | 12  0.08391  1.14032e+02
 13  0.05952  7.40393e+01 | 14 -0.00094  4.14153e+01 | 15  0.00312  4.52728e+01
 16  0.05276  8.14944e+01 | 17 -0.00542  6.48848e+01 | 18 -0.10137 -1.07411e+01
 19 -0.02132  4.59804e+01 | 20 -0.03751  8.42760e+01 | 21  0.09034  1.78203e+02
 22  0.05966  1.22595e+02 | 23 -0.05707  4.68664e+01 | 24 -0.02863  3.96411e+01
 25 -0.16409 -4.51842e+01 | 26 -0.03322  2.32659e+01 | 27 -0.03545 -1.56580e+01
 28 -0.04281 -7.72172e+01 | 29  0.02472 -6.56272e+01 | 30 -0.06492 -1.84416e+02
 31  0.05481  1.55132e+02 | 32 -0.08584 -1.27798e+02 | 33  0.04751  6.87078e+01
 34 -0.02415 -1.23191e+02 | 35  0.02494 -1.28314e+02 | 36 -0.02928 -2.85899e+02
 37 -0.08304 -3.48488e+02 | 38 -0.03214 -2.69863e+02 | 39 -0.12428 -3.12718e+00
 40 -0.70516 -2.02479e+02 | 41 -0.50293  4.01554e+01 | 42 -0.72053 -1.04230e+03
 43 -0.89801 -1.20941e+03 | 44  0.22969 -7.96601e+02 | 45  0.22431 -4.75918e+02
 46  0.26148  2.86167e+02 | 47  0.23885 -8.57339e+02 | 48 -1.15590  3.07753e-03
 49  0.47945  7.94382e-03 | 50 -1.65805 -4.99094e-02 | 51 -1.53154 -1.03971e+00
 52 -1.28185 -1.56155e+02 | 53 -0.71530 -1.54477e+02 | 54 -0.92906 -1.33464e+01
 55 -0.86606  7.02037e+00 | 56 -0.33483  3.21367e+01 | 57 -1.00915 -2.88091e-02
 58 -0.04406  1.39358e+01 |
Maximum number of function evaluations exceeded

 - final statistics:
58 variables; iteration 68; function evaluation 100
Function value 1.6765e+02; maximum gradient component mag -1.5993e+03
Exit code = 3;  converg criter 1.0000e+01
Var    Value     Gradient |Var    Value     Gradient |Var    Value     Gradient
  1  0.14242 -1.59931e+03 |  2 -0.04569 -5.77726e+00 |  3 -0.14544 -1.18587e+01
  4 -0.00870  2.35317e+01 |  5 -0.04910  2.09233e+01 |  6  0.00248  2.02171e+01
  7 -0.05282  6.81466e+00 |  8 -0.09813 -5.94154e+00 |  9 -0.05209 -1.57937e+00
 10 -0.02902 -4.25467e+00 | 11  0.06314  2.16027e+01 | 12  0.04060  3.45473e+01
 13  0.05285  8.72760e+00 | 14  0.01945  1.56859e+01 | 15  0.00919 -7.95332e+00
 16  0.07575  1.58123e+01 | 17  0.00665 -1.61831e+01 | 18 -0.05480 -2.25446e+01
 19  0.00621  2.46860e+00 | 20 -0.02189  8.77594e+00 | 21  0.06804  1.82700e+01
 22  0.05889  1.78309e+01 | 23 -0.03589  3.33152e+01 | 24 -0.01587 -2.57194e-01
 25 -0.10086 -3.04767e+00 | 26 -0.00657  1.94012e+01 | 27 -0.01252  3.84885e+00
 28  0.00214  2.42350e+01 | 29  0.04811  4.93892e+01 | 30 -0.00772 -2.63699e+01
 31  0.05958  8.52222e+01 | 32 -0.02464 -6.98135e+00 | 33  0.04458  2.04384e+01
 34  0.01121 -2.77803e+01 | 35  0.04581 -5.68832e+01 | 36  0.01252 -1.14105e+02
 37 -0.02541 -2.19555e+02 | 38  0.00972  1.08412e+02 | 39 -0.04757  3.84944e+01
 40 -0.62073 -7.41416e+01 | 41 -0.38525 -4.01932e+01 | 42 -0.56001 -2.14851e+02
 43 -0.85487 -2.14418e+02 | 44  0.24375 -1.22698e+02 | 45  0.23284 -4.10311e+01
 46  0.26345  1.22115e+02 | 47  0.25695 -1.38602e+02 | 48 -0.44215  2.84997e+00
 49  2.48595 -2.99388e-01 | 50 -3.22806  3.10018e-02 | 51 -0.74317 -1.16661e-02
 52 -1.25520 -2.87868e+01 | 53 -0.76087 -3.06414e+01 | 54 -0.95301 -6.81059e+02
 55 -0.93081  4.47902e+02 | 56 -0.33420  3.32641e+01 | 57 -2.20571 -1.37773e+00
 58  0.00085  4.26560e+01 |

Initial statistics: 61 variables; iteration 0; function evaluation 0; phase 3
Function value 1.6344735e+02; maximum gradient component mag -2.9460e+03
Var    Value     Gradient |Var    Value     Gradient |Var    Value     Gradient
  1  0.14242 -2.94598e+03 |  2 -0.04569 -8.31516e+00 |  3 -0.14544 -3.22636e+01
  4 -0.00870 -1.83705e+02 |  5 -0.04917 -1.94411e+02 |  6  0.00241 -3.09123e+02
  7 -0.05289 -1.20076e+01 |  8 -0.09820  1.06756e+00 |  9 -0.05216 -6.05906e+00
 10 -0.02908  3.09456e+01 | 11  0.06307  3.08807e+01 | 12  0.04053  3.69549e+01
 13  0.05279  8.17661e+00 | 14  0.01938  3.42876e+01 | 15  0.00912  1.46594e+01
 16  0.07568  3.37890e+01 | 17  0.00659 -1.97293e+01 | 18 -0.05487 -5.40852e+00
 19  0.00615  1.79711e+01 | 20 -0.02196  1.64979e+01 | 21  0.06798  1.77612e+01
 22  0.05882  2.73604e+01 | 23 -0.03596  3.63996e+01 | 24 -0.01594  9.27927e+00
 25 -0.10092  5.34304e+00 | 26 -0.00663  1.88235e+01 | 27 -0.01259  1.18528e+01
 28  0.00208  3.74923e+01 | 29  0.04804  4.13638e+01 | 30 -0.00778 -5.11685e+00
 31  0.05951  7.27808e+01 | 32 -0.02471  2.13947e+01 | 33  0.04451  2.63307e+01
 34  0.01114 -4.96074e+00 | 35  0.04574 -2.10006e+01 | 36  0.01245 -3.09199e+01
 37 -0.02547 -5.53226e+01 | 38  0.00965  5.79361e+01 | 39 -0.04764  5.38874e+01
 40 -0.62073 -3.44334e+01 | 41 -0.38525 -2.98625e+01 | 42 -0.56001 -1.66392e+02
 43 -0.85487 -2.85313e+02 | 44  0.24375 -1.27332e+02 | 45  0.23284  3.63309e+01
 46  0.26345  2.66328e+01 | 47  0.25695 -1.36590e+02 | 48 -0.44215 -1.46794e-01
 49 -0.48595 -1.75164e-02 | 50  0.77194  8.38188e-03 | 51 -0.74317  8.25633e-04
 52 -0.74480 -1.37670e+02 | 53 -0.76087  1.47154e+02 | 54 -0.95301 -7.58196e+02
 55 -0.93081  5.14585e+02 | 56 -0.33420  2.88563e+01 | 57  0.20571  1.15806e+00
 58 -0.17585 -9.83389e+02 | 59 -0.12819 -3.70135e+02 | 60  0.00085  3.07614e+01
 61  0.05795 -3.83685e+00 |

Intermediate statistics: 61 variables; iteration 20; function evaluation 25; phase 3
Function value 1.2048969e+02; maximum gradient component mag -3.5122e+03
Var    Value     Gradient |Var    Value     Gradient |Var    Value     Gradient
  1  0.13644 -3.51225e+03 |  2 -0.05203 -3.53439e+00 |  3 -0.12316 -1.64286e+01
  4  0.00345 -6.89462e+01 |  5 -0.02516 -2.95687e+01 |  6  0.01672 -7.95905e+01
  7 -0.04895  2.53406e+01 |  8 -0.09264  3.89264e+01 |  9 -0.04820  3.70893e+01
 10 -0.04268  5.12123e+01 | 11  0.04594  3.51474e+01 | 12  0.02293  2.54062e+01
 13  0.06076  1.32320e+01 | 14  0.00600  9.31732e+00 | 15 -0.00342  2.63563e+01
 16  0.06842 -5.17947e+00 | 17  0.02620  1.29519e+01 | 18 -0.05600  2.56488e+00
 19 -0.00872 -1.78694e+01 | 20 -0.02148  1.70761e+01 | 21  0.04203 -2.60420e+01
 22  0.04179 -1.87496e+00 | 23 -0.06001  1.04074e+01 | 24 -0.03381 -6.86210e+00
 25 -0.10981  9.02984e+00 | 26  0.01237  2.71100e+01 | 27 -0.01307 -4.69795e+01
 28 -0.01309 -9.06848e+01 | 29  0.05422 -1.47003e+02 | 30  0.00186  6.77144e+00
 31  0.05939  2.65385e+01 | 32 -0.02486  4.12061e+01 | 33  0.05342  8.62240e+01
 34  0.02024  5.67638e+01 | 35  0.05165  4.77801e+01 | 36  0.02055 -4.36533e+00
 37 -0.01132 -1.78418e+01 | 38  0.01124 -1.53039e+02 | 39 -0.00296  2.38074e+01
 40 -0.58556 -3.61234e+01 | 41 -0.29518  8.67940e+00 | 42 -0.47491 -4.03014e+00
 43 -0.83123 -3.31880e+02 | 44  0.24831 -6.51697e+02 | 45  0.25482 -3.75115e+02
 46  0.27292 -2.24662e+01 | 47  0.26965  2.11111e+02 | 48 -0.44119 -7.67716e-01
 49 -0.48585 -7.92650e-02 | 50  0.77193  8.27392e-03 | 51 -0.74317 -9.75039e-03
 52 -0.74354 -1.33416e+02 | 53 -0.76281  1.44526e+02 | 54 -0.95000  1.61672e+02
 55 -0.93757 -1.29506e+02 | 56 -0.34365  6.76462e+01 | 57  0.20485  3.22311e+00
 58 -0.12950  1.77045e+02 | 59 -0.12498 -4.59881e+02 | 60  0.01777 -4.59096e+01
 61  0.04967  6.95870e+00 |
61 variables; iteration 40; function evaluation 51; phase 3
Function value 1.1885185e+02; maximum gradient component mag -3.6442e+03
Var    Value     Gradient |Var    Value     Gradient |Var    Value     Gradient
  1  0.13561 -3.64417e+03 |  2 -0.09823 -1.25036e+01 |  3 -0.08052 -1.67615e+00
  4  0.00232 -6.35656e+01 |  5 -0.02477 -2.24105e+01 |  6  0.01925 -6.20078e+01
  7 -0.05103  2.00189e+01 |  8 -0.10063  2.40986e+01 |  9 -0.05315  2.74525e+01
 10 -0.06727  3.07356e+01 | 11  0.04125  3.20665e+01 | 12  0.02468  2.69126e+01
 13  0.06223  7.51215e+00 | 14  0.00599  5.25181e+00 | 15 -0.00958  1.74454e+01
 16  0.07226  3.08518e+00 | 17  0.02685  1.78505e+01 | 18 -0.05187  1.69240e+01
 19 -0.00616 -1.12957e+01 | 20 -0.02149  1.13637e+01 | 21  0.04845  3.93166e+00
 22  0.04295  7.13727e+00 | 23 -0.05713  1.55504e+01 | 24 -0.03354 -8.98413e+00
 25 -0.10690  7.50906e+00 | 26  0.01384  1.40212e+01 | 27 -0.01239 -6.21066e+01
 28 -0.01080 -1.11656e+02 | 29  0.05569 -1.58787e+02 | 30  0.00496  2.55018e+01
 31  0.06081  2.77284e+01 | 32 -0.02728  3.70982e+00 | 33  0.05426  7.66688e+01
 34  0.01977  4.24444e+01 | 35  0.05547  7.16938e+01 | 36  0.02213 -2.54522e+00
 37 -0.00947 -1.96896e+01 | 38  0.01396 -1.56407e+02 | 39 -0.00369  1.85936e+01
 40 -0.57510 -7.98584e+01 | 41 -0.29279  3.25579e+00 | 42 -0.46975 -3.17156e+00
 43 -0.82861 -2.81862e+02 | 44  0.24918 -5.80966e+02 | 45  0.25478 -3.27864e+02
 46  0.27314 -1.07502e+01 | 47  0.26859  2.20041e+02 | 48 -0.37057  1.13819e+01
 49 -0.47667  3.73698e-01 | 50  0.77124  8.25409e-03 | 51 -0.74260 -9.09175e-03
 52 -0.73863 -7.96150e+01 | 53 -0.75934  8.66360e+01 | 54 -0.94825  7.43293e+01
 55 -0.93554 -5.97114e+01 | 56 -0.33730  6.88069e+01 | 57  0.17766  3.03318e+00
 58 -0.12998  1.42981e+02 | 59 -0.12453 -4.24048e+02 | 60  0.00897 -4.69792e+01
 61  0.04297 -6.38116e+00 |
61 variables; iteration 60; function evaluation 82; phase 3
Function value 1.0934500e+02; maximum gradient component mag -4.4721e+02
Var    Value     Gradient |Var    Value     Gradient |Var    Value     Gradient
  1  0.13542 -4.47205e+02 |  2 -0.07701 -6.79932e+00 |  3 -0.09147  2.19148e-02
  4  0.00876 -1.09301e+01 |  5 -0.02621 -1.52574e+01 |  6  0.02116 -2.30723e+01
  7 -0.04979  5.32383e+00 |  8 -0.09905  5.97978e+00 |  9 -0.05466  5.51769e+00
 10 -0.07094  1.34317e+00 | 11  0.03839  4.46509e+00 | 12  0.02269  3.17533e+00
 13  0.06676  6.50898e+00 | 14  0.00419 -1.05134e+01 | 15 -0.00859 -2.59624e+00
 16  0.07293 -1.65048e+01 | 17  0.02437 -1.86971e+01 | 18 -0.05022 -1.06957e+01
 19 -0.00252  1.45122e+01 | 20 -0.02243  1.62323e+01 | 21  0.05092  1.55079e+01
 22  0.04109 -2.31052e+00 | 23 -0.06164 -7.49240e+00 | 24 -0.02895 -6.92064e+00
 25 -0.10819 -2.22339e+01 | 26  0.01466 -4.63170e+01 | 27 -0.01111  1.06658e+01
 28 -0.00648  3.11501e+01 | 29  0.05922  6.53600e+01 | 30  0.00355  3.10130e+01
 31  0.06009  3.33941e+01 | 32 -0.02709 -1.74984e-01 | 33  0.04643  1.75951e+01
 34  0.01664  1.07567e+01 | 35  0.05121  6.54011e+00 | 36  0.02575 -9.69202e-01
 37 -0.00682 -4.09149e+01 | 38  0.01922 -7.14199e+01 | 39 -0.00514  1.50075e+01
 40 -0.55891 -5.66875e+01 | 41 -0.27456  2.53280e+00 | 42 -0.45355  2.24976e+00
 43 -0.81866 -7.76166e+00 | 44  0.25392  3.17409e+01 | 45  0.25675  1.97523e+02
 46  0.27370  4.75220e+01 | 47  0.27293  1.70277e+01 | 48 -0.37559  7.74805e+00
 49 -0.10347  2.81591e-01 | 50  0.75235  7.69181e-03 | 51 -0.72400  1.21215e-03
 52 -0.75131  7.40902e+01 | 53 -0.77618 -8.25409e+01 | 54 -0.94897 -6.56776e+00
 55 -0.93761  5.30723e+00 | 56 -0.30575 -2.21518e+00 | 57 -0.33396 -6.37914e-02
 58 -0.12448 -1.82790e+02 | 59 -0.10947 -1.70221e+01 | 60  0.04469  8.44380e+00
 61  0.06434 -2.47890e+01 |
Maximum number of function evaluations exceeded

 - final statistics:
61 variables; iteration 78; function evaluation 100
Function value 1.0607e+02; maximum gradient component mag -3.2013e+01
Exit code = 3;  converg criter 1.0000e+00
Var    Value     Gradient |Var    Value     Gradient |Var    Value     Gradient
  1  0.13509 -3.20133e+01 |  2 -0.04939 -8.83565e-02 |  3 -0.09743 -9.40833e-02
  4  0.00863 -7.37916e-01 |  5 -0.02484 -3.11914e-01 |  6  0.02216 -1.12366e+00
  7 -0.05182  7.65982e-01 |  8 -0.10056  7.07472e-01 |  9 -0.05350  1.25965e+00
 10 -0.07311  3.56710e-01 | 11  0.03508  4.94593e-01 | 12  0.02114  5.40965e-01
 13  0.06449  3.11310e-01 | 14  0.00818  5.37853e-01 | 15 -0.00855  4.81862e-01
 16  0.07434  3.71796e-01 | 17  0.02496  3.62382e-01 | 18 -0.04947  2.32513e-01
 19 -0.00146  5.12603e-01 | 20 -0.02295  3.75656e-01 | 21  0.04926  7.16924e-01
 22  0.04208  2.89586e-01 | 23 -0.05848  2.81441e-01 | 24 -0.02961  1.28867e-01
 25 -0.10254  2.15432e-01 | 26  0.01450 -9.19083e-01 | 27 -0.01104  3.60023e-01
 28 -0.00579  2.01496e-01 | 29  0.05892  1.58156e+00 | 30  0.00247  1.56343e+00
 31  0.05943  8.18989e-01 | 32 -0.02637  2.84669e-01 | 33  0.04527  2.74306e-01
 34  0.01571  7.55403e-02 | 35  0.05110 -1.01636e+00 | 36  0.02533 -2.11207e+00
 37 -0.00513 -3.94835e+00 | 38  0.02066 -5.09006e+00 | 39 -0.01051  2.69165e-01
 40 -0.51928 -6.76345e-01 | 41 -0.26708 -2.00258e-01 | 42 -0.44880  1.94175e-02
 43 -0.81676  1.90832e+00 | 44  0.25233  4.62170e+00 | 45  0.25867  6.24584e-01
 46  0.27323  4.30971e-01 | 47  0.27522  2.88290e+00 | 48 -0.36814  2.20347e-01
 49  0.75320  9.26156e-03 | 50  0.58807  4.27070e-03 | 51 -0.72160 -5.46017e-04
 52 -0.73917  5.89293e+00 | 53 -0.76449 -6.55972e+00 | 54 -0.96350 -3.58065e+00
 55 -0.95549  2.84853e+00 | 56 -0.29986 -1.70666e+00 | 57 -1.07174  3.32705e-02
 58 -0.10235  1.42545e+00 | 59 -0.08883  8.57786e-01 | 60  0.05632 -1.59241e-01
 61  0.07151 -3.26352e-01 |

Initial statistics: 63 variables; iteration 0; function evaluation 0; phase 4
Function value 1.0606716e+02; maximum gradient component mag 1.3859e+02
Var    Value     Gradient |Var    Value     Gradient |Var    Value     Gradient
  1  0.13509 -3.20133e+01 |  2 -0.04939 -8.83565e-02 |  3 -0.09743 -9.40833e-02
  4  0.00863 -7.37916e-01 |  5 -0.02484 -3.08647e-01 |  6  0.02216 -1.12040e+00
  7 -0.05182  7.69241e-01 |  8 -0.10056  7.10701e-01 |  9 -0.05350  1.26291e+00
 10 -0.07311  3.59958e-01 | 11  0.03508  4.97857e-01 | 12  0.02114  5.44233e-01
 13  0.06449  3.14563e-01 | 14  0.00818  5.41122e-01 | 15 -0.00855  4.85131e-01
 16  0.07434  3.75044e-01 | 17  0.02496  3.65649e-01 | 18 -0.04947  2.35773e-01
 19 -0.00146  5.15873e-01 | 20 -0.02295  3.78924e-01 | 21  0.04926  7.20184e-01
 22  0.04208  2.92848e-01 | 23 -0.05848  2.84697e-01 | 24 -0.02961  1.32133e-01
 25 -0.10254  2.18659e-01 | 26  0.01450 -9.15814e-01 | 27 -0.01104  3.63292e-01
 28 -0.00578  2.04765e-01 | 29  0.05892  1.58482e+00 | 30  0.00247  1.56670e+00
 31  0.05943  8.22245e-01 | 32 -0.02637  2.87936e-01 | 33  0.04527  2.77567e-01
 34  0.01571  7.88092e-02 | 35  0.05110 -1.01310e+00 | 36  0.02533 -2.10880e+00
 37 -0.00513 -3.94508e+00 | 38  0.02066 -5.08679e+00 | 39 -0.01051  2.72435e-01
 40 -0.51928 -6.76345e-01 | 41 -0.26708 -2.00258e-01 | 42 -0.44880  1.94175e-02
 43 -0.81676  1.90832e+00 | 44  0.25233  4.62170e+00 | 45  0.25867  6.24584e-01
 46  0.27323  4.30971e-01 | 47  0.27522  2.88290e+00 | 48 -0.36814  2.20347e-01
 49  0.75320  9.26156e-03 | 50  0.58807  4.27070e-03 | 51 -0.72160 -5.46017e-04
 52 -0.73917  5.89293e+00 | 53 -0.76449 -6.55972e+00 | 54 -0.96350 -3.58065e+00
 55 -0.95549  2.84853e+00 | 56 -0.29986 -1.70666e+00 | 57 -0.92826 -3.32705e-02
 58 -0.10235  1.42545e+00 | 59 -0.08883  8.57786e-01 | 60  0.05632 -1.59241e-01
 61  0.07151 -3.26352e-01 | 62 -0.05795  1.38585e+02 | 63 -0.17585 -1.32497e+02

Intermediate statistics: 63 variables; iteration 20; function evaluation 31; phase 4
Function value 1.0426787e+02; maximum gradient component mag -3.7627e+02
Var    Value     Gradient |Var    Value     Gradient |Var    Value     Gradient
  1  0.13500 -1.83317e+02 |  2 -0.04920 -4.33053e-01 |  3 -0.09738 -1.08585e+00
  4  0.00851 -8.94611e+00 |  5 -0.02484 -4.88146e+00 |  6  0.02192 -1.10672e+01
  7 -0.05247  1.24765e+01 |  8 -0.10240  1.41034e+01 |  9 -0.05595  2.50876e+01
 10 -0.07564  2.63764e+00 | 11  0.03483  2.77322e+00 | 12  0.02108  1.97451e+00
 13  0.06465  7.30220e-02 | 14  0.00841 -1.57719e+00 | 15 -0.00819 -1.81864e+00
 16  0.07418 -1.02628e+01 | 17  0.02462 -1.58391e+01 | 18 -0.04926 -1.45006e+01
 19 -0.00476 -1.56597e+01 | 20 -0.01951  1.51565e+01 | 21  0.04446 -2.45205e+01
 22  0.04115 -1.25599e+01 | 23 -0.05815 -4.14534e+00 | 24 -0.03222 -1.46750e+01
 25 -0.10446 -2.91135e+00 | 26  0.01656  1.92454e+01 | 27 -0.00961 -3.33556e+00
 28 -0.00707 -1.78026e+01 | 29  0.05903 -1.68328e+01 | 30  0.00351  4.83699e+00
 31  0.06045  2.29789e+00 | 32 -0.02566  3.51060e+00 | 33  0.04740  1.01243e+01
 34  0.01783  1.08106e+01 | 35  0.05214  6.87800e+00 | 36  0.02563  8.57740e+00
 37 -0.00518  1.44199e+01 | 38  0.02050  2.71393e+00 | 39 -0.00357  1.98193e+01
 40 -0.51708 -1.86544e+00 | 41 -0.26560 -1.72451e+00 | 42 -0.44722  9.60424e-01
 43 -0.81637  3.35675e+01 | 44  0.25017  5.46845e+01 | 45  0.25675 -1.25499e+02
 46  0.27299 -9.45299e+00 | 47  0.27337 -4.34410e+01 | 48 -0.36682  2.41619e+00
 49  0.75318  2.43733e-02 | 50  0.58805  4.26025e-03 | 51 -0.72160 -1.09692e-03
 52 -0.73902 -2.35219e+01 | 53 -0.76422  2.60888e+01 | 54 -0.96294 -3.76273e+02
 55 -0.95434  3.05304e+02 | 56 -0.30834 -1.76217e+01 | 57 -0.92816 -1.48612e-01
 58 -0.11007 -3.76053e+01 | 59 -0.08599  5.28848e+01 | 60  0.05192  3.77855e+00
 61  0.07038  5.27761e+00 | 62 -0.06916  9.20542e+01 | 63 -0.16703 -1.26300e+02
63 variables; iteration 40; function evaluation 56; phase 4
Function value 1.0357306e+02; maximum gradient component mag -2.8557e+02
Var    Value     Gradient |Var    Value     Gradient |Var    Value     Gradient
  1  0.13496 -2.11381e+02 |  2 -0.04692  1.25596e-01 |  3 -0.09694 -8.36608e-01
  4  0.00956 -4.33616e+00 |  5 -0.02508 -1.59845e+00 |  6  0.02213 -3.37315e+00
  7 -0.05311  9.73392e+00 |  8 -0.10261  1.34579e+01 |  9 -0.05538  2.47141e+01
 10 -0.07006  9.46695e+00 | 11  0.03576  3.48329e+00 | 12  0.02086  1.47263e+00
 13  0.06523  1.94213e+00 | 14  0.00659 -4.54193e+00 | 15 -0.01193 -4.66644e+00
 16  0.07416 -5.77835e+00 | 17  0.02656 -9.12420e-01 | 18 -0.04935 -4.69667e+00
 19 -0.00546 -1.78464e+01 | 20 -0.01878  1.84180e+01 | 21  0.04402 -2.60874e+01
 22  0.04150 -1.05496e+01 | 23 -0.06055 -7.27380e+00 | 24 -0.03084 -5.98209e+00
 25 -0.10209  6.64967e+00 | 26  0.01579  2.24110e+01 | 27 -0.00879  1.06691e+00
 28 -0.00731 -1.69484e+01 | 29  0.05920 -1.29141e+01 | 30  0.00355 -8.12274e+00
 31  0.06063 -1.43977e+01 | 32 -0.02517 -4.20765e+00 | 33  0.04815 -4.63652e+00
 34  0.01784 -2.00917e+00 | 35  0.05274  4.59384e+00 | 36  0.02577  8.52663e+00
 37 -0.00537  1.84724e+01 | 38  0.02099  1.25596e+01 | 39 -0.01024 -7.75409e-01
 40 -0.51957 -1.95732e+00 | 41 -0.26059  3.92630e+00 | 42 -0.44478  4.84167e+00
 43 -0.81662  8.51814e+00 | 44  0.25066  4.84359e+01 | 45  0.25655 -2.85574e+02
 46  0.27308  1.61874e+00 | 47  0.27114 -3.28778e+01 | 48 -0.36992 -2.90675e+00
 49  0.75118 -1.45318e-02 | 50  0.58688  4.19520e-03 | 51 -0.72158 -3.75090e-03
 52 -0.72004 -3.08672e+01 | 53 -0.74692  3.42353e+01 | 54 -0.94134 -2.00130e+02
 55 -0.92766  1.62169e+02 | 56 -0.30620 -1.74807e+01 | 57 -0.91835 -1.49912e-01
 58 -0.23160  8.20914e+01 | 59 -0.08582 -5.19423e+01 | 60  0.03767 -9.13684e+00
 61  0.06264  6.32443e+00 | 62  0.04325  7.77611e+01 | 63 -0.04081  9.88023e+00
63 variables; iteration 60; function evaluation 86; phase 4
Function value 1.0215086e+02; maximum gradient component mag 7.3182e+01
Var    Value     Gradient |Var    Value     Gradient |Var    Value     Gradient
  1  0.13496 -4.74851e+00 |  2 -0.04746  4.32397e-01 |  3 -0.09585  7.32096e-01
  4  0.00799 -4.94927e-01 |  5 -0.02429  2.54491e+00 |  6  0.02262  5.06353e+00
  7 -0.05332  4.85441e+00 |  8 -0.10222  7.89182e+00 |  9 -0.05608  1.43629e+01
 10 -0.07395  1.91642e+00 | 11  0.03355 -2.03432e+00 | 12  0.01934 -3.42474e+00
 13  0.06472 -1.91821e+00 | 14  0.00961  1.73197e+00 | 15 -0.00836 -1.11609e+00
 16  0.07449 -1.28636e+00 | 17  0.02469 -2.19671e+00 | 18 -0.04854  1.02647e+00
 19 -0.00345 -4.95295e+00 | 20 -0.02127 -2.67205e+00 | 21  0.04523 -1.16192e+01
 22  0.04051 -8.10905e+00 | 23 -0.05968 -5.16200e+00 | 24 -0.03019 -1.85303e+00
 25 -0.10475 -5.50760e+00 | 26  0.01593 -3.56942e+00 | 27 -0.00965  3.26855e-01
 28 -0.00678 -5.23888e+00 | 29  0.05907 -3.80532e+00 | 30  0.00378  2.71690e+00
 31  0.06081  2.73916e+00 | 32 -0.02527  4.92463e+00 | 33  0.04833  5.41723e+00
 34  0.01824  5.56116e+00 | 35  0.05237  7.91267e+00 | 36  0.02565  3.53322e+00
 37 -0.00540  2.17195e+00 | 38  0.02066 -8.94887e+00 | 39 -0.00709 -9.04140e-01
 40 -0.51806 -1.27073e+00 | 41 -0.26561  6.30212e-01 | 42 -0.44843 -1.80276e+00
 43 -0.81632 -3.80622e+00 | 44  0.25122 -1.23479e+01 | 45  0.25689 -4.89714e+01
 46  0.27330  1.09525e+01 | 47  0.27367 -8.28969e+00 | 48 -0.36745  1.18113e+00
 49  0.73543  1.60376e-02 | 50  0.57839  4.12004e-03 | 51 -0.72142 -1.85457e-03
 52 -0.68534 -1.22971e+01 | 53 -0.71585  1.36824e+01 | 54 -0.96743  7.31821e+01
 55 -0.96042 -6.03133e+01 | 56 -0.30471  1.66878e+00 | 57 -0.78639  1.85185e-02
 58 -0.18796  1.59203e+01 | 59 -0.09101  2.17581e+00 | 60  0.05240  8.64356e-02
 61  0.07102  3.69989e+00 | 62 -0.02593  8.05550e+00 | 63 -0.08645  8.49953e+00
63 variables; iteration 80; function evaluation 107; phase 4
Function value 1.0188083e+02; maximum gradient component mag -7.4246e+00
Var    Value     Gradient |Var    Value     Gradient |Var    Value     Gradient
  1  0.13494 -7.42464e+00 |  2 -0.04893 -5.92021e-03 |  3 -0.09713  4.06760e-03
  4  0.00892 -8.19434e-02 |  5 -0.02453  4.83185e-02 |  6  0.02250 -1.10651e-01
  7 -0.05290  2.84913e-02 |  8 -0.10270 -1.02169e-01 |  9 -0.05676 -1.45941e-01
 10 -0.07580  1.70499e-01 | 11  0.03458  1.37547e-01 | 12  0.02109  1.45804e-01
 13  0.06507  1.71160e-01 | 14  0.00846  7.25317e-02 | 15 -0.00847  1.22632e-01
 16  0.07466  9.08232e-02 | 17  0.02529  1.37926e-01 | 18 -0.04916  1.66956e-01
 19 -0.00332  2.10516e-01 | 20 -0.02126 -4.73695e-02 | 21  0.04651  1.45475e-01
 22  0.04098  2.34656e-01 | 23 -0.05890  1.28004e-01 | 24 -0.03138  3.04732e-01
 25 -0.10348  3.03560e-01 | 26  0.01601  1.05557e-01 | 27 -0.01034  4.00443e-02
 28 -0.00627 -2.24858e-02 | 29  0.05916 -1.95096e-01 | 30  0.00358 -5.43515e-02
 31  0.06070 -1.86470e-01 | 32 -0.02547 -1.24090e-01 | 33  0.04760  3.05744e-02
 34  0.01760 -1.50019e-01 | 35  0.05185 -6.20531e-01 | 36  0.02562 -5.40289e-01
 37 -0.00507 -7.28835e-01 | 38  0.02093  1.37763e-01 | 39 -0.00707  6.89683e-02
 40 -0.51715  2.88640e-01 | 41 -0.26506  4.81434e-02 | 42 -0.44720 -2.80486e-02
 43 -0.81624  1.39169e-01 | 44  0.25226 -1.55296e+00 | 45  0.25660  1.06386e+00
 46  0.27317  2.27813e-01 | 47  0.27408 -1.63326e-01 | 48 -0.36114 -5.81277e-01
 49  0.26024 -8.43834e-03 | 50  0.17680  1.08171e-03 | 51 -0.71112 -5.21217e-05
 52 -0.70072  2.52089e+00 | 53 -0.73003 -2.81220e+00 | 54 -0.93725 -3.05488e+00
 55 -0.92357  2.45542e+00 | 56 -0.30630  3.58854e-01 | 57 -0.55694  6.15920e-03
 58 -0.11883 -5.56739e+00 | 59 -0.15370  5.49580e+00 | 60  0.05281 -4.51117e-02
 61  0.07045 -1.30288e-02 | 62 -0.19707 -7.13406e-01 | 63 -0.21380 -4.64365e+00
  ic > imax  in fminim is answer attained ?
Var    Value     Gradient |Var    Value     Gradient |Var    Value     Gradient
  1  0.13493 -2.48989e+00 |  2 -0.04893 -4.82820e-03 |  3 -0.09717 -4.65892e-04
  4  0.00892 -4.84217e-02 |  5 -0.02453  2.37028e-03 |  6  0.02252 -4.26616e-02
  7 -0.05291  4.47311e-02 |  8 -0.10266  2.75490e-02 |  9 -0.05675  6.27448e-02
 10 -0.07585  3.11306e-02 | 11  0.03456  3.56074e-02 | 12  0.02108  3.55009e-02
 13  0.06507  4.64459e-02 | 14  0.00846  2.50716e-02 | 15 -0.00848  3.57510e-02
 16  0.07466 -3.76799e-02 | 17  0.02531 -4.61806e-02 | 18 -0.04915 -2.74649e-02
 19 -0.00335  2.40382e-02 | 20 -0.02122  4.73574e-02 | 21  0.04649 -6.61581e-03
 22  0.04095  4.66177e-02 | 23 -0.05891  2.59007e-02 | 24 -0.03145 -7.35183e-03
 25 -0.10352  1.79757e-02 | 26  0.01604  4.28960e-02 | 27 -0.01035  4.79491e-04
 28 -0.00627 -5.83397e-02 | 29  0.05917 -1.38510e-01 | 30  0.00359 -6.58071e-03
 31  0.06070  4.21926e-02 | 32 -0.02545  9.92101e-03 | 33  0.04758 -3.59552e-03
 34  0.01760 -3.74803e-03 | 35  0.05186 -8.18282e-02 | 36  0.02562 -9.13877e-02
 37 -0.00505 -1.02225e-01 | 38  0.02092 -5.63048e-02 | 39 -0.00696  1.06522e-01
 40 -0.51710  9.32161e-02 | 41 -0.26508  1.86818e-02 | 42 -0.44721 -9.00113e-03
 43 -0.81623  5.07834e-02 | 44  0.25233 -3.64289e-01 | 45  0.25662 -1.40428e-01
 46  0.27317  1.29665e-01 | 47  0.27410 -8.82477e-02 | 48 -0.35667 -1.70942e-01
 49  0.01339 -3.03035e-03 | 50 -0.10097 -3.22436e-04 | 51 -0.70279  5.39497e-05
 52 -0.69145  6.93206e-01 | 53 -0.72167 -7.70128e-01 | 54 -0.91439 -2.39117e-01
 55 -0.89573  1.58283e-01 | 56 -0.30770  2.13619e-01 | 57 -0.49973  3.33783e-03
 58 -0.11266 -3.03034e+01 | 59 -0.17577 -3.45954e+01 | 60  0.05292  1.62457e-02
 61  0.07050 -1.19063e-02 | 62 -0.24075  7.99200e+01 | 63 -0.24081 -1.08527e+02
Function minimizer not making progress ... is minimum attained?
Minimprove criterion = 0.0000e+00
Warning: the following parameters had issues
  selparm[7] is within 1% of lower bound: 0.0000e+00 < 1.8056e-02 < 4.0000e+00
  selparm[8] is within 1% of lower bound: 0.0000e+00 < 2.6765e-02 < 4.0000e+00


 - final statistics:
63 variables; iteration 98; function evaluation 194
Function value 1.0188e+02; maximum gradient component mag -1.0853e+02
Exit code = 1;  converg criter 1.0000e-04
Var    Value     Gradient |Var    Value     Gradient |Var    Value     Gradient
  1  0.13493 -2.48989e+00 |  2 -0.04893 -4.82820e-03 |  3 -0.09717 -4.65892e-04
  4  0.00892 -4.84217e-02 |  5 -0.02453  2.37028e-03 |  6  0.02252 -4.26616e-02
  7 -0.05291  4.47311e-02 |  8 -0.10266  2.75490e-02 |  9 -0.05675  6.27448e-02
 10 -0.07585  3.11306e-02 | 11  0.03456  3.56074e-02 | 12  0.02108  3.55009e-02
 13  0.06507  4.64459e-02 | 14  0.00846  2.50716e-02 | 15 -0.00848  3.57510e-02
 16  0.07466 -3.76799e-02 | 17  0.02531 -4.61806e-02 | 18 -0.04915 -2.74649e-02
 19 -0.00335  2.40382e-02 | 20 -0.02122  4.73574e-02 | 21  0.04649 -6.61581e-03
 22  0.04095  4.66177e-02 | 23 -0.05891  2.59007e-02 | 24 -0.03145 -7.35183e-03
 25 -0.10352  1.79757e-02 | 26  0.01604  4.28960e-02 | 27 -0.01035  4.79491e-04
 28 -0.00627 -5.83397e-02 | 29  0.05917 -1.38510e-01 | 30  0.00359 -6.58071e-03
 31  0.06070  4.21926e-02 | 32 -0.02545  9.92101e-03 | 33  0.04758 -3.59552e-03
 34  0.01760 -3.74803e-03 | 35  0.05186 -8.18282e-02 | 36  0.02562 -9.13877e-02
 37 -0.00505 -1.02225e-01 | 38  0.02092 -5.63048e-02 | 39 -0.00696  1.06522e-01
 40 -0.51710  9.32161e-02 | 41 -0.26508  1.86818e-02 | 42 -0.44721 -9.00113e-03
 43 -0.81623  5.07834e-02 | 44  0.25233 -3.64289e-01 | 45  0.25662 -1.40428e-01
 46  0.27317  1.29665e-01 | 47  0.27410 -8.82477e-02 | 48 -0.35667 -1.70942e-01
 49  0.01339 -3.03035e-03 | 50 -0.10097 -3.22436e-04 | 51 -0.70279  5.39497e-05
 52 -0.69145  6.93206e-01 | 53 -0.72167 -7.70128e-01 | 54 -0.91439 -2.39117e-01
 55 -0.89573  1.58283e-01 | 56 -0.30770  2.13619e-01 | 57 -0.49973  3.33783e-03
 58 -0.11266 -3.03034e+01 | 59 -0.17577 -3.45954e+01 | 60  0.05292  1.62457e-02
 61  0.07050 -1.19063e-02 | 62 -0.24075  7.99200e+01 | 63 -0.24081 -1.08527e+02
Estimating row 1 out of 63 for hessian
Estimating row 2 out of 63 for hessian
Estimating row 3 out of 63 for hessian
Estimating row 4 out of 63 for hessian
Estimating row 5 out of 63 for hessian
Estimating row 6 out of 63 for hessian
Estimating row 7 out of 63 for hessian
Estimating row 8 out of 63 for hessian
Estimating row 9 out of 63 for hessian
Estimating row 10 out of 63 for hessian
Estimating row 11 out of 63 for hessian
Estimating row 12 out of 63 for hessian
Estimating row 13 out of 63 for hessian
Estimating row 14 out of 63 for hessian
Estimating row 15 out of 63 for hessian
Estimating row 16 out of 63 for hessian
Estimating row 17 out of 63 for hessian
Estimating row 18 out of 63 for hessian
Estimating row 19 out of 63 for hessian
Estimating row 20 out of 63 for hessian
Estimating row 21 out of 63 for hessian
Estimating row 22 out of 63 for hessian
Estimating row 23 out of 63 for hessian
Estimating row 24 out of 63 for hessian
Estimating row 25 out of 63 for hessian
Estimating row 26 out of 63 for hessian
Estimating row 27 out of 63 for hessian
Estimating row 28 out of 63 for hessian
Estimating row 29 out of 63 for hessian
Estimating row 30 out of 63 for hessian
Estimating row 31 out of 63 for hessian
Estimating row 32 out of 63 for hessian
Estimating row 33 out of 63 for hessian
Estimating row 34 out of 63 for hessian
Estimating row 35 out of 63 for hessian
Estimating row 36 out of 63 for hessian
Estimating row 37 out of 63 for hessian
Estimating row 38 out of 63 for hessian
Estimating row 39 out of 63 for hessian
Estimating row 40 out of 63 for hessian
Estimating row 41 out of 63 for hessian
Estimating row 42 out of 63 for hessian
Estimating row 43 out of 63 for hessian
Estimating row 44 out of 63 for hessian
Estimating row 45 out of 63 for hessian
Estimating row 46 out of 63 for hessian
Estimating row 47 out of 63 for hessian
Estimating row 48 out of 63 for hessian
Estimating row 49 out of 63 for hessian
Estimating row 50 out of 63 for hessian
Estimating row 51 out of 63 for hessian
Estimating row 52 out of 63 for hessian
Estimating row 53 out of 63 for hessian
Estimating row 54 out of 63 for hessian
Estimating row 55 out of 63 for hessian
Estimating row 56 out of 63 for hessian
Estimating row 57 out of 63 for hessian
Estimating row 58 out of 63 for hessian
Estimating row 59 out of 63 for hessian
Estimating row 60 out of 63 for hessian
Estimating row 61 out of 63 for hessian
Estimating row 62 out of 63 for hessian
Estimating row 63 out of 63 for hessian
Warning -- Hessian does not appear to be positive definite
Estimated covariance matrix may not be positive definite.
 -2.0028232240e-05 1.3931626375e-11 1.3929789434e-10 1.2113413647e-07 3.5561410545e-06 3.8979251793e-06 7.3210030442e-06 8.2697933968e-06 8.9440435924e-06 9.9755609025e-06 1.2460315375e-05 1.4787173928e-05 1.7872862824e-05 2.1120285829e-05 2.4976993725e-05 2.8276225051e-05 2.8517826867e-05 3.2086503092e-05 3.3488954775e-05 3.8835117420e-05 4.7805693038e-05 4.9030600177e-05 6.2879994790e-05 7.9109659612e-05 8.3831529016e-05 9.2311627859e-05 9.7691188438e-05 1.2556389711e-04 1.3373998895e-04 1.5015610654e-04 1.5665192518e-04 2.1114353027e-04 2.1416041845e-04 2.2940772324e-04 2.4891125266e-04 2.5016244405e-04 3.0601689532e-04 3.1185719184e-04 3.2022303847e-04 3.4790725671e-04 3.6372296565e-04 3.8212456326e-04 3.9931265153e-04 4.0140107820e-04 4.9754915287e-04 5.1044893808e-04 5.4021035264e-04 6.1110200559e-04 6.5298531990e-04 7.9665564958e-04 8.7937920288e-04 1.4838823321e-03 1.6578792022e-03 2.1851489419e-03 2.5552606522e-03 4.2126713297e-03 1.2835656279e-02 1.5135004201e+00 2.3397404720e+00 4.6256118151e+00 4.9935443420e+01 1.9406150620e+02 1.9945437547e+02
size of file gradfil1.tmp = 0
size of file gradfil2.tmp = 0
size of file varssave.tmp = 0
size of file cmpdiff.tmp = 0
