
Initial statistics: 2 variables; iteration 0; function evaluation 0; phase 1
Function value 4.7887363e+03; maximum gradient component mag 3.2148e+04
Var    Value     Gradient |Var    Value     Gradient |Var    Value     Gradient
  1  0.39650  3.21484e+04 |  2  0.21635  1.27089e+04 |

 - final statistics:
2 variables; iteration 8; function evaluation 14
Function value 6.3694e+02; maximum gradient component mag -1.5506e+00
Exit code = 1;  converg criter 1.0000e+01
Var    Value     Gradient |Var    Value     Gradient |Var    Value     Gradient
  1  0.18219 -1.55057e+00 |  2  0.20261  1.30797e+00 |

Initial statistics: 49 variables; iteration 0; function evaluation 0; phase 2
Function value 6.3693755e+02; maximum gradient component mag 2.9034e+03
Var    Value     Gradient |Var    Value     Gradient |Var    Value     Gradient
  1  0.18219 -1.55057e+00 |  2  0.00000  5.06956e+01 |  3  0.00000 -1.09165e+02
  4  0.00000  3.94304e+01 |  5  0.00000 -6.82085e+01 |  6  0.00000 -2.52839e+01
  7  0.00000  5.34208e+01 |  8  0.00000  6.64865e+00 |  9  0.00000  1.06810e+01
 10  0.00000 -7.55859e+01 | 11  0.00000  9.09405e+00 | 12  0.00000 -5.28162e+01
 13  0.00000 -9.30534e+00 | 14  0.00000 -7.95364e+00 | 15  0.00000 -8.66921e+01
 16  0.00000  9.66645e+00 | 17  0.00000  1.02614e+02 | 18  0.00000  8.58573e+00
 19  0.00000  2.78914e+01 | 20  0.00000 -1.34680e+02 | 21  0.00000 -1.35005e+02
 22  0.00000  1.29258e+02 | 23  0.00000  2.34975e+01 | 24  0.00000  2.65496e+02
 25  0.00000  9.55725e+01 | 26  0.00000  1.55532e+00 | 27  0.00000  1.76003e+01
 28  0.00000 -7.00756e+01 | 29  0.00000  1.73885e+02 | 30  0.00000 -2.96505e+02
 31  0.00000  1.99313e+02 | 32  0.00000 -3.12414e+02 | 33  0.00000  2.76043e+01
 34  0.00000 -2.11299e+02 | 35  0.00000  2.63715e+01 | 36  0.00000  1.67593e+02
 37  0.00000  6.12653e+01 | 38  0.21635  2.90344e+03 | 39  0.21635 -7.78245e+02
 40  0.20261  1.30797e+00 | 41 -1.00000 -1.08293e-07 | 42  0.00000  1.27164e-04
 43  0.00000  3.71895e-01 | 44 -0.53989  7.84852e+00 | 45 -1.00000 -1.08293e-07
 46 -0.53989  1.28720e+01 | 47 -1.00000 -1.08293e-07 | 48 -0.53989  3.55781e+00
 49 -0.17585 -5.47691e+02 |

Intermediate statistics: 49 variables; iteration 20; function evaluation 31; phase 2
Function value 4.4116392e+02; maximum gradient component mag -2.7255e+03
Var    Value     Gradient |Var    Value     Gradient |Var    Value     Gradient
  1  0.20749  2.44931e+03 |  2 -0.13594 -2.18603e+01 |  3  0.16810  1.34850e+02
  4  0.03107 -4.67367e+01 |  5  0.11223  5.99816e+01 |  6  0.06130 -3.67905e+01
  7 -0.02817 -1.00991e+02 |  8  0.00554 -5.91119e+01 |  9  0.02035 -6.39493e+01
 10  0.10439  1.73125e+01 | 11  0.03566 -4.55996e+01 | 12  0.07193  4.11577e+01
 13  0.03046  6.78367e+00 | 14  0.02902 -1.20143e+01 | 15  0.08079  1.43896e+02
 16 -0.00133  3.33153e+01 | 17 -0.07782 -4.34517e+01 | 18 -0.00664  5.22619e+01
 19 -0.02880  2.57633e+01 | 20  0.12840  2.80727e+02 | 21  0.09211  2.04966e+02
 22 -0.07345 -1.84560e+01 | 23 -0.05614 -2.42205e+01 | 24 -0.16497 -5.72113e+01
 25 -0.10884 -8.18682e+01 | 26 -0.05865 -5.28931e+01 | 27 -0.06058 -9.90292e+01
 28 -0.04350 -1.68006e+02 | 29 -0.06463 -9.61645e+01 | 30  0.06913  1.12441e+02
 31 -0.01243  1.24379e+02 | 32 -0.01140 -2.90589e+02 | 33 -0.02716 -1.09470e+02
 34  0.01640 -8.16751e+01 | 35 -0.02308 -1.45541e+02 | 36 -0.01428 -4.30120e+01
 37  0.10223  5.18466e+01 | 38  0.20304  2.52900e+03 | 39  0.22497  5.10441e+02
 40  0.16718 -2.72553e+03 | 41 -1.11745  1.65353e-02 | 42 -0.00001  3.34194e-04
 43 -0.00783  6.50474e-04 | 44 -0.71983  1.80224e-02 | 45 -1.32074  6.31746e+02
 46 -0.62198  5.37318e+02 | 47 -1.17392  3.63957e+01 | 48 -0.55748  1.61674e+01
 49 -0.12982 -1.57288e+02 |
49 variables; iteration 40; function evaluation 55; phase 2
Function value 3.7043237e+02; maximum gradient component mag -2.2602e+03
Var    Value     Gradient |Var    Value     Gradient |Var    Value     Gradient
  1  0.18616  5.43276e+02 |  2 -0.18023 -2.33647e+01 |  3  0.08396  1.38717e+02
  4 -0.04869 -5.80479e+01 |  5  0.03630  6.42724e+01 |  6 -0.02145 -1.82910e+00
  7 -0.11462 -7.54473e+01 |  8 -0.07268 -4.32822e+01 |  9 -0.03576 -2.72214e+01
 10  0.08170  5.82470e+01 | 11  0.02425 -1.21169e+01 | 12  0.08790  9.49232e+01
 13  0.04462  4.07107e+01 | 14  0.05615  5.16529e+01 | 15  0.09206  1.43517e+02
 16  0.01004  5.40859e+01 | 17 -0.08658 -5.04682e+01 | 18  0.00318  4.21702e+01
 19 -0.03586 -1.48864e+01 | 20  0.17018  3.27285e+02 | 21  0.11718  2.02814e+02
 22 -0.07747 -5.66171e+01 | 23 -0.04347 -3.00497e+01 | 24 -0.23093 -1.52346e+02
 25 -0.08932 -1.09867e+02 | 26 -0.05421 -5.77152e+01 | 27 -0.03635 -1.06991e+02
 28 -0.00977 -1.69145e+02 | 29 -0.07006 -1.87209e+02 | 30  0.12814  3.75575e+02
 31 -0.02167 -6.36346e+01 | 32  0.04715 -1.13291e+02 | 33 -0.01075 -1.62169e+02
 34  0.06155  6.37753e+01 | 35 -0.00369 -1.32896e+02 | 36 -0.01565 -7.03505e+01
 37  0.10158  6.38227e+01 | 38  0.19753  6.13293e+02 | 39  0.22796  4.88762e+01
 40  0.18022 -2.26018e+03 | 41 -1.02480  7.56077e-02 | 42 -0.00020  1.88922e-04
 43 -0.04153 -1.84517e-04 | 44 -1.24684  6.81072e-03 | 45 -1.25773  3.51127e+02
 46 -0.73375  3.39563e+02 | 47 -1.35763 -4.37388e+01 | 48 -0.38872 -1.06745e+01
 49 -0.10737  9.13584e+00 |
49 variables; iteration 60; function evaluation 89; phase 2
Function value 2.3383280e+02; maximum gradient component mag 9.1749e+02
Var    Value     Gradient |Var    Value     Gradient |Var    Value     Gradient
  1  0.16404 -5.96535e+02 |  2 -0.18497 -1.16203e+01 |  3 -0.04561 -3.34004e+01
  4 -0.08669 -3.19091e+01 |  5 -0.03010 -2.85282e+01 |  6 -0.07969  6.28227e+00
  7 -0.12730  1.03970e+00 |  8 -0.10302 -3.35339e+01 |  9 -0.07539  4.31748e+00
 10  0.04259  4.31966e+01 | 11 -0.00543 -9.55670e+00 | 12  0.03776  3.84362e-01
 13  0.01143  7.77650e+00 | 14  0.00096 -1.17456e+01 | 15  0.08428  6.05529e+01
 16  0.00432 -1.85749e+00 | 17 -0.05938 -1.68774e+01 | 18  0.02349  3.53898e+01
 19  0.00079  2.44291e+01 | 20  0.10677  4.94590e+01 | 21  0.09606  6.94982e+01
 22 -0.04886 -1.65143e+01 | 23 -0.00822  2.09323e+00 | 24 -0.12162 -2.66912e+01
 25 -0.04097 -1.36605e+01 | 26 -0.00670  1.55648e+01 | 27 -0.00490 -4.73055e+01
 28  0.02069 -5.02848e+01 | 29 -0.01444 -4.23189e+01 | 30  0.07304  1.65260e+01
 31 -0.01287 -1.69500e+01 | 32  0.06928 -1.91612e+01 | 33  0.02897 -1.25081e+01
 34  0.05094 -1.89070e+01 | 35  0.01208 -3.14459e+01 | 36 -0.01590 -2.50314e+01
 37  0.05944  2.47211e+01 | 38  0.20453 -5.14785e+01 | 39  0.23799 -6.03297e+01
 40  0.21790 -5.13329e+02 | 41 -1.09121  2.16201e-02 | 42 -0.00512  7.16782e-05
 43 -1.04486  3.19316e-02 | 44 -0.81219 -1.03287e-02 | 45 -1.00254  8.74600e+02
 46 -0.99757  9.17493e+02 | 47 -1.12664  1.13849e+02 | 48 -0.79359  6.94491e+01
 49 -0.06163  2.17879e+01 |
Maximum number of function evaluations exceeded

 - final statistics:
49 variables; iteration 68; function evaluation 100
Function value 2.2677e+02; maximum gradient component mag 3.3673e+03
Exit code = 3;  converg criter 1.0000e+01
Var    Value     Gradient |Var    Value     Gradient |Var    Value     Gradient
  1  0.16291 -2.30484e+01 |  2 -0.15545 -3.84681e-01 |  3 -0.02730  1.23888e-01
  4 -0.06996 -1.27361e+00 |  5 -0.02237  1.68883e+00 |  6 -0.07274 -7.44461e-01
  7 -0.11559 -8.16384e-01 |  8 -0.07411  8.34517e-04 |  9 -0.06146 -1.25802e+00
 10  0.02453  1.48238e+00 | 11  0.00226 -8.67616e-01 | 12  0.04328  1.11406e+00
 13  0.01441  1.75722e-01 | 14  0.01381 -6.88784e-01 | 15  0.06604  2.53445e+00
 16  0.00898  3.83181e-02 | 17 -0.04748 -1.66043e+00 | 18  0.01032  1.14441e+00
 19 -0.00955  3.18132e-01 | 20  0.09175  4.64624e+00 | 21  0.07419  2.80804e+00
 22 -0.04327 -1.59177e+00 | 23 -0.00871 -7.70153e-01 | 24 -0.10936 -4.29086e+00
 25 -0.04184 -3.08046e+00 | 26 -0.01823 -9.48746e-01 | 27  0.00561 -1.97212e+00
 28  0.02143 -1.75327e+00 | 29 -0.01017 -8.98398e-01 | 30  0.06567  3.18333e+00
 31 -0.01320 -1.34801e+00 | 32  0.06657 -9.28638e-01 | 33  0.02618 -2.16930e+00
 34  0.04864  4.70283e-01 | 35  0.01243 -1.76254e+00 | 36 -0.01611 -1.45149e+00
 37  0.04473  1.80454e+00 | 38  0.20662  1.02554e+01 | 39  0.24118  1.68880e+00
 40  0.22538 -3.02759e+01 | 41 -1.01860  9.62281e-02 | 42 -0.00652  3.82760e-05
 43 -1.26548  7.04161e-03 | 44 -0.77321 -8.43240e-03 | 45 -0.99679  3.20291e+03
 46 -1.00305  3.36725e+03 | 47 -1.11476 -1.38628e-01 | 48 -0.82331 -1.11845e-01
 49 -0.05511  4.24956e+00 |

Initial statistics: 54 variables; iteration 0; function evaluation 0; phase 3
Function value 2.2676804e+02; maximum gradient component mag -3.3673e+03
Var    Value     Gradient |Var    Value     Gradient |Var    Value     Gradient
  1  0.16291 -2.30484e+01 |  2 -0.15545 -3.84681e-01 |  3 -0.02730  1.23888e-01
  4 -0.06996 -1.27361e+00 |  5 -0.02237  1.68883e+00 |  6 -0.07273 -4.56175e-01
  7 -0.11558 -5.30976e-01 |  8 -0.07410  2.89050e-01 |  9 -0.06145 -9.69199e-01
 10  0.02454  1.77235e+00 | 11  0.00227 -5.77440e-01 | 12  0.04329  1.40357e+00
 13  0.01441  4.65826e-01 | 14  0.01382 -3.98674e-01 | 15  0.06605  2.82306e+00
 16  0.00899  3.28468e-01 | 17 -0.04747 -1.37106e+00 | 18  0.01033  1.43455e+00
 19 -0.00954  6.08278e-01 | 20  0.09176  4.93340e+00 | 21  0.07419  3.09625e+00
 22 -0.04326 -1.30226e+00 | 23 -0.00871 -4.80002e-01 | 24 -0.10935 -4.00496e+00
 25 -0.04183 -2.79091e+00 | 26 -0.01822 -6.58687e-01 | 27  0.00562 -1.68195e+00
 28  0.02144 -1.46326e+00 | 29 -0.01016 -6.08257e-01 | 30  0.06567  3.47196e+00
 31 -0.01319 -1.05789e+00 | 32  0.06657 -6.40043e-01 | 33  0.02619 -1.87937e+00
 34  0.04865  7.59614e-01 | 35  0.01244 -1.47241e+00 | 36 -0.01611 -1.16141e+00
 37  0.04474  2.09400e+00 | 38  0.20662  1.02554e+01 | 39  0.24118  1.68880e+00
 40  0.22538 -3.02759e+01 | 41 -0.98140 -9.62281e-02 | 42 -0.00652  3.82760e-05
 43 -0.73452 -7.04161e-03 | 44 -0.77321 -8.43240e-03 | 45 -0.99679  3.20291e+03
 46 -0.99695 -3.36725e+03 | 47 -0.88524  1.38628e-01 | 48 -0.82331 -1.11845e-01
 49 -0.32288  3.06010e+02 | 50  0.21635  9.43420e+00 | 51 -0.17585 -1.12609e+03
 52 -0.12819  3.63082e-03 | 53 -0.05511  4.24956e+00 | 54  0.05795  3.55906e+01

Intermediate statistics: 54 variables; iteration 20; function evaluation 27; phase 3
Function value 1.7515832e+02; maximum gradient component mag 2.8352e+03
Var    Value     Gradient |Var    Value     Gradient |Var    Value     Gradient
  1  0.15379  3.88598e+02 |  2 -0.13517  6.19336e+00 |  3 -0.02088 -4.44541e+00
  4 -0.06217 -1.24309e+01 |  5 -0.01843 -2.75380e+01 |  6 -0.06089  1.27288e+01
  7 -0.10933 -5.93090e+00 |  8 -0.05485  1.23210e+01 |  9 -0.04135  1.11557e+01
 10  0.03606  2.12140e+00 | 11  0.01110 -2.31731e+00 | 12  0.04712 -4.63916e+00
 13  0.01619 -3.83518e+00 | 14  0.01171 -7.03729e-01 | 15  0.06084 -1.34488e+01
 16  0.00563  1.66713e+00 | 17 -0.05801  9.83598e+00 | 18 -0.01204  3.89845e+01
 19 -0.01367  2.97646e+01 | 20  0.06251  2.23045e+01 | 21  0.05729  1.81102e+01
 22 -0.03983  1.28663e+01 | 23 -0.02296  1.54050e+01 | 24 -0.11039  1.43177e+01
 25 -0.02521  2.17245e+01 | 26 -0.01822  2.31596e+01 | 27 -0.00575  1.96301e+01
 28  0.04030  1.67767e+01 | 29 -0.00749 -2.10501e+01 | 30  0.06658  9.17991e+00
 31 -0.01997  8.78808e+00 | 32  0.07506 -1.95806e+01 | 33  0.03305 -1.43644e+01
 34  0.05100 -2.39534e+01 | 35  0.01093 -6.38874e+01 | 36 -0.01891 -1.44010e+01
 37  0.03555 -8.15888e+00 | 38  0.24129  7.42661e+02 | 39  0.25456  2.99789e+02
 40  0.22307 -6.51905e+02 | 41 -0.97931 -8.82788e-02 | 42 -0.00652  5.89851e-06
 43 -0.73436 -7.03710e-03 | 44 -0.77303 -8.42587e-03 | 45 -0.99496 -2.67055e+03
 46 -0.99525  2.83522e+03 | 47 -0.92162  5.62403e+02 | 48 -0.89543 -4.21144e+02
 49 -0.48015  1.51420e+01 | 50  0.20956  2.53239e+00 | 51 -0.10328 -1.63122e+01
 52 -0.10785  1.57807e+01 | 53 -0.09610  1.19737e+01 | 54 -0.01111  2.21629e+01
54 variables; iteration 40; function evaluation 54; phase 3
Function value 1.6809692e+02; maximum gradient component mag 9.4750e+02
Var    Value     Gradient |Var    Value     Gradient |Var    Value     Gradient
  1  0.15335  2.10938e+02 |  2 -0.13710  4.94211e+00 |  3 -0.02661 -1.99577e+01
  4 -0.06031 -9.15814e+00 |  5 -0.01618 -2.19617e+01 |  6 -0.07175 -7.16352e+00
  7 -0.12085 -1.53424e+01 |  8 -0.06376  4.26634e+00 |  9 -0.05412  4.84825e+00
 10  0.03641  4.35752e+00 | 11  0.01624  5.11281e+00 | 12  0.05134  1.08858e+00
 13  0.01659 -6.61613e+00 | 14  0.01133 -6.00243e+00 | 15  0.06440 -1.35204e+01
 16  0.00654 -8.87563e+00 | 17 -0.05927 -7.32284e+00 | 18 -0.01375  2.79554e+00
 19 -0.00722  2.54758e+01 | 20  0.06592  4.17149e+00 | 21  0.06280  8.36126e+00
 22 -0.03689  2.07707e+00 | 23 -0.02153 -7.80201e+00 | 24 -0.10985 -1.68406e+00
 25 -0.02367  3.10963e+00 | 26 -0.01901  5.99146e+00 | 27 -0.00438  7.84242e-01
 28  0.03901 -4.43272e+00 | 29 -0.00296  8.26482e+00 | 30  0.06768  1.19853e+01
 31 -0.01821 -5.52373e+00 | 32  0.07685 -3.10570e-01 | 33  0.03786  2.04220e+01
 34  0.05407  1.47247e+01 | 35  0.01155 -2.94962e+01 | 36 -0.01988  5.55738e+00
 37  0.02778 -1.30861e+01 | 38  0.23595  5.07018e+01 | 39  0.25106  9.14443e+01
 40  0.23005  2.67717e+00 | 41 -0.89479 -1.87361e-02 | 42 -0.00654  1.93224e-05
 43 -0.72741 -6.83838e-03 | 44 -0.76471 -8.08875e-03 | 45 -0.99442 -8.88710e+02
 46 -0.99477  9.47496e+02 | 47 -0.94677  2.63189e+02 | 48 -0.92583 -1.88839e+02
 49 -0.46068  1.59849e+00 | 50 -0.37728  3.71409e-01 | 51 -0.11300  1.94335e+01
 52 -0.11423 -1.97233e+01 | 53 -0.09463 -9.63598e+00 | 54 -0.01423  1.04533e+01
54 variables; iteration 60; function evaluation 81; phase 3
Function value 1.6692366e+02; maximum gradient component mag -1.5178e+02
Var    Value     Gradient |Var    Value     Gradient |Var    Value     Gradient
  1  0.15290 -9.26024e+00 |  2 -0.14651 -2.14345e-02 |  3 -0.01521  3.55689e-01
  4 -0.05579  5.79245e-01 |  5 -0.00979  7.91682e-01 |  6 -0.06666  2.46914e-01
  7 -0.11246  3.40332e-01 |  8 -0.07095  1.89390e-01 |  9 -0.06491  4.14478e-03
 10  0.02781  2.47417e-01 | 11  0.00881  2.94665e-01 | 12  0.05032  1.90696e-01
 13  0.02013  2.16942e-01 | 14  0.01331  2.50082e-01 | 15  0.06906  1.50932e-01
 16  0.00995  2.15314e-01 | 17 -0.05542  1.49954e-01 | 18 -0.01326  1.17632e-01
 19 -0.01490  2.10212e-01 | 20  0.06551 -1.08949e-02 | 21  0.06104  1.99080e-01
 22 -0.03808  9.42053e-02 | 23 -0.01839  4.03244e-02 | 24 -0.10914  1.31852e-01
 25 -0.02357  1.81038e-01 | 26 -0.02088  2.89254e-02 | 27 -0.00377 -5.62299e-01
 28  0.04020 -1.71124e+00 | 29 -0.00358 -1.36018e-02 | 30  0.06701 -8.35226e-01
 31 -0.01616  6.96149e-01 | 32  0.07609 -1.48221e+00 | 33  0.03479 -1.61914e-01
 34  0.05334 -7.06967e-01 | 35  0.01659 -2.06718e-01 | 36 -0.01878  1.80737e-01
 37  0.03615  7.12660e-01 | 38  0.23585 -2.22035e+00 | 39  0.25048 -1.69821e+00
 40  0.22969  3.10838e-01 | 41 -0.72348 -5.84240e-03 | 42 -0.00815  4.11263e-04
 43 -0.65240 -5.06925e-03 | 44 -0.71039  1.23294e-04 | 45 -0.99335  1.41924e+02
 46 -0.99377 -1.51785e+02 | 47 -0.94657 -3.95367e+00 | 48 -0.92317  2.69672e+00
 49 -0.44561  6.68196e-02 | 50 -0.90140 -1.46684e-02 | 51 -0.11356  4.50446e-01
 52 -0.11386 -2.90115e-01 | 53 -0.10745 -7.60992e+00 | 54 -0.03864  5.86282e+00
54 variables; iteration 80; function evaluation 102; phase 3
Function value 1.6688511e+02; maximum gradient component mag 9.2954e+00
Var    Value     Gradient |Var    Value     Gradient |Var    Value     Gradient
  1  0.15296 -2.76732e-02 |  2 -0.14647  1.00700e-02 |  3 -0.01542  2.83152e-02
  4 -0.05610  2.98377e-02 |  5 -0.01007  5.88574e-02 |  6 -0.06684  8.34919e-03
  7 -0.11268  3.34216e-03 |  8 -0.07101  1.12764e-02 |  9 -0.06490  3.99556e-03
 10  0.02767  1.00284e-02 | 11  0.00863  5.96545e-03 | 12  0.05020  1.37498e-02
 13  0.02001  1.20401e-02 | 14  0.01316  9.51674e-03 | 15  0.06896  1.40383e-02
 16  0.00986  1.38307e-02 | 17 -0.05542  9.38085e-03 | 18 -0.01322  1.02927e-02
 19 -0.01494  2.27661e-03 | 20  0.06556  7.64636e-03 | 21  0.06102  4.69904e-03
 22 -0.03804  2.88425e-03 | 23 -0.01834  8.26583e-04 | 24 -0.10910  3.84913e-03
 25 -0.02361 -5.76050e-03 | 26 -0.02084  8.51043e-03 | 27 -0.00350 -5.87720e-03
 28  0.04018 -5.06838e-02 | 29 -0.00349 -7.31872e-03 | 30  0.06711 -2.76102e-02
 31 -0.01586  3.07467e-03 | 32  0.07646 -3.58509e-02 | 33  0.03509 -7.94601e-03
 34  0.05352 -2.33177e-02 | 35  0.01661 -8.04412e-03 | 36 -0.01893 -1.15919e-02
 37  0.03592  1.29385e-02 | 38  0.23576 -2.32146e-01 | 39  0.25040 -2.19441e-01
 40  0.22892 -1.77234e-01 | 41 -0.58689  1.31296e-03 | 42 -0.25752  1.84281e-04
 43  0.06984  5.35564e-04 | 44 -0.72710  2.06584e-06 | 45 -0.99302 -9.01790e+00
 46 -0.99345  9.29541e+00 | 47 -0.94432  7.68142e-01 | 48 -0.91995 -5.83172e-01
 49 -0.45516  6.95610e-02 | 50 -0.78614  9.96535e-04 | 51 -0.11584 -6.83529e-02
 52 -0.11611  1.80963e-01 | 53 -0.15449 -6.06236e-01 | 54 -0.13196  2.95288e-01
54 variables; iteration 100; function evaluation 206; phase 3
Function value 1.6688350e+02; maximum gradient component mag -5.3774e+03
Var    Value     Gradient |Var    Value     Gradient |Var    Value     Gradient
  1  0.15294 -4.30082e+00 |  2 -0.14665 -8.12585e-02 |  3 -0.01543 -6.86692e-02
  4 -0.05615 -1.83902e-01 |  5 -0.01012 -2.76483e-01 |  6 -0.06682  1.34662e-01
  7 -0.11270  3.92529e-02 |  8 -0.07102  4.55846e-02 |  9 -0.06494  6.65080e-02
 10  0.02758 -5.47313e-02 | 11  0.00856 -6.84952e-02 | 12  0.05021  4.36871e-04
 13  0.02004  4.47093e-02 | 14  0.01314 -5.81715e-03 | 15  0.06899  1.36352e-02
 16  0.00989  2.19261e-02 | 17 -0.05539  3.01868e-02 | 18 -0.01321 -6.86610e-02
 19 -0.01497 -1.39767e-01 | 20  0.06560  2.66695e-02 | 21  0.06101 -1.41336e-01
 22 -0.03806 -5.84127e-02 | 23 -0.01830  2.01336e-02 | 24 -0.10911 -4.00658e-02
 25 -0.02363 -1.42870e-01 | 26 -0.02085 -7.72285e-02 | 27 -0.00345  3.96430e-02
 28  0.04019 -8.92260e-02 | 29 -0.00346  1.53785e-01 | 30  0.06711 -4.38473e-02
 31 -0.01587 -4.02151e-02 | 32  0.07647  1.18757e-01 | 33  0.03509 -6.23683e-02
 34  0.05352 -3.36265e-02 | 35  0.01662  1.13932e-01 | 36 -0.01891  1.48256e-01
 37  0.03592  5.95092e-02 | 38  0.23575 -1.87835e+00 | 39  0.25041 -8.69645e-01
 40  0.22895  1.68871e+00 | 41 -0.56262  2.37438e-03 | 42 -0.34921 -3.82369e-04
 43  0.27415  1.58162e-03 | 44 -0.73577 -1.78847e-03 | 45 -0.99229 -3.19743e+00
 46 -0.99277  3.09044e+00 | 47 -0.93952 -1.73146e+00 | 48 -0.91302  1.15759e+00
 49 -0.48628  4.01417e-02 | 50 -0.65406  4.83507e-03 | 51 -0.11924 -6.42741e-02
 52 -0.11948  1.26715e-01 | 53 -0.17585 -5.37737e+03 | 54 -0.17585  2.60674e+03
54 variables; iteration 120; function evaluation 255; phase 3
Function value 1.6688062e+02; maximum gradient component mag -8.3079e+03
Var    Value     Gradient |Var    Value     Gradient |Var    Value     Gradient
  1  0.15296 -2.04679e+00 |  2 -0.14652 -2.50241e-02 |  3 -0.01540 -2.60808e-02
  4 -0.05610 -3.99697e-02 |  5 -0.01008 -5.57747e-02 |  6 -0.06682  3.15259e-02
  7 -0.11265  2.90106e-02 |  8 -0.07099  2.29200e-02 |  9 -0.06488  2.45932e-02
 10  0.02766  8.33650e-03 | 11  0.00863  5.20703e-03 | 12  0.05021  2.93496e-02
 13  0.02002  3.42379e-02 | 14  0.01317  1.88327e-02 | 15  0.06897  3.65899e-02
 16  0.00987  2.49335e-02 | 17 -0.05542  1.32431e-02 | 18 -0.01322 -9.73977e-03
 19 -0.01495 -9.04551e-03 | 20  0.06556  1.29251e-02 | 21  0.06101 -6.67135e-03
 22 -0.03805  5.82261e-03 | 23 -0.01834  4.01161e-03 | 24 -0.10910  1.20627e-03
 25 -0.02361 -3.32113e-02 | 26 -0.02084 -4.21023e-02 | 27 -0.00350 -4.75159e-02
 28  0.04016 -2.07556e-01 | 29 -0.00349  7.95916e-02 | 30  0.06709 -6.19388e-02
 31 -0.01586  8.33273e-02 | 32  0.07643 -1.33427e-01 | 33  0.03508  1.68492e-03
 34  0.05350 -6.33439e-02 | 35  0.01660  1.53319e-02 | 36 -0.01893  9.17974e-02
 37  0.03593  1.38419e-01 | 38  0.23575 -3.99512e-01 | 39  0.25040 -3.90379e-01
 40  0.22894  1.52990e+00 | 41 -0.63778 -2.19549e-03 | 42 -0.14432  2.21020e-04
 43 -0.41391 -2.25264e-03 | 44 -0.71459  1.51216e-04 | 45 -0.98979 -6.94730e+01
 46 -0.99043  7.37953e+01 | 47 -0.92238 -1.39942e-01 | 48 -0.88835  6.17966e-02
 49 -0.59903 -2.27845e-04 | 50 -0.46847 -8.88668e-04 | 51 -0.12909 -7.88088e-02
 52 -0.12929  8.43914e-02 | 53 -0.17584 -8.30793e+03 | 54 -0.17583  4.02573e+03
54 variables; iteration 140; function evaluation 276; phase 3
Function value 1.6687796e+02; maximum gradient component mag -5.7388e+02
Var    Value     Gradient |Var    Value     Gradient |Var    Value     Gradient
  1  0.15296  1.31611e+00 |  2 -0.14648  9.24937e-03 |  3 -0.01543  3.78476e-02
  4 -0.05610  4.19037e-02 |  5 -0.01008  8.32524e-02 |  6 -0.06687 -1.94689e-02
  7 -0.11270 -3.31121e-03 |  8 -0.07103 -1.80741e-02 |  9 -0.06494 -2.06791e-02
 10  0.02766 -4.25626e-03 | 11  0.00863  7.05392e-04 | 12  0.05020 -4.31920e-03
 13  0.02000 -4.39986e-03 | 14  0.01316 -4.19568e-03 | 15  0.06897  7.73290e-03
 16  0.00986  1.93165e-05 | 17 -0.05543 -4.06058e-03 | 18 -0.01322  1.22737e-03
 19 -0.01494  7.93109e-04 | 20  0.06556 -7.98571e-03 | 21  0.06103  8.20891e-03
 22 -0.03804  1.54876e-03 | 23 -0.01834 -3.85670e-04 | 24 -0.10910  3.10147e-03
 25 -0.02360  2.16096e-02 | 26 -0.02084  1.12834e-02 | 27 -0.00349  7.96042e-03
 28  0.04021  7.43412e-02 | 29 -0.00348 -1.93710e-02 | 30  0.06712  2.17136e-02
 31 -0.01587 -1.19398e-02 | 32  0.07649  2.05773e-02 | 33  0.03511 -8.64501e-04
 34  0.05353  7.89107e-03 | 35  0.01662  1.46434e-02 | 36 -0.01893 -3.43238e-02
 37  0.03589 -2.95842e-02 | 38  0.23576  3.09146e-01 | 39  0.25040  3.19226e-02
 40  0.22891 -2.16258e-01 | 41 -0.58478  1.81581e-04 | 42 -0.29271 -3.58616e-04
 43 -0.06836 -1.51001e-04 | 44 -0.72299  2.02474e-04 | 45 -0.98356  4.49632e+00
 46 -0.98459 -5.02027e+00 | 47 -0.87940  1.07768e+00 | 48 -0.82642 -7.68892e-01
 49 -0.82992 -1.11835e-02 | 50 -0.27504 -1.03903e-03 | 51 -0.14975 -1.55330e-01
 52 -0.14987  1.54520e-01 | 53 -0.17577 -5.73885e+02 | 54 -0.17569  2.78038e+02
54 variables; iteration 160; function evaluation 296; phase 3
Function value 1.6687433e+02; maximum gradient component mag 8.5459e+01
Var    Value     Gradient |Var    Value     Gradient |Var    Value     Gradient
  1  0.15296  5.48105e+00 |  2 -0.14630  8.65982e-02 |  3 -0.01541  5.70349e-02
  4 -0.05597  3.24525e-01 |  5 -0.00998  5.12811e-01 |  6 -0.06689 -2.30309e-01
  7 -0.11265 -4.23399e-02 |  8 -0.07104 -1.10157e-01 |  9 -0.06493 -1.24341e-01
 10  0.02775  6.94513e-02 | 11  0.00874  9.47156e-02 | 12  0.05021 -1.13548e-02
 13  0.01997 -1.02044e-01 | 14  0.01318 -1.32976e-02 | 15  0.06894 -4.35174e-02
 16  0.00982 -8.81467e-02 | 17 -0.05547 -8.92233e-02 | 18 -0.01324  4.57561e-02
 19 -0.01489  1.94175e-01 | 20  0.06550 -6.46095e-02 | 21  0.06105  2.09225e-01
 22 -0.03802  8.37912e-02 | 23 -0.01839 -5.94445e-02 | 24 -0.10909  4.06528e-02
 25 -0.02357  1.78751e-01 | 26 -0.02083  6.70842e-02 | 27 -0.00355 -4.78215e-03
 28  0.04019  3.38787e-01 | 29 -0.00351 -1.09085e-01 | 30  0.06710  8.88292e-02
 31 -0.01586  2.86566e-02 | 32  0.07642 -9.58833e-02 | 33  0.03511  1.28398e-01
 34  0.05352  8.03620e-02 | 35  0.01660 -1.15363e-01 | 36 -0.01893 -1.18840e-01
 37  0.03595 -7.44643e-02 | 38  0.23578  3.48605e+00 | 39  0.25041  1.32653e+00
 40  0.22890 -1.87696e+00 | 41 -0.60847  3.13604e-03 | 42 -0.13150  1.60999e-03
 43  0.06998  5.82134e-04 | 44 -0.72452  1.66481e-03 | 45 -0.97699 -5.29594e+01
 46 -0.97842  5.62988e+01 | 47 -0.78303  1.49163e+00 | 48 -0.68668 -1.02356e+00
 49 -0.55985  1.40964e-02 | 50 -0.46088  4.37452e-03 | 51 -0.13011 -6.11046e-01
 52 -0.13033  6.17303e-01 | 53 -0.17503  8.54589e+01 | 54 -0.17415 -4.14440e+01
54 variables; iteration 180; function evaluation 317; phase 3
Function value 1.6687302e+02; maximum gradient component mag 1.3287e+01
Var    Value     Gradient |Var    Value     Gradient |Var    Value     Gradient
  1  0.15296  3.81081e-01 |  2 -0.14645  9.49274e-03 |  3 -0.01542 -1.38849e-02
  4 -0.05608  3.51961e-02 |  5 -0.01007  4.99468e-02 |  6 -0.06685 -5.44500e-02
  7 -0.11267  2.78714e-03 |  8 -0.07101 -2.08508e-02 |  9 -0.06490 -1.41796e-02
 10  0.02768  1.74215e-02 | 11  0.00866  2.35631e-02 | 12  0.05021 -1.29360e-03
 13  0.02001 -1.34596e-02 | 14  0.01317 -2.83834e-04 | 15  0.06896 -1.27086e-02
 16  0.00985 -2.13747e-02 | 17 -0.05543 -1.92667e-02 | 18 -0.01322  6.13594e-03
 19 -0.01493  4.53894e-02 | 20  0.06555 -1.51289e-02 | 21  0.06103  4.54092e-02
 22 -0.03804  2.19806e-02 | 23 -0.01835 -1.16923e-02 | 24 -0.10910  1.64361e-02
 25 -0.02360  3.82932e-02 | 26 -0.02083  3.97578e-04 | 27 -0.00351 -1.89161e-02
 28  0.04017  2.81042e-02 | 29 -0.00349  2.89405e-03 | 30  0.06710  1.75168e-02
 31 -0.01586  4.09885e-02 | 32  0.07644 -3.52490e-02 | 33  0.03509  2.02187e-02
 34  0.05351 -6.91820e-04 | 35  0.01660 -1.69480e-02 | 36 -0.01892  2.03670e-02
 37  0.03594  2.26077e-02 | 38  0.23576  7.60836e-01 | 39  0.25041  1.58442e-01
 40  0.22893  1.50849e-01 | 41 -0.61341 -1.08524e-03 | 42 -0.20499  3.87692e-05
 43 -0.14745 -5.72503e-04 | 44 -0.72165 -2.28363e-04 | 45 -0.97240 -9.77519e+00
 46 -0.97413  1.02806e+01 | 47 -0.77515 -2.01803e-01 | 48 -0.67491  1.48637e-01
 49 -0.69119 -4.36777e-03 | 50 -0.34829 -7.57114e-04 | 51 -0.14158 -9.55491e-01
 52 -0.14172  9.58182e-01 | 53 -0.17502  1.32869e+01 | 54 -0.17413 -6.44452e+00
54 variables; iteration 200; function evaluation 338; phase 3
Function value 1.6686407e+02; maximum gradient component mag -1.4288e+01
Var    Value     Gradient |Var    Value     Gradient |Var    Value     Gradient
  1  0.15296 -4.11482e+00 |  2 -0.14654 -3.71798e-02 |  3 -0.01544 -1.22945e-01
  4 -0.05616 -2.14104e-01 |  5 -0.01016 -3.27009e-01 |  6 -0.06685  5.41645e-02
  7 -0.11270 -1.31056e-02 |  8 -0.07100  2.46613e-02 |  9 -0.06489  6.75039e-02
 10  0.02761 -2.37503e-02 | 11  0.00858 -4.32086e-02 | 12  0.05018 -2.65998e-02
 13  0.02000  9.47994e-03 | 14  0.01313 -1.35260e-02 | 15  0.06894 -4.39325e-02
 16  0.00986 -2.18762e-02 | 17 -0.05539  1.07897e-02 | 18 -0.01320 -4.09863e-02
 19 -0.01497 -1.18815e-01 | 20  0.06559  2.21907e-02 | 21  0.06101 -1.03549e-01
 22 -0.03805 -4.82737e-02 | 23 -0.01830  2.41892e-02 | 24 -0.10909 -3.32907e-02
 25 -0.02363 -1.14164e-01 | 26 -0.02083 -2.75965e-02 | 27 -0.00346  5.70046e-02
 28  0.04021  4.70213e-02 | 29 -0.00347 -1.81684e-03 | 30  0.06714  6.29909e-03
 31 -0.01588 -8.77319e-02 | 32  0.07655  1.98738e-01 | 33  0.03512 -3.28105e-02
 34  0.05354  3.79331e-02 | 35  0.01662  6.98901e-02 | 36 -0.01895  2.68824e-02
 37  0.03579 -3.77091e-03 | 38  0.23572 -1.32679e+00 | 39  0.25039 -3.77651e-01
 40  0.22889  7.12094e-02 | 41 -0.61286 -2.19385e-03 | 42 -0.24919 -5.56595e-04
 43  0.06503  5.46049e-04 | 44 -0.72497  1.25918e-03 | 45 -0.70046 -3.87081e+00
 46 -0.71940  4.13884e+00 | 47 -0.78226  3.35879e-01 | 48 -0.68538 -2.30513e-01
 49 -0.66460 -5.03711e-04 | 50 -0.31611  1.43011e-03 | 51 -0.14777 -1.84696e+00
 52 -0.14787  1.85256e+00 | 53 -0.16895 -1.42882e+01 | 54 -0.16161  6.93695e+00
54 variables; iteration 220; function evaluation 358; phase 3
Function value 1.6686363e+02; maximum gradient component mag -1.9631e+01
Var    Value     Gradient |Var    Value     Gradient |Var    Value     Gradient
  1  0.15296 -1.54055e-02 |  2 -0.14649 -3.26614e-04 |  3 -0.01543 -1.28717e-03
  4 -0.05611 -3.16231e-05 |  5 -0.01009 -6.17274e-04 |  6 -0.06685 -1.82593e-03
  7 -0.11268  8.76114e-04 |  8 -0.07102 -4.37870e-04 |  9 -0.06490  1.28995e-04
 10  0.02766  5.38376e-04 | 11  0.00863  1.02475e-03 | 12  0.05019  1.86705e-04
 13  0.02000  6.27151e-05 | 14  0.01315  9.49339e-05 | 15  0.06895 -6.36863e-04
 16  0.00985 -8.07958e-04 | 17 -0.05543 -3.89254e-04 | 18 -0.01322  4.92287e-05
 19 -0.01494  1.80792e-03 | 20  0.06556 -6.46144e-04 | 21  0.06102  1.48058e-03
 22 -0.03804  8.65389e-04 | 23 -0.01834 -2.31981e-05 | 24 -0.10910  1.05216e-03
 25 -0.02361  1.47949e-03 | 26 -0.02084 -5.59507e-04 | 27 -0.00349 -1.72828e-03
 28  0.04021 -1.34606e-03 | 29 -0.00348  1.83525e-03 | 30  0.06713  5.36134e-04
 31 -0.01588  3.12466e-03 | 32  0.07652 -2.15074e-03 | 33  0.03511  6.37250e-04
 34  0.05354 -8.66987e-04 | 35  0.01662 -2.39976e-04 | 36 -0.01894  3.01989e-03
 37  0.03584  2.40380e-03 | 38  0.23574  2.91024e-02 | 39  0.25039 -1.03138e-03
 40  0.22890  3.17956e-02 | 41 -0.59536  2.24822e-04 | 42 -0.24501  3.68802e-05
 43 -0.04042 -1.97900e-05 | 44 -0.72438 -1.62421e-04 | 45 -0.69839  4.99617e-03
 46 -0.71757 -6.10940e-03 | 47 -0.78208  1.37620e-02 | 48 -0.68507 -9.69611e-03
 49 -0.61676  2.34290e-04 | 50 -0.41571  1.12353e-04 | 51 -0.14372 -7.50884e-02
 52 -0.14386  7.39905e-02 | 53 -0.16890 -1.96305e+01 | 54 -0.16151  9.53125e+00
54 variables; iteration 240; function evaluation 378; phase 3
Function value 1.6686360e+02; maximum gradient component mag -1.8514e+01
Var    Value     Gradient |Var    Value     Gradient |Var    Value     Gradient
  1  0.15296 -5.48378e-05 |  2 -0.14649 -4.38803e-05 |  3 -0.01543 -1.13862e-04
  4 -0.05611 -8.63318e-05 |  5 -0.01009 -1.18569e-04 |  6 -0.06685 -1.13169e-04
  7 -0.11268  4.56507e-05 |  8 -0.07102 -6.00761e-05 |  9 -0.06490 -3.97278e-06
 10  0.02766  5.14566e-06 | 11  0.00863  3.77760e-05 | 12  0.05019 -2.87414e-05
 13  0.02000 -1.05411e-05 | 14  0.01316  2.29408e-05 | 15  0.06895 -1.31896e-05
 16  0.00985 -3.02518e-05 | 17 -0.05543 -7.09901e-06 | 18 -0.01322  1.94842e-05
 19 -0.01494  6.30708e-05 | 20  0.06556 -4.25518e-05 | 21  0.06102  6.07220e-05
 22 -0.03804  1.45010e-06 | 23 -0.01834 -2.46073e-05 | 24 -0.10910  1.88196e-05
 25 -0.02361  5.19688e-05 | 26 -0.02084  3.00063e-05 | 27 -0.00349 -2.06434e-05
 28  0.04021  2.13586e-04 | 29 -0.00348 -6.92148e-05 | 30  0.06712  8.95265e-05
 31 -0.01587  1.44212e-05 | 32  0.07651  1.23992e-04 | 33  0.03511 -2.10938e-05
 34  0.05353  5.23511e-05 | 35  0.01662  1.01526e-04 | 36 -0.01894  3.75250e-05
 37  0.03585 -3.92277e-05 | 38  0.23575 -1.40106e-03 | 39  0.25039  9.18769e-05
 40  0.22890  5.01312e-04 | 41 -0.59700  2.13180e-05 | 42 -0.24306  5.29564e-06
 43 -0.03773 -1.72855e-06 | 44 -0.72416  6.69946e-06 | 45 -0.69811  7.92236e-03
 46 -0.71731 -8.91545e-03 | 47 -0.78186  1.90854e-04 | 48 -0.68474 -1.38051e-04
 49 -0.62057 -1.65516e-04 | 50 -0.41255 -8.01144e-07 | 51 -0.13171  3.44946e-03
 52 -0.13191 -1.83065e-03 | 53 -0.16980 -1.85141e+01 | 54 -0.16337  8.98752e+00
54 variables; iteration 260; function evaluation 398; phase 3
Function value 1.6686355e+02; maximum gradient component mag -4.9865e+00
Var    Value     Gradient |Var    Value     Gradient |Var    Value     Gradient
  1  0.15296  6.78640e-03 |  2 -0.14649  2.33410e-04 |  3 -0.01543  7.07988e-04
  4 -0.05610  1.08349e-03 |  5 -0.01008  1.62104e-03 |  6 -0.06685  1.65552e-04
  7 -0.11268 -6.85077e-05 |  8 -0.07101  1.66885e-04 |  9 -0.06491 -1.42408e-04
 10  0.02766  1.31616e-04 | 11  0.00863  9.38535e-05 | 12  0.05021  3.48463e-04
 13  0.02001  1.14109e-04 | 14  0.01316 -1.75672e-05 | 15  0.06896  2.76349e-04
 16  0.00986  2.01839e-04 | 17 -0.05542 -4.00847e-05 | 18 -0.01322  2.07491e-05
 19 -0.01494  3.08507e-04 | 20  0.06556  4.79579e-05 | 21  0.06102  1.62917e-04
 22 -0.03804  1.21030e-04 | 23 -0.01834 -8.60479e-05 | 24 -0.10910  5.69114e-06
 25 -0.02361  9.72059e-05 | 26 -0.02084 -9.53018e-05 | 27 -0.00350 -1.47003e-05
 28  0.04018 -1.11128e-03 | 29 -0.00348  5.37764e-04 | 30  0.06711 -6.77670e-04
 31 -0.01587  3.67335e-04 | 32  0.07646 -1.55756e-03 | 33  0.03510  1.10269e-04
 34  0.05352 -4.03821e-04 | 35  0.01661 -5.33252e-04 | 36 -0.01893  2.85969e-04
 37  0.03591  4.42600e-04 | 38  0.23576  9.35469e-04 | 39  0.25040  1.42278e-03
 40  0.22892  2.95711e-03 | 41 -0.59759 -9.75215e-05 | 42 -0.24353 -2.61174e-05
 43 -0.03676  4.67445e-07 | 44 -0.72435 -9.20617e-05 | 45 -0.69777 -2.88803e-03
 46 -0.71701  3.04607e-03 | 47 -0.78193  1.67841e-03 | 48 -0.68488 -1.27031e-03
 49 -0.61739  4.34427e-06 | 50 -0.41772 -1.20844e-05 | 51 -0.13408 -5.57916e-03
 52 -0.13427  5.58235e-03 | 53 -0.17350 -4.98650e+00 | 54 -0.17101  2.41794e+00
54 variables; iteration 280; function evaluation 418; phase 3
Function value 1.6686355e+02; maximum gradient component mag -4.2639e+00
Var    Value     Gradient |Var    Value     Gradient |Var    Value     Gradient
  1  0.15296  1.76954e-03 |  2 -0.14649 -5.30292e-06 |  3 -0.01543 -9.96711e-05
  4 -0.05610  1.08625e-04 |  5 -0.01008  7.46337e-05 |  6 -0.06685 -1.28230e-04
  7 -0.11268  2.93776e-08 |  8 -0.07101  1.85743e-05 |  9 -0.06491 -2.08681e-05
 10  0.02766  9.94688e-05 | 11  0.00863  1.00605e-04 | 12  0.05021  4.48286e-05
 13  0.02001 -3.36788e-05 | 14  0.01316  7.92346e-06 | 15  0.06896 -1.09342e-04
 16  0.00986 -9.61717e-05 | 17 -0.05542 -1.01518e-04 | 18 -0.01322  3.93050e-05
 19 -0.01494  2.59332e-04 | 20  0.06556 -5.62350e-05 | 21  0.06102  1.92859e-04
 22 -0.03804  5.57801e-05 | 23 -0.01834 -7.65114e-05 | 24 -0.10910  3.24689e-05
 25 -0.02361  1.31846e-04 | 26 -0.02084  7.33037e-05 | 27 -0.00350 -6.28240e-05
 28  0.04018 -3.06734e-05 | 29 -0.00348  1.63904e-04 | 30  0.06711  2.41078e-05
 31 -0.01587  1.29122e-04 | 32  0.07646 -2.21305e-04 | 33  0.03510  1.82385e-04
 34  0.05352  3.32818e-05 | 35  0.01661 -2.97764e-04 | 36 -0.01893  1.85583e-04
 37  0.03592  1.32215e-06 | 38  0.23576  2.09888e-03 | 39  0.25040  5.45982e-04
 40  0.22892 -8.33015e-05 | 41 -0.59710 -3.12056e-06 | 42 -0.24315 -1.27141e-06
 43 -0.03751  1.48469e-07 | 44 -0.72411  3.50909e-05 | 45 -0.69773  7.60427e-04
 46 -0.71697 -8.07706e-04 | 47 -0.78185  1.47153e-04 | 48 -0.68475 -1.17718e-04
 49 -0.61779 -2.95567e-06 | 50 -0.41686 -1.56527e-06 | 51 -0.13401 -2.81812e-04
 52 -0.13420  2.97038e-04 | 53 -0.17356 -4.26392e+00 | 54 -0.17112  2.06736e+00
54 variables; iteration 300; function evaluation 438; phase 3
Function value 1.6686353e+02; maximum gradient component mag -2.3871e+00
Var    Value     Gradient |Var    Value     Gradient |Var    Value     Gradient
  1  0.15296 -2.22589e-01 |  2 -0.14649  2.59512e-04 |  3 -0.01542  3.31563e-03
  4 -0.05610 -3.49344e-03 |  5 -0.01008 -2.38874e-03 |  6 -0.06685  6.71029e-03
  7 -0.11268  2.37689e-03 |  8 -0.07102  1.92624e-03 |  9 -0.06491  3.18548e-03
 10  0.02766 -7.42009e-04 | 11  0.00863 -7.95422e-04 | 12  0.05021  1.03491e-03
 13  0.02001  3.58555e-03 | 14  0.01316  2.21921e-03 | 15  0.06897  6.02746e-03
 16  0.00986  5.63617e-03 | 17 -0.05542  5.81048e-03 | 18 -0.01322  1.24192e-03
 19 -0.01495 -6.00546e-03 | 20  0.06556  4.27236e-03 | 21  0.06102 -4.03321e-03
 22 -0.03804  4.29228e-04 | 23 -0.01834  4.23348e-03 | 24 -0.10910  5.12266e-04
 25 -0.02361 -4.75665e-03 | 26 -0.02084 -5.43941e-03 | 27 -0.00349 -6.97965e-03
 28  0.04018 -2.98030e-02 | 29 -0.00348 -3.42783e-03 | 30  0.06711 -8.41099e-03
 31 -0.01587  8.35947e-03 | 32  0.07646 -1.44853e-02 | 33  0.03510 -3.92868e-03
 34  0.05352 -7.83723e-03 | 35  0.01661  5.58603e-03 | 36 -0.01893 -1.05517e-03
 37  0.03592  1.67798e-02 | 38  0.23576 -6.89600e-02 | 39  0.25040 -1.70256e-02
 40  0.22892  1.18005e-01 | 41 -0.59708  1.01747e-04 | 42 -0.24054  4.35264e-05
 43 -0.03283 -8.58531e-06 | 44 -0.72646 -1.16238e-03 | 45 -0.69776  8.82524e-03
 46 -0.71700 -9.47760e-03 | 47 -0.78140 -4.31808e-03 | 48 -0.68410  3.49162e-03
 49 -0.61693  1.31658e-04 | 50 -0.41688  5.26058e-05 | 51 -0.13528  9.41106e-03
 52 -0.13546 -9.96186e-03 | 53 -0.16594 -2.38711e+00 | 54 -0.15544  1.16055e+00

 - final statistics:
54 variables; iteration 314; function evaluation 453
Function value 1.6686e+02; maximum gradient component mag -6.8956e-05
Exit code = 1;  converg criter 1.0000e-04
Var    Value     Gradient |Var    Value     Gradient |Var    Value     Gradient
  1  0.15296 -3.28388e-05 |  2 -0.14649 -2.77674e-07 |  3 -0.01543 -3.38545e-06
  4 -0.05610 -5.02233e-06 |  5 -0.01008 -7.16093e-06 |  6 -0.06685  4.58913e-07
  7 -0.11269 -2.29820e-06 |  8 -0.07101 -1.12045e-07 |  9 -0.06491  8.86206e-07
 10  0.02766 -6.66635e-07 | 11  0.00863 -1.72278e-06 | 12  0.05021 -1.88171e-06
 13  0.02001 -1.46180e-06 | 14  0.01316 -1.17237e-06 | 15  0.06897 -3.01265e-06
 16  0.00986 -2.22589e-06 | 17 -0.05542 -1.00161e-06 | 18 -0.01322 -1.06949e-06
 19 -0.01494 -3.49897e-06 | 20  0.06556  4.77717e-07 | 21  0.06102 -2.63936e-06
 22 -0.03804 -1.88745e-06 | 23 -0.01834  3.93262e-08 | 24 -0.10910 -1.78343e-06
 25 -0.02361 -2.79713e-06 | 26 -0.02084  1.42878e-06 | 27 -0.00350  4.51293e-06
 28  0.04018  1.14949e-05 | 29 -0.00348 -2.82415e-06 | 30  0.06711  3.19829e-06
 31 -0.01586 -7.23498e-06 | 32  0.07646  1.23151e-05 | 33  0.03510  3.40599e-07
 34  0.05352  4.67283e-06 | 35  0.01661  4.97249e-07 | 36 -0.01893 -3.49052e-06
 37  0.03592 -6.15018e-06 | 38  0.23576 -1.75093e-05 | 39  0.25041  3.02880e-06
 40  0.22893 -6.89561e-05 | 41 -0.59710  3.39957e-08 | 42 -0.24307  3.49341e-08
 43 -0.03735  1.25693e-08 | 44 -0.72418  4.99373e-07 | 45 -0.69773 -1.36158e-05
 46 -0.71697  1.44131e-05 | 47 -0.78183  1.14294e-05 | 48 -0.68473 -8.39830e-06
 49 -0.61778  6.41752e-08 | 50 -0.41684  7.52726e-09 | 51 -0.13404 -1.71720e-05
 52 -0.13422  1.73026e-05 | 53 -0.15105 -4.44201e-05 | 54 -0.12494  2.18711e-05
Estimating row 1 out of 54 for hessian
Estimating row 2 out of 54 for hessian
Estimating row 3 out of 54 for hessian
Estimating row 4 out of 54 for hessian
Estimating row 5 out of 54 for hessian
Estimating row 6 out of 54 for hessian
Estimating row 7 out of 54 for hessian
Estimating row 8 out of 54 for hessian
Estimating row 9 out of 54 for hessian
Estimating row 10 out of 54 for hessian
Estimating row 11 out of 54 for hessian
Estimating row 12 out of 54 for hessian
Estimating row 13 out of 54 for hessian
Estimating row 14 out of 54 for hessian
Estimating row 15 out of 54 for hessian
Estimating row 16 out of 54 for hessian
Estimating row 17 out of 54 for hessian
Estimating row 18 out of 54 for hessian
Estimating row 19 out of 54 for hessian
Estimating row 20 out of 54 for hessian
Estimating row 21 out of 54 for hessian
Estimating row 22 out of 54 for hessian
Estimating row 23 out of 54 for hessian
Estimating row 24 out of 54 for hessian
Estimating row 25 out of 54 for hessian
Estimating row 26 out of 54 for hessian
Estimating row 27 out of 54 for hessian
Estimating row 28 out of 54 for hessian
Estimating row 29 out of 54 for hessian
Estimating row 30 out of 54 for hessian
Estimating row 31 out of 54 for hessian
Estimating row 32 out of 54 for hessian
Estimating row 33 out of 54 for hessian
Estimating row 34 out of 54 for hessian
Estimating row 35 out of 54 for hessian
Estimating row 36 out of 54 for hessian
Estimating row 37 out of 54 for hessian
Estimating row 38 out of 54 for hessian
Estimating row 39 out of 54 for hessian
Estimating row 40 out of 54 for hessian
Estimating row 41 out of 54 for hessian
Estimating row 42 out of 54 for hessian
Estimating row 43 out of 54 for hessian
Estimating row 44 out of 54 for hessian
Estimating row 45 out of 54 for hessian
Estimating row 46 out of 54 for hessian
Estimating row 47 out of 54 for hessian
Estimating row 48 out of 54 for hessian
Estimating row 49 out of 54 for hessian
Estimating row 50 out of 54 for hessian
Estimating row 51 out of 54 for hessian
Estimating row 52 out of 54 for hessian
Estimating row 53 out of 54 for hessian
Estimating row 54 out of 54 for hessian
size of file gradfil1.tmp = 0
size of file gradfil2.tmp = 0
size of file varssave.tmp = 0
size of file cmpdiff.tmp = 0
