
Initial statistics: 2 variables; iteration 0; function evaluation 0; phase 1
Function value 5.2689139e+03; maximum gradient component mag 3.5278e+04
Var    Value     Gradient |Var    Value     Gradient |Var    Value     Gradient
  1  0.39650  3.52779e+04 |  2  0.21635  1.45621e+04 |

 - final statistics:
2 variables; iteration 8; function evaluation 14
Function value 6.5685e+02; maximum gradient component mag -2.9688e+00
Exit code = 1;  converg criter 1.0000e+01
Var    Value     Gradient |Var    Value     Gradient |Var    Value     Gradient
  1  0.18061 -2.96878e+00 |  2  0.20132  2.40389e+00 |

Initial statistics: 53 variables; iteration 0; function evaluation 0; phase 2
Function value 6.5685064e+02; maximum gradient component mag 3.3423e+03
Var    Value     Gradient |Var    Value     Gradient |Var    Value     Gradient
  1  0.18061 -2.96878e+00 |  2  0.00000  4.83689e+01 |  3  0.00000 -1.15360e+02
  4  0.00000  3.46532e+01 |  5  0.00000 -6.80679e+01 |  6  0.00000 -2.42780e+01
  7  0.00000  5.43975e+01 |  8  0.00000  6.72763e+00 |  9  0.00000  1.11861e+01
 10  0.00000 -7.59479e+01 | 11  0.00000  1.12397e+01 | 12  0.00000 -5.17626e+01
 13  0.00000 -1.07923e+01 | 14  0.00000 -1.58019e+01 | 15  0.00000 -9.85073e+01
 16  0.00000  7.55574e-01 | 17  0.00000  9.11513e+01 | 18  0.00000 -6.36533e+00
 19  0.00000  1.75706e+01 | 20  0.00000 -1.49532e+02 | 21  0.00000 -1.51478e+02
 22  0.00000  1.06673e+02 | 23  0.00000  1.62452e+01 | 24  0.00000  2.65117e+02
 25  0.00000  9.22283e+01 | 26  0.00000 -7.99403e+00 | 27  0.00000  2.23454e-01
 28  0.00000 -8.86245e+01 | 29  0.00000  1.80267e+02 | 30  0.00000 -2.78608e+02
 31  0.00000  2.13936e+02 | 32  0.00000 -3.17772e+02 | 33  0.00000  7.08460e+00
 34  0.00000 -2.28169e+02 | 35  0.00000  2.17255e+01 | 36  0.00000  2.02571e+02
 37  0.00000  2.43457e+01 | 38  0.00000  1.82189e+02 | 39  0.21635 -6.61691e+02
 40  0.21635  3.34228e+03 | 41  0.21635 -8.80162e+02 | 42  0.20132  2.40389e+00
 43 -1.00000 -1.08293e-07 | 44  0.00000  1.25078e-04 | 45  0.00000  3.69106e-01
 46 -0.53989  7.78945e+00 | 47 -1.00000 -1.08293e-07 | 48 -0.53989  1.30787e+01
 49 -1.00000 -1.08293e-07 | 50 -0.53989  3.62480e+00 | 51 -0.32288  8.97498e+01
 52  0.21635  2.76770e+00 | 53 -0.17585 -5.71473e+02 |

Intermediate statistics: 53 variables; iteration 20; function evaluation 34; phase 2
Function value 4.2819304e+02; maximum gradient component mag -4.4459e+03
Var    Value     Gradient |Var    Value     Gradient |Var    Value     Gradient
  1  0.16488 -4.44589e+03 |  2 -0.19405 -3.78322e+01 |  3  0.26153  1.52809e+02
  4  0.15341  5.31384e+01 |  5  0.17183  8.84321e+01 |  6  0.07812  1.50333e+02
  7 -0.01575  1.15251e+02 |  8  0.00403  1.36226e+02 |  9  0.04043  1.69241e+02
 10  0.13877  2.23071e+02 | 11  0.11306  2.36231e+02 | 12  0.13410  2.72749e+02
 13  0.08329  2.31347e+02 | 14  0.06323  1.77591e+02 | 15  0.12815  3.24129e+02
 16  0.05647  2.74196e+02 | 17 -0.04547  1.65086e+02 | 18 -0.01231  1.57697e+02
 19 -0.04395  1.13798e+02 | 20  0.08493  2.10092e+02 | 21  0.05083  1.22738e+02
 22 -0.08562  1.05726e+02 | 23 -0.08554  6.82187e+00 | 24 -0.12191  1.54287e+02
 25 -0.06292  4.40307e+01 | 26 -0.05415  4.72970e+01 | 27 -0.00348  9.71752e+01
 28  0.01523  7.70559e+01 | 29 -0.01601  2.75487e+02 | 30  0.01345 -5.29137e+01
 31 -0.04268  1.50293e+02 | 32 -0.01613 -2.75331e+02 | 33 -0.05507 -1.30261e+02
 34  0.01029 -2.15898e+02 | 35 -0.01954 -3.35391e+01 | 36 -0.03973  1.16250e+02
 37 -0.05518 -1.07054e+02 | 38 -0.14145  2.04913e+02 | 39  0.21854 -3.48955e+03
 40  0.22628  1.77245e+03 | 41  0.23939 -1.30977e+03 | 42  0.24305  9.75383e+02
 43 -1.17420  1.07846e-02 | 44 -0.00000  3.39349e-04 | 45 -0.00486  2.60877e-02
 46 -0.64525  7.25892e-01 | 47 -1.32582  6.82407e+02 | 48 -0.61416  5.77866e+02
 49 -1.19193  5.46516e+01 | 50 -0.63558  2.84735e+01 | 51 -0.31941  4.75551e+02
 52  0.18096  1.40075e+01 | 53 -0.11260 -8.23307e+02 |
53 variables; iteration 40; function evaluation 60; phase 2
Function value 3.7308149e+02; maximum gradient component mag -6.9685e+03
Var    Value     Gradient |Var    Value     Gradient |Var    Value     Gradient
  1  0.15710 -6.96853e+03 |  2 -0.00989  1.04071e+01 |  3  0.22197  1.46399e+02
  4  0.13683  9.15786e+01 |  5  0.13321  9.97704e+01 |  6  0.02391  1.70802e+02
  7 -0.06764  1.49859e+02 |  8 -0.06768  1.38520e+02 |  9 -0.01951  2.02808e+02
 10  0.08845  2.51760e+02 | 11  0.06712  2.45511e+02 | 12  0.11744  3.01387e+02
 13  0.08509  2.78139e+02 | 14  0.08583  2.56669e+02 | 15  0.14060  3.84744e+02
 16  0.05060  2.83032e+02 | 17 -0.05675  1.67258e+02 | 18  0.02958  2.74951e+02
 19 -0.05205  1.26752e+02 | 20  0.12394  3.10658e+02 | 21  0.04350  9.19865e+01
 22 -0.10269  7.46793e+01 | 23 -0.04805  2.40527e+01 | 24 -0.14028  6.54293e+01
 25 -0.04445 -1.36363e+02 | 26 -0.05796 -2.45631e+02 | 27  0.02404  1.75463e+02
 28  0.02754  1.10790e+02 | 29 -0.00868  2.40246e+02 | 30  0.04772  1.13543e+02
 31 -0.06242  6.05035e+01 | 32  0.04552 -2.38475e+01 | 33 -0.02905 -9.86587e+01
 34  0.02165 -2.11086e+02 | 35  0.00126 -6.76192e+01 | 36 -0.03332 -3.06350e+01
 37 -0.03441 -2.51985e+02 | 38 -0.09885  2.27732e+02 | 39  0.21743 -3.05679e+03
 40  0.21677  3.29542e+02 | 41  0.24705 -7.76958e+02 | 42  0.23154 -2.70156e+02
 43 -1.53857 -5.04691e+00 | 44 -0.09996  5.88533e-01 | 45 -0.32988  3.13029e+00
 46 -2.50314 -8.65186e+00 | 47 -1.34536  6.00200e+02 | 48 -0.60865  5.34606e+02
 49 -1.12942 -1.12706e+01 | 50 -0.78205 -6.66765e+00 | 51 -0.32252  3.60274e+02
 52 -0.44466  1.74590e+01 | 53 -0.10013 -4.55984e+02 |
53 variables; iteration 60; function evaluation 92; phase 2
Function value 2.3712904e+02; maximum gradient component mag -3.6192e+03
Var    Value     Gradient |Var    Value     Gradient |Var    Value     Gradient
  1  0.14595 -3.61916e+03 |  2 -0.26363 -3.95215e+01 |  3  0.03839  5.01270e+01
  4 -0.03684 -1.90186e+01 |  5  0.00734 -1.87138e+01 |  6 -0.05104  1.15803e+02
  7 -0.09289  1.21325e+02 |  8 -0.02952  1.48483e+02 |  9  0.00111  1.66175e+02
 10  0.08702  1.94307e+02 | 11  0.02573  1.31220e+02 | 12  0.03493  1.03349e+02
 13  0.03474  1.74425e+02 | 14  0.06028  2.22099e+02 | 15  0.08943  2.21324e+02
 16  0.02911  1.96544e+02 | 17 -0.04614  1.37661e+02 | 18  0.00392  1.10866e+02
 19  0.01618  2.70896e+02 | 20  0.07335  1.09077e+02 | 21  0.04594  8.37316e+01
 22 -0.07263  8.97733e+01 | 23 -0.04030  6.12723e+01 | 24 -0.11765  1.13092e+02
 25 -0.02350  9.70825e+01 | 26  0.00190  1.02955e+02 | 27  0.00913  3.01717e+01
 28  0.03759 -4.53463e+01 | 29 -0.01166  4.31576e+01 | 30  0.05687  4.12954e+01
 31 -0.06713 -5.19751e+01 | 32  0.07553  7.11979e+01 | 33  0.00425 -7.33753e+01
 34  0.04091 -1.55355e+02 | 35  0.01804 -8.39334e+01 | 36 -0.03468 -1.07460e+02
 37  0.01000  3.86020e+01 | 38 -0.09556  6.98068e+01 | 39  0.23990 -4.60817e+02
 40  0.21515 -9.72695e+02 | 41  0.26559  2.60369e+02 | 42  0.23372 -1.26264e+03
 43 -1.57364 -3.19677e-01 | 44 -0.57620  2.12595e-02 | 45 -2.23519 -1.83146e+00
 46 -2.06713 -9.17195e+00 | 47 -1.41928 -5.50707e+01 | 48 -0.60645 -5.55980e+01
 49 -1.05340  7.54912e+02 | 50 -0.91312  4.63473e+02 | 51 -0.30151  1.62348e+02
 52 -0.52132  3.66110e+00 | 53 -0.06194 -1.52653e+02 |
Maximum number of function evaluations exceeded

 - final statistics:
53 variables; iteration 68; function evaluation 100
Function value 1.7867e+02; maximum gradient component mag -7.6677e+02
Exit code = 3;  converg criter 1.0000e+01
Var    Value     Gradient |Var    Value     Gradient |Var    Value     Gradient
  1  0.13862 -7.66771e+02 |  2 -0.11477  4.79577e+00 |  3  0.02384  1.23044e+01
  4 -0.02955 -2.22618e+00 |  5  0.01457  1.43561e+01 |  6 -0.04759  1.83096e+01
  7 -0.09984  1.97159e+01 |  8 -0.05628  3.02297e+01 |  9 -0.06572  1.79773e+01
 10  0.03571  2.53502e+01 | 11  0.01300  1.67493e+01 | 12  0.05876  3.53954e+01
 13  0.00773  1.90119e+01 | 14 -0.00984 -4.22679e-01 | 15  0.08170  2.14507e+01
 16  0.02181 -3.64687e+00 | 17 -0.04404 -2.78330e+00 | 18  0.02108  1.84459e+01
 19 -0.01965  3.61858e+01 | 20  0.07596  1.72241e+01 | 21  0.05693  1.48202e+01
 22 -0.06055  9.93285e+00 | 23 -0.02104  8.15468e+00 | 24 -0.11408  1.00948e+01
 25 -0.00925 -7.41148e+00 | 26 -0.01000 -2.43338e+01 | 27  0.01803  3.37996e+01
 28  0.04439  6.11758e+01 | 29 -0.00393  3.86101e+01 | 30  0.05460  2.80089e+01
 31 -0.02687  8.78302e+00 | 32  0.04599 -2.29330e+00 | 33  0.01750 -2.45089e-01
 34  0.05239 -2.63261e+01 | 35  0.02632  1.02486e+01 | 36 -0.00562  8.92995e+00
 37  0.01451 -1.64747e+02 | 38 -0.04534 -9.35325e-02 | 39  0.24676  1.02962e+02
 40  0.22335 -8.71263e+01 | 41  0.26688 -4.95530e+01 | 42  0.26194 -4.59726e+01
 43 -1.55734  1.05213e+00 | 44 -0.33300 -1.12797e-01 | 45 -1.21002 -2.08603e-01
 46 -1.73085 -8.53485e+00 | 47 -1.42002  1.17421e+01 | 48 -0.61380  1.87999e+01
 49 -1.22562  2.25172e+02 | 50 -0.67260  1.53402e+02 | 51 -0.30394 -1.79730e+01
 52 -0.64892 -4.07458e-01 | 53  0.00572 -1.13527e+01 |

Initial statistics: 56 variables; iteration 0; function evaluation 0; phase 3
Function value 1.7863894e+02; maximum gradient component mag -1.3701e+03
Var    Value     Gradient |Var    Value     Gradient |Var    Value     Gradient
  1  0.13862 -7.66771e+02 |  2 -0.11477  4.79577e+00 |  3  0.02384  1.23044e+01
  4 -0.02955 -2.22618e+00 |  5  0.01457  1.43561e+01 |  6 -0.04781  9.91639e+00
  7 -0.10007  1.14021e+01 |  8 -0.05651  2.18454e+01 |  9 -0.06594  9.60535e+00
 10  0.03549  1.69474e+01 | 11  0.01277  8.33467e+00 | 12  0.05854  2.70156e+01
 13  0.00751  1.05961e+01 | 14 -0.01007 -8.83807e+00 | 15  0.08148  1.31040e+01
 16  0.02158 -1.20585e+01 | 17 -0.04426 -1.11793e+01 | 18  0.02086  1.00342e+01
 19 -0.01987  2.77731e+01 | 20  0.07574  8.86787e+00 | 21  0.05670  6.43759e+00
 22 -0.06078  1.55439e+00 | 23 -0.02126 -2.57168e-01 | 24 -0.11431  1.81300e+00
 25 -0.00948 -1.58270e+01 | 26 -0.01022 -3.27490e+01 | 27  0.01781  2.53868e+01
 28  0.04416  5.27811e+01 | 29 -0.00416  3.01937e+01 | 30  0.05438  1.96240e+01
 31 -0.02710  3.74066e-01 | 32  0.04576 -1.06881e+01 | 33  0.01728 -8.65844e+00
 34  0.05217 -3.47151e+01 | 35  0.02610  1.83935e+00 | 36 -0.00585  5.13824e-01
 37  0.01428 -1.73163e+02 | 38 -0.04556 -8.48843e+00 | 39  0.24676  1.02962e+02
 40  0.22335 -8.71263e+01 | 41  0.26688 -4.95530e+01 | 42  0.26194 -4.59726e+01
 43 -0.44266 -1.05213e+00 | 44 -0.33300 -1.12797e-01 | 45 -0.78998  2.08603e-01
 46 -0.26915  8.53485e+00 | 47 -0.57998 -1.17421e+01 | 48 -0.61380  1.87999e+01
 49 -0.77438 -2.25172e+02 | 50 -0.67260  1.53402e+02 | 51 -0.30394 -1.79730e+01
 52 -0.64892 -4.07458e-01 | 53 -0.17585 -1.37006e+03 | 54 -0.12819  4.80178e-03
 55  0.00572 -1.13527e+01 | 56  0.05795  2.30361e+01 |

Intermediate statistics: 56 variables; iteration 20; function evaluation 28; phase 3
Function value 1.1591982e+02; maximum gradient component mag 2.1415e+02
Var    Value     Gradient |Var    Value     Gradient |Var    Value     Gradient
  1  0.13575  2.82987e+01 |  2 -0.12376 -2.48294e-01 |  3  0.01844 -6.97120e+00
  4 -0.02082 -8.42591e+00 |  5  0.02234 -8.98031e+00 |  6 -0.05017 -1.63927e+01
  7 -0.10253 -1.68414e+01 |  8 -0.06218 -2.90266e+01 |  9 -0.07708 -1.29307e+00
 10  0.02907 -9.93631e-01 | 11  0.01327 -2.49665e+00 | 12  0.05588 -5.68197e+00
 13  0.00868 -2.69562e+00 | 14 -0.00183  6.98050e+00 | 15  0.08057  2.38466e+01
 16  0.02771  2.68328e+01 | 17 -0.04154  1.83297e+01 | 18 -0.00143 -2.84371e+01
 19 -0.02347 -2.45858e+01 | 20  0.04424 -2.58171e+01 | 21  0.04213 -1.77517e+01
 22 -0.05520  1.49498e-01 | 23 -0.02999  1.18733e+01 | 24 -0.11668  1.30186e+01
 25  0.01138  4.48078e+01 | 26 -0.00636 -4.99173e+01 | 27 -0.00349 -9.75646e+01
 28  0.05570 -1.86053e+02 | 29 -0.00386 -3.85666e+01 | 30  0.05169 -4.06230e+01
 31 -0.03350 -1.19478e+01 | 32  0.05193 -4.72051e+00 | 33  0.02083  1.68034e+01
 34  0.05383  2.63153e+01 | 35  0.02837  7.55341e+01 | 36 -0.00354  1.37351e+02
 37  0.02664  2.14154e+02 | 38  0.01086  1.74636e+01 | 39  0.24706 -5.05325e+01
 40  0.25473 -3.75950e+01 | 41  0.27312  8.02560e+01 | 42  0.26879  1.58487e+01
 43 -0.43726 -2.51622e+00 | 44 -0.33244 -2.53496e-01 | 45 -0.79046  1.47901e-01
 46 -0.28911  6.42378e+00 | 47 -0.58799 -4.19976e+01 | 48 -0.62572  5.09693e+01
 49 -0.75237 -4.20448e+01 | 50 -0.68754  3.30597e+01 | 51 -0.32232  3.30024e+00
 52 -0.64884  1.31751e-01 | 53 -0.10923 -1.39882e+02 | 54 -0.11109  1.44176e+02
 55  0.03013 -5.31457e+01 | 56  0.06675  6.59636e+01 |
56 variables; iteration 40; function evaluation 53; phase 3
Function value 1.1415419e+02; maximum gradient component mag -1.1307e+03
Var    Value     Gradient |Var    Value     Gradient |Var    Value     Gradient
  1  0.13544 -1.13072e+03 |  2 -0.13216 -5.90287e+00 |  3  0.01572 -3.58205e+01
  4 -0.01967 -3.82541e+01 |  5  0.01397 -1.01979e+02 |  6 -0.04703  3.96035e+01
  7 -0.10218  3.21552e+01 |  8 -0.06276  3.67643e+01 |  9 -0.06952  2.69292e+01
 10  0.03355  2.18897e+01 | 11  0.01752  2.29421e+01 | 12  0.06070  3.52783e+01
 13  0.01002  2.44366e+01 | 14 -0.00548 -9.35161e-01 | 15  0.07881 -1.77065e+01
 16  0.02702 -3.62835e+01 | 17 -0.04065 -4.85594e+01 | 18 -0.00428 -7.84398e+01
 19 -0.02674 -8.31143e+01 | 20  0.04224 -2.23193e+01 | 21  0.03938 -1.51097e+01
 22 -0.05097  1.70956e+01 | 23 -0.02946  2.68410e+00 | 24 -0.11917 -1.49243e+01
 25  0.00791 -7.86455e+01 | 26 -0.00475 -4.82774e+01 | 27  0.00144 -8.42789e+01
 28  0.05308 -2.73379e+02 | 29 -0.00578 -4.45370e+01 | 30  0.05234  8.92215e+00
 31 -0.03059  4.13157e+01 | 32  0.04872  1.01122e+01 | 33  0.01930  3.67795e+01
 34  0.05401  7.05706e+01 | 35  0.02982  1.24741e+02 | 36  0.00179  2.11334e+02
 37  0.02355  2.02965e+02 | 38  0.00086  1.47684e+01 | 39  0.24754 -2.51085e+01
 40  0.25580 -2.16778e+01 | 41  0.27466  1.12068e+02 | 42  0.27116  4.80794e+01
 43 -0.35350  9.65757e-01 | 44 -0.33439  1.60460e-02 | 45 -0.79496  4.72279e-02
 46 -0.49693  3.81659e+00 | 47 -0.74214  5.35632e+01 | 48 -0.76675 -5.93830e+01
 49 -0.77631 -3.81874e+01 | 50 -0.72083  3.04062e+01 | 51 -0.32332  9.69813e-01
 52 -0.64179  3.67554e-02 | 53 -0.10850 -1.17699e+02 | 54 -0.11102  1.22498e+02
 55  0.03713 -3.66739e+01 | 56  0.06829  4.20698e+01 |
56 variables; iteration 60; function evaluation 85; phase 3
Function value 1.1107826e+02; maximum gradient component mag -4.9392e+01
Var    Value     Gradient |Var    Value     Gradient |Var    Value     Gradient
  1  0.13492 -4.93918e+01 |  2 -0.12963 -1.24954e-01 |  3  0.01759 -1.41566e+00
  4 -0.02154 -9.22227e-01 |  5  0.02008 -1.92003e+00 |  6 -0.05129 -6.29897e-03
  7 -0.10432 -9.12913e-01 |  8 -0.06125 -1.39636e+00 |  9 -0.08083  8.79652e-01
 10  0.02780 -1.18687e-01 | 11  0.01400 -2.61281e-02 | 12  0.05782 -8.02764e-01
 13  0.00786 -1.58773e+00 | 14 -0.00511 -1.51510e+00 | 15  0.07920 -4.99258e+00
 16  0.02666 -8.48247e+00 | 17 -0.04334 -8.03740e+00 | 18  0.00112  3.39195e+00
 19 -0.02437  3.93038e+00 | 20  0.04750 -8.34291e-02 | 21  0.04370 -1.31747e+00
 22 -0.05514 -3.03330e-01 | 23 -0.03380 -2.69638e+00 | 24 -0.11500 -1.50049e+00
 25  0.01066 -7.36742e+00 | 26 -0.00555 -9.46723e-01 | 27 -0.00018 -6.14393e-01
 28  0.05969  6.23711e-01 | 29 -0.00304 -1.49377e+00 | 30  0.05234 -2.12203e+00
 31 -0.03236 -4.72915e-01 | 32  0.05048 -6.52673e-02 | 33  0.01972  2.39483e+00
 34  0.05443  6.11501e+00 | 35  0.02931  1.10026e+01 | 36 -0.00247  1.31809e+01
 37  0.02341  9.35099e+00 | 38  0.01156  1.45761e+00 | 39  0.25060 -1.74559e+01
 40  0.25667  8.63240e-02 | 41  0.27319 -1.12350e+00 | 42  0.27202 -2.46943e+00
 43 -0.35142 -3.43952e+00 | 44 -0.47960 -5.75461e-02 | 45 -0.70814  4.74817e-03
 46 -0.55831  6.11106e-01 | 47 -0.78470 -1.96180e+01 | 48 -0.80470  2.16438e+01
 49 -0.73805 -8.12815e-01 | 50 -0.67743  6.37904e-01 | 51 -0.32178  1.28978e+00
 52 -0.24969  5.77693e-02 | 53 -0.10620 -2.21125e+00 | 54 -0.11275  2.45730e+00
 55  0.04339  7.77441e-01 | 56  0.06946 -4.95052e-02 |
56 variables; iteration 80; function evaluation 110; phase 3
Function value 1.1095556e+02; maximum gradient component mag 6.4771e+00
Var    Value     Gradient |Var    Value     Gradient |Var    Value     Gradient
  1  0.13484  6.47714e+00 |  2 -0.13089  1.75394e-02 |  3  0.01769  1.39629e-01
  4 -0.02166  1.61062e-01 |  5  0.02026  4.91505e-01 |  6 -0.05179 -8.32061e-02
  7 -0.10421 -1.92040e-02 |  8 -0.06089  6.14131e-02 |  9 -0.08156 -1.56344e-01
 10  0.02771 -9.08731e-02 | 11  0.01395 -2.22571e-01 | 12  0.05767 -2.68602e-01
 13  0.00779 -2.23886e-01 | 14 -0.00549 -8.09592e-03 | 15  0.07902  2.38458e-02
 16  0.02718  1.47718e-01 | 17 -0.04291  2.25559e-01 | 18  0.00101 -6.57879e-01
 19 -0.02444 -6.40110e-01 | 20  0.04731 -1.25680e-01 | 21  0.04347 -4.69800e-02
 22 -0.05588 -7.08305e-02 | 23 -0.03383 -7.78495e-03 | 24 -0.11476  9.86939e-02
 25  0.01124  4.89123e-01 | 26 -0.00560  1.67825e-01 | 27  0.00016  1.82680e-01
 28  0.05986  4.94982e-01 | 29 -0.00290  2.36759e-02 | 30  0.05234 -2.20164e-01
 31 -0.03231 -2.19656e-01 | 32  0.05052  1.19984e-01 | 33  0.01965  5.19749e-02
 34  0.05419  1.40883e-01 | 35  0.02920  2.91158e-01 | 36 -0.00218  7.73308e-01
 37  0.02356 -1.14213e-01 | 38  0.01198 -7.66713e-03 | 39  0.25171 -1.54094e+00
 40  0.25678 -9.49430e-01 | 41  0.27329 -8.28877e-01 | 42  0.27221  3.46800e-02
 43 -0.34989 -3.49830e-01 | 44 -0.53632 -8.36427e-03 | 45  0.03348  1.65864e-04
 46 -0.81138 -1.02815e-02 | 47 -0.76351 -1.07499e+00 | 48 -0.78576  1.17122e+00
 49 -0.54375 -4.49760e-01 | 50 -0.45109  3.85974e-01 | 51 -0.31606  2.40571e-01
 52 -0.25340  8.15934e-03 | 53 -0.10769  2.88403e-01 | 54 -0.11421 -3.07035e-01
 55  0.04373  2.08177e-01 | 56  0.06937 -2.88971e-01 |
56 variables; iteration 100; function evaluation 130; phase 3
Function value 1.1095312e+02; maximum gradient component mag -8.6808e+00
Var    Value     Gradient |Var    Value     Gradient |Var    Value     Gradient
  1  0.13483 -8.68079e+00 |  2 -0.13093 -9.42360e-03 |  3  0.01767 -4.36208e-02
  4 -0.02164 -4.57933e-02 |  5  0.02024 -1.12877e-01 |  6 -0.05179  8.59691e-02
  7 -0.10422  8.73518e-02 |  8 -0.06088  7.63301e-02 |  9 -0.08147  1.43627e-01
 10  0.02772  1.15858e-01 | 11  0.01403  1.34953e-01 | 12  0.05769  7.14393e-02
 13  0.00779  8.43854e-02 | 14 -0.00552  1.07182e-01 | 15  0.07902  3.24725e-02
 16  0.02719  6.46296e-03 | 17 -0.04293 -1.42628e-04 | 18  0.00104  6.61308e-02
 19 -0.02442  2.47315e-02 | 20  0.04730  8.19684e-02 | 21  0.04344  2.07294e-02
 22 -0.05591  3.49443e-02 | 23 -0.03385 -9.41352e-02 | 24 -0.11477 -6.29019e-02
 25  0.01125 -6.11950e-01 | 26 -0.00562 -1.27498e-01 | 27  0.00016 -1.65364e-01
 28  0.05986 -3.48605e-01 | 29 -0.00292  1.05855e-02 | 30  0.05234  1.13548e-01
 31 -0.03231  1.05816e-01 | 32  0.05049  1.41081e-01 | 33  0.01963  1.16606e-01
 34  0.05419  1.02150e-01 | 35  0.02921  3.99194e-03 | 36 -0.00219 -1.30143e-01
 37  0.02358 -6.67215e-02 | 38  0.01197  9.25302e-02 | 39  0.25177 -1.09367e-01
 40  0.25679 -3.61585e-01 | 41  0.27330 -5.39106e-02 | 42  0.27223  1.11878e-01
 43 -0.35942 -5.15845e-01 | 44 -0.02259 -1.09550e-02 | 45 -0.30541 -1.49293e-03
 46 -0.69864 -3.73364e-04 | 47 -0.69439  9.29863e-01 | 48 -0.72336 -1.03066e+00
 49 -0.54160  4.48949e-02 | 50 -0.44911 -3.33950e-02 | 51 -0.31990  5.18258e-02
 52 -0.15105  1.43950e-03 | 53 -0.10772  1.63179e-01 | 54 -0.11424 -1.69626e-01
 55  0.04374  3.51164e-02 | 56  0.06937 -1.08658e-01 |
56 variables; iteration 120; function evaluation 150; phase 3
Function value 1.1095286e+02; maximum gradient component mag 1.4449e+00
Var    Value     Gradient |Var    Value     Gradient |Var    Value     Gradient
  1  0.13483  1.44486e+00 |  2 -0.13094  1.30955e-03 |  3  0.01767  8.14516e-03
  4 -0.02164  8.58629e-03 |  5  0.02025  2.09034e-02 |  6 -0.05179 -1.13614e-02
  7 -0.10421 -9.44473e-03 |  8 -0.06088 -3.47252e-03 |  9 -0.08150 -2.62920e-02
 10  0.02771 -2.02041e-02 | 11  0.01401 -2.19491e-02 | 12  0.05770 -1.16643e-02
 13  0.00779 -1.57170e-02 | 14 -0.00552 -2.06891e-02 | 15  0.07902 -1.54562e-02
 16  0.02718 -1.33322e-02 | 17 -0.04292 -1.26822e-02 | 18  0.00104 -8.41332e-03
 19 -0.02442 -1.64397e-03 | 20  0.04729 -1.70075e-02 | 21  0.04344 -3.21772e-03
 22 -0.05590 -3.66821e-03 | 23 -0.03384  1.92989e-02 | 24 -0.11477  1.61163e-02
 25  0.01126  1.20920e-01 | 26 -0.00561  2.77360e-02 | 27  0.00016  3.29119e-02
 28  0.05987  7.43847e-02 | 29 -0.00291 -6.96239e-04 | 30  0.05234 -2.56542e-02
 31 -0.03231 -1.49656e-02 | 32  0.05049 -3.44291e-02 | 33  0.01963 -2.28999e-02
 34  0.05419 -2.33793e-02 | 35  0.02921 -2.54705e-03 | 36 -0.00219  2.09510e-02
 37  0.02358  2.23067e-02 | 38  0.01196 -1.32149e-02 | 39  0.25176 -4.32011e-02
 40  0.25679  1.07852e-01 | 41  0.27330  3.51128e-02 | 42  0.27223 -3.36415e-02
 43 -0.35981  5.66764e-02 | 44  0.00178  1.24569e-03 | 45 -0.05523 -7.72047e-05
 46 -0.70342  4.87835e-04 | 47 -0.69467 -1.28807e-01 | 48 -0.72360  1.42638e-01
 49 -0.54188 -5.58611e-03 | 50 -0.44938  4.47343e-03 | 51 -0.32152  5.53626e-03
 52 -0.11482 -2.70049e-04 | 53 -0.10770 -3.34508e-02 | 54 -0.11422  4.72135e-02
 55  0.04378 -1.27945e-02 | 56  0.06940  3.74494e-02 |
56 variables; iteration 140; function evaluation 170; phase 3
Function value 1.1095283e+02; maximum gradient component mag 9.2436e-01
Var    Value     Gradient |Var    Value     Gradient |Var    Value     Gradient
  1  0.13483  9.24361e-01 |  2 -0.13094  7.67723e-04 |  3  0.01767  4.91123e-03
  4 -0.02164  7.55447e-03 |  5  0.02025  1.25204e-02 |  6 -0.05179 -1.41968e-02
  7 -0.10421 -1.56380e-02 |  8 -0.06088 -2.39013e-02 |  9 -0.08149 -9.42042e-03
 10  0.02771 -9.08433e-03 | 11  0.01401 -1.46081e-02 | 12  0.05770 -1.21363e-02
 13  0.00779 -1.09970e-02 | 14 -0.00552  8.84482e-04 | 15  0.07901  2.10343e-02
 16  0.02718  4.57259e-02 | 17 -0.04292  5.32841e-02 | 18  0.00104  1.05339e-02
 19 -0.02442  1.40315e-02 | 20  0.04729 -1.48803e-04 | 21  0.04344 -5.18202e-03
 22 -0.05591 -1.06948e-02 | 23 -0.03384 -8.22712e-03 | 24 -0.11477 -6.80966e-03
 25  0.01125 -4.08802e-03 | 26 -0.00562 -4.29065e-04 | 27  0.00017  5.53505e-03
 28  0.05986  6.20811e-03 | 29 -0.00291 -1.52773e-02 | 30  0.05234 -9.73978e-03
 31 -0.03231 -2.21782e-02 | 32  0.05049 -3.79043e-03 | 33  0.01963 -8.10406e-04
 34  0.05419  1.38021e-02 | 35  0.02921  2.54464e-02 | 36 -0.00219  2.33655e-02
 37  0.02358  1.82824e-02 | 38  0.01197 -4.89805e-03 | 39  0.25176  6.15526e-02
 40  0.25679 -5.67168e-02 | 41  0.27330 -3.56545e-02 | 42  0.27223  2.03317e-02
 43 -0.35956  3.96571e-02 | 44 -0.01056  8.26015e-04 | 45 -0.04437 -3.56079e-05
 46 -0.70476  3.62010e-05 | 47 -0.69442  1.81146e-02 | 48 -0.72337 -1.99114e-02
 49 -0.54181  1.45087e-02 | 50 -0.44931 -1.29920e-02 | 51 -0.32638 -7.01270e-04
 52  0.00126  5.19425e-05 | 53 -0.10801  3.94944e-02 | 54 -0.11450 -3.37231e-02
 55  0.04377  9.45698e-03 | 56  0.06939 -2.33572e-02 |
56 variables; iteration 160; function evaluation 190; phase 3
Function value 1.1095279e+02; maximum gradient component mag 1.4697e-01
Var    Value     Gradient |Var    Value     Gradient |Var    Value     Gradient
  1  0.13483  1.46972e-01 |  2 -0.13094  3.35770e-04 |  3  0.01767  1.52941e-03
  4 -0.02164  1.59597e-03 |  5  0.02025  2.49013e-03 |  6 -0.05179 -3.16316e-03
  7 -0.10421 -3.70693e-03 |  8 -0.06088 -5.63924e-03 |  9 -0.08149 -1.84553e-03
 10  0.02771 -1.36683e-03 | 11  0.01401 -1.78588e-03 | 12  0.05769 -1.82941e-03
 13  0.00779 -1.25228e-03 | 14 -0.00552  1.11166e-03 | 15  0.07902  5.28970e-03
 16  0.02718  9.67902e-03 | 17 -0.04292  9.00309e-03 | 18  0.00104  4.47694e-03
 19 -0.02442  5.35743e-03 | 20  0.04729 -8.16407e-05 | 21  0.04344 -6.55880e-04
 22 -0.05590 -2.41445e-03 | 23 -0.03384 -2.92723e-03 | 24 -0.11477 -1.72544e-03
 25  0.01125 -2.69350e-03 | 26 -0.00561 -1.52490e-03 | 27  0.00016 -2.84794e-03
 28  0.05986 -4.86042e-03 | 29 -0.00291 -2.70406e-03 | 30  0.05234 -3.08483e-03
 31 -0.03231 -3.71391e-03 | 32  0.05049  1.06154e-03 | 33  0.01963  1.29184e-03
 34  0.05419  2.26093e-03 | 35  0.02921  4.44270e-03 | 36 -0.00219  4.31337e-03
 37  0.02358  6.79313e-03 | 38  0.01196 -3.83882e-04 | 39  0.25176  3.23750e-02
 40  0.25678 -2.85701e-02 | 41  0.27330 -4.63489e-03 | 42  0.27223  5.97699e-03
 43 -0.35958  5.82622e-03 | 44 -0.00999  1.17481e-04 | 45 -0.03804 -4.41719e-06
 46 -0.70500  1.34999e-05 | 47 -0.69451  4.41627e-03 | 48 -0.72345 -4.83888e-03
 49 -0.54185  2.88858e-03 | 50 -0.44935 -2.61209e-03 | 51 -0.32582 -4.19155e-03
 52 -0.01300 -1.67455e-04 | 53 -0.11972  1.25172e-02 | 54 -0.12509 -1.36671e-02
 55  0.04377  7.87658e-04 | 56  0.06939 -4.08734e-03 |

 - final statistics:
56 variables; iteration 165; function evaluation 195
Function value 1.1095e+02; maximum gradient component mag -1.0989e-05
Exit code = 1;  converg criter 1.0000e-04
Var    Value     Gradient |Var    Value     Gradient |Var    Value     Gradient
  1  0.13483 -1.09886e-05 |  2 -0.13094 -6.60280e-08 |  3  0.01767 -2.04728e-07
  4 -0.02164 -2.65576e-07 |  5  0.02025  1.37531e-07 |  6 -0.05179 -3.60925e-08
  7 -0.10421  1.13225e-07 |  8 -0.06088  7.28594e-08 |  9 -0.08149 -7.58940e-08
 10  0.02771  9.73222e-08 | 11  0.01401 -2.32496e-07 | 12  0.05770  2.89788e-07
 13  0.00779  1.57553e-07 | 14 -0.00552 -2.04413e-07 | 15  0.07902 -1.90522e-07
 16  0.02718 -5.49474e-07 | 17 -0.04292  6.26143e-08 | 18  0.00104 -1.26508e-06
 19 -0.02442 -1.08368e-06 | 20  0.04729 -1.13367e-07 | 21  0.04344 -1.98396e-08
 22 -0.05590  3.47510e-07 | 23 -0.03384  9.29473e-07 | 24 -0.11477  5.06320e-07
 25  0.01125  1.45152e-06 | 26 -0.00561  9.33785e-07 | 27  0.00016  2.04509e-06
 28  0.05986  3.10670e-06 | 29 -0.00291  2.98279e-07 | 30  0.05234  5.30609e-08
 31 -0.03231  3.65924e-08 | 32  0.05049 -9.81389e-07 | 33  0.01963 -8.53410e-07
 34  0.05419 -1.19656e-06 | 35  0.02921 -1.60241e-06 | 36 -0.00219 -1.53087e-06
 37  0.02358 -3.67640e-06 | 38  0.01196 -2.78805e-07 | 39  0.25176 -3.31593e-06
 40  0.25678  6.37473e-06 | 41  0.27330 -7.72480e-07 | 42  0.27223 -2.63376e-06
 43 -0.35960 -2.00862e-06 | 44 -0.00897 -4.20486e-08 | 45 -0.03708  9.18677e-11
 46 -0.70506 -3.25971e-09 | 47 -0.69456  1.25473e-08 | 48 -0.72349 -1.22520e-08
 49 -0.54186 -7.13696e-07 | 50 -0.44936  7.25460e-07 | 51 -0.32572  4.63025e-07
 52 -0.01525  1.85977e-08 | 53 -0.12025 -5.81967e-07 | 54 -0.12557  5.94509e-07
 55  0.04377  1.39898e-08 | 56  0.06939  1.00660e-06 |
Estimating row 1 out of 56 for hessian
Estimating row 2 out of 56 for hessian
Estimating row 3 out of 56 for hessian
Estimating row 4 out of 56 for hessian
Estimating row 5 out of 56 for hessian
Estimating row 6 out of 56 for hessian
Estimating row 7 out of 56 for hessian
Estimating row 8 out of 56 for hessian
Estimating row 9 out of 56 for hessian
Estimating row 10 out of 56 for hessian
Estimating row 11 out of 56 for hessian
Estimating row 12 out of 56 for hessian
Estimating row 13 out of 56 for hessian
Estimating row 14 out of 56 for hessian
Estimating row 15 out of 56 for hessian
Estimating row 16 out of 56 for hessian
Estimating row 17 out of 56 for hessian
Estimating row 18 out of 56 for hessian
Estimating row 19 out of 56 for hessian
Estimating row 20 out of 56 for hessian
Estimating row 21 out of 56 for hessian
Estimating row 22 out of 56 for hessian
Estimating row 23 out of 56 for hessian
Estimating row 24 out of 56 for hessian
Estimating row 25 out of 56 for hessian
Estimating row 26 out of 56 for hessian
Estimating row 27 out of 56 for hessian
Estimating row 28 out of 56 for hessian
Estimating row 29 out of 56 for hessian
Estimating row 30 out of 56 for hessian
Estimating row 31 out of 56 for hessian
Estimating row 32 out of 56 for hessian
Estimating row 33 out of 56 for hessian
Estimating row 34 out of 56 for hessian
Estimating row 35 out of 56 for hessian
Estimating row 36 out of 56 for hessian
Estimating row 37 out of 56 for hessian
Estimating row 38 out of 56 for hessian
Estimating row 39 out of 56 for hessian
Estimating row 40 out of 56 for hessian
Estimating row 41 out of 56 for hessian
Estimating row 42 out of 56 for hessian
Estimating row 43 out of 56 for hessian
Estimating row 44 out of 56 for hessian
Estimating row 45 out of 56 for hessian
Estimating row 46 out of 56 for hessian
Estimating row 47 out of 56 for hessian
Estimating row 48 out of 56 for hessian
Estimating row 49 out of 56 for hessian
Estimating row 50 out of 56 for hessian
Estimating row 51 out of 56 for hessian
Estimating row 52 out of 56 for hessian
Estimating row 53 out of 56 for hessian
Estimating row 54 out of 56 for hessian
Estimating row 55 out of 56 for hessian
Estimating row 56 out of 56 for hessian
size of file gradfil1.tmp = 0
size of file gradfil2.tmp = 0
size of file varssave.tmp = 0
size of file cmpdiff.tmp = 0
