
Initial statistics: 2 variables; iteration 0; function evaluation 0; phase 1
Function value 3.8813370e+03; maximum gradient component mag 2.8930e+04
Var    Value     Gradient |Var    Value     Gradient |Var    Value     Gradient
  1  0.39650  2.89296e+04 |  2  0.21635  1.24114e+04 |

 - final statistics:
2 variables; iteration 8; function evaluation 14
Function value 5.1791e+02; maximum gradient component mag -3.1529e-01
Exit code = 1;  converg criter 1.0000e+01
Var    Value     Gradient |Var    Value     Gradient |Var    Value     Gradient
  1  0.20356 -1.15281e-01 |  2  0.18863 -3.15291e-01 |

Initial statistics: 51 variables; iteration 0; function evaluation 0; phase 2
Function value 5.1790830e+02; maximum gradient component mag 2.0148e+03
Var    Value     Gradient |Var    Value     Gradient |Var    Value     Gradient
  1  0.20356 -1.15281e-01 |  2  0.00000  1.96600e+01 |  3  0.00000 -1.21842e+02
  4  0.00000  3.57114e+01 |  5  0.00000 -7.79805e+01 |  6  0.00000 -3.89342e+01
  7  0.00000  4.29310e+01 |  8  0.00000 -1.81971e+00 |  9  0.00000  4.51250e+00
 10  0.00000 -7.66247e+01 | 11  0.00000  1.12453e+01 | 12  0.00000 -5.20912e+01
 13  0.00000 -1.34970e+01 | 14  0.00000 -1.41642e+01 | 15  0.00000 -8.66638e+01
 16  0.00000  4.55871e+00 | 17  0.00000  9.27171e+01 | 18  0.00000  1.56767e+01
 19  0.00000  5.05186e+01 | 20  0.00000 -1.39757e+02 | 21  0.00000 -1.61376e+02
 22  0.00000  3.87428e+01 | 23  0.00000  2.03837e+01 | 24  0.00000  2.31127e+02
 25  0.00000 -3.22391e+01 | 26  0.00000 -1.66446e+01 | 27  0.00000  6.52446e+01
 28  0.00000 -1.11797e+02 | 29  0.00000  7.44765e+01 | 30  0.00000 -8.42513e+01
 31  0.00000  1.47950e+02 | 32  0.00000  1.86830e+01 | 33  0.00000  4.95003e+00
 34  0.00000 -1.64532e+02 | 35  0.00000 -5.82026e-01 | 36  0.00000  9.22378e+01
 37  0.00000  7.90187e+01 | 38  0.21635  3.81173e+02 | 39  0.21635  2.01481e+03
 40  0.21635 -6.51131e+02 | 41  0.18863 -3.15291e-01 | 42 -1.00000 -1.08293e-07
 43  0.00000  1.47138e-05 | 44  0.00000  1.23221e-01 | 45 -0.53989  2.59618e+00
 46 -1.00000 -1.08293e-07 | 47 -0.53989  1.34923e+01 | 48 -1.00000 -1.08293e-07
 49 -0.53989  4.06706e+00 | 50 -0.32288 -4.67944e+01 | 51  0.21635 -1.44144e+00

Intermediate statistics: 51 variables; iteration 20; function evaluation 38; phase 2
Function value 2.2868572e+02; maximum gradient component mag 1.4655e+03
Var    Value     Gradient |Var    Value     Gradient |Var    Value     Gradient
  1  0.21566  7.43287e+02 |  2 -0.01845 -1.15359e+01 |  3  0.37835  3.71619e+01
  4  0.39996  1.85740e+02 |  5  0.26478 -3.54356e+00 |  6  0.14875 -1.34846e+01
  7  0.05964  3.45398e+01 |  8  0.01307 -4.29628e+01 |  9  0.08889  5.17189e+01
 10  0.14122  1.90892e+01 | 11  0.12957  1.19876e+02 | 12  0.05410 -2.56933e-01
 13  0.02946  5.09072e+01 | 14  0.03431  5.54946e+01 | 15 -0.00290 -5.92601e+01
 16 -0.00114  6.23583e+01 | 17 -0.01965  1.11040e+02 | 18 -0.02420  1.22151e+01
 19 -0.03102  4.08708e+01 | 20 -0.00855 -1.27585e+02 | 21  0.02509 -5.97523e+01
 22 -0.03884  1.29843e+01 | 23  0.01396  1.17544e+02 | 24 -0.06092  1.17689e+02
 25  0.00446  4.45899e+01 | 26  0.01177  6.19509e+01 | 27 -0.04401 -9.10921e+00
 28  0.01340  1.59827e+01 | 29 -0.08053  2.71204e+01 | 30  0.02955  1.57969e+02
 31 -0.04066  1.37189e+02 | 32 -0.05029 -6.34876e+01 | 33 -0.05401 -2.74425e+01
 34 -0.00385 -4.51042e+01 | 35 -0.02986  9.15015e+01 | 36 -0.11207  1.74253e+01
 37 -0.17169 -5.25556e+01 | 38  0.21713 -1.55110e+02 | 39  0.20584  6.44225e+02
 40  0.21694 -4.04583e+02 | 41  0.21092  1.46552e+03 | 42 -1.15539  1.24486e-02
 43 -0.00000  1.43537e-04 | 44 -0.00881  9.80044e-05 | 45 -0.72788 -1.66566e-03
 46 -0.63033 -2.34970e+02 | 47 -0.62614  2.34904e+02 | 48 -1.19633  3.99629e+01
 49 -0.67483  2.37849e+01 | 50 -0.29002  1.29334e+02 | 51  0.16547  8.23806e-01
51 variables; iteration 40; function evaluation 61; phase 2
Function value 1.9802875e+02; maximum gradient component mag -6.4635e+02
Var    Value     Gradient |Var    Value     Gradient |Var    Value     Gradient
  1  0.23236 -6.61977e+01 |  2 -0.04367 -1.50201e+01 |  3  0.30311  2.64582e+01
  4  0.31839  1.55834e+02 |  5  0.23942  1.27491e+01 |  6  0.13651 -1.60351e+00
  7  0.05375  2.64520e+01 |  8  0.05286  4.20329e+00 |  9  0.11729  5.93247e+01
 10  0.17674  4.50845e+01 | 11  0.14526  1.08763e+02 | 12  0.08913  3.17610e+01
 13  0.05972  8.20957e+01 | 14  0.04469  3.79365e+01 | 15  0.04581  2.55216e+01
 16  0.01417  8.10512e+01 | 17 -0.03099  8.72826e+01 | 18 -0.03401  2.17442e+00
 19 -0.05267  1.90245e+01 | 20  0.02787 -4.64734e+01 | 21  0.07054  6.47023e+01
 22 -0.06143 -1.99907e+01 | 23 -0.00721  6.74057e+01 | 24 -0.13794 -4.21095e+00
 25 -0.03048  3.08013e+01 | 26 -0.01212  4.03826e+01 | 27 -0.05343 -1.69191e+01
 28  0.02548  8.21331e+01 | 29 -0.09883 -4.90184e+01 | 30  0.03046  1.16085e+02
 31 -0.06754  3.01451e+01 | 32 -0.05880 -7.36023e+01 | 33 -0.02698  2.25567e+01
 34  0.01522  2.09128e+01 | 35 -0.04183  3.96010e+01 | 36 -0.17773 -1.10792e+02
 37 -0.19511 -4.09549e+01 | 38  0.19555 -6.46351e+02 | 39  0.19350  1.60936e+02
 40  0.21475  3.94859e+01 | 41  0.19014 -9.07294e+00 | 42 -1.49019 -5.43957e-01
 43 -0.11206  9.18591e-02 | 44 -0.40326  7.20050e-02 | 45 -1.43178 -2.23861e+00
 46 -0.57440 -2.12292e+02 | 47 -0.56844  2.25645e+02 | 48 -1.07476  1.96952e+02
 49 -0.86598  1.09547e+02 | 50 -0.32170  1.07614e+02 | 51 -1.49662 -5.02154e+00
51 variables; iteration 60; function evaluation 93; phase 2
Function value 1.1941897e+02; maximum gradient component mag -3.6270e+02
Var    Value     Gradient |Var    Value     Gradient |Var    Value     Gradient
  1  0.17224 -3.62703e+02 |  2 -0.05798 -8.48091e-01 |  3  0.05108  5.16533e+00
  4  0.00368  1.29758e+01 |  5  0.05180 -2.57604e+00 |  6  0.01462  3.60907e+00
  7 -0.04903  6.64418e+00 |  8 -0.03329 -7.63638e+00 |  9 -0.01264 -1.28363e-01
 10  0.06820  3.28449e+00 | 11  0.03455  1.41291e+01 | 12  0.05588  1.33280e+01
 13  0.00656  3.33863e+00 | 14  0.01864  2.31155e+01 | 15  0.05391 -9.15218e+00
 16  0.00331  1.56832e+00 | 17 -0.06954 -1.47204e+00 | 18 -0.00716 -3.26765e+00
 19 -0.03209  5.04065e+00 | 20  0.07441  5.89165e-01 | 21  0.07145 -2.13396e+00
 22 -0.03103  9.64005e+00 | 23  0.00040  2.48498e+01 | 24 -0.09854  1.50189e+00
 25 -0.01490 -5.06947e+00 | 26 -0.00627  1.70133e+01 | 27 -0.01177 -9.07978e+00
 28  0.04584 -8.50805e+00 | 29 -0.02803 -3.12463e+00 | 30  0.03811  1.75884e+01
 31 -0.03618  3.16900e+00 | 32  0.00694 -5.94204e+00 | 33  0.00122 -2.23722e+01
 34  0.03960 -1.74463e+01 | 35 -0.00141  4.53229e+00 | 36 -0.05384 -6.73558e+00
 37 -0.04741 -2.84852e+01 | 38  0.24700  3.01919e+02 | 39  0.22052 -2.10854e+02
 40  0.24703 -1.43802e+02 | 41  0.20760 -1.07158e+01 | 42 -1.34565  4.72891e-02
 43  0.79657  6.26307e-03 | 44 -1.90164 -3.86870e-02 | 45 -1.41082 -9.62210e-01
 46 -0.67092 -6.91270e+01 | 47 -0.69409  7.45934e+01 | 48 -1.20779  1.35064e+02
 49 -0.70491  9.42239e+01 | 50 -0.26386  5.91629e+00 | 51  0.36175 -7.19849e-02
Maximum number of function evaluations exceeded

 - final statistics:
51 variables; iteration 68; function evaluation 100
Function value 1.1522e+02; maximum gradient component mag -1.0843e+02
Exit code = 3;  converg criter 1.0000e+01
Var    Value     Gradient |Var    Value     Gradient |Var    Value     Gradient
  1  0.17197 -1.08426e+02 |  2 -0.07012 -1.58581e+00 |  3  0.03035  3.23781e-01
  4 -0.01576  2.57647e+00 |  5  0.04500  3.95186e-01 |  6  0.01068  6.85960e-01
  7 -0.04924  1.57731e+00 |  8 -0.02136  6.18185e-01 |  9 -0.00243  3.07202e-01
 10  0.07201  2.38620e+00 | 11  0.02954  2.44676e+00 | 12  0.05375  4.01427e+00
 13  0.00723  7.86195e-01 | 14  0.01148  4.44314e+00 | 15  0.06029  3.14920e-01
 16  0.00465  3.02087e+00 | 17 -0.06386  2.45930e+00 | 18 -0.00762  1.89436e+00
 19 -0.03568  1.35695e+00 | 20  0.07188 -5.55440e-01 | 21  0.07415  1.82104e+00
 22 -0.03152  2.64189e+00 | 23 -0.00239  6.27720e+00 | 24 -0.10171  1.29671e+00
 25 -0.01562  4.11975e+00 | 26 -0.01102  4.84929e+00 | 27 -0.01180  9.12447e-02
 28  0.04285  8.12211e-01 | 29 -0.02696  8.65208e-01 | 30  0.03554  5.69486e+00
 31 -0.03918  2.77064e+00 | 32  0.00674  9.63515e-01 | 33  0.00640 -5.83230e-01
 34  0.04475  3.32538e-01 | 35 -0.00136 -2.25008e+00 | 36 -0.05852 -1.23045e+01
 37 -0.05142 -3.06384e+01 | 38  0.23653 -9.75386e+00 | 39  0.22226  1.27934e+01
 40  0.24978  1.61467e+01 | 41  0.20785 -7.58625e+00 | 42 -1.42433  3.20419e-02
 43  0.04157 -6.06231e-03 | 44 -1.44066  2.83542e-03 | 45 -1.33186 -4.37066e-02
 46 -0.70831  1.92195e+01 | 47 -0.73242 -2.10256e+01 | 48 -1.21457 -9.33653e+00
 49 -0.71482 -6.98763e+00 | 50 -0.30884  2.13688e+01 | 51  0.38605  3.36147e-01

Initial statistics: 53 variables; iteration 0; function evaluation 0; phase 3
Function value 1.1521693e+02; maximum gradient component mag -7.7031e+02
Var    Value     Gradient |Var    Value     Gradient |Var    Value     Gradient
  1  0.17197 -1.08426e+02 |  2 -0.07012 -1.58581e+00 |  3  0.03035  3.23781e-01
  4 -0.01576  2.57647e+00 |  5  0.04500  3.95186e-01 |  6  0.01067  2.96433e-01
  7 -0.04925  1.18889e+00 |  8 -0.02137  2.28823e-01 |  9 -0.00245 -8.23764e-02
 10  0.07200  1.99912e+00 | 11  0.02953  2.05760e+00 | 12  0.05374  3.62608e+00
 13  0.00722  3.96639e-01 | 14  0.01147  4.05363e+00 | 15  0.06028 -7.29155e-02
 16  0.00464  2.63130e+00 | 17 -0.06387  2.07167e+00 | 18 -0.00763  1.50481e+00
 19 -0.03569  9.67977e-01 | 20  0.07187 -9.42543e-01 | 21  0.07414  1.43410e+00
 22 -0.03153  2.25278e+00 | 23 -0.00240  5.88762e+00 | 24 -0.10172  9.12083e-01
 25 -0.01563  3.73028e+00 | 26 -0.01103  4.45976e+00 | 27 -0.01181 -2.98269e-01
 28  0.04284  4.23513e-01 | 29 -0.02697  4.75976e-01 | 30  0.03553  5.30589e+00
 31 -0.03919  2.38180e+00 | 32  0.00673  5.73956e-01 | 33  0.00639 -9.72791e-01
 34  0.04474 -5.60808e-02 | 35 -0.00138 -2.63966e+00 | 36 -0.05853 -1.26924e+01
 37 -0.05143 -3.10267e+01 | 38  0.23653 -9.75386e+00 | 39  0.22226  1.27934e+01
 40  0.24978  1.61467e+01 | 41  0.20785 -7.58625e+00 | 42 -0.57567 -3.20419e-02
 43  0.04157 -6.06231e-03 | 44 -0.55934 -2.83542e-03 | 45 -0.66814  4.37066e-02
 46 -0.70831  1.92195e+01 | 47 -0.73242 -2.10256e+01 | 48 -0.78543  9.33653e+00
 49 -0.71482 -6.98763e+00 | 50 -0.30884  2.13688e+01 | 51  0.38605  3.36147e-01
 52 -0.17585 -7.70311e+02 | 53 -0.12819 -3.69042e+02 |

Intermediate statistics: 53 variables; iteration 20; function evaluation 27; phase 3
Function value 9.4496108e+01; maximum gradient component mag -9.5795e+02
Var    Value     Gradient |Var    Value     Gradient |Var    Value     Gradient
  1  0.16720 -9.57947e+02 |  2 -0.06101  6.56467e-01 |  3  0.03446 -9.51932e-01
  4 -0.01215  8.24155e-01 |  5  0.05024  7.57756e-01 |  6  0.01721  1.68288e+01
  7 -0.04083  1.82820e+01 |  8 -0.01054  2.02281e+01 |  9  0.00637  1.67319e+01
 10  0.07957  1.75179e+01 | 11  0.03838  2.02766e+01 | 12  0.06181  2.43753e+01
 13  0.01015  1.63551e+01 | 14  0.01115  1.53700e+01 | 15  0.06339  1.54432e+01
 16  0.00735  1.68413e+01 | 17 -0.06671  1.45810e+01 | 18 -0.02214  1.13001e+01
 19 -0.03917  1.16266e+01 | 20  0.05265  6.98847e+00 | 21  0.05905  9.06649e+00
 22 -0.04265  5.54939e+00 | 23 -0.01870  1.24490e+01 | 24 -0.11678  9.09115e+00
 25 -0.01745  1.52081e+01 | 26 -0.02397  8.91566e+00 | 27 -0.02640  1.24427e+01
 28  0.03804  1.93403e+01 | 29 -0.02404  1.45465e+01 | 30  0.04512 -3.02333e+00
 31 -0.04028  5.78306e+00 | 32  0.02553 -1.81801e+00 | 33  0.01922 -4.01543e-01
 34  0.04784 -1.55482e+01 | 35  0.00607 -1.68135e+01 | 36 -0.05524 -4.94044e+01
 37 -0.04124 -1.48326e+02 | 38  0.23519 -1.71971e+02 | 39  0.23764 -2.40860e+02
 40  0.25531 -1.56467e+01 | 41  0.20915  5.53402e+00 | 42 -0.57487 -5.13474e-02
 43  0.04174 -1.03311e-02 | 44 -0.55928 -2.94530e-03 | 45 -0.66819  3.80121e-02
 46 -0.70682 -6.68826e+00 | 47 -0.73022  7.27576e+00 | 48 -0.78367 -1.76061e+01
 49 -0.71677  1.33398e+01 | 50 -0.34546  2.11709e+01 | 51  0.38158  8.05899e-01
 52 -0.13949 -4.66346e+01 | 53 -0.12458 -2.82957e+02 |
53 variables; iteration 40; function evaluation 63; phase 3
Function value 9.0103024e+01; maximum gradient component mag 2.8362e+02
Var    Value     Gradient |Var    Value     Gradient |Var    Value     Gradient
  1  0.16665  2.72321e+02 |  2 -0.07082 -5.51254e-01 |  3  0.02940  1.88485e+00
  4 -0.02151 -7.38795e+00 |  5  0.04868  4.37066e+00 |  6  0.01747  2.14680e+00
  7 -0.04646 -8.93414e+00 |  8 -0.01351 -2.57018e+00 |  9  0.00621 -3.12548e+00
 10  0.07958 -2.23207e-01 | 11  0.03258 -7.40928e+00 | 12  0.05592 -3.98519e+00
 13  0.00607 -7.22253e+00 | 14  0.00513 -1.01486e+01 | 15  0.06265 -1.53960e+00
 16  0.00655  6.38609e-01 | 17 -0.06952 -7.47729e+00 | 18 -0.02524 -4.05632e+00
 19 -0.03957 -3.19906e+00 | 20  0.04895 -5.36742e+00 | 21  0.05989  7.68136e+00
 22 -0.03714 -1.81821e-01 | 23 -0.02436 -9.69178e+00 | 24 -0.12060 -1.15953e+01
 25 -0.01894 -8.81361e+00 | 26 -0.02284 -2.18632e+00 | 27 -0.02809  1.87681e+00
 28  0.03189 -8.08295e+00 | 29 -0.02287  1.07923e+01 | 30  0.05011  2.49684e+01
 31 -0.03870  6.99125e+00 | 32  0.03413  2.53628e+01 | 33  0.02615  1.82258e+01
 34  0.05451  1.69403e+01 | 35  0.01264  5.34286e+00 | 36 -0.04911 -1.10001e+01
 37 -0.03460 -3.21446e+01 | 38  0.23304  1.16204e+02 | 39  0.24193  2.83618e+02
 40  0.25592  8.09708e+00 | 41  0.20800 -5.15004e+00 | 42 -0.38285 -5.88032e-01
 43  0.08422 -2.13143e-02 | 44 -0.55230 -3.27119e-03 | 45 -0.67788  1.71319e-02
 46 -0.56059 -2.67434e+01 | 47 -0.60005  2.88871e+01 | 48 -0.74281  7.22289e+00
 49 -0.66682 -5.58287e+00 | 50 -0.35003 -6.32667e+00 | 51 -0.22786 -4.97188e-01
 52 -0.12803 -1.87325e+02 | 53 -0.11039 -4.96635e+01 |
53 variables; iteration 60; function evaluation 92; phase 3
Function value 8.4794383e+01; maximum gradient component mag 1.1298e+02
Var    Value     Gradient |Var    Value     Gradient |Var    Value     Gradient
  1  0.16571  1.12979e+02 |  2 -0.07396 -4.54308e-03 |  3  0.02647 -6.71411e-01
  4 -0.02135 -5.90246e-01 |  5  0.03913 -9.69452e-01 |  6  0.00355 -2.64835e+00
  7 -0.05216 -8.05296e-01 |  8 -0.02099 -8.03632e-01 |  9 -0.00343 -2.07556e+00
 10  0.07253 -8.07397e-01 | 11  0.03228 -1.62557e+00 | 12  0.05660 -8.97151e-01
 13  0.01004 -1.49756e+00 | 14  0.01120 -2.19265e+00 | 15  0.06312 -1.35943e+00
 16  0.00655 -1.64683e+00 | 17 -0.06432 -1.82982e+00 | 18 -0.01812  9.17149e-01
 19 -0.03909 -2.72564e+00 | 20  0.05515 -7.15349e-01 | 21  0.06159  3.78497e-01
 22 -0.03647 -3.35471e-01 | 23 -0.01582  1.52311e+00 | 24 -0.11530 -3.16871e+00
 25 -0.01797 -4.02294e+00 | 26 -0.02060 -1.28321e+00 | 27 -0.02285 -7.92198e-01
 28  0.03587 -9.24482e-01 | 29 -0.02774 -1.66198e+00 | 30  0.04452 -4.42730e+00
 31 -0.04114 -1.81497e+00 | 32  0.02607 -2.36085e+00 | 33  0.02032 -2.31496e+00
 34  0.05124 -1.80142e+00 | 35  0.01238  5.83400e+00 | 36 -0.04371  1.67306e+01
 37 -0.02348  2.65844e+01 | 38  0.23134  1.97628e+01 | 39  0.24614 -6.31615e+00
 40  0.25632 -8.47486e+00 | 41  0.20880 -3.00909e-01 | 42 -0.37651 -1.63890e-01
 43  0.03446 -5.28096e-03 | 44 -0.48517 -2.99728e-03 | 45 -0.73442 -6.81462e-03
 46 -0.46051 -7.20335e+00 | 47 -0.52161  3.78405e+00 | 48 -0.48191 -3.00624e+01
 49 -0.36214  2.28074e+01 | 50 -0.34626 -3.52049e-01 | 51 -1.07480  3.06809e-02
 52 -0.08875  1.44495e+01 | 53 -0.07188  1.22212e+01 |
Maximum number of function evaluations exceeded

 - final statistics:
53 variables; iteration 68; function evaluation 100
Function value 8.3277e+01; maximum gradient component mag -3.8756e+01
Exit code = 3;  converg criter 1.0000e+00
Var    Value     Gradient |Var    Value     Gradient |Var    Value     Gradient
  1  0.16301 -3.87564e+01 |  2 -0.07999 -6.47527e-02 |  3  0.02293 -4.30667e-01
  4 -0.02540 -1.21119e+00 |  5  0.03360 -1.00968e+00 |  6 -0.00440 -7.84207e-01
  7 -0.05894  9.58868e-01 |  8 -0.02626  5.16019e-01 |  9 -0.00926  3.57272e-02
 10  0.06887 -5.59580e-01 | 11  0.03178 -1.62496e+00 | 12  0.05741 -7.50310e+00
 13  0.01011 -3.01171e+00 | 14  0.01093  2.97228e-01 | 15  0.06463 -4.17761e-01
 16  0.00857 -1.08326e+00 | 17 -0.06326 -6.07484e-01 | 18 -0.01943 -1.10621e+00
 19 -0.03823 -9.78559e-01 | 20  0.05346  2.03098e-01 | 21  0.05946 -4.07671e-01
 22 -0.03748  4.59895e-01 | 23 -0.01684  3.02929e-01 | 24 -0.11399 -1.45293e+00
 25 -0.01648 -1.39823e+00 | 26 -0.02097 -5.42362e-01 | 27 -0.02354 -2.02676e+00
 28  0.03750 -2.96074e-01 | 29 -0.02494 -8.40830e-01 | 30  0.04639 -2.67963e+00
 31 -0.03951 -1.01686e-01 | 32  0.02742 -7.59329e-01 | 33  0.02257 -2.53752e-01
 34  0.05311  7.35208e-01 | 35  0.01595  7.67028e+00 | 36 -0.03684  1.89968e+01
 37 -0.01808 -2.13662e+00 | 38  0.23291 -2.86035e+01 | 39  0.24691 -1.33922e+01
 40  0.25870  3.89298e+00 | 41  0.20949  7.91889e-01 | 42 -0.36988 -4.74831e-02
 43  0.05495 -9.96996e-04 | 44 -0.33890 -1.49982e-03 | 45 -0.68047  7.95221e-03
 46 -0.46683 -3.94617e+00 | 47 -0.52786  4.43385e-01 | 48 -0.32551 -6.14743e+00
 49 -0.26947  9.95970e+00 | 50 -0.35182  5.73878e-01 | 51 -0.65485  3.63163e-02
 52 -0.09608 -1.68700e+00 | 53 -0.07947 -2.36175e-01 |

Initial statistics: 55 variables; iteration 0; function evaluation 0; phase 4
Function value 8.3277158e+01; maximum gradient component mag 1.0562e+02
Var    Value     Gradient |Var    Value     Gradient |Var    Value     Gradient
  1  0.16301 -3.87564e+01 |  2 -0.07999 -6.47527e-02 |  3  0.02293 -4.30667e-01
  4 -0.02540 -1.21119e+00 |  5  0.03360 -1.00968e+00 |  6 -0.00440 -7.70607e-01
  7 -0.05894  9.72410e-01 |  8 -0.02626  5.29608e-01 |  9 -0.00926  4.93264e-02
 10  0.06887 -5.46059e-01 | 11  0.03178 -1.61137e+00 | 12  0.05741 -7.48955e+00
 13  0.01011 -2.99812e+00 | 14  0.01093  3.10826e-01 | 15  0.06463 -4.04230e-01
 16  0.00857 -1.06966e+00 | 17 -0.06326 -5.93950e-01 | 18 -0.01943 -1.09262e+00
 19 -0.03823 -9.64983e-01 | 20  0.05346  2.16650e-01 | 21  0.05946 -3.94130e-01
 22 -0.03748  4.73472e-01 | 23 -0.01684  3.16525e-01 | 24 -0.11399 -1.43955e+00
 25 -0.01648 -1.38463e+00 | 26 -0.02097 -5.28768e-01 | 27 -0.02354 -2.01317e+00
 28  0.03750 -2.82497e-01 | 29 -0.02494 -8.27240e-01 | 30  0.04639 -2.66607e+00
 31 -0.03951 -8.81115e-02 | 32  0.02742 -7.45741e-01 | 33  0.02257 -2.40160e-01
 34  0.05311  7.48761e-01 | 35  0.01595  7.68388e+00 | 36 -0.03684  1.90104e+01
 37 -0.01808 -2.12303e+00 | 38  0.23291 -2.86035e+01 | 39  0.24691 -1.33922e+01
 40  0.25870  3.89298e+00 | 41  0.20949  7.91889e-01 | 42 -0.36988 -4.74831e-02
 43  0.05495 -9.96996e-04 | 44 -0.33890 -1.49982e-03 | 45 -0.68047  7.95221e-03
 46 -0.46683 -3.94617e+00 | 47 -0.52786  4.43385e-01 | 48 -0.32551 -6.14743e+00
 49 -0.26947  9.95970e+00 | 50 -0.35182  5.73878e-01 | 51 -0.65485  3.63163e-02
 52 -0.09608 -1.68700e+00 | 53 -0.07947 -2.36175e-01 | 54 -0.05795  1.05617e+02
 55 -0.17585 -1.03678e+02 |

Intermediate statistics: 55 variables; iteration 20; function evaluation 26; phase 4
Function value 8.1633525e+01; maximum gradient component mag -1.2830e+02
Var    Value     Gradient |Var    Value     Gradient |Var    Value     Gradient
  1  0.16273  7.05815e+01 |  2 -0.08128 -7.19431e-02 |  3  0.02211 -4.55858e-01
  4 -0.02532 -4.70115e-01 |  5  0.03376 -1.79967e-01 |  6 -0.00385 -2.26404e-01
  7 -0.05879 -4.51747e-02 |  8 -0.02569  1.07765e-01 |  9 -0.00834 -2.06334e-02
 10  0.06903 -2.04033e+00 | 11  0.03252 -3.67955e+00 | 12  0.06087 -7.28702e+00
 13  0.01114 -3.20703e+00 | 14  0.01136 -7.05026e-01 | 15  0.06424 -2.16075e+00
 16  0.00798 -3.29187e+00 | 17 -0.06513 -3.64584e+00 | 18 -0.02336 -6.97030e+00
 19 -0.03849 -1.21033e+00 | 20  0.04874 -7.32515e+00 | 21  0.05550 -6.20102e+00
 22 -0.03965 -1.24028e+00 | 23 -0.02156 -7.62387e+00 | 24 -0.11645 -4.21316e+00
 25 -0.01684 -3.97730e-01 | 26 -0.02222 -2.35763e+00 | 27 -0.02707 -8.08190e+00
 28  0.03540 -2.23516e+00 | 29 -0.02197  5.59378e+00 | 30  0.04998  1.23121e+01
 31 -0.03784  5.96613e+00 | 32  0.03310  1.51976e+01 | 33  0.02663  9.61843e+00
 34  0.05450  5.64443e+00 | 35  0.01692  4.48271e+00 | 36 -0.03793  2.89972e+00
 37 -0.01255  3.33565e+01 | 38  0.23314 -4.58044e+01 | 39  0.24545  8.77337e+01
 40  0.25956  2.73211e+01 | 41  0.20887 -1.63683e+01 | 42 -0.36938 -9.58922e-01
 43  0.05496 -2.60717e-02 | 44 -0.33888 -1.52463e-03 | 45 -0.68057  6.99307e-03
 46 -0.44741 -1.14857e+01 | 47 -0.51465  1.04999e+01 | 48 -0.31775  3.16555e-01
 49 -0.26904  3.02927e+00 | 50 -0.35161  1.05436e+00 | 51 -0.65476  7.07419e-02
 52 -0.11038 -9.32839e+01 | 53 -0.07672  8.94219e+01 | 54 -0.07082  3.76326e+01
 55 -0.16204 -1.28300e+02 |
55 variables; iteration 40; function evaluation 51; phase 4
Function value 8.0945401e+01; maximum gradient component mag -2.6881e+02
Var    Value     Gradient |Var    Value     Gradient |Var    Value     Gradient
  1  0.16237 -2.68813e+02 |  2 -0.08218 -9.92674e-01 |  3  0.02781  5.92768e+00
  4 -0.02185  1.88598e+00 |  5  0.03470  7.11462e-01 |  6 -0.00388  5.33328e+00
  7 -0.06115  4.11637e+00 |  8 -0.03170  5.58301e-01 |  9 -0.01523  5.48242e-02
 10  0.07075  7.60700e+00 | 11  0.03391  4.25899e+00 | 12  0.05950 -8.13549e-02
 13  0.01145  3.74011e+00 | 14  0.01113  3.48089e+00 | 15  0.06491  2.96045e+00
 16  0.00782 -8.29451e-01 | 17 -0.06452  8.07976e-01 | 18 -0.02377 -5.55201e+00
 19 -0.03924 -1.68680e+00 | 20  0.04921 -1.59837e+00 | 21  0.05619  5.08549e-01
 22 -0.03749  7.74397e+00 | 23 -0.02099 -1.46751e+00 | 24 -0.11585  9.63268e-01
 25 -0.01757  1.18928e+00 | 26 -0.02391 -2.58348e+00 | 27 -0.02643 -3.82775e+00
 28  0.03505 -5.40756e+00 | 29 -0.02008  7.70665e+00 | 30  0.05071  4.08156e+00
 31 -0.03786  2.17030e+00 | 32  0.03382  5.53719e+00 | 33  0.02794  5.23646e+00
 34  0.05522 -7.06123e-01 | 35  0.01798 -6.51678e+00 | 36 -0.03508 -1.97433e+01
 37 -0.01095 -9.78047e+00 | 38  0.23330 -2.49634e+01 | 39  0.24473 -1.08743e+02
 40  0.25968  1.49603e+01 | 41  0.20884 -7.92628e+00 | 42 -0.36986 -3.57587e+00
 43  0.05497 -9.94516e-02 | 44 -0.33792 -1.59983e-03 | 45 -0.68491  3.88372e-03
 46 -0.43478  7.22198e+00 | 47 -0.50566  7.86218e+00 | 48 -0.32714 -1.36763e+00
 49 -0.27648 -6.86408e-01 | 50 -0.35207  5.90742e-01 | 51 -0.65147  3.79834e-02
 52 -0.19980  7.74380e+00 | 53 -0.07973  9.49833e+00 | 54  0.00702  2.71208e+01
 55 -0.06855 -1.88703e+01 |
55 variables; iteration 60; function evaluation 84; phase 4
Function value 8.0482161e+01; maximum gradient component mag 5.5563e+00
Var    Value     Gradient |Var    Value     Gradient |Var    Value     Gradient
  1  0.16288  3.60953e+00 |  2 -0.08079  4.31715e-02 |  3  0.02232  3.65575e-02
  4 -0.02512 -7.17055e-02 |  5  0.03372  2.98824e-02 |  6 -0.00404 -9.57889e-02
  7 -0.05931 -1.81909e-01 |  8 -0.02627 -2.59186e-01 |  9 -0.00846 -2.23577e-01
 10  0.07053 -1.62206e-02 | 11  0.03418 -1.70459e-02 | 12  0.06089 -1.39573e-01
 13  0.01110 -4.38949e-02 | 14  0.01146  3.27772e-02 | 15  0.06425  4.68576e-02
 16  0.00805  9.16461e-02 | 17 -0.06522 -4.17371e-02 | 18 -0.02378  5.40640e-02
 19 -0.03853  9.07926e-02 | 20  0.04837 -8.23371e-02 | 21  0.05527 -7.58932e-02
 22 -0.03988  1.55916e-01 | 23 -0.02200 -1.01969e-02 | 24 -0.11652  7.40473e-01
 25 -0.01618  2.75957e+00 | 26 -0.02201  3.69222e-01 | 27 -0.02727 -1.26825e-02
 28  0.03476 -2.34217e-01 | 29 -0.02169 -1.58331e-01 | 30  0.05079 -2.09860e-01
 31 -0.03751 -1.30978e-01 | 32  0.03379 -2.29741e-01 | 33  0.02721 -3.54161e-02
 34  0.05524 -1.22744e-01 | 35  0.01614 -5.75229e-01 | 36 -0.03890 -6.43993e-01
 37 -0.01480 -1.05929e+00 | 38  0.23339  5.55629e+00 | 39  0.24377 -5.20259e+00
 40  0.25895 -2.69046e-01 | 41  0.20898 -1.64113e-01 | 42 -0.36938  3.10281e-03
 43  0.05134  3.95403e-04 | 44 -0.30798 -1.51118e-03 | 45 -0.69607 -4.31013e-04
 46 -0.45400 -7.16824e-01 | 47 -0.51916  3.13537e-01 | 48 -0.31727 -2.32486e-01
 49 -0.26985  4.04493e-02 | 50 -0.35198 -9.13447e-02 | 51 -0.56852 -1.10695e-02
 52 -0.13167  3.28247e+00 | 53 -0.10528 -2.41621e+00 | 54 -0.10572  1.21973e+00
 55 -0.15752  2.05206e+00 |
55 variables; iteration 80; function evaluation 107; phase 4
Function value 8.0468260e+01; maximum gradient component mag -8.1764e-01
Var    Value     Gradient |Var    Value     Gradient |Var    Value     Gradient
  1  0.16286 -8.17642e-01 |  2 -0.08114 -5.57924e-04 |  3  0.02215  3.32909e-03
  4 -0.02519  1.76806e-03 |  5  0.03362  3.66449e-03 |  6 -0.00408  1.37271e-02
  7 -0.05918  8.70683e-03 |  8 -0.02602  1.55934e-03 |  9 -0.00818 -2.38292e-04
 10  0.07063  1.87379e-02 | 11  0.03433  1.70243e-02 | 12  0.06118  5.44638e-03
 13  0.01120  4.42470e-03 | 14  0.01152  1.23813e-02 | 15  0.06419  2.03893e-03
 16  0.00795 -3.37247e-03 | 17 -0.06524  3.84133e-03 | 18 -0.02400  5.32247e-03
 19 -0.03869 -2.85475e-03 | 20  0.04815  3.70869e-04 | 21  0.05508 -1.68981e-03
 22 -0.04001  8.86239e-03 | 23 -0.02204  4.03205e-03 | 24 -0.11687  1.27385e-02
 25 -0.01696  3.03494e-02 | 26 -0.02235  1.13226e-02 | 27 -0.02743  3.70256e-03
 28  0.03465 -1.55791e-02 | 29 -0.02164 -5.11359e-03 | 30  0.05082 -1.55977e-02
 31 -0.03755 -3.78294e-03 | 32  0.03376 -1.70811e-02 | 33  0.02720 -8.24989e-03
 34  0.05533 -8.40952e-03 | 35  0.01651 -9.94943e-03 | 36 -0.03834 -1.88620e-02
 37 -0.01426 -4.51385e-02 | 38  0.23308 -5.62038e-01 | 39  0.24375 -3.48376e-01
 40  0.25907 -9.88236e-04 | 41  0.20895 -1.70950e-02 | 42 -0.36798 -4.97675e-03
 43  0.00635 -5.03792e-05 | 44 -0.08309 -2.35403e-04 | 45 -0.70115 -8.07747e-05
 46 -0.45054  6.84703e-03 | 47 -0.51688  1.99533e-02 | 48 -0.31641 -6.63023e-03
 49 -0.26959  4.60286e-03 | 50 -0.41060  5.40163e-03 | 51 -0.23285 -8.81955e-06
 52 -0.09419  5.25958e-01 | 53 -0.14580 -5.25911e-01 | 54 -0.21028  9.11471e-02
 55 -0.23301  4.04745e-01 |
55 variables; iteration 100; function evaluation 129; phase 4
Function value 8.0468199e+01; maximum gradient component mag -8.5712e-01
Var    Value     Gradient |Var    Value     Gradient |Var    Value     Gradient
  1  0.16286  4.27355e-01 |  2 -0.08114  1.91915e-03 |  3  0.02214  4.17100e-04
  4 -0.02519  4.79526e-04 |  5  0.03363  5.05703e-03 |  6 -0.00408 -3.14396e-03
  7 -0.05917 -6.97189e-03 |  8 -0.02600 -3.85978e-03 |  9 -0.00816 -1.16428e-02
 10  0.07064 -1.82919e-03 | 11  0.03433 -5.46289e-03 | 12  0.06119  3.94662e-03
 13  0.01119  1.43201e-03 | 14  0.01150  1.83901e-04 | 15  0.06420  2.06346e-02
 16  0.00795  9.68292e-03 | 17 -0.06524  7.15999e-03 | 18 -0.02400  2.82400e-03
 19 -0.03869 -1.81173e-03 | 20  0.04816  1.79782e-02 | 21  0.05508  9.57682e-03
 22 -0.04003  3.43036e-03 | 23 -0.02205  1.40683e-02 | 24 -0.11687 -3.14091e-03
 25 -0.01697 -3.57937e-02 | 26 -0.02236  1.05348e-03 | 27 -0.02742  2.66779e-02
 28  0.03466  2.34860e-03 | 29 -0.02163  3.35774e-03 | 30  0.05081 -6.14293e-03
 31 -0.03755 -7.72349e-03 | 32  0.03376 -7.38603e-03 | 33  0.02720 -3.88679e-03
 34  0.05531 -9.13784e-03 | 35  0.01650  8.81252e-03 | 36 -0.03833  5.46430e-03
 37 -0.01426  4.86556e-03 | 38  0.23314  7.54326e-01 | 39  0.24375 -3.19113e-01
 40  0.25907 -5.29471e-03 | 41  0.20895 -6.71909e-03 | 42 -0.36754  1.07154e-03
 43 -0.00951  3.77429e-05 | 44 -0.06493 -1.17092e-04 | 45 -0.69962  8.04152e-04
 46 -0.45058  2.91639e-03 | 47 -0.51691 -5.23499e-03 | 48 -0.31639  5.15140e-03
 49 -0.26958  2.25250e-03 | 50 -0.42144 -3.49664e-03 | 51 -0.13002 -8.17427e-04
 52 -0.09759  7.03664e-01 | 53 -0.14391 -8.57115e-01 | 54 -0.20358  3.25429e-01
 55 -0.22768  3.44102e-01 |
55 variables; iteration 120; function evaluation 149; phase 4
Function value 8.0468140e+01; maximum gradient component mag 2.4055e-02
Var    Value     Gradient |Var    Value     Gradient |Var    Value     Gradient
  1  0.16286  2.33788e-03 |  2 -0.08114  8.01018e-05 |  3  0.02214  1.11929e-04
  4 -0.02519  9.70850e-05 |  5  0.03362  2.26170e-04 |  6 -0.00408  6.70957e-05
  7 -0.05917 -1.87136e-04 |  8 -0.02600 -4.61185e-04 |  9 -0.00816 -6.34196e-04
 10  0.07064  2.89086e-04 | 11  0.03433  2.38735e-04 | 12  0.06119  1.80853e-05
 13  0.01120  1.35268e-04 | 14  0.01152  2.40288e-04 | 15  0.06419  6.30922e-04
 16  0.00795  2.29219e-04 | 17 -0.06524  1.55054e-04 | 18 -0.02400 -1.69298e-04
 19 -0.03869 -1.25814e-04 | 20  0.04815  3.18532e-04 | 21  0.05507  1.57419e-04
 22 -0.04002  4.42963e-04 | 23 -0.02204  4.51583e-04 | 24 -0.11687  4.20716e-04
 25 -0.01696 -1.18169e-04 | 26 -0.02236  5.59387e-05 | 27 -0.02743  5.16926e-04
 28  0.03465  6.65021e-04 | 29 -0.02164  8.08774e-04 | 30  0.05081  4.04035e-04
 31 -0.03755  1.62995e-05 | 32  0.03376  4.80450e-04 | 33  0.02720  4.01854e-04
 34  0.05533 -2.27719e-04 | 35  0.01650 -6.21808e-04 | 36 -0.03834 -2.26466e-03
 37 -0.01426 -1.45908e-03 | 38  0.23308  2.12316e-02 | 39  0.24375 -3.84899e-04
 40  0.25907 -1.85516e-04 | 41  0.20895 -6.86922e-04 | 42 -0.36745 -1.41778e-04
 43 -0.01267 -1.13196e-05 | 44 -0.05351 -8.42902e-05 | 45 -0.70193 -4.73018e-05
 46 -0.45058  9.84629e-04 | 47 -0.51691 -2.76652e-04 | 48 -0.31640 -1.20264e-04
 49 -0.26959  2.34497e-04 | 50 -0.43699 -6.09070e-04 | 51 -0.07339 -3.07742e-05
 52 -0.10695  1.36052e-02 | 53 -0.13403 -4.46088e-04 | 54 -0.17763 -1.26284e-02
 55 -0.20887  2.40549e-02 |
55 variables; iteration 140; function evaluation 169; phase 4
Function value 8.0468130e+01; maximum gradient component mag -3.2360e-01
Var    Value     Gradient |Var    Value     Gradient |Var    Value     Gradient
  1  0.16286 -1.92772e-01 |  2 -0.08114  1.77399e-05 |  3  0.02214 -2.69028e-04
  4 -0.02519 -1.21458e-04 |  5  0.03362 -3.09109e-04 |  6 -0.00408  2.68501e-03
  7 -0.05916  2.93713e-03 |  8 -0.02600  3.38200e-03 |  9 -0.00815  3.60995e-03
 10  0.07064  2.40016e-03 | 11  0.03433  2.36287e-03 | 12  0.06119  2.02048e-03
 13  0.01119  1.71587e-03 | 14  0.01151  2.21606e-03 | 15  0.06419  4.95496e-04
 16  0.00795  8.70977e-04 | 17 -0.06524  1.75590e-03 | 18 -0.02400  1.94478e-03
 19 -0.03869  1.15424e-03 | 20  0.04815  7.11825e-04 | 21  0.05507  1.03788e-03
 22 -0.04002  3.77962e-04 | 23 -0.02204  1.71082e-04 | 24 -0.11687 -1.41202e-04
 25 -0.01696  3.91997e-04 | 26 -0.02236  1.82504e-03 | 27 -0.02743  3.81530e-04
 28  0.03465 -6.68528e-03 | 29 -0.02164 -5.71633e-03 | 30  0.05081 -9.36822e-03
 31 -0.03755 -2.01564e-03 | 32  0.03376 -1.13610e-02 | 33  0.02720 -7.17203e-03
 34  0.05532 -3.03449e-03 | 35  0.01650  2.31397e-04 | 36 -0.03834  4.40074e-03
 37 -0.01426  5.27082e-03 | 38  0.23309 -1.04406e-01 | 39  0.24375 -1.90344e-01
 40  0.25907 -2.09357e-05 | 41  0.20895  6.75778e-04 | 42 -0.36706 -1.34066e-04
 43 -0.02684 -8.13037e-05 | 44 -0.03827 -1.09115e-05 | 45 -0.70266 -1.61843e-04
 46 -0.45058 -1.14544e-03 | 47 -0.51691 -3.03218e-04 | 48 -0.31640  1.94531e-04
 49 -0.26959 -2.58480e-04 | 50 -0.43251  1.05541e-03 | 51 -0.09085  1.46681e-04
 52 -0.11476  2.99080e-01 | 53 -0.13630 -3.23596e-01 | 54 -0.17336  8.36586e-02
 55 -0.20281  2.04872e-01 |
55 variables; iteration 160; function evaluation 190; phase 4
Function value 8.0468092e+01; maximum gradient component mag 1.4101e-01
Var    Value     Gradient |Var    Value     Gradient |Var    Value     Gradient
  1  0.16286  9.34774e-02 |  2 -0.08114 -9.01581e-05 |  3  0.02214  1.28307e-04
  4 -0.02519  1.96477e-04 |  5  0.03362  4.15478e-04 |  6 -0.00408 -1.12721e-03
  7 -0.05916 -1.47896e-03 |  8 -0.02600 -1.56832e-03 |  9 -0.00816 -2.24922e-03
 10  0.07064 -9.01696e-04 | 11  0.03433 -1.05628e-03 | 12  0.06119 -1.15236e-03
 13  0.01120 -1.05830e-03 | 14  0.01151 -7.93466e-04 | 15  0.06419  3.70266e-04
 16  0.00795 -6.00276e-04 | 17 -0.06524 -6.92360e-04 | 18 -0.02400 -6.28459e-04
 19 -0.03869 -3.66988e-04 | 20  0.04815  2.22015e-04 | 21  0.05507 -6.90566e-04
 22 -0.04002  1.47456e-04 | 23 -0.02204  5.86310e-04 | 24 -0.11687  5.87607e-04
 25 -0.01696  2.97725e-05 | 26 -0.02236 -6.20501e-04 | 27 -0.02743  1.99222e-04
 28  0.03465  4.07171e-03 | 29 -0.02164  1.93217e-03 | 30  0.05081  2.57701e-03
 31 -0.03755  3.43939e-04 | 32  0.03376  3.06105e-03 | 33  0.02720  2.00658e-03
 34  0.05532  8.18072e-04 | 35  0.01650  1.21144e-03 | 36 -0.03834  2.01111e-03
 37 -0.01426 -3.76286e-03 | 38  0.23309  6.07693e-02 | 39  0.24375  6.36231e-02
 40  0.25907 -4.21428e-04 | 41  0.20895 -1.46507e-03 | 42 -0.36765  7.66050e-05
 43 -0.00553  3.00317e-05 | 44 -0.03819 -3.11931e-06 | 45 -0.70205  9.08634e-05
 46 -0.45057 -7.01680e-04 | 47 -0.51691  1.75662e-03 | 48 -0.31640 -5.12208e-05
 49 -0.26959  4.79724e-04 | 50 -0.43465 -5.70957e-04 | 51 -0.08314 -7.95522e-05
 52 -0.14751 -1.11968e-01 | 53 -0.13509  1.41007e-01 | 54 -0.13835 -5.64270e-02
 55 -0.16826 -5.60685e-02 |
55 variables; iteration 180; function evaluation 212; phase 4
Function value 8.0468082e+01; maximum gradient component mag -1.9826e-01
Var    Value     Gradient |Var    Value     Gradient |Var    Value     Gradient
  1  0.16286 -2.03591e-02 |  2 -0.08114 -2.23481e-04 |  3  0.02214 -1.25432e-04
  4 -0.02519  6.33180e-05 |  5  0.03362 -6.09761e-05 |  6 -0.00408  3.03068e-04
  7 -0.05916  3.47091e-04 |  8 -0.02600  5.43194e-04 |  9 -0.00816  2.60188e-04
 10  0.07064  3.12285e-04 | 11  0.03433  2.49337e-04 | 12  0.06119 -1.59069e-04
 13  0.01120  2.62534e-05 | 14  0.01151  4.34102e-04 | 15  0.06419  6.50570e-04
 16  0.00795  2.00258e-04 | 17 -0.06524  4.75090e-04 | 18 -0.02400  1.16371e-03
 19 -0.03869  1.56712e-03 | 20  0.04815  9.61197e-04 | 21  0.05507  3.83224e-04
 22 -0.04002 -9.54712e-04 | 23 -0.02204 -5.77780e-04 | 24 -0.11687 -1.25265e-03
 25 -0.01696 -3.14456e-04 | 26 -0.02236  8.03218e-04 | 27 -0.02743  1.05029e-03
 28  0.03465 -3.65600e-03 | 29 -0.02164 -2.73915e-03 | 30  0.05081 -2.90527e-03
 31 -0.03755 -1.85125e-04 | 32  0.03376 -4.05617e-03 | 33  0.02720 -2.30054e-03
 34  0.05533 -4.09547e-04 | 35  0.01650  2.38210e-03 | 36 -0.03834  7.89693e-03
 37 -0.01426 -7.38355e-04 | 38  0.23309  2.01331e-02 | 39  0.24375 -9.04342e-02
 40  0.25907  2.45181e-04 | 41  0.20895 -3.04665e-04 | 42 -0.36813  1.47639e-04
 43  0.01206  1.18982e-04 | 44 -0.04364 -3.09534e-05 | 45 -0.70193  7.55031e-05
 46 -0.45057 -2.90809e-03 | 47 -0.51691  3.14902e-03 | 48 -0.31640 -1.18361e-04
 49 -0.26959  2.79712e-04 | 50 -0.43549 -3.79177e-04 | 51 -0.07933 -2.58563e-05
 52 -0.17117  1.68363e-01 | 53 -0.13826 -1.98263e-01 | 54 -0.12006  6.46690e-02
 55 -0.14743  1.05436e-01 |
55 variables; iteration 200; function evaluation 232; phase 4
Function value 8.0468073e+01; maximum gradient component mag -2.3856e-02
Var    Value     Gradient |Var    Value     Gradient |Var    Value     Gradient
  1  0.16286  6.03698e-03 |  2 -0.08114  3.62755e-05 |  3  0.02214 -7.59722e-05
  4 -0.02519 -8.07259e-05 |  5  0.03362 -1.65787e-04 |  6 -0.00408 -1.90471e-04
  7 -0.05916 -5.14814e-05 |  8 -0.02600  2.74038e-05 |  9 -0.00815  2.52621e-04
 10  0.07064 -2.75329e-04 | 11  0.03433 -2.25183e-04 | 12  0.06119 -2.15439e-05
 13  0.01120 -4.59281e-05 | 14  0.01151 -2.62262e-04 | 15  0.06419 -3.97042e-04
 16  0.00795 -9.71282e-05 | 17 -0.06524 -1.72678e-04 | 18 -0.02400 -2.42604e-04
 19 -0.03869 -1.98256e-04 | 20  0.04815 -3.49524e-04 | 21  0.05507 -8.22999e-05
 22 -0.04002 -1.30205e-04 | 23 -0.02204 -1.66895e-04 | 24 -0.11687 -1.03068e-04
 25 -0.01696 -2.10699e-05 | 26 -0.02236 -2.53610e-04 | 27 -0.02743 -4.44660e-04
 28  0.03465  2.52827e-04 | 29 -0.02164  2.67526e-04 | 30  0.05081  5.96362e-04
 31 -0.03755  1.53844e-04 | 32  0.03376  7.97043e-04 | 33  0.02720  4.19583e-04
 34  0.05532  2.50960e-04 | 35  0.01650 -1.57250e-04 | 36 -0.03834 -6.80683e-04
 37 -0.01426  9.99551e-04 | 38  0.23309 -6.80375e-03 | 39  0.24375  1.76030e-02
 40  0.25907  5.41274e-05 | 41  0.20895  4.60926e-04 | 42 -0.36758 -3.82752e-07
 43 -0.00784  1.64800e-05 | 44 -0.03768 -4.40731e-06 | 45 -0.70238 -4.08631e-05
 46 -0.45058  7.49142e-05 | 47 -0.51691 -6.21405e-04 | 48 -0.31640  4.54930e-05
 49 -0.26959 -1.81425e-04 | 50 -0.43388  4.39898e-05 | 51 -0.08611  6.52439e-06
 52 -0.18380 -2.37467e-02 | 53 -0.13587  2.17177e-02 | 54 -0.10389 -6.09633e-04
 55 -0.13288 -2.38559e-02 |
55 variables; iteration 220; function evaluation 255; phase 4
Function value 8.0468071e+01; maximum gradient component mag -1.0315e-02
Var    Value     Gradient |Var    Value     Gradient |Var    Value     Gradient
  1  0.16286  2.56695e-03 |  2 -0.08114  7.66608e-06 |  3  0.02214  1.72735e-06
  4 -0.02519 -7.17283e-06 |  5  0.03362 -1.01486e-05 |  6 -0.00408 -4.51303e-05
  7 -0.05916 -3.28191e-05 |  8 -0.02600 -3.64856e-05 |  9 -0.00816 -8.99570e-06
 10  0.07064 -5.48824e-05 | 11  0.03433 -4.70274e-05 | 12  0.06119 -2.64221e-05
 13  0.01120 -3.16971e-05 | 14  0.01151 -5.65396e-05 | 15  0.06419 -8.67732e-05
 16  0.00795 -4.01293e-05 | 17 -0.06524 -5.50011e-05 | 18 -0.02400 -7.24849e-05
 19 -0.03869 -8.33377e-05 | 20  0.04815 -8.91123e-05 | 21  0.05507 -4.58345e-05
 22 -0.04002 -2.59479e-05 | 23 -0.02204 -4.62836e-05 | 24 -0.11687 -2.03428e-05
 25 -0.01696 -2.69710e-05 | 26 -0.02236 -6.02935e-05 | 27 -0.02743 -7.83315e-05
 28  0.03465  9.18913e-05 | 29 -0.02164  1.63595e-04 | 30  0.05081  3.04200e-04
 31 -0.03755  6.36013e-05 | 32  0.03376  4.00436e-04 | 33  0.02720  2.37418e-04
 34  0.05532  1.08099e-04 | 35  0.01650 -8.52531e-05 | 36 -0.03834 -3.49900e-04
 37 -0.01426  8.85733e-05 | 38  0.23309 -1.71203e-03 | 39  0.24375  6.83242e-03
 40  0.25907  5.50933e-06 | 41  0.20895  5.11437e-05 | 42 -0.36749  1.47858e-05
 43 -0.01135 -4.62149e-07 | 44 -0.03691  6.36502e-07 | 45 -0.70230 -3.49471e-07
 46 -0.45058  1.06500e-04 | 47 -0.51691 -1.55946e-04 | 48 -0.31640  7.16820e-06
 49 -0.26959 -2.25611e-05 | 50 -0.43384  2.05686e-05 | 51 -0.08616  2.18948e-06
 52 -0.19756 -1.03155e-02 | 53 -0.13585  1.00445e-02 | 54 -0.09055 -1.02563e-03
 55 -0.11945 -9.62845e-03 |

 - final statistics:
55 variables; iteration 225; function evaluation 260
Function value 8.0468e+01; maximum gradient component mag 1.8967e-05
Exit code = 1;  converg criter 1.0000e-04
Var    Value     Gradient |Var    Value     Gradient |Var    Value     Gradient
  1  0.16286  1.83467e-06 |  2 -0.08114 -5.44519e-08 |  3  0.02214 -1.98955e-08
  4 -0.02519  4.02190e-08 |  5  0.03362  3.93218e-08 |  6 -0.00408  5.78957e-09
  7 -0.05916 -6.29039e-08 |  8 -0.02600 -6.21940e-08 |  9 -0.00816 -2.15712e-07
 10  0.07064  8.15011e-08 | 11  0.03433  4.68820e-08 | 12  0.06119 -6.79891e-08
 13  0.01120 -7.52046e-08 | 14  0.01151  6.74969e-08 | 15  0.06419  2.20234e-07
 16  0.00795 -7.44136e-08 | 17 -0.06524  5.15247e-08 | 18 -0.02400  1.74920e-07
 19 -0.03869  2.35101e-07 | 20  0.04815  2.47273e-07 | 21  0.05507 -2.21570e-08
 22 -0.04002 -2.29450e-08 | 23 -0.02204  1.19339e-07 | 24 -0.11687  4.30890e-08
 25 -0.01696  2.02533e-07 | 26 -0.02236  1.35944e-07 | 27 -0.02743  2.10645e-07
 28  0.03465 -4.85939e-09 | 29 -0.02164 -3.84972e-07 | 30  0.05081 -6.30967e-07
 31 -0.03755 -1.00485e-07 | 32  0.03376 -8.65922e-07 | 33  0.02720 -4.64732e-07
 34  0.05532 -1.52094e-07 | 35  0.01650  6.50570e-07 | 36 -0.03834  1.93471e-06
 37 -0.01426 -9.28086e-07 | 38  0.23309  9.01072e-06 | 39  0.24375 -1.35550e-05
 40  0.25907 -5.06641e-08 | 41  0.20895 -2.99925e-07 | 42 -0.36749 -1.28357e-07
 43 -0.01117  2.18873e-08 | 44 -0.03704 -7.17931e-09 | 45 -0.70230  6.02821e-09
 46 -0.45058 -7.27588e-07 | 47 -0.51691  1.06212e-06 | 48 -0.31640 -8.22259e-08
 49 -0.26959  1.45488e-07 | 50 -0.43390 -1.28732e-07 | 51 -0.08594 -1.16670e-08
 52 -0.19778  1.85263e-05 | 53 -0.13585 -1.67881e-05 | 54 -0.09034  1.08155e-07
 55 -0.11924  1.89671e-05 |
Estimating row 1 out of 55 for hessian
Estimating row 2 out of 55 for hessian
Estimating row 3 out of 55 for hessian
Estimating row 4 out of 55 for hessian
Estimating row 5 out of 55 for hessian
Estimating row 6 out of 55 for hessian
Estimating row 7 out of 55 for hessian
Estimating row 8 out of 55 for hessian
Estimating row 9 out of 55 for hessian
Estimating row 10 out of 55 for hessian
Estimating row 11 out of 55 for hessian
Estimating row 12 out of 55 for hessian
Estimating row 13 out of 55 for hessian
Estimating row 14 out of 55 for hessian
Estimating row 15 out of 55 for hessian
Estimating row 16 out of 55 for hessian
Estimating row 17 out of 55 for hessian
Estimating row 18 out of 55 for hessian
Estimating row 19 out of 55 for hessian
Estimating row 20 out of 55 for hessian
Estimating row 21 out of 55 for hessian
Estimating row 22 out of 55 for hessian
Estimating row 23 out of 55 for hessian
Estimating row 24 out of 55 for hessian
Estimating row 25 out of 55 for hessian
Estimating row 26 out of 55 for hessian
Estimating row 27 out of 55 for hessian
Estimating row 28 out of 55 for hessian
Estimating row 29 out of 55 for hessian
Estimating row 30 out of 55 for hessian
Estimating row 31 out of 55 for hessian
Estimating row 32 out of 55 for hessian
Estimating row 33 out of 55 for hessian
Estimating row 34 out of 55 for hessian
Estimating row 35 out of 55 for hessian
Estimating row 36 out of 55 for hessian
Estimating row 37 out of 55 for hessian
Estimating row 38 out of 55 for hessian
Estimating row 39 out of 55 for hessian
Estimating row 40 out of 55 for hessian
Estimating row 41 out of 55 for hessian
Estimating row 42 out of 55 for hessian
Estimating row 43 out of 55 for hessian
Estimating row 44 out of 55 for hessian
Estimating row 45 out of 55 for hessian
Estimating row 46 out of 55 for hessian
Estimating row 47 out of 55 for hessian
Estimating row 48 out of 55 for hessian
Estimating row 49 out of 55 for hessian
Estimating row 50 out of 55 for hessian
Estimating row 51 out of 55 for hessian
Estimating row 52 out of 55 for hessian
Estimating row 53 out of 55 for hessian
Estimating row 54 out of 55 for hessian
Estimating row 55 out of 55 for hessian
size of file gradfil1.tmp = 0
size of file gradfil2.tmp = 0
size of file varssave.tmp = 0
size of file cmpdiff.tmp = 0
