
Initial statistics: 2 variables; iteration 0; function evaluation 0; phase 1
Function value 5.7122248e+03; maximum gradient component mag 3.2720e+04
Var    Value     Gradient |Var    Value     Gradient |Var    Value     Gradient
  1  0.33333  3.27201e+04 |  2  0.21635  1.52289e+04 |

 - final statistics:
2 variables; iteration 8; function evaluation 14
Function value 6.7342e+02; maximum gradient component mag 7.9579e-01
Exit code = 1;  converg criter 1.0000e+01
Var    Value     Gradient |Var    Value     Gradient |Var    Value     Gradient
  1  0.07459 -4.13899e-01 |  2  0.20058  7.95793e-01 |

Initial statistics: 53 variables; iteration 0; function evaluation 0; phase 2
Function value 6.7341898e+02; maximum gradient component mag 3.3870e+03
Var    Value     Gradient |Var    Value     Gradient |Var    Value     Gradient
  1  0.07459 -4.13899e-01 |  2  0.00000  4.68559e+01 |  3  0.00000 -1.08986e+02
  4  0.00000  4.48811e+01 |  5  0.00000 -6.68825e+01 |  6  0.00000 -2.87699e+01
  7  0.00000  5.41223e+01 |  8  0.00000  7.13009e+00 |  9  0.00000  1.42535e+01
 10  0.00000 -7.63689e+01 | 11  0.00000  1.14947e+01 | 12  0.00000 -5.51270e+01
 13  0.00000 -8.59033e+00 | 14  0.00000 -5.11402e+00 | 15  0.00000 -9.42717e+01
 16  0.00000 -4.78618e+00 | 17  0.00000  1.00930e+02 | 18  0.00000  7.58178e+00
 19  0.00000  3.06572e+01 | 20  0.00000 -1.37277e+02 | 21  0.00000 -1.51152e+02
 22  0.00000  1.14867e+02 | 23  0.00000  2.30705e+00 | 24  0.00000  2.53115e+02
 25  0.00000  9.17963e+01 | 26  0.00000 -2.45412e+00 | 27  0.00000  8.21554e+00
 28  0.00000 -9.43311e+01 | 29  0.00000  1.75555e+02 | 30  0.00000 -3.09914e+02
 31  0.00000  2.19489e+02 | 32  0.00000 -3.13458e+02 | 33  0.00000  2.17298e+01
 34  0.00000 -2.29928e+02 | 35  0.00000  2.10316e+01 | 36  0.00000  1.94684e+02
 37  0.00000  1.82133e+00 | 38  0.00000  1.80760e+02 | 39  0.21635 -7.17320e+02
 40  0.21635  3.38695e+03 | 41  0.21635 -8.46001e+02 | 42  0.20058  7.95793e-01
 43 -1.00000 -1.08293e-07 | 44  0.00000  1.24574e-04 | 45  0.00000  3.68581e-01
 46 -0.53989  7.77837e+00 | 47 -1.00000 -1.08293e-07 | 48 -0.53989  1.30752e+01
 49 -1.00000 -1.08293e-07 | 50 -0.53989  3.61395e+00 | 51 -0.32288  9.74470e+01
 52  0.21635  3.00496e+00 | 53 -0.17585 -5.72991e+02 |

Intermediate statistics: 53 variables; iteration 20; function evaluation 39; phase 2
Function value 5.4138475e+02; maximum gradient component mag -1.5280e+04
Var    Value     Gradient |Var    Value     Gradient |Var    Value     Gradient
  1  0.03125 -1.52799e+04 |  2 -0.26738 -4.84801e+01 |  3  0.26697  1.46780e+02
  4  0.16759  6.74539e+01 |  5  0.17586  8.59464e+01 |  6  0.08476  1.73683e+02
  7 -0.03125  9.71044e+01 |  8 -0.02468  9.70894e+01 |  9  0.03006  1.68054e+02
 10  0.15427  2.34824e+02 | 11  0.13373  2.51813e+02 | 12  0.13763  2.59284e+02
 13  0.08502  2.34121e+02 | 14  0.06598  1.88802e+02 | 15  0.08527  1.81736e+02
 16  0.01994  1.38010e+02 | 17 -0.07119  8.98166e+01 | 18 -0.05086 -8.95986e+00
 19 -0.03900  7.67625e+01 | 20  0.04894  9.00922e+01 | 21  0.02591 -4.01081e-01
 22 -0.04275  1.16420e+02 | 23 -0.12366 -2.20840e+02 | 24 -0.13421 -1.53507e+02
 25 -0.06927 -7.19833e+02 | 26 -0.06550 -9.42330e+02 | 27 -0.00354 -3.76178e+01
 28 -0.02695 -3.57359e+02 | 29  0.01512  2.06986e+02 | 30  0.01752 -3.49347e+02
 31 -0.04649 -6.72917e+01 | 32 -0.04840 -6.29890e+02 | 33 -0.02714 -6.72758e+01
 34  0.03925 -1.06733e+02 | 35 -0.00133 -1.61845e+02 | 36 -0.02420 -1.88638e+02
 37 -0.03360 -7.29305e+02 | 38 -0.13175  1.26444e+02 | 39  0.23478 -3.32772e+03
 40  0.24204  1.90046e+03 | 41  0.27135 -5.36330e+02 | 42  0.25419 -3.64216e+01
 43 -1.10964  1.79821e-02 | 44 -0.00000  3.19095e-05 | 45 -0.00564  2.98748e-02
 46 -0.66142  8.73949e-01 | 47 -1.23212  9.64122e+02 | 48 -0.69112  7.18332e+02
 49 -1.22872  1.26940e+02 | 50 -0.61131  7.40861e+01 | 51 -0.33702  3.72376e+02
 52  0.19127  1.60540e+01 | 53 -0.06376 -7.95665e+02 |
53 variables; iteration 40; function evaluation 64; phase 2
Function value 5.0947128e+02; maximum gradient component mag -1.4587e+04
Var    Value     Gradient |Var    Value     Gradient |Var    Value     Gradient
  1  0.03401 -1.45868e+04 |  2 -0.13622 -2.77785e+01 |  3  0.25703  1.26803e+02
  4  0.17361  7.49957e+01 |  5  0.18244  7.95389e+01 |  6  0.09764  1.77026e+02
  7 -0.00383  1.22222e+02 |  8  0.00018  1.11940e+02 |  9  0.05952  1.85765e+02
 10  0.17047  2.47857e+02 | 11  0.13881  2.53210e+02 | 12  0.13782  2.57033e+02
 13  0.08895  2.48971e+02 | 14  0.06224  1.84981e+02 | 15  0.07456  1.65154e+02
 16  0.01909  1.46398e+02 | 17 -0.09181  6.53529e+01 | 18 -0.05121  3.44766e+00
 19 -0.03587  1.23689e+02 | 20  0.05125  1.28472e+02 | 21  0.02976  5.83886e+01
 22 -0.05653  1.42825e+02 | 23 -0.08044 -1.16505e+02 | 24 -0.16619 -5.74404e+01
 25 -0.07016 -5.88309e+02 | 26 -0.06937 -8.39346e+02 | 27 -0.00074  5.48296e+01
 28 -0.03176 -2.49760e+02 | 29  0.00313  1.36477e+02 | 30  0.01354 -3.71195e+02
 31 -0.06228 -1.11786e+02 | 32 -0.03666 -5.07376e+02 | 33 -0.02761 -5.25545e+01
 34  0.03194 -1.51267e+02 | 35 -0.00708 -2.12784e+02 | 36 -0.04735 -3.01968e+02
 37 -0.03324 -8.27098e+02 | 38 -0.14454  1.04451e+02 | 39  0.23027 -3.39892e+03
 40  0.23779  1.26575e+03 | 41  0.27047 -5.73435e+02 | 42  0.25176 -5.29250e+02
 43 -1.58611 -1.35402e+01 | 44 -0.01693  9.07403e-01 | 45 -0.05394  1.19011e+00
 46 -1.50236 -2.31774e+01 | 47 -1.24643  9.63657e+02 | 48 -0.65921  6.89567e+02
 49 -1.19672  6.10018e+01 | 50 -0.69306  3.86437e+01 | 51 -0.33668  2.44694e+02
 52 -0.48152  1.59722e+01 | 53 -0.05519 -5.87683e+02 |
53 variables; iteration 60; function evaluation 93; phase 2
Function value 3.0751928e+02; maximum gradient component mag -9.5482e+03
Var    Value     Gradient |Var    Value     Gradient |Var    Value     Gradient
  1  0.02405 -9.54819e+03 |  2 -0.10674 -1.65059e+00 |  3  0.08572  1.18206e+02
  4 -0.08289 -1.28740e+02 |  5  0.03039  1.27744e+01 |  6 -0.02761  1.09420e+02
  7 -0.03809  2.07465e+02 |  8 -0.05601  9.51756e+01 |  9 -0.02893  1.52187e+02
 10  0.05099  1.41781e+02 | 11  0.03164  1.36652e+02 | 12  0.08093  1.80372e+02
 13  0.00643  1.13858e+02 | 14 -0.00999  1.15685e+02 | 15  0.08287  1.74307e+02
 16  0.05860  2.15472e+02 | 17 -0.05518  8.00020e+01 | 18 -0.00123  3.11824e+01
 19 -0.03412  4.59792e+01 | 20  0.08634  1.68085e+02 | 21  0.06668  1.15342e+02
 22 -0.05175  9.58013e+01 | 23  0.01858  8.09932e+01 | 24 -0.21755 -9.12472e+01
 25 -0.03846 -5.54642e+02 | 26 -0.05702 -1.05872e+03 | 27  0.00377  1.14498e+02
 28  0.06017  2.01716e+02 | 29  0.00852  9.72631e+01 | 30  0.04907 -2.03844e+02
 31 -0.04789 -1.35105e+02 | 32  0.02213 -2.15429e+02 | 33  0.00876 -5.45277e+00
 34  0.07713  1.02211e+02 | 35  0.02658 -8.15667e+01 | 36 -0.06435 -3.70852e+02
 37  0.01326 -3.49834e+02 | 38 -0.03115  1.65559e+02 | 39  0.24264 -2.76661e+02
 40  0.22207 -3.74738e+02 | 41  0.26233 -7.08017e+02 | 42  0.24748 -8.64281e+02
 43 -1.49364  1.27908e-01 | 44  0.06672 -1.76947e-02 | 45 -0.69308 -5.97824e-03
 46 -1.21515  8.93319e-03 | 47 -1.35977  2.46038e+02 | 48 -0.62396  2.43140e+02
 49 -1.01844  2.37886e+03 | 50 -0.97189  1.56013e+03 | 51 -0.31118  7.06369e+01
 52 -0.87776  8.98070e-01 | 53 -0.02856 -1.31191e+02 |
Maximum number of function evaluations exceeded

 - final statistics:
53 variables; iteration 68; function evaluation 100
Function value 2.0795e+02; maximum gradient component mag 4.1469e+02
Exit code = 3;  converg criter 1.0000e+01
Var    Value     Gradient |Var    Value     Gradient |Var    Value     Gradient
  1  0.02491 -1.34452e+02 |  2 -0.15297 -1.22952e+01 |  3  0.00442 -2.37488e+01
  4 -0.03688 -2.01550e+01 |  5  0.00943 -1.44209e+01 |  6 -0.04187  1.07035e+01
  7 -0.09488  7.79304e+00 |  8 -0.05431  2.25175e+01 |  9 -0.06200 -1.45404e+01
 10  0.05151  1.69700e+01 | 11  0.05145  4.48958e+01 | 12  0.08847  8.37207e+01
 13  0.03720  6.30044e+01 | 14  0.01594  7.69492e+00 | 15  0.07114  1.44453e+01
 16  0.02699  1.07887e+01 | 17 -0.03850  1.09698e+01 | 18 -0.00515 -5.66242e+01
 19 -0.03085 -1.70680e+01 | 20  0.06097 -2.57923e+01 | 21  0.04986 -3.15457e+01
 22 -0.07710 -4.31668e+01 | 23 -0.02133 -3.81315e+01 | 24 -0.15757 -1.09729e+02
 25 -0.00552 -1.31894e+02 | 26 -0.05043 -3.00626e+02 | 27  0.01622  1.28961e+02
 28  0.05502  3.00401e+02 | 29 -0.00230  2.10313e+00 | 30  0.05086 -6.27958e+01
 31 -0.03465 -8.57344e+01 | 32  0.03797 -3.91601e+01 | 33  0.01446 -2.64479e+01
 34  0.05036 -3.48451e+01 | 35  0.02222 -1.22536e+01 | 36 -0.01475 -4.21060e+00
 37  0.02878  3.34974e+02 | 38 -0.03922 -1.94082e+00 | 39  0.24710 -6.26188e+01
 40  0.22441 -6.47228e+01 | 41  0.26986  1.25655e+02 | 42  0.26272  7.27776e+01
 43 -1.31499  4.29913e-02 | 44  1.19506 -6.72850e-03 | 45  1.60895 -1.84479e-02
 46 -0.65001  5.17584e-01 | 47 -1.36134  4.37685e+01 | 48 -0.66840  4.83685e+01
 49 -1.06497  4.14686e+02 | 50 -0.91192  3.05605e+02 | 51 -0.29957  2.66838e+01
 52 -0.86691  2.09601e-01 | 53  0.00705 -1.84747e+01 |

Initial statistics: 56 variables; iteration 0; function evaluation 0; phase 3
Function value 2.0795375e+02; maximum gradient component mag -1.4348e+03
Var    Value     Gradient |Var    Value     Gradient |Var    Value     Gradient
  1  0.02491 -1.34452e+02 |  2 -0.15297 -1.22952e+01 |  3  0.00442 -2.37488e+01
  4 -0.03688 -2.01550e+01 |  5  0.00943 -1.44209e+01 |  6 -0.04189  1.00740e+01
  7 -0.09489  7.16923e+00 |  8 -0.05432  2.18890e+01 |  9 -0.06202 -1.51681e+01
 10  0.05149  1.63413e+01 | 11  0.05143  4.42672e+01 | 12  0.08846  8.30963e+01
 13  0.03719  6.23748e+01 | 14  0.01593  7.06435e+00 | 15  0.07112  1.38185e+01
 16  0.02697  1.01585e+01 | 17 -0.03852  1.03401e+01 | 18 -0.00516 -5.72549e+01
 19 -0.03087 -1.76980e+01 | 20  0.06095 -2.64203e+01 | 21  0.04985 -3.21746e+01
 22 -0.07711 -4.37928e+01 | 23 -0.02135 -3.87619e+01 | 24 -0.15759 -1.10340e+02
 25 -0.00553 -1.32525e+02 | 26 -0.05044 -3.01254e+02 | 27  0.01620  1.28331e+02
 28  0.05500  2.99773e+02 | 29 -0.00232  1.47237e+00 | 30  0.05085 -6.34247e+01
 31 -0.03466 -8.63641e+01 | 32  0.03795 -3.97898e+01 | 33  0.01444 -2.70785e+01
 34  0.05034 -3.54740e+01 | 35  0.02220 -1.28840e+01 | 36 -0.01476 -4.84119e+00
 37  0.02876  3.34345e+02 | 38 -0.03923 -2.57039e+00 | 39  0.24710 -6.26188e+01
 40  0.22441 -6.47228e+01 | 41  0.26986  1.25655e+02 | 42  0.26272  7.27776e+01
 43 -0.68501 -4.29913e-02 | 44  0.80494  6.72850e-03 | 45  0.39105  1.84479e-02
 46 -0.65001  5.17584e-01 | 47 -0.63866 -4.37685e+01 | 48 -0.66840  4.83685e+01
 49 -0.93503 -4.14686e+02 | 50 -0.91192  3.05605e+02 | 51 -0.29957  2.66838e+01
 52 -0.86691  2.09601e-01 | 53 -0.17585 -1.43484e+03 | 54 -0.12819  4.89062e-03
 55  0.00705 -1.84747e+01 | 56  0.05795  5.76369e+00 |

Intermediate statistics: 56 variables; iteration 20; function evaluation 26; phase 3
Function value 1.4631360e+02; maximum gradient component mag -2.0055e+03
Var    Value     Gradient |Var    Value     Gradient |Var    Value     Gradient
  1  0.01870 -2.00548e+03 |  2 -0.12491  1.78975e+00 |  3  0.01442  2.28229e+01
  4 -0.02299  2.07807e+01 |  5  0.01604  5.01993e+01 |  6 -0.05291  3.42538e+01
  7 -0.11236  3.23559e+01 |  8 -0.07002  4.68562e+01 |  9 -0.07843  4.42352e+01
 10  0.02219  2.92612e+01 | 11  0.01164  1.50604e+01 | 12  0.07192  2.96045e+01
 13  0.00690  1.10935e+01 | 14 -0.02917 -8.53549e+00 | 15  0.07245 -6.71149e+01
 16  0.03593 -1.12435e+02 | 17 -0.05128 -1.31232e+02 | 18 -0.01840 -5.81194e+01
 19 -0.01910  4.55774e+01 | 20  0.02312 -9.27674e+01 | 21  0.04070 -4.06118e+01
 22 -0.04856  2.67584e+01 | 23 -0.03802 -4.73615e+01 | 24 -0.08117  4.04037e+01
 25  0.00016 -2.28221e+02 | 26 -0.03632 -2.24628e+02 | 27 -0.00506  3.50224e+01
 28  0.06648  2.34738e+02 | 29  0.00909  3.46748e+01 | 30  0.06052  9.73981e+00
 31 -0.02293  9.13644e+00 | 32  0.05282  3.26267e+01 | 33  0.02947  4.12666e+01
 34  0.05786  1.83116e+01 | 35  0.03230  3.87669e+01 | 36  0.00503  8.62277e+01
 37  0.03049  4.63198e+01 | 38  0.03401  6.52453e+01 | 39  0.25039 -3.96041e+02
 40  0.25090 -8.83662e+02 | 41  0.27258  1.80350e+01 | 42  0.26765  1.95086e+02
 43 -0.68478 -1.08944e-01 | 44  0.80493  1.34525e-03 | 45  0.39104  1.65485e-02
 46 -0.65021  4.56678e-01 | 47 -0.63398  1.13681e+01 | 48 -0.67098 -1.20157e+01
 49 -0.83736  6.19276e+02 | 50 -0.81696 -5.49467e+02 | 51 -0.30098  1.27104e+02
 52 -0.86716  1.13681e+00 | 53 -0.12804  1.39189e+02 | 54 -0.13173 -1.50713e+02
 55  0.02030 -7.71714e+01 | 56  0.05777  5.15897e+01 |
56 variables; iteration 40; function evaluation 48; phase 3
Function value 1.4368528e+02; maximum gradient component mag -1.8902e+03
Var    Value     Gradient |Var    Value     Gradient |Var    Value     Gradient
  1  0.01879 -1.89021e+03 |  2 -0.11761  4.92675e+00 |  3  0.01730  2.85802e+01
  4 -0.01972  2.99533e+01 |  5  0.01362  3.90533e+01 |  6 -0.05181  3.78744e+01
  7 -0.11097  3.52664e+01 |  8 -0.07077  4.23154e+01 |  9 -0.06791  5.88614e+01
 10  0.02352  2.81546e+01 | 11  0.01392  2.11311e+01 | 12  0.07059  3.33269e+01
 13  0.00685  8.83485e+00 | 14 -0.02108  6.91278e+00 | 15  0.07363 -4.81230e+01
 16  0.03323 -9.51762e+01 | 17 -0.04974 -1.06446e+02 | 18 -0.01642 -2.81767e+01
 19 -0.02041  4.80962e+01 | 20  0.02493 -6.72467e+01 | 21  0.04186 -2.05658e+01
 22 -0.04586  3.82962e+01 | 23 -0.04036 -4.80297e+01 | 24 -0.09303  1.72268e+01
 25  0.00311 -2.17012e+02 | 26 -0.03615 -2.01882e+02 | 27 -0.00420  4.16192e+01
 28  0.06340  1.79615e+02 | 29  0.00931  3.39900e+01 | 30  0.05850 -1.61494e+01
 31 -0.02412  1.67301e+00 | 32  0.04993  2.20853e+01 | 33  0.02910  4.96215e+01
 34  0.05574  7.20157e+00 | 35  0.03153  4.44160e+01 | 36  0.00439  1.08398e+02
 37  0.03106  3.90591e+01 | 38  0.03049  5.10048e+01 | 39  0.24991 -4.06956e+02
 40  0.25271 -7.42753e+02 | 41  0.27301  2.83742e+01 | 42  0.26854  1.34572e+02
 43 -0.67463 -1.26524e-01 | 44  0.80442  3.17500e-04 | 45  0.39059  1.26620e-02
 46 -0.65489  3.36088e-01 | 47 -0.55040 -2.48404e+01 | 48 -0.59490  4.61829e+01
 49 -0.83547  5.84019e+02 | 50 -0.81428 -5.16610e+02 | 51 -0.30289  1.15940e+02
 52 -0.87609  1.06871e+00 | 53 -0.12625  2.03726e+02 | 54 -0.13162 -2.28276e+02
 55  0.02313 -6.90372e+01 | 56  0.05745  4.98677e+01 |
56 variables; iteration 60; function evaluation 84; phase 3
Function value 1.3020710e+02; maximum gradient component mag 1.0190e+02
Var    Value     Gradient |Var    Value     Gradient |Var    Value     Gradient
  1  0.01865  3.48319e+01 |  2 -0.12685  1.28785e-02 |  3  0.01390  1.94019e+00
  4 -0.02500  1.55210e+00 |  5  0.01441  1.14250e+00 |  6 -0.05170 -1.12539e+00
  7 -0.11151 -4.79439e+00 |  8 -0.07210 -3.70146e+00 |  9 -0.08733 -8.29964e-01
 10  0.02320 -2.85823e+00 | 11  0.02254 -1.99740e+00 | 12  0.06604 -1.65475e+01
 13  0.01583  4.72092e+00 | 14 -0.00996  1.22810e+00 | 15  0.07415  9.96805e+00
 16  0.03339  1.40601e+01 | 17 -0.04515  1.45787e+01 | 18 -0.01038 -1.50341e-01
 19 -0.02429  1.01224e+01 | 20  0.03718 -1.00247e+00 | 21  0.04297 -2.56555e+00
 22 -0.05634  6.39322e-01 | 23 -0.03268 -3.75569e+00 | 24 -0.10710 -1.25991e+00
 25  0.00602 -1.53438e+01 | 26 -0.01530 -1.24921e+01 | 27 -0.00792  1.17316e+01
 28  0.05828  1.02347e+01 | 29  0.00712 -4.65202e+00 | 30  0.05883 -3.35421e+00
 31 -0.02392 -3.83990e+00 | 32  0.04470 -2.25207e+00 | 33  0.02294 -4.24499e-02
 34  0.05578 -5.32955e+00 | 35  0.03109 -8.76518e-01 | 36 -0.00028  3.43522e+00
 37  0.03237  1.12724e+01 | 38  0.02268  3.12159e+00 | 39  0.25274  1.01900e+02
 40  0.25688 -1.64760e+01 | 41  0.27277 -3.47390e+01 | 42  0.27342 -9.79080e-02
 43 -0.37004 -2.88592e-01 | 44  0.77479  6.47198e-03 | 45  0.37024  2.11546e-03
 46 -0.72772 -5.01429e-03 | 47 -0.64215  5.41546e+00 | 48 -0.67747 -5.59057e+00
 49 -0.92489 -2.55918e+01 | 50 -0.90819  2.08827e+01 | 51 -0.29989 -3.80888e+01
 52 -0.94605 -1.67708e-01 | 53 -0.11386 -7.66417e+00 | 54 -0.11963  8.45485e+00
 55  0.05121 -1.81018e+00 | 56  0.07009  5.31477e+00 |
56 variables; iteration 80; function evaluation 105; phase 3
Function value 1.3007560e+02; maximum gradient component mag -5.0843e+00
Var    Value     Gradient |Var    Value     Gradient |Var    Value     Gradient
  1  0.01877 -4.09522e+00 |  2 -0.12673 -5.08027e-03 |  3  0.01309 -6.40124e-02
  4 -0.02550 -6.73894e-02 |  5  0.01428 -1.76596e-01 |  6 -0.05174  3.49466e-02
  7 -0.11021  4.23412e-02 |  8 -0.07263  4.81744e-02 |  9 -0.08649  7.00581e-02
 10  0.02447  4.58537e-03 | 11  0.02271 -3.36130e-02 | 12  0.06928 -3.54414e-01
 13  0.01329 -6.63513e-02 | 14 -0.00961 -2.05553e-02 | 15  0.07380 -1.77394e-01
 16  0.03297 -1.92892e-01 | 17 -0.04608 -8.95849e-02 | 18 -0.00986  1.19131e-01
 19 -0.02521 -9.04600e-02 | 20  0.03739 -5.85735e-02 | 21  0.04336 -7.49474e-02
 22 -0.05705 -2.26529e-02 | 23 -0.03214  1.10268e-02 | 24 -0.10781  3.53336e-03
 25  0.00563  1.70569e-01 | 26 -0.01275  1.47028e-01 | 27 -0.00958  3.53275e-01
 28  0.05785  6.56117e-03 | 29  0.00737 -1.77980e-02 | 30  0.05870 -9.58467e-02
 31 -0.02379 -2.41740e-02 | 32  0.04490 -8.13215e-02 | 33  0.02289 -2.31584e-02
 34  0.05593  2.80778e-02 | 35  0.03095  9.94376e-02 | 36 -0.00079  2.73149e-01
 37  0.03198 -6.67568e-02 | 38  0.02126  6.65928e-03 | 39  0.25228 -5.08429e+00
 40  0.25694  4.33833e-02 | 41  0.27318 -1.61541e-01 | 42  0.27293 -2.05976e-02
 43 -0.36087  1.10619e-01 | 44  0.11039  2.79667e-03 | 45  0.08531  6.51885e-04
 46 -0.70300  1.35082e-03 | 47 -0.70688 -2.71262e-01 | 48 -0.73533  2.90517e-01
 49 -0.92300  7.59920e-01 | 50 -0.90599 -6.64097e-01 | 51 -0.30417  1.57964e+00
 52 -0.62706  3.21863e-02 | 53 -0.11422  1.40867e-01 | 54 -0.12015 -1.57657e-01
 55  0.04858  1.32411e-01 | 56  0.06856 -1.66132e-01 |
56 variables; iteration 100; function evaluation 125; phase 3
Function value 1.3007375e+02; maximum gradient component mag -1.4206e+01
Var    Value     Gradient |Var    Value     Gradient |Var    Value     Gradient
  1  0.01877 -1.42058e+01 |  2 -0.12677 -2.14091e-02 |  3  0.01311 -2.88490e-02
  4 -0.02549 -4.07069e-02 |  5  0.01428 -1.64069e-01 |  6 -0.05173  1.90083e-01
  7 -0.11022  1.75021e-01 |  8 -0.07262  2.07557e-01 |  9 -0.08651  2.01673e-01
 10  0.02446  1.59842e-01 | 11  0.02274  1.90884e-01 | 12  0.06937  1.30928e-01
 13  0.01325  7.28962e-02 | 14 -0.00959  1.95463e-01 | 15  0.07381  5.68700e-02
 16  0.03299  4.87740e-02 | 17 -0.04608  1.43016e-01 | 18 -0.00987  6.22241e-03
 19 -0.02520 -2.09870e-01 | 20  0.03739  3.66721e-02 | 21  0.04336  2.89310e-02
 22 -0.05707  8.60269e-02 | 23 -0.03216  5.47418e-02 | 24 -0.10781  1.19976e-02
 25  0.00563 -4.71527e-01 | 26 -0.01277 -1.04157e-01 | 27 -0.00966 -5.39098e-01
 28  0.05789 -1.66429e-01 | 29  0.00737 -1.69223e-02 | 30  0.05870  3.60319e-02
 31 -0.02380  2.97247e-02 | 32  0.04490  3.11087e-02 | 33  0.02289  7.00949e-02
 34  0.05593 -3.07865e-02 | 35  0.03096 -1.06381e-01 | 36 -0.00080 -3.71707e-01
 37  0.03199 -2.95377e-01 | 38  0.02126  1.12321e-01 | 39  0.25233 -5.28266e+00
 40  0.25694  1.07573e-01 | 41  0.27317 -1.05033e+00 | 42  0.27294 -2.98027e-01
 43 -0.35991  9.88657e-02 | 44  0.06270  2.33848e-03 | 45 -0.23402 -1.05064e-03
 46 -0.69701 -9.43392e-05 | 47 -0.68405  1.12405e+00 | 48 -0.71481 -1.23547e+00
 49 -0.89531 -3.65545e-01 | 50 -0.87214  2.68149e-01 | 51 -0.30985  1.43268e+00
 52 -0.42108  4.51895e-02 | 53 -0.11515 -2.70837e-01 | 54 -0.12099  2.97704e-01
 55  0.04866  1.85750e-01 | 56  0.06860 -1.60010e-01 |
56 variables; iteration 120; function evaluation 145; phase 3
Function value 1.3007111e+02; maximum gradient component mag 7.2828e-01
Var    Value     Gradient |Var    Value     Gradient |Var    Value     Gradient
  1  0.01878  5.54523e-01 |  2 -0.12673  6.37360e-04 |  3  0.01310  9.21581e-03
  4 -0.02550  6.11895e-03 |  5  0.01427 -1.09730e-02 |  6 -0.05174  4.92974e-03
  7 -0.11021 -9.35143e-03 |  8 -0.07264 -1.11688e-02 |  9 -0.08651 -1.17351e-02
 10  0.02448 -7.53622e-04 | 11  0.02272  4.15765e-03 | 12  0.06935  5.32168e-02
 13  0.01328  2.56385e-02 | 14 -0.00957  4.84099e-03 | 15  0.07380  7.90646e-03
 16  0.03296  6.43188e-03 | 17 -0.04609 -4.75294e-03 | 18 -0.00989 -1.63218e-02
 19 -0.02521 -1.29621e-02 | 20  0.03739  2.68964e-02 | 21  0.04337  1.52486e-02
 22 -0.05704 -9.84823e-03 | 23 -0.03213  1.01793e-02 | 24 -0.10781 -1.23930e-02
 25  0.00562 -7.81366e-03 | 26 -0.01275  3.97976e-02 | 27 -0.00963 -4.15230e-02
 28  0.05786 -7.06839e-02 | 29  0.00736 -6.34893e-03 | 30  0.05870  2.04847e-02
 31 -0.02379 -1.39355e-02 | 32  0.04491  2.12530e-02 | 33  0.02289 -1.28223e-02
 34  0.05594  1.57845e-02 | 35  0.03095  1.47055e-02 | 36 -0.00081  1.33720e-02
 37  0.03198 -2.28934e-02 | 38  0.02126 -2.40287e-02 | 39  0.25225  1.00870e-01
 40  0.25694  1.37422e-01 | 41  0.27317 -9.42778e-02 | 42  0.27292  7.43648e-03
 43 -0.35162  3.18925e-02 | 44 -0.37305 -1.52530e-03 | 45  0.09807  7.19811e-04
 46 -0.70312  1.46808e-03 | 47 -0.67856 -2.06785e-03 | 48 -0.70985  3.26079e-02
 49 -0.80320  7.28279e-01 | 50 -0.75934 -6.09083e-01 | 51 -0.32910 -3.73731e-02
 52  0.04519 -1.31710e-03 | 53 -0.11824 -9.11916e-02 | 54 -0.12378  9.92617e-02
 55  0.04854  2.33366e-02 | 56  0.06855 -3.29121e-02 |
56 variables; iteration 140; function evaluation 172; phase 3
Function value 1.3001180e+02; maximum gradient component mag -1.9176e+01
Var    Value     Gradient |Var    Value     Gradient |Var    Value     Gradient
  1  0.01883 -1.91756e+01 |  2 -0.12698 -1.48047e-02 |  3  0.01331  1.27762e-02
  4 -0.02561  4.63815e-02 |  5  0.01414  8.58361e-02 |  6 -0.05175  2.63276e-01
  7 -0.11025  3.12923e-01 |  8 -0.07275  3.13063e-01 |  9 -0.08660  2.62674e-01
 10  0.02440  1.16687e-01 | 11  0.02267 -2.25716e-01 | 12  0.06929 -8.53901e-01
 13  0.01363 -1.37693e-02 | 14 -0.00900  3.22477e-01 | 15  0.07370  2.29923e-02
 16  0.03271 -1.26007e-01 | 17 -0.04615 -1.64052e-01 | 18 -0.00988  8.50683e-02
 19 -0.02537  1.17316e-01 | 20  0.03725  1.83693e-01 | 21  0.04335  1.12470e-01
 22 -0.05666  3.41754e-01 | 23 -0.03173  9.57787e-03 | 24 -0.10787  3.77146e-01
 25  0.00539 -5.83770e-01 | 26 -0.01250  1.73524e-01 | 27 -0.00979 -8.14285e-02
 28  0.05775 -1.77076e-01 | 29  0.00729  3.33719e-01 | 30  0.05876 -1.86954e-01
 31 -0.02378  1.99237e-01 | 32  0.04506  2.60538e-01 | 33  0.02298  1.46329e-01
 34  0.05613 -1.73811e-01 | 35  0.03096 -2.81179e-01 | 36 -0.00108 -3.84330e-01
 37  0.03189 -8.21755e-01 | 38  0.02094  2.80924e-01 | 39  0.25109  1.10964e+00
 40  0.25687 -2.66874e+00 | 41  0.27313  2.23081e-01 | 42  0.27263 -8.05580e-01
 43 -0.36769 -2.27881e+00 | 44  0.43275 -3.43887e-02 | 45  2.19250  9.82496e-04
 46 -0.76425 -8.07658e-03 | 47 -0.65704  8.53952e-01 | 48 -0.69048 -7.69416e-01
 49 -0.58524 -1.01307e+01 | 50 -0.49376  8.24011e+00 | 51 -0.36737 -8.65173e-01
 52  0.78313 -6.59290e-03 | 53 -0.12603  3.25911e+00 | 54 -0.13084 -3.60672e+00
 55  0.04734 -5.27965e-01 | 56  0.06810  7.53783e-01 |
56 variables; iteration 160; function evaluation 194; phase 3
Function value 1.2997361e+02; maximum gradient component mag 7.9336e+00
Var    Value     Gradient |Var    Value     Gradient |Var    Value     Gradient
  1  0.01881  4.47767e+00 |  2 -0.12764  2.15167e-02 |  3  0.01297  1.06701e-01
  4 -0.02570  1.42120e-02 |  5  0.01422  9.01892e-02 |  6 -0.05212 -1.20812e-03
  7 -0.11044 -2.35200e-02 |  8 -0.07261 -3.40299e-02 |  9 -0.08646 -6.92437e-02
 10  0.02484 -2.98065e-02 | 11  0.02372 -1.02156e-02 | 12  0.07095  6.36896e-02
 13  0.01312  1.64781e-01 | 14 -0.00911  2.01711e-02 | 15  0.07350  1.47898e-01
 16  0.03268  1.07470e-01 | 17 -0.04603 -6.70479e-02 | 18 -0.00999  1.48791e-01
 19 -0.02530  1.95067e-01 | 20  0.03698  1.73765e-01 | 21  0.04304  9.45402e-02
 22 -0.05704  3.85790e-02 | 23 -0.03198  5.06249e-02 | 24 -0.10798  1.13244e-02
 25  0.00550 -2.03618e-01 | 26 -0.01269  2.30368e-01 | 27 -0.00977  1.92940e-01
 28  0.05777 -4.60320e-02 | 29  0.00722  2.12301e-01 | 30  0.05863  1.38799e-01
 31 -0.02390  1.00945e-01 | 32  0.04482  1.51570e-01 | 33  0.02279  2.18286e-02
 34  0.05595 -1.51857e-01 | 35  0.03090 -2.96184e-01 | 36 -0.00098 -6.24900e-01
 37  0.03190 -5.73910e-01 | 38  0.02111 -1.06755e-01 | 39  0.25143  7.93365e+00
 40  0.25695 -2.60778e-01 | 41  0.27318 -2.46777e-01 | 42  0.27288 -3.39749e-01
 43 -0.36238 -2.18263e-01 | 44  0.19370 -3.15055e-03 | 45  4.00103  3.89486e-04
 46 -0.69167  6.47643e-03 | 47 -0.68675  1.78989e-01 | 48 -0.71720 -1.90279e-01
 49 -0.55404  1.33517e+00 | 50 -0.46318 -1.22526e+00 | 51 -0.35977 -1.40679e+00
 52  0.61308 -3.62709e-02 | 53 -0.13024  1.31693e-01 | 54 -0.13464 -1.47067e-01
 55  0.04832 -2.80758e-01 | 56  0.06847  3.22774e-01 |
56 variables; iteration 180; function evaluation 214; phase 3
Function value 1.2996919e+02; maximum gradient component mag -2.9013e+00
Var    Value     Gradient |Var    Value     Gradient |Var    Value     Gradient
  1  0.01879 -2.90126e+00 |  2 -0.12765  1.07971e-03 |  3  0.01298 -2.53886e-02
  4 -0.02565 -1.31688e-02 |  5  0.01427 -1.07061e-02 |  6 -0.05209  2.62462e-02
  7 -0.11041  3.95192e-02 |  8 -0.07256  1.87601e-02 |  9 -0.08642  3.85922e-02
 10  0.02487  4.68038e-02 | 11  0.02375  4.44035e-02 | 12  0.07097  2.46854e-02
 13  0.01297  2.04937e-02 | 14 -0.00940  2.34126e-02 | 15  0.07354 -3.51308e-02
 16  0.03285 -2.88886e-02 | 17 -0.04604  1.47893e-02 | 18 -0.00995  5.58068e-03
 19 -0.02524  2.43631e-02 | 20  0.03708 -2.85192e-02 | 21  0.04301 -3.81949e-03
 22 -0.05732  2.34227e-02 | 23 -0.03222  1.81484e-02 | 24 -0.10789  3.00334e-02
 25  0.00561  5.33431e-02 | 26 -0.01279  3.84845e-02 | 27 -0.00970 -3.04803e-02
 28  0.05783 -1.13762e-01 | 29  0.00727 -1.00001e-02 | 30  0.05861 -4.78723e-02
 31 -0.02391  6.71011e-03 | 32  0.04477 -1.26751e-02 | 33  0.02275 -3.52316e-03
 34  0.05582 -1.37586e-02 | 35  0.03090 -5.22882e-02 | 36 -0.00083 -9.96444e-02
 37  0.03194 -6.96944e-02 | 38  0.02122  4.68896e-02 | 39  0.25224 -2.23669e+00
 40  0.25698  6.36234e-02 | 41  0.27321  2.41088e-02 | 42  0.27299 -6.82167e-02
 43 -0.35713  5.63735e-02 | 44 -0.06412  8.38592e-04 | 45  4.01554  2.61938e-04
 46 -0.70377 -2.61337e-05 | 47 -0.69392  7.74013e-02 | 48 -0.72367 -8.79315e-02
 49 -0.55492  1.77517e-01 | 50 -0.46392 -1.63688e-01 | 51 -0.35252  9.56790e-02
 52  0.71576  8.44081e-03 | 53 -0.12983 -4.11604e-02 | 54 -0.13427  4.41231e-02
 55  0.04877 -3.01046e-02 | 56  0.06863  4.16542e-02 |
56 variables; iteration 200; function evaluation 235; phase 3
Function value 1.2996735e+02; maximum gradient component mag 5.4023e-01
Var    Value     Gradient |Var    Value     Gradient |Var    Value     Gradient
  1  0.01879  5.40235e-01 |  2 -0.12764 -1.83133e-04 |  3  0.01300  8.40164e-03
  4 -0.02564  9.32779e-03 |  5  0.01427  7.18940e-03 |  6 -0.05208 -8.56244e-04
  7 -0.11040 -4.40640e-03 |  8 -0.07255 -2.77415e-03 |  9 -0.08641 -2.74739e-03
 10  0.02487 -4.92076e-03 | 11  0.02374 -6.98835e-03 | 12  0.07097 -2.69579e-03
 13  0.01295 -6.26371e-04 | 14 -0.00943 -2.65149e-03 | 15  0.07355  1.33181e-02
 16  0.03287  1.82220e-02 | 17 -0.04605  1.18792e-02 | 18 -0.00994  1.21143e-03
 19 -0.02524 -1.38665e-02 | 20  0.03711  1.62021e-03 | 21  0.04301  3.97251e-03
 22 -0.05737 -3.12656e-03 | 23 -0.03225 -5.90971e-03 | 24 -0.10787 -9.45547e-03
 25  0.00562 -2.74427e-02 | 26 -0.01280 -1.12750e-02 | 27 -0.00968 -1.22652e-02
 28  0.05784  5.29902e-03 | 29  0.00727 -4.09671e-03 | 30  0.05860  1.05835e-02
 31 -0.02391  3.93864e-03 | 32  0.04477 -6.91428e-03 | 33  0.02275 -1.05392e-03
 34  0.05580  3.21786e-03 | 35  0.03089  1.08715e-02 | 36 -0.00081  2.86812e-02
 37  0.03195  1.37816e-02 | 38  0.02122 -5.78714e-03 | 39  0.25237  2.35462e-01
 40  0.25698  2.88455e-02 | 41  0.27322  1.86462e-02 | 42  0.27300 -6.94329e-03
 43 -0.35818 -2.83974e-03 | 44 -0.01217 -7.51583e-05 | 45  3.96162 -6.55817e-06
 46 -0.70208  6.71510e-06 | 47 -0.69234  2.27390e-02 | 48 -0.72225 -2.52911e-02
 49 -0.55505  6.56558e-03 | 50 -0.46403 -5.73569e-03 | 51 -0.32591 -2.35780e-02
 52 -0.01239 -9.91033e-04 | 53 -0.12913  3.23649e-03 | 54 -0.13364 -4.98801e-03
 55  0.04881 -6.53281e-03 | 56  0.06864  6.56050e-03 |
56 variables; iteration 220; function evaluation 267; phase 3
Function value 1.2996718e+02; maximum gradient component mag -9.5601e-01
Var    Value     Gradient |Var    Value     Gradient |Var    Value     Gradient
  1  0.01879 -9.56015e-01 |  2 -0.12763  5.32817e-03 |  3  0.01300  2.11178e-02
  4 -0.02564  8.87197e-03 |  5  0.01428  1.58210e-02 |  6 -0.05208  3.78740e-02
  7 -0.11039  2.97740e-02 |  8 -0.07255  2.91211e-02 |  9 -0.08641  1.99353e-02
 10  0.02488  2.32182e-02 | 11  0.02374  5.24714e-03 | 12  0.07097  1.13053e-02
 13  0.01296  4.16736e-02 | 14 -0.00943  2.37797e-02 | 15  0.07355  2.06810e-02
 16  0.03288  2.00672e-02 | 17 -0.04606 -1.03957e-02 | 18 -0.00993  2.15815e-02
 19 -0.02524  1.79791e-02 | 20  0.03711  4.18375e-03 | 21  0.04301  1.19877e-02
 22 -0.05738  1.48877e-02 | 23 -0.03227  3.63382e-03 | 24 -0.10788 -5.63657e-03
 25  0.00563 -6.48305e-02 | 26 -0.01282  2.85620e-02 | 27 -0.00967  4.17155e-02
 28  0.05784  6.05093e-02 | 29  0.00728  1.66889e-02 | 30  0.05860 -5.07519e-03
 31 -0.02391  1.65667e-02 | 32  0.04478 -1.23215e-02 | 33  0.02275 -9.29740e-04
 34  0.05580 -3.95369e-02 | 35  0.03089 -5.46669e-02 | 36 -0.00082 -1.42982e-01
 37  0.03195 -1.86944e-01 | 38  0.02121  1.80635e-02 | 39  0.25238  5.46462e-01
 40  0.25711 -6.25167e-01 | 41  0.27321 -2.33165e-01 | 42  0.27299 -1.42323e-02
 43 -0.35836 -3.32714e-02 | 44 -0.00303 -6.36556e-04 | 45  3.96192  7.13109e-06
 46 -0.70109  4.20373e-04 | 47 -0.69211  1.09644e-02 | 48 -0.72204 -1.19014e-02
 49 -0.55509  3.30424e-02 | 50 -0.46408 -3.29518e-02 | 51 -0.32549 -6.13635e-02
 52 -0.02095 -2.64114e-03 | 53 -0.08569 -4.50711e-01 | 54 -0.09445  5.02914e-01
 55  0.04876 -9.01498e-02 | 56  0.06861  8.41711e-02 |

 - final statistics:
56 variables; iteration 235; function evaluation 283
Function value 1.2997e+02; maximum gradient component mag 4.0762e-05
Exit code = 1;  converg criter 1.0000e-04
Var    Value     Gradient |Var    Value     Gradient |Var    Value     Gradient
  1  0.01878  4.07620e-05 |  2 -0.12764  1.24243e-07 |  3  0.01300  2.67796e-07
  4 -0.02564  5.80925e-07 |  5  0.01428  3.13828e-06 |  6 -0.05208 -5.52295e-07
  7 -0.11040 -4.27841e-07 |  8 -0.07254 -9.45761e-07 |  9 -0.08641 -8.34558e-07
 10  0.02488 -1.31675e-07 | 11  0.02375  2.49940e-07 | 12  0.07098 -1.07112e-06
 13  0.01295 -3.06964e-07 | 14 -0.00944 -2.61105e-07 | 15  0.07355 -4.02146e-07
 16  0.03288 -4.93881e-07 | 17 -0.04604 -6.47905e-07 | 18 -0.00992 -8.92107e-07
 19 -0.02523  1.86311e-06 | 20  0.03709 -5.10018e-07 | 21  0.04300 -1.69697e-07
 22 -0.05740 -5.60633e-08 | 23 -0.03229  5.29450e-07 | 24 -0.10789  9.18553e-07
 25  0.00565  6.46031e-06 | 26 -0.01284  4.48574e-07 | 27 -0.00966 -3.00118e-06
 28  0.05785 -4.59846e-06 | 29  0.00728 -5.25329e-07 | 30  0.05860  5.84402e-07
 31 -0.02391 -5.43757e-07 | 32  0.04478  6.69359e-07 | 33  0.02274 -5.04074e-07
 34  0.05580  1.19627e-06 | 35  0.03090  9.75818e-07 | 36 -0.00081  6.94849e-07
 37  0.03196  2.49412e-06 | 38  0.02123 -2.54805e-07 | 39  0.25238 -7.58482e-06
 40  0.25727 -5.37565e-06 | 41  0.27322  1.03076e-05 | 42  0.27301  1.53678e-06
 43 -0.35823 -3.64882e-07 | 44 -0.00844 -7.80809e-09 | 45  3.96297  1.44391e-09
 46 -0.70210 -6.41672e-09 | 47 -0.69234 -3.09699e-06 | 48 -0.72225  3.43956e-06
 49 -0.55505  5.05528e-07 | 50 -0.46405 -5.18006e-07 | 51 -0.32572  1.21547e-06
 52 -0.01545  5.21418e-08 | 53 -0.07692 -1.41260e-06 | 54 -0.08671  1.70166e-06
 55  0.04885  7.24006e-07 | 56  0.06865 -1.07815e-06 |
Estimating row 1 out of 56 for hessian
Estimating row 2 out of 56 for hessian
Estimating row 3 out of 56 for hessian
Estimating row 4 out of 56 for hessian
Estimating row 5 out of 56 for hessian
Estimating row 6 out of 56 for hessian
Estimating row 7 out of 56 for hessian
Estimating row 8 out of 56 for hessian
Estimating row 9 out of 56 for hessian
Estimating row 10 out of 56 for hessian
Estimating row 11 out of 56 for hessian
Estimating row 12 out of 56 for hessian
Estimating row 13 out of 56 for hessian
Estimating row 14 out of 56 for hessian
Estimating row 15 out of 56 for hessian
Estimating row 16 out of 56 for hessian
Estimating row 17 out of 56 for hessian
Estimating row 18 out of 56 for hessian
Estimating row 19 out of 56 for hessian
Estimating row 20 out of 56 for hessian
Estimating row 21 out of 56 for hessian
Estimating row 22 out of 56 for hessian
Estimating row 23 out of 56 for hessian
Estimating row 24 out of 56 for hessian
Estimating row 25 out of 56 for hessian
Estimating row 26 out of 56 for hessian
Estimating row 27 out of 56 for hessian
Estimating row 28 out of 56 for hessian
Estimating row 29 out of 56 for hessian
Estimating row 30 out of 56 for hessian
Estimating row 31 out of 56 for hessian
Estimating row 32 out of 56 for hessian
Estimating row 33 out of 56 for hessian
Estimating row 34 out of 56 for hessian
Estimating row 35 out of 56 for hessian
Estimating row 36 out of 56 for hessian
Estimating row 37 out of 56 for hessian
Estimating row 38 out of 56 for hessian
Estimating row 39 out of 56 for hessian
Estimating row 40 out of 56 for hessian
Estimating row 41 out of 56 for hessian
Estimating row 42 out of 56 for hessian
Estimating row 43 out of 56 for hessian
Estimating row 44 out of 56 for hessian
Estimating row 45 out of 56 for hessian
Estimating row 46 out of 56 for hessian
Estimating row 47 out of 56 for hessian
Estimating row 48 out of 56 for hessian
Estimating row 49 out of 56 for hessian
Estimating row 50 out of 56 for hessian
Estimating row 51 out of 56 for hessian
Estimating row 52 out of 56 for hessian
Estimating row 53 out of 56 for hessian
Estimating row 54 out of 56 for hessian
Estimating row 55 out of 56 for hessian
Estimating row 56 out of 56 for hessian
size of file gradfil1.tmp = 0
size of file gradfil2.tmp = 0
size of file varssave.tmp = 0
size of file cmpdiff.tmp = 0
