
Initial statistics: 2 variables; iteration 0; function evaluation 0; phase 1
Function value 4.0595352e+03; maximum gradient component mag 2.6855e+04
Var    Value     Gradient |Var    Value     Gradient |Var    Value     Gradient
  1  0.39650  2.68553e+04 |  2  0.21635  7.97246e+03 |

 - final statistics:
2 variables; iteration 7; function evaluation 14
Function value 5.6762e+02; maximum gradient component mag -1.4195e+00
Exit code = 1;  converg criter 1.0000e+01
Var    Value     Gradient |Var    Value     Gradient |Var    Value     Gradient
  1  0.17981 -1.41947e+00 |  2  0.20364 -5.36185e-01 |

Initial statistics: 48 variables; iteration 0; function evaluation 0; phase 2
Function value 5.6761534e+02; maximum gradient component mag 2.6816e+03
Var    Value     Gradient |Var    Value     Gradient |Var    Value     Gradient
  1  0.17981 -1.41947e+00 |  2  0.00000  5.02645e+01 |  3  0.00000 -1.10363e+02
  4  0.00000  3.84291e+01 |  5  0.00000 -6.94506e+01 |  6  0.00000 -2.55538e+01
  7  0.00000  5.31672e+01 |  8  0.00000  6.01385e+00 |  9  0.00000  1.01822e+01
 10  0.00000 -7.73687e+01 | 11  0.00000  5.58668e+00 | 12  0.00000 -5.92997e+01
 13  0.00000 -1.69223e+01 | 14  0.00000 -1.31635e+01 | 15  0.00000 -9.62873e+01
 16  0.00000 -6.17997e-01 | 17  0.00000  9.41711e+01 | 18  0.00000 -2.30432e+00
 19  0.00000  1.36833e+01 | 20  0.00000 -1.48351e+02 | 21  0.00000 -1.46502e+02
 22  0.00000  1.16489e+02 | 23  0.00000  1.58218e+01 | 24  0.00000  2.56554e+02
 25  0.00000  8.61189e+01 | 26  0.00000 -6.27781e+00 | 27  0.00000  1.73850e+00
 28  0.00000 -9.58670e+01 | 29  0.00000  1.56521e+02 | 30  0.00000 -3.10784e+02
 31  0.00000  1.99615e+02 | 32  0.00000 -2.78448e+02 | 33  0.00000  1.30760e+02
 34  0.00000  1.31326e+02 | 35  0.21635 -9.05335e+02 | 36  0.21635  2.68161e+03
 37  0.21635 -3.38432e+02 | 38  0.20364 -5.36185e-01 | 39 -1.00000 -1.08293e-07
 40  0.00000  1.31010e-04 | 41  0.00000  3.73997e-01 | 42 -0.53989  7.89308e+00
 43 -1.00000 -1.08293e-07 | 44 -0.53989  1.20125e+01 | 45 -1.00000 -1.08293e-07
 46 -0.53989  3.27987e+00 | 47 -0.32288  1.24247e+02 | 48 -0.17585 -3.59025e+02

Intermediate statistics: 48 variables; iteration 20; function evaluation 32; phase 2
Function value 4.8026380e+02; maximum gradient component mag -6.3536e+03
Var    Value     Gradient |Var    Value     Gradient |Var    Value     Gradient
  1  0.14660 -6.35360e+03 |  2 -0.28633 -4.96020e+01 |  3  0.16276  1.94482e+01
  4  0.15198  1.39733e+02 |  5  0.12177  1.51165e+01 |  6  0.06007  1.19118e+02
  7  0.01363  1.61848e+02 |  8 -0.00102  1.16225e+02 |  9  0.00939  1.44156e+02
 10  0.04527  9.50162e+01 | 11  0.05411  1.77987e+02 | 12  0.03893  8.48381e+01
 13 -0.00923  8.00433e+01 | 14 -0.02771  7.44154e+01 | 15  0.03394  2.67998e+01
 16  0.02460  1.00969e+02 | 17 -0.03735  1.25259e+02 | 18 -0.01153  8.66480e+01
 19 -0.01614  1.47355e+02 | 20  0.03742 -1.78579e+01 | 21 -0.00013 -5.29483e+01
 22 -0.04658  1.48884e+02 | 23 -0.03508 -1.25872e+00 | 24 -0.09137  7.70317e+01
 25 -0.05305 -1.56848e+02 | 26 -0.04727 -2.71649e+02 | 27 -0.02487 -1.06403e+02
 28 -0.00543 -2.34224e+02 | 29 -0.00656 -4.92143e+01 | 30  0.01989 -3.46265e+02
 31 -0.03938 -4.03321e+01 | 32  0.00288 -8.04315e+01 | 33 -0.00066  1.38723e+02
 34  0.13624  3.86483e+02 | 35  0.23571 -2.52759e+03 | 36  0.23347  1.05281e+03
 37  0.27232  1.14741e+02 | 38  0.26566 -3.74684e+01 | 39 -1.15456  1.25984e-02
 40 -0.00000  6.64742e-05 | 41 -0.00978 -4.38540e-05 | 42 -0.75314 -7.50297e-03
 43 -1.12530  9.97970e+02 | 44 -0.71165  4.27614e+02 | 45 -1.25330  9.21948e+01
 46 -0.59684  5.79123e+01 | 47 -0.36677  1.61419e+02 | 48  0.01548 -1.67348e+02
48 variables; iteration 40; function evaluation 64; phase 2
Function value 4.4578693e+02; maximum gradient component mag -1.7000e+04
Var    Value     Gradient |Var    Value     Gradient |Var    Value     Gradient
  1  0.14392 -1.70004e+04 |  2 -0.35389 -5.62975e+01 |  3  0.21398  8.91970e+01
  4  0.17534  1.50984e+02 |  5  0.11777 -3.64604e+01 |  6  0.07934  3.05781e+02
  7  0.06030  3.78993e+02 |  8  0.06317  3.41592e+02 |  9  0.08638  3.72220e+02
 10  0.13725  3.97996e+02 | 11  0.06058  3.34012e+02 | 12  0.05481  3.10980e+02
 13 -0.01933  2.51253e+02 | 14 -0.01740  2.39140e+02 | 15  0.01691  8.63054e+01
 16  0.04792  8.72307e+01 | 17 -0.11122  5.99184e+01 | 18 -0.02940 -2.00534e+02
 19 -0.02650 -1.54513e+02 | 20 -0.01326 -2.45976e+02 | 21  0.01721 -9.47692e+00
 22 -0.07424  1.65594e+02 | 23 -0.03689  9.88802e-01 | 24 -0.12216  5.35082e+01
 25 -0.02672 -3.69049e+02 | 26 -0.03630 -3.21714e+02 | 27 -0.04518 -3.63378e+02
 28 -0.00150 -7.76465e+02 | 29 -0.00881 -6.67105e+01 | 30  0.01886 -4.22773e+02
 31 -0.03429  1.28543e+02 | 32 -0.00618 -3.01480e+01 | 33 -0.03518  2.10872e+02
 34  0.03048  4.16651e+02 | 35  0.23705 -3.71761e+03 | 36  0.23488 -1.17419e+02
 37  0.27459 -2.64953e+02 | 38  0.26812 -7.09701e+02 | 39 -1.65052 -2.81694e+02
 40  0.07132  3.38739e+00 | 41 -0.17458  9.33469e-01 | 42 -1.60785 -1.52830e+01
 43 -1.11545  2.30209e+03 | 44 -0.83993  1.65620e+03 | 45 -1.41785  9.56684e+01
 46 -0.26985  9.82671e+01 | 47 -0.36400  2.58339e+02 | 48  0.02615 -5.82699e+01
48 variables; iteration 60; function evaluation 88; phase 2
Function value 2.4265726e+02; maximum gradient component mag -1.3312e+04
Var    Value     Gradient |Var    Value     Gradient |Var    Value     Gradient
  1  0.13611 -1.33124e+04 |  2 -0.21621 -2.74374e+01 |  3  0.03901  5.10528e+01
  4 -0.02845 -1.66485e+01 |  5  0.02104 -1.93157e+01 |  6 -0.00353  2.78931e+02
  7 -0.03348  2.81214e+02 |  8 -0.02278  2.30852e+02 |  9 -0.01291  2.17008e+02
 10  0.09309  2.74864e+02 | 11  0.06877  2.69088e+02 | 12  0.06157  2.01521e+02
 13 -0.00200  1.51106e+02 | 14 -0.00667  9.42140e+01 | 15  0.03514 -1.46191e+02
 16  0.03730 -2.41609e+02 | 17 -0.05551 -2.12734e+02 | 18  0.02829 -3.55798e+02
 19 -0.06959 -3.92146e+02 | 20  0.05064  5.49121e+00 | 21  0.03294  3.64833e+01
 22 -0.10154  6.15872e+01 | 23  0.01200  1.62633e+02 | 24 -0.16810  2.38791e+01
 25 -0.00023 -9.60309e+01 | 26  0.00061 -3.00366e+01 | 27 -0.00224 -2.12969e+02
 28  0.01408 -6.13814e+02 | 29  0.01404 -5.88362e+01 | 30  0.04788 -1.45313e+02
 31 -0.01568  1.17668e+02 | 32  0.01600 -1.16764e+00 | 33 -0.01407  1.25434e+02
 34 -0.00184  1.44719e+02 | 35  0.24368 -1.72381e+03 | 36  0.22780 -6.01135e+02
 37  0.26698 -5.97341e+02 | 38  0.26804 -5.27252e+02 | 39 -1.66360 -3.99874e+02
 40  2.08978 -1.02571e+00 | 41 -0.74068  3.40488e-01 | 42 -1.73653 -1.17302e+01
 43 -1.05932  2.12390e+03 | 44 -0.93911  2.06906e+03 | 45 -1.48505  8.25782e+00
 46 -0.39371  1.38110e+01 | 47 -0.38532  7.79405e+01 | 48  0.02689 -3.35197e+01
Maximum number of function evaluations exceeded

 - final statistics:
48 variables; iteration 70; function evaluation 100
Function value 1.7010e+02; maximum gradient component mag -5.3636e+03
Exit code = 3;  converg criter 1.0000e+01
Var    Value     Gradient |Var    Value     Gradient |Var    Value     Gradient
  1  0.13571 -5.36364e+03 |  2 -0.13774 -2.08896e+00 |  3  0.01500  4.66881e+00
  4 -0.02908 -2.78203e+01 |  5  0.01979 -5.35728e+01 |  6 -0.05791  8.56729e+01
  7 -0.10247  9.64709e+01 |  8 -0.03363  1.50136e+02 |  9 -0.05192  1.01665e+02
 10  0.03883  1.03501e+02 | 11  0.00542  7.34632e+01 | 12  0.08149  1.70954e+02
 13  0.01957  1.26600e+02 | 14  0.00643  9.06310e+01 | 15  0.07079  5.58961e+01
 16  0.01795  2.91778e+01 | 17 -0.03978  5.21452e+01 | 18  0.03857 -9.49602e+00
 19 -0.06550 -1.64324e+02 | 20  0.05957  3.90497e+00 | 21  0.05979  3.78115e+01
 22 -0.02938  6.17898e+01 | 23 -0.03837 -2.27763e+02 | 24 -0.14749 -1.98756e+02
 25  0.01045 -5.78391e+02 | 26  0.00119 -3.49642e+01 | 27  0.01229 -3.62715e+01
 28  0.04082 -2.24596e+02 | 29  0.00342  1.25147e+02 | 30  0.06057  1.50324e+02
 31 -0.02307  6.66553e+01 | 32  0.03165  1.16845e+02 | 33 -0.00372  3.88554e+01
 34  0.03994  3.00983e+01 | 35  0.24646 -3.65955e+02 | 36  0.22963  2.49050e+02
 37  0.26946  1.15143e+00 | 38  0.28070 -8.49554e+00 | 39 -1.62569 -3.38852e+00
 40  2.07818 -1.17384e-01 | 41 -0.46860  9.81147e-01 | 42 -1.79049 -1.57009e+01
 43 -1.04637 -2.49806e+03 | 44 -0.95863 -2.80038e+03 | 45 -1.54732 -4.92952e+00
 46 -0.35555  6.94765e+00 | 47 -0.39136  1.76381e+01 | 48  0.06136  4.44238e+01

Initial statistics: 52 variables; iteration 0; function evaluation 0; phase 3
Function value 1.7006979e+02; maximum gradient component mag -5.3636e+03
Var    Value     Gradient |Var    Value     Gradient |Var    Value     Gradient
  1  0.13571 -5.36364e+03 |  2 -0.13774 -2.08896e+00 |  3  0.01500  4.66881e+00
  4 -0.02908 -2.78203e+01 |  5  0.01979 -5.35728e+01 |  6 -0.05815  7.56651e+01
  7 -0.10271  8.65487e+01 |  8 -0.03387  1.40101e+02 |  9 -0.05215  9.16492e+01
 10  0.03859  9.34746e+01 | 11  0.00519  6.34171e+01 | 12  0.08126  1.60997e+02
 13  0.01934  1.16559e+02 | 14  0.00620  8.05851e+01 | 15  0.07055  4.59133e+01
 16  0.01772  1.91353e+01 | 17 -0.04001  4.21171e+01 | 18  0.03834 -1.95248e+01
 19 -0.06574 -1.74311e+02 | 20  0.05933 -6.09804e+00 | 21  0.05956  2.78100e+01
 22 -0.02961  5.17529e+01 | 23 -0.03861 -2.37787e+02 | 24 -0.14773 -2.08516e+02
 25  0.01021 -5.88440e+02 | 26  0.00096 -4.50109e+01 | 27  0.01205 -4.63167e+01
 28  0.04058 -2.34627e+02 | 29  0.00318  1.15101e+02 | 30  0.06033  1.40327e+02
 31 -0.02331  5.66144e+01 | 32  0.03141  1.06813e+02 | 33 -0.00396  2.88087e+01
 34  0.03970  2.00718e+01 | 35  0.24646 -3.65955e+02 | 36  0.22963  2.49050e+02
 37  0.26946  1.15143e+00 | 38  0.28070 -8.49554e+00 | 39 -0.37431  3.38852e+00
 40 -0.07818  1.17384e-01 | 41 -0.46860  9.81147e-01 | 42 -0.20951  1.57009e+01
 43 -0.95363  2.49806e+03 | 44 -0.95863 -2.80038e+03 | 45 -0.45268  4.92952e+00
 46 -0.35555  6.94765e+00 | 47 -0.39136  1.76381e+01 | 48  0.21635  1.50948e+00
 49 -0.17585 -1.52371e+03 | 50 -0.12819  4.26333e-03 | 51  0.06136  4.44238e+01
 52  0.05795 -1.42729e+02 |

Intermediate statistics: 52 variables; iteration 20; function evaluation 28; phase 3
Function value 9.0920989e+01; maximum gradient component mag -1.4340e+03
Var    Value     Gradient |Var    Value     Gradient |Var    Value     Gradient
  1  0.13438 -1.43399e+03 |  2 -0.13691 -2.08054e+00 |  3  0.00378 -2.20583e+01
  4 -0.02368 -2.27501e+01 |  5  0.02533 -5.13947e+01 |  6 -0.04944  4.43757e+00
  7 -0.09649  1.62200e-01 |  8 -0.05537 -2.51259e+01 |  9 -0.07210  1.61682e+01
 10  0.04059  3.13875e+01 | 11  0.03127  4.71746e+01 | 12  0.06892  6.30875e+01
 13  0.00457  2.71912e+01 | 14 -0.01193  1.38166e+01 | 15  0.07521  2.25086e+01
 16  0.02786  1.87611e+01 | 17 -0.04073  2.12251e+01 | 18 -0.00770  3.88476e+01
 19 -0.00459  8.38404e+01 | 20  0.03240 -3.01127e+01 | 21  0.03270 -5.75890e+01
 22 -0.06808 -4.34391e+01 | 23 -0.04085 -6.67811e+01 | 24 -0.11137 -4.88218e+01
 25  0.02116 -3.00136e+02 | 26 -0.00999 -1.18752e+01 | 27 -0.01125  3.11852e+00
 28  0.06260  7.12681e+00 | 29  0.00225  4.20395e+01 | 30  0.06128  1.59863e+01
 31 -0.02999 -4.34382e+00 | 32  0.04885  5.45566e+01 | 33  0.02612  7.96542e+01
 34  0.07385  1.22108e+01 | 35  0.25153  1.50013e+02 | 36  0.26109  7.97683e+01
 37  0.26702 -2.44251e+02 | 38  0.29127  2.66764e+02 | 39 -0.36717 -8.67847e+00
 40 -0.07787 -2.48195e-01 | 41 -0.47078  6.75425e-01 | 42 -0.24209  1.10454e+01
 43 -0.96774  8.26132e+02 | 44 -0.97122 -9.26183e+02 | 45 -0.47915 -1.89815e+01
 46 -0.38996  2.34034e+01 | 47 -0.39676 -4.96956e+00 | 48  0.21590 -4.46404e-01
 49 -0.09920 -1.19259e+02 | 50 -0.11002  1.38711e+02 | 51  0.12625 -9.83723e+01
 52  0.10846  9.49896e+01 |
52 variables; iteration 40; function evaluation 51; phase 3
Function value 8.9240367e+01; maximum gradient component mag -2.0582e+03
Var    Value     Gradient |Var    Value     Gradient |Var    Value     Gradient
  1  0.13388 -2.05821e+03 |  2 -0.14412 -5.76897e+00 |  3  0.01079 -9.38239e+00
  4 -0.02552 -2.42384e+01 |  5  0.02040 -5.57330e+01 |  6 -0.04856  1.74143e+01
  7 -0.09540  1.88472e+01 |  8 -0.05807 -9.88207e+00 |  9 -0.07193  3.19638e+01
 10  0.03834  3.90544e+01 | 11  0.02426  4.56865e+01 | 12  0.06611  6.62195e+01
 13  0.01101  3.67521e+01 | 14 -0.00361  2.39043e+01 | 15  0.07364 -2.58792e+00
 16  0.02669 -1.45292e+01 | 17 -0.04411 -9.01067e+00 | 18 -0.00933  9.72212e+00
 19 -0.00397  7.68390e+01 | 20  0.03609 -1.01253e+01 | 21  0.03358 -4.36978e+01
 22 -0.06241 -2.03205e+01 | 23 -0.04388 -6.25914e+01 | 24 -0.11551 -3.87969e+01
 25  0.02455 -2.56341e+02 | 26 -0.01426 -1.75441e+01 | 27 -0.00793  4.32618e+01
 28  0.06390  1.72154e+01 | 29 -0.00063 -2.45648e+01 | 30  0.06199 -1.91091e+01
 31 -0.03241 -2.45162e+01 | 32  0.05380  9.75788e+01 | 33  0.02565  8.02145e+01
 34  0.07328  1.42478e+01 | 35  0.24992 -4.59412e+01 | 36  0.26176  6.05921e+01
 37  0.26851 -2.01307e+02 | 38  0.29368  2.39936e+02 | 39 -0.36490 -1.25345e+01
 40 -0.08050 -3.34477e-01 | 41 -0.47932  2.28765e-01 | 42 -0.42059  5.55319e+00
 43 -0.97483 -6.39193e+02 | 44 -0.97733  7.09560e+02 | 45 -0.52975 -3.38317e+01
 46 -0.43801  2.92637e+01 | 47 -0.44740  5.69891e-01 | 48  0.21256  7.84977e-02
 49 -0.09845 -1.14620e+02 | 50 -0.10978  1.34184e+02 | 51  0.13998 -8.31322e+01
 52  0.11395  8.59370e+01 |
52 variables; iteration 60; function evaluation 81; phase 3
Function value 8.4151244e+01; maximum gradient component mag -8.3410e+01
Var    Value     Gradient |Var    Value     Gradient |Var    Value     Gradient
  1  0.13415 -6.01642e+01 |  2 -0.13786 -2.82096e-01 |  3  0.00440 -1.48274e+00
  4 -0.02743 -2.54572e+00 |  5  0.02136 -4.87891e+00 |  6 -0.05196 -8.52661e-01
  7 -0.10171 -1.22758e+00 |  8 -0.05453 -2.11478e+00 |  9 -0.07432  3.36449e-01
 10  0.03619  4.24143e-01 | 11  0.02227  4.18846e-01 | 12  0.06658  6.70076e-01
 13  0.00826  2.62606e-01 | 14 -0.00819 -2.99081e-01 | 15  0.07472 -2.19447e+00
 16  0.02651 -3.40282e+00 | 17 -0.04581 -3.18389e+00 | 18 -0.00468  1.95012e+00
 19 -0.01771  2.57441e+00 | 20  0.04045  5.27196e-01 | 21  0.03954  8.59851e-01
 22 -0.05932  1.44639e+00 | 23 -0.03354  2.67023e+00 | 24 -0.10739  2.22086e+00
 25  0.02247 -2.03670e-01 | 26 -0.01110  8.91324e-01 | 27 -0.01017 -3.46291e-01
 28  0.06270 -1.89077e-01 | 29  0.00125 -9.53535e-01 | 30  0.06097 -5.85766e-01
 31 -0.02859 -1.62534e-01 | 32  0.04403 -1.21508e-01 | 33  0.01973  2.28678e-01
 34  0.08280 -2.69595e-01 | 35  0.24960 -7.75246e+00 | 36  0.26103 -8.86422e-01
 37  0.27170  1.20874e+00 | 38  0.29404 -2.05312e+00 | 39 -0.35760 -2.13051e-01
 40 -0.32825 -6.48517e-03 | 41  0.11592  1.43469e-02 | 42 -0.63319  3.64478e-01
 43 -0.98265  7.38379e+01 | 44 -0.98460 -8.34103e+01 | 45 -0.53176 -1.18139e-01
 46 -0.44787  1.01427e-01 | 47 -0.42708  3.38228e-01 | 48 -0.05496  5.26721e-02
 49 -0.09936  3.34574e-01 | 50 -0.11366 -3.89907e-01 | 51  0.15391  3.17867e-01
 52  0.10760  9.04469e-02 |
52 variables; iteration 80; function evaluation 101; phase 3
Function value 8.4129575e+01; maximum gradient component mag -3.7366e+00
Var    Value     Gradient |Var    Value     Gradient |Var    Value     Gradient
  1  0.13415 -3.73657e+00 |  2 -0.13771  6.45044e-03 |  3  0.00440  4.16711e-02
  4 -0.02730  6.20569e-02 |  5  0.02144  1.12257e-01 |  6 -0.05189  8.40610e-02
  7 -0.10152  8.53189e-02 |  8 -0.05455  1.03731e-01 |  9 -0.07417  8.05896e-03
 10  0.03630  1.78946e-02 | 11  0.02235 -2.39390e-02 | 12  0.06651 -1.69317e-01
 13  0.00822 -3.40205e-02 | 14 -0.00819  9.14351e-04 | 15  0.07475  1.87764e-02
 16  0.02655  4.20429e-02 | 17 -0.04567  3.89950e-02 | 18 -0.00475 -1.84190e-01
 19 -0.01779 -2.06553e-01 | 20  0.04041  2.37231e-02 | 21  0.03955  2.16443e-02
 22 -0.05941  1.60125e-02 | 23 -0.03388 -4.60763e-03 | 24 -0.10794  3.87623e-02
 25  0.02274  3.18296e-02 | 26 -0.01117  1.80424e-01 | 27 -0.01013  9.56697e-02
 28  0.06269 -1.12646e-01 | 29  0.00128 -1.00184e-02 | 30  0.06095 -4.29300e-02
 31 -0.02856 -3.11907e-02 | 32  0.04400  1.73901e-03 | 33  0.01973 -3.59726e-02
 34  0.08303 -9.69851e-02 | 35  0.24930 -5.56535e-01 | 36  0.26108 -2.76236e-02
 37  0.27170  3.61823e-02 | 38  0.29409 -2.89506e-02 | 39 -0.37121 -7.48976e-02
 40  0.21518 -6.65267e-04 | 41 -0.21326 -1.06214e-03 | 42 -0.72761 -5.48618e-03
 43 -0.97359 -4.57862e-01 | 44 -0.97655  3.55695e-01 | 45 -0.53206  5.53337e-02
 46 -0.44824 -2.06729e-02 | 47 -0.47558  7.68607e-03 | 48 -0.35954  7.11629e-04
 49 -0.09972  4.02945e-03 | 50 -0.11396  1.24172e-02 | 51  0.15381 -2.02220e-02
 52  0.10745  2.10418e-02 |
52 variables; iteration 100; function evaluation 121; phase 3
Function value 8.4127081e+01; maximum gradient component mag 9.1886e+00
Var    Value     Gradient |Var    Value     Gradient |Var    Value     Gradient
  1  0.13415  4.82365e+00 |  2 -0.13771 -2.50291e-03 |  3  0.00440 -1.89481e-03
  4 -0.02730  4.31194e-03 |  5  0.02143  2.37557e-02 |  6 -0.05189 -6.82198e-02
  7 -0.10153 -6.37014e-02 |  8 -0.05454 -5.12960e-02 |  9 -0.07417 -4.43181e-02
 10  0.03625 -4.44069e-02 | 11  0.02232 -5.12493e-03 | 12  0.06650  1.29638e-01
 13  0.00824 -5.80055e-03 | 14 -0.00816 -2.15469e-02 | 15  0.07475  3.16456e-03
 16  0.02654  2.02832e-02 | 17 -0.04567  3.76896e-02 | 18 -0.00474  9.29782e-02
 19 -0.01779  1.02657e-01 | 20  0.04041 -6.77570e-02 | 21  0.03955 -5.33917e-02
 22 -0.05941 -5.63495e-02 | 23 -0.03387 -7.43586e-03 | 24 -0.10794 -8.33596e-03
 25  0.02274  1.17414e-01 | 26 -0.01119  1.74000e-02 | 27 -0.01014  4.19271e-02
 28  0.06270  5.09731e-02 | 29  0.00128 -1.16534e-02 | 30  0.06096 -8.64776e-03
 31 -0.02856 -4.44431e-02 | 32  0.04400 -2.29472e-02 | 33  0.01975 -2.42806e-02
 34  0.08307  8.70656e-03 | 35  0.24929  6.33262e-02 | 36  0.26107 -3.89128e-02
 37  0.27170 -8.94875e-02 | 38  0.29411  2.73565e-02 | 39 -0.36059  1.39394e-02
 40 -0.20185 -6.44394e-04 | 41 -0.17124 -8.68494e-04 | 42 -0.81728 -1.06327e-02
 43 -0.93728 -8.22003e+00 | 44 -0.94431  9.18859e+00 | 45 -0.53239 -6.14694e-02
 46 -0.44855  2.65989e-02 | 47 -0.64104 -2.12662e-03 | 48  0.05668  1.53759e-03
 49 -0.10107 -3.54291e-02 | 50 -0.11506  5.80052e-02 | 51  0.15391  3.80776e-02
 52  0.10748 -4.63454e-02 |
52 variables; iteration 120; function evaluation 142; phase 3
Function value 8.4124081e+01; maximum gradient component mag -9.0650e-01
Var    Value     Gradient |Var    Value     Gradient |Var    Value     Gradient
  1  0.13415 -9.06500e-01 |  2 -0.13772 -3.98967e-04 |  3  0.00439 -3.29050e-03
  4 -0.02731 -2.96324e-03 |  5  0.02144 -6.81544e-03 |  6 -0.05190  2.02414e-02
  7 -0.10153  2.12406e-02 |  8 -0.05454  2.25868e-02 |  9 -0.07417  1.25706e-02
 10  0.03628  1.65793e-02 | 11  0.02234  1.86783e-02 | 12  0.06650  1.17864e-02
 13  0.00823  1.19412e-02 | 14 -0.00818  9.20717e-03 | 15  0.07475  9.16588e-03
 16  0.02654  6.14587e-03 | 17 -0.04567  1.13113e-03 | 18 -0.00474 -1.02337e-02
 19 -0.01779 -1.61525e-02 | 20  0.04041  2.76497e-02 | 21  0.03955  2.22851e-02
 22 -0.05941  9.21023e-03 | 23 -0.03387 -1.75168e-03 | 24 -0.10794  1.96846e-03
 25  0.02274 -6.89106e-02 | 26 -0.01120 -7.34941e-02 | 27 -0.01012 -4.89250e-02
 28  0.06269 -2.04739e-02 | 29  0.00128  1.61868e-02 | 30  0.06095  3.78713e-03
 31 -0.02856  1.73924e-02 | 32  0.04400  1.08904e-02 | 33  0.01974  6.66435e-03
 34  0.08307  9.44419e-04 | 35  0.24929  3.66859e-01 | 36  0.26107 -1.66006e-02
 37  0.27170  1.37150e-02 | 38  0.29409 -3.67513e-02 | 39 -0.36540 -9.50686e-03
 40 -0.01187 -2.49565e-04 | 41  0.01480  3.27623e-04 | 42 -0.71031  2.34670e-03
 43 -0.86402 -2.71688e-01 | 44 -0.87931  2.73740e-01 | 45 -0.53222 -3.94997e-03
 46 -0.44840  4.05765e-03 | 47 -0.80436 -9.87546e-03 | 48 -0.19050 -9.54223e-04
 49 -0.10376 -4.16632e-03 | 50 -0.11725  1.47272e-02 | 51  0.15385  2.79547e-04
 52  0.10746  4.30416e-03 |
52 variables; iteration 140; function evaluation 162; phase 3
Function value 8.4120993e+01; maximum gradient component mag -4.1880e+00
Var    Value     Gradient |Var    Value     Gradient |Var    Value     Gradient
  1  0.13414 -4.18796e+00 |  2 -0.13770 -4.00997e-03 |  3  0.00444  1.50904e-02
  4 -0.02730 -6.53363e-02 |  5  0.02142 -2.04545e-01 |  6 -0.05189 -1.03275e-01
  7 -0.10154 -1.33352e-01 |  8 -0.05455 -2.46931e-01 |  9 -0.07417  3.14078e-02
 10  0.03623 -5.02764e-02 | 11  0.02230 -7.08025e-02 | 12  0.06653  2.56781e-03
 13  0.00826  7.01119e-02 | 14 -0.00812  1.09394e-01 | 15  0.07475  6.54312e-02
 16  0.02653 -5.58735e-03 | 17 -0.04567  4.25979e-02 | 18 -0.00473  4.09893e-01
 19 -0.01778  4.50381e-01 | 20  0.04040  1.74595e-02 | 21  0.03954 -7.59447e-03
 22 -0.05939  8.65672e-03 | 23 -0.03385 -1.41821e-02 | 24 -0.10793 -1.12310e-01
 25  0.02272 -6.07813e-01 | 26 -0.01112  5.10957e-02 | 27 -0.01019 -5.08946e-01
 28  0.06270 -1.36623e-01 | 29  0.00128  1.68120e-01 | 30  0.06097  2.81791e-01
 31 -0.02856  8.53018e-02 | 32  0.04400  8.09399e-02 | 33  0.01974  3.94129e-02
 34  0.08302 -1.02313e-01 | 35  0.24929  1.06859e+00 | 36  0.26107 -3.74311e-02
 37  0.27170 -2.22462e-01 | 38  0.29411  3.52816e-01 | 39 -0.35314  1.88879e-01
 40 -0.55638 -6.34773e-04 | 41 -0.36336 -1.88050e-03 | 42 -0.70500 -2.22618e-04
 43 -0.69175 -9.09417e-01 | 44 -0.72685  1.02660e+00 | 45 -0.53212  2.34328e-02
 46 -0.44829 -3.75701e-03 | 47 -0.61472 -3.77319e-03 | 48 -0.17694 -5.30980e-04
 49 -0.10301  8.72401e-02 | 50 -0.11664 -9.63152e-02 | 51  0.15392 -3.46896e-02
 52  0.10749 -3.84574e-03 |
52 variables; iteration 160; function evaluation 183; phase 3
Function value 8.4119639e+01; maximum gradient component mag 2.1733e+00
Var    Value     Gradient |Var    Value     Gradient |Var    Value     Gradient
  1  0.13415  2.17335e+00 |  2 -0.13772 -8.29124e-04 |  3  0.00440 -1.83432e-03
  4 -0.02731 -5.15831e-03 |  5  0.02143 -6.59474e-03 |  6 -0.05190 -3.71336e-02
  7 -0.10153 -4.28190e-02 |  8 -0.05454 -4.59160e-02 |  9 -0.07417 -2.90938e-02
 10  0.03627 -3.23626e-02 | 11  0.02233 -3.67633e-02 | 12  0.06651 -3.21996e-02
 13  0.00823 -2.92146e-02 | 14 -0.00818 -2.30589e-02 | 15  0.07475 -1.72179e-02
 16  0.02654 -2.11811e-02 | 17 -0.04567 -1.60787e-02 | 18 -0.00474  1.06539e-02
 19 -0.01779  1.97781e-02 | 20  0.04041 -2.40555e-02 | 21  0.03955 -1.43683e-02
 22 -0.05941 -1.37231e-02 | 23 -0.03387  1.41971e-02 | 24 -0.10795  1.01527e-02
 25  0.02274  1.35667e-01 | 26 -0.01119  9.31882e-02 | 27 -0.01013  1.12489e-01
 28  0.06269  7.21173e-02 | 29  0.00128 -8.43985e-03 | 30  0.06096 -6.12217e-03
 31 -0.02856 -2.33398e-02 | 32  0.04400 -1.77039e-02 | 33  0.01974 -2.01159e-02
 34  0.08307 -2.24026e-03 | 35  0.24929 -6.04920e-02 | 36  0.26107 -2.46295e-02
 37  0.27170 -1.38111e-02 | 38  0.29410  5.23497e-02 | 39 -0.36403  3.89084e-02
 40 -0.06445  7.30835e-04 | 41 -0.00187  1.66311e-04 | 42 -0.71483 -3.68279e-04
 43 -0.69073 -9.31031e-01 | 44 -0.72597  1.05216e+00 | 45 -0.53218  1.20387e-02
 46 -0.44836 -7.60374e-03 | 47 -0.53364  7.45634e-04 | 48 -0.23422  2.11516e-04
 49 -0.10227  2.29871e-02 | 50 -0.11603 -1.61526e-02 | 51  0.15386 -6.57290e-03
 52  0.10746 -5.41920e-03 |
52 variables; iteration 180; function evaluation 203; phase 3
Function value 8.4119607e+01; maximum gradient component mag 4.5188e-01
Var    Value     Gradient |Var    Value     Gradient |Var    Value     Gradient
  1  0.13415  4.51883e-01 |  2 -0.13772  9.70222e-04 |  3  0.00439  6.32549e-04
  4 -0.02731  8.13439e-03 |  5  0.02144  1.97240e-02 |  6 -0.05190  3.49166e-03
  7 -0.10153  6.39222e-03 |  8 -0.05454  1.67693e-02 |  9 -0.07417 -8.98226e-03
 10  0.03627 -8.12628e-04 | 11  0.02234  1.62207e-03 | 12  0.06650  4.21695e-03
 13  0.00823 -8.27142e-03 | 14 -0.00818 -1.45387e-02 | 15  0.07475 -7.67177e-03
 16  0.02654 -5.74401e-04 | 17 -0.04567 -3.49562e-03 | 18 -0.00475 -3.59648e-02
 19 -0.01779 -3.52671e-02 | 20  0.04041 -1.02519e-02 | 21  0.03955 -4.92254e-03
 22 -0.05941 -3.09492e-03 | 23 -0.03387  7.68687e-03 | 24 -0.10794  1.46047e-02
 25  0.02275  7.46969e-02 | 26 -0.01119  4.32454e-02 | 27 -0.01013  5.64908e-02
 28  0.06269  4.62423e-05 | 29  0.00128 -2.46592e-02 | 30  0.06095 -2.64049e-02
 31 -0.02856 -1.95085e-02 | 32  0.04400 -9.68381e-03 | 33  0.01975 -1.33175e-02
 34  0.08307 -1.24227e-02 | 35  0.24929 -1.56983e-01 | 36  0.26107 -5.46700e-03
 37  0.27170  9.81635e-03 | 38  0.29409 -3.14546e-02 | 39 -0.36503  2.16783e-02
 40 -0.02573  4.85772e-04 | 41 -0.02093  6.11322e-05 | 42 -0.71507 -7.24545e-04
 43 -0.68849 -3.03664e-01 | 44 -0.72401  3.43540e-01 | 45 -0.53224 -3.98184e-03
 46 -0.44842  5.96699e-05 | 47 -0.53928  1.41323e-04 | 48 -0.23122  8.03906e-05
 49 -0.10321 -5.31680e-03 | 50 -0.11680  1.70020e-02 | 51  0.15387  8.99729e-03
 52  0.10746 -4.11585e-03 |

 - final statistics:
52 variables; iteration 193; function evaluation 216
Function value 8.4120e+01; maximum gradient component mag -1.6456e-05
Exit code = 1;  converg criter 1.0000e-04
Var    Value     Gradient |Var    Value     Gradient |Var    Value     Gradient
  1  0.13415 -7.72418e-06 |  2 -0.13772  5.31914e-08 |  3  0.00439 -5.05274e-07
  4 -0.02731  4.47702e-07 |  5  0.02144  1.33095e-06 |  6 -0.05190  1.25042e-06
  7 -0.10153  2.12946e-06 |  8 -0.05454  3.82421e-06 |  9 -0.07417 -6.91043e-07
 10  0.03627  6.04332e-07 | 11  0.02233  1.12260e-06 | 12  0.06650  1.60372e-06
 13  0.00823 -3.94659e-07 | 14 -0.00818 -1.40664e-06 | 15  0.07475 -2.35561e-07
 16  0.02654  1.05190e-06 | 17 -0.04568  8.46127e-08 | 18 -0.00474 -6.95943e-06
 19 -0.01779 -6.34036e-06 | 20  0.04041 -1.77731e-06 | 21  0.03955 -1.10213e-06
 22 -0.05941  1.22888e-07 | 23 -0.03387  9.68123e-07 | 24 -0.10795  2.26543e-06
 25  0.02275  7.26340e-06 | 26 -0.01119  4.34751e-06 | 27 -0.01013  3.51756e-06
 28  0.06269 -1.70410e-06 | 29  0.00128 -3.50444e-06 | 30  0.06095 -4.04575e-06
 31 -0.02856 -2.83249e-06 | 32  0.04400 -1.31924e-06 | 33  0.01975 -9.56514e-07
 34  0.08308 -2.65465e-06 | 35  0.24929 -1.64555e-05 | 36  0.26106 -1.68916e-06
 37  0.27170  4.51040e-06 | 38  0.29409 -8.51940e-06 | 39 -0.36542  1.14042e-06
 40 -0.01105  2.74614e-08 | 41 -0.03720  8.49978e-11 | 42 -0.71307 -3.64575e-08
 43 -0.68790 -7.90615e-06 | 44 -0.72350  8.95612e-06 | 45 -0.53222 -1.60508e-06
 46 -0.44840  8.40226e-07 | 47 -0.53888  3.72322e-09 | 48 -0.23669  2.31020e-09
 49 -0.11590  6.30036e-07 | 50 -0.12713 -7.70216e-07 | 51  0.15386  1.75936e-06
 52  0.10746 -9.57929e-08 |
Estimating row 1 out of 52 for hessian
Estimating row 2 out of 52 for hessian
Estimating row 3 out of 52 for hessian
Estimating row 4 out of 52 for hessian
Estimating row 5 out of 52 for hessian
Estimating row 6 out of 52 for hessian
Estimating row 7 out of 52 for hessian
Estimating row 8 out of 52 for hessian
Estimating row 9 out of 52 for hessian
Estimating row 10 out of 52 for hessian
Estimating row 11 out of 52 for hessian
Estimating row 12 out of 52 for hessian
Estimating row 13 out of 52 for hessian
Estimating row 14 out of 52 for hessian
Estimating row 15 out of 52 for hessian
Estimating row 16 out of 52 for hessian
Estimating row 17 out of 52 for hessian
Estimating row 18 out of 52 for hessian
Estimating row 19 out of 52 for hessian
Estimating row 20 out of 52 for hessian
Estimating row 21 out of 52 for hessian
Estimating row 22 out of 52 for hessian
Estimating row 23 out of 52 for hessian
Estimating row 24 out of 52 for hessian
Estimating row 25 out of 52 for hessian
Estimating row 26 out of 52 for hessian
Estimating row 27 out of 52 for hessian
Estimating row 28 out of 52 for hessian
Estimating row 29 out of 52 for hessian
Estimating row 30 out of 52 for hessian
Estimating row 31 out of 52 for hessian
Estimating row 32 out of 52 for hessian
Estimating row 33 out of 52 for hessian
Estimating row 34 out of 52 for hessian
Estimating row 35 out of 52 for hessian
Estimating row 36 out of 52 for hessian
Estimating row 37 out of 52 for hessian
Estimating row 38 out of 52 for hessian
Estimating row 39 out of 52 for hessian
Estimating row 40 out of 52 for hessian
Estimating row 41 out of 52 for hessian
Estimating row 42 out of 52 for hessian
Estimating row 43 out of 52 for hessian
Estimating row 44 out of 52 for hessian
Estimating row 45 out of 52 for hessian
Estimating row 46 out of 52 for hessian
Estimating row 47 out of 52 for hessian
Estimating row 48 out of 52 for hessian
Estimating row 49 out of 52 for hessian
Estimating row 50 out of 52 for hessian
Estimating row 51 out of 52 for hessian
Estimating row 52 out of 52 for hessian
size of file gradfil1.tmp = 0
size of file gradfil2.tmp = 0
size of file varssave.tmp = 0
size of file cmpdiff.tmp = 0
