
Initial statistics: 2 variables; iteration 0; function evaluation 0; phase 1
Function value 3.2511512e+03; maximum gradient component mag 2.4003e+04
Var    Value     Gradient |Var    Value     Gradient |Var    Value     Gradient
  1  0.39650  2.40032e+04 |  2  0.21635  7.78412e+03 |

 - final statistics:
2 variables; iteration 8; function evaluation 15
Function value 4.6780e+02; maximum gradient component mag -5.2531e+00
Exit code = 1;  converg criter 1.0000e+01
Var    Value     Gradient |Var    Value     Gradient |Var    Value     Gradient
  1  0.20210 -5.25311e+00 |  2  0.18891 -3.48431e+00 |

Initial statistics: 48 variables; iteration 0; function evaluation 0; phase 2
Function value 4.6780246e+02; maximum gradient component mag 1.7909e+03
Var    Value     Gradient |Var    Value     Gradient |Var    Value     Gradient
  1  0.20210 -5.25311e+00 |  2  0.00000  1.94990e+01 |  3  0.00000 -1.22555e+02
  4  0.00000  3.51109e+01 |  5  0.00000 -7.88891e+01 |  6  0.00000 -3.96570e+01
  7  0.00000  4.23020e+01 |  8  0.00000 -2.57893e+00 |  9  0.00000  4.01332e+00
 10  0.00000 -7.75591e+01 | 11  0.00000  9.70951e+00 | 12  0.00000 -5.53004e+01
 13  0.00000 -1.75887e+01 | 14  0.00000 -1.64070e+01 | 15  0.00000 -9.15919e+01
 16  0.00000 -7.32490e-01 | 17  0.00000  8.87791e+01 | 18  0.00000  1.03636e+01
 19  0.00000  4.28761e+01 | 20  0.00000 -1.47786e+02 | 21  0.00000 -1.69515e+02
 22  0.00000  3.20511e+01 | 23  0.00000  1.40333e+01 | 24  0.00000  2.25819e+02
 25  0.00000 -3.62586e+01 | 26  0.00000 -1.97149e+01 | 27  0.00000  5.69046e+01
 28  0.00000 -1.24102e+02 | 29  0.00000  6.68380e+01 | 30  0.00000 -9.23787e+01
 31  0.00000  1.45353e+02 | 32  0.00000  5.21132e+01 | 33  0.00000  1.05505e+02
 34  0.00000 -5.48866e+00 | 35  0.21635 -7.67021e+01 | 36  0.21635  1.79093e+03
 37  0.21635 -1.73429e+02 | 38  0.18891 -3.48431e+00 | 39 -1.00000 -1.08293e-07
 40  0.00000  2.96696e-05 | 41  0.00000  1.40948e-01 | 42 -0.53989  2.97075e+00
 43 -1.00000 -1.08293e-07 | 44 -0.53989  1.24840e+01 | 45 -1.00000 -1.08293e-07
 46 -0.53989  3.74609e+00 | 47 -0.32288  2.23526e+01 | 48  0.21635  6.89851e-01

Intermediate statistics: 48 variables; iteration 20; function evaluation 34; phase 2
Function value 3.5471030e+02; maximum gradient component mag -6.6266e+03
Var    Value     Gradient |Var    Value     Gradient |Var    Value     Gradient
  1  0.22288 -3.47741e+03 |  2 -0.05198 -1.71655e+01 |  3  0.36700  1.20743e+02
  4  0.17058 -3.76418e+01 |  5  0.22727  5.61763e+01 |  6  0.15147  1.03000e+02
  7 -0.01217 -1.85488e+01 |  8 -0.00047  1.78062e+01 |  9  0.05637  6.66495e+01
 10  0.13837  1.22499e+02 | 11  0.01911  9.72734e+00 | 12  0.03133  1.62292e+01
 13 -0.00620 -2.16172e+01 | 14  0.01283  2.44921e+01 | 15  0.05291 -2.42602e+01
 16 -0.03399 -6.04151e+01 | 17 -0.12488 -7.03903e+01 | 18 -0.03265 -7.52375e+00
 19 -0.05225 -5.70375e+01 | 20  0.02520 -1.37599e+02 | 21  0.00865 -1.79222e+02
 22 -0.03203 -2.63606e+01 | 23 -0.05652 -1.40140e+02 | 24 -0.05008  1.27239e+02
 25 -0.01716  4.03886e+01 | 26  0.00277  2.92511e+01 | 27 -0.01997 -2.20366e+01
 28 -0.00735 -1.33406e+02 | 29 -0.01198  4.65564e+01 | 30 -0.04551 -2.21969e+02
 31  0.01129  2.16391e+02 | 32 -0.01838 -3.03614e+01 | 33 -0.01544  7.38749e+01
 34  0.02419  7.63005e+01 | 35  0.17207 -6.62660e+03 | 36  0.19678 -1.41539e+01
 37  0.21785  3.48011e+02 | 38  0.18930  6.10612e+02 | 39 -1.59138 -3.61312e+01
 40 -0.00070  2.22723e+00 | 41 -0.01005 -4.23338e-05 | 42 -0.75607 -7.48299e-03
 43 -1.33214  8.70424e+02 | 44 -0.53887  6.48855e+02 | 45 -1.13494 -6.54306e+01
 46 -0.79344 -4.25477e+01 | 47 -0.43526  8.03118e+01 | 48  0.17049  1.05077e+01
48 variables; iteration 40; function evaluation 60; phase 2
Function value 2.7532008e+02; maximum gradient component mag -6.0492e+03
Var    Value     Gradient |Var    Value     Gradient |Var    Value     Gradient
  1  0.26444 -3.43996e+03 |  2 -0.08833 -2.35584e+01 |  3  0.36335  1.76846e+02
  4  0.07892 -1.28277e+02 |  5  0.21134  9.89849e+01 |  6  0.10542  1.02577e+02
  7 -0.09418 -6.00029e+01 |  8 -0.05434  4.59837e+00 |  9  0.05465  8.13527e+01
 10  0.17281  1.81075e+02 | 11  0.00166 -2.42167e+01 | 12  0.05042  6.20075e+01
 13 -0.01210 -2.13705e+01 | 14  0.01846  3.21599e+01 | 15  0.09472  6.69681e+01
 16 -0.04837 -5.72202e+01 | 17 -0.18663 -1.05466e+02 | 18 -0.02046  1.88158e+01
 19 -0.03881 -4.01764e+01 | 20  0.10649  3.64026e+01 | 21  0.08040 -3.89445e+01
 22 -0.05218 -6.64226e+01 | 23 -0.02741 -8.32087e+01 | 24 -0.12680 -2.16172e+01
 25 -0.01820  2.69833e+01 | 26  0.02213  6.14944e+01 | 27 -0.01027 -1.01936e+01
 28  0.03881 -1.85791e+01 | 29 -0.04710 -5.93810e+01 | 30  0.00479 -1.40291e+02
 31  0.01290  1.36606e+02 | 32 -0.03177 -7.47557e+01 | 33 -0.04524 -5.54727e+01
 34  0.04965  5.14783e+01 | 35  0.14826 -6.04923e+03 | 36  0.16825 -2.05349e+02
 37  0.18417 -2.60536e+01 | 38  0.15287 -2.93341e+02 | 39 -1.51002 -3.25255e-02
 40 -0.76270 -4.64876e-03 | 41 -0.32632 -1.77100e-03 | 42 -1.23571  8.03056e-03
 43 -1.35415  5.07864e+02 | 44 -0.62174  4.78687e+02 | 45 -1.08122  1.92792e+02
 46 -0.83093  9.21718e+01 | 47 -0.41640  7.62212e+00 | 48 -0.51457  1.26165e+00
48 variables; iteration 60; function evaluation 94; phase 2
Function value 1.0769870e+02; maximum gradient component mag 5.0494e+02
Var    Value     Gradient |Var    Value     Gradient |Var    Value     Gradient
  1  0.33423  1.17886e+02 |  2 -0.06002  9.67052e-01 |  3  0.03345  1.20963e+00
  4  0.00105  8.55016e+00 |  5  0.06863  1.23926e+01 |  6  0.03480 -3.97861e+00
  7 -0.03197 -6.59551e+00 |  8 -0.00879  2.48454e+00 |  9  0.01122  8.89456e-01
 10  0.05699  7.26735e+00 | 11 -0.00948 -1.04609e+01 | 12  0.01308  3.97347e+00
 13 -0.00001  8.15217e+00 | 14  0.01058  2.42559e+00 | 15  0.02651 -1.44103e+00
 16 -0.02908 -9.68550e-01 | 17 -0.06448  5.76520e+00 | 18 -0.01038 -4.95131e+00
 19 -0.02029  1.52155e+01 | 20  0.07017 -1.84851e+00 | 21  0.07302 -8.02635e+00
 22 -0.01846 -4.40709e+00 | 23 -0.00497 -1.16206e+00 | 24 -0.09148  2.19423e+01
 25 -0.00463  2.67249e+00 | 26  0.00112 -3.23524e+00 | 27 -0.01716  3.71750e+00
 28  0.02682  3.58325e+00 | 29 -0.03364 -9.76149e-01 | 30  0.03261  6.28690e+00
 31 -0.03460  8.30401e+00 | 32 -0.00864  8.58464e+00 | 33 -0.02513 -5.58626e+00
 34  0.05728 -5.58022e+00 | 35  0.14069  4.57748e+01 | 36  0.13391  6.81030e+01
 37  0.14890  4.69388e+01 | 38  0.12264  3.56765e+01 | 39 -0.97607 -7.69191e-02
 40  1.13300 -1.52697e-02 | 41 -2.81626 -1.80741e-02 | 42 -0.66173  6.94243e-01
 43 -1.13408  3.15611e+02 | 44 -0.86815  3.20948e+02 | 45 -0.93658  5.04940e+02
 46 -1.09227  3.46755e+02 | 47 -0.47845  3.14279e-01 | 48  0.36867  4.37482e-02
Maximum number of function evaluations exceeded

 - final statistics:
48 variables; iteration 66; function evaluation 100
Function value 1.0507e+02; maximum gradient component mag -4.6799e+01
Exit code = 3;  converg criter 1.0000e+01
Var    Value     Gradient |Var    Value     Gradient |Var    Value     Gradient
  1  0.31895  2.64302e+01 |  2 -0.07699 -2.43312e+00 |  3  0.02136  5.89158e+00
  4 -0.02753 -6.46841e+00 |  5  0.04258 -2.88414e+00 |  6  0.02331 -6.04463e-01
  7 -0.03634  1.49394e+00 |  8 -0.01792 -8.63696e-01 |  9  0.00339 -8.03670e-01
 10  0.05174  4.44002e-01 | 11 -0.00213  3.86041e+00 | 12  0.01018 -1.02895e+00
 13 -0.00713 -1.24284e+00 | 14  0.00742  4.43861e-01 | 15  0.03013  1.80263e+00
 16 -0.02643  6.70700e-01 | 17 -0.06641  6.06428e-01 | 18 -0.00382  4.42991e+00
 19 -0.02580 -6.73762e-01 | 20  0.07503  1.96959e+00 | 21  0.08127  3.49929e+00
 22 -0.01231  1.78685e+00 | 23 -0.00253  7.80180e-01 | 24 -0.10412 -1.76707e+00
 25 -0.00528 -7.10746e-01 | 26  0.00455  9.80448e-01 | 27 -0.01609  6.74131e-01
 28  0.02965  1.56315e+00 | 29 -0.03059 -1.85225e+00 | 30  0.03487 -6.58271e-02
 31 -0.03160  7.99244e+00 | 32 -0.01075 -2.59938e+00 | 33 -0.01753  4.33969e+00
 34  0.06580  1.66821e+00 | 35  0.14718 -3.24509e+01 | 36  0.14036  2.90102e+01
 37  0.15536  5.08775e+00 | 38  0.12818 -1.63142e+00 | 39 -0.99102 -1.47963e-01
 40  1.34710 -6.94743e-03 | 41 -2.90075 -1.85662e-02 | 42 -0.75588 -5.52224e-03
 43 -1.13354  3.15561e+01 | 44 -0.87118  3.26902e+01 | 45 -0.95166 -4.67994e+01
 46 -1.07741 -2.91479e+01 | 47 -0.47594  6.45361e-01 | 48  0.20322  1.07547e-01

Initial statistics: 50 variables; iteration 0; function evaluation 0; phase 3
Function value 1.0506654e+02; maximum gradient component mag -5.2191e+02
Var    Value     Gradient |Var    Value     Gradient |Var    Value     Gradient
  1  0.31895  2.64302e+01 |  2 -0.07699 -2.43312e+00 |  3  0.02136  5.89158e+00
  4 -0.02753 -6.46841e+00 |  5  0.04258 -2.88414e+00 |  6  0.02328 -1.52937e+00
  7 -0.03636  5.69918e-01 |  8 -0.01794 -1.78885e+00 |  9  0.00337 -1.72918e+00
 10  0.05172 -4.78470e-01 | 11 -0.00215  2.93489e+00 | 12  0.01016 -1.95436e+00
 13 -0.00716 -2.16831e+00 | 14  0.00740 -4.81603e-01 | 15  0.03011  8.78141e-01
 16 -0.02645 -2.54029e-01 | 17 -0.06643 -3.14067e-01 | 18 -0.00384  3.50440e+00
 19 -0.02582 -1.59853e+00 | 20  0.07501  1.05048e+00 | 21  0.08125  2.58130e+00
 22 -0.01233  8.61498e-01 | 23 -0.00255 -1.45340e-01 | 24 -0.10414 -2.68023e+00
 25 -0.00530 -1.63624e+00 | 26  0.00453  5.49451e-02 | 27 -0.01611 -2.51100e-01
 28  0.02963  6.38632e-01 | 29 -0.03061 -2.77671e+00 | 30  0.03484 -9.89968e-01
 31 -0.03162  7.06804e+00 | 32 -0.01077 -3.52478e+00 | 33 -0.01755  3.41451e+00
 34  0.06578  7.47620e-01 | 35  0.14718 -3.24509e+01 | 36  0.14036  2.90102e+01
 37  0.15536  5.08775e+00 | 38  0.12818 -1.63142e+00 | 39 -0.99102 -1.47963e-01
 40  0.65290  6.94743e-03 | 41  0.90075  1.85662e-02 | 42 -0.75588 -5.52224e-03
 43 -0.86646 -3.15561e+01 | 44 -0.87118  3.26902e+01 | 45 -0.95166 -4.67994e+01
 46 -0.92259  2.91479e+01 | 47 -0.47594  6.45361e-01 | 48  0.20322  1.07547e-01
 49 -0.17585 -5.21913e+02 | 50 -0.12819 -3.70918e+02 |

Intermediate statistics: 50 variables; iteration 20; function evaluation 33; phase 3
Function value 8.9864572e+01; maximum gradient component mag -9.7024e+02
Var    Value     Gradient |Var    Value     Gradient |Var    Value     Gradient
  1  0.22457 -9.13755e+02 |  2 -0.04031  5.64926e+00 |  3  0.04616  3.53411e+00
  4  0.00156  2.01349e+00 |  5  0.07157  1.64680e+00 |  6  0.05399 -5.95208e+00
  7 -0.00170  6.38286e-02 |  8  0.01539 -1.82544e+00 |  9  0.02561 -6.93367e+00
 10  0.06472 -1.53871e+01 | 11  0.00925 -1.01634e+01 | 12  0.01685 -2.08692e+01
 13 -0.01467 -2.73419e+01 | 14 -0.00663 -2.33200e+01 | 15  0.02752 -3.10964e+01
 16 -0.03380 -3.44441e+01 | 17 -0.08142 -2.41239e+01 | 18 -0.02183 -1.79985e+01
 19 -0.04532 -4.71056e+01 | 20  0.05797 -2.62567e+01 | 21  0.06427 -2.98074e+01
 22 -0.03389 -4.12247e+01 | 23 -0.01098 -6.59142e+00 | 24 -0.12731 -3.57785e+01
 25 -0.02956 -3.86417e+01 | 26 -0.02831 -3.25153e+01 | 27 -0.02831 -1.66013e+01
 28  0.02933 -1.81496e+01 | 29 -0.02240 -2.26195e+01 | 30  0.04693 -4.79750e+01
 31 -0.04529 -8.27702e+01 | 32 -0.00547 -7.06256e+01 | 33 -0.00584 -4.65473e+01
 34  0.11230  1.44852e+00 | 35  0.19393 -9.70245e+02 | 36  0.19685 -3.86366e+02
 37  0.20632 -2.45751e+02 | 38  0.16864 -2.37668e+02 | 39 -0.96559 -5.54242e-02
 40  0.65172  6.38521e-03 | 41  0.89742  1.80401e-02 | 42 -0.75484 -5.72097e-03
 43 -0.73068 -1.46426e+02 | 44 -0.74159  1.52773e+02 | 45 -0.97070 -1.74246e+02
 46 -0.95582  1.15447e+02 | 47 -0.51853  2.27351e+00 | 48  0.19270  4.82662e-01
 49 -0.14343 -2.28769e+01 | 50 -0.12270 -2.77547e+02 |
50 variables; iteration 40; function evaluation 60; phase 3
Function value 8.1874560e+01; maximum gradient component mag -6.9863e+02
Var    Value     Gradient |Var    Value     Gradient |Var    Value     Gradient
  1  0.20687 -6.98632e+02 |  2 -0.06355 -3.10703e+00 |  3  0.05543  1.14215e+01
  4  0.00872  1.22890e+01 |  5  0.05854 -7.22639e+00 |  6  0.03638 -1.79987e+00
  7 -0.01587  1.08949e+01 |  8  0.00142  6.14962e+00 |  9  0.01154 -6.15477e-01
 10  0.05990 -9.23105e-01 | 11  0.00021 -1.31930e+01 | 12  0.02402 -5.74642e+00
 13 -0.00034 -1.89043e+00 | 14  0.01162  5.61003e+00 | 15  0.03446 -1.56508e+01
 16 -0.02480 -1.32506e+01 | 17 -0.08288 -1.47456e+01 | 18 -0.02805 -1.95807e+01
 19 -0.03811 -1.79941e+01 | 20  0.05279 -2.11656e+01 | 21  0.05639 -3.31048e+01
 22 -0.03447 -2.43825e+01 | 23 -0.02742 -3.35884e+01 | 24 -0.13201 -3.21390e+01
 25 -0.02378 -2.05169e+01 | 26 -0.02983 -2.00824e+01 | 27 -0.04015 -3.45309e+01
 28  0.02136 -4.21238e+01 | 29 -0.02475 -1.25749e+01 | 30  0.05493 -3.53367e+00
 31 -0.03300 -3.02691e+01 | 32  0.01764 -4.08718e+00 | 33  0.01129  4.09018e+00
 34  0.13323  3.98579e+01 | 35  0.20577 -6.20111e+02 | 36  0.20845 -3.84914e+02
 37  0.21717 -2.66866e+02 | 38  0.17779 -8.28437e+01 | 39 -0.82674 -5.87666e-03
 40  0.64330  6.72370e-03 | 41  0.87495  1.50964e-02 | 42 -0.74801 -4.17194e-03
 43 -0.57181 -1.67496e+02 | 44 -0.58841  1.82082e+02 | 45 -0.97532 -1.54967e+02
 46 -0.96413  1.06512e+02 | 47 -0.45652  5.79095e+00 | 48  0.20199  8.44911e-01
 49 -0.13141 -1.09058e+02 | 50 -0.10698 -5.78781e+01 |
50 variables; iteration 60; function evaluation 93; phase 3
Function value 6.4332842e+01; maximum gradient component mag 7.7773e+01
Var    Value     Gradient |Var    Value     Gradient |Var    Value     Gradient
  1  0.16366 -6.41512e+01 |  2 -0.06980  2.80777e-01 |  3  0.02584  1.05413e+00
  4 -0.02084  9.24777e-02 |  5  0.04042 -2.76084e-01 |  6  0.00503  1.79894e+00
  7 -0.05523 -1.05271e+00 |  8 -0.02251  1.72502e+00 |  9 -0.00493 -6.60792e-01
 10  0.07403  2.48097e+00 | 11  0.03046 -2.41983e+00 | 12  0.05760  3.46412e+00
 13  0.00486 -9.59355e-01 | 14  0.00726  1.33978e+00 | 15  0.06094 -2.05116e-01
 16  0.00499 -9.23531e-01 | 17 -0.06712 -2.48470e-01 | 18 -0.02052 -1.70077e+00
 19 -0.03841 -2.45550e+00 | 20  0.04917 -1.07653e+00 | 21  0.05774 -1.22262e+00
 22 -0.03892 -7.82214e-01 | 23 -0.02141  2.44718e-01 | 24 -0.11807 -1.06517e+00
 25 -0.01385 -1.15663e+00 | 26 -0.02425 -1.29384e+00 | 27 -0.02684 -3.66456e+00
 28  0.03547 -7.37247e+00 | 29 -0.02810 -2.26058e+00 | 30  0.04382 -2.75606e+00
 31 -0.04125 -1.06369e+00 | 32  0.00722 -1.75174e+00 | 33 -0.00871 -1.92673e+00
 34  0.09075  1.34780e-01 | 35  0.23525 -4.35245e+01 | 36  0.24999 -5.73363e+01
 37  0.25478 -2.67682e+01 | 38  0.20657 -1.81705e+01 | 39 -0.40574  8.28213e-01
 40  0.56196  2.63197e-02 | 41  0.68815  5.96057e-03 | 42 -0.72955 -4.92759e-04
 43 -0.85025 -1.00253e+00 | 44 -0.86575  1.09003e+00 | 45 -0.97903  7.77725e+01
 46 -0.97365 -6.20311e+01 | 47 -0.51946  5.11301e-02 | 48 -0.09336  1.50423e-02
 49 -0.08572  1.73423e+01 | 50 -0.07387  1.04802e+01 |
Maximum number of function evaluations exceeded

 - final statistics:
50 variables; iteration 68; function evaluation 100
Function value 6.4221e+01; maximum gradient component mag 4.9081e+00
Exit code = 3;  converg criter 1.0000e+00
Var    Value     Gradient |Var    Value     Gradient |Var    Value     Gradient
  1  0.16191  4.90807e+00 |  2 -0.07095  7.07383e-02 |  3  0.02515 -2.22965e-03
  4 -0.02107 -2.61399e-02 |  5  0.03979 -2.74425e-02 |  6  0.00244  5.38906e-03
  7 -0.05636  6.31832e-02 |  8 -0.02465 -6.80640e-02 |  9 -0.00630  8.52693e-02
 10  0.07265 -8.55253e-02 | 11  0.03259 -1.86162e-01 | 12  0.05755 -6.25237e-01
 13  0.00561 -2.46611e-01 | 14  0.00624  2.96743e-02 | 15  0.06237  9.64833e-02
 16  0.00717  3.86250e-01 | 17 -0.06616  5.21398e-01 | 18 -0.02037  9.29626e-01
 19 -0.03782  8.46520e-01 | 20  0.04804  3.07243e-01 | 21  0.05676  2.36303e-01
 22 -0.03970  5.40684e-02 | 23 -0.02248 -2.31987e-02 | 24 -0.11752 -1.44776e-01
 25 -0.01310 -7.15853e-01 | 26 -0.02384 -3.12468e-01 | 27 -0.02672 -9.44785e-02
 28  0.03701  7.63407e-01 | 29 -0.02672  1.12163e-01 | 30  0.04454 -1.37444e-02
 31 -0.04119 -4.62537e-01 | 32  0.00777  9.81572e-02 | 33 -0.00837 -6.66282e-02
 34  0.09043 -2.16307e-02 | 35  0.23665  3.41603e+00 | 36  0.25136  3.72156e+00
 37  0.25688  9.09990e-01 | 38  0.20772 -7.01556e-01 | 39 -0.39883  1.54083e-01
 40  0.51105  7.51064e-03 | 41  0.58880  4.28931e-03 | 42 -0.72639 -7.89231e-05
 43 -0.85466 -1.05049e+00 | 44 -0.87006  1.14579e+00 | 45 -0.97874 -3.14737e+00
 46 -0.97344  2.37943e+00 | 47 -0.50827  1.93739e-02 | 48 -0.12045  5.58485e-03
 49 -0.08895 -2.03456e+00 | 50 -0.07790  7.32789e-01 |

Initial statistics: 52 variables; iteration 0; function evaluation 0; phase 4
Function value 6.4220558e+01; maximum gradient component mag 1.0465e+02
Var    Value     Gradient |Var    Value     Gradient |Var    Value     Gradient
  1  0.16191  4.90807e+00 |  2 -0.07095  7.07383e-02 |  3  0.02515 -2.22965e-03
  4 -0.02107 -2.61399e-02 |  5  0.03979 -2.74425e-02 |  6  0.00244 -4.52816e-02
  7 -0.05636  1.27106e-02 |  8 -0.02465 -1.18697e-01 |  9 -0.00630  3.46008e-02
 10  0.07265 -1.35867e-01 | 11  0.03259 -2.36767e-01 | 12  0.05755 -6.75701e-01
 13  0.00561 -2.97280e-01 | 14  0.00624 -2.09943e-02 | 15  0.06237  4.60553e-02
 16  0.00717  3.35582e-01 | 17 -0.06616  4.71000e-01 | 18 -0.02037  8.78981e-01
 19 -0.03782  7.95939e-01 | 20  0.04804  2.56716e-01 | 21  0.05676  1.85833e-01
 22 -0.03970  3.49585e-03 | 23 -0.02248 -7.38381e-02 | 24 -0.11752 -1.94586e-01
 25 -0.01310 -7.66513e-01 | 26 -0.02384 -3.63104e-01 | 27 -0.02672 -1.45105e-01
 28  0.03701  7.12821e-01 | 29 -0.02672  6.15370e-02 | 30  0.04454 -6.42914e-02
 31 -0.04119 -5.13102e-01 | 32  0.00777  4.74899e-02 | 33 -0.00837 -1.17295e-01
 34  0.09043 -7.17914e-02 | 35  0.23665  3.41603e+00 | 36  0.25136  3.72156e+00
 37  0.25688  9.09990e-01 | 38  0.20772 -7.01556e-01 | 39 -0.39883  1.54083e-01
 40  0.51105  7.51064e-03 | 41  0.58880  4.28931e-03 | 42 -0.72639 -7.89231e-05
 43 -0.85466 -1.05049e+00 | 44 -0.87006  1.14579e+00 | 45 -0.97874 -3.14737e+00
 46 -0.97344  2.37943e+00 | 47 -0.50827  1.93739e-02 | 48 -0.12045  5.58485e-03
 49 -0.08895 -2.03456e+00 | 50 -0.07790  7.32789e-01 | 51 -0.05795  1.04652e+02
 52 -0.17585 -1.03081e+02 |

Intermediate statistics: 52 variables; iteration 20; function evaluation 26; phase 4
Function value 6.2845498e+01; maximum gradient component mag 3.5680e+02
Var    Value     Gradient |Var    Value     Gradient |Var    Value     Gradient
  1  0.16400  3.56802e+02 |  2 -0.06958  1.18825e-01 |  3  0.02746  9.74820e-01
  4 -0.01888  1.62733e+00 |  5  0.04173  8.33920e-01 |  6  0.00492  5.35964e+00
  7 -0.05446  5.23193e+00 |  8 -0.02329  5.55288e+00 |  9 -0.00477  4.83571e+00
 10  0.07478  7.13321e+00 | 11  0.03479  8.59013e+00 | 12  0.05807  1.03831e+01
 13  0.00630  9.07119e+00 | 14  0.00810  7.95147e+00 | 15  0.06186  1.27717e+01
 16  0.00628  1.49649e+01 | 17 -0.06771  1.13723e+01 | 18 -0.02304  1.30278e+01
 19 -0.03854  1.60347e+01 | 20  0.04561  8.35818e+00 | 21  0.05451  1.02586e+01
 22 -0.04108  9.41628e+00 | 23 -0.02448  1.13778e+01 | 24 -0.11931  9.98371e+00
 25 -0.01346  1.58170e+01 | 26 -0.02452  7.88282e+00 | 27 -0.02970  1.20141e+01
 28  0.03507  2.16486e+01 | 29 -0.02486  1.93927e+01 | 30  0.04781  2.61893e+01
 31 -0.03927  2.41242e+01 | 32  0.01028  6.72806e+00 | 33 -0.00433  1.38149e+01
 34  0.09221  7.32936e+00 | 35  0.23587  1.25049e+02 | 36  0.24781  6.57774e+01
 37  0.25669  9.43246e+01 | 38  0.20735  8.64140e+01 | 39 -0.40069  3.40248e+00
 40  0.51091  9.86742e-02 | 41  0.58875  4.29801e-03 | 42 -0.72639  4.33996e-04
 43 -0.85387  5.87584e+00 | 44 -0.86893 -6.58620e+00 | 45 -0.95285 -1.45590e+02
 46 -0.93992  1.14167e+02 | 47 -0.50853 -7.47079e-02 | 48 -0.12052 -2.02039e-02
 49 -0.10055 -2.28898e+01 | 50 -0.07888  5.76361e+00 | 51 -0.06887  4.91928e+01
 52 -0.16398 -7.02639e+01 |
52 variables; iteration 40; function evaluation 51; phase 4
Function value 6.2059996e+01; maximum gradient component mag -1.9161e+02
Var    Value     Gradient |Var    Value     Gradient |Var    Value     Gradient
  1  0.16378 -6.89643e+01 |  2 -0.06075  2.71113e+00 |  3  0.02967  4.66899e-01
  4 -0.01554  2.39334e+00 |  5  0.04755  4.87535e+00 |  6  0.01022  5.16947e+00
  7 -0.04917  6.20993e+00 |  8 -0.01932  7.77193e+00 |  9 -0.00454  4.14150e+00
 10  0.06853  3.97094e-01 | 11  0.02936  2.69916e+00 | 12  0.05910  1.26146e+01
 13  0.00482  5.11892e+00 | 14  0.00627  5.27626e+00 | 15  0.06003  4.61155e+00
 16  0.00576  8.62736e+00 | 17 -0.06892  4.85891e+00 | 18 -0.02659 -3.25365e+00
 19 -0.03853  7.99783e+00 | 20  0.04290 -3.04432e+00 | 21  0.05150 -3.05226e+00
 22 -0.04092  6.28902e+00 | 23 -0.02677  2.20776e-01 | 24 -0.12284 -1.75865e+00
 25 -0.01291  1.13815e+01 | 26 -0.02306  7.50752e+00 | 27 -0.03078  2.10953e+00
 28  0.03300 -1.19420e+00 | 29 -0.02358  5.98009e+00 | 30  0.04910  5.30783e+00
 31 -0.03925  6.30297e+00 | 32  0.01295 -5.81246e+00 | 33 -0.00298 -1.73605e+00
 34  0.09888  4.45866e+00 | 35  0.23577  2.98684e+01 | 36  0.24639 -1.91611e+02
 37  0.25607  2.87221e+01 | 38  0.20590  2.32682e+01 | 39 -0.40234  2.02207e+00
 40  0.50300  6.22946e-02 | 41  0.58564  4.25180e-03 | 42 -0.72657  1.48446e-04
 43 -0.78538  4.59057e+00 | 44 -0.80770 -5.15314e+00 | 45 -0.93110 -1.14372e+02
 46 -0.91222  8.96722e+01 | 47 -0.52531 -1.22332e-03 | 48 -0.12530  2.75772e-05
 49 -0.23178  6.21505e+01 | 50 -0.07828 -4.92377e+01 | 51  0.04399  3.14065e+01
 52 -0.02611  3.50005e+01 |
52 variables; iteration 60; function evaluation 84; phase 4
Function value 6.1354806e+01; maximum gradient component mag 5.3249e+01
Var    Value     Gradient |Var    Value     Gradient |Var    Value     Gradient
  1  0.16304 -1.99266e+01 |  2 -0.07020  3.69431e-01 |  3  0.02538 -1.77450e-01
  4 -0.02153 -1.35720e+00 |  5  0.04015  1.19441e-01 |  6  0.00383  6.67911e-01
  7 -0.05485 -7.08098e-02 |  8 -0.02314  5.28618e-01 |  9 -0.00496  3.22603e-01
 10  0.07242  2.03414e-01 | 11  0.03197 -1.38896e-02 | 12  0.05625 -3.73886e-01
 13  0.00486 -6.83977e-01 | 14  0.00609  2.68449e-01 | 15  0.06084 -2.07500e-01
 16  0.00499 -1.03557e+00 | 17 -0.06879 -3.90010e-01 | 18 -0.02573 -2.31747e-01
 19 -0.03902 -7.14243e-01 | 20  0.04346  6.89331e-01 | 21  0.05251  8.02938e-01
 22 -0.04144  5.03492e-01 | 23 -0.02724  2.76103e-02 | 24 -0.12106 -8.43973e-01
 25 -0.01439 -6.78511e-01 | 26 -0.02501 -3.07505e-01 | 27 -0.03152  3.90736e-01
 28  0.03360 -4.56880e-01 | 29 -0.02234 -6.07764e-01 | 30  0.04990 -5.81917e-01
 31 -0.03816 -5.93261e-01 | 32  0.01602 -1.25745e-01 | 33  0.00017 -2.53199e-01
 34  0.10050  2.76138e-02 | 35  0.23597  5.54530e-01 | 36  0.24543  2.32778e+00
 37  0.25626 -1.15182e+00 | 38  0.20551 -1.04294e+00 | 39 -0.39799 -2.66215e-01
 40  0.37242 -6.97597e-03 | 41  0.41723  2.57699e-03 | 42 -0.72285 -1.11622e-04
 43 -0.51036 -4.75093e+01 | 44 -0.56377  5.32494e+01 | 45 -0.87307 -4.50758e+00
 46 -0.84065  3.55895e+00 | 47 -0.64861 -4.71418e-03 | 48 -0.19353 -7.69703e-04
 49 -0.11588 -6.22890e+00 | 50 -0.11740  7.56996e+00 | 51 -0.14080 -2.35654e+00
 52 -0.18124 -3.76150e+00 |
52 variables; iteration 80; function evaluation 115; phase 4
Function value 6.0813231e+01; maximum gradient component mag 9.2716e+01
Var    Value     Gradient |Var    Value     Gradient |Var    Value     Gradient
  1  0.16100 -6.68810e+00 |  2 -0.07625 -7.66083e-03 |  3  0.02176 -1.61842e-02
  4 -0.02368  2.29170e-01 |  5  0.03581 -1.38935e-01 |  6 -0.00297  6.25193e-02
  7 -0.06044  1.19760e-01 |  8 -0.02780 -5.45174e-02 |  9 -0.00980  1.84812e-01
 10  0.07049  1.89319e-01 | 11  0.03196  1.47717e-01 | 12  0.05756 -7.90291e-02
 13  0.00561  2.16058e-01 | 14  0.00580 -8.24454e-04 | 15  0.06253  1.47028e-01
 16  0.00722  3.04745e-01 | 17 -0.06774 -1.19738e-02 | 18 -0.02498  1.11631e-01
 19 -0.03803 -1.19578e-01 | 20  0.04279 -1.92107e-01 | 21  0.05188 -2.88502e-01
 22 -0.04149 -1.33492e-01 | 23 -0.02712 -3.85967e-01 | 24 -0.11941 -4.17285e-01
 25 -0.01138 -2.22504e+00 | 26 -0.02389 -6.33761e-02 | 27 -0.03064 -1.43205e-01
 28  0.03536  1.10328e-01 | 29 -0.02078  2.83705e-01 | 30  0.05071  2.26380e-01
 31 -0.03724  5.41252e-02 | 32  0.01678  3.38365e-01 | 33  0.00166  2.79538e-01
 34  0.10323  6.98497e-02 | 35  0.23717 -2.70200e+00 | 36  0.24704  6.11096e-02
 37  0.25779 -6.29030e-01 | 38  0.20627 -8.17601e-02 | 39 -0.37797  3.65292e-01
 40  0.05247  1.28699e-02 | 41 -0.09416 -2.85663e-04 | 42 -0.70656  1.29071e-04
 43 -0.42875 -1.89454e+00 | 44 -0.50965  3.07513e+00 | 45 -0.78571  1.20737e+01
 46 -0.73436 -9.70448e+00 | 47 -0.50212  9.06068e-03 | 48 -0.25692  2.17318e-03
 49 -0.03951  9.27159e+01 | 50 -0.17255 -8.45139e+01 | 51 -0.31528 -8.21655e-01
 52 -0.31777  8.23774e+01 |
52 variables; iteration 100; function evaluation 150; phase 4
Function value 6.0307659e+01; maximum gradient component mag 1.3719e+02
Var    Value     Gradient |Var    Value     Gradient |Var    Value     Gradient
  1  0.16338  2.05244e+01 |  2 -0.07454 -2.24108e-02 |  3  0.02558  2.53131e-01
  4 -0.02164  1.03483e-02 |  5  0.03916 -7.70636e-02 |  6  0.00226 -3.03447e-01
  7 -0.05524 -2.49533e-01 |  8 -0.02365 -1.78141e-01 |  9 -0.00585 -2.99502e-01
 10  0.07142 -3.80699e-01 | 11  0.03155 -2.33363e-01 | 12  0.05557 -3.66983e-01
 13  0.00563 -1.53522e-01 | 14  0.00675 -1.46922e-01 | 15  0.06062 -3.02112e-01
 16  0.00497 -6.10841e-02 | 17 -0.06881  3.76218e-01 | 18 -0.02536  3.25277e-01
 19 -0.03890  2.53459e-01 | 20  0.04348 -1.06748e-02 | 21  0.05196 -1.33628e-01
 22 -0.04140 -1.19499e-01 | 23 -0.02705  1.52944e-01 | 24 -0.12094  1.99046e-01
 25 -0.01453 -9.30356e-01 | 26 -0.02400 -2.09181e-02 | 27 -0.03155  2.03546e-01
 28  0.03392  1.30456e+00 | 29 -0.02240  4.40954e-01 | 30  0.05039  2.79947e-01
 31 -0.03779  3.64383e-01 | 32  0.01689  2.13077e-01 | 33  0.00125  3.25557e-01
 34  0.10065 -5.85878e-01 | 35  0.23566  4.30280e+00 | 36  0.24504  1.15353e+01
 37  0.25586  1.88461e+00 | 38  0.20522  1.12667e+00 | 39 -0.37802  4.91695e-02
 40 -0.12475  1.37524e-03 | 41 -0.03089  4.09307e-05 | 42 -0.70876  3.32838e-04
 43 -0.42218  1.48448e+00 | 44 -0.50391 -2.54235e+00 | 45 -0.53878 -4.71761e+01
 46 -0.42010  3.71054e+01 | 47 -0.53736  5.48471e-04 | 48 -0.24044  1.54267e-04
 49 -0.04237 -1.04542e+02 | 50 -0.16882  1.37190e+02 | 51 -0.30563 -5.83159e+01
 52 -0.31077 -3.44710e+01 |
52 variables; iteration 120; function evaluation 239; phase 4
Function value 6.0101588e+01; maximum gradient component mag 1.4128e+05
Var    Value     Gradient |Var    Value     Gradient |Var    Value     Gradient
  1  0.16308 -2.38300e+01 |  2 -0.07595 -3.61447e-01 |  3  0.02397 -1.53048e+00
  4 -0.02192  8.29108e-01 |  5  0.03769 -1.16913e+00 |  6  0.00053  2.44119e-02
  7 -0.05678  4.35538e-01 |  8 -0.02543 -5.40800e-01 |  9 -0.00706  5.21263e-01
 10  0.07100  3.85222e-01 | 11  0.03132  2.05483e-01 | 12  0.05544 -6.78334e-01
 13  0.00579  4.79996e-01 | 14  0.00645  5.96281e-02 | 15  0.06063 -1.02874e+00
 16  0.00505 -1.30181e+00 | 17 -0.06910 -1.15218e+00 | 18 -0.02522 -2.86664e-01
 19 -0.03868  1.34620e-01 | 20  0.04378  6.92034e-01 | 21  0.05234  6.94295e-01
 22 -0.04144 -1.46042e-01 | 23 -0.02677  1.73187e-01 | 24 -0.12082 -3.84997e-01
 25 -0.01450 -2.45829e+00 | 26 -0.02394  4.12935e-01 | 27 -0.03084  2.31932e+00
 28  0.03479  4.66077e+00 | 29 -0.02208 -7.26346e-01 | 30  0.05069 -1.66624e+00
 31 -0.03737  3.04351e-01 | 32  0.01773 -6.71000e-01 | 33  0.00224  2.17915e-01
 34  0.10218  2.33349e-01 | 35  0.23578  6.80312e+00 | 36  0.24511 -2.92294e+01
 37  0.25602  1.98179e+00 | 38  0.20523  2.20728e+00 | 39 -0.37657 -4.24498e-01
 40 -0.14728 -1.68600e-02 | 41 -0.28977 -1.37991e-03 | 42 -0.70188  1.57219e-04
 43 -0.42925 -5.79348e+00 | 44 -0.50802  6.17041e+00 | 45 -0.52335 -4.41666e+01
 46 -0.40728  3.49483e+01 | 47 -0.63693 -4.85081e-03 | 48 -0.36858 -2.02984e-03
 49 -0.04503  1.26030e+05 | 50 -0.17584 -9.56023e+04 | 51 -0.31492 -3.00830e+04
 52 -0.31493  1.41282e+05 |
52 variables; iteration 140; function evaluation 281; phase 4
Function value 5.7421899e+01; maximum gradient component mag 1.0600e+04
Var    Value     Gradient |Var    Value     Gradient |Var    Value     Gradient
  1  0.16028 -2.52656e+01 |  2 -0.08355 -1.82793e-02 |  3  0.01883  1.58443e-01
  4 -0.02766 -1.55698e-02 |  5  0.03053 -3.85863e-02 |  6 -0.00986  4.80332e-01
  7 -0.06526  4.75555e-01 |  8 -0.03052  4.50067e-01 |  9 -0.01297  4.65425e-01
 10  0.06989  4.66034e-01 | 11  0.03504  2.94729e-01 | 12  0.06390 -1.66317e-01
 13  0.00722  3.48015e-01 | 14  0.00681  4.23055e-01 | 15  0.06246  3.58392e-01
 16  0.00766  4.03298e-01 | 17 -0.06714  4.49065e-01 | 18 -0.02440  4.80946e-01
 19 -0.03781  2.33823e-01 | 20  0.04239  2.49645e-01 | 21  0.05112  2.28976e-01
 22 -0.04200  1.32215e-01 | 23 -0.02663 -4.19600e-01 | 24 -0.11901 -9.94613e-01
 25 -0.01180 -6.25053e+00 | 26 -0.02341 -3.33865e-01 | 27 -0.02916 -3.37812e-01
 28  0.03786  2.61919e-01 | 29 -0.02059  3.99657e-01 | 30  0.05063  5.27991e-01
 31 -0.03703  3.56009e-01 | 32  0.01699  5.18762e-01 | 33  0.00211  4.96500e-01
 34  0.10347  4.46518e-01 | 35  0.23791 -9.89226e+00 | 36  0.24742  4.17710e+00
 37  0.25835 -1.85845e-02 | 38  0.20661  5.05332e-02 | 39 -0.37433  3.45973e-01
 40  0.06213  1.11635e-02 | 41 -5.65168  1.33927e-03 | 42 -0.67474  1.65080e-02
 43 -0.41976  1.60645e+00 | 44 -0.50496 -7.00469e-01 | 45 -0.32002 -6.76234e-01
 46 -0.28519  7.33174e-01 | 47 -1.51053 -3.01972e-01 | 48 -2.43084 -4.10049e-02
 49 -0.04614 -9.01325e+03 | 50 -0.17579  1.05998e+04 | 51 -0.31359 -3.17912e+03
 52 -0.31363 -4.78332e+03 |
52 variables; iteration 160; function evaluation 301; phase 4
Function value 5.7405235e+01; maximum gradient component mag -3.5750e+02
Var    Value     Gradient |Var    Value     Gradient |Var    Value     Gradient
  1  0.16032 -1.53660e+00 |  2 -0.08363 -1.86349e-03 |  3  0.01859 -1.20837e-02
  4 -0.02778  7.60660e-03 |  5  0.03042 -1.09485e-02 |  6 -0.01001  2.31430e-02
  7 -0.06538  2.66652e-02 |  8 -0.03057  1.83205e-02 |  9 -0.01299  3.02685e-02
 10  0.06993  2.32552e-02 | 11  0.03524  2.34551e-02 | 12  0.06428  2.99393e-03
 13  0.00727  2.33977e-02 | 14  0.00697  2.33822e-02 | 15  0.06235  9.96771e-03
 16  0.00750  1.14011e-02 | 17 -0.06719  1.57270e-02 | 18 -0.02450  1.92973e-02
 19 -0.03786  2.15782e-02 | 20  0.04227  1.99725e-02 | 21  0.05104  1.73438e-02
 22 -0.04188  1.14660e-02 | 23 -0.02664 -8.02210e-03 | 24 -0.11909 -2.20227e-02
 25 -0.01161 -1.72925e-01 | 26 -0.02341 -9.51154e-03 | 27 -0.02914 -1.61635e-02
 28  0.03784 -8.97321e-02 | 29 -0.02065 -7.23028e-03 | 30  0.05059 -2.67823e-02
 31 -0.03706  1.23975e-02 | 32  0.01695 -2.26944e-02 | 33  0.00213  1.61806e-03
 34  0.10358  5.76243e-03 | 35  0.23749  3.52898e-02 | 36  0.24742 -8.50910e-01
 37  0.25831  1.87118e-02 | 38  0.20659  2.23212e-02 | 39 -0.37310 -4.32287e-03
 40  0.01326 -5.12878e-06 | 41 -5.87307  5.04698e-04 | 42 -0.70763 -1.62845e-03
 43 -0.41923  3.35097e-02 | 44 -0.50464  6.65608e-03 | 45 -0.31850  6.63454e-03
 46 -0.28458 -2.66034e-03 | 47 -1.47030 -9.60222e-04 | 48 -1.73841 -1.00979e-04
 49 -0.04624  1.63325e+02 | 50 -0.17580 -3.57500e+02 | 51 -0.31348  2.74090e+02
 52 -0.31352 -1.29787e+02 |
52 variables; iteration 180; function evaluation 321; phase 4
Function value 5.7405196e+01; maximum gradient component mag -5.5636e+01
Var    Value     Gradient |Var    Value     Gradient |Var    Value     Gradient
  1  0.16032 -5.48669e-02 |  2 -0.08363 -5.82840e-05 |  3  0.01859 -6.06041e-04
  4 -0.02778  2.03062e-04 |  5  0.03042 -1.20463e-04 |  6 -0.01001  7.20139e-04
  7 -0.06538  8.22732e-04 |  8 -0.03057  6.05506e-04 |  9 -0.01299  7.09827e-04
 10  0.06993  8.11440e-04 | 11  0.03524  5.01989e-04 | 12  0.06428 -7.19443e-05
 13  0.00727  2.05321e-04 | 14  0.00696  5.09136e-04 | 15  0.06235  2.91597e-04
 16  0.00750  3.68069e-05 | 17 -0.06719 -1.28027e-04 | 18 -0.02451  4.52802e-04
 19 -0.03786  2.57188e-04 | 20  0.04226  7.95975e-04 | 21  0.05103  8.38851e-04
 22 -0.04189  2.54225e-04 | 23 -0.02665 -3.20323e-04 | 24 -0.11910 -1.25868e-03
 25 -0.01160 -3.66042e-03 | 26 -0.02341 -3.46192e-04 | 27 -0.02914  2.14947e-05
 28  0.03784 -2.72623e-03 | 29 -0.02065 -6.19369e-04 | 30  0.05059 -2.21241e-05
 31 -0.03706  2.76398e-04 | 32  0.01696  2.81036e-04 | 33  0.00214  2.99108e-04
 34  0.10360  1.39127e-03 | 35  0.23748 -1.76388e-02 | 36  0.24743 -9.37195e-03
 37  0.25831 -4.25067e-04 | 38  0.20658 -9.65901e-04 | 39 -0.37238 -1.95852e-04
 40 -0.00965  1.14111e-05 | 41 -5.95244  5.22629e-05 | 42 -0.70566  1.26548e-05
 43 -0.41920  4.28844e-03 | 44 -0.50463 -4.50077e-03 | 45 -0.31849  1.23604e-03
 46 -0.28457 -9.31738e-04 | 47 -1.46552 -4.65009e-04 | 48 -1.74278 -8.69444e-06
 49 -0.04625  2.48004e+01 | 50 -0.17580 -5.56359e+01 | 51 -0.31347  4.34360e+01
 52 -0.31351 -2.15265e+01 |
52 variables; iteration 200; function evaluation 341; phase 4
Function value 5.7405194e+01; maximum gradient component mag 1.7457e+00
Var    Value     Gradient |Var    Value     Gradient |Var    Value     Gradient
  1  0.16032 -5.68013e-05 |  2 -0.08363  2.19871e-07 |  3  0.01859  6.92973e-07
  4 -0.02778 -3.24876e-07 |  5  0.03042  8.16506e-07 |  6 -0.01000  9.62926e-07
  7 -0.06538  7.96835e-07 |  8 -0.03057  1.31522e-06 |  9 -0.01299  6.28854e-07
 10  0.06993  8.18778e-07 | 11  0.03524  9.26727e-07 | 12  0.06428  1.48513e-06
 13  0.00726  6.35642e-07 | 14  0.00696  9.02141e-07 | 15  0.06235  1.97999e-06
 16  0.00750  2.09242e-06 | 17 -0.06719  1.47105e-06 | 18 -0.02451  1.43498e-06
 19 -0.03786  1.10762e-06 | 20  0.04226  1.18773e-06 | 21  0.05103  1.12506e-06
 22 -0.04189  2.22123e-06 | 23 -0.02665  2.94513e-06 | 24 -0.11910  4.09274e-06
 25 -0.01160  1.31437e-05 | 26 -0.02341  1.47735e-06 | 27 -0.02914 -8.59331e-07
 28  0.03784 -3.42802e-06 | 29 -0.02065 -4.24881e-06 | 30  0.05059 -8.39038e-06
 31 -0.03706 -3.38250e-06 | 32  0.01696 -1.21191e-05 | 33  0.00214 -8.72782e-06
 34  0.10360 -3.04428e-06 | 35  0.23748  8.04591e-07 | 36  0.24743 -1.20691e-04
 37  0.25831 -2.53665e-06 | 38  0.20658 -2.83419e-06 | 39 -0.37227 -1.09733e-07
 40 -0.01319  1.00898e-08 | 41 -5.96291 -2.28750e-08 | 42 -0.70599 -1.61536e-09
 43 -0.41920  2.53631e-06 | 44 -0.50462 -5.98799e-06 | 45 -0.31849  3.20309e-05
 46 -0.28457 -2.49340e-05 | 47 -1.45801  3.02657e-07 | 48 -1.75711  1.98445e-08
 49 -0.04625  1.72308e+00 | 50 -0.17580 -1.40684e+00 | 51 -0.31347 -2.26568e-01
 52 -0.31351  1.74574e+00 |
52 variables; iteration 220; function evaluation 361; phase 4
Function value 5.7405194e+01; maximum gradient component mag -5.4955e+01
Var    Value     Gradient |Var    Value     Gradient |Var    Value     Gradient
  1  0.16032 -2.05216e-02 |  2 -0.08363 -1.88586e-05 |  3  0.01859 -4.83839e-04
  4 -0.02778 -2.66452e-05 |  5  0.03042 -3.85425e-04 |  6 -0.01001  1.85473e-04
  7 -0.06538  2.59093e-04 |  8 -0.03057  1.63057e-04 |  9 -0.01299  2.91875e-04
 10  0.06992  1.19409e-04 | 11  0.03524  3.27666e-04 | 12  0.06428 -5.72622e-05
 13  0.00726 -3.67353e-05 | 14  0.00696  1.78384e-04 | 15  0.06235 -5.34292e-04
 16  0.00750 -6.82367e-04 | 17 -0.06719 -1.43887e-04 | 18 -0.02451 -1.02473e-04
 19 -0.03786  1.43776e-04 | 20  0.04226  1.74317e-04 | 21  0.05103  1.30270e-04
 22 -0.04189  9.51519e-05 | 23 -0.02665  4.04423e-04 | 24 -0.11910  9.08324e-04
 25 -0.01160  6.11548e-03 | 26 -0.02341  4.55443e-04 | 27 -0.02914  1.59480e-04
 28  0.03784 -2.69414e-03 | 29 -0.02065 -1.28095e-03 | 30  0.05059 -2.15350e-03
 31 -0.03706 -3.95496e-04 | 32  0.01696 -2.04372e-03 | 33  0.00214 -1.05155e-03
 34  0.10360 -5.32795e-04 | 35  0.23748 -1.45868e-03 | 36  0.24743 -4.22352e-02
 37  0.25831  3.04222e-04 | 38  0.20658  4.50307e-04 | 39 -0.37248 -8.26104e-04
 40 -0.00652  7.06195e-06 | 41 -5.96460 -8.47947e-06 | 42 -0.70604  3.93204e-07
 43 -0.41920 -2.73297e-03 | 44 -0.50462  2.36839e-03 | 45 -0.31849  5.79542e-05
 46 -0.28457 -5.99307e-04 | 47 -1.45844 -2.64954e-05 | 48 -1.75635 -1.14102e-06
 49 -0.04634  5.10721e+01 | 50 -0.17580 -5.49549e+01 | 51 -0.31336  1.08530e+01
 52 -0.31340  3.42712e+01 |
52 variables; iteration 240; function evaluation 388; phase 4
Function value 5.7405191e+01; maximum gradient component mag 4.4790e+01
Var    Value     Gradient |Var    Value     Gradient |Var    Value     Gradient
  1  0.16032 -5.68044e-02 |  2 -0.08363  1.30689e-05 |  3  0.01859 -1.95122e-04
  4 -0.02778 -6.80488e-05 |  5  0.03042 -4.94102e-05 |  6 -0.01000  9.08998e-04
  7 -0.06538  8.83950e-04 |  8 -0.03057  9.17301e-04 |  9 -0.01299  9.04811e-04
 10  0.06993  8.58398e-04 | 11  0.03524  8.48615e-04 | 12  0.06428  7.43648e-04
 13  0.00726  7.23663e-04 | 14  0.00696  9.03376e-04 | 15  0.06235  7.58357e-04
 16  0.00750  6.55760e-04 | 17 -0.06719  7.57240e-04 | 18 -0.02451  7.49439e-04
 19 -0.03786  8.83462e-04 | 20  0.04226  8.88835e-04 | 21  0.05103  9.38425e-04
 22 -0.04189  6.40006e-04 | 23 -0.02665  5.47717e-04 | 24 -0.11910  3.92173e-04
 25 -0.01160  1.18305e-03 | 26 -0.02341  6.97346e-04 | 27 -0.02914  6.90019e-04
 28  0.03784 -2.20184e-03 | 29 -0.02065 -2.11621e-03 | 30  0.05059 -3.72141e-03
 31 -0.03706 -9.32348e-04 | 32  0.01696 -4.81212e-03 | 33  0.00214 -2.99982e-03
 34  0.10360 -7.80658e-04 | 35  0.23748 -1.81233e-04 | 36  0.24743 -7.61232e-02
 37  0.25831  1.40348e-04 | 38  0.20658 -1.99194e-05 | 39 -0.37226 -2.21981e-04
 40 -0.01352 -8.59287e-06 | 41 -5.96271  8.66043e-07 | 42 -0.70598  3.87353e-06
 43 -0.41920 -4.22996e-04 | 44 -0.50462  6.31816e-04 | 45 -0.31849  1.44153e-05
 46 -0.28457 -6.07842e-05 | 47 -1.45801  2.12141e-06 | 48 -1.75706  8.69175e-07
 49 -0.04704  4.47897e+01 | 50 -0.17573 -4.11353e+01 | 51 -0.31246  2.00156e-01
 52 -0.31255  3.94043e+01 |
52 variables; iteration 260; function evaluation 409; phase 4
Function value 5.7405187e+01; maximum gradient component mag -1.1243e+00
Var    Value     Gradient |Var    Value     Gradient |Var    Value     Gradient
  1  0.16032  2.34919e-03 |  2 -0.08363 -3.36019e-06 |  3  0.01859  3.20772e-04
  4 -0.02778  2.53103e-04 |  5  0.03042  3.64167e-04 |  6 -0.01000  2.21317e-05
  7 -0.06538 -1.11717e-04 |  8 -0.03057 -6.46282e-05 |  9 -0.01299  1.78730e-05
 10  0.06993  5.32417e-05 | 11  0.03524  2.84211e-05 | 12  0.06428 -3.36853e-05
 13  0.00726 -2.76519e-05 | 14  0.00696 -2.27120e-05 | 15  0.06235 -2.66628e-05
 16  0.00750 -1.02636e-04 | 17 -0.06719 -8.64060e-05 | 18 -0.02451 -2.19387e-04
 19 -0.03786 -1.60974e-04 | 20  0.04226 -3.08880e-05 | 21  0.05103 -1.55683e-05
 22 -0.04189  3.19715e-04 | 23 -0.02665  3.40344e-04 | 24 -0.11910  5.14485e-04
 25 -0.01160  3.31879e-04 | 26 -0.02341 -1.66949e-05 | 27 -0.02915 -1.64457e-04
 28  0.03784  1.33900e-03 | 29 -0.02065  9.63005e-05 | 30  0.05059 -3.61276e-04
 31 -0.03706 -1.79961e-04 | 32  0.01696 -4.64782e-04 | 33  0.00214 -3.13265e-04
 34  0.10360 -1.89199e-04 | 35  0.23748 -1.05822e-04 | 36  0.24743  3.27929e-03
 37  0.25831 -2.28596e-04 | 38  0.20658  4.14495e-05 | 39 -0.37232 -6.00111e-05
 40 -0.01149  6.56285e-06 | 41 -5.96342 -2.47646e-06 | 42 -0.70602 -3.71847e-06
 43 -0.41920 -1.81418e-04 | 44 -0.50462  1.80646e-04 | 45 -0.31849  5.00573e-05
 46 -0.28457 -4.31006e-05 | 47 -1.45812 -7.79436e-06 | 48 -1.75696 -9.55172e-07
 49 -0.04802  5.62532e-01 | 50 -0.17561 -1.12426e+00 | 51 -0.31113  8.02087e-01
 52 -0.31131 -3.07076e-01 |
52 variables; iteration 280; function evaluation 432; phase 4
Function value 5.7405181e+01; maximum gradient component mag 1.0156e+01
Var    Value     Gradient |Var    Value     Gradient |Var    Value     Gradient
  1  0.16032 -2.01851e-02 |  2 -0.08363 -5.91588e-06 |  3  0.01859 -1.59210e-04
  4 -0.02778 -1.60266e-04 |  5  0.03042  7.73944e-06 |  6 -0.01000  3.84186e-04
  7 -0.06538  3.67100e-04 |  8 -0.03057  3.78622e-04 |  9 -0.01299  2.84865e-04
 10  0.06993  3.11147e-04 | 11  0.03524  3.26946e-04 | 12  0.06428  4.65141e-04
 13  0.00726  3.43717e-04 | 14  0.00696  3.51006e-04 | 15  0.06235  2.99774e-04
 16  0.00750  3.29106e-04 | 17 -0.06719  3.78989e-04 | 18 -0.02451  4.38228e-04
 19 -0.03786  3.60388e-04 | 20  0.04226  3.91073e-04 | 21  0.05103  3.54222e-04
 22 -0.04189  5.31669e-04 | 23 -0.02665  5.90798e-04 | 24 -0.11911  6.86629e-04
 25 -0.01160  1.07892e-03 | 26 -0.02341  3.98077e-04 | 27 -0.02915  1.21201e-04
 28  0.03784  1.82748e-04 | 29 -0.02065 -1.02753e-03 | 30  0.05059 -2.20460e-03
 31 -0.03706 -7.07338e-04 | 32  0.01696 -2.96197e-03 | 33  0.00215 -1.99547e-03
 34  0.10361 -7.38982e-04 | 35  0.23748 -1.00650e-03 | 36  0.24743 -3.19687e-02
 37  0.25831  1.07103e-04 | 38  0.20658 -8.18976e-05 | 39 -0.37233  4.45117e-04
 40 -0.01140  2.29365e-05 | 41 -5.96333 -2.19658e-06 | 42 -0.70600  2.09202e-06
 43 -0.41920 -4.23363e-04 | 44 -0.50462  2.92720e-04 | 45 -0.31849  4.54830e-05
 46 -0.28457 -1.08987e-04 | 47 -1.45813 -7.67884e-06 | 48 -1.75691 -5.60908e-07
 49 -0.04928  5.94889e+00 | 50 -0.17536 -1.75608e+00 | 51 -0.30925 -4.88572e+00
 52 -0.30963  1.01560e+01 |
52 variables; iteration 300; function evaluation 456; phase 4
Function value 5.7405169e+01; maximum gradient component mag 8.9242e+00
Var    Value     Gradient |Var    Value     Gradient |Var    Value     Gradient
  1  0.16032 -7.35747e-02 |  2 -0.08363 -6.66441e-06 |  3  0.01859 -6.07835e-04
  4 -0.02778 -6.25049e-04 |  5  0.03042 -3.96608e-04 |  6 -0.01001  1.25794e-03
  7 -0.06538  1.34969e-03 |  8 -0.03057  1.34856e-03 |  9 -0.01299  1.08088e-03
 10  0.06992  1.07762e-03 | 11  0.03524  1.10197e-03 | 12  0.06428  1.40710e-03
 13  0.00726  1.24298e-03 | 14  0.00696  1.27166e-03 | 15  0.06235  1.27716e-03
 16  0.00750  1.41507e-03 | 17 -0.06719  1.44656e-03 | 18 -0.02451  1.58010e-03
 19 -0.03786  1.41601e-03 | 20  0.04226  1.28077e-03 | 21  0.05103  1.26724e-03
 22 -0.04189  8.43294e-04 | 23 -0.02665  8.53732e-04 | 24 -0.11911  5.99713e-04
 25 -0.01160  9.53823e-04 | 26 -0.02341  1.19138e-03 | 27 -0.02915  9.03170e-04
 28  0.03784 -2.63957e-03 | 29 -0.02065 -3.15640e-03 | 30  0.05059 -5.52261e-03
 31 -0.03706 -1.55959e-03 | 32  0.01697 -7.48218e-03 | 33  0.00215 -4.86616e-03
 34  0.10361 -1.53465e-03 | 35  0.23748 -8.29963e-04 | 36  0.24743 -1.08669e-01
 37  0.25831  4.39729e-04 | 38  0.20658 -7.58249e-05 | 39 -0.37228  7.15965e-04
 40 -0.01288  2.41346e-05 | 41 -5.96298 -3.79201e-07 | 42 -0.70599  9.11457e-07
 43 -0.41920 -2.69054e-04 | 44 -0.50463  3.56914e-04 | 45 -0.31849 -1.83456e-04
 46 -0.28457  1.27374e-04 | 47 -1.45804 -1.23273e-06 | 48 -1.75706 -1.73215e-10
 49 -0.05184  6.87305e+00 | 50 -0.17445 -4.18004e+00 | 51 -0.30476 -2.81421e+00
 52 -0.30581  8.92420e+00 |
52 variables; iteration 320; function evaluation 481; phase 4
Function value 5.7405144e+01; maximum gradient component mag -3.2039e+00
Var    Value     Gradient |Var    Value     Gradient |Var    Value     Gradient
  1  0.16032 -2.29720e-03 |  2 -0.08362 -6.37805e-06 |  3  0.01859  4.79283e-04
  4 -0.02778  5.45601e-04 |  5  0.03042  2.63822e-04 |  6 -0.01000 -1.58399e-05
  7 -0.06538 -9.84430e-05 |  8 -0.03057 -1.07367e-04 |  9 -0.01299  1.66546e-04
 10  0.06993  1.35954e-04 | 11  0.03524  1.15481e-04 | 12  0.06428 -2.31401e-04
 13  0.00727 -4.56227e-06 | 14  0.00697 -3.84686e-05 | 15  0.06235 -1.27951e-04
 16  0.00750 -2.77207e-04 | 17 -0.06719 -2.27385e-04 | 18 -0.02451 -3.46867e-04
 19 -0.03786 -2.03438e-04 | 20  0.04226 -6.78379e-05 | 21  0.05103  4.64448e-06
 22 -0.04188 -6.74879e-04 | 23 -0.02665 -7.49585e-04 | 24 -0.11910 -1.17838e-03
 25 -0.01160 -1.59966e-03 | 26 -0.02341 -1.81934e-04 | 27 -0.02914  2.70211e-04
 28  0.03785 -2.18102e-03 | 29 -0.02066  5.27217e-04 | 30  0.05059  1.74301e-03
 31 -0.03706  7.63445e-04 | 32  0.01696  2.46459e-03 | 33  0.00214  1.85586e-03
 34  0.10359  8.16490e-04 | 35  0.23748 -1.66109e-05 | 36  0.24743  4.40229e-03
 37  0.25831 -3.60426e-04 | 38  0.20658  2.02883e-04 | 39 -0.37225 -7.93647e-04
 40 -0.01388 -2.84000e-05 | 41 -5.96273  9.65665e-07 | 42 -0.70600 -3.20683e-06
 43 -0.41920  7.73498e-04 | 44 -0.50462 -6.30952e-04 | 45 -0.31849 -1.84486e-04
 46 -0.28457  1.54597e-04 | 47 -1.45797  2.79484e-06 | 48 -1.75716  2.24093e-07
 49 -0.05551 -5.46989e-01 | 50 -0.17140 -1.53797e+00 | 51 -0.29523  2.71833e+00
 52 -0.29856 -3.20387e+00 |
52 variables; iteration 340; function evaluation 503; phase 4
Function value 5.7405048e+01; maximum gradient component mag -1.2849e+00
Var    Value     Gradient |Var    Value     Gradient |Var    Value     Gradient
  1  0.16032  6.88207e-02 |  2 -0.08363 -1.91916e-05 |  3  0.01859  4.43721e-05
  4 -0.02778  3.02370e-05 |  5  0.03042 -1.41957e-04 |  6 -0.01000 -1.14332e-03
  7 -0.06538 -1.12293e-03 |  8 -0.03057 -1.15494e-03 |  9 -0.01299 -1.07085e-03
 10  0.06993 -1.13855e-03 | 11  0.03524 -1.10680e-03 | 12  0.06428 -1.24367e-03
 13  0.00727 -1.03804e-03 | 14  0.00697 -1.12251e-03 | 15  0.06235 -1.25206e-03
 16  0.00750 -1.24539e-03 | 17 -0.06719 -1.09113e-03 | 18 -0.02451 -1.16561e-03
 19 -0.03786 -1.14498e-03 | 20  0.04226 -1.17691e-03 | 21  0.05103 -1.19870e-03
 22 -0.04188 -6.29763e-04 | 23 -0.02665 -5.96695e-04 | 24 -0.11910 -1.55656e-04
 25 -0.01160 -6.17923e-04 | 26 -0.02340 -1.11421e-03 | 27 -0.02914 -1.38446e-03
 28  0.03785  2.15220e-03 | 29 -0.02066  2.75348e-03 | 30  0.05059  4.68409e-03
 31 -0.03706  1.32218e-03 | 32  0.01695  6.47633e-03 | 33  0.00213  4.24675e-03
 34  0.10359  1.17630e-03 | 35  0.23748  1.49347e-04 | 36  0.24742  1.01681e-01
 37  0.25830  1.35385e-04 | 38  0.20658  4.84143e-04 | 39 -0.37224 -8.93943e-05
 40 -0.01409 -7.25897e-06 | 41 -5.96268  1.15449e-06 | 42 -0.70599 -1.04310e-06
 43 -0.41919  3.70508e-04 | 44 -0.50462  9.68856e-06 | 45 -0.31849 -2.55759e-04
 46 -0.28457  1.71088e-04 | 47 -1.45796  3.59525e-06 | 48 -1.75719  1.52983e-07
 49 -0.05585 -8.00908e-01 | 50 -0.15037  3.26335e-01 | 51 -0.25796  5.60499e-01
 52 -0.27674 -1.28492e+00 |
52 variables; iteration 360; function evaluation 523; phase 4
Function value 5.7404979e+01; maximum gradient component mag -6.5365e-02
Var    Value     Gradient |Var    Value     Gradient |Var    Value     Gradient
  1  0.16032 -1.41993e-05 |  2 -0.08363 -3.57226e-08 |  3  0.01859 -2.94399e-07
  4 -0.02778  3.73323e-08 |  5  0.03042 -5.72075e-08 |  6 -0.01000  1.46302e-07
  7 -0.06538  1.77449e-07 |  8 -0.03057  1.00618e-07 |  9 -0.01299  1.33833e-07
 10  0.06993  1.81392e-07 | 11  0.03524  4.96881e-08 | 12  0.06428 -1.68192e-07
 13  0.00727 -9.97746e-09 | 14  0.00696  8.31402e-08 | 15  0.06235  1.37480e-07
 16  0.00750  3.36720e-08 | 17 -0.06719 -9.29067e-08 | 18 -0.02451  6.03821e-08
 19 -0.03786  5.29125e-08 | 20  0.04226  2.42893e-07 | 21  0.05103  2.90819e-07
 22 -0.04189  3.60015e-08 | 23 -0.02665 -1.90867e-07 | 24 -0.11910 -5.12551e-07
 25 -0.01160 -1.25302e-06 | 26 -0.02341 -1.76503e-07 | 27 -0.02915  1.46747e-07
 28  0.03784 -1.06696e-06 | 29 -0.02065 -9.50351e-08 | 30  0.05059  3.27699e-07
 31 -0.03706  1.80201e-07 | 32  0.01696  5.46783e-07 | 33  0.00214  3.81807e-07
 34  0.10360  5.95975e-07 | 35  0.23748 -2.37513e-06 | 36  0.24743  1.31835e-06
 37  0.25831 -2.32893e-07 | 38  0.20658 -4.00161e-07 | 39 -0.37227 -1.69400e-07
 40 -0.01320 -4.33218e-09 | 41 -5.96291  9.94045e-10 | 42 -0.70599 -6.27003e-09
 43 -0.41920  1.90284e-06 | 44 -0.50462 -2.01794e-06 | 45 -0.31849 -7.15404e-07
 46 -0.28457  5.73418e-07 | 47 -1.45802 -4.32688e-09 | 48 -1.75710  6.29476e-10
 49 -0.04945  4.89798e-02 | 50 -0.13179 -6.53650e-02 | 51 -0.23272  2.90360e-02
 52 -0.26486  1.41572e-02 |
  ic > imax  in fminim is answer attained ?
Var    Value     Gradient |Var    Value     Gradient |Var    Value     Gradient
  1  0.16032 -7.02378e-06 |  2 -0.08363 -7.97409e-09 |  3  0.01859 -7.63155e-08
  4 -0.02778  2.09920e-08 |  5  0.03042  1.64988e-08 |  6 -0.01000  8.92056e-08
  7 -0.06538  9.29122e-08 |  8 -0.03057  7.74869e-08 |  9 -0.01299  7.12662e-08
 10  0.06993  1.04426e-07 | 11  0.03524  4.34042e-08 | 12  0.06428 -1.86784e-08
 13  0.00727  3.30131e-08 | 14  0.00696  6.59992e-08 | 15  0.06235  1.21176e-07
 16  0.00750  6.81931e-08 | 17 -0.06719 -9.09148e-09 | 18 -0.02451  6.97696e-08
 19 -0.03786  6.67874e-08 | 20  0.04226  1.67451e-07 | 21  0.05103  1.75445e-07
 22 -0.04189  5.86737e-08 | 23 -0.02665 -4.96596e-08 | 24 -0.11910 -2.34970e-07
 25 -0.01160 -7.10494e-07 | 26 -0.02341 -6.60625e-08 | 27 -0.02915  8.23627e-08
 28  0.03784 -4.08533e-07 | 29 -0.02065 -8.40651e-08 | 30  0.05059  5.01420e-08
 31 -0.03706  4.45957e-08 | 32  0.01696  5.21828e-08 | 33  0.00214  1.56053e-08
 34  0.10360  2.04726e-07 | 35  0.23748 -3.69588e-08 | 36  0.24743 -1.19041e-06
 37  0.25831 -1.49337e-07 | 38  0.20658 -2.32762e-07 | 39 -0.37227 -4.47494e-08
 40 -0.01320 -1.20686e-09 | 41 -5.96291  9.72423e-10 | 42 -0.70599 -1.11971e-09
 43 -0.41920  8.42182e-07 | 44 -0.50462 -7.83889e-07 | 45 -0.31849 -8.29530e-08
 46 -0.28457  7.40863e-08 | 47 -1.45802 -3.71964e-09 | 48 -1.75710  3.30248e-10
 49 -0.04945  4.89809e-02 | 50 -0.13179 -6.53644e-02 | 51 -0.23272  2.90337e-02
 52 -0.26486  1.41605e-02 |
Function minimizer not making progress ... is minimum attained?
Minimprove criterion = 0.0000e+00

 - final statistics:
52 variables; iteration 362; function evaluation 554
Function value 5.7405e+01; maximum gradient component mag -6.5364e-02
Exit code = 1;  converg criter 1.0000e-04
Var    Value     Gradient |Var    Value     Gradient |Var    Value     Gradient
  1  0.16032 -7.02378e-06 |  2 -0.08363 -7.97409e-09 |  3  0.01859 -7.63155e-08
  4 -0.02778  2.09920e-08 |  5  0.03042  1.64988e-08 |  6 -0.01000  8.92056e-08
  7 -0.06538  9.29122e-08 |  8 -0.03057  7.74869e-08 |  9 -0.01299  7.12662e-08
 10  0.06993  1.04426e-07 | 11  0.03524  4.34042e-08 | 12  0.06428 -1.86784e-08
 13  0.00727  3.30131e-08 | 14  0.00696  6.59992e-08 | 15  0.06235  1.21176e-07
 16  0.00750  6.81931e-08 | 17 -0.06719 -9.09148e-09 | 18 -0.02451  6.97696e-08
 19 -0.03786  6.67874e-08 | 20  0.04226  1.67451e-07 | 21  0.05103  1.75445e-07
 22 -0.04189  5.86737e-08 | 23 -0.02665 -4.96596e-08 | 24 -0.11910 -2.34970e-07
 25 -0.01160 -7.10494e-07 | 26 -0.02341 -6.60625e-08 | 27 -0.02915  8.23627e-08
 28  0.03784 -4.08533e-07 | 29 -0.02065 -8.40651e-08 | 30  0.05059  5.01420e-08
 31 -0.03706  4.45957e-08 | 32  0.01696  5.21828e-08 | 33  0.00214  1.56053e-08
 34  0.10360  2.04726e-07 | 35  0.23748 -3.69588e-08 | 36  0.24743 -1.19041e-06
 37  0.25831 -1.49337e-07 | 38  0.20658 -2.32762e-07 | 39 -0.37227 -4.47494e-08
 40 -0.01320 -1.20686e-09 | 41 -5.96291  9.72423e-10 | 42 -0.70599 -1.11971e-09
 43 -0.41920  8.42182e-07 | 44 -0.50462 -7.83889e-07 | 45 -0.31849 -8.29530e-08
 46 -0.28457  7.40863e-08 | 47 -1.45802 -3.71964e-09 | 48 -1.75710  3.30248e-10
 49 -0.04945  4.89809e-02 | 50 -0.13179 -6.53644e-02 | 51 -0.23272  2.90337e-02
 52 -0.26486  1.41605e-02 |
Estimating row 1 out of 52 for hessian
Estimating row 2 out of 52 for hessian
Estimating row 3 out of 52 for hessian
Estimating row 4 out of 52 for hessian
Estimating row 5 out of 52 for hessian
Estimating row 6 out of 52 for hessian
Estimating row 7 out of 52 for hessian
Estimating row 8 out of 52 for hessian
Estimating row 9 out of 52 for hessian
Estimating row 10 out of 52 for hessian
Estimating row 11 out of 52 for hessian
Estimating row 12 out of 52 for hessian
Estimating row 13 out of 52 for hessian
Estimating row 14 out of 52 for hessian
Estimating row 15 out of 52 for hessian
Estimating row 16 out of 52 for hessian
Estimating row 17 out of 52 for hessian
Estimating row 18 out of 52 for hessian
Estimating row 19 out of 52 for hessian
Estimating row 20 out of 52 for hessian
Estimating row 21 out of 52 for hessian
Estimating row 22 out of 52 for hessian
Estimating row 23 out of 52 for hessian
Estimating row 24 out of 52 for hessian
Estimating row 25 out of 52 for hessian
Estimating row 26 out of 52 for hessian
Estimating row 27 out of 52 for hessian
Estimating row 28 out of 52 for hessian
Estimating row 29 out of 52 for hessian
Estimating row 30 out of 52 for hessian
Estimating row 31 out of 52 for hessian
Estimating row 32 out of 52 for hessian
Estimating row 33 out of 52 for hessian
Estimating row 34 out of 52 for hessian
Estimating row 35 out of 52 for hessian
Estimating row 36 out of 52 for hessian
Estimating row 37 out of 52 for hessian
Estimating row 38 out of 52 for hessian
Estimating row 39 out of 52 for hessian
Estimating row 40 out of 52 for hessian
Estimating row 41 out of 52 for hessian
Estimating row 42 out of 52 for hessian
Estimating row 43 out of 52 for hessian
Estimating row 44 out of 52 for hessian
Estimating row 45 out of 52 for hessian
Estimating row 46 out of 52 for hessian
Estimating row 47 out of 52 for hessian
Estimating row 48 out of 52 for hessian
Estimating row 49 out of 52 for hessian
Estimating row 50 out of 52 for hessian
Estimating row 51 out of 52 for hessian
Estimating row 52 out of 52 for hessian
size of file gradfil1.tmp = 0
size of file gradfil2.tmp = 0
size of file varssave.tmp = 0
size of file cmpdiff.tmp = 0
