
Initial statistics: 3 variables; iteration 0; function evaluation 0; phase 1
Function value 4.0595352e+03; maximum gradient component mag 2.6855e+04
Var    Value     Gradient |Var    Value     Gradient |Var    Value     Gradient
  1  0.39650  2.68553e+04 |  2  0.21635  2.35744e+04 |  3  0.21635  7.97246e+03

 - final statistics:
3 variables; iteration 10; function evaluation 18
Function value 5.6425e+02; maximum gradient component mag 1.5320e+00
Exit code = 1;  converg criter 1.0000e+01
Var    Value     Gradient |Var    Value     Gradient |Var    Value     Gradient
  1  0.17542  1.12184e+00 |  2  0.22379  1.53201e+00 |  3  0.20670  4.40807e-01

Initial statistics: 46 variables; iteration 0; function evaluation 0; phase 2
Function value 5.6424756e+02; maximum gradient component mag 2.2575e+03
Var    Value     Gradient |Var    Value     Gradient |Var    Value     Gradient
  1  0.17542  1.12184e+00 |  2  0.00000  4.93650e+01 |  3  0.00000 -1.12832e+02
  4  0.00000  3.62730e+01 |  5  0.00000 -7.21302e+01 |  6  0.00000 -2.56620e+01
  7  0.00000  5.32218e+01 |  8  0.00000  5.52424e+00 |  9  0.00000  1.05873e+01
 10  0.00000 -7.79009e+01 | 11  0.00000  5.56980e+00 | 12  0.00000 -5.69862e+01
 13  0.00000 -9.79470e+00 | 14  0.00000 -5.27255e+00 | 15  0.00000 -8.63571e+01
 16  0.00000  7.02203e+00 | 17  0.00000  9.80833e+01 | 18  0.00000 -6.63149e+00
 19  0.00000  1.65805e+01 | 20  0.00000 -1.45711e+02 | 21  0.00000 -1.40463e+02
 22  0.00000  1.18506e+02 | 23  0.00000  2.39093e+01 | 24  0.00000  2.54493e+02
 25  0.00000  7.46077e+01 | 26  0.00000 -5.18534e+00 | 27  0.00000  8.98955e-01
 28  0.00000 -1.15538e+02 | 29  0.00000  1.52577e+02 | 30  0.00000 -3.20213e+02
 31  0.00000  1.93474e+02 | 32  0.00000 -2.80816e+02 | 33  0.00000  1.32599e+02
 34  0.00000  1.28878e+02 | 35  0.22379  1.53201e+00 | 36  0.21635  2.25748e+03
 37  0.20670  4.40807e-01 | 38 -1.00000 -1.08293e-07 | 39  0.00000  1.20344e-04
 40  0.00000  3.48799e-01 | 41 -0.53989  7.36092e+00 | 42 -1.00000 -1.08293e-07
 43 -0.53989  1.20277e+01 | 44 -1.00000 -1.08293e-07 | 45 -0.53989  3.35258e+00
 46 -0.17585 -3.72639e+02 |

Intermediate statistics: 46 variables; iteration 20; function evaluation 30; phase 2
Function value 3.0979116e+02; maximum gradient component mag -1.7299e+03
Var    Value     Gradient |Var    Value     Gradient |Var    Value     Gradient
  1  0.21496  5.60774e+02 |  2 -0.10913 -1.06895e+01 |  3  0.13504  1.35227e+02
  4 -0.00899 -6.98917e+01 |  5  0.09223  7.03506e+01 |  6  0.04044 -1.04459e+01
  7 -0.06249 -1.00126e+02 |  8 -0.02284 -5.22843e+01 |  9  0.00508 -3.97566e+01
 10  0.09010  3.69239e+01 | 11  0.00967 -5.61147e+01 | 12  0.04796 -1.29936e+00
 13  0.00559 -4.51822e+01 | 14  0.01898 -3.48738e+01 | 15  0.07552  4.67224e+01
 16 -0.01137 -3.42263e+01 | 17 -0.09013 -8.52639e+01 | 18  0.00964  1.97935e+01
 19 -0.01859 -2.47854e+01 | 20  0.13440  1.36886e+02 | 21  0.10255  9.83253e+01
 22 -0.06259 -5.30602e+01 | 23 -0.05255 -9.14631e+01 | 24 -0.16399 -8.30163e+01
 25 -0.08617 -4.77739e+01 | 26 -0.06325 -7.42705e+01 | 27 -0.04282 -7.69237e+01
 28 -0.02766 -7.88585e+01 | 29 -0.01698  3.38641e+01 | 30  0.04211 -1.23024e+02
 31  0.02702  2.12477e+02 | 32 -0.00880 -3.23374e+02 | 33  0.04306  1.09466e+02
 34  0.06029  1.15525e+01 | 35  0.18798 -1.72989e+03 | 36  0.18419  1.04234e+03
 37  0.19369  6.52403e+01 | 38 -1.38200 -7.95612e-02 | 39 -0.00009  2.42419e-02
 40 -0.00741  1.74187e-03 | 41 -0.70742  5.45717e-02 | 42 -1.34986  3.06287e+02
 43 -0.62265  2.88825e+02 | 44 -1.17302  2.73201e+01 | 45 -0.55624  1.24124e+01
 46 -0.06602 -8.38778e+01 |
46 variables; iteration 40; function evaluation 55; phase 2
Function value 2.4624277e+02; maximum gradient component mag 5.1158e+02
Var    Value     Gradient |Var    Value     Gradient |Var    Value     Gradient
  1  0.18370  5.11576e+02 |  2 -0.11597 -3.01644e+00 |  3  0.06910  8.00801e+01
  4 -0.02927 -3.47521e+01 |  5  0.05167  4.36361e+01 |  6  0.01201 -2.32528e+01
  7 -0.05051 -4.50379e+01 |  8 -0.04351 -6.48508e+01 |  9 -0.02916 -7.43535e+01
 10  0.09681  5.00123e+01 | 11  0.02701 -2.64051e+01 | 12  0.04465  2.29196e+00
 13 -0.00879 -4.40747e+01 | 14 -0.00112 -3.94866e+01 | 15  0.06569  5.43448e+01
 16 -0.03134 -6.19666e+01 | 17 -0.08558 -7.11869e+01 | 18  0.01028 -2.20739e+01
 19 -0.01799 -4.23246e+01 | 20  0.10458  5.13756e+01 | 21  0.08061  2.78708e+01
 22 -0.08415 -1.05232e+02 | 23 -0.03829 -6.66650e+01 | 24 -0.17048 -1.22207e+02
 25 -0.06174 -1.05117e+02 | 26 -0.03489 -3.48452e+01 | 27 -0.03306 -7.61814e+01
 28  0.00835 -1.53748e+01 | 29 -0.02016 -3.48437e+01 | 30  0.07065  2.20665e+01
 31  0.00447  1.14266e+01 | 32  0.07026  1.50830e+01 | 33  0.03480 -2.63129e+01
 34  0.05795 -4.02890e+01 | 35  0.21582  1.08134e+02 | 36  0.19304 -1.38234e+02
 37  0.20909 -8.26600e+01 | 38 -1.13793  1.40167e-02 | 39 -0.01890  1.63252e-04
 40  0.08806  2.16974e+00 | 41 -1.63754 -3.01445e+01 | 42 -1.45994  5.59455e+01
 43 -0.54470  1.05399e+02 | 44 -0.92834 -1.41836e+02 | 45 -1.21459 -4.69432e+01
 46 -0.04901  1.06615e+02 |
46 variables; iteration 60; function evaluation 86; phase 2
Function value 1.9644193e+02; maximum gradient component mag 1.9396e+01
Var    Value     Gradient |Var    Value     Gradient |Var    Value     Gradient
  1  0.15227  1.93955e+01 |  2 -0.14651  2.09469e-01 |  3 -0.01574  4.71243e-01
  4 -0.05563  1.34035e+00 |  5 -0.00964  1.96869e+00 |  6 -0.06864 -1.45544e-01
  7 -0.11557 -9.02691e-02 |  8 -0.07433 -3.52477e-01 |  9 -0.07147 -3.32361e-01
 10  0.02269 -1.53695e-01 | 11  0.00251 -1.23060e-01 | 12  0.04153  6.01327e-02
 13 -0.00078 -1.03573e-01 | 14 -0.00716  3.03740e-03 | 15  0.05754  1.78383e-04
 16  0.00641  1.15948e-01 | 17 -0.04846  9.48093e-02 | 18  0.02545 -8.41542e-02
 19  0.01062 -1.69788e-01 | 20  0.07991 -5.69144e-01 | 21  0.07421 -4.97803e-01
 22 -0.03375  1.60417e-01 | 23 -0.01523 -6.04721e-01 | 24 -0.09998  2.83874e-01
 25 -0.00154 -2.04650e-01 | 26 -0.01604  2.34964e-01 | 27  0.00498  5.21044e-01
 28  0.03648  2.93443e+00 | 29 -0.00867 -7.09116e-03 | 30  0.06832 -3.31578e-01
 31 -0.00025 -6.06079e-01 | 32  0.05297 -1.33345e+00 | 33  0.02127 -1.68873e-01
 34  0.05617  3.43948e-01 | 35  0.23595 -6.85246e+00 | 36  0.21148  1.00120e+00
 37  0.23742 -2.31809e+00 | 38 -0.94312 -3.46287e-02 | 39 -0.01024 -5.53826e-06
 40  0.31578  1.70420e-03 | 41 -1.19810  9.75944e-03 | 42 -1.39396 -4.48528e+00
 43 -0.63449 -2.60113e+00 | 44 -0.89888  3.02098e+00 | 45 -1.14440  2.13821e+00
 46 -0.02992 -1.18361e+00 |

 - final statistics:
46 variables; iteration 62; function evaluation 88
Function value 1.9643e+02; maximum gradient component mag 9.0060e+00
Exit code = 1;  converg criter 1.0000e+01
Var    Value     Gradient |Var    Value     Gradient |Var    Value     Gradient
  1  0.15197  5.56749e-01 |  2 -0.14710 -2.04553e-01 |  3 -0.01548  2.87382e-02
  4 -0.05599 -7.27518e-01 |  5 -0.00978 -5.09722e-01 |  6 -0.06879 -3.32077e-01
  7 -0.11610 -6.81828e-01 |  8 -0.07424 -9.06247e-02 |  9 -0.07236 -9.30129e-01
 10  0.02303  2.17823e-01 | 11  0.00281 -9.62468e-02 | 12  0.04186  4.67813e-02
 13 -0.00053  2.53954e-01 | 14 -0.00745 -5.46002e-01 | 15  0.05790  1.41623e-01
 16  0.00649 -6.00332e-01 | 17 -0.04867 -6.64749e-01 | 18  0.02548 -5.84782e-01
 19  0.01085 -7.31080e-02 | 20  0.08012  2.76257e-01 | 21  0.07442  1.21214e-01
 22 -0.03395 -3.53064e-01 | 23 -0.01519 -2.76422e-01 | 24 -0.10049 -8.13170e-01
 25 -0.00110 -6.49064e-01 | 26 -0.01616 -5.98536e-01 | 27  0.00497 -5.47347e-01
 28  0.03626 -6.30297e-01 | 29 -0.00873 -5.68055e-01 | 30  0.06831  3.81519e-01
 31 -0.00008 -3.07648e-01 | 32  0.05268  1.10195e-01 | 33  0.02112 -6.39385e-01
 34  0.05655 -1.13978e-03 | 35  0.23628  9.00597e+00 | 36  0.21169 -4.70046e-01
 37  0.23806  3.97010e-02 | 38 -0.94357 -3.48972e-02 | 39 -0.00978 -4.44951e-06
 40  0.30367  1.62761e-03 | 41 -1.19665  9.83612e-03 | 42 -1.38778 -2.27511e+00
 43 -0.64037 -7.10194e-01 | 44 -0.89815 -9.72793e-02 | 45 -1.14517 -4.10090e-02
 46 -0.02840  1.02569e+00 |

Initial statistics: 51 variables; iteration 0; function evaluation 0; phase 3
Function value 1.9642823e+02; maximum gradient component mag -1.1998e+03
Var    Value     Gradient |Var    Value     Gradient |Var    Value     Gradient
  1  0.15197  5.56749e-01 |  2 -0.14710 -2.04553e-01 |  3 -0.01548  2.87382e-02
  4 -0.05599 -7.27518e-01 |  5 -0.00978 -5.09722e-01 |  6 -0.06878 -4.19425e-02
  7 -0.11610 -3.94832e-01 |  8 -0.07423  1.99230e-01 |  9 -0.07236 -6.40177e-01
 10  0.02303  5.09468e-01 | 11  0.00282  1.95587e-01 | 12  0.04187  3.37987e-01
 13 -0.00053  5.45790e-01 | 14 -0.00744 -2.54186e-01 | 15  0.05790  4.32253e-01
 16  0.00650 -3.08511e-01 | 17 -0.04866 -3.73765e-01 | 18  0.02549 -2.93179e-01
 19  0.01085  2.18686e-01 | 20  0.08012  5.65785e-01 | 21  0.07443  4.11058e-01
 22 -0.03394 -6.16428e-02 | 23 -0.01518  1.53312e-02 | 24 -0.10049 -5.24963e-01
 25 -0.00109 -3.57228e-01 | 26 -0.01615 -3.06794e-01 | 27  0.00498 -2.55519e-01
 28  0.03627 -3.38934e-01 | 29 -0.00873 -2.76246e-01 | 30  0.06832  6.71675e-01
 31 -0.00007 -1.58116e-02 | 32  0.05268  4.01033e-01 | 33  0.02112 -3.47709e-01
 34  0.05656  2.89546e-01 | 35  0.23628  9.00597e+00 | 36  0.21169 -4.70046e-01
 37  0.23806  3.97010e-02 | 38 -0.94357 -3.48972e-02 | 39 -0.00978 -4.44951e-06
 40  0.30367  1.62761e-03 | 41 -0.80335 -9.83612e-03 | 42 -0.61222  2.27511e+00
 43 -0.64037 -7.10194e-01 | 44 -0.89815 -9.72793e-02 | 45 -0.85483  4.10090e-02
 46 -0.32288  3.12241e+01 | 47  0.21635  9.62788e-01 | 48 -0.17585 -1.19976e+03
 49 -0.12819  3.89782e-03 | 50 -0.02840  1.02569e+00 | 51  0.05795 -2.30525e+00

Intermediate statistics: 51 variables; iteration 20; function evaluation 27; phase 3
Function value 1.5426601e+02; maximum gradient component mag 9.9185e+02
Var    Value     Gradient |Var    Value     Gradient |Var    Value     Gradient
  1  0.14507  2.22830e+02 |  2 -0.14209 -1.55038e+00 |  3 -0.00701 -7.33253e+00
  4 -0.04436 -4.56629e+00 |  5  0.00058 -8.70578e+00 |  6 -0.06037  6.73420e-01
  7 -0.11182 -4.67456e+00 |  8 -0.06763  8.14621e-01 |  9 -0.07387 -2.88011e+00
 10  0.02670 -3.69130e+00 | 11  0.00881 -5.58844e+00 | 12  0.05099 -7.85065e+00
 13  0.00430 -8.54689e+00 | 14 -0.00570 -2.36250e+00 | 15  0.06399 -3.89701e+00
 16  0.01293  3.50523e+00 | 17 -0.05619  2.14879e+00 | 18 -0.00160  1.30211e+01
 19  0.00874 -1.44590e+01 | 20  0.04857  1.70831e+01 | 21  0.05799  7.80330e+00
 22 -0.02830 -1.63706e+00 | 23 -0.03219  1.86714e+01 | 24 -0.10841  4.94911e+00
 25  0.02173 -1.77756e+00 | 26 -0.02320  1.00515e+01 | 27 -0.01410  2.37305e+01
 28  0.05789  2.09712e+01 | 29 -0.00109  3.31576e+01 | 30  0.06885 -2.83178e-01
 31 -0.00707  8.17838e+00 | 32  0.06277  6.82662e+00 | 33  0.02713 -1.55314e+01
 34  0.07177  5.07351e+00 | 35  0.23833 -5.61966e+02 | 36  0.25217  9.91849e+02
 37  0.24672 -1.44232e+02 | 38 -0.94325 -3.47145e-02 | 39 -0.00978 -3.07506e-05
 40  0.30365  1.62752e-03 | 41 -0.80326 -9.83143e-03 | 42 -0.62076 -1.71993e+02
 43 -0.64560  1.86453e+02 | 44 -0.90195  2.45793e+01 | 45 -0.86807 -1.82668e+01
 46 -0.34360  6.46442e+01 | 47  0.20720  3.06830e+00 | 48 -0.09227  1.90788e+02
 49 -0.11406 -2.60513e+02 | 50  0.02353  2.00066e+01 | 51  0.09703 -4.23885e+00
51 variables; iteration 40; function evaluation 54; phase 3
Function value 1.4742898e+02; maximum gradient component mag 3.5347e+02
Var    Value     Gradient |Var    Value     Gradient |Var    Value     Gradient
  1  0.14491  2.29760e+02 |  2 -0.14854 -2.22548e+00 |  3 -0.00850  3.36737e+00
  4 -0.04301  1.04567e+01 |  5  0.00191  1.49483e+01 |  6 -0.06599  2.47023e+00
  7 -0.12262 -7.76219e+00 |  8 -0.08040 -3.43456e+00 |  9 -0.09233 -7.17155e+00
 10  0.02632  2.33749e+00 | 11  0.00866 -2.45788e-01 | 12  0.05304  3.76441e+00
 13  0.00551 -2.50744e+00 | 14  0.00081  1.02458e+01 | 15  0.06500  6.79890e+00
 16  0.00921 -1.76298e+00 | 17 -0.05501  8.16425e-02 | 18  0.00302  8.08459e+00
 19  0.01106 -4.63150e+00 | 20  0.04880 -3.98869e+00 | 21  0.06258  2.86837e+00
 22 -0.02716 -7.41427e+00 | 23 -0.02630  1.16982e+01 | 24 -0.10517  2.67308e+00
 25  0.02151  1.28356e+00 | 26 -0.02158  3.93932e+00 | 27 -0.01316  2.23449e+00
 28  0.05763  2.84830e+00 | 29 -0.00174  1.29848e+01 | 30  0.07216  2.72879e+00
 31 -0.00461  3.19115e+00 | 32  0.06460  6.02552e-01 | 33  0.03231 -4.11829e+00
 34  0.07364 -7.92333e-02 | 35  0.23547 -2.42878e+02 | 36  0.24537  2.94227e+02
 37  0.24865 -1.15119e+01 | 38 -0.91868 -2.43071e-02 | 39 -0.00975 -3.04208e-05
 40  0.30242  1.61981e-03 | 41 -0.79584 -9.44967e-03 | 42 -0.69652 -2.98381e+01
 43 -0.72250  3.27283e+01 | 44 -0.95930  3.53474e+02 | 45 -0.94653 -2.69090e+02
 46 -0.34687  1.09561e+01 | 47 -0.61462  7.70265e-01 | 48 -0.10280  7.72195e+01
 49 -0.11533 -9.34238e+01 | 50  0.02553 -5.26353e+00 | 51  0.09891  7.93444e+00
51 variables; iteration 60; function evaluation 82; phase 3
Function value 1.4626444e+02; maximum gradient component mag -5.3941e+00
Var    Value     Gradient |Var    Value     Gradient |Var    Value     Gradient
  1  0.14493 -5.39413e+00 |  2 -0.14163 -1.32293e-01 |  3 -0.00761 -5.42275e-02
  4 -0.04581 -3.53743e-01 |  5 -0.00035 -4.96415e-01 |  6 -0.06730  2.63441e-02
  7 -0.12007  3.44923e-02 |  8 -0.07991  3.39778e-01 |  9 -0.08715 -3.65155e-02
 10  0.02475 -3.66241e-02 | 11  0.00789  2.07468e-02 | 12  0.05058 -1.26521e-01
 13  0.00461 -3.92436e-02 | 14 -0.00726 -5.48063e-02 | 15  0.06301 -2.49695e-01
 16  0.01082 -1.52431e-01 | 17 -0.05406 -6.35931e-02 | 18  0.00345  1.97067e-02
 19  0.01172 -1.39289e-01 | 20  0.05183  1.29435e-01 | 21  0.06263 -2.04864e-01
 22 -0.02446  1.01157e-01 | 23 -0.02805 -8.49640e-02 | 24 -0.10570  3.14723e-02
 25  0.02158  3.76793e-02 | 26 -0.02185  9.66697e-02 | 27 -0.01195  1.24248e-01
 28  0.05711  2.14905e-01 | 29 -0.00310 -4.63901e-02 | 30  0.07273  6.62525e-02
 31 -0.00415 -7.99733e-02 | 32  0.06417  1.51347e-01 | 33  0.03329  1.94105e-02
 34  0.07381 -5.24411e-02 | 35  0.23613 -4.35339e+00 | 36  0.24240 -3.41752e-01
 37  0.24917  2.09270e-02 | 38 -0.54483  4.28663e-02 | 39 -0.01756  9.07983e-03
 40  0.23981  1.43393e-03 | 41 -0.72683  2.10908e-04 | 42 -0.76936 -1.17710e+00
 43 -0.78964  1.27475e+00 | 44 -0.95460  9.01845e-01 | 45 -0.93906 -7.36172e-01
 46 -0.37357  3.21306e-01 | 47 -0.87233 -9.07487e-04 | 48 -0.10908  3.02748e-01
 49 -0.11647 -2.14845e-01 | 50  0.02674  1.35676e-01 | 51  0.09760 -1.79948e-01
51 variables; iteration 80; function evaluation 103; phase 3
Function value 1.4624907e+02; maximum gradient component mag 4.1603e-01
Var    Value     Gradient |Var    Value     Gradient |Var    Value     Gradient
  1  0.14493 -2.35258e-01 |  2 -0.14136  3.51454e-03 |  3 -0.00763  1.05776e-02
  4 -0.04573  4.30908e-03 |  5 -0.00029  3.51021e-03 |  6 -0.06726  7.64778e-03
  7 -0.12002  1.39050e-02 |  8 -0.08001  2.95255e-02 |  9 -0.08709 -6.53512e-03
 10  0.02480 -4.98406e-03 | 11  0.00789  1.17781e-02 | 12  0.05060  1.10587e-02
 13  0.00460  1.33711e-02 | 14 -0.00724  8.47063e-03 | 15  0.06304  1.76609e-02
 16  0.01082  1.29038e-02 | 17 -0.05406  1.25099e-02 | 18  0.00343  1.28362e-02
 19  0.01174 -7.45309e-04 | 20  0.05177  1.61425e-02 | 21  0.06267 -1.42678e-02
 22 -0.02451  6.82547e-03 | 23 -0.02803 -7.07679e-03 | 24 -0.10573 -2.36615e-03
 25  0.02158  9.91091e-04 | 26 -0.02186 -7.60551e-03 | 27 -0.01199 -2.91237e-02
 28  0.05708 -1.00535e-01 | 29 -0.00310 -7.84691e-03 | 30  0.07272 -2.53247e-02
 31 -0.00415  1.11711e-02 | 32  0.06413 -1.89261e-02 | 33  0.03328  1.25821e-02
 34  0.07387  8.16884e-03 | 35  0.23612 -1.61702e-01 | 36  0.24241 -1.29423e-01
 37  0.24918 -8.58276e-02 | 38 -0.53449  4.69210e-04 | 39 -0.42835 -1.68247e-03
 40 -0.26213 -1.21374e-03 | 41 -0.71368 -1.97102e-05 | 42 -0.68366  1.55798e-01
 43 -0.71175 -1.69790e-01 | 44 -0.80328  4.16025e-01 | 45 -0.73516 -3.21281e-01
 46 -0.63733 -1.97032e-03 | 47 -0.13326  8.39468e-04 | 48 -0.11639  1.97562e-02
 49 -0.12297  1.33734e-02 | 50  0.02676 -5.41005e-02 | 51  0.09759  6.31803e-02
51 variables; iteration 100; function evaluation 123; phase 3
Function value 1.4624837e+02; maximum gradient component mag -2.0359e-01
Var    Value     Gradient |Var    Value     Gradient |Var    Value     Gradient
  1  0.14494 -2.03587e-01 |  2 -0.14135  8.78438e-04 |  3 -0.00763 -6.84352e-03
  4 -0.04573 -1.01061e-02 |  5 -0.00029 -1.48743e-02 |  6 -0.06726 -4.30942e-03
  7 -0.12002 -3.38987e-04 |  8 -0.08002  2.39127e-03 |  9 -0.08708 -2.78980e-03
 10  0.02481  1.32912e-03 | 11  0.00789  3.71950e-03 | 12  0.05060 -6.22496e-03
 13  0.00460 -3.97337e-03 | 14 -0.00724  6.98356e-04 | 15  0.06304 -5.01093e-03
 16  0.01081 -8.22305e-03 | 17 -0.05406 -1.57479e-03 | 18  0.00343  4.91704e-04
 19  0.01174 -3.72418e-03 | 20  0.05176  5.36068e-03 | 21  0.06268 -3.04607e-03
 22 -0.02451  2.00707e-03 | 23 -0.02802 -1.83572e-04 | 24 -0.10573 -7.03907e-04
 25  0.02158 -2.38021e-03 | 26 -0.02186  1.94854e-03 | 27 -0.01199  4.93946e-03
 28  0.05708  9.81482e-03 | 29 -0.00311 -8.36450e-05 | 30  0.07272  2.33650e-03
 31 -0.00415 -2.27830e-03 | 32  0.06413  6.69762e-03 | 33  0.03328  1.54908e-03
 34  0.07386 -3.09641e-04 | 35  0.23611 -3.18265e-02 | 36  0.24240 -1.05428e-02
 37  0.24918  1.24186e-03 | 38 -0.58128 -1.38177e-04 | 39 -0.20277  1.54808e-05
 40 -0.04132 -1.93534e-05 | 41 -0.71942  3.31445e-05 | 42 -0.68770 -6.92292e-02
 43 -0.71541  7.37019e-02 | 44 -0.76718 -6.29305e-02 | 45 -0.68608  4.06001e-02
 46 -0.69646 -4.83065e-03 | 47 -0.09295  3.51670e-04 | 48 -0.11833  1.35291e-02
 49 -0.12469  8.56935e-03 | 50  0.02679  6.73731e-03 | 51  0.09761 -5.20501e-03
51 variables; iteration 120; function evaluation 143; phase 3
Function value 1.4624825e+02; maximum gradient component mag -3.6267e-01
Var    Value     Gradient |Var    Value     Gradient |Var    Value     Gradient
  1  0.14494  3.41308e-01 |  2 -0.14137 -5.95409e-03 |  3 -0.00762  2.81701e-04
  4 -0.04574 -7.96143e-03 |  5 -0.00029 -7.97684e-03 |  6 -0.06726 -2.50791e-03
  7 -0.12003 -3.48445e-03 |  8 -0.08002  1.84953e-02 |  9 -0.08708 -1.58999e-02
 10  0.02481 -5.15758e-03 | 11  0.00789 -3.07073e-03 | 12  0.05060 -4.22874e-03
 13  0.00460 -6.40771e-03 | 14 -0.00723 -6.33962e-03 | 15  0.06303 -1.54189e-02
 16  0.01081 -1.37637e-02 | 17 -0.05406 -1.06906e-02 | 18  0.00343 -9.08324e-04
 19  0.01174 -2.51705e-03 | 20  0.05177  1.61212e-03 | 21  0.06268 -1.11979e-02
 22 -0.02450  4.88468e-04 | 23 -0.02802 -1.02850e-02 | 24 -0.10572 -3.10104e-03
 25  0.02158  1.04725e-02 | 26 -0.02186  1.10953e-02 | 27 -0.01199  3.50208e-02
 28  0.05708  9.65437e-02 | 29 -0.00311 -6.35848e-03 | 30  0.07272  2.33151e-02
 31 -0.00416 -1.45602e-02 | 32  0.06413  1.23752e-02 | 33  0.03328 -1.45599e-02
 34  0.07386 -1.57550e-02 | 35  0.23611 -3.58894e-02 | 36  0.24240  7.75939e-02
 37  0.24918 -1.25691e-02 | 38 -0.58930 -1.53865e-04 | 39 -0.16520  2.72091e-04
 40 -0.14799 -5.49681e-04 | 41 -0.71521  7.49498e-04 | 42 -0.68518 -3.29435e-03
 43 -0.71311  3.67525e-03 | 44 -0.76182 -3.62674e-01 | 45 -0.67873  2.64811e-01
 46 -0.66493 -4.61099e-03 | 47 -0.20070 -5.42658e-04 | 48 -0.11834  3.68315e-02
 49 -0.12470 -1.76831e-02 | 50  0.02682  8.12435e-02 | 51  0.09763 -7.91656e-02
51 variables; iteration 140; function evaluation 163; phase 3
Function value 1.4624798e+02; maximum gradient component mag -3.5050e-02
Var    Value     Gradient |Var    Value     Gradient |Var    Value     Gradient
  1  0.14494 -1.27320e-02 |  2 -0.14136 -2.68837e-04 |  3 -0.00763  1.62238e-03
  4 -0.04573  5.60066e-04 |  5 -0.00029  1.46919e-03 |  6 -0.06726  1.42799e-03
  7 -0.12002  5.95869e-04 |  8 -0.08002  1.13586e-03 |  9 -0.08707  7.76073e-04
 10  0.02481  5.89493e-04 | 11  0.00789  2.22010e-04 | 12  0.05060  1.27305e-04
 13  0.00460  7.18284e-04 | 14 -0.00724  6.05558e-05 | 15  0.06304  2.77609e-04
 16  0.01082  1.63546e-03 | 17 -0.05406  8.98011e-04 | 18  0.00343  7.62695e-04
 19  0.01174 -3.09253e-04 | 20  0.05176  5.66155e-04 | 21  0.06268  3.64392e-04
 22 -0.02451  3.41741e-05 | 23 -0.02802  3.36666e-04 | 24 -0.10572  1.21598e-04
 25  0.02158 -1.27215e-03 | 26 -0.02186 -8.46482e-05 | 27 -0.01199 -1.33196e-03
 28  0.05708 -6.33824e-03 | 29 -0.00311 -3.23027e-05 | 30  0.07272 -2.42856e-03
 31 -0.00415  4.50419e-04 | 32  0.06413 -1.93417e-03 | 33  0.03328  1.50891e-05
 34  0.07387  4.25390e-04 | 35  0.23612  1.36021e-04 | 36  0.24240 -3.50498e-02
 37  0.24918  2.41416e-03 | 38 -0.57857  6.02846e-06 | 39 -0.21134 -1.48490e-05
 40 -0.03573  7.61092e-06 | 41 -0.71965 -7.58491e-06 | 42 -0.68508  2.01933e-02
 43 -0.71303 -2.20876e-02 | 44 -0.75938 -4.64815e-04 | 45 -0.67546  1.19034e-03
 46 -0.56983 -2.62611e-04 | 47 -0.28884 -3.00779e-05 | 48 -0.11770  1.61681e-02
 49 -0.12413  9.05923e-03 | 50  0.02679 -4.52576e-03 | 51  0.09761  4.63671e-03

 - final statistics:
51 variables; iteration 160; function evaluation 183
Function value 1.4625e+02; maximum gradient component mag -4.9539e-05
Exit code = 1;  converg criter 1.0000e-04
Var    Value     Gradient |Var    Value     Gradient |Var    Value     Gradient
  1  0.14494 -4.95391e-05 |  2 -0.14136  5.38867e-07 |  3 -0.00763 -1.65180e-06
  4 -0.04573 -2.18084e-07 |  5 -0.00028 -1.08741e-06 |  6 -0.06726 -6.00800e-07
  7 -0.12002  4.38001e-08 |  8 -0.08002 -2.99895e-06 |  9 -0.08707  1.31802e-06
 10  0.02481  5.05274e-07 | 11  0.00789  3.82925e-07 | 12  0.05060 -2.35934e-07
 13  0.00460 -2.02395e-07 | 14 -0.00724  7.82459e-07 | 15  0.06304  4.93139e-07
 16  0.01082 -2.37500e-07 | 17 -0.05406  4.32525e-07 | 18  0.00343 -2.05374e-07
 19  0.01174  3.56184e-07 | 20  0.05176 -3.00532e-07 | 21  0.06268  1.55998e-06
 22 -0.02451 -3.25195e-07 | 23 -0.02802  1.24336e-06 | 24 -0.10573  2.87557e-07
 25  0.02158 -1.00780e-06 | 26 -0.02186 -4.98118e-07 | 27 -0.01199 -1.60974e-06
 28  0.05708 -3.67187e-06 | 29 -0.00311  2.65858e-07 | 30  0.07272 -1.11061e-06
 31 -0.00415  6.51161e-07 | 32  0.06413 -2.73472e-07 | 33  0.03328  8.66611e-07
 34  0.07387  1.24151e-06 | 35  0.23612  1.89695e-06 | 36  0.24240 -4.85140e-06
 37  0.24918  4.16030e-07 | 38 -0.57908  6.93610e-09 | 39 -0.20906 -3.51253e-09
 40 -0.03729 -2.84110e-09 | 41 -0.71959 -1.04470e-07 | 42 -0.68522 -7.43703e-06
 43 -0.71315  8.31411e-06 | 44 -0.76019 -3.03366e-06 | 45 -0.67658  2.26252e-06
 46 -0.56604 -1.29730e-09 | 47 -0.29425 -4.84120e-10 | 48 -0.12943 -8.14449e-06
 49 -0.13458  9.31613e-06 | 50  0.02679 -3.00709e-06 | 51  0.09761  3.09809e-06
Estimating row 1 out of 51 for hessian
Estimating row 2 out of 51 for hessian
Estimating row 3 out of 51 for hessian
Estimating row 4 out of 51 for hessian
Estimating row 5 out of 51 for hessian
Estimating row 6 out of 51 for hessian
Estimating row 7 out of 51 for hessian
Estimating row 8 out of 51 for hessian
Estimating row 9 out of 51 for hessian
Estimating row 10 out of 51 for hessian
Estimating row 11 out of 51 for hessian
Estimating row 12 out of 51 for hessian
Estimating row 13 out of 51 for hessian
Estimating row 14 out of 51 for hessian
Estimating row 15 out of 51 for hessian
Estimating row 16 out of 51 for hessian
Estimating row 17 out of 51 for hessian
Estimating row 18 out of 51 for hessian
Estimating row 19 out of 51 for hessian
Estimating row 20 out of 51 for hessian
Estimating row 21 out of 51 for hessian
Estimating row 22 out of 51 for hessian
Estimating row 23 out of 51 for hessian
Estimating row 24 out of 51 for hessian
Estimating row 25 out of 51 for hessian
Estimating row 26 out of 51 for hessian
Estimating row 27 out of 51 for hessian
Estimating row 28 out of 51 for hessian
Estimating row 29 out of 51 for hessian
Estimating row 30 out of 51 for hessian
Estimating row 31 out of 51 for hessian
Estimating row 32 out of 51 for hessian
Estimating row 33 out of 51 for hessian
Estimating row 34 out of 51 for hessian
Estimating row 35 out of 51 for hessian
Estimating row 36 out of 51 for hessian
Estimating row 37 out of 51 for hessian
Estimating row 38 out of 51 for hessian
Estimating row 39 out of 51 for hessian
Estimating row 40 out of 51 for hessian
Estimating row 41 out of 51 for hessian
Estimating row 42 out of 51 for hessian
Estimating row 43 out of 51 for hessian
Estimating row 44 out of 51 for hessian
Estimating row 45 out of 51 for hessian
Estimating row 46 out of 51 for hessian
Estimating row 47 out of 51 for hessian
Estimating row 48 out of 51 for hessian
Estimating row 49 out of 51 for hessian
Estimating row 50 out of 51 for hessian
Estimating row 51 out of 51 for hessian
size of file gradfil1.tmp = 0
size of file gradfil2.tmp = 0
size of file varssave.tmp = 0
size of file cmpdiff.tmp = 0
