
Initial statistics: 15 variables; iteration 0; function evaluation 0; phase 1
Function value 4.7400109e+03; maximum gradient component mag 3.2777e+04
Var    Value     Gradient |Var    Value     Gradient |Var    Value     Gradient
  1  0.39650  3.27766e+04 |  2  0.10660  7.67973e+03 |  3  0.10660  5.76825e+03
  4  0.10660  2.43665e+03 |  5  0.10660  3.93156e+03 |  6  0.00000 -4.93087e+01
  7  0.00000  4.57402e+00 |  8  0.00000 -6.02480e+01 |  9  0.00000  5.57841e+00
 10  0.00000  3.19339e+02 | 11  0.00000 -2.94247e+02 | 12  0.00000  2.53223e-01
 13  0.00000  1.13568e+02 | 14  0.00000 -1.01703e+02 | 15  0.00000  6.61882e-01

Intermediate statistics: 15 variables; iteration 20; function evaluation 48; phase 1
Function value 3.4778996e+02; maximum gradient component mag -3.0264e+03
Var    Value     Gradient |Var    Value     Gradient |Var    Value     Gradient
  1  0.17335 -3.02640e+03 |  2  0.14087 -3.62156e+01 |  3  0.09688 -1.16136e+02
  4  0.18058 -6.02697e+01 |  5  0.09872  6.48845e+01 |  6 -3.58296 -5.10463e-02
  7  2.15579  7.09280e+00 |  8 -0.12843 -1.25117e+02 |  9  2.47528  1.03890e+01
 10 -0.64284 -7.65311e+01 | 11 -0.19077 -6.97457e+01 | 12  1.01277 -1.46243e-01
 13 -0.31388  3.44567e+00 | 14  0.18080  1.27064e+00 | 15  0.73971  7.78618e-03

 - final statistics:
15 variables; iteration 40; function evaluation 78
Function value 2.9329e+02; maximum gradient component mag 9.6942e+00
Exit code = 1;  converg criter 1.0000e+01
Var    Value     Gradient |Var    Value     Gradient |Var    Value     Gradient
  1  0.19622  9.69424e+00 |  2  0.10418 -3.48263e-01 |  3  0.05310  1.27721e+00
  4  0.12918 -3.24604e-01 |  5  0.06810  5.23508e-01 |  6 -3.47447 -7.33325e-02
  7  2.10516  2.68090e-01 |  8  0.27139 -1.66684e+00 |  9  2.20340  1.64164e-02
 10 -0.50870  2.35104e+00 | 11  0.21288 -4.95025e-01 | 12  2.32759  2.68038e-02
 13 -0.34631 -1.73241e+00 | 14 -0.13026 -2.80471e+00 | 15  2.51652  1.19636e-02

Initial statistics: 55 variables; iteration 0; function evaluation 0; phase 2
Function value 2.9329340e+02; maximum gradient component mag -8.4239e+02
Var    Value     Gradient |Var    Value     Gradient |Var    Value     Gradient
  1  0.19622  9.69424e+00 |  2  0.00000  3.62159e+01 |  3  0.00000 -4.21352e+01
  4  0.00000  5.42571e+01 |  5  0.00000 -5.88387e+01 |  6  0.00000 -2.32759e+01
  7  0.00000  5.50536e+01 |  8  0.00000  9.26285e+00 |  9  0.00000  1.28445e+01
 10  0.00000 -6.88752e+01 | 11  0.00000  2.16634e+01 | 12  0.00000 -3.77141e+01
 13  0.00000  1.36226e+01 | 14  0.00000  2.29966e+00 | 15  0.00000 -8.34776e+01
 16  0.00000  2.46159e+01 | 17  0.00000  1.06596e+02 | 18  0.00000  2.31058e+00
 19  0.00000  6.71916e+01 | 20  0.00000 -1.72979e+02 | 21  0.00000 -1.86040e+02
 22  0.00000  5.89474e+01 | 23  0.00000 -8.22413e+00 | 24  0.00000  2.11346e+02
 25  0.00000  5.02946e+00 | 26  0.00000 -5.06597e+00 | 27  0.00000  7.24040e+00
 28  0.00000 -2.16410e+02 | 29  0.00000  1.55394e+02 | 30  0.00000 -2.84870e+02
 31  0.00000  2.49077e+02 | 32  0.00000 -3.23281e+02 | 33  0.00000  3.04497e+01
 34  0.00000 -2.37013e+02 | 35  0.00000  5.81915e+01 | 36  0.00000  2.79697e+02
 37  0.00000  1.21025e+02 | 38  0.00000  1.55369e+02 | 39  0.10418 -3.48263e-01
 40  0.05310  1.27721e+00 | 41  0.12918 -3.24604e-01 | 42  0.06810  5.23508e-01
 43  0.52553 -7.33325e-02 | 44 -0.10516 -2.68090e-01 | 45  0.27139 -1.66684e+00
 46 -0.20340 -1.64164e-02 | 47 -0.50870  2.35104e+00 | 48  0.21288 -4.95025e-01
 49 -0.32759 -2.68038e-02 | 50 -0.34631 -1.73241e+00 | 51 -0.13026 -2.80471e+00
 52 -0.51652 -1.19636e-02 | 53 -0.32288 -5.15003e+00 | 54  0.21635 -1.57754e-01
 55 -0.17585 -8.42389e+02 |

Intermediate statistics: 55 variables; iteration 20; function evaluation 29; phase 2
Function value 1.5730799e+02; maximum gradient component mag -3.5933e+02
Var    Value     Gradient |Var    Value     Gradient |Var    Value     Gradient
  1  0.18196 -3.59326e+02 |  2 -0.10284 -4.55880e+00 |  3 -0.00507 -1.76253e+01
  4 -0.03229  8.42026e+00 |  5  0.02595 -8.30623e+00 |  6  0.00393  5.30263e+00
  7 -0.04307  1.57775e+01 |  8 -0.02299  3.50688e+00 |  9 -0.00176  9.13131e+00
 10  0.05381 -4.58866e+00 | 11  0.02304  1.67677e+01 | 12  0.03714 -6.30387e-01
 13  0.00836  6.35510e+00 | 14  0.01242  4.93918e+00 | 15  0.04498 -1.90989e+01
 16 -0.00074  5.26211e+00 | 17 -0.05058  1.76182e+01 | 18 -0.00837 -1.54834e+01
 19 -0.02700 -3.90539e+00 | 20  0.05648 -6.83699e+01 | 21  0.05437 -7.56807e+01
 22 -0.02164 -2.26403e-01 | 23 -0.00350 -1.88579e+01 | 24 -0.07984  3.44905e+01
 25 -0.02443 -1.40360e+01 | 26 -0.01466  3.94621e+00 | 27 -0.00487  3.06013e+01
 28  0.04583  1.81252e+02 | 29 -0.02227 -7.33765e+01 | 30  0.05374  2.70250e+01
 31 -0.04285 -1.07882e+02 | 32  0.06116  7.51936e+01 | 33 -0.00096 -1.10085e+02
 34  0.04603  1.22410e+01 | 35  0.00264  6.54112e+01 | 36 -0.03929  8.22860e+01
 37 -0.02630  4.74895e+01 | 38 -0.06695 -6.33850e+01 | 39  0.10632 -2.21857e+02
 40  0.06828 -1.12896e+02 | 41  0.16381 -5.20239e+01 | 42  0.11898  1.33567e+01
 43  0.52881 -6.85486e-02 | 44 -0.08915 -9.13703e-02 | 45  0.34251 -8.42576e-01
 46 -0.20244  1.35062e-01 | 47 -0.52157  1.98773e+01 | 48  0.23470 -6.58918e-01
 49 -0.32085  4.06933e-02 | 50 -0.35266 -1.65969e+01 | 51 -0.12423  7.97264e+00
 52 -0.51249 -6.93908e-02 | 53 -0.34465  7.57387e+01 | 54  0.13638  3.98737e+00
 55 -0.03620  3.46528e+02 |
55 variables; iteration 40; function evaluation 52; phase 2
Function value 1.4404118e+02; maximum gradient component mag -2.5721e+02
Var    Value     Gradient |Var    Value     Gradient |Var    Value     Gradient
  1  0.18019 -2.57212e+02 |  2 -0.08078 -2.09678e+00 |  3  0.02409 -8.49389e+00
  4 -0.00311  1.27919e+01 |  5  0.06319  9.47602e+00 |  6  0.03651  1.24440e+01
  7 -0.02561  7.92970e+00 |  8 -0.01009  4.82803e-01 |  9  0.01037  7.12315e+00
 10  0.06772  6.24288e+00 | 11  0.01985  3.33251e+00 | 12  0.03622  1.92526e+00
 13 -0.00242 -3.12656e+00 | 14 -0.00094 -6.52783e+00 | 15  0.04895  4.04213e-01
 16 -0.00426  6.35446e+00 | 17 -0.06265  3.07965e+00 | 18 -0.00778 -1.48060e-01
 19 -0.02901  8.71090e+00 | 20  0.06835 -1.73428e+01 | 21  0.06690 -2.20630e+01
 22 -0.02649  2.99154e-01 | 23 -0.00342 -1.23041e+00 | 24 -0.09626  1.22031e+01
 25 -0.02866 -1.67004e+01 | 26 -0.01823 -6.91344e-01 | 27 -0.01203  1.06274e+01
 28  0.02974  5.79028e+01 | 29 -0.02456 -4.39193e+01 | 30  0.04563 -1.94826e+01
 31 -0.03461 -2.91792e+01 | 32  0.05107  7.46654e-01 | 33  0.01301 -8.89996e+00
 34  0.04244  2.47002e+00 | 35 -0.00790  9.83697e+00 | 36 -0.05356  1.30842e+01
 37 -0.02687  3.45709e+01 | 38 -0.06096 -1.10097e+01 | 39  0.10893 -5.87676e+01
 40  0.08028 -3.88834e+01 | 41  0.17804 -2.32476e+01 | 42  0.11966  1.73070e+01
 43  0.57889 -4.09684e-02 | 44 -0.10535 -5.42800e-01 | 45  1.05542 -3.30395e-02
 46 -0.20112  6.50064e-02 | 47 -0.52026  2.08179e+01 | 48  0.44488 -7.28524e-02
 49 -0.36430 -9.63595e-01 | 50 -0.34560  1.39617e+01 | 51 -0.11765 -4.28671e+00
 52 -0.47084  6.17917e-02 | 53 -0.33267  1.30137e+01 | 54 -1.07379 -1.57294e-01
 55 -0.05474  3.63353e+01 |
55 variables; iteration 60; function evaluation 82; phase 2
Function value 1.4224783e+02; maximum gradient component mag -1.0460e+01
Var    Value     Gradient |Var    Value     Gradient |Var    Value     Gradient
  1  0.17991 -1.04600e+01 |  2 -0.08090  5.31961e-03 |  3  0.01629 -2.30367e-01
  4 -0.02647  2.73128e-01 |  5  0.03670 -9.14963e-03 |  6  0.00927  2.53592e-01
  7 -0.04618  2.79647e-01 |  8 -0.02021  1.88193e-01 |  9 -0.00062  1.42138e-01
 10  0.06153  3.27318e-01 | 11  0.01795 -3.70843e-02 | 12  0.03785 -1.36466e-02
 13  0.00453  1.98604e-01 | 14  0.00971 -9.23724e-02 | 15  0.05066 -3.38200e-01
 16 -0.00575 -3.92376e-02 | 17 -0.06236  4.53742e-01 | 18 -0.00661  2.92000e-01
 19 -0.03175 -1.36176e-01 | 20  0.07606 -2.67294e-01 | 21  0.07590 -4.23451e-01
 22 -0.02452 -1.76392e-01 | 23 -0.00210  1.18623e-02 | 24 -0.10052 -2.06775e-01
 25 -0.01943  4.27065e-02 | 26 -0.01156  4.32143e-01 | 27 -0.01182  5.78382e-02
 28  0.02377 -6.95055e-02 | 29 -0.01530 -7.19615e-01 | 30  0.05123 -2.48557e-01
 31 -0.02573 -9.88991e-03 | 32  0.05283 -2.14937e-01 | 33  0.01647 -1.06221e-01
 34  0.04313  9.43168e-04 | 35 -0.00792  1.82264e-02 | 36 -0.05407 -1.68600e-02
 37 -0.02905  3.06213e-01 | 38 -0.05543  2.23480e-01 | 39  0.10856 -4.33375e+00
 40  0.08103 -1.41131e-01 | 41  0.18016 -4.88422e-02 | 42  0.11760  2.71589e-01
 43  0.78148  3.17944e-04 | 44 -0.08917 -1.12352e-01 | 45  0.73314 -1.63815e-02
 46 -0.20095 -9.70407e-02 | 47 -0.52610  1.00631e-01 | 48  0.61869 -3.84537e-03
 49 -0.31810 -2.06768e-02 | 50 -0.35275 -1.49542e-02 | 51 -0.12653  3.02868e-02
 52 -0.47382  5.97432e-02 | 53 -0.34895  1.84523e+00 | 54 -0.84382  5.75001e-02
 55 -0.05599  2.40656e-01 |

 - final statistics:
55 variables; iteration 61; function evaluation 83
Function value 1.4224e+02; maximum gradient component mag -8.1252e+00
Exit code = 1;  converg criter 1.0000e+01
Var    Value     Gradient |Var    Value     Gradient |Var    Value     Gradient
  1  0.17984 -8.12520e+00 |  2 -0.08087  1.41754e-02 |  3  0.01637 -1.30260e-01
  4 -0.02651  2.26586e-01 |  5  0.03663 -2.35011e-03 |  6  0.00916  2.35577e-01
  7 -0.04636  1.30675e-01 |  8 -0.02031  1.23285e-01 |  9 -0.00063  1.99144e-01
 10  0.06145  1.94035e-01 | 11  0.01799  1.14406e-02 | 12  0.03787 -2.98768e-02
 13  0.00451  1.45374e-01 | 14  0.00970 -1.17398e-01 | 15  0.05072 -2.01037e-01
 16 -0.00573 -2.50091e-02 | 17 -0.06247  2.09864e-01 | 18 -0.00668  8.21694e-02
 19 -0.03169  2.41278e-02 | 20  0.07604 -2.35176e-01 | 21  0.07594 -2.61473e-01
 22 -0.02447 -9.36348e-02 | 23 -0.00212 -8.76624e-02 | 24 -0.10043 -4.97743e-02
 25 -0.01940  8.78476e-02 | 26 -0.01162  2.87915e-01 | 27 -0.01183  3.16453e-02
 28  0.02383 -2.57031e-04 | 29 -0.01526 -6.55133e-01 | 30  0.05127 -1.88354e-01
 31 -0.02571  5.49343e-02 | 32  0.05286 -1.76100e-01 | 33  0.01650 -9.12773e-02
 34  0.04320  2.86148e-02 | 35 -0.00784  8.09553e-02 | 36 -0.05401  5.71462e-02
 37 -0.02902  2.75340e-01 | 38 -0.05553  3.60555e-02 | 39  0.10848 -3.57248e+00
 40  0.08117 -4.74180e-02 | 41  0.18032  9.64150e-02 | 42  0.11766  1.98878e-01
 43  0.85333  8.79227e-03 | 44 -0.08672 -5.43338e-02 | 45  0.74040 -1.48274e-02
 46 -0.19998 -5.51314e-02 | 47 -0.52612  7.12833e-02 | 48  0.73958  4.12111e-03
 49 -0.31734 -6.68138e-03 | 50 -0.35291 -1.98220e-02 | 51 -0.12677  1.48338e-02
 52 -0.47800  4.08986e-02 | 53 -0.35588  1.14596e+00 | 54 -0.82793  4.11757e-02
 55 -0.05598  3.08858e-01 |

Initial statistics: 58 variables; iteration 0; function evaluation 0; phase 3
Function value 1.4223883e+02; maximum gradient component mag -8.0818e+02
Var    Value     Gradient |Var    Value     Gradient |Var    Value     Gradient
  1  0.17984 -8.12520e+00 |  2 -0.08087  1.41754e-02 |  3  0.01637 -1.30260e-01
  4 -0.02651  2.26586e-01 |  5  0.03663 -2.35011e-03 |  6  0.00916  2.33128e-01
  7 -0.04636  1.28232e-01 |  8 -0.02031  1.20837e-01 |  9 -0.00063  1.96694e-01
 10  0.06145  1.91598e-01 | 11  0.01799  8.99243e-03 | 12  0.03787 -3.23216e-02
 13  0.00451  1.42925e-01 | 14  0.00970 -1.19847e-01 | 15  0.05072 -2.03479e-01
 16 -0.00573 -2.74581e-02 | 17 -0.06247  2.07427e-01 | 18 -0.00668  7.97204e-02
 19 -0.03169  2.16816e-02 | 20  0.07604 -2.37607e-01 | 21  0.07594 -2.63904e-01
 22 -0.02447 -9.60821e-02 | 23 -0.00212 -9.01115e-02 | 24 -0.10043 -5.21931e-02
 25 -0.01940  8.53996e-02 | 26 -0.01162  2.85466e-01 | 27 -0.01183  2.91966e-02
 28  0.02383 -2.70449e-03 | 29 -0.01526 -6.57581e-01 | 30  0.05127 -1.90795e-01
 31 -0.02571  5.24871e-02 | 32  0.05286 -1.78541e-01 | 33  0.01650 -9.37257e-02
 34  0.04320  2.61713e-02 | 35 -0.00784  7.85063e-02 | 36 -0.05401  5.47058e-02
 37 -0.02902  2.72894e-01 | 38 -0.05553  3.36157e-02 | 39  0.10848 -3.57248e+00
 40  0.08117 -4.74180e-02 | 41  0.18032  9.64150e-02 | 42  0.11766  1.98878e-01
 43  0.85333  8.79227e-03 | 44 -0.08672 -5.43338e-02 | 45  0.74040 -1.48274e-02
 46 -0.19998 -5.51314e-02 | 47 -0.52612  7.12833e-02 | 48  0.73958  4.12111e-03
 49 -0.31734 -6.68138e-03 | 50 -0.35291 -1.98220e-02 | 51 -0.12677  1.48338e-02
 52 -0.47800  4.08986e-02 | 53 -0.35588  1.14596e+00 | 54 -0.82793  4.11757e-02
 55 -0.17585 -8.08181e+02 | 56 -0.12819 -3.72821e+02 | 57 -0.05598  3.08858e-01
 58  0.05795 -7.09121e+00 |

Intermediate statistics: 58 variables; iteration 20; function evaluation 25; phase 3
Function value 1.2119237e+02; maximum gradient component mag -2.0520e+02
Var    Value     Gradient |Var    Value     Gradient |Var    Value     Gradient
  1  0.17496  5.38589e+01 |  2 -0.08436 -4.18906e-01 |  3  0.01397  6.41388e-01
  4 -0.02981 -7.18448e-01 |  5  0.03330 -3.95424e-02 |  6  0.00465 -1.44169e-01
  7 -0.04977  5.42598e-01 |  8 -0.02258  6.69620e-01 |  9 -0.00420 -7.77970e-02
 10  0.05869 -1.66299e+00 | 11  0.01637 -2.37774e+00 | 12  0.03984  1.25193e+00
 13  0.00562  3.13412e+00 | 14  0.00865 -4.68729e-01 | 15  0.05461  8.27171e+00
 16 -0.00446  4.33327e+00 | 17 -0.07225 -5.44824e+00 | 18 -0.02870 -2.56386e+01
 19 -0.03436  5.93420e+00 | 20  0.05266 -2.86143e+01 | 21  0.05846 -1.74541e+01
 22 -0.03354 -2.60131e-01 | 23 -0.02632 -3.13595e+01 | 24 -0.12231 -1.97369e+01
 25 -0.02126  7.58481e+00 | 26 -0.02469 -5.92962e+00 | 27 -0.02799 -2.05515e+01
 28  0.02867  8.89046e+00 | 29 -0.01020  5.17559e+00 | 30  0.06054 -1.12080e+01
 31 -0.02241 -4.69578e-01 | 32  0.07716  1.64570e+01 | 33  0.03844  2.24153e+01
 34  0.05441  1.87462e+01 | 35  0.00303  6.03878e+00 | 36 -0.04008  2.97401e+01
 37 -0.01127  4.81698e+01 | 38 -0.00525  3.62532e+00 | 39  0.12137  1.41797e+02
 40  0.12547 -1.36662e+02 | 41  0.20040  4.89554e+01 | 42  0.12758  8.76176e+01
 43  0.85304  9.61353e-03 | 44 -0.07651 -4.55780e-01 | 45  0.74083 -1.27900e-02
 46 -0.19052 -2.75245e-01 | 47 -0.53407 -1.29799e+00 | 48  0.73943  5.60635e-03
 49 -0.31407 -1.63040e-01 | 50 -0.36791 -1.21245e+01 | 51 -0.13953  5.07596e+00
 52 -0.47903  3.88690e-02 | 53 -0.44593 -3.36203e-03 | 54 -0.83159 -1.14893e-02
 55 -0.13195  2.47524e+01 | 56 -0.11510 -2.05200e+02 | 57 -0.02482  4.18592e+00
 58  0.08940 -5.69432e+00 |
58 variables; iteration 40; function evaluation 46; phase 3
Function value 1.1799977e+02; maximum gradient component mag 9.3377e+01
Var    Value     Gradient |Var    Value     Gradient |Var    Value     Gradient
  1  0.17776  9.33768e+01 |  2 -0.06894  3.26634e+00 |  3  0.02269  5.49692e-01
  4 -0.01842  3.42876e+00 |  5  0.04368 -5.68031e-01 |  6  0.01927 -6.50366e-02
  7 -0.03072  9.85699e+00 |  8 -0.01261  2.28263e+00 |  9 -0.00379 -1.46073e+01
 10  0.07521  1.53243e+01 | 11  0.02212 -2.96383e+00 | 12  0.03953  4.23991e-01
 13 -0.00072 -5.87854e+00 | 14  0.00088 -1.02809e+01 | 15  0.05678  1.54711e+01
 16 -0.01421 -1.64435e+01 | 17 -0.06764  5.13638e+00 | 18 -0.02638 -1.16259e+01
 19 -0.03306  7.78677e+00 | 20  0.06120  3.30492e+00 | 21  0.05521 -2.27750e+01
 22 -0.03533 -5.36744e+00 | 23 -0.02187 -8.62123e+00 | 24 -0.12745 -2.36952e+01
 25 -0.01966  1.11077e+01 | 26 -0.02594 -7.24307e+00 | 27 -0.02626 -5.33636e+00
 28  0.02391  4.55914e+00 | 29 -0.01464 -1.31423e+00 | 30  0.06003  6.47906e+00
 31 -0.02235  5.60555e+00 | 32  0.07003  5.10113e+00 | 33  0.03200  1.19078e+01
 34  0.05017  1.06121e+01 | 35 -0.00074  5.04085e+00 | 36 -0.04625  1.34808e+01
 37 -0.01985  1.60018e+01 | 38 -0.01687  5.52919e-01 | 39  0.11337  1.86791e+00
 40  0.13074  4.07903e+00 | 41  0.18938  1.21445e+01 | 42  0.12098  2.42672e+01
 43  0.84616  8.12703e-03 | 44 -0.08917 -3.63478e-01 | 45  0.75109 -1.19472e-02
 46 -0.19830 -1.89792e-01 | 47 -0.52926  3.77188e+00 | 48  0.73572  4.10058e-03
 49 -0.31451 -1.87752e-02 | 50 -0.36285 -1.23250e+00 | 51 -0.14131 -2.20541e+00
 52 -0.49712 -1.26967e-02 | 53 -0.54045 -3.53075e-03 | 54 -0.83007 -1.13041e-02
 55 -0.12729 -7.98558e+01 | 56 -0.10616 -7.53887e+01 | 57 -0.03483  8.05524e+00
 58  0.08015 -8.18102e+00 |
58 variables; iteration 60; function evaluation 77; phase 3
Function value 1.1555266e+02; maximum gradient component mag -1.2245e+01
Var    Value     Gradient |Var    Value     Gradient |Var    Value     Gradient
  1  0.17732  2.22463e+00 |  2 -0.08301 -3.05467e-01 |  3  0.01498 -3.04980e-02
  4 -0.02812  1.00942e-01 |  5  0.03476  6.87417e-02 |  6  0.00630 -4.83359e-01
  7 -0.04852  1.34579e-01 |  8 -0.02193 -6.56827e-01 |  9 -0.00143  7.62604e-01
 10  0.06146 -1.03160e-01 | 11  0.01855 -4.19881e-01 | 12  0.03914 -5.98764e-01
 13  0.00509 -4.70412e-01 | 14  0.01008  1.59586e-01 | 15  0.05160 -6.93034e-01
 16 -0.00619 -5.10338e-01 | 17 -0.06857 -1.30928e+00 | 18 -0.01790  9.43733e-01
 19 -0.03474 -1.04157e+00 | 20  0.06346 -6.09027e-01 | 21  0.06669  7.37156e-01
 22 -0.02985  1.38517e+00 | 23 -0.01523  1.08771e+00 | 24 -0.11241  1.62027e+00
 25 -0.02342 -2.02635e+00 | 26 -0.02058  2.17246e-01 | 27 -0.02027  1.27312e-01
 28  0.02393 -4.05813e-01 | 29 -0.01440  3.61518e-01 | 30  0.05874  5.65343e-01
 31 -0.02424 -3.01352e-01 | 32  0.06914  1.05721e+00 | 33  0.02955  1.90529e-01
 34  0.04898  2.94124e-02 | 35 -0.00146  3.18901e-02 | 36 -0.04848 -5.49100e-01
 37 -0.02223 -7.49755e-01 | 38 -0.02110  4.53401e-01 | 39  0.11261 -2.40744e-01
 40  0.13576  3.45589e+00 | 41  0.18799 -8.51122e-02 | 42  0.11921 -1.20128e+00
 43  0.79245  2.13129e-03 | 44 -0.05404  2.68838e-01 | 45  0.81699 -7.24475e-04
 46 -0.19480 -1.62027e-01 | 47 -0.53044 -6.55747e-01 | 48  0.69929  2.91799e-03
 49 -0.31562 -9.40420e-02 | 50 -0.35909  2.85987e-01 | 51 -0.13217 -1.27778e-01
 52 -0.48907 -8.29086e-03 | 53 -0.46887  9.27787e-04 | 54 -0.74066 -6.58753e-03
 55 -0.10812 -1.22450e+01 | 56 -0.08161  1.09707e+01 | 57 -0.04247  9.58601e-02
 58  0.07282  1.05328e-01 |

 - final statistics:
58 variables; iteration 64; function evaluation 81
Function value 1.1554e+02; maximum gradient component mag -2.9461e-01
Exit code = 1;  converg criter 1.0000e+00
Var    Value     Gradient |Var    Value     Gradient |Var    Value     Gradient
  1  0.17736 -2.94609e-01 |  2 -0.08190  7.76761e-03 |  3  0.01531  5.28949e-03
  4 -0.02788 -5.90187e-03 |  5  0.03509  1.81701e-05 |  6  0.00694  1.96491e-02
  7 -0.04824  3.23484e-03 |  8 -0.02149  8.77433e-03 |  9 -0.00188 -1.04010e-02
 10  0.06155  1.13658e-02 | 11  0.01894  8.95100e-03 | 12  0.03952  1.73721e-02
 13  0.00533  8.83199e-03 | 14  0.01006  8.55005e-03 | 15  0.05182  2.43457e-02
 16 -0.00602  5.22865e-03 | 17 -0.06795  2.12185e-02 | 18 -0.01850 -3.31530e-02
 19 -0.03442  1.95023e-02 | 20  0.06348  4.76075e-03 | 21  0.06624 -2.45814e-02
 22 -0.03068 -2.11263e-02 | 23 -0.01588 -3.26409e-02 | 24 -0.11344 -4.13736e-02
 25 -0.02263  4.07153e-02 | 26 -0.02070 -7.06928e-03 | 27 -0.02056 -1.73152e-02
 28  0.02391  3.05715e-03 | 29 -0.01451 -5.19946e-03 | 30  0.05868 -1.31915e-02
 31 -0.02421  5.90552e-03 | 32  0.06905 -1.74790e-02 | 33  0.02954 -2.70988e-04
 34  0.04893  2.97790e-03 | 35 -0.00152  2.09697e-03 | 36 -0.04848  1.56991e-02
 37 -0.02219  2.20740e-02 | 38 -0.02089 -6.24915e-03 | 39  0.11261  2.53395e-02
 40  0.13597 -1.80222e-01 | 41  0.18791  1.90193e-04 | 42  0.11928  3.14305e-02
 43  0.78348  1.21384e-03 | 44 -0.07062  1.25381e-03 | 45  0.81977 -3.22056e-04
 46 -0.19194  2.70360e-03 | 47 -0.53019  1.56725e-02 | 48  0.68655  2.09836e-03
 49 -0.31177  7.76313e-04 | 50 -0.35893 -1.42110e-02 | 51 -0.13188  9.85872e-03
 52 -0.48675  2.90877e-04 | 53 -0.47225  1.22920e-03 | 54 -0.70945 -5.58738e-03
 55 -0.10789  2.64821e-01 | 56 -0.08248 -2.02651e-01 | 57 -0.04233  3.70121e-03
 58  0.07295 -4.20294e-03 |

Initial statistics: 60 variables; iteration 0; function evaluation 0; phase 4
Function value 1.1553925e+02; maximum gradient component mag 5.5813e+01
Var    Value     Gradient |Var    Value     Gradient |Var    Value     Gradient
  1  0.17736 -2.94609e-01 |  2 -0.08190  7.76761e-03 |  3  0.01531  5.28949e-03
  4 -0.02788 -5.90187e-03 |  5  0.03509  1.81701e-05 |  6  0.00694  1.89310e-02
  7 -0.04824  2.51880e-03 |  8 -0.02149  8.05663e-03 |  9 -0.00188 -1.11191e-02
 10  0.06155  1.06510e-02 | 11  0.01894  8.23322e-03 | 12  0.03952  1.66554e-02
 13  0.00533  8.11391e-03 | 14  0.01006  7.83204e-03 | 15  0.05182  2.36300e-02
 16 -0.00602  4.51058e-03 | 17 -0.06795  2.05045e-02 | 18 -0.01850 -3.38708e-02
 19 -0.03442  1.87853e-02 | 20  0.06348  4.04622e-03 | 21  0.06624 -2.52957e-02
 22 -0.03068 -2.18435e-02 | 23 -0.01588 -3.33588e-02 | 24 -0.11344 -4.20803e-02
 25 -0.02263  3.99976e-02 | 26 -0.02070 -7.78700e-03 | 27 -0.02056 -1.80329e-02
 28  0.02391  2.33955e-03 | 29 -0.01451 -5.91738e-03 | 30  0.05868 -1.39065e-02
 31 -0.02421  5.18794e-03 | 32  0.06905 -1.81929e-02 | 33  0.02954 -9.88318e-04
 34  0.04893  2.26192e-03 | 35 -0.00152  1.37887e-03 | 36 -0.04848  1.49831e-02
 37 -0.02219  2.13563e-02 | 38 -0.02089 -6.96687e-03 | 39  0.11261  2.53395e-02
 40  0.13597 -1.80222e-01 | 41  0.18791  1.90193e-04 | 42  0.11928  3.14305e-02
 43  0.78348  1.21384e-03 | 44 -0.07062  1.25381e-03 | 45  0.81977 -3.22056e-04
 46 -0.19194  2.70360e-03 | 47 -0.53019  1.56725e-02 | 48  0.68655  2.09836e-03
 49 -0.31177  7.76313e-04 | 50 -0.35893 -1.42110e-02 | 51 -0.13188  9.85872e-03
 52 -0.48675  2.90877e-04 | 53 -0.47225  1.22920e-03 | 54 -0.70945 -5.58738e-03
 55 -0.10789  2.64821e-01 | 56 -0.08248 -2.02651e-01 | 57 -0.04233  3.70121e-03
 58  0.07295 -4.20294e-03 | 59  0.12819  5.58130e+01 | 60 -0.12819 -5.56931e+01

Intermediate statistics: 60 variables; iteration 20; function evaluation 27; phase 4
Function value 1.1195975e+02; maximum gradient component mag -5.1407e+01
Var    Value     Gradient |Var    Value     Gradient |Var    Value     Gradient
  1  0.17634 -3.20623e+01 |  2 -0.08872 -1.72277e+00 |  3  0.01311  4.67415e-01
  4 -0.03007  3.63548e-01 |  5  0.03178 -3.68637e-01 |  6  0.00260  5.60778e-01
  7 -0.05214  1.09516e+00 |  8 -0.02498  1.65340e+00 |  9 -0.00734 -4.74250e-01
 10  0.05679 -1.58403e+00 | 11  0.01713  6.70282e-01 | 12  0.04088  2.61310e+00
 13  0.00772  2.64920e+00 | 14  0.01348  4.46367e+00 | 15  0.05162 -1.74995e+00
 16 -0.00655 -1.19892e+00 | 17 -0.06906  1.23645e+00 | 18 -0.02256 -2.75127e+00
 19 -0.03442  4.76600e-01 | 20  0.05909 -3.90222e+00 | 21  0.06357 -6.16537e-01
 22 -0.03219  1.02699e+00 | 23 -0.01960 -2.30412e+00 | 24 -0.11559  1.32950e+00
 25 -0.02567 -3.61576e+00 | 26 -0.02492 -3.93806e+00 | 27 -0.02217  2.21927e-01
 28  0.02381 -6.13069e+00 | 29 -0.01326 -2.32409e+00 | 30  0.06320  6.50842e+00
 31 -0.02021  5.51454e+00 | 32  0.07441  4.50986e+00 | 33  0.03452  6.08275e+00
 34  0.05186  1.58853e+00 | 35  0.00140  2.76366e+00 | 36 -0.04626 -3.04297e+00
 37 -0.01766  1.70373e+00 | 38 -0.00704  1.33752e+01 | 39  0.11335 -1.35843e+01
 40  0.13165  1.03845e+01 | 41  0.18934 -3.76828e+00 | 42  0.12017  1.68676e+01
 43  0.78306  1.60551e-03 | 44 -0.05541  8.00017e-02 | 45  0.81983 -5.11994e-06
 46 -0.17735  4.36038e-01 | 47 -0.53169  6.56230e-01 | 48  0.68585  2.56896e-03
 49 -0.30818  1.00448e-03 | 50 -0.36797 -7.33889e+00 | 51 -0.14471  9.86252e-01
 52 -0.48671  1.67562e-02 | 53 -0.47275  2.53645e-03 | 54 -0.70779 -5.28706e-03
 55 -0.17797 -5.14070e+01 | 56 -0.09088  4.84103e+01 | 57 -0.03821 -2.00266e+01
 58  0.07868  1.56625e+01 | 59  0.14947  5.29434e+00 | 60  0.01695 -2.97425e+01
60 variables; iteration 40; function evaluation 50; phase 4
Function value 1.1173847e+02; maximum gradient component mag -9.2942e+01
Var    Value     Gradient |Var    Value     Gradient |Var    Value     Gradient
  1  0.17675 -9.29416e+01 |  2 -0.08384 -7.13484e-01 |  3  0.01657  1.32418e+00
  4 -0.02660  1.24453e+00 |  5  0.03495  1.65273e-01 |  6  0.00602  1.12530e+00
  7 -0.04901  1.24533e+00 |  8 -0.02137  2.55071e+00 |  9 -0.00248  1.76331e+00
 10  0.06025  6.52172e-01 | 11  0.01829  1.01791e+00 | 12  0.04029  2.39977e+00
 13  0.00686  3.14064e+00 | 14  0.01173  2.99743e+00 | 15  0.05307  3.80498e+00
 16 -0.00500  4.19216e+00 | 17 -0.06986  9.21049e-01 | 18 -0.02289 -1.51313e+00
 19 -0.03718 -4.14435e+00 | 20  0.05894 -1.97843e+00 | 21  0.06276 -2.84402e-01
 22 -0.03242  2.48015e+00 | 23 -0.02016 -1.45642e+00 | 24 -0.11678  3.92292e-01
 25 -0.02571 -2.22514e+00 | 26 -0.02421 -1.65653e+00 | 27 -0.02429 -3.45182e+00
 28  0.02325 -5.74244e+00 | 29 -0.01397 -5.43135e+00 | 30  0.06185 -3.46867e+00
 31 -0.02090  4.56420e+00 | 32  0.07359 -1.56963e+00 | 33  0.03310 -2.10873e+00
 34  0.05113 -1.32533e+00 | 35  0.00135  5.47378e+00 | 36 -0.04565  4.95876e+00
 37 -0.01941 -1.21254e+00 | 38 -0.01119  3.49448e+00 | 39  0.11346 -3.84953e+00
 40  0.13061 -2.50474e+01 | 41  0.18962 -2.42873e+00 | 42  0.11999  5.68114e+00
 43  0.78221  1.34113e-03 | 44 -0.06578 -1.22477e-02 | 45  0.81995 -8.65136e-05
 46 -0.18774  8.54880e-02 | 47 -0.52944  6.92969e+00 | 48  0.68439  1.08237e-03
 49 -0.31280 -6.92430e-02 | 50 -0.36584 -7.73255e+00 | 51 -0.14170  1.53853e+00
 52 -0.48644  1.90499e-02 | 53 -0.47377  1.84974e-03 | 54 -0.70433 -5.32019e-03
 55 -0.21961  3.21528e+01 | 56 -0.09697 -2.54949e+01 | 57 -0.03632 -4.10333e+00
 58  0.07990  5.74094e+00 | 59  0.22178  5.39240e+00 | 60  0.10273  9.66781e+00
60 variables; iteration 60; function evaluation 78; phase 4
Function value 1.1156994e+02; maximum gradient component mag 5.7526e+00
Var    Value     Gradient |Var    Value     Gradient |Var    Value     Gradient
  1  0.17707  5.75261e+00 |  2 -0.08307 -3.51912e-01 |  3  0.01529  5.48255e-01
  4 -0.02835 -3.62141e-01 |  5  0.03465 -4.38001e-01 |  6  0.00691  1.52019e-01
  7 -0.04811  1.29834e-01 |  8 -0.02147 -3.23242e-01 |  9 -0.00157 -8.22091e-03
 10  0.06215  2.87522e-01 | 11  0.01929 -8.45458e-02 | 12  0.03974 -9.41916e-02
 13  0.00549  2.33723e-01 | 14  0.00972 -4.84190e-01 | 15  0.05136 -1.01780e+00
 16 -0.00653 -7.13493e-03 | 17 -0.07006 -1.99466e-02 | 18 -0.02238 -1.27729e-01
 19 -0.03511  5.25163e-01 | 20  0.05973  3.94539e-02 | 21  0.06298 -2.17404e-02
 22 -0.03344 -4.73095e-01 | 23 -0.01989 -6.98905e-02 | 24 -0.11703 -3.63058e-01
 25 -0.02423  1.84545e-01 | 26 -0.02219  8.15800e-02 | 27 -0.02347  1.42987e-01
 28  0.02324  4.76748e-01 | 29 -0.01289  8.09591e-01 | 30  0.06196  3.74817e-01
 31 -0.02170 -5.76003e-01 | 32  0.07349  1.42964e-01 | 33  0.03336  3.45117e-01
 34  0.05094  8.51397e-02 | 35 -0.00005 -7.78245e-01 | 36 -0.04709 -6.05496e-01
 37 -0.01985  9.97136e-02 | 38 -0.01358 -6.70505e-01 | 39  0.11319  4.44033e-01
 40  0.13027  5.47645e-01 | 41  0.18882  1.33352e-01 | 42  0.11875 -7.08670e-01
 43  0.77494  4.35685e-04 | 44 -0.06679  2.79869e-02 | 45  0.82086 -3.98298e-05
 46 -0.19177 -4.48521e-02 | 47 -0.53124 -9.28224e-01 | 48  0.66940  1.62990e-03
 49 -0.31296 -3.58125e-02 | 50 -0.35986  1.05551e+00 | 51 -0.13291 -4.85654e-01
 52 -0.51876 -9.82945e-02 | 53 -0.48309  8.63364e-04 | 54 -0.66551 -4.54821e-03
 55 -0.16471 -2.47455e+00 | 56 -0.11128  4.29008e+00 | 57 -0.03972  4.14564e-01
 58  0.07556 -7.42519e-01 | 59  0.05048 -4.52386e-01 | 60 -0.04031 -7.07843e-01
60 variables; iteration 80; function evaluation 101; phase 4
Function value 1.1155582e+02; maximum gradient component mag -1.5584e-01
Var    Value     Gradient |Var    Value     Gradient |Var    Value     Gradient
  1  0.17700  1.26610e-01 |  2 -0.08216  7.07646e-04 |  3  0.01500  1.84442e-04
  4 -0.02816  3.46215e-04 |  5  0.03478 -5.38717e-04 |  6  0.00653 -1.67133e-03
  7 -0.04859 -1.15867e-03 |  8 -0.02171 -2.59756e-03 |  9 -0.00207 -4.14785e-04
 10  0.06154  8.03229e-05 | 11  0.01903 -1.34749e-03 | 12  0.03972 -3.38758e-03
 13  0.00540 -3.65932e-03 | 14  0.01001 -4.16073e-03 | 15  0.05184 -2.68446e-03
 16 -0.00649 -3.56403e-03 | 17 -0.07005 -2.25687e-03 | 18 -0.02234  3.99699e-05
 19 -0.03528  5.26076e-04 | 20  0.05970  5.31052e-04 | 21  0.06299 -6.46696e-04
 22 -0.03319 -2.49015e-03 | 23 -0.01985  4.31818e-04 | 24 -0.11683 -2.06124e-03
 25 -0.02429  2.23430e-03 | 26 -0.02228  1.89571e-03 | 27 -0.02350 -9.84968e-04
 28  0.02331  3.30835e-03 | 29 -0.01295  6.63109e-03 | 30  0.06202  6.61124e-03
 31 -0.02154 -4.85660e-03 | 32  0.07356  1.04505e-02 | 33  0.03339  5.10512e-03
 34  0.05106  3.12099e-03 | 35  0.00020 -3.26622e-03 | 36 -0.04683 -3.31625e-03
 37 -0.01969 -1.02554e-03 | 38 -0.01306 -2.18322e-03 | 39  0.11323  4.40698e-03
 40  0.13034  5.01473e-02 | 41  0.18892  1.03010e-03 | 42  0.11891 -3.15280e-03
 43  0.76954 -1.13971e-04 | 44 -0.06780 -3.44444e-04 | 45  0.82128  3.37529e-05
 46 -0.19059 -5.78396e-04 | 47 -0.53107 -4.60752e-03 | 48  0.64508  8.15246e-05
 49 -0.31114 -3.75396e-04 | 50 -0.36003  6.40718e-03 | 51 -0.13270 -1.91801e-03
 52 -0.48681 -2.55259e-04 | 53 -0.57309 -2.80694e-04 | 54 -0.35104 -3.68800e-04
 55 -0.13795 -1.55838e-01 | 56 -0.14792  1.43457e-01 | 57 -0.03920  3.97335e-03
 58  0.07620 -5.69690e-03 | 59 -0.12211 -1.48107e-02 | 60 -0.16231 -5.66966e-02
60 variables; iteration 100; function evaluation 121; phase 4
Function value 1.1155577e+02; maximum gradient component mag 2.0646e-01
Var    Value     Gradient |Var    Value     Gradient |Var    Value     Gradient
  1  0.17700  2.43988e-02 |  2 -0.08216  1.44025e-03 |  3  0.01500  1.05238e-04
  4 -0.02815  7.88858e-04 |  5  0.03479 -3.79822e-04 |  6  0.00653 -1.96372e-04
  7 -0.04859  5.18749e-04 |  8 -0.02171 -1.32162e-03 |  9 -0.00207  1.94657e-03
 10  0.06155  2.48638e-03 | 11  0.01904  5.84549e-04 | 12  0.03972 -2.61231e-03
 13  0.00540 -3.42196e-03 | 14  0.01001 -3.86633e-03 | 15  0.05184 -5.20714e-04
 16 -0.00649 -2.64385e-03 | 17 -0.07006 -1.33578e-03 | 18 -0.02234  1.81282e-03
 19 -0.03529  2.01539e-03 | 20  0.05970  2.44684e-03 | 21  0.06299  5.61723e-04
 22 -0.03319 -2.68573e-03 | 23 -0.01985  1.36094e-03 | 24 -0.11683 -2.29672e-03
 25 -0.02429  3.59243e-03 | 26 -0.02228  4.99172e-03 | 27 -0.02350 -3.96652e-04
 28  0.02331  5.03685e-04 | 29 -0.01295  6.03137e-03 | 30  0.06202  1.66414e-03
 31 -0.02154 -6.51510e-03 | 32  0.07356  2.95803e-03 | 33  0.03339  8.88014e-04
 34  0.05106  1.59306e-03 | 35  0.00020 -3.83189e-03 | 36 -0.04683 -2.54211e-03
 37 -0.01969 -3.98255e-04 | 38 -0.01306 -1.00774e-02 | 39  0.11323  5.19646e-03
 40  0.13034  8.24861e-04 | 41  0.18892  1.23984e-03 | 42  0.11891 -3.57526e-03
 43  0.76621 -4.70413e-04 | 44 -0.06781 -4.95438e-04 | 45  0.82102 -7.74401e-06
 46 -0.19060 -9.48010e-04 | 47 -0.53107 -6.11582e-03 | 48  0.64079 -1.74204e-04
 49 -0.31114 -4.89992e-04 | 50 -0.36003  8.20175e-03 | 51 -0.13270 -1.95285e-03
 52 -0.48682 -3.04685e-04 | 53 -0.58215  9.62055e-05 | 54 -0.31499  1.39176e-04
 55 -0.14878  2.06462e-01 | 56 -0.13851 -1.85065e-01 | 57 -0.03920  4.06235e-03
 58  0.07619 -6.94173e-03 | 59 -0.06881  1.33466e-02 | 60 -0.12191  8.09230e-02
60 variables; iteration 120; function evaluation 142; phase 4
Function value 1.1155576e+02; maximum gradient component mag 4.1337e-01
Var    Value     Gradient |Var    Value     Gradient |Var    Value     Gradient
  1  0.17700 -1.51985e-01 |  2 -0.08216 -1.37616e-04 |  3  0.01500 -7.50436e-06
  4 -0.02816 -8.46964e-05 |  5  0.03478  6.40388e-05 |  6  0.00652  2.17775e-03
  7 -0.04859  2.07103e-03 |  8 -0.02172  2.27264e-03 |  9 -0.00208  1.96400e-03
 10  0.06154  1.90469e-03 | 11  0.01903  2.11433e-03 | 12  0.03972  2.39666e-03
 13  0.00541  2.49447e-03 | 14  0.01002  2.52668e-03 | 15  0.05184  2.31287e-03
 16 -0.00649  2.48795e-03 | 17 -0.07005  2.16637e-03 | 18 -0.02234  1.77544e-03
 19 -0.03529  1.73568e-03 | 20  0.05970  1.67685e-03 | 21  0.06299  1.85149e-03
 22 -0.03319  1.55700e-03 | 23 -0.01984  1.14032e-03 | 24 -0.11683  1.31842e-03
 25 -0.02429  5.09618e-04 | 26 -0.02228  1.41084e-03 | 27 -0.02350  1.51622e-03
 28  0.02331 -3.11739e-03 | 29 -0.01295 -3.67631e-03 | 30  0.06202 -8.31299e-03
 31 -0.02154  3.44460e-04 | 32  0.07356 -1.30403e-02 | 33  0.03339 -6.97517e-03
 34  0.05106 -3.30261e-03 | 35  0.00021  4.06417e-04 | 36 -0.04683  2.00062e-03
 37 -0.01969  1.26580e-03 | 38 -0.01306 -5.89872e-03 | 39  0.11323 -7.97369e-04
 40  0.13034 -6.91358e-02 | 41  0.18892 -2.22297e-04 | 42  0.11891  3.27176e-04
 43  0.77059 -7.98432e-07 | 44 -0.06777  5.29308e-05 | 45  0.82087 -3.03292e-05
 46 -0.19058  1.03406e-04 | 47 -0.53107  7.49012e-04 | 48  0.64367 -3.45521e-06
 49 -0.31112  6.19531e-05 | 50 -0.36003 -9.30984e-04 | 51 -0.13271  2.31551e-04
 52 -0.48673  3.86145e-05 | 53 -0.57955  4.06967e-06 | 54 -0.32482  3.97846e-06
 55 -0.16098  4.13373e-01 | 56 -0.13762 -3.65975e-01 | 57 -0.03919 -6.32538e-04
 58  0.07620  9.48943e-04 | 59 -0.03986  2.31652e-02 | 60 -0.09393  1.68716e-01

 - final statistics:
60 variables; iteration 140; function evaluation 165
Function value 1.1156e+02; maximum gradient component mag -2.5418e-05
Exit code = 1;  converg criter 1.0000e-04
Var    Value     Gradient |Var    Value     Gradient |Var    Value     Gradient
  1  0.17700  2.19100e-05 |  2 -0.08216 -5.87952e-07 |  3  0.01500 -1.09000e-06
  4 -0.02816 -2.87330e-07 |  5  0.03478  5.78296e-07 |  6  0.00652 -6.51062e-07
  7 -0.04859 -9.83777e-07 |  8 -0.02172  9.44625e-07 |  9 -0.00208 -2.28358e-06
 10  0.06154 -3.14265e-06 | 11  0.01903 -1.38939e-06 | 12  0.03972  1.54601e-06
 13  0.00541  1.77578e-06 | 14  0.01002  3.26409e-06 | 15  0.05184 -9.05245e-07
 16 -0.00649  5.05112e-07 | 17 -0.07005  2.26379e-06 | 18 -0.02234  1.71198e-06
 19 -0.03528  5.99772e-07 | 20  0.05970  1.05166e-06 | 21  0.06299  3.44016e-06
 22 -0.03319  3.86048e-06 | 23 -0.01984  2.59824e-06 | 24 -0.11683  4.21170e-06
 25 -0.02429 -2.66652e-06 | 26 -0.02228 -4.26982e-06 | 27 -0.02350  5.67937e-06
 28  0.02331  1.67338e-06 | 29 -0.01295 -5.71198e-06 | 30  0.06202 -2.51868e-06
 31 -0.02154  2.65514e-06 | 32  0.07356 -5.65215e-06 | 33  0.03339 -3.66766e-06
 34  0.05106 -2.46283e-06 | 35  0.00021  7.65022e-07 | 36 -0.04683 -2.62390e-07
 37 -0.01969  1.58695e-06 | 38 -0.01306  5.51039e-06 | 39  0.11323 -9.29282e-07
 40  0.13034  9.64119e-06 | 41  0.18892  1.79692e-07 | 42  0.11891  4.75377e-06
 43  0.77060 -2.79182e-08 | 44 -0.06777  4.01367e-07 | 45  0.82105 -2.31993e-06
 46 -0.19058  8.49753e-07 | 47 -0.53107  4.25363e-06 | 48  0.64372 -1.03120e-08
 49 -0.31112  2.65130e-07 | 50 -0.36003 -5.19242e-06 | 51 -0.13271  1.17605e-06
 52 -0.48674  1.60043e-07 | 53 -0.57950 -1.40855e-07 | 54 -0.32506 -4.26565e-08
 55 -0.17400 -2.54185e-05 | 56 -0.13872  4.47753e-06 | 57 -0.03919  8.51369e-08
 58  0.07620  2.50821e-06 | 59 -0.01563  1.15973e-05 | 60 -0.06796 -2.35554e-05
Estimating row 1 out of 60 for hessian
Estimating row 2 out of 60 for hessian
Estimating row 3 out of 60 for hessian
Estimating row 4 out of 60 for hessian
Estimating row 5 out of 60 for hessian
Estimating row 6 out of 60 for hessian
Estimating row 7 out of 60 for hessian
Estimating row 8 out of 60 for hessian
Estimating row 9 out of 60 for hessian
Estimating row 10 out of 60 for hessian
Estimating row 11 out of 60 for hessian
Estimating row 12 out of 60 for hessian
Estimating row 13 out of 60 for hessian
Estimating row 14 out of 60 for hessian
Estimating row 15 out of 60 for hessian
Estimating row 16 out of 60 for hessian
Estimating row 17 out of 60 for hessian
Estimating row 18 out of 60 for hessian
Estimating row 19 out of 60 for hessian
Estimating row 20 out of 60 for hessian
Estimating row 21 out of 60 for hessian
Estimating row 22 out of 60 for hessian
Estimating row 23 out of 60 for hessian
Estimating row 24 out of 60 for hessian
Estimating row 25 out of 60 for hessian
Estimating row 26 out of 60 for hessian
Estimating row 27 out of 60 for hessian
Estimating row 28 out of 60 for hessian
Estimating row 29 out of 60 for hessian
Estimating row 30 out of 60 for hessian
Estimating row 31 out of 60 for hessian
Estimating row 32 out of 60 for hessian
Estimating row 33 out of 60 for hessian
Estimating row 34 out of 60 for hessian
Estimating row 35 out of 60 for hessian
Estimating row 36 out of 60 for hessian
Estimating row 37 out of 60 for hessian
Estimating row 38 out of 60 for hessian
Estimating row 39 out of 60 for hessian
Estimating row 40 out of 60 for hessian
Estimating row 41 out of 60 for hessian
Estimating row 42 out of 60 for hessian
Estimating row 43 out of 60 for hessian
Estimating row 44 out of 60 for hessian
Estimating row 45 out of 60 for hessian
Estimating row 46 out of 60 for hessian
Estimating row 47 out of 60 for hessian
Estimating row 48 out of 60 for hessian
Estimating row 49 out of 60 for hessian
Estimating row 50 out of 60 for hessian
Estimating row 51 out of 60 for hessian
Estimating row 52 out of 60 for hessian
Estimating row 53 out of 60 for hessian
Estimating row 54 out of 60 for hessian
Estimating row 55 out of 60 for hessian
Estimating row 56 out of 60 for hessian
Estimating row 57 out of 60 for hessian
Estimating row 58 out of 60 for hessian
Estimating row 59 out of 60 for hessian
Estimating row 60 out of 60 for hessian
size of file gradfil1.tmp = 0
size of file gradfil2.tmp = 0
size of file varssave.tmp = 0
size of file cmpdiff.tmp = 0
