
Initial statistics: 2 variables; iteration 0; function evaluation 0; phase 1
Function value 4.3088599e+03; maximum gradient component mag 2.9052e+04
Var    Value     Gradient |Var    Value     Gradient |Var    Value     Gradient
  1  0.39650  2.90522e+04 |  2  0.21635  9.34819e+03 |

 - final statistics:
2 variables; iteration 7; function evaluation 13
Function value 6.0416e+02; maximum gradient component mag 3.1949e+00
Exit code = 1;  converg criter 1.0000e+01
Var    Value     Gradient |Var    Value     Gradient |Var    Value     Gradient
  1  0.18305  2.69056e+00 |  2  0.20437  3.19486e+00 |

Initial statistics: 49 variables; iteration 0; function evaluation 0; phase 2
Function value 6.0415877e+02; maximum gradient component mag 2.9915e+03
Var    Value     Gradient |Var    Value     Gradient |Var    Value     Gradient
  1  0.18305  2.69056e+00 |  2  0.00000  5.08425e+01 |  3  0.00000 -1.08754e+02
  4  0.00000  3.97662e+01 |  5  0.00000 -6.77931e+01 |  6  0.00000 -2.54945e+01
  7  0.00000  5.32081e+01 |  8  0.00000  6.56818e+00 |  9  0.00000  1.05516e+01
 10  0.00000 -7.52736e+01 | 11  0.00000  9.99806e+00 | 12  0.00000 -5.08868e+01
 13  0.00000 -6.99398e+00 | 14  0.00000 -6.45198e+00 | 15  0.00000 -8.36639e+01
 16  0.00000  1.29103e+01 | 17  0.00000  1.05238e+02 | 18  0.00000  1.20868e+01
 19  0.00000  3.25614e+01 | 20  0.00000 -1.30189e+02 | 21  0.00000 -1.31251e+02
 22  0.00000  1.33505e+02 | 23  0.00000  2.59798e+01 | 24  0.00000  2.68522e+02
 25  0.00000  9.89771e+01 | 26  0.00000  4.97260e+00 | 27  0.00000  2.52527e+01
 28  0.00000 -5.61459e+01 | 29  0.00000  1.88620e+02 | 30  0.00000 -2.82927e+02
 31  0.00000  2.08403e+02 | 32  0.00000 -3.10857e+02 | 33  0.00000  1.45904e+01
 34  0.00000 -2.18187e+02 | 35  0.00000  1.66376e+02 | 36  0.21635 -7.52220e+02
 37  0.21635  2.99149e+03 | 38  0.21635 -7.31465e+02 | 39  0.20437  3.19486e+00
 40 -1.00000 -1.08293e-07 | 41  0.00000  1.24783e-04 | 42  0.00000  3.59324e-01
 43 -0.53989  7.58332e+00 | 44 -1.00000 -1.08293e-07 | 45 -0.53989  1.21723e+01
 46 -1.00000 -1.08293e-07 | 47 -0.53989  3.41332e+00 | 48 -0.32288  1.04572e+02
 49 -0.17585 -4.52891e+02 |

Intermediate statistics: 49 variables; iteration 20; function evaluation 43; phase 2
Function value 4.2821052e+02; maximum gradient component mag -3.8272e+03
Var    Value     Gradient |Var    Value     Gradient |Var    Value     Gradient
  1  0.18449 -3.82721e+03 |  2 -0.16206 -3.14189e+01 |  3  0.20724  6.49285e+01
  4  0.19326  1.52711e+02 |  5  0.15972  3.02932e+01 |  6  0.08615  1.59489e+01
  7  0.03329  5.02473e+01 |  8  0.02497  1.66292e+01 |  9  0.05187  5.04150e+01
 10  0.11014  5.02727e+01 | 11  0.12656  1.74168e+02 | 12  0.10825  1.35974e+02
 13  0.05519  1.06839e+02 | 14  0.02533  5.05185e+01 | 15  0.02766  3.12049e+01
 16  0.01191  1.22627e+02 | 17 -0.04851  8.59485e+01 | 18 -0.06737 -6.03510e+01
 19 -0.06932 -5.43062e+01 | 20 -0.03451 -2.18788e+02 | 21 -0.06427 -2.28950e+02
 22 -0.08182  1.27513e+01 | 23 -0.09015 -7.77777e+01 | 24 -0.09461  1.22905e+02
 25 -0.07770 -3.34327e+01 | 26 -0.09918 -1.79313e+02 | 27 -0.04674 -2.61148e+02
 28 -0.08249 -5.08886e+02 | 29 -0.04752 -1.46677e+02 | 30 -0.06755 -6.50683e+02
 31 -0.03307  1.32996e+02 | 32  0.03153  1.10230e+02 | 33 -0.00834 -3.85384e+01
 34  0.11304  2.15425e+02 | 35  0.19514  3.14390e+02 | 36  0.21509 -3.25058e+03
 37  0.21569  1.33049e+03 | 38  0.23878 -4.24491e+02 | 39  0.23259 -1.59841e+02
 40 -1.16923  1.12339e-02 | 41 -0.00000  2.57632e-04 | 42 -0.00729  1.65150e-03
 43 -0.69881  4.99520e-02 | 44 -1.32073  7.91353e+02 | 45 -0.60808  6.48993e+02
 46 -1.19879  3.26049e+01 | 47 -0.64783  1.82200e+01 | 48 -0.32639  4.22669e+02
 49 -0.01115 -1.45618e+02 |
49 variables; iteration 40; function evaluation 69; phase 2
Function value 3.3859184e+02; maximum gradient component mag -4.9808e+03
Var    Value     Gradient |Var    Value     Gradient |Var    Value     Gradient
  1  0.17877 -4.98078e+03 |  2 -0.10072 -1.52720e+01 |  3  0.17987  8.98468e+01
  4  0.14154  1.09802e+02 |  5  0.13181  3.97309e+01 |  6  0.07085  1.04048e+02
  7 -0.01545  6.41913e+01 |  8 -0.00217  7.69601e+01 |  9  0.01336  8.15829e+01
 10  0.09720  1.27944e+02 | 11  0.08963  1.87596e+02 | 12  0.09409  1.98488e+02
 13  0.03030  1.33539e+02 | 14  0.01466  1.01457e+02 | 15  0.03288  9.60305e+01
 16  0.00122  1.42107e+02 | 17 -0.08255  5.93060e+01 | 18 -0.04910 -2.30275e+01
 19 -0.08408 -3.56404e+01 | 20  0.02407 -5.81858e+01 | 21  0.00103 -4.40020e+01
 22 -0.09884  2.05360e+01 | 23 -0.06009  4.84756e+00 | 24 -0.15844  1.43459e+01
 25 -0.05910 -2.40681e+01 | 26 -0.07815 -1.33998e+02 | 27 -0.01671 -2.62157e+02
 28 -0.07706 -5.80702e+02 | 29 -0.05708 -3.02806e+02 | 30 -0.02216 -5.16993e+02
 31 -0.04446  4.46565e+01 | 32  0.10503  3.87971e+02 | 33  0.02915 -1.00489e+01
 34  0.14795  3.20826e+02 | 35  0.16493  1.84679e+02 | 36  0.21929 -2.21115e+03
 37  0.20099 -8.10864e+02 | 38  0.23812 -5.10682e+02 | 39  0.21859 -9.74596e+02
 40 -1.56066 -6.40134e+00 | 41 -0.25848  6.48034e-01 | 42 -0.64306  1.16825e-01
 43 -1.47089 -5.21045e+00 | 44 -1.28061  5.16270e+02 | 45 -0.70210  4.85353e+02
 46 -1.06095  4.71730e+01 | 47 -0.89679  2.77796e+01 | 48 -0.32378  3.06259e+02
 49 -0.00978  1.57754e+02 |
Maximum number of function evaluations exceeded

 - final statistics:
49 variables; iteration 60; function evaluation 100
Function value 1.8668e+02; maximum gradient component mag -5.9477e+02
Exit code = 3;  converg criter 1.0000e+01
Var    Value     Gradient |Var    Value     Gradient |Var    Value     Gradient
  1  0.14345 -5.94769e+02 |  2 -0.17805 -1.83878e+01 |  3  0.02439  2.77441e+01
  4 -0.03193  3.47889e+00 |  5  0.00425 -2.41554e+01 |  6 -0.04002  3.81847e+01
  7 -0.08280  5.27986e+01 |  8 -0.08468 -1.97070e+01 |  9 -0.06199  3.41265e+01
 10  0.03221  2.16220e+01 | 11  0.00631  1.00897e+01 | 12  0.04941  6.50179e+00
 13 -0.00153  8.05060e+00 | 14 -0.05648 -4.61178e+01 | 15  0.07608  1.76283e+01
 16  0.01958  1.44853e+01 | 17 -0.05245  1.32075e+01 | 18  0.01500  2.76806e+01
 19 -0.02331  3.22583e+01 | 20  0.08279  5.85565e+01 | 21  0.05124  1.64421e+01
 22 -0.05126  4.69730e+01 | 23 -0.01523  2.10739e+01 | 24 -0.10133  2.37835e+01
 25 -0.02783 -7.18139e+01 | 26  0.00386  5.10985e+01 | 27 -0.01049 -2.08340e+01
 28  0.04742  9.92507e+01 | 29 -0.00818 -6.96274e+00 | 30  0.05813 -2.67256e+01
 31 -0.01531  4.58913e+01 | 32  0.04645 -2.88045e+01 | 33  0.04397  1.34921e+02
 34  0.07396  3.11191e+01 | 35  0.04021 -9.38689e+00 | 36  0.24392 -2.00513e+02
 37  0.22059  4.85964e+00 | 38  0.25913 -1.47671e+02 | 39  0.25333  2.18085e+01
 40 -1.43281  4.20781e-03 | 41  2.45746  2.83130e-03 | 42 -0.94424 -6.85151e-03
 43 -1.56048 -4.65344e+00 | 44 -1.19876 -2.37611e+02 | 45 -0.81970 -2.62346e+02
 46 -0.77629 -2.42358e+02 | 47 -1.39796 -1.34702e+02 | 48 -0.33759  3.39253e+01
 49 -0.00499 -5.23398e+01 |

Initial statistics: 53 variables; iteration 0; function evaluation 0; phase 3
Function value 1.8654796e+02; maximum gradient component mag -1.3305e+03
Var    Value     Gradient |Var    Value     Gradient |Var    Value     Gradient
  1  0.14345 -5.94769e+02 |  2 -0.17805 -1.83878e+01 |  3  0.02439  2.77441e+01
  4 -0.03193  3.47889e+00 |  5  0.00425 -2.41554e+01 |  6 -0.04048  1.89707e+01
  7 -0.08327  3.37067e+01 |  8 -0.08516 -3.87843e+01 |  9 -0.06246  1.49654e+01
 10  0.03174  2.39547e+00 | 11  0.00584 -9.16059e+00 | 12  0.04894 -1.26922e+01
 13 -0.00200 -1.12005e+01 | 14 -0.05695 -6.52890e+01 | 15  0.07561 -1.48571e+00
 16  0.01911 -4.75690e+00 | 17 -0.05292 -5.97804e+00 | 18  0.01453  8.43490e+00
 19 -0.02377  1.30196e+01 | 20  0.08232  3.94717e+01 | 21  0.05077 -2.74699e+00
 22 -0.05173  2.77825e+01 | 23 -0.01570  1.82811e+00 | 24 -0.10180  4.77500e+00
 25 -0.02830 -9.10438e+01 | 26  0.00339  3.18478e+01 | 27 -0.01096 -4.00821e+01
 28  0.04695  8.00573e+01 | 29 -0.00865 -2.62121e+01 | 30  0.05766 -4.58998e+01
 31 -0.01578  2.66452e+01 | 32  0.04598 -4.80071e+01 | 33  0.04350  1.15722e+02
 34  0.07349  1.19987e+01 | 35  0.03975 -2.86010e+01 | 36  0.24392 -2.00513e+02
 37  0.22059  4.85964e+00 | 38  0.25913 -1.47671e+02 | 39  0.25333  2.18085e+01
 40 -0.56719 -4.20781e-03 | 41 -0.45746 -2.83130e-03 | 42 -0.94424 -6.85151e-03
 43 -0.43952  4.65344e+00 | 44 -0.80124  2.37611e+02 | 45 -0.81970 -2.62346e+02
 46 -0.77629 -2.42358e+02 | 47 -0.60204  1.34702e+02 | 48 -0.33759  3.39253e+01
 49  0.21635  1.43243e+00 | 50 -0.17585 -1.33050e+03 | 51 -0.12819  4.40758e-03
 52 -0.00499 -5.23398e+01 | 53  0.05795  5.21464e+01 |

Intermediate statistics: 53 variables; iteration 20; function evaluation 29; phase 3
Function value 1.0456097e+02; maximum gradient component mag 3.5759e+02
Var    Value     Gradient |Var    Value     Gradient |Var    Value     Gradient
  1  0.13727  3.57591e+02 |  2 -0.13776  1.77789e+00 |  3 -0.00121  1.27026e+01
  4 -0.03189  1.67135e+01 |  5  0.01623  3.62063e+01 |  6 -0.05663 -6.52133e+00
  7 -0.11000 -1.36041e+01 |  8 -0.05795  7.02921e+00 |  9 -0.07826 -1.68243e+01
 10  0.03269 -1.24933e+01 | 11  0.01720 -1.03061e+01 | 12  0.05919 -9.39999e+00
 13  0.00734  3.23466e+00 | 14 -0.00216  1.13638e+01 | 15  0.06985  2.19649e+01
 16  0.02173  2.78659e+01 | 17 -0.05109  1.21824e+01 | 18 -0.00957  5.91605e+00
 19 -0.01527  4.19371e+01 | 20  0.03151 -5.72727e+01 | 21  0.03451 -3.32699e+01
 22 -0.06567 -9.37479e+00 | 23 -0.03796 -8.21417e+00 | 24 -0.11312  5.53675e+00
 25  0.01532  5.19611e+01 | 26 -0.01615 -4.32249e+01 | 27 -0.01070 -7.10207e+01
 28  0.05317 -8.20028e+01 | 29 -0.00098 -5.15933e+01 | 30  0.05503 -8.49021e+01
 31 -0.03109 -4.21069e+01 | 32  0.05058 -7.06809e+00 | 33  0.02496 -1.53615e+01
 34  0.07534 -2.33164e+01 | 35  0.09741 -4.92721e+00 | 36  0.25118  2.26461e+00
 37  0.25506 -8.02730e+01 | 38  0.27205  4.88594e+01 | 39  0.27151 -1.46206e+02
 40 -0.56717 -6.01581e-03 | 41 -0.45745 -3.27920e-03 | 42 -0.94421 -1.86135e-02
 43 -0.45565  2.19816e+00 | 44 -0.79625 -5.11263e+01 | 45 -0.81705  5.70129e+01
 46 -0.68408  1.49594e+02 | 47 -0.62917 -1.27071e+02 | 48 -0.36486  2.18283e+00
 49  0.21533  1.40604e-01 | 50 -0.09309 -2.40301e+02 | 51 -0.09119  2.39195e+02
 52  0.06258  3.26312e+00 | 53  0.07547  1.67793e+01 |
53 variables; iteration 40; function evaluation 52; phase 3
Function value 1.0336836e+02; maximum gradient component mag -2.1891e+02
Var    Value     Gradient |Var    Value     Gradient |Var    Value     Gradient
  1  0.13691 -1.48275e+02 |  2 -0.13458  6.61827e-02 |  3 -0.00387 -1.34225e+01
  4 -0.02988 -5.77587e+00 |  5  0.01425 -2.21705e+01 |  6 -0.05451 -7.58343e+00
  7 -0.10721 -1.51132e+01 |  8 -0.06147 -2.47006e+01 |  9 -0.08599 -6.33978e+00
 10  0.02819 -4.85396e+00 | 11  0.01588 -2.94527e+00 | 12  0.06156 -1.14910e+01
 13  0.00809  1.43234e+01 | 14 -0.01051  1.15713e+01 | 15  0.07024  2.71268e+01
 16  0.02395  4.26139e+01 | 17 -0.04816  3.53927e+01 | 18 -0.00689  3.21395e+01
 19 -0.01316  6.82523e+01 | 20  0.03664 -1.99227e+01 | 21  0.03948  2.37433e+00
 22 -0.06321  9.82328e+00 | 23 -0.03585  6.70215e+00 | 24 -0.11634  6.82986e+00
 25  0.01629  5.86099e+01 | 26 -0.01456 -1.56411e+01 | 27 -0.00937 -3.49199e+01
 28  0.05426 -5.63540e+01 | 29  0.00049 -2.58956e+01 | 30  0.05717 -5.94151e+01
 31 -0.03016 -3.04784e+01 | 32  0.04925 -1.54368e+01 | 33  0.02475 -4.65889e+00
 34  0.07831  1.00796e+01 | 35  0.09192  2.92179e+00 | 36  0.25092 -2.70772e+01
 37  0.25405 -2.18915e+02 | 38  0.27114  2.40834e+01 | 39  0.27371 -7.67489e+01
 40 -0.56677 -6.11768e-03 | 41 -0.45723 -3.30261e-03 | 42 -0.94303 -2.77225e-02
 43 -0.63137  1.47585e-01 | 44 -0.74824 -6.52371e+01 | 45 -0.77376  7.27660e+01
 46 -0.62210  1.05049e+02 | 47 -0.55416 -9.18588e+01 | 48 -0.36300  4.29486e+00
 49  0.20687  2.71959e-01 | 50 -0.09456 -1.77441e+02 | 51 -0.09407  1.80694e+02
 52  0.07089 -1.12829e+01 | 53  0.08145  3.30383e+01 |
53 variables; iteration 60; function evaluation 97; phase 3
Function value 9.8709973e+01; maximum gradient component mag 8.6275e+02
Var    Value     Gradient |Var    Value     Gradient |Var    Value     Gradient
  1  0.13667  8.62749e+02 |  2 -0.13631  3.19946e+00 |  3  0.00183  1.33222e+01
  4 -0.03132  1.74636e+01 |  5  0.01501  2.73033e+01 |  6 -0.05388  4.71446e+00
  7 -0.10545 -4.85647e-01 |  8 -0.06041  6.55818e+00 |  9 -0.07818 -1.02124e+01
 10  0.03263 -7.91469e+00 | 11  0.01758 -7.26327e+00 | 12  0.06185  1.43976e+00
 13  0.00604  1.89821e-01 | 14 -0.00996 -3.81679e+00 | 15  0.07049  7.80208e+00
 16  0.02253  1.50315e+01 | 17 -0.04760  1.23350e+01 | 18 -0.00857  1.56335e+00
 19 -0.02087  4.10579e+00 | 20  0.03880 -3.68173e+00 | 21  0.03758  2.67805e+00
 22 -0.06421 -5.74963e+00 | 23 -0.03544  2.48613e+00 | 24 -0.11359 -5.91682e+00
 25  0.01575  1.83825e+01 | 26 -0.01226  2.38800e+00 | 27 -0.00997  7.76267e-01
 28  0.05530  1.21336e+01 | 29 -0.00075 -1.25334e+00 | 30  0.05809  2.67845e+00
 31 -0.02948 -6.59201e+00 | 32  0.04723 -5.41172e+00 | 33  0.02269 -1.32911e+01
 34  0.07435 -1.12845e+01 | 35  0.08905 -1.23900e+01 | 36  0.24866 -1.66811e+00
 37  0.25840  2.39023e+01 | 38  0.27222  1.75146e+01 | 39  0.27774 -2.97104e+00
 40 -0.35429  5.32018e-02 | 41 -0.38045 -1.08772e-03 | 42 -0.77740 -8.48872e-03
 43 -0.70087 -3.41206e-03 | 44 -0.77521 -2.51211e+01 | 45 -0.79865  2.80852e+01
 46 -0.59408 -9.93738e-01 | 47 -0.50548  5.15892e-01 | 48 -0.37649  2.51817e-01
 49 -0.39885  2.72974e-02 | 50 -0.08855 -6.55480e+00 | 51 -0.09971  7.54836e+00
 52  0.08117  7.77400e-01 | 53  0.08185 -4.04645e+00 |
53 variables; iteration 80; function evaluation 118; phase 3
Function value 9.8529435e+01; maximum gradient component mag -6.3587e+00
Var    Value     Gradient |Var    Value     Gradient |Var    Value     Gradient
  1  0.13625 -6.35867e+00 |  2 -0.14074 -1.74557e-02 |  3  0.00051 -6.91052e-02
  4 -0.03193 -8.21317e-02 |  5  0.01651 -1.11943e-01 |  6 -0.05620  3.93076e-03
  7 -0.10566  4.31137e-02 |  8 -0.05873  1.30130e-02 |  9 -0.07900  7.68120e-02
 10  0.03183  6.15038e-02 | 11  0.01820  4.46601e-02 | 12  0.06285 -3.62591e-02
 13  0.00432 -1.59455e-02 | 14 -0.01187  1.93666e-02 | 15  0.07083 -6.62706e-02
 16  0.02300 -1.01383e-01 | 17 -0.04643 -7.65921e-02 | 18 -0.00816  1.11893e-01
 19 -0.01980  9.56182e-02 | 20  0.03782  1.88144e-02 | 21  0.03580 -3.10057e-02
 22 -0.06425  2.53632e-02 | 23 -0.03654 -3.50714e-02 | 24 -0.11129  2.10270e-02
 25  0.01680 -1.55623e-01 | 26 -0.01254 -2.36433e-02 | 27 -0.00863 -3.45089e-02
 28  0.05590 -1.11836e-01 | 29 -0.00067 -3.16070e-02 | 30  0.05792 -6.56057e-02
 31 -0.02944  3.91212e-02 | 32  0.04639 -9.57289e-03 | 33  0.02262  7.03916e-02
 34  0.07453  6.40235e-02 | 35  0.08979  9.36687e-02 | 36  0.24897 -1.39153e+00
 37  0.25887 -5.52336e-01 | 38  0.27249 -1.10176e-01 | 39  0.27964 -1.39101e-03
 40 -0.35831 -2.49411e-03 | 41 -0.04188 -2.16656e-04 | 42 -0.27577 -1.41609e-03
 43 -0.72347 -5.06530e-03 | 44 -0.76545 -3.04939e-01 | 45 -0.79020  3.23408e-01
 46 -0.57859 -6.59494e-02 | 47 -0.49087  3.89257e-02 | 48 -0.37926  7.73071e-02
 49 -0.47042  6.60321e-03 | 50 -0.08879  2.95837e-01 | 51 -0.10033 -1.76973e-01
 52  0.08807 -1.73236e-03 | 53  0.08410  2.82452e-02 |
53 variables; iteration 100; function evaluation 139; phase 3
Function value 9.8527946e+01; maximum gradient component mag 3.0170e+00
Var    Value     Gradient |Var    Value     Gradient |Var    Value     Gradient
  1  0.13625  3.01699e+00 |  2 -0.14071  1.14724e-02 |  3  0.00051  4.34535e-02
  4 -0.03193  5.58744e-02 |  5  0.01649  9.83409e-02 |  6 -0.05619  3.98221e-03
  7 -0.10567  5.70633e-04 |  8 -0.05875  2.72146e-02 |  9 -0.07899 -5.18216e-02
 10  0.03184 -6.70617e-02 | 11  0.01821 -1.12579e-01 | 12  0.06287 -2.24495e-01
 13  0.00434 -6.38971e-02 | 14 -0.01183 -2.67788e-02 | 15  0.07082  1.19537e-03
 16  0.02298  2.99077e-02 | 17 -0.04644 -6.69891e-03 | 18 -0.00817  1.37229e-02
 19 -0.01981  5.02300e-03 | 20  0.03781 -1.27967e-02 | 21  0.03582  9.48413e-03
 22 -0.06423 -2.19236e-02 | 23 -0.03652  1.43006e-02 | 24 -0.11133 -8.47893e-03
 25  0.01678  1.34412e-01 | 26 -0.01253  9.63738e-02 | 27 -0.00865  1.61897e-01
 28  0.05590  2.04100e-01 | 29 -0.00067  1.92852e-02 | 30  0.05792  2.87914e-02
 31 -0.02945 -2.79147e-02 | 32  0.04639 -5.24263e-03 | 33  0.02262 -5.18975e-02
 34  0.07453 -4.24707e-02 | 35  0.08979 -4.43170e-02 | 36  0.24889 -2.76871e-01
 37  0.25885 -4.11978e-03 | 38  0.27249  8.59131e-02 | 39  0.27962  5.48928e-02
 40 -0.35973 -5.79120e-03 | 41  0.02627  5.48021e-05 | 42  0.22545  1.18646e-03
 43 -0.74426 -6.51923e-03 | 44 -0.69157 -5.01523e-01 | 45 -0.72435  5.59417e-01
 46 -0.57776  1.55849e-01 | 47 -0.48999 -1.29750e-01 | 48 -0.38842  3.89348e-02
 49 -0.47085  2.52445e-03 | 50 -0.08995  1.64495e-01 | 51 -0.10132 -4.47799e-02
 52  0.08801  6.24832e-03 | 53  0.08407 -4.32564e-02 |
53 variables; iteration 120; function evaluation 159; phase 3
Function value 9.8525705e+01; maximum gradient component mag -2.3822e+00
Var    Value     Gradient |Var    Value     Gradient |Var    Value     Gradient
  1  0.13625 -1.00624e+00 |  2 -0.14073 -5.42330e-03 |  3  0.00051 -3.44466e-02
  4 -0.03194 -3.87912e-02 |  5  0.01649 -5.07228e-02 |  6 -0.05619 -1.94556e-02
  7 -0.10567 -1.69983e-02 |  8 -0.05875 -1.86611e-02 |  9 -0.07900  2.99733e-03
 10  0.03183 -3.15344e-03 | 11  0.01820 -7.67449e-03 | 12  0.06285 -4.34240e-02
 13  0.00436 -1.71207e-02 | 14 -0.01178 -6.75513e-03 | 15  0.07081 -4.22950e-02
 16  0.02296 -3.93817e-02 | 17 -0.04643 -2.00467e-02 | 18 -0.00818 -3.37356e-02
 19 -0.01982 -5.81293e-02 | 20  0.03779 -8.79848e-02 | 21  0.03581 -5.07589e-02
 22 -0.06418 -7.03883e-03 | 23 -0.03649  1.54952e-02 | 24 -0.11133  5.19031e-02
 25  0.01677  2.26298e-01 | 26 -0.01251  6.54417e-02 | 27 -0.00867  9.73237e-02
 28  0.05589  1.13259e-01 | 29 -0.00068 -2.50824e-02 | 30  0.05792 -6.02339e-02
 31 -0.02945 -3.94769e-02 | 32  0.04639  2.13001e-02 | 33  0.02261 -3.18086e-02
 34  0.07453 -3.73562e-03 | 35  0.08978  7.29035e-03 | 36  0.24875 -2.38224e+00
 37  0.25879  3.66632e-01 | 38  0.27248  8.86249e-02 | 39  0.27963  1.91998e-02
 40 -0.35905 -5.89197e-03 | 41 -0.00724 -1.14095e-04 | 42 -0.03457  1.28605e-05
 43 -0.71283 -1.00917e-05 | 44 -0.68962 -9.24054e-01 | 45 -0.72260  1.03608e+00
 46 -0.57811  2.18900e-02 | 47 -0.49034 -2.81720e-02 | 48 -0.49804  3.67169e-03
 49 -0.13293  1.10760e-03 | 50 -0.11070 -2.98669e-01 | 51 -0.11929  3.54625e-01
 52  0.08804  4.71070e-02 | 53  0.08409 -6.84704e-02 |
53 variables; iteration 140; function evaluation 179; phase 3
Function value 9.8525643e+01; maximum gradient component mag -1.7847e-02
Var    Value     Gradient |Var    Value     Gradient |Var    Value     Gradient
  1  0.13625 -1.78473e-02 |  2 -0.14073 -1.14440e-04 |  3  0.00050 -3.89159e-04
  4 -0.03194 -4.96291e-04 |  5  0.01648 -7.52578e-04 |  6 -0.05619 -1.94191e-04
  7 -0.10568 -1.37391e-04 |  8 -0.05875 -2.60802e-04 |  9 -0.07900  2.14769e-04
 10  0.03183  1.95251e-04 | 11  0.01820  2.15475e-04 | 12  0.06286  1.79009e-04
 13  0.00435  1.77932e-04 | 14 -0.01179  1.43257e-04 | 15  0.07081  2.09312e-05
 16  0.02295 -2.40087e-04 | 17 -0.04643 -2.83271e-04 | 18 -0.00818 -4.47795e-04
 19 -0.01982 -5.27219e-04 | 20  0.03780  8.09755e-05 | 21  0.03581  7.29832e-06
 22 -0.06417  1.42539e-04 | 23 -0.03648  1.42577e-05 | 24 -0.11134  2.06747e-04
 25  0.01676 -2.94870e-05 | 26 -0.01251  1.71006e-05 | 27 -0.00867  1.52689e-04
 28  0.05589 -1.87145e-04 | 29 -0.00068  3.90838e-05 | 30  0.05792 -1.74220e-04
 31 -0.02945  5.72576e-05 | 32  0.04639  1.24737e-04 | 33  0.02262  1.55721e-04
 34  0.07453  1.53792e-04 | 35  0.08979  1.54550e-04 | 36  0.24874  8.58269e-03
 37  0.25878 -7.57027e-03 | 38  0.27248  1.24543e-06 | 39  0.27962 -2.18144e-04
 40 -0.35887  4.26601e-04 | 41 -0.01601 -2.78260e-05 | 42 -0.03650  3.41998e-06
 43 -0.71275 -1.10906e-06 | 44 -0.68782 -2.18938e-03 | 45 -0.72102  2.42604e-03
 46 -0.57788 -1.59026e-04 | 47 -0.49009  1.50747e-04 | 48 -0.51622 -8.84977e-04
 49 -0.14814 -4.03155e-05 | 50 -0.11495  4.03895e-03 | 51 -0.12299 -6.05803e-05
 52  0.08801  1.41824e-04 | 53  0.08408 -8.29520e-05 |
53 variables; iteration 160; function evaluation 199; phase 3
Function value 9.8525626e+01; maximum gradient component mag -1.0114e-03
Var    Value     Gradient |Var    Value     Gradient |Var    Value     Gradient
  1  0.13625 -5.45258e-04 |  2 -0.14073 -4.53938e-06 |  3  0.00050 -7.39552e-05
  4 -0.03194 -1.02671e-04 |  5  0.01649 -1.93846e-04 |  6 -0.05619 -3.64632e-05
  7 -0.10568 -5.06936e-06 |  8 -0.05875 -2.81154e-05 |  9 -0.07900 -9.13196e-07
 10  0.03183  2.90898e-05 | 11  0.01820  4.85516e-05 | 12  0.06286  1.49939e-04
 13  0.00435  3.03463e-06 | 14 -0.01179 -4.01877e-05 | 15  0.07081 -3.39354e-05
 16  0.02295 -4.83727e-05 | 17 -0.04643 -8.35286e-05 | 18 -0.00818  2.57894e-04
 19 -0.01982  2.06384e-04 | 20  0.03780  5.17969e-05 | 21  0.03581 -4.75444e-06
 22 -0.06417 -1.68884e-05 | 23 -0.03648  2.32318e-05 | 24 -0.11134  4.41376e-05
 25  0.01676  4.24116e-05 | 26 -0.01251 -2.94629e-05 | 27 -0.00867 -7.23435e-05
 28  0.05589 -1.83691e-04 | 29 -0.00068 -6.44760e-05 | 30  0.05792 -9.03190e-05
 31 -0.02945  1.02137e-05 | 32  0.04639 -8.48484e-05 | 33  0.02262 -1.36039e-05
 34  0.07453 -4.25765e-05 | 35  0.08979  1.10355e-05 | 36  0.24875 -1.01144e-03
 37  0.25878  7.45777e-04 | 38  0.27248 -1.78497e-04 | 39  0.27962  8.07679e-05
 40 -0.35902  3.64836e-05 | 41 -0.00870  5.31755e-07 | 42 -0.03712  3.37190e-07
 43 -0.71274 -6.55435e-07 | 44 -0.68780  5.64319e-05 | 45 -0.72100 -6.86963e-05
 46 -0.57788 -1.36173e-04 | 47 -0.49009  8.59559e-05 | 48 -0.50188 -1.38061e-06
 49 -0.17069  1.89702e-07 | 50 -0.12185  4.02522e-05 | 51 -0.12899 -4.98290e-05
 52  0.08801 -6.35661e-05 | 53  0.08408  7.90611e-05 |

 - final statistics:
53 variables; iteration 162; function evaluation 201
Function value 9.8526e+01; maximum gradient component mag 4.7795e-05
Exit code = 1;  converg criter 1.0000e-04
Var    Value     Gradient |Var    Value     Gradient |Var    Value     Gradient
  1  0.13625  4.77948e-05 |  2 -0.14073 -4.18559e-07 |  3  0.00050 -8.25757e-06
  4 -0.03194 -1.17945e-05 |  5  0.01649 -2.17396e-05 |  6 -0.05619 -5.25073e-06
  7 -0.10568 -1.07856e-06 |  8 -0.05875 -1.87603e-06 |  9 -0.07900 -2.65686e-06
 10  0.03183  2.49360e-07 | 11  0.01820  1.27826e-06 | 12  0.06286  7.52238e-06
 13  0.00435  1.09681e-06 | 14 -0.01179 -2.97996e-06 | 15  0.07081  3.88347e-06
 16  0.02295  6.02304e-06 | 17 -0.04643 -1.29680e-06 | 18 -0.00818  3.15371e-05
 19 -0.01982  2.98021e-05 | 20  0.03780  3.41182e-06 | 21  0.03581 -1.89364e-06
 22 -0.06417 -3.17251e-06 | 23 -0.03648  3.89832e-07 | 24 -0.11134  3.79397e-06
 25  0.01676  5.91750e-06 | 26 -0.01251 -2.57295e-06 | 27 -0.00867 -6.52366e-06
 28  0.05589 -1.80788e-05 | 29 -0.00068 -8.65402e-06 | 30  0.05792 -1.42710e-05
 31 -0.02945 -2.62845e-06 | 32  0.04639 -1.12920e-05 | 33  0.02262 -4.97737e-06
 34  0.07453 -7.54724e-06 | 35  0.08979 -4.95014e-07 | 36  0.24875 -1.26291e-05
 37  0.25878  2.77973e-06 | 38  0.27248 -1.57818e-05 | 39  0.27962  8.49943e-06
 40 -0.35902  3.50457e-06 | 41 -0.00865  1.06735e-07 | 42 -0.03719  1.64001e-08
 43 -0.71273 -4.09984e-08 | 44 -0.68779 -2.16715e-05 | 45 -0.72100  2.40400e-05
 46 -0.57788 -5.10859e-06 | 47 -0.49009  2.33124e-07 | 48 -0.50184  6.78356e-08
 49 -0.17076  1.81326e-08 | 50 -0.12184  2.64867e-05 | 51 -0.12898 -3.02835e-05
 52  0.08801 -1.03023e-05 | 53  0.08408  1.24203e-05 |
Estimating row 1 out of 53 for hessian
Estimating row 2 out of 53 for hessian
Estimating row 3 out of 53 for hessian
Estimating row 4 out of 53 for hessian
Estimating row 5 out of 53 for hessian
Estimating row 6 out of 53 for hessian
Estimating row 7 out of 53 for hessian
Estimating row 8 out of 53 for hessian
Estimating row 9 out of 53 for hessian
Estimating row 10 out of 53 for hessian
Estimating row 11 out of 53 for hessian
Estimating row 12 out of 53 for hessian
Estimating row 13 out of 53 for hessian
Estimating row 14 out of 53 for hessian
Estimating row 15 out of 53 for hessian
Estimating row 16 out of 53 for hessian
Estimating row 17 out of 53 for hessian
Estimating row 18 out of 53 for hessian
Estimating row 19 out of 53 for hessian
Estimating row 20 out of 53 for hessian
Estimating row 21 out of 53 for hessian
Estimating row 22 out of 53 for hessian
Estimating row 23 out of 53 for hessian
Estimating row 24 out of 53 for hessian
Estimating row 25 out of 53 for hessian
Estimating row 26 out of 53 for hessian
Estimating row 27 out of 53 for hessian
Estimating row 28 out of 53 for hessian
Estimating row 29 out of 53 for hessian
Estimating row 30 out of 53 for hessian
Estimating row 31 out of 53 for hessian
Estimating row 32 out of 53 for hessian
Estimating row 33 out of 53 for hessian
Estimating row 34 out of 53 for hessian
Estimating row 35 out of 53 for hessian
Estimating row 36 out of 53 for hessian
Estimating row 37 out of 53 for hessian
Estimating row 38 out of 53 for hessian
Estimating row 39 out of 53 for hessian
Estimating row 40 out of 53 for hessian
Estimating row 41 out of 53 for hessian
Estimating row 42 out of 53 for hessian
Estimating row 43 out of 53 for hessian
Estimating row 44 out of 53 for hessian
Estimating row 45 out of 53 for hessian
Estimating row 46 out of 53 for hessian
Estimating row 47 out of 53 for hessian
Estimating row 48 out of 53 for hessian
Estimating row 49 out of 53 for hessian
Estimating row 50 out of 53 for hessian
Estimating row 51 out of 53 for hessian
Estimating row 52 out of 53 for hessian
Estimating row 53 out of 53 for hessian
size of file gradfil1.tmp = 0
size of file gradfil2.tmp = 0
size of file varssave.tmp = 0
size of file cmpdiff.tmp = 0
