
Initial statistics: 4 variables; iteration 0; function evaluation 0; phase 1
Function value 5.2637536e+03; maximum gradient component mag 3.5260e+04
Var    Value     Gradient |Var    Value     Gradient |Var    Value     Gradient
  1  0.39650  3.52601e+04 |  2  0.21635  2.93274e+04 |  3  0.21635  2.30178e+04
  4  0.21635  9.38965e+03 |

 - final statistics:
4 variables; iteration 15; function evaluation 28
Function value 6.3270e+02; maximum gradient component mag 9.7901e+00
Exit code = 1;  converg criter 1.0000e+01
Var    Value     Gradient |Var    Value     Gradient |Var    Value     Gradient
  1  0.17953  8.06516e+00 |  2  0.22026  9.79008e+00 |  3  0.19793  6.24739e+00
  4  0.22739  1.21398e+00 |

Initial statistics: 51 variables; iteration 0; function evaluation 0; phase 2
Function value 6.3270009e+02; maximum gradient component mag -7.5320e+02
Var    Value     Gradient |Var    Value     Gradient |Var    Value     Gradient
  1  0.17953  8.06516e+00 |  2  0.00000  5.02115e+01 |  3  0.00000 -1.10510e+02
  4  0.00000  3.83071e+01 |  5  0.00000 -6.95977e+01 |  6  0.00000 -2.53780e+01
  7  0.00000  5.33860e+01 |  8  0.00000  6.29329e+00 |  9  0.00000  1.07889e+01
 10  0.00000 -7.60980e+01 | 11  0.00000  8.64734e+00 | 12  0.00000 -5.24532e+01
 13  0.00000 -6.93744e+00 | 14  0.00000 -5.97674e+00 | 15  0.00000 -8.62402e+01
 16  0.00000  3.34208e+00 | 17  0.00000  8.22980e+01 | 18  0.00000 -3.24669e+01
 19  0.00000  2.69734e+01 | 20  0.00000 -1.80659e+02 | 21  0.00000 -1.43612e+02
 22  0.00000  1.07688e+02 | 23  0.00000  5.01067e+00 | 24  0.00000  2.25359e+02
 25  0.00000  7.95760e+01 | 26  0.00000 -3.40430e+00 | 27  0.00000  7.29158e+00
 28  0.00000 -9.13443e+01 | 29  0.00000  1.52199e+02 | 30  0.00000 -3.17247e+02
 31  0.00000  1.88409e+02 | 32  0.00000 -3.48829e+02 | 33  0.00000  2.55707e+01
 34  0.00000 -1.90797e+02 | 35  0.00000  6.78971e+01 | 36  0.00000  2.69347e+02
 37  0.00000  6.87289e+01 | 38  0.00000  1.72638e+02 | 39  0.22026  9.79008e+00
 40  0.19793  6.24739e+00 | 41  0.22739  1.21398e+00 | 42 -1.00000 -1.08293e-07
 43  0.00000  1.22624e-04 | 44  0.00000  3.63536e-01 | 45 -0.53989  7.67186e+00
 46 -1.00000 -1.08293e-07 | 47 -0.53989  1.31090e+01 | 48 -1.00000 -1.08293e-07
 49 -0.53989  3.64174e+00 | 50 -0.32288  1.95470e+01 | 51 -0.17585 -7.53201e+02

Intermediate statistics: 51 variables; iteration 20; function evaluation 52; phase 2
Function value 2.7275668e+02; maximum gradient component mag 1.0364e+03
Var    Value     Gradient |Var    Value     Gradient |Var    Value     Gradient
  1  0.17536  1.03636e+03 |  2 -0.16474 -2.08904e+01 |  3  0.07036  5.88181e+01
  4 -0.01322 -5.33467e+01 |  5  0.11251  2.11414e+01 |  6  0.13573  2.19803e+01
  7  0.11785  4.33408e+01 |  8  0.13774  5.77180e+01 |  9  0.11051  3.07715e+01
 10  0.08669 -3.15593e+01 | 11  0.01067 -4.36916e+01 | 12 -0.00508 -7.37317e+01
 13 -0.03269 -4.46350e+01 | 14 -0.01822 -2.48216e+01 | 15  0.02857 -2.52522e+01
 16 -0.03993 -6.26448e+01 | 17 -0.05227  1.64063e+01 | 18 -0.02858 -6.40982e+01
 19 -0.05898 -6.80650e+01 | 20  0.05616 -3.04863e+01 | 21  0.02760 -5.45233e+01
 22 -0.08129 -4.37540e+01 | 23 -0.01608  2.91992e+01 | 24 -0.12183 -2.02024e+01
 25 -0.10381 -1.33864e+02 | 26 -0.03169  2.39432e+01 | 27 -0.01905  2.51172e+01
 28  0.02573  1.93423e+02 | 29 -0.05197 -1.02184e+02 | 30  0.06422  1.79481e+02
 31 -0.06360 -1.30798e+02 | 32  0.06953  1.25623e+02 | 33 -0.00298 -5.44799e+01
 34  0.04640  1.76263e+02 | 35 -0.01722 -1.98941e+00 | 36 -0.07634 -1.18725e+02
 37 -0.03652 -7.51441e+01 | 38 -0.06596 -3.88928e+01 | 39  0.22622 -2.87398e+02
 40  0.20544  2.10942e+02 | 41  0.23947 -2.02219e+02 | 42 -0.99997 -1.71534e-02
 43 -0.00002  1.29512e-04 | 44 -0.03741  5.75207e-02 | 45 -1.37515 -1.53010e+00
 46 -0.77030 -1.29165e+02 | 47 -0.77203  1.30151e+02 | 48 -0.95305 -4.34812e+01
 49 -0.91808  2.48480e+01 | 50 -0.31560  9.26714e+01 | 51 -0.07521  1.48608e+02
51 variables; iteration 40; function evaluation 80; phase 2
Function value 2.5881668e+02; maximum gradient component mag 1.3215e+03
Var    Value     Gradient |Var    Value     Gradient |Var    Value     Gradient
  1  0.17420  1.32154e+03 |  2 -0.20182 -2.93438e+01 |  3  0.06231  5.95640e+01
  4 -0.00956 -2.97812e+01 |  5  0.08534  1.11823e+01 |  6  0.09763  7.61084e+00
  7  0.08215  3.43974e+01 |  8  0.10760  4.77307e+01 |  9  0.09075  2.70863e+01
 10  0.08006 -2.24670e+01 | 11  0.00886 -3.67477e+01 | 12 -0.00597 -7.26539e+01
 13 -0.03336 -4.27795e+01 | 14 -0.02345 -3.03947e+01 | 15  0.03427 -1.36374e+01
 16 -0.03533 -5.54967e+01 | 17 -0.05463  9.27497e+00 | 18 -0.03087 -7.49727e+01
 19 -0.04862 -4.85916e+01 | 20  0.06384 -1.27128e+01 | 21  0.04043 -2.23117e+01
 22 -0.08023 -4.62019e+01 | 23 -0.01776  2.21423e+01 | 24 -0.12649 -3.02900e+01
 25 -0.09368 -1.18855e+02 | 26 -0.02583  3.08002e+01 | 27 -0.01017  3.85041e+01
 28  0.03141  1.86884e+02 | 29 -0.03803 -5.15987e+01 | 30  0.05373  6.46954e+01
 31 -0.04831 -6.19497e+01 | 32  0.06448  4.53601e+01 | 33  0.00842  3.57329e-01
 34  0.04257  1.08979e+02 | 35 -0.00528  5.07997e+01 | 36 -0.05413 -1.66654e+01
 37 -0.02891 -4.43643e+01 | 38 -0.04865 -1.29118e+01 | 39  0.22592 -1.55818e+02
 40  0.20428  8.85458e+01 | 41  0.23919 -1.13967e+02 | 42 -0.99947 -2.67273e-02
 43 -0.00010  1.21782e-04 | 44 -0.31889  2.10173e-01 | 45 -1.44896 -5.55341e+00
 46 -0.76106 -1.23051e+02 | 47 -0.76290  1.24014e+02 | 48 -0.98348  4.59662e+02
 49 -0.97284 -2.79580e+02 | 50 -0.31785  6.22262e+01 | 51 -0.08995 -8.23744e+01
Maximum number of function evaluations exceeded

 - final statistics:
51 variables; iteration 52; function evaluation 100
Function value 2.3862e+02; maximum gradient component mag 9.3307e+02
Exit code = 3;  converg criter 1.0000e+01
Var    Value     Gradient |Var    Value     Gradient |Var    Value     Gradient
  1  0.16727  9.33069e+02 |  2 -0.12664 -3.26861e+00 |  3  0.04351  5.56458e+01
  4 -0.04091 -4.66790e+01 |  5  0.06657  4.67764e+01 |  6  0.03821 -6.91993e+00
  7  0.01813  2.68687e+01 |  8  0.04602  3.50190e+01 |  9  0.03575  1.07218e+00
 10  0.07079  6.67952e+00 | 11  0.01348 -1.53632e+01 | 12  0.03442  1.20677e+01
 13 -0.00922 -1.24772e+00 | 14 -0.01767 -2.60984e+01 | 15  0.04682  1.84265e+01
 16 -0.02663 -3.70595e+01 | 17 -0.05703  7.56228e+00 | 18 -0.00897 -2.04630e+01
 19 -0.04499 -3.27142e+01 | 20  0.06983  5.73984e+00 | 21  0.04544 -1.06514e+01
 22 -0.06654 -1.56448e+01 | 23 -0.01579  2.27593e+01 | 24 -0.11739 -8.70512e+00
 25 -0.07413 -8.08517e+01 | 26 -0.02875  7.03806e+00 | 27 -0.01077  3.96361e+00
 28  0.03405  9.27604e+01 | 29 -0.01977  6.99946e+00 | 30  0.04502 -7.58496e+01
 31 -0.03000  2.24480e+01 | 32  0.05741 -6.29922e+01 | 33  0.02352  5.72013e+01
 34  0.03803  1.76317e+00 | 35  0.00116  3.45558e+01 | 36 -0.03619  5.23653e+01
 37 -0.01153  2.08257e+01 | 38 -0.04202  4.39231e+00 | 39  0.22631 -1.44925e+01
 40  0.20585 -1.28239e+02 | 41  0.24390  2.80960e+01 | 42 -0.75852 -6.69565e-03
 43 -0.00117  6.79373e-04 | 44 -1.27114 -6.74530e-02 | 45 -1.45393 -4.29257e+00
 46 -0.78858 -7.48490e+01 | 47 -0.79265  7.63280e+01 | 48 -0.98654 -9.03534e+00
 49 -0.97803  5.37759e+00 | 50 -0.35066  1.46763e+01 | 51 -0.10187 -2.95717e+02

Initial statistics: 55 variables; iteration 0; function evaluation 0; phase 3
Function value 2.3861563e+02; maximum gradient component mag -1.1841e+03
Var    Value     Gradient |Var    Value     Gradient |Var    Value     Gradient
  1  0.16727  9.33069e+02 |  2 -0.12664 -3.26861e+00 |  3  0.04351  5.56458e+01
  4 -0.04091 -4.66790e+01 |  5  0.06657  4.67764e+01 |  6  0.03818 -8.28531e+00
  7  0.01809  2.55015e+01 |  8  0.04599  3.36549e+01 |  9  0.03571 -2.93476e-01
 10  0.07075  5.32019e+00 | 11  0.01344 -1.67307e+01 | 12  0.03438  1.07019e+01
 13 -0.00926 -2.61539e+00 | 14 -0.01771 -2.74656e+01 | 15  0.04678  1.70624e+01
 16 -0.02666 -3.84261e+01 | 17 -0.05706  6.19992e+00 | 18 -0.00901 -2.18307e+01
 19 -0.04503 -3.40784e+01 | 20  0.06979  4.38028e+00 | 21  0.04540 -1.20158e+01
 22 -0.06658 -1.70051e+01 | 23 -0.01583  2.13919e+01 | 24 -0.11743 -1.00496e+01
 25 -0.07417 -8.22097e+01 | 26 -0.02878  5.67163e+00 | 27 -0.01081  2.59599e+00
 28  0.03401  9.13949e+01 | 29 -0.01981  5.63230e+00 | 30  0.04499 -7.72143e+01
 31 -0.03004  2.10817e+01 | 32  0.05737 -6.43548e+01 | 33  0.02348  5.58345e+01
 34  0.03800  3.97794e-01 | 35  0.00112  3.31880e+01 | 36 -0.03623  5.09995e+01
 37 -0.01157  1.94581e+01 | 38 -0.04205  3.02746e+00 | 39  0.22631 -1.44925e+01
 40  0.20585 -1.28239e+02 | 41  0.24390  2.80960e+01 | 42 -0.75852 -6.69565e-03
 43 -0.00117  6.79373e-04 | 44 -0.72886  6.74530e-02 | 45 -0.54607  4.29257e+00
 46 -0.78858 -7.48490e+01 | 47 -0.79265  7.63280e+01 | 48 -0.98654 -9.03534e+00
 49 -0.97803  5.37759e+00 | 50 -0.35066  1.46763e+01 | 51  0.21635  7.70857e-01
 52 -0.17585 -1.18414e+03 | 53 -0.12819  4.24155e-03 | 54 -0.10187 -2.95717e+02
 55  0.05795  1.69655e+02 |

Intermediate statistics: 55 variables; iteration 20; function evaluation 28; phase 3
Function value 1.6359419e+02; maximum gradient component mag 6.0919e+02
Var    Value     Gradient |Var    Value     Gradient |Var    Value     Gradient
  1  0.14290 -3.64500e+02 |  2 -0.13664 -1.22246e+00 |  3  0.00050 -2.50725e+00
  4 -0.05408 -4.63725e+01 |  5  0.00621 -3.91988e+01 |  6 -0.07220 -3.33571e+01
  7 -0.11513 -1.09821e+01 |  8 -0.06445 -1.05029e+01 |  9 -0.06106  2.07653e+01
 10  0.03505  9.98141e+00 | 11  0.01191  3.05945e+00 | 12  0.05273  8.36130e+00
 13  0.00362  7.48400e+00 | 14 -0.01226 -3.81816e+00 | 15  0.06491  3.68162e+00
 16  0.00341 -1.71772e+01 | 17 -0.05271  3.26137e+01 | 18 -0.00358  7.10879e+01
 19 -0.02737  4.58021e+01 | 20  0.06339  9.56747e+01 | 21  0.05057  7.51013e+01
 22 -0.05740  2.90030e+01 | 23 -0.01791  8.36066e+01 | 24 -0.11231  3.07371e+01
 25 -0.01530  3.13036e+01 | 26 -0.01413  1.65057e+01 | 27  0.00039  1.96641e+01
 28  0.05588 -5.66138e+01 | 29  0.00400 -4.43598e+01 | 30  0.06316 -1.03372e+02
 31 -0.01415  7.42390e+01 | 32  0.07205 -9.56332e+01 | 33  0.04009 -1.10816e+01
 34  0.05787 -6.58393e+01 | 35  0.02166 -9.69798e+01 | 36 -0.01486 -5.92781e+01
 37  0.01475 -7.72744e+01 | 38  0.03863  3.36832e+01 | 39  0.24077  3.03356e+02
 40  0.24797  1.77976e+02 | 41  0.26833  5.12935e+02 | 42 -0.75849 -8.07194e-03
 43 -0.00117 -1.19139e-04 | 44 -0.72898  2.19927e-02 | 45 -0.55494  1.70290e+00
 46 -0.75403  1.58968e+02 | 47 -0.77669 -1.75507e+02 | 48 -0.98753  6.09191e+02
 49 -0.98387 -4.71139e+02 | 50 -0.39790 -7.28941e+00 | 51  0.21515 -6.63133e-01
 52 -0.08246  3.48071e+02 | 53 -0.10300 -4.49576e+02 | 54 -0.12638 -2.80034e+02
 55 -0.06763  1.51114e+02 |
55 variables; iteration 40; function evaluation 53; phase 3
Function value 1.5622319e+02; maximum gradient component mag -3.1610e+02
Var    Value     Gradient |Var    Value     Gradient |Var    Value     Gradient
  1  0.14237 -3.16100e+02 |  2 -0.13365  8.42083e-01 |  3  0.00700  1.60233e+01
  4 -0.04341 -1.30019e+01 |  5  0.00160 -2.13873e+01 |  6 -0.05932  9.27685e+00
  7 -0.10224  2.79857e+01 |  8 -0.08085 -3.61866e+00 |  9 -0.08596  7.16505e-01
 10  0.02170 -5.57372e+00 | 11  0.00263 -1.22268e+01 | 12  0.05816  9.82489e+00
 13  0.00257 -1.81960e+00 | 14 -0.02546 -2.38189e+01 | 15  0.07503  2.33079e+01
 16  0.01318 -1.00259e+00 | 17 -0.06128 -9.62570e+00 | 18 -0.00176  3.21778e+01
 19 -0.02421  1.06803e+01 | 20  0.06026  4.34654e+01 | 21  0.04833  2.18713e+01
 22 -0.05892 -1.23231e+00 | 23 -0.01827  4.20938e+01 | 24 -0.11108  6.74308e+00
 25 -0.01316 -1.47859e+01 | 26 -0.00903  2.00834e+01 | 27  0.00040  7.27289e+00
 28  0.06091 -2.85128e+01 | 29  0.00941 -9.05704e+00 | 30  0.07082 -5.12504e+01
 31 -0.01729  2.48666e+01 | 32  0.08344 -4.46440e+01 | 33  0.04198 -1.80952e+01
 34  0.06370 -3.38130e+01 | 35  0.03035 -2.45260e+01 | 36 -0.01086 -2.54162e+01
 37  0.01618 -5.20299e+01 | 38  0.01791  6.47979e+00 | 39  0.23959  1.46676e+02
 40  0.24496 -4.44902e+01 | 41  0.26292  1.54095e+02 | 42 -0.75436 -7.87848e-03
 43 -0.00116 -8.96509e-05 | 44 -0.73173 -6.96091e-03 | 45 -0.95767 -4.61456e-02
 46 -0.57918  5.90897e+01 | 47 -0.61686 -6.40013e+01 | 48 -0.98857  1.68977e+02
 49 -0.98496 -1.28638e+02 | 50 -0.38944 -2.82860e+00 | 51  0.19178 -2.43774e-01
 52 -0.08834  2.45244e+02 | 53 -0.10212 -2.91541e+02 | 54 -0.12520 -1.95417e+02
 55 -0.06093  1.10545e+02 |
55 variables; iteration 60; function evaluation 84; phase 3
Function value 1.5169661e+02; maximum gradient component mag 8.7162e+01
Var    Value     Gradient |Var    Value     Gradient |Var    Value     Gradient
  1  0.14362  5.89829e+00 |  2 -0.13937 -3.44152e-01 |  3 -0.00324  1.13753e+00
  4 -0.04271 -1.30136e+00 |  5  0.00182 -2.93304e+00 |  6 -0.06461 -1.29699e+00
  7 -0.11710 -4.14752e-01 |  8 -0.07775 -4.66963e-01 |  9 -0.08583 -1.78317e+00
 10  0.02714 -3.92515e-02 | 11  0.01082  2.24928e-02 | 12  0.05366  8.90154e-01
 13  0.00690 -5.06055e-01 | 14 -0.00533 -7.48342e-01 | 15  0.06487  3.73894e-01
 16  0.01309  3.02633e+00 | 17 -0.05526  1.03478e+00 | 18 -0.00712  2.40031e+00
 19 -0.02130  3.01702e+00 | 20  0.05303  1.45852e+00 | 21  0.04797  6.24534e-01
 22 -0.05288 -4.80176e-02 | 23 -0.02766 -1.19128e+00 | 24 -0.11286 -1.96765e+00
 25 -0.01015 -1.26741e+01 | 26 -0.01508  6.56511e-02 | 27 -0.00163  8.06258e-01
 28  0.06017  2.25951e+00 | 29  0.00827 -1.58310e-01 | 30  0.07462 -1.67280e+00
 31 -0.01839  3.94654e-01 | 32  0.08628  5.71477e-01 | 33  0.04393 -8.78078e-01
 34  0.06544 -4.57224e-01 | 35  0.02912  3.37714e-02 | 36 -0.01126  1.22516e+00
 37  0.01905 -2.63914e-01 | 38  0.01862 -2.53774e+00 | 39  0.23647  2.81760e+01
 40  0.24267  1.55603e+00 | 41  0.25908  1.12523e+01 | 42 -0.67519 -6.23554e-03
 43  0.00027 -2.36277e-04 | 44 -0.66064 -5.30998e-03 | 45 -0.89842 -1.94495e-02
 46 -0.63739  3.88965e+00 | 47 -0.66632 -3.96775e+00 | 48 -0.98896 -4.80354e+01
 49 -0.98528  3.58134e+01 | 50 -0.38899  1.23543e-01 | 51 -0.61139  1.05863e-02
 52 -0.09138 -1.26286e+00 | 53 -0.09457  2.16675e+00 | 54 -0.14807  8.71621e+01
 55 -0.11577 -4.02396e+01 |
55 variables; iteration 80; function evaluation 123; phase 3
Function value 1.5161058e+02; maximum gradient component mag 1.0234e+00
Var    Value     Gradient |Var    Value     Gradient |Var    Value     Gradient
  1  0.14363 -5.32200e-01 |  2 -0.13959 -1.06624e-02 |  3 -0.00438  8.71664e-02
  4 -0.04281  3.24449e-02 |  5  0.00226  1.34058e-01 |  6 -0.06472 -2.18295e-02
  7 -0.11734 -2.55777e-02 |  8 -0.07782 -7.44067e-02 |  9 -0.08487 -1.98307e-02
 10  0.02676  1.31855e-02 | 11  0.01055  2.75575e-02 | 12  0.05310 -1.35343e-02
 13  0.00704 -8.30272e-03 | 14 -0.00498  2.16566e-02 | 15  0.06490 -1.36904e-02
 16  0.01230  3.18186e-02 | 17 -0.05526  3.54009e-02 | 18 -0.00741  2.65960e-02
 19 -0.02162  4.63218e-02 | 20  0.05257  2.28133e-02 | 21  0.04760  4.07483e-02
 22 -0.05295  1.02615e-01 | 23 -0.02805  2.02816e-01 | 24 -0.11269  2.40274e-01
 25 -0.00767  4.46402e-01 | 26 -0.01554  2.93481e-02 | 27 -0.00186 -9.29174e-02
 28  0.06017 -2.99720e-01 | 29  0.00811 -7.87077e-02 | 30  0.07485 -1.57294e-01
 31 -0.01867  6.32280e-02 | 32  0.08661 -5.23232e-02 | 33  0.04409 -9.93754e-03
 34  0.06561 -2.15318e-02 | 35  0.02920  6.68390e-03 | 36 -0.01140  1.92812e-02
 37  0.01925  3.53305e-02 | 38  0.01916  8.09031e-02 | 39  0.23633 -6.83250e-01
 40  0.24265 -1.56664e-01 | 41  0.25880  2.78777e-01 | 42 -0.42049 -5.11573e-03
 43  0.02989 -3.87759e-05 | 44 -0.31539 -1.29568e-03 | 45 -0.69631  1.00109e-02
 46 -0.69278  1.49260e-01 | 47 -0.71693 -1.68282e-01 | 48 -0.98787 -5.03786e-02
 49 -0.98383 -1.66307e-01 | 50 -0.39878  8.86557e-02 | 51 -0.67887  5.13212e-03
 52 -0.09275 -2.43259e-01 | 53 -0.09600  1.02345e+00 | 54 -0.15339  4.90891e-01
 55 -0.12651 -1.95645e-01 |
55 variables; iteration 100; function evaluation 143; phase 3
Function value 1.5160235e+02; maximum gradient component mag -4.1569e+00
Var    Value     Gradient |Var    Value     Gradient |Var    Value     Gradient
  1  0.14364  1.73476e+00 |  2 -0.13938  1.03889e-01 |  3 -0.00436  2.81907e-01
  4 -0.04272  4.91732e-01 |  5  0.00236  1.00655e+00 |  6 -0.06471  8.81622e-02
  7 -0.11737  4.62951e-02 |  8 -0.07787  9.98479e-02 |  9 -0.08478  7.29463e-02
 10  0.02681  5.72394e-02 | 11  0.01055  1.98787e-02 | 12  0.05312  6.40379e-02
 13  0.00709  8.68116e-02 | 14 -0.00489  1.07793e-01 | 15  0.06491  8.53975e-02
 16  0.01229  4.98794e-02 | 17 -0.05525  6.61034e-02 | 18 -0.00741  2.83958e-02
 19 -0.02162 -3.78964e-02 | 20  0.05259 -2.35540e-03 | 21  0.04762 -7.09403e-02
 22 -0.05297 -1.51749e-01 | 23 -0.02810 -3.52932e-01 | 24 -0.11283 -3.83200e-01
 25 -0.00786 -9.32149e-01 | 26 -0.01554 -9.15256e-02 | 27 -0.00183  7.54796e-02
 28  0.06021  6.33462e-02 | 29  0.00813  1.52082e-01 | 30  0.07489  2.32020e-01
 31 -0.01867  1.06611e-02 | 32  0.08665  8.28970e-02 | 33  0.04410  2.24311e-02
 34  0.06563  1.11835e-01 | 35  0.02921  8.95179e-02 | 36 -0.01141  4.48276e-02
 37  0.01924  1.81392e-01 | 38  0.01911  2.59347e-02 | 39  0.23631 -1.37843e+00
 40  0.24258  1.22908e-02 | 41  0.25878 -1.02046e+00 | 42 -0.41322 -2.06824e-02
 43 -0.08175 -1.67784e-03 | 44  0.46119  2.85675e-03 | 45 -0.73899 -3.80631e-03
 46 -0.78170 -3.95350e-01 | 47 -0.79869  4.10222e-01 | 48 -0.97853 -4.15688e+00
 49 -0.97138  2.98803e+00 | 50 -0.46325  1.74130e-02 | 51 -0.45413  2.06164e-03
 52 -0.10933  9.29269e-01 | 53 -0.11192 -8.38099e-01 | 54 -0.15636 -1.45871e+00
 55 -0.13298  6.69358e-01 |
55 variables; iteration 120; function evaluation 163; phase 3
Function value 1.5159672e+02; maximum gradient component mag 1.0951e+01
Var    Value     Gradient |Var    Value     Gradient |Var    Value     Gradient
  1  0.14362 -2.09029e+00 |  2 -0.13972 -7.01213e-02 |  3 -0.00445 -1.64046e-01
  4 -0.04285 -3.08014e-01 |  5  0.00218 -6.07618e-01 |  6 -0.06472 -3.65692e-02
  7 -0.11729  1.52934e-03 |  8 -0.07772 -1.54119e-02 |  9 -0.08486 -3.16562e-02
 10  0.02674 -1.85013e-02 | 11  0.01054 -1.63625e-04 | 12  0.05310 -3.53064e-02
 13  0.00700 -4.77091e-02 | 14 -0.00505 -6.00776e-02 | 15  0.06489 -7.44123e-02
 16  0.01229 -6.12273e-02 | 17 -0.05527 -6.08344e-02 | 18 -0.00743 -5.32307e-02
 19 -0.02162  1.55922e-02 | 20  0.05254 -1.26571e-02 | 21  0.04758  5.12840e-02
 22 -0.05294  1.28641e-01 | 23 -0.02804  2.74796e-01 | 24 -0.11266  2.97034e-01
 25 -0.00762  7.38813e-01 | 26 -0.01554  7.28066e-02 | 27 -0.00189 -7.90010e-02
 28  0.06020 -8.60920e-02 | 29  0.00811 -1.49165e-01 | 30  0.07485 -2.07625e-01
 31 -0.01869 -2.61352e-02 | 32  0.08661 -5.65685e-02 | 33  0.04410 -1.12261e-02
 34  0.06562 -6.89910e-02 | 35  0.02921 -4.35197e-02 | 36 -0.01139 -4.18632e-02
 37  0.01924 -1.62764e-01 | 38  0.01914  1.38469e-02 | 39  0.23633  6.38028e-01
 40  0.24258 -8.17287e-01 | 41  0.25882  6.95692e-01 | 42 -0.43675  3.27166e-02
 43  0.28557  3.77510e-03 | 44 -0.20973 -9.48018e-04 | 45 -0.71607 -1.56127e-03
 46 -0.69551 -2.17632e+00 | 47 -0.71939  2.36109e+00 | 48 -0.95001  1.09515e+01
 49 -0.93345 -8.28256e+00 | 50 -0.59554 -2.24586e-03 | 51 -0.22706 -2.63974e-04
 52 -0.15649 -8.67057e-01 | 53 -0.15724  9.00230e-01 | 54 -0.15398  1.19266e+00
 55 -0.12780 -5.24821e-01 |
  ic > imax  in fminim is answer attained ?
Var    Value     Gradient |Var    Value     Gradient |Var    Value     Gradient
  1  0.14363  1.05646e+00 |  2 -0.13956  9.79978e-03 |  3 -0.00443  1.34516e-02
  4 -0.04281  1.70407e-02 |  5  0.00224  2.66578e-02 |  6 -0.06472 -2.48356e-03
  7 -0.11733 -3.96803e-03 |  8 -0.07778 -2.18502e-03 |  9 -0.08482 -3.62814e-03
 10  0.02678 -4.00036e-03 | 11  0.01054 -8.74850e-03 | 12  0.05311  3.16995e-03
 13  0.00704  7.92924e-03 | 14 -0.00498  1.64896e-03 | 15  0.06491  1.36973e-02
 16  0.01229  1.45343e-02 | 17 -0.05527  1.28785e-02 | 18 -0.00742  4.61821e-04
 19 -0.02163 -8.06025e-03 | 20  0.05257 -9.77383e-03 | 21  0.04760 -1.46447e-02
 22 -0.05296 -2.26508e-02 | 23 -0.02807 -3.31581e-02 | 24 -0.11276 -3.76629e-02
 25 -0.00774 -5.66978e-02 | 26 -0.01554 -3.76706e-03 | 27 -0.00186 -5.79990e-03
 28  0.06021  2.01047e-02 | 29  0.00812  1.99233e-02 | 30  0.07487  2.81345e-02
 31 -0.01868 -1.02092e-02 | 32  0.08663  1.01843e-02 | 33  0.04410 -1.11342e-03
 34  0.06563  1.29055e-02 | 35  0.02921  1.14762e-02 | 36 -0.01139  1.07939e-02
 37  0.01924  3.54828e-02 | 38  0.01913 -1.75189e-02 | 39  0.23632 -1.27019e-01
 40  0.24258  1.83811e-01 | 41  0.25880 -4.51360e-02 | 42 -0.44246 -1.42833e-02
 43  0.35483  1.25593e-03 | 44 -0.13365 -4.87130e-04 | 45 -0.71392  3.86894e-04
 46 -0.68978  1.05851e+00 | 47 -0.71420 -1.15607e+00 | 48 -0.93838  3.03057e+00
 49 -0.91790 -2.32152e+00 | 50 -0.65366 -3.69846e-03 | 51 -0.11608  2.41968e-04
 52 -0.17584 -5.28577e+02 | 53 -0.17584  5.49934e+02 | 54 -0.15418 -3.44912e-02
 55 -0.12822  3.38861e-02 |
Function minimizer not making progress ... is minimum attained?
Minimprove criterion = 0.0000e+00
Warning: the following parameters had issues
  selparm[7] is within 1% of lower bound: 0.0000e+00 < 9.3621e-03 < 4.0000e+00
  selparm[8] is within 1% of lower bound: 0.0000e+00 < 1.6607e-02 < 4.0000e+00


 - final statistics:
55 variables; iteration 133; function evaluation 282
Function value 1.5160e+02; maximum gradient component mag 5.4993e+02
Exit code = 1;  converg criter 1.0000e-04
Var    Value     Gradient |Var    Value     Gradient |Var    Value     Gradient
  1  0.14363  1.05646e+00 |  2 -0.13956  9.79978e-03 |  3 -0.00443  1.34516e-02
  4 -0.04281  1.70407e-02 |  5  0.00224  2.66578e-02 |  6 -0.06472 -2.48356e-03
  7 -0.11733 -3.96803e-03 |  8 -0.07778 -2.18502e-03 |  9 -0.08482 -3.62814e-03
 10  0.02678 -4.00036e-03 | 11  0.01054 -8.74850e-03 | 12  0.05311  3.16995e-03
 13  0.00704  7.92924e-03 | 14 -0.00498  1.64896e-03 | 15  0.06491  1.36973e-02
 16  0.01229  1.45343e-02 | 17 -0.05527  1.28785e-02 | 18 -0.00742  4.61821e-04
 19 -0.02163 -8.06025e-03 | 20  0.05257 -9.77383e-03 | 21  0.04760 -1.46447e-02
 22 -0.05296 -2.26508e-02 | 23 -0.02807 -3.31581e-02 | 24 -0.11276 -3.76629e-02
 25 -0.00774 -5.66978e-02 | 26 -0.01554 -3.76706e-03 | 27 -0.00186 -5.79990e-03
 28  0.06021  2.01047e-02 | 29  0.00812  1.99233e-02 | 30  0.07487  2.81345e-02
 31 -0.01868 -1.02092e-02 | 32  0.08663  1.01843e-02 | 33  0.04410 -1.11342e-03
 34  0.06563  1.29055e-02 | 35  0.02921  1.14762e-02 | 36 -0.01139  1.07939e-02
 37  0.01924  3.54828e-02 | 38  0.01913 -1.75189e-02 | 39  0.23632 -1.27019e-01
 40  0.24258  1.83811e-01 | 41  0.25880 -4.51360e-02 | 42 -0.44246 -1.42833e-02
 43  0.35483  1.25593e-03 | 44 -0.13365 -4.87130e-04 | 45 -0.71392  3.86894e-04
 46 -0.68978  1.05851e+00 | 47 -0.71420 -1.15607e+00 | 48 -0.93838  3.03057e+00
 49 -0.91790 -2.32152e+00 | 50 -0.65366 -3.69846e-03 | 51 -0.11608  2.41968e-04
 52 -0.17584 -5.28577e+02 | 53 -0.17584  5.49934e+02 | 54 -0.15418 -3.44912e-02
 55 -0.12822  3.38861e-02 |
Estimating row 1 out of 55 for hessian
Estimating row 2 out of 55 for hessian
Estimating row 3 out of 55 for hessian
Estimating row 4 out of 55 for hessian
Estimating row 5 out of 55 for hessian
Estimating row 6 out of 55 for hessian
Estimating row 7 out of 55 for hessian
Estimating row 8 out of 55 for hessian
Estimating row 9 out of 55 for hessian
Estimating row 10 out of 55 for hessian
Estimating row 11 out of 55 for hessian
Estimating row 12 out of 55 for hessian
Estimating row 13 out of 55 for hessian
Estimating row 14 out of 55 for hessian
Estimating row 15 out of 55 for hessian
Estimating row 16 out of 55 for hessian
Estimating row 17 out of 55 for hessian
Estimating row 18 out of 55 for hessian
Estimating row 19 out of 55 for hessian
Estimating row 20 out of 55 for hessian
Estimating row 21 out of 55 for hessian
Estimating row 22 out of 55 for hessian
Estimating row 23 out of 55 for hessian
Estimating row 24 out of 55 for hessian
Estimating row 25 out of 55 for hessian
Estimating row 26 out of 55 for hessian
Estimating row 27 out of 55 for hessian
Estimating row 28 out of 55 for hessian
Estimating row 29 out of 55 for hessian
Estimating row 30 out of 55 for hessian
Estimating row 31 out of 55 for hessian
Estimating row 32 out of 55 for hessian
Estimating row 33 out of 55 for hessian
Estimating row 34 out of 55 for hessian
Estimating row 35 out of 55 for hessian
Estimating row 36 out of 55 for hessian
Estimating row 37 out of 55 for hessian
Estimating row 38 out of 55 for hessian
Estimating row 39 out of 55 for hessian
Estimating row 40 out of 55 for hessian
Estimating row 41 out of 55 for hessian
Estimating row 42 out of 55 for hessian
Estimating row 43 out of 55 for hessian
Estimating row 44 out of 55 for hessian
Estimating row 45 out of 55 for hessian
Estimating row 46 out of 55 for hessian
Estimating row 47 out of 55 for hessian
Estimating row 48 out of 55 for hessian
Estimating row 49 out of 55 for hessian
Estimating row 50 out of 55 for hessian
Estimating row 51 out of 55 for hessian
Estimating row 52 out of 55 for hessian
Estimating row 53 out of 55 for hessian
Estimating row 54 out of 55 for hessian
Estimating row 55 out of 55 for hessian
size of file gradfil1.tmp = 0
size of file gradfil2.tmp = 0
size of file varssave.tmp = 0
size of file cmpdiff.tmp = 0
