
Initial statistics: 5 variables; iteration 0; function evaluation 0; phase 1
Function value 5.0581136e+03; maximum gradient component mag 3.4614e+04
Var    Value     Gradient |Var    Value     Gradient |Var    Value     Gradient
  1 -0.07231 -2.05340e+03 |  2  0.39650  3.46138e+04 |  3  0.21635  2.93274e+04
  4  0.21635  2.15915e+04 |  5  0.21635  1.46106e+04 |

 - final statistics:
5 variables; iteration 20; function evaluation 33
Function value 5.3120e+02; maximum gradient component mag -7.5849e+00
Exit code = 1;  converg criter 1.0000e+01
Var    Value     Gradient |Var    Value     Gradient |Var    Value     Gradient
  1  0.37232 -1.52839e-01 |  2  0.22388 -7.58489e+00 |  3  0.19825  5.46056e-01
  4  0.18481 -1.08654e+00 |  5  0.17800 -4.23604e-02 |

Initial statistics: 54 variables; iteration 0; function evaluation 0; phase 2
Function value 5.3120116e+02; maximum gradient component mag 1.0303e+03
Var    Value     Gradient |Var    Value     Gradient |Var    Value     Gradient
  1  0.37232 -1.52839e-01 |  2  0.22388 -7.58489e+00 |  3  0.00000  3.07220e+01
  4  0.00000 -1.04569e+02 |  5  0.00000  4.43393e+01 |  6  0.00000 -6.44899e+01
  7  0.00000 -3.28271e+01 |  8  0.00000  4.72393e+01 |  9  0.00000  4.05315e+00
 10  0.00000  6.61109e+00 | 11  0.00000 -7.00198e+01 | 12  0.00000  2.21540e+01
 13  0.00000 -3.37632e+01 | 14  0.00000  2.47922e+00 | 15  0.00000 -8.71246e+00
 16  0.00000 -7.23211e+01 | 17  0.00000  1.89496e+01 | 18  0.00000  8.77781e+01
 19  0.00000 -1.11949e+00 | 20  0.00000  7.53871e+01 | 21  0.00000 -1.69174e+02
 22  0.00000 -1.68085e+02 | 23  0.00000  7.21735e+01 | 24  0.00000 -1.69306e+01
 25  0.00000  2.00187e+02 | 26  0.00000  2.10888e+01 | 27  0.00000 -1.54019e+01
 28  0.00000  2.29977e+01 | 29  0.00000 -1.42949e+02 | 30  0.00000  1.10167e+02
 31  0.00000 -2.88831e+02 | 32  0.00000  2.33912e+02 | 33  0.00000 -3.04296e+02
 34  0.00000  3.10957e+01 | 35  0.00000 -1.83102e+02 | 36  0.00000  4.72266e+01
 37  0.00000  2.35606e+02 | 38  0.00000  1.10159e+02 | 39  0.00000  1.58269e+02
 40  0.19825  5.46056e-01 | 41  0.18481 -1.08654e+00 | 42  0.21635  1.03027e+03
 43  0.17800 -4.23604e-02 | 44 -1.00000 -1.08293e-07 | 45  0.00000  1.03879e-04
 46  0.00000  2.64636e-01 | 47 -0.53989  5.58025e+00 | 48 -1.00000 -1.08293e-07
 49 -0.53989  1.28627e+01 | 50 -1.00000 -1.08293e-07 | 51 -0.53989  2.83567e+00
 52 -0.32288  1.03870e+01 | 53  0.21635  3.21037e-01 | 54 -0.17585 -5.76531e+02

Intermediate statistics: 54 variables; iteration 20; function evaluation 36; phase 2
Function value 3.0494860e+02; maximum gradient component mag -4.8661e+03
Var    Value     Gradient |Var    Value     Gradient |Var    Value     Gradient
  1  1.44907  1.71683e+01 |  2  0.21881 -1.53379e+03 |  3 -0.16345 -3.56350e+01
  4  0.32469  1.35889e+02 |  5  0.13650 -5.36481e+01 |  6  0.21466  6.54582e+01
  7  0.14223  1.31440e+02 |  8 -0.01225  2.10823e+01 |  9  0.00749  6.67498e+01
 10  0.05071  8.69176e+01 | 11  0.14826  1.67730e+02 | 12  0.03232  5.04236e+01
 13  0.05002  7.94337e+01 | 14  0.00797  3.75604e+01 | 15  0.04220  9.39157e+01
 16  0.06762  6.80442e+01 | 17 -0.03315  6.57697e+00 | 18 -0.13735 -2.95141e+01
 19 -0.01031  1.06859e+02 | 20 -0.04481  4.95117e+01 | 21  0.16232  2.31839e+02
 22  0.14062  2.02543e+02 | 23 -0.01300  6.94480e+01 | 24 -0.01262  2.93908e+01
 25 -0.19345 -5.72144e+01 | 26 -0.03498  1.16365e+02 | 27 -0.00779  7.96592e+01
 28 -0.03566  5.42503e+00 | 29 -0.00892 -7.90513e-01 | 30 -0.03991 -6.99606e+00
 31  0.06337  1.66535e+02 | 32 -0.03710  4.82702e+01 | 33  0.05767  8.91750e+01
 34  0.00514  3.84249e+01 | 35  0.05714  2.96234e+02 | 36 -0.06387 -1.09847e+02
 37 -0.13308 -1.39838e+02 | 38 -0.06309  7.74511e+01 | 39 -0.09598  6.02039e+01
 40  0.17765 -4.86608e+03 | 41  0.19258  8.65775e+02 | 42  0.23004  1.30710e+03
 43  0.19904 -6.09621e+01 | 44 -1.30475 -1.42874e-03 | 45 -0.00001  3.14738e-03
 46 -0.00643  5.87139e-03 | 47 -0.67708  1.76780e-01 | 48 -1.39100  5.42837e+02
 49 -0.54928  4.96459e+02 | 50 -1.23165 -7.85388e+01 | 51 -0.60051 -4.51686e+01
 52 -0.69483  4.86071e-01 | 53  0.23323  2.26899e-01 | 54 -0.08339 -4.51343e+00
54 variables; iteration 40; function evaluation 61; phase 2
Function value 2.6440021e+02; maximum gradient component mag -3.4916e+03
Var    Value     Gradient |Var    Value     Gradient |Var    Value     Gradient
  1  1.33495  1.20214e+00 |  2  0.21239 -1.54001e+03 |  3 -0.08568 -2.10984e+01
  4  0.25513  9.25111e+01 |  5  0.13625  7.25850e+00 |  6  0.15980  2.01281e+01
  7  0.11749  2.02856e+02 |  8 -0.08794 -1.27150e+01 |  9 -0.03621  7.30278e+01
 10  0.05254  1.34388e+02 | 11  0.15068  1.84949e+02 | 12  0.05295  1.02235e+02
 13  0.05024  9.77957e+01 | 14  0.01910  8.12209e+01 | 15  0.05420  1.36374e+02
 16  0.06277  9.32514e+01 | 17 -0.03276  3.65608e+01 | 18 -0.13458 -2.15072e+00
 19 -0.03106  6.31549e+01 | 20 -0.04978  4.73306e+01 | 21  0.11031  1.46530e+02
 22  0.08706  8.70654e+01 | 23  0.00159  1.23038e+02 | 24  0.01459  1.15139e+02
 25 -0.14370  2.06801e+01 | 26 -0.04337  8.73103e+01 | 27 -0.01810  8.85203e+01
 28 -0.01219  7.96103e+01 | 29  0.02942  9.47744e+01 | 30  0.02318  2.12817e+02
 31  0.10033  3.77236e+02 | 32 -0.05559 -6.17938e+01 | 33  0.05174  8.30488e+01
 34 -0.00766  3.16208e+00 | 35  0.05919  2.65135e+02 | 36 -0.05741 -8.74306e+01
 37 -0.11405 -6.71246e+01 | 38 -0.05165  8.55553e+01 | 39 -0.08025  1.12249e+02
 40  0.18572 -3.49159e+03 | 41  0.19297  4.10247e+02 | 42  0.22309  4.14447e+02
 43  0.19985  2.26629e+02 | 44 -1.56053 -5.23467e+00 | 45 -0.36219  5.33642e-01
 46 -0.19269  7.14943e-01 | 47 -3.08980 -2.55605e-01 | 48 -1.41195  5.14653e+02
 49 -0.53243  4.89618e+02 | 50 -0.87695  4.83356e+00 | 51 -1.22464  2.64545e+00
 52 -0.60229  1.36024e+00 | 53  0.18010  4.41396e-01 | 54 -0.09402 -1.34879e+02
54 variables; iteration 60; function evaluation 95; phase 2
Function value 1.5162465e+02; maximum gradient component mag -2.6723e+02
Var    Value     Gradient |Var    Value     Gradient |Var    Value     Gradient
  1  1.77183  6.38227e+01 |  2  0.16867  1.74236e+02 |  3 -0.09040  2.46157e+00
  4  0.02848  2.93747e+01 |  5 -0.04115 -1.85364e+01 |  6  0.01972 -6.81791e+00
  7 -0.00926 -1.49152e+01 |  8 -0.03629  1.68915e+01 |  9  0.00260  4.04670e+01
 10 -0.02592 -3.73831e+01 | 11  0.05472  1.00382e+01 | 12 -0.00072 -2.20484e+01
 13  0.01996 -3.62729e+01 | 14  0.01674  2.84686e+01 | 15 -0.00821 -2.47593e+01
 16  0.04608 -1.82563e+01 | 17  0.00346  9.91503e+00 | 18 -0.04657  2.00639e+01
 19  0.00248  1.17352e+01 | 20 -0.01359  3.07142e+01 | 21  0.06618 -2.74281e+01
 22  0.07229 -6.40021e+00 | 23 -0.01880  1.06684e+01 | 24 -0.00424 -7.95989e+00
 25 -0.09039  1.24244e+01 | 26 -0.02747 -3.19418e+01 | 27 -0.01938 -1.05435e+01
 28 -0.00787 -3.71595e+00 | 29  0.02174 -4.85595e+01 | 30 -0.02106 -2.21560e+01
 31  0.04704 -3.38809e+01 | 32 -0.01759  3.64214e+01 | 33  0.04370 -3.59251e+01
 34  0.01558  7.72122e+00 | 35  0.03842 -3.32756e+01 | 36 -0.00198  2.77772e+01
 37 -0.03908  6.60851e+01 | 38 -0.01412  5.62295e+01 | 39 -0.04939 -5.18541e+00
 40  0.22192 -2.67228e+02 | 41  0.21425 -2.31286e+02 | 42  0.24017 -2.06249e+02
 43  0.23121 -8.01139e+00 | 44 -1.58747 -9.72001e+00 | 45 -0.34481  7.27321e-01
 46 -1.49564  3.18801e-03 | 47 -5.02287  8.11519e-02 | 48 -1.47279 -6.93860e+01
 49 -0.55475 -6.69574e+01 | 50 -0.91873 -8.21627e+01 | 51 -1.12699 -5.24468e+01
 52 -0.42726  1.97908e-02 | 53 -1.01852  4.20238e-02 | 54 -0.04522 -5.43961e+01
Maximum number of function evaluations exceeded

 - final statistics:
54 variables; iteration 66; function evaluation 100
Function value 1.3999e+02; maximum gradient component mag -3.7648e+02
Exit code = 3;  converg criter 1.0000e+01
Var    Value     Gradient |Var    Value     Gradient |Var    Value     Gradient
  1  1.65318 -1.64512e+00 |  2  0.16285 -3.76484e+02 |  3 -0.08293  5.29343e+00
  4 -0.00315 -2.06140e+01 |  5 -0.04772 -1.60686e+01 |  6  0.01621 -1.23653e+01
  7 -0.01645  5.89149e+00 |  8 -0.06763  4.68751e+00 |  9 -0.03290  5.00276e+00
 10 -0.01326  6.25133e+00 | 11  0.06116  7.40918e+00 | 12  0.02109  2.02959e+00
 13  0.04537 -2.72268e+00 | 14  0.00950  3.38932e+00 | 15  0.00928  3.58409e+00
 16  0.06244  8.09839e+00 | 17  0.00540  4.32681e+00 | 18 -0.06044 -1.38867e+00
 19 -0.00293  3.91277e+00 | 20 -0.03083  5.02708e-01 | 21  0.07438 -1.01407e+00
 22  0.07201 -4.83173e+00 | 23 -0.02707  4.51612e+00 | 24 -0.00337 -4.44373e+00
 25 -0.09969  4.34120e-01 | 26 -0.01777 -2.90454e+00 | 27 -0.01192  3.30966e+00
 28 -0.00770 -1.30759e+00 | 29  0.02819 -1.82076e+01 | 30 -0.01215  1.47244e+01
 31  0.05148  9.07600e+00 | 32 -0.02389  9.09332e+00 | 33  0.04655 -6.89532e+00
 34  0.01546 -3.26363e+00 | 35  0.04475 -1.60193e+01 | 36 -0.00106 -1.55836e+01
 37 -0.04245 -1.27087e+00 | 38 -0.01585  5.15113e+00 | 39 -0.05875  1.70866e+01
 40  0.22605 -3.42423e+02 | 41  0.21979 -9.23415e+01 | 42  0.24885 -8.02687e+01
 43  0.23827 -1.19243e+02 | 44 -1.57365 -1.09209e+00 | 45 -0.55249  8.43973e-02
 46 -2.20945 -2.09569e-03 | 47 -4.70347  2.86407e-02 | 48 -1.44678 -6.97089e+01
 49 -0.58354 -7.52484e+01 | 50 -0.90742 -2.36819e+02 | 51 -1.14378 -1.52083e+02
 52 -0.41702  6.74701e-02 | 53 -0.84046 -6.39690e-03 | 54 -0.03056 -4.18908e+01

Initial statistics: 57 variables; iteration 0; function evaluation 0; phase 3
Function value 1.3998585e+02; maximum gradient component mag -8.3872e+02
Var    Value     Gradient |Var    Value     Gradient |Var    Value     Gradient
  1  0.34682  1.64512e+00 |  2  0.16285 -3.76484e+02 |  3 -0.08293  5.29343e+00
  4 -0.00315 -2.06140e+01 |  5 -0.04772 -1.60686e+01 |  6  0.01621 -1.23653e+01
  7 -0.01649  4.71831e+00 |  8 -0.06766  3.52053e+00 |  9 -0.03293  3.83075e+00
 10 -0.01329  5.07801e+00 | 11  0.06113  6.24105e+00 | 12  0.02106  8.56669e-01
 13  0.04533 -3.89328e+00 | 14  0.00947  2.21588e+00 | 15  0.00925  2.41065e+00
 16  0.06241  6.93049e+00 | 17  0.00537  3.15328e+00 | 18 -0.06047 -2.55695e+00
 19 -0.00297  2.73922e+00 | 20 -0.03086 -6.69485e-01 | 21  0.07435 -2.17966e+00
 22  0.07198 -5.99784e+00 | 23 -0.02710  3.34360e+00 | 24 -0.00340 -5.61728e+00
 25 -0.09972 -7.25087e-01 | 26 -0.01780 -4.07765e+00 | 27 -0.01195  2.13630e+00
 28 -0.00774 -2.48107e+00 | 29  0.02815 -1.93801e+01 | 30 -0.01218  1.35510e+01
 31  0.05145  7.90629e+00 | 32 -0.02392  7.92056e+00 | 33  0.04651 -8.06579e+00
 34  0.01542 -4.43686e+00 | 35  0.04472 -1.71901e+01 | 36 -0.00109 -1.67572e+01
 37 -0.04248 -2.44183e+00 | 38 -0.01588  3.97792e+00 | 39 -0.05878  1.59180e+01
 40  0.22605 -3.42423e+02 | 41  0.21979 -9.23415e+01 | 42  0.24885 -8.02687e+01
 43  0.23827 -1.19243e+02 | 44 -0.42635  1.09209e+00 | 45 -0.55249  8.43973e-02
 46  0.20945  2.09569e-03 | 47 -0.70347  2.86407e-02 | 48 -0.55322  6.97089e+01
 49 -0.58354 -7.52484e+01 | 50 -0.90742 -2.36819e+02 | 51 -0.85622  1.52083e+02
 52 -0.41702  6.74701e-02 | 53 -0.84046 -6.39690e-03 | 54 -0.17585 -8.38719e+02
 55 -0.12819 -3.72622e+02 | 56 -0.03056 -4.18908e+01 | 57  0.05795  4.78566e+00

Intermediate statistics: 57 variables; iteration 20; function evaluation 27; phase 3
Function value 1.1041186e+02; maximum gradient component mag -1.3816e+03
Var    Value     Gradient |Var    Value     Gradient |Var    Value     Gradient
  1  0.32853  1.64932e+01 |  2  0.15175 -1.38164e+03 |  3 -0.09107  1.73040e-01
  4  0.01045 -1.26859e+01 |  5 -0.03179 -9.19670e+00 |  6  0.02601 -3.98577e+00
  7 -0.01648  7.98534e+00 |  8 -0.06742  1.04457e+01 |  9 -0.03462  7.53636e+00
 10 -0.01878  1.03274e+01 | 11  0.05969  8.25460e+00 | 12  0.02528  4.73475e+00
 13  0.05547  6.90006e+00 | 14  0.00952  9.45860e+00 | 15  0.00480  6.96659e+00
 16  0.06570  1.28757e+01 | 17  0.01191  9.69370e+00 | 18 -0.06085  1.66777e+00
 19 -0.02032 -1.79796e+01 | 20 -0.03094 -9.46348e+00 | 21  0.04799 -1.21021e+01
 22  0.05231 -1.19425e+01 | 23 -0.04149 -3.10685e+00 | 24 -0.02729 -1.64790e+01
 25 -0.11483 -8.44587e+00 | 26 -0.01025 -1.01991e+01 | 27 -0.02107 -4.71076e-02
 28 -0.02237 -1.05814e+01 | 29  0.04088 -1.50296e+01 | 30 -0.01052 -1.17632e+01
 31  0.05391 -4.12770e+01 | 32 -0.02862 -2.18266e+00 | 33  0.05739 -1.57047e+01
 34  0.02611  3.56110e+00 | 35  0.05149 -3.46431e+01 | 36  0.01241 -2.87327e+01
 37 -0.02924 -5.62629e+01 | 38 -0.00526 -1.61182e+02 | 39 -0.02396  2.66886e+01
 40  0.23644  8.91164e+01 | 41  0.24251 -2.38353e+02 | 42  0.25589 -4.18710e+02
 43  0.25845 -2.35437e+02 | 44 -0.42681 -3.08041e-01 | 45 -0.55250 -2.84309e-02
 46  0.20944  1.73997e-03 | 47 -0.70359  1.64839e-02 | 48 -0.56513 -1.07260e+02
 49 -0.59036  1.20101e+02 | 50 -0.95541  1.31809e+02 | 51 -0.94030 -9.84895e+01
 52 -0.41701 -2.26904e-02 | 53 -0.84040 -1.36896e-02 | 54 -0.13493  6.51494e+01
 55 -0.12493 -3.61268e+02 | 56  0.07143 -4.56250e+01 | 57  0.12492  8.70895e+01
57 variables; iteration 40; function evaluation 48; phase 3
Function value 1.0618080e+02; maximum gradient component mag -6.4588e+02
Var    Value     Gradient |Var    Value     Gradient |Var    Value     Gradient
  1  0.25369 -1.06389e-01 |  2  0.14954 -6.45882e+02 |  3 -0.15204 -1.78870e+01
  4  0.00815 -9.64120e+00 |  5 -0.02980 -1.08096e+00 |  6  0.02286 -4.78960e+00
  7 -0.02237  3.19494e+00 |  8 -0.07225  2.04624e+00 |  9 -0.02815  7.76185e+00
 10 -0.00372  1.53032e+01 | 11  0.07899  2.06383e+01 | 12  0.03906  1.24801e+01
 13  0.05664  2.71706e+00 | 14  0.00499 -2.49067e+00 | 15  0.00424  4.81718e+00
 16  0.06303 -5.52568e+00 | 17  0.01044 -6.30904e+00 | 18 -0.06123 -4.51130e+00
 19 -0.01812 -1.17673e+01 | 20 -0.03388 -1.12993e+01 | 21  0.04678 -1.57180e+01
 22  0.05137 -4.80524e+00 | 23 -0.04935 -7.76144e+00 | 24 -0.02367 -9.66729e-02
 25 -0.11502 -4.82843e+00 | 26 -0.01191 -9.22104e+00 | 27 -0.02295 -1.91795e+01
 28 -0.03080 -6.39409e+01 | 29  0.04039 -4.68656e+01 | 30 -0.01188 -1.37701e+01
 31  0.05145 -2.67817e+01 | 32 -0.03189  3.95273e+00 | 33  0.05245  6.79683e+00
 34  0.02085  1.05398e+01 | 35  0.04821 -7.67754e+00 | 36  0.01156 -2.34414e-01
 37 -0.02818  3.46217e-01 | 38 -0.00039  1.24324e+01 | 39 -0.01784  5.35538e+01
 40  0.23733 -2.46782e+02 | 41  0.24504 -1.08778e+02 | 42  0.26231 -1.43057e+02
 43  0.26513 -1.14954e+02 | 44 -0.50351 -1.00429e-02 | 45 -0.55579 -4.82044e-03
 46  0.20803  1.30252e-03 | 47 -0.71857  1.83597e-03 | 48 -0.68110 -5.50860e+01
 49 -0.70480  5.96752e+01 | 50 -0.93403 -8.05768e+01 | 51 -0.91168  6.01020e+01
 52 -0.41450  5.64507e-02 | 53 -0.83113 -6.47670e-03 | 54 -0.13186 -1.25024e+02
 55 -0.11566 -1.15640e+02 | 56  0.07883 -4.15298e+01 | 57  0.11425  6.99220e+01
57 variables; iteration 60; function evaluation 79; phase 3
Function value 9.9217691e+01; maximum gradient component mag -1.2556e+02
Var    Value     Gradient |Var    Value     Gradient |Var    Value     Gradient
  1  0.34249  2.12939e+00 |  2  0.14857 -1.25558e+02 |  3 -0.08674  1.73467e-01
  4  0.02204  6.31450e-01 |  5 -0.02247 -1.23714e-01 |  6  0.03059 -7.04550e-01
  7 -0.01447  7.57009e-01 |  8 -0.07031 -9.14466e-01 |  9 -0.03510  8.97771e-01
 10 -0.02132  1.93545e+00 | 11  0.05978 -2.87723e+00 | 12  0.03018  6.75275e-01
 13  0.06083  1.49422e+00 | 14  0.01141  1.93257e+00 | 15  0.00611 -1.76026e-01
 16  0.06780 -6.90621e-01 | 17  0.01386 -4.86844e+00 | 18 -0.05736 -3.20522e-01
 19 -0.01472 -2.85703e+00 | 20 -0.03242  8.09428e-01 | 21  0.05284 -1.70738e+00
 22  0.05714  5.46446e+00 | 23 -0.04338  2.37910e+00 | 24 -0.02128 -7.24166e-01
 25 -0.11002  3.57196e+00 | 26 -0.01191 -3.55136e+00 | 27 -0.01847  2.09494e+00
 28 -0.02128 -2.98807e+00 | 29  0.03863  8.96146e+00 | 30 -0.01244  6.36979e-01
 31  0.05107 -1.50711e+00 | 32 -0.03387  6.07371e+00 | 33  0.04605  9.54039e+00
 34  0.01608  4.50872e+00 | 35  0.04759  5.16126e+00 | 36  0.01225  1.43257e-01
 37 -0.02624 -1.42030e+01 | 38  0.00248 -4.43199e+01 | 39 -0.03038  1.96152e+00
 40  0.23905  2.52556e+01 | 41  0.24918  1.21040e+01 | 42  0.26523 -7.99368e+00
 43  0.28502  2.11941e+01 | 44 -0.73757 -7.18208e-03 | 45 -0.54811 -3.65756e-03
 46  0.19498  1.14356e-03 | 47 -0.72162 -1.36520e-03 | 48 -0.75096 -5.24515e+00
 49 -0.77033  5.68192e+00 | 50 -0.96273 -8.41793e+01 | 51 -0.95054  6.33318e+01
 52 -0.37513 -2.29809e-01 | 53 -0.72048 -2.61061e-02 | 54 -0.10715 -3.13683e+01
 55 -0.08782  4.59343e+00 | 56  0.16634 -5.61254e-01 | 57  0.13543 -6.03264e+00
Maximum number of function evaluations exceeded

 - final statistics:
57 variables; iteration 70; function evaluation 100
Function value 9.8945e+01; maximum gradient component mag -3.6007e+01
Exit code = 3;  converg criter 1.0000e+00
Var    Value     Gradient |Var    Value     Gradient |Var    Value     Gradient
  1  0.32840  2.98065e-01 |  2  0.14859 -3.60068e+01 |  3 -0.08775  5.25219e-02
  4  0.02069 -4.23936e-02 |  5 -0.02311  1.50612e-02 |  6  0.03043 -9.73500e-02
  7 -0.01454  5.12844e-01 |  8 -0.06893  4.88305e-01 |  9 -0.03436  5.04366e-01
 10 -0.02117  4.86205e-01 | 11  0.06259  4.68379e-01 | 12  0.03062  4.33613e-01
 13  0.06008  2.09532e-01 | 14  0.01071  2.14059e-01 | 15  0.00579  4.15714e-01
 16  0.06736 -1.65402e-01 | 17  0.01503 -9.48091e-02 | 18 -0.05772  2.55663e-01
 19 -0.01363  2.79029e-01 | 20 -0.03275  1.11381e-01 | 21  0.05387  8.73472e-02
 22  0.05605  2.24044e-01 | 23 -0.04395  4.34733e-01 | 24 -0.02107  2.36258e-01
 25 -0.11148  3.36514e-01 | 26 -0.01133  2.52261e-01 | 27 -0.01936  2.32568e-01
 28 -0.01928 -1.68357e-03 | 29  0.03820 -4.93234e-01 | 30 -0.01233 -4.62488e-04
 31  0.05121 -4.25192e-01 | 32 -0.03465  3.43052e-01 | 33  0.04546 -4.71342e-01
 34  0.01570 -6.79140e-02 | 35  0.04696 -5.87851e-01 | 36  0.01183 -6.46893e-01
 37 -0.02608 -1.02794e+00 | 38  0.00285 -2.57383e+00 | 39 -0.03197  7.56324e-01
 40  0.23993 -2.44992e+01 | 41  0.24974 -2.22587e+00 | 42  0.26520  2.64556e-01
 43  0.28289  1.82450e+00 | 44 -0.38973 -2.78503e-02 | 45 -0.41337 -6.70003e-03
 46  0.15628  1.02174e-03 | 47 -0.71930 -2.18724e-04 | 48 -0.74259  4.69622e-01
 49 -0.76268 -5.27203e-01 | 50 -0.96783 -1.10651e+01 | 51 -0.95743  8.27742e+00
 52 -0.34814  1.09065e-01 | 53 -0.38372  8.39203e-03 | 54 -0.10237  3.13206e+00
 55 -0.08362 -3.97679e-01 | 56  0.15693 -1.95472e+00 | 57  0.13391  2.17551e+00

Initial statistics: 59 variables; iteration 0; function evaluation 0; phase 4
Function value 9.8944992e+01; maximum gradient component mag 1.2453e+02
Var    Value     Gradient |Var    Value     Gradient |Var    Value     Gradient
  1  0.32840  1.24711e-01 |  2  0.14859 -4.81267e+01 |  3 -0.08775  7.33949e-01
  4  0.02069  8.13478e-01 |  5 -0.02311  5.78349e-01 |  6  0.03043  1.03208e+00
  7 -0.01455  1.08892e+00 |  8 -0.06893  6.21581e-01 |  9 -0.03436  1.57696e+00
 10 -0.02117  1.87891e-01 | 11  0.06259  1.04180e+00 | 12  0.03062  3.33802e-01
 13  0.06008  6.52194e-01 | 14  0.01071  1.26026e+00 | 15  0.00579  3.55058e-01
 16  0.06736 -5.50197e-01 | 17  0.01503  6.61358e-01 | 18 -0.05772  3.77278e-01
 19 -0.01363  1.12478e+00 | 20 -0.03275 -5.32332e-02 | 21  0.05387 -4.03846e-01
 22  0.05605  1.30397e+00 | 23 -0.04395  1.75299e+00 | 24 -0.02107  5.52582e-01
 25 -0.11148 -2.09843e-01 | 26 -0.01133  1.31856e+00 | 27 -0.01936  5.11516e-01
 28 -0.01928 -3.33122e-01 | 29  0.03820  1.89466e+00 | 30 -0.01233  7.31396e-01
 31  0.05121  3.18648e-01 | 32 -0.03465  7.83920e-01 | 33  0.04546 -5.56956e-01
 34  0.01570 -3.37709e-01 | 35  0.04696 -2.03916e-01 | 36  0.01183 -1.66703e+00
 37 -0.02608 -3.96251e+00 | 38  0.00285 -1.06553e+01 | 39 -0.03197  4.64077e-01
 40  0.23993 -5.59339e+01 | 41  0.24974  5.50918e-01 | 42  0.26520 -1.00424e+00
 43  0.28289 -2.41558e+00 | 44 -0.38973 -4.17006e+00 | 45 -0.41337 -2.19407e-01
 46  0.15628  9.60181e-04 | 47 -0.71930 -5.59867e-04 | 48 -0.74259 -4.27714e+00
 49 -0.76268  4.63291e+00 | 50 -0.96783 -9.12930e+00 | 51 -0.95743  6.80580e+00
 52 -0.34814  2.33733e+00 | 53 -0.38372  1.85409e-01 | 54 -0.10237 -3.60013e+00
 55 -0.08362  4.92822e+00 | 56  0.15693 -2.17555e+00 | 57  0.13391  2.67985e+00
 58 -0.05795  1.24531e+02 | 59 -0.17585 -1.23818e+02 |

Intermediate statistics: 59 variables; iteration 20; function evaluation 24; phase 4
Function value 9.7153335e+01; maximum gradient component mag -2.7558e+02
Var    Value     Gradient |Var    Value     Gradient |Var    Value     Gradient
  1  0.32006  4.00887e-01 |  2  0.14755 -7.53441e+01 |  3 -0.09244  1.52188e-01
  4  0.01838 -1.15574e+00 |  5 -0.02484  1.24449e-01 |  6  0.02804 -3.34764e-01
  7 -0.01936  5.05984e-01 |  8 -0.07272  1.32676e+00 |  9 -0.03716  1.68330e+00
 10 -0.02397  1.43011e+00 | 11  0.06154  1.56418e+00 | 12  0.03125  1.51294e+00
 13  0.06097  1.14251e+00 | 14  0.01006 -5.80427e-01 | 15  0.00445 -7.01945e-01
 16  0.06859 -1.35310e+00 | 17  0.01632 -1.04114e+00 | 18 -0.05763 -3.20279e+00
 19 -0.01566 -1.07896e+01 | 20 -0.03110 -3.51327e+00 | 21  0.04975 -1.57650e+01
 22  0.05244 -1.30223e+01 | 23 -0.04646 -6.78214e+00 | 24 -0.02489 -1.46959e+01
 25 -0.11192 -6.64631e+00 | 26 -0.00944 -1.59324e-01 | 27 -0.01904 -2.53467e+00
 28 -0.02035 -9.41655e+00 | 29  0.04021 -3.06046e-01 | 30 -0.01036  7.81530e-01
 31  0.05314 -9.87960e-01 | 32 -0.03380 -5.87533e+00 | 33  0.04731  7.06669e-01
 34  0.01748 -1.02355e+00 | 35  0.04783 -1.99607e+00 | 36  0.01357  1.13609e+01
 37 -0.02395  2.15730e+01 | 38  0.00601  5.70895e+01 | 39 -0.02311  1.22387e+01
 40  0.24046 -1.58979e+02 | 41  0.24861 -1.82252e+02 | 42  0.26542 -3.91165e+01
 43  0.28456 -9.41209e+00 | 44 -0.36832  5.33107e+00 | 45 -0.41219  1.67875e-01
 46  0.15628  9.47278e-04 | 47 -0.71929 -1.01900e-03 | 48 -0.74118  1.41545e+01
 49 -0.76283 -1.54975e+01 | 50 -0.96285 -2.75578e+02 | 51 -0.95049  2.06667e+02
 52 -0.34423  8.94315e+00 | 53 -0.38331  6.71363e-01 | 54 -0.11025  2.95957e+01
 55 -0.08441 -1.50399e+01 | 56  0.16397  7.91242e+00 | 57  0.13359 -1.25386e+01
 58 -0.06881  8.75444e+01 | 59 -0.16574 -5.60587e+01 |
59 variables; iteration 40; function evaluation 47; phase 4
Function value 9.6347192e+01; maximum gradient component mag -1.8768e+02
Var    Value     Gradient |Var    Value     Gradient |Var    Value     Gradient
  1  0.31243 -1.06851e+00 |  2  0.14761 -9.11863e+01 |  3 -0.08144  4.63469e+00
  4  0.01485 -7.06402e+00 |  5 -0.02611 -9.29706e-01 |  6  0.02747  2.22280e-02
  7 -0.02069 -2.61639e-01 |  8 -0.07446  7.57220e-01 |  9 -0.04220 -6.45572e+00
 10 -0.02354  4.33287e+00 | 11  0.06229  2.06988e+00 | 12  0.03192  1.97207e+00
 13  0.06121  1.33610e+00 | 14  0.01155  1.00791e+00 | 15  0.00705  1.43996e+00
 16  0.06897  1.07715e+00 | 17  0.01659  2.63674e+00 | 18 -0.05771 -1.41566e+00
 19 -0.01419 -1.34750e+00 | 20 -0.03360 -9.03141e+00 | 21  0.05492  5.74928e+00
 22  0.05210 -1.12544e+01 | 23 -0.04881 -1.07430e+01 | 24 -0.02463 -1.22565e+01
 25 -0.11384 -9.14687e+00 | 26 -0.00947  9.37757e-01 | 27 -0.02323 -1.60507e+01
 28 -0.01885 -4.42460e+00 | 29  0.04004 -2.49855e+00 | 30 -0.01001 -3.43208e-01
 31  0.05343 -5.37653e+00 | 32 -0.03377 -7.43928e+00 | 33  0.04822 -4.54215e+00
 34  0.01851 -7.82159e-01 | 35  0.04825 -2.37370e+00 | 36  0.01370  8.38028e+00
 37 -0.02417  1.52918e+01 | 38  0.00529  3.85778e+01 | 39 -0.02145  1.10237e+01
 40  0.23945 -1.58213e+02 | 41  0.24854 -1.87679e+02 | 42  0.26572 -1.84530e+01
 43  0.28302 -4.16755e+00 | 44 -0.37324 -5.38749e-01 | 45 -0.40000 -2.19468e-02
 46  0.15582  9.55464e-04 | 47 -0.71882 -6.39568e-04 | 48 -0.68843  1.58817e+00
 49 -0.71438 -1.75477e+00 | 50 -0.92372 -1.18240e+02 | 51 -0.89849  8.87296e+01
 52 -0.36408  3.84899e+00 | 53 -0.36783  3.83649e-01 | 54 -0.19404  6.59133e+01
 55 -0.08171 -4.34817e+01 | 56  0.15737  3.87016e+00 | 57  0.13264 -5.54705e+00
 58  0.00321  5.26644e+01 | 59 -0.07558  1.63181e+01 |
59 variables; iteration 60; function evaluation 76; phase 4
Function value 9.5254794e+01; maximum gradient component mag 2.8612e+01
Var    Value     Gradient |Var    Value     Gradient |Var    Value     Gradient
  1  0.30279 -1.08658e+00 |  2  0.14660  2.86116e+01 |  3 -0.09473 -1.40574e-01
  4  0.01796 -1.43345e-01 |  5 -0.02450  1.03226e+00 |  6  0.02713 -5.28963e-01
  7 -0.02028  5.85760e-01 |  8 -0.07423 -6.37336e-01 |  9 -0.03777  1.45174e+00
 10 -0.02651 -1.05770e+00 | 11  0.05986 -3.90700e-01 | 12  0.02984 -1.39331e+00
 13  0.06056 -1.77571e+00 | 14  0.00981 -9.59635e-01 | 15  0.00454  5.02124e-01
 16  0.06868 -7.41564e-02 | 17  0.01663  6.68744e-01 | 18 -0.05784 -6.75282e-01
 19 -0.01518  8.67031e-01 | 20 -0.03149 -1.34636e+00 | 21  0.04896 -4.73033e+00
 22  0.05239  5.60063e-01 | 23 -0.04785 -1.47533e+00 | 24 -0.02543 -5.73872e-02
 25 -0.11189  8.89152e-01 | 26 -0.00978  1.68077e+00 | 27 -0.01816  2.11809e+00
 28 -0.01954 -2.08342e-01 | 29  0.04067 -2.43373e-01 | 30 -0.00922 -7.86380e-02
 31  0.05386  1.26559e+00 | 32 -0.03266  1.01782e+00 | 33  0.04833  1.29163e+00
 34  0.01854  8.30224e-01 | 35  0.04867  9.08945e-01 | 36  0.01442  5.31907e-01
 37 -0.02245  1.05374e+00 | 38  0.00721 -1.44077e+00 | 39 -0.02307 -1.43760e+00
 40  0.24297  9.35780e+00 | 41  0.24910 -6.71026e+00 | 42  0.26677  1.46166e+00
 43  0.28400  2.82813e+00 | 44 -0.36789 -2.89273e-02 | 45 -0.45802 -3.58883e-03
 46  0.15060  9.53819e-04 | 47 -0.71637  2.74794e-04 | 48 -0.63823  1.54886e+00
 49 -0.66861 -1.69701e+00 | 50 -0.97148 -1.20454e+01 | 51 -0.96279  9.12911e+00
 52 -0.34000 -1.46322e+00 | 53 -0.21920 -9.78827e-02 | 54 -0.15938  1.90221e+00
 55 -0.09756  3.85955e+00 | 56  0.15667 -2.07879e-01 | 57  0.13074  4.49492e-01
 58 -0.06834  3.46658e+00 | 59 -0.12436 -1.49440e+00 |
59 variables; iteration 80; function evaluation 98; phase 4
Function value 9.5171149e+01; maximum gradient component mag -2.1818e+00
Var    Value     Gradient |Var    Value     Gradient |Var    Value     Gradient
  1  0.30505 -1.40059e-02 |  2  0.14648  2.09140e+00 |  3 -0.09434  2.28318e-03
  4  0.01794  4.03064e-02 |  5 -0.02509  3.74326e-02 |  6  0.02706  2.20228e-02
  7 -0.02140 -1.45831e-02 |  8 -0.07505 -1.07138e-02 |  9 -0.03939 -1.22705e-02
 10 -0.02712 -2.98520e-02 | 11  0.05982 -2.45932e-02 | 12  0.03051 -4.82572e-02
 13  0.06123 -4.99364e-03 | 14  0.00983  2.63423e-03 | 15  0.00384  3.80851e-03
 16  0.06890  2.84958e-02 | 17  0.01671  4.83486e-02 | 18 -0.05765  8.10145e-02
 19 -0.01555  1.00072e-01 | 20 -0.03103 -3.57720e-03 | 21  0.05010  4.36967e-03
 22  0.05204  3.16674e-03 | 23 -0.04748 -2.20743e-02 | 24 -0.02566  1.60966e-02
 25 -0.11202  3.08176e-02 | 26 -0.00948 -6.65315e-02 | 27 -0.01875  2.83087e-02
 28 -0.01937  2.26380e-02 | 29  0.04094 -1.23834e-01 | 30 -0.00895 -6.95238e-02
 31  0.05389 -5.80532e-02 | 32 -0.03258 -1.18314e-02 | 33  0.04824 -5.86798e-02
 34  0.01857 -4.00297e-02 | 35  0.04867 -8.03053e-02 | 36  0.01456 -4.98235e-02
 37 -0.02222  1.23842e-02 | 38  0.00756  2.14133e-01 | 39 -0.02206 -3.88631e-02
 40  0.24379  7.17041e-01 | 41  0.24902 -3.39937e-01 | 42  0.26683 -5.07472e-01
 43  0.28429 -3.26950e-01 | 44 -0.36908 -6.43690e-02 | 45 -0.40311 -4.34886e-03
 46  0.01312  2.51694e-04 | 47 -0.71287  1.11091e-05 | 48 -0.63344  1.99423e+00
 49 -0.66440 -2.18180e+00 | 50 -0.92430  1.36855e-01 | 51 -0.90139 -1.45043e-01
 52 -0.34257 -5.50003e-02 | 53 -0.05069 -3.51528e-03 | 54 -0.10075  1.08522e+00
 55 -0.16585 -6.99513e-01 | 56  0.15746 -1.96999e-02 | 57  0.13047  1.65436e-01
 58 -0.23709 -2.90509e-01 | 59 -0.24458  1.30598e+00 |
59 variables; iteration 100; function evaluation 188; phase 4
Function value 9.5170298e+01; maximum gradient component mag -5.6684e+03
Var    Value     Gradient |Var    Value     Gradient |Var    Value     Gradient
  1  0.30483  1.03083e-02 |  2  0.14646 -6.10658e-01 |  3 -0.09430  1.61827e-02
  4  0.01795 -1.55557e-02 |  5 -0.02509 -3.41266e-03 |  6  0.02705 -1.33633e-02
  7 -0.02142  9.83482e-03 |  8 -0.07508  8.59273e-04 |  9 -0.03942 -9.19834e-03
 10 -0.02716  1.05926e-02 | 11  0.05981  1.38268e-03 | 12  0.03054  4.88264e-03
 13  0.06125  1.05141e-02 | 14  0.00985  2.18746e-03 | 15  0.00385 -1.72410e-03
 16  0.06891 -8.97151e-03 | 17  0.01673 -1.25700e-02 | 18 -0.05763  2.17878e-03
 19 -0.01557 -6.20112e-03 | 20 -0.03101 -1.96610e-03 | 21  0.05008  7.88581e-03
 22  0.05202 -8.41712e-03 | 23 -0.04746  1.43113e-02 | 24 -0.02565 -7.92060e-03
 25 -0.11203 -1.49326e-02 | 26 -0.00946 -5.91329e-02 | 27 -0.01874 -1.58134e-02
 28 -0.01939  7.10559e-05 | 29  0.04096  1.49360e-02 | 30 -0.00893  1.06005e-02
 31  0.05389  1.36294e-02 | 32 -0.03258 -1.86876e-04 | 33  0.04822  3.18813e-02
 34  0.01856  1.75583e-02 | 35  0.04868  5.02666e-03 | 36  0.01458 -5.42913e-03
 37 -0.02221 -1.91750e-02 | 38  0.00757 -4.01688e-02 | 39 -0.02206  2.63719e-02
 40  0.24374 -5.15033e-01 | 41  0.24904  7.08122e-01 | 42  0.26686 -1.99119e-02
 43  0.28431  1.24458e-02 | 44 -0.37186  1.78533e-02 | 45 -0.31901 -1.01535e-03
 46 -0.02196  7.53447e-05 | 47 -0.71194 -3.10408e-05 | 48 -0.64597 -1.51323e-01
 49 -0.67574  1.65997e-01 | 50 -0.91239 -9.62254e-01 | 51 -0.88586  7.03155e-01
 52 -0.34342  6.28119e-03 | 53 -0.04602  2.76386e-04 | 54 -0.10023 -5.34016e+03
 55 -0.17585  3.96391e+03 | 56  0.15743  1.06963e-03 | 57  0.13040 -4.39412e-04
 58 -0.25412  6.86477e+02 | 59 -0.25412 -5.66842e+03 |
59 variables; iteration 120; function evaluation 209; phase 4
Function value 9.5168268e+01; maximum gradient component mag -2.2924e+02
Var    Value     Gradient |Var    Value     Gradient |Var    Value     Gradient
  1  0.30468 -1.20191e-02 |  2  0.14646  8.22043e-01 |  3 -0.09428  3.74374e-02
  4  0.01794  1.61663e-02 |  5 -0.02510  1.43755e-02 |  6  0.02703  4.38568e-03
  7 -0.02146 -3.96116e-03 |  8 -0.07512 -1.00786e-02 |  9 -0.03947 -4.65842e-02
 10 -0.02720 -7.98763e-03 | 11  0.05979 -2.30481e-03 | 12  0.03053 -1.12946e-02
 13  0.06126  3.28719e-02 | 14  0.00986  1.04177e-02 | 15  0.00386 -3.49094e-03
 16  0.06891  1.38089e-02 | 17  0.01672  1.41744e-02 | 18 -0.05762  1.72311e-02
 19 -0.01557 -3.84898e-03 | 20 -0.03101  1.18463e-02 | 21  0.05009  4.41444e-02
 22  0.05203  1.53174e-03 | 23 -0.04744  1.69709e-02 | 24 -0.02564 -6.40127e-03
 25 -0.11203 -5.52524e-02 | 26 -0.00945 -7.01297e-02 | 27 -0.01875 -3.71751e-02
 28 -0.01939 -3.04325e-02 | 29  0.04097 -1.06721e-02 | 30 -0.00893 -3.07921e-02
 31  0.05390 -5.82767e-02 | 32 -0.03257 -2.35588e-02 | 33  0.04822 -8.49900e-02
 34  0.01856 -6.16154e-02 | 35  0.04869 -2.66840e-02 | 36  0.01458  2.86927e-02
 37 -0.02221  7.02746e-02 | 38  0.00759  2.33041e-01 | 39 -0.02204 -2.81660e-02
 40  0.24370  5.28697e-02 | 41  0.24904 -1.19074e+00 | 42  0.26686 -4.01248e-02
 43  0.28429 -3.58490e-02 | 44 -0.39849  5.74325e-02 | 45  0.36237  4.10979e-03
 46 -0.10519 -3.47397e-04 | 47 -0.70965 -5.34954e-05 | 48 -0.64637  1.70832e-01
 49 -0.67612 -1.87885e-01 | 50 -0.84534  3.84943e-01 | 51 -0.79830 -3.13394e-01
 52 -0.34780 -7.86476e-02 | 53  0.01730 -4.73980e-03 | 54 -0.10062  2.20574e+02
 55 -0.17547 -2.29245e+02 | 56  0.15733 -1.81522e-02 | 57  0.13037  3.80739e-03
 58 -0.25308  5.82469e+01 | 59 -0.25337  1.47663e+02 |
59 variables; iteration 140; function evaluation 241; phase 4
Function value 9.4730449e+01; maximum gradient component mag -2.3096e+02
Var    Value     Gradient |Var    Value     Gradient |Var    Value     Gradient
  1  0.32253  1.10272e+00 |  2  0.14706 -2.30959e+02 |  3 -0.09437 -9.10365e-01
  4  0.01923 -3.14071e+00 |  5 -0.02440 -1.45628e+00 |  6  0.02843 -2.09598e+00
  7 -0.01879  2.51468e+00 |  8 -0.07276  2.26920e+00 |  9 -0.03709  2.74795e+00
 10 -0.02420  3.51222e+00 | 11  0.06104  2.50092e+00 | 12  0.03142  3.09913e+00
 13  0.06093  1.77235e+00 | 14  0.00993  1.48605e+00 | 15  0.00387  1.88567e+00
 16  0.06851  3.01177e-01 | 17  0.01651 -7.24143e-01 | 18 -0.05810  4.47825e-02
 19 -0.01575 -7.24046e-01 | 20 -0.03146  1.06298e+00 | 21  0.05046  7.93504e-01
 22  0.05228  1.40387e+00 | 23 -0.04757  1.70391e+00 | 24 -0.02548 -5.65059e-01
 25 -0.11215  3.05024e-01 | 26 -0.01092 -5.29776e+00 | 27 -0.01883 -4.99759e-01
 28 -0.01962  1.41505e+00 | 29  0.04014 -2.23662e+00 | 30 -0.00956 -1.43339e-01
 31  0.05361 -3.25181e+00 | 32 -0.03290  7.98305e-01 | 33  0.04799 -1.92214e+00
 34  0.01829  3.31562e-01 | 35  0.04830 -3.21963e-01 | 36  0.01389 -7.26149e-01
 37 -0.02313 -9.44412e-01 | 38  0.00617 -7.01293e+00 | 39 -0.02515  1.33121e+00
 40  0.24419 -7.48385e+00 | 41  0.24837 -6.33762e+01 | 42  0.26660 -3.20296e-01
 43  0.28508  2.70503e+00 | 44 -0.40499 -2.22444e+00 | 45  0.36244 -8.42178e-02
 46 -0.07096 -9.00209e-05 | 47 -0.70460  2.79730e-03 | 48 -0.69572 -2.27944e+01
 49 -0.72012  2.48431e+01 | 50 -0.55806 -4.10722e+01 | 51 -0.42114  3.11286e+01
 52 -0.34603  1.54428e+00 | 53  0.14008  8.35477e-02 | 54 -0.08653  2.18188e+02
 55 -0.16803 -1.97303e+02 | 56  0.16390  1.23641e+00 | 57  0.13342 -1.66912e+00
 58 -0.25587  1.76445e+01 | 59 -0.26177  1.84287e+02 |
59 variables; iteration 160; function evaluation 269; phase 4
Function value 9.4224884e+01; maximum gradient component mag -1.4131e+02
Var    Value     Gradient |Var    Value     Gradient |Var    Value     Gradient
  1  0.39138  6.08525e-01 |  2  0.15019 -1.41315e+02 |  3 -0.09104 -2.69967e-01
  4  0.01884 -1.06701e+00 |  5 -0.02531 -1.78166e-01 |  6  0.02896 -9.62230e-01
  7 -0.01557  9.75974e-01 |  8 -0.06934  1.72941e+00 |  9 -0.03497  1.48613e+00
 10 -0.02054  1.83096e+00 | 11  0.06231  1.38556e+00 | 12  0.03035  1.77363e+00
 13  0.05857  5.50606e-01 | 14  0.00994 -3.09020e-01 | 15  0.00624  6.95978e-01
 16  0.06622 -1.95548e+00 | 17  0.01267 -2.35073e+00 | 18 -0.06008  3.13851e-01
 19 -0.01799 -6.57339e-01 | 20 -0.03350 -1.20005e+00 | 21  0.05030 -7.26619e-01
 22  0.05326 -1.71159e+00 | 23 -0.04399  6.73637e-01 | 24 -0.02397 -7.84368e-01
 25 -0.11362  1.24488e+00 | 26 -0.01144  2.21874e+00 | 27 -0.02042 -1.71270e+00
 28 -0.02242 -2.57970e+00 | 29  0.03691 -7.64153e+00 | 30 -0.01200 -2.98905e+00
 31  0.05359 -4.38901e+00 | 32 -0.03373 -1.04339e+00 | 33  0.05036 -2.07086e+00
 34  0.01976 -7.88637e-01 | 35  0.04901 -2.25735e+00 | 36  0.01229 -2.62056e+00
 37 -0.02527 -1.25667e+00 | 38  0.00408  1.70563e+01 | 39 -0.01738  5.21939e+00
 40  0.23774 -1.19027e+02 | 41  0.24619 -1.04420e+01 | 42  0.26350 -7.26931e+00
 43  0.28610 -8.65808e+00 | 44 -0.38511 -2.95384e+00 | 45 -0.31700 -1.43987e-01
 46  1.09671 -1.89923e-02 | 47 -0.73797 -3.32377e-03 | 48 -0.46865  3.93747e+01
 49 -0.52380 -4.23796e+01 | 50 -0.47997 -2.80747e+01 | 51 -0.34411  2.08216e+01
 52 -0.49825  5.19298e-01 | 53  1.63997 -8.01260e-02 | 54 -0.10198  6.45756e+01
 55 -0.15597 -7.42998e+01 | 56  0.19503  9.30767e-01 | 57  0.15130  3.43312e+00
 58 -0.21936  2.58021e+01 | 59 -0.23436  3.54518e+01 |
59 variables; iteration 180; function evaluation 291; phase 4
Function value 9.2930176e+01; maximum gradient component mag -2.0750e+01
Var    Value     Gradient |Var    Value     Gradient |Var    Value     Gradient
  1  0.46093  7.48640e-02 |  2  0.15176  1.64016e+01 |  3 -0.08779 -2.83990e-01
  4  0.02103  2.50580e-01 |  5 -0.02395  3.39338e-03 |  6  0.03174  3.15434e-01
  7 -0.01016 -4.74323e-01 |  8 -0.06432 -1.09365e-01 |  9 -0.03034 -1.38300e-01
 10 -0.01481 -1.71622e-01 | 11  0.06674 -2.60620e-01 | 12  0.03393 -1.15977e-01
 13  0.06239 -9.96695e-01 | 14  0.01117 -3.38411e-01 | 15  0.00793 -4.42899e-01
 16  0.06527 -2.98834e-02 | 17  0.01179 -8.71784e-02 | 18 -0.06139 -1.23420e-02
 19 -0.01934 -3.33356e-01 | 20 -0.03504  2.26472e-01 | 21  0.04987  5.37760e-01
 22  0.05357 -3.43743e-01 | 23 -0.04407  2.75672e-02 | 24 -0.02340 -3.27645e-01
 25 -0.11507 -3.91920e-01 | 26 -0.01422 -9.43239e-01 | 27 -0.02106 -7.36125e-01
 28 -0.02440 -2.56104e-01 | 29  0.03486  2.20909e-01 | 30 -0.01358  2.99733e-01
 31  0.05268  3.29905e-01 | 32 -0.03471  3.09677e-02 | 33  0.04974  4.39685e-01
 34  0.01904  2.07796e-01 | 35  0.04796  5.44273e-02 | 36  0.01041  2.42943e-01
 37 -0.02851  8.54784e-01 | 38  0.00020  2.60938e+00 | 39 -0.02341  6.81445e-01
 40  0.23730  1.14763e+01 | 41  0.24571  1.08260e+01 | 42  0.26314 -6.85574e-01
 43  0.28975 -2.10106e+00 | 44 -0.63731 -6.54261e-03 | 45  3.90195 -1.04523e-03
 46  5.76572 -1.28369e-03 | 47 -0.72948 -4.31641e-03 | 48 -0.47484  4.03813e+00
 49 -0.52548 -4.80777e+00 | 50 -0.32250 -1.68708e+00 | 51 -0.24287  1.64889e+00
 52 -0.82667 -1.12379e-02 | 53  6.75014  7.54595e-03 | 54 -0.08830  1.69571e+01
 55 -0.10895 -2.07495e+01 | 56  0.21841  4.95307e-01 | 57  0.15812  2.79442e-02
 58 -0.15623  1.11270e+01 | 59 -0.20672  5.35413e+00 |
59 variables; iteration 200; function evaluation 311; phase 4
Function value 9.2894706e+01; maximum gradient component mag -1.6081e+01
Var    Value     Gradient |Var    Value     Gradient |Var    Value     Gradient
  1  0.46093 -1.90869e-03 |  2  0.15179  1.42239e+00 |  3 -0.08713 -2.89886e-02
  4  0.02092  3.92701e-02 |  5 -0.02397  2.05501e-02 |  6  0.03160  5.81373e-02
  7 -0.01006 -2.10812e-02 |  8 -0.06434 -5.30372e-03 |  9 -0.03033  1.89132e-02
 10 -0.01474 -7.75417e-03 | 11  0.06692 -9.44835e-03 | 12  0.03420 -5.32467e-04
 13  0.06313 -7.76385e-02 | 14  0.01142 -6.80302e-03 | 15  0.00832 -2.38257e-02
 16  0.06522  4.87548e-02 | 17  0.01176  5.84425e-02 | 18 -0.06141  4.02569e-02
 19 -0.01922  4.40378e-02 | 20 -0.03515  8.51004e-02 | 21  0.04982  1.28345e-01
 22  0.05371  5.45561e-02 | 23 -0.04421  1.11802e-02 | 24 -0.02329 -5.26311e-02
 25 -0.11502 -1.62825e-01 | 26 -0.01421 -6.62526e-01 | 27 -0.02085 -1.26979e-01
 28 -0.02432  1.09874e-02 | 29  0.03469  6.26335e-02 | 30 -0.01365  5.45646e-02
 31  0.05264  6.29495e-02 | 32 -0.03468  2.46061e-02 | 33  0.04963  4.57926e-02
 34  0.01896  3.70290e-02 | 35  0.04789  8.12102e-02 | 36  0.01027  1.75013e-01
 37 -0.02875  4.08012e-01 | 38 -0.00008 -2.01506e-01 | 39 -0.02457 -1.25551e-02
 40  0.23726  2.55527e+00 | 41  0.24553  1.50762e+00 | 42  0.26316  4.59454e-02
 43  0.28957 -8.16889e-02 | 44 -0.65188 -1.69967e-02 | 45  4.27742 -1.55100e-03
 46  6.51777  3.19149e-03 | 47 -0.69561  8.78963e-04 | 48 -0.47765  8.49220e-01
 49 -0.52731 -1.04482e+00 | 50 -0.31933 -2.23185e-01 | 51 -0.24153  1.98343e-01
 52 -0.74663 -1.28494e-02 | 53  5.46169 -1.66489e-03 | 54 -0.05451  1.40597e+01
 55 -0.12477 -1.60811e+01 | 56  0.21700 -2.69152e-02 | 57  0.15771  8.95476e-02
 58 -0.21863  5.77597e+00 | 59 -0.25718  7.33290e+00 |
59 variables; iteration 220; function evaluation 331; phase 4
Function value 9.2893372e+01; maximum gradient component mag -1.8361e+01
Var    Value     Gradient |Var    Value     Gradient |Var    Value     Gradient
  1  0.46204 -3.83539e-02 |  2  0.15184  3.92485e+00 |  3 -0.08702 -6.21721e-03
  4  0.02091 -1.98756e-03 |  5 -0.02398  3.97585e-03 |  6  0.03159 -7.89131e-03
  7 -0.01000 -4.74483e-02 |  8 -0.06428 -5.65250e-02 |  9 -0.03029 -4.19787e-02
 10 -0.01468 -5.78688e-02 | 11  0.06696 -5.97433e-02 | 12  0.03423 -5.89320e-02
 13  0.06319 -7.28596e-02 | 14  0.01144 -5.51830e-02 | 15  0.00838 -5.06351e-02
 16  0.06517 -4.09003e-02 | 17  0.01171 -3.55961e-02 | 18 -0.06145 -4.66502e-02
 19 -0.01925 -4.07319e-02 | 20 -0.03518 -4.42771e-02 | 21  0.04979 -5.54750e-02
 22  0.05372 -2.59979e-02 | 23 -0.04418 -3.17082e-02 | 24 -0.02327  2.99557e-02
 25 -0.11496  6.35142e-02 | 26 -0.01400  3.42175e-01 | 27 -0.02079  2.39861e-02
 28 -0.02439 -2.37237e-02 | 29  0.03461 -1.01458e-02 | 30 -0.01369 -7.27393e-03
 31  0.05263  1.38070e-02 | 32 -0.03468 -1.27504e-02 | 33  0.04964  2.08018e-02
 34  0.01896  9.12701e-03 | 35  0.04787  2.86914e-02 | 36  0.01021  6.13677e-02
 37 -0.02887  1.63067e-01 | 38 -0.00017  1.41571e-01 | 39 -0.02469 -1.04140e-02
 40  0.23722  8.38932e-01 | 41  0.24549  7.68456e-01 | 42  0.26310  2.18672e-02
 43  0.28960  1.09286e-02 | 44 -0.65410 -2.80338e-02 | 45  4.47142 -1.46341e-03
 46  5.99773 -2.67137e-04 | 47 -0.70613  2.39426e-03 | 48 -0.47755  7.73769e-02
 49 -0.52713 -1.85869e-01 | 50 -0.31850 -5.07536e-02 | 51 -0.24095  4.77258e-02
 52 -0.75355 -1.08343e-02 | 53  5.58690 -9.37825e-04 | 54 -0.05925  1.60432e+01
 55 -0.12836 -1.83609e+01 | 56  0.21741  1.36273e-02 | 57  0.15793  1.76563e-02
 58 -0.21948  6.48110e+00 | 59 -0.25532  8.49233e+00 |
59 variables; iteration 240; function evaluation 373; phase 4
Function value 9.2747702e+01; maximum gradient component mag 2.4107e+01
Var    Value     Gradient |Var    Value     Gradient |Var    Value     Gradient
  1  0.43345  3.91386e-01 |  2  0.15025  1.14659e+01 |  3 -0.09112  2.66656e-03
  4  0.01903 -5.95690e-02 |  5 -0.02571 -2.27369e-01 |  6  0.02867 -1.07839e-01
  7 -0.01565 -7.23439e-01 |  8 -0.06896 -1.47810e-01 |  9 -0.03425 -6.43239e-01
 10 -0.01932 -2.82535e-01 | 11  0.06444 -6.07075e-01 | 12  0.03377 -1.13691e+00
 13  0.06365 -3.51453e+00 | 14  0.01137 -1.04751e+00 | 15  0.00775 -3.34431e-02
 16  0.06610  2.83764e-01 | 17  0.01293  1.83883e-01 | 18 -0.06001  2.40967e-01
 19 -0.01846 -1.53280e-01 | 20 -0.03407  2.21548e-01 | 21  0.04951  2.88098e-01
 22  0.05291 -3.49968e-01 | 23 -0.04422  4.43510e-01 | 24 -0.02370  2.93465e-01
 25 -0.11343  1.08444e+00 | 26 -0.01257  2.67645e+00 | 27 -0.02020  2.46660e-01
 28 -0.02298  2.78099e-01 | 29  0.03636  4.57506e-01 | 30 -0.01234  7.59133e-01
 31  0.05303  6.48087e-01 | 32 -0.03397  5.99014e-01 | 33  0.04931  4.20196e-01
 34  0.01924  5.76628e-01 | 35  0.04840 -9.55848e-01 | 36  0.01171 -1.44647e+00
 37 -0.02676 -2.84781e+00 | 38  0.00250  1.77207e+00 | 39 -0.02243  7.80456e-01
 40  0.23818  2.41066e+01 | 41  0.24660  1.39191e+01 | 42  0.26416 -6.20879e-01
 43  0.28942  3.63223e+00 | 44 -0.41701  7.96704e-01 | 45  5.17499 -2.09711e-02
 46  7.28423 -6.52407e-03 | 47 -0.73683 -6.98215e-03 | 48 -0.48841 -5.94339e+00
 49 -0.53597  8.25379e+00 | 50 -0.33438  3.10581e-02 | 51 -0.25421  2.23375e-01
 52 -0.85096 -1.37557e-02 | 53  8.19086  2.80069e-04 | 54 -0.05980  1.87168e+00
 55 -0.13077 -4.53872e+00 | 56  0.20720 -2.02846e+00 | 57  0.15212  2.44752e+00
 58 -0.22287  3.96411e+00 | 59 -0.25690 -2.15435e+00 |
59 variables; iteration 260; function evaluation 393; phase 4
Function value 9.2731884e+01; maximum gradient component mag -1.0545e+01
Var    Value     Gradient |Var    Value     Gradient |Var    Value     Gradient
  1  0.43720 -2.12108e-04 |  2  0.15042  4.26211e-02 |  3 -0.09086 -8.72088e-04
  4  0.01903 -6.32260e-04 |  5 -0.02556 -7.26040e-04 |  6  0.02902 -3.80497e-04
  7 -0.01476 -1.44974e-03 |  8 -0.06835 -6.70697e-04 |  9 -0.03344 -8.72825e-04
 10 -0.01839 -7.31728e-04 | 11  0.06522 -8.20534e-04 | 12  0.03439 -8.79195e-04
 13  0.06437 -2.04358e-03 | 14  0.01150 -2.75312e-04 | 15  0.00787 -4.30098e-04
 16  0.06593  1.61537e-03 | 17  0.01273  1.26884e-03 | 18 -0.06036 -1.11103e-04
 19 -0.01856 -1.79023e-04 | 20 -0.03436  1.55583e-03 | 21  0.04949  2.46863e-03
 22  0.05309  1.32313e-03 | 23 -0.04448  5.79993e-04 | 24 -0.02363  8.16577e-04
 25 -0.11397  1.29476e-03 | 26 -0.01353  2.13829e-03 | 27 -0.02053  9.68446e-05
 28 -0.02311  3.10631e-03 | 29  0.03616  4.96284e-03 | 30 -0.01260  2.28904e-03
 31  0.05289  1.90052e-03 | 32 -0.03428  9.58470e-04 | 33  0.04919  2.83532e-03
 34  0.01902  1.34698e-03 | 35  0.04831 -1.11479e-03 | 36  0.01157 -3.71280e-03
 37 -0.02684 -9.35623e-03 | 38  0.00214 -6.05780e-03 | 39 -0.02300 -1.76295e-03
 40  0.23801  1.49637e-01 | 41  0.24646 -1.66941e-03 | 42  0.26416 -2.10832e-03
 43  0.28990 -7.45901e-03 | 44 -0.38865  4.61016e-04 | 45  6.05970  1.72447e-04
 46  7.97164  4.58071e-05 | 47 -0.70925  6.22461e-05 | 48 -0.48834 -6.90088e-03
 49 -0.53640  1.20651e-02 | 50 -0.33006  1.17147e-03 | 51 -0.25173 -2.08838e-04
 52 -0.81819 -1.07202e-02 | 53  7.87905 -6.45936e-04 | 54 -0.05723  8.53292e+00
 55 -0.13030 -1.05450e+01 | 56  0.21060  4.78469e-03 | 57  0.15310 -6.06651e-03
 58 -0.22486  4.48282e+00 | 59 -0.25924  3.47763e+00 |
59 variables; iteration 280; function evaluation 413; phase 4
Function value 9.2731758e+01; maximum gradient component mag -1.0534e+01
Var    Value     Gradient |Var    Value     Gradient |Var    Value     Gradient
  1  0.43759  4.83453e-02 |  2  0.15042 -4.78495e+00 |  3 -0.09085 -1.51109e-03
  4  0.01904 -7.24504e-03 |  5 -0.02557 -2.01897e-02 |  6  0.02902 -5.65616e-03
  7 -0.01476  4.26531e-02 |  8 -0.06834  6.80034e-02 |  9 -0.03346  4.27173e-02
 10 -0.01840  6.53124e-02 | 11  0.06522  6.08793e-02 | 12  0.03439  5.52270e-02
 13  0.06436  1.18786e-02 | 14  0.01150  3.47694e-02 | 15  0.00787  4.94127e-02
 16  0.06593  3.65360e-02 | 17  0.01273  1.81730e-02 | 18 -0.06036  4.33860e-02
 19 -0.01857  2.92075e-02 | 20 -0.03436  3.95060e-02 | 21  0.04949  7.01951e-02
 22  0.05309  1.84613e-02 | 23 -0.04447  5.17727e-02 | 24 -0.02363  6.21982e-03
 25 -0.11398  3.78791e-03 | 26 -0.01357 -1.34023e-01 | 27 -0.02054  5.63773e-03
 28 -0.02311  5.44720e-02 | 29  0.03616  5.92670e-02 | 30 -0.01260  3.26961e-02
 31  0.05289  1.86333e-02 | 32 -0.03428  2.89522e-02 | 33  0.04920  4.55681e-02
 34  0.01903  2.23531e-02 | 35  0.04831 -6.12678e-02 | 36  0.01157 -1.80268e-01
 37 -0.02684 -4.43429e-01 | 38  0.00215 -2.64259e-01 | 39 -0.02291  3.93675e-02
 40  0.23800 -8.78898e-01 | 41  0.24646  1.30356e-01 | 42  0.26415 -9.82638e-02
 43  0.28993 -1.74756e-01 | 44 -0.38920 -2.15454e-02 | 45  6.04843  1.14605e-03
 46  8.00172  2.46671e-04 | 47 -0.70671  1.79318e-03 | 48 -0.48780 -7.27644e-02
 49 -0.53597  2.84652e-01 | 50 -0.33002 -4.23365e-02 | 51 -0.25168  5.28994e-02
 52 -0.80413 -9.96549e-03 | 53  7.95362 -3.25313e-04 | 54 -0.05567  8.66639e+00
 55 -0.12969 -1.05339e+01 | 56  0.21086  6.20374e-02 | 57  0.15317 -9.68201e-02
 58 -0.22552  4.32502e+00 | 59 -0.26036  3.74888e+00 |
59 variables; iteration 300; function evaluation 450; phase 4
Function value 9.2687940e+01; maximum gradient component mag 1.2914e+01
Var    Value     Gradient |Var    Value     Gradient |Var    Value     Gradient
  1  0.43267 -1.23013e-01 |  2  0.15012  1.29138e+01 |  3 -0.09113 -2.31389e-02
  4  0.01904  2.39307e-02 |  5 -0.02550  4.03666e-02 |  6  0.02895  2.28650e-02
  7 -0.01512 -1.65297e-01 |  8 -0.06871 -1.72724e-01 |  9 -0.03370 -1.43195e-01
 10 -0.01879 -1.88020e-01 | 11  0.06513 -1.85062e-01 | 12  0.03451 -1.42957e-01
 13  0.06459 -1.32311e-01 | 14  0.01097 -2.22630e-01 | 15  0.00685 -2.17207e-01
 16  0.06617 -3.26445e-01 | 17  0.01334 -2.84171e-01 | 18 -0.06059 -2.33379e-01
 19 -0.01824 -2.21804e-01 | 20 -0.03400 -2.68935e-01 | 21  0.04986 -3.16074e-01
 22  0.05302 -2.86685e-01 | 23 -0.04539 -2.19574e-01 | 24 -0.02426 -1.27895e-01
 25 -0.11361  3.02744e-02 | 26 -0.01311  7.02721e-01 | 27 -0.02062 -9.72494e-02
 28 -0.02263 -2.46319e-01 | 29  0.03665 -1.70078e-01 | 30 -0.01223 -2.01620e-01
 31  0.05285 -1.83762e-01 | 32 -0.03422 -2.14948e-01 | 33  0.04919 -6.95627e-02
 34  0.01902 -9.93516e-02 | 35  0.04799  1.71897e-01 | 36  0.01169  6.59059e-01
 37 -0.02625  1.72358e+00 | 38  0.00250  1.81551e+00 | 39 -0.02314  3.92760e-02
 40  0.24088 -6.14507e+00 | 41  0.24668  9.62001e-01 | 42  0.26441  3.61706e-02
 43  0.29005 -4.96108e-01 | 44 -0.38725  2.07516e-01 | 45  6.06047 -9.24230e-03
 46  7.81949 -9.18022e-04 | 47 -0.86578 -1.46492e-02 | 48 -0.49360 -5.57855e-01
 49 -0.54080 -3.36742e-01 | 50 -0.33310 -4.29888e-02 | 51 -0.25433  1.49779e-02
 52 -0.40384  2.51501e-02 | 53  8.87970  1.62724e-02 | 54 -0.06537  6.37929e+00
 55 -0.13469 -9.22875e+00 | 56  0.20944  4.12861e-01 | 57  0.15209 -4.70159e-01
 58 -0.22339  5.11915e+00 | 59 -0.25446  8.83762e-01 |
59 variables; iteration 320; function evaluation 472; phase 4
Function value 9.2680503e+01; maximum gradient component mag -9.1828e+00
Var    Value     Gradient |Var    Value     Gradient |Var    Value     Gradient
  1  0.43433 -1.01465e-02 |  2  0.15016  3.60287e+00 |  3 -0.09101 -4.46657e-03
  4  0.01905 -4.58974e-03 |  5 -0.02551 -5.31965e-03 |  6  0.02896 -7.27005e-03
  7 -0.01507 -5.81974e-02 |  8 -0.06866 -5.00065e-02 |  9 -0.03368 -5.87234e-02
 10 -0.01873 -5.35235e-02 | 11  0.06516 -5.34556e-02 | 12  0.03451 -4.12355e-02
 13  0.06458 -1.69065e-02 | 14  0.01085 -1.95950e-02 | 15  0.00666 -4.07123e-02
 16  0.06614  1.07496e-02 | 17  0.01335  4.72623e-03 | 18 -0.06073 -2.52454e-02
 19 -0.01824 -2.65592e-02 | 20 -0.03398  1.54737e-02 | 21  0.04997  2.00014e-02
 22  0.05303  4.21300e-03 | 23 -0.04554 -2.15940e-02 | 24 -0.02441 -1.86280e-02
 25 -0.11363 -2.09161e-02 | 26 -0.01326 -3.93423e-02 | 27 -0.02072 -2.82932e-02
 28 -0.02255  3.56917e-02 | 29  0.03665  9.73985e-02 | 30 -0.01221  3.97315e-02
 31  0.05283  4.73053e-02 | 32 -0.03423 -3.25445e-03 | 33  0.04927  6.77287e-02
 34  0.01909  2.45543e-02 | 35  0.04792  1.69602e-02 | 36  0.01166  4.08609e-02
 37 -0.02620  9.83807e-02 | 38  0.00255  9.83950e-02 | 39 -0.02270 -3.40799e-02
 40  0.24146  3.60990e+00 | 41  0.24664  3.02763e-01 | 42  0.26437 -4.91893e-02
 43  0.29010 -1.77310e-01 | 44 -0.38588  2.79752e-02 | 45  6.09746 -8.81672e-04
 46  8.08782  5.80648e-04 | 47 -0.71632 -1.55796e-03 | 48 -0.49048 -7.96610e-02
 49 -0.53829  4.00216e-02 | 50 -0.33276 -5.08143e-02 | 51 -0.25405  4.42282e-02
 52 -0.36728 -2.26084e-01 | 53  8.27662 -1.21385e-02 | 54 -0.05698  7.16432e+00
 55 -0.13103 -9.18282e+00 | 56  0.21018  1.17167e-01 | 57  0.15242 -1.56260e-01
 58 -0.22634  4.19804e+00 | 59 -0.26016  2.48921e+00 |
59 variables; iteration 340; function evaluation 492; phase 4
Function value 9.2680175e+01; maximum gradient component mag -9.3391e+00
Var    Value     Gradient |Var    Value     Gradient |Var    Value     Gradient
  1  0.43447  3.15097e-05 |  2  0.15018 -4.40782e-04 |  3 -0.09099 -1.63474e-06
  4  0.01905 -1.21587e-05 |  5 -0.02551 -1.68736e-05 |  6  0.02897 -1.21779e-05
  7 -0.01504 -1.77162e-05 |  8 -0.06863  5.43125e-06 |  9 -0.03365 -1.71781e-05
 10 -0.01869  5.21516e-06 | 11  0.06517 -3.77658e-06 | 12  0.03451  4.23945e-07
 13  0.06458 -1.02581e-05 | 14  0.01086  1.00847e-05 | 15  0.00668  9.83708e-06
 16  0.06613  3.39557e-05 | 17  0.01333  1.96164e-05 | 18 -0.06074  1.76223e-05
 19 -0.01824  2.72943e-07 | 20 -0.03399  3.79867e-05 | 21  0.04997  4.83698e-05
 22  0.05304  8.28442e-06 | 23 -0.04552  1.88547e-05 | 24 -0.02440 -1.26930e-05
 25 -0.11365 -6.73689e-06 | 26 -0.01327 -9.13177e-05 | 27 -0.02072 -1.66624e-05
 28 -0.02256  3.45963e-05 | 29  0.03663  1.01423e-05 | 30 -0.01223  1.72120e-05
 31  0.05283 -1.26831e-06 | 32 -0.03423  1.08163e-05 | 33  0.04927 -3.45941e-07
 34  0.01909  6.57556e-06 | 35  0.04792 -3.92563e-05 | 36  0.01164 -4.18815e-05
 37 -0.02622 -7.43303e-05 | 38  0.00253  2.46473e-05 | 39 -0.02270  4.38800e-06
 40  0.24141  2.12879e-03 | 41  0.24663 -5.33227e-04 | 42  0.26436 -7.98740e-05
 43  0.29007 -5.85586e-05 | 44 -0.38953 -1.56618e-04 | 45  6.02002  5.02632e-06
 46  7.96289  1.03503e-07 | 47 -0.70909 -1.74244e-06 | 48 -0.49022 -2.76310e-05
 49 -0.53807  7.41644e-05 | 50 -0.33256 -2.86838e-05 | 51 -0.25390  2.91532e-05
 52 -0.34821 -1.51539e-04 | 53  7.97529 -9.33002e-06 | 54 -0.05651  7.36897e+00
 55 -0.13070 -9.33906e+00 | 56  0.21011 -3.85440e-06 | 57  0.15245 -1.74945e-06
 58 -0.22630  4.17943e+00 | 59 -0.26037  2.69525e+00 |
59 variables; iteration 360; function evaluation 512; phase 4
Function value 9.2680137e+01; maximum gradient component mag -9.4046e+00
Var    Value     Gradient |Var    Value     Gradient |Var    Value     Gradient
  1  0.43456 -2.61460e-02 |  2  0.15018  6.07262e-01 |  3 -0.09102 -1.28692e-02
  4  0.01906  4.11897e-03 |  5 -0.02550  3.06481e-03 |  6  0.02899  1.10129e-02
  7 -0.01502 -1.43156e-02 |  8 -0.06861 -6.94783e-03 |  9 -0.03363 -1.25617e-03
 10 -0.01868 -1.18460e-02 | 11  0.06519 -8.14257e-03 | 12  0.03452 -5.97203e-04
 13  0.06457 -2.02344e-02 | 14  0.01085 -8.73429e-03 | 15  0.00666 -1.34175e-02
 16  0.06613  1.54752e-02 | 17  0.01334  1.92543e-02 | 18 -0.06075  1.84587e-04
 19 -0.01824  3.30119e-03 | 20 -0.03399  1.78839e-02 | 21  0.04998  3.20901e-02
 22  0.05304  1.58551e-02 | 23 -0.04553  7.79239e-03 | 24 -0.02440  1.52878e-02
 25 -0.11364  1.86263e-02 | 26 -0.01327  4.83551e-02 | 27 -0.02073 -7.99831e-04
 28 -0.02256  4.04790e-02 | 29  0.03663  8.49752e-02 | 30 -0.01223  1.94266e-02
 31  0.05283  1.82786e-02 | 32 -0.03423  2.19771e-03 | 33  0.04927  3.56417e-02
 34  0.01908  1.00892e-02 | 35  0.04791 -4.95564e-03 | 36  0.01164 -3.43340e-02
 37 -0.02622 -1.03867e-01 | 38  0.00253 -1.51435e-01 | 39 -0.02272 -5.51490e-02
 40  0.24144  1.35865e+00 | 41  0.24662 -8.91443e-02 | 42  0.26436 -7.69257e-03
 43  0.29011 -1.27690e-01 | 44 -0.39143 -1.80481e-02 | 45  5.97966  6.32396e-04
 46  7.96737  8.09124e-05 | 47 -0.70527  2.00462e-03 | 48 -0.49017 -8.58772e-02
 49 -0.53803  1.30985e-01 | 50 -0.33256 -6.60862e-03 | 51 -0.25388  1.01241e-02
 52 -0.35064 -9.16960e-02 | 53  8.01690 -5.81593e-03 | 54 -0.05861  7.29103e+00
 55 -0.13240 -9.40460e+00 | 56  0.21033  1.18908e-01 | 57  0.15251 -1.39273e-01
 58 -0.22687  4.34203e+00 | 59 -0.25965  2.46611e+00 |
59 variables; iteration 380; function evaluation 534; phase 4
Function value 9.2679001e+01; maximum gradient component mag 1.7825e-01
Var    Value     Gradient |Var    Value     Gradient |Var    Value     Gradient
  1  0.43516 -8.09523e-03 |  2  0.15021  1.68436e-01 |  3 -0.09096 -3.91347e-03
  4  0.01906  1.44955e-04 |  5 -0.02551 -6.86081e-04 |  6  0.02900  1.78610e-03
  7 -0.01497 -5.43375e-03 |  8 -0.06857 -1.55611e-03 |  9 -0.03360 -1.18775e-03
 10 -0.01863 -1.74531e-03 | 11  0.06520 -1.48287e-03 | 12  0.03450  1.44549e-03
 13  0.06455 -1.45791e-03 | 14  0.01086 -3.53609e-03 | 15  0.00670 -6.01836e-03
 16  0.06611 -4.18022e-03 | 17  0.01330 -2.35452e-03 | 18 -0.06075 -2.78903e-03
 19 -0.01823 -4.27296e-03 | 20 -0.03401 -4.30366e-03 | 21  0.05002  1.87376e-03
 22  0.05309 -7.10378e-03 | 23 -0.04552 -8.70532e-04 | 24 -0.02436 -2.83958e-03
 25 -0.11367  9.06813e-04 | 26 -0.01333  5.76682e-03 | 27 -0.02072 -7.31964e-03
 28 -0.02253 -1.10347e-03 | 29  0.03657 -1.21910e-03 | 30 -0.01226  5.26032e-04
 31  0.05284  1.32492e-03 | 32 -0.03422 -3.79041e-05 | 33  0.04928  9.28852e-03
 34  0.01909  7.07472e-03 | 35  0.04792  1.44499e-03 | 36  0.01161 -4.79249e-04
 37 -0.02627 -2.16072e-03 | 38  0.00248  2.03125e-02 | 39 -0.02279  5.54456e-03
 40  0.24137 -5.17455e-02 | 41  0.24656  1.78254e-01 | 42  0.26433 -9.70199e-03
 43  0.29007 -1.42783e-02 | 44 -0.38972 -5.93338e-03 | 45  6.01895  2.66716e-04
 46  7.96445  3.40694e-06 | 47 -0.70948 -1.59354e-04 | 48 -0.48986 -2.23334e-02
 49 -0.53777  2.50967e-02 | 50 -0.33226 -3.29005e-03 | 51 -0.25361  5.02791e-03
 52 -0.34836  3.83912e-04 | 53  7.97541  2.69298e-05 | 54 -0.07095  7.09659e-02
 55 -0.15536 -1.14739e-01 | 56  0.21034  1.32916e-02 | 57  0.15260 -5.37981e-03
 58 -0.25190  7.11609e-02 | 59 -0.26726 -7.59263e-03 |
  ic > imax  in fminim is answer attained ?
Var    Value     Gradient |Var    Value     Gradient |Var    Value     Gradient
  1  0.43522  1.17479e-08 |  2  0.15022 -6.79847e-07 |  3 -0.09095 -5.94532e-09
  4  0.01906 -6.74829e-09 |  5 -0.02551 -3.28429e-09 |  6  0.02900 -2.56591e-09
  7 -0.01497  4.73611e-10 |  8 -0.06856  5.66408e-09 |  9 -0.03360 -4.14026e-09
 10 -0.01863  1.69135e-08 | 11  0.06520  5.84885e-09 | 12  0.03450  4.31736e-08
 13  0.06455  4.48442e-08 | 14  0.01086  1.77196e-08 | 15  0.00670 -1.92481e-08
 16  0.06611 -3.79011e-09 | 17  0.01330 -1.21404e-08 | 18 -0.06075 -3.64660e-09
 19 -0.01823 -4.20270e-08 | 20 -0.03401  4.24279e-09 | 21  0.05003  1.35686e-08
 22  0.05309 -3.02812e-08 | 23 -0.04552 -5.74205e-08 | 24 -0.02436 -1.05346e-07
 25 -0.11367 -1.19267e-07 | 26 -0.01333 -7.62892e-08 | 27 -0.02072 -2.80740e-08
 28 -0.02253  2.87939e-08 | 29  0.03657 -2.08267e-07 | 30 -0.01226  2.97421e-08
 31  0.05283  1.29111e-07 | 32 -0.03422  4.81624e-08 | 33  0.04928  1.89706e-07
 34  0.01909  1.16579e-07 | 35  0.04792  6.84965e-08 | 36  0.01161  2.09135e-08
 37 -0.02627 -5.01220e-09 | 38  0.00248 -1.37212e-07 | 39 -0.02280  1.02497e-07
 40  0.24138 -4.10912e-08 | 41  0.24656 -4.07218e-08 | 42  0.26433 -7.74684e-08
 43  0.29007 -8.37397e-08 | 44 -0.38964  5.89802e-08 | 45  6.02052  5.23703e-10
 46  7.96286  1.06907e-10 | 47 -0.70908  1.44702e-09 | 48 -0.48985 -3.87900e-07
 49 -0.53776  4.24372e-07 | 50 -0.33225 -6.04776e-07 | 51 -0.25360  4.53211e-07
 52 -0.34829 -2.59315e-08 | 53  7.97511 -1.70563e-09 | 54 -0.05418 -4.85839e-02
 55 -0.13871 -2.11143e-02 | 56  0.21034  1.01040e-07 | 57  0.15260 -1.22913e-07
 58 -0.24245  8.20163e-02 | 59 -0.27033 -1.27340e-01 |
Function minimizer not making progress ... is minimum attained?
Minimprove criterion = 0.0000e+00

 - final statistics:
59 variables; iteration 399; function evaluation 583
Function value 9.2679e+01; maximum gradient component mag -1.2734e-01
Exit code = 1;  converg criter 1.0000e-04
Var    Value     Gradient |Var    Value     Gradient |Var    Value     Gradient
  1  0.43522  1.17479e-08 |  2  0.15022 -6.79847e-07 |  3 -0.09095 -5.94532e-09
  4  0.01906 -6.74829e-09 |  5 -0.02551 -3.28429e-09 |  6  0.02900 -2.56591e-09
  7 -0.01497  4.73611e-10 |  8 -0.06856  5.66408e-09 |  9 -0.03360 -4.14026e-09
 10 -0.01863  1.69135e-08 | 11  0.06520  5.84885e-09 | 12  0.03450  4.31736e-08
 13  0.06455  4.48442e-08 | 14  0.01086  1.77196e-08 | 15  0.00670 -1.92481e-08
 16  0.06611 -3.79011e-09 | 17  0.01330 -1.21404e-08 | 18 -0.06075 -3.64660e-09
 19 -0.01823 -4.20270e-08 | 20 -0.03401  4.24279e-09 | 21  0.05003  1.35686e-08
 22  0.05309 -3.02812e-08 | 23 -0.04552 -5.74205e-08 | 24 -0.02436 -1.05346e-07
 25 -0.11367 -1.19267e-07 | 26 -0.01333 -7.62892e-08 | 27 -0.02072 -2.80740e-08
 28 -0.02253  2.87939e-08 | 29  0.03657 -2.08267e-07 | 30 -0.01226  2.97421e-08
 31  0.05283  1.29111e-07 | 32 -0.03422  4.81624e-08 | 33  0.04928  1.89706e-07
 34  0.01909  1.16579e-07 | 35  0.04792  6.84965e-08 | 36  0.01161  2.09135e-08
 37 -0.02627 -5.01220e-09 | 38  0.00248 -1.37212e-07 | 39 -0.02280  1.02497e-07
 40  0.24138 -4.10912e-08 | 41  0.24656 -4.07218e-08 | 42  0.26433 -7.74684e-08
 43  0.29007 -8.37397e-08 | 44 -0.38964  5.89802e-08 | 45  6.02052  5.23703e-10
 46  7.96286  1.06907e-10 | 47 -0.70908  1.44702e-09 | 48 -0.48985 -3.87900e-07
 49 -0.53776  4.24372e-07 | 50 -0.33225 -6.04776e-07 | 51 -0.25360  4.53211e-07
 52 -0.34829 -2.59315e-08 | 53  7.97511 -1.70563e-09 | 54 -0.05418 -4.85839e-02
 55 -0.13871 -2.11143e-02 | 56  0.21034  1.01040e-07 | 57  0.15260 -1.22913e-07
 58 -0.24245  8.20163e-02 | 59 -0.27033 -1.27340e-01 |
Estimating row 1 out of 59 for hessian
Estimating row 2 out of 59 for hessian
Estimating row 3 out of 59 for hessian
Estimating row 4 out of 59 for hessian
Estimating row 5 out of 59 for hessian
Estimating row 6 out of 59 for hessian
Estimating row 7 out of 59 for hessian
Estimating row 8 out of 59 for hessian
Estimating row 9 out of 59 for hessian
Estimating row 10 out of 59 for hessian
Estimating row 11 out of 59 for hessian
Estimating row 12 out of 59 for hessian
Estimating row 13 out of 59 for hessian
Estimating row 14 out of 59 for hessian
Estimating row 15 out of 59 for hessian
Estimating row 16 out of 59 for hessian
Estimating row 17 out of 59 for hessian
Estimating row 18 out of 59 for hessian
Estimating row 19 out of 59 for hessian
Estimating row 20 out of 59 for hessian
Estimating row 21 out of 59 for hessian
Estimating row 22 out of 59 for hessian
Estimating row 23 out of 59 for hessian
Estimating row 24 out of 59 for hessian
Estimating row 25 out of 59 for hessian
Estimating row 26 out of 59 for hessian
Estimating row 27 out of 59 for hessian
Estimating row 28 out of 59 for hessian
Estimating row 29 out of 59 for hessian
Estimating row 30 out of 59 for hessian
Estimating row 31 out of 59 for hessian
Estimating row 32 out of 59 for hessian
Estimating row 33 out of 59 for hessian
Estimating row 34 out of 59 for hessian
Estimating row 35 out of 59 for hessian
Estimating row 36 out of 59 for hessian
Estimating row 37 out of 59 for hessian
Estimating row 38 out of 59 for hessian
Estimating row 39 out of 59 for hessian
Estimating row 40 out of 59 for hessian
Estimating row 41 out of 59 for hessian
Estimating row 42 out of 59 for hessian
Estimating row 43 out of 59 for hessian
Estimating row 44 out of 59 for hessian
Estimating row 45 out of 59 for hessian
Estimating row 46 out of 59 for hessian
Estimating row 47 out of 59 for hessian
Estimating row 48 out of 59 for hessian
Estimating row 49 out of 59 for hessian
Estimating row 50 out of 59 for hessian
Estimating row 51 out of 59 for hessian
Estimating row 52 out of 59 for hessian
Estimating row 53 out of 59 for hessian
Estimating row 54 out of 59 for hessian
Estimating row 55 out of 59 for hessian
Estimating row 56 out of 59 for hessian
Estimating row 57 out of 59 for hessian
Estimating row 58 out of 59 for hessian
Estimating row 59 out of 59 for hessian
Warning -- Hessian does not appear to be positive definite
Hessian does not appear to be positive definite.
size of file gradfil1.tmp = 0
size of file gradfil2.tmp = 0
size of file varssave.tmp = 0
size of file cmpdiff.tmp = 0
