
Initial statistics: 2 variables; iteration 0; function evaluation 0; phase 1
Function value 4.9441771e+03; maximum gradient component mag 3.4432e+04
Var    Value     Gradient |Var    Value     Gradient |Var    Value     Gradient
  1  0.39650  3.44317e+04 |  2  0.21635  1.42772e+04 |

 - final statistics:
2 variables; iteration 8; function evaluation 14
Function value 5.2468e+02; maximum gradient component mag -4.3927e+00
Exit code = 1;  converg criter 1.0000e+01
Var    Value     Gradient |Var    Value     Gradient |Var    Value     Gradient
  1  0.18273 -4.39271e+00 |  2  0.19736 -3.54445e+00 |

Initial statistics: 52 variables; iteration 0; function evaluation 0; phase 2
Function value 5.2468499e+02; maximum gradient component mag 1.9028e+03
Var    Value     Gradient |Var    Value     Gradient |Var    Value     Gradient
  1  0.18273 -4.39271e+00 |  2  0.00000  5.07878e+01 |  3  0.00000 -1.08907e+02
  4  0.00000  3.96415e+01 |  5  0.00000 -6.79473e+01 |  6  0.00000 -2.54461e+01
  7  0.00000  5.32570e+01 |  8  0.00000  6.56758e+00 |  9  0.00000  1.05690e+01
 10  0.00000 -7.54220e+01 | 11  0.00000  9.62665e+00 | 12  0.00000 -5.16465e+01
 13  0.00000 -7.90936e+00 | 14  0.00000 -7.10250e+00 | 15  0.00000 -8.49670e+01
 16  0.00000  1.13193e+01 | 17  0.00000  1.03387e+02 | 18  0.00000  8.66170e+00
 19  0.00000  2.55400e+01 | 20  0.00000 -1.43576e+02 | 21  0.00000 -1.47783e+02
 22  0.00000  6.60754e+01 | 23  0.00000  3.06981e+01 | 24  0.00000  2.07483e+02
 25  0.00000 -9.11697e+00 | 26  0.00000 -1.89495e+00 | 27  0.00000  2.66186e+01
 28  0.00000 -1.17968e+02 | 29  0.00000  6.29528e+01 | 30  0.00000 -1.04798e+02
 31  0.00000  8.61566e+01 | 32  0.00000 -3.15472e+01 | 33  0.00000 -3.89614e+01
 34  0.00000 -1.51609e+02 | 35  0.00000 -2.29419e+01 | 36  0.00000  7.49648e+01
 37  0.00000  5.53683e+01 | 38  0.00000  1.83444e+02 | 39  0.21635 -4.28406e+02
 40  0.21635  1.90280e+03 | 41  0.21635 -7.39396e+02 | 42  0.19736 -3.54445e+00
 43 -1.00000 -1.08289e-07 | 44  0.00000  1.39796e-04 | 45  0.00000  4.34106e-01
 46 -0.53989  9.16232e+00 | 47 -1.00000 -1.08290e-07 | 48 -0.53989  1.33912e+01
 49 -1.00000 -1.08289e-07 | 50 -0.53989  3.55040e+00 | 51 -0.32288  6.64756e+01
 52  0.21635  2.05010e+00 |

Intermediate statistics: 52 variables; iteration 20; function evaluation 34; phase 2
Function value 2.9494117e+02; maximum gradient component mag -2.7755e+03
Var    Value     Gradient |Var    Value     Gradient |Var    Value     Gradient
  1  0.15749 -2.77552e+03 |  2 -0.27711 -4.90713e+01 |  3  0.21386  9.99408e+01
  4  0.16825  1.11723e+02 |  5  0.15936  4.50080e+01 |  6  0.09492  2.23137e+01
  7  0.01904  4.51453e+00 |  8  0.01224 -2.98822e+01 |  9  0.06382  4.55617e+01
 10  0.12700  5.51685e+01 | 11  0.11338  1.19500e+02 | 12  0.10177  1.00684e+02
 13  0.06120  1.10092e+02 | 14  0.05017  7.79340e+01 | 15  0.06195  9.91902e+01
 16  0.02794  1.49404e+02 | 17 -0.03025  1.19349e+02 | 18 -0.03477  1.44308e+01
 19 -0.04733  7.29144e+00 | 20 -0.00487 -1.79386e+02 | 21 -0.04520 -2.52550e+02
 22 -0.03453  1.08971e+02 | 23 -0.04990  9.60111e-02 | 24 -0.03050  2.83508e+02
 25 -0.04971 -7.80391e+00 | 26 -0.03325 -2.24328e+00 | 27 -0.03040 -2.42098e+00
 28  0.00486 -1.38588e+02 | 29 -0.00195  7.44230e+01 | 30 -0.03104 -2.30118e+02
 31 -0.05425 -4.17208e+01 | 32 -0.00926 -4.68466e+00 | 33 -0.00298  5.03276e+01
 34  0.02352 -6.27876e+01 | 35 -0.02515 -2.18320e+02 | 36 -0.05692 -3.32102e+02
 37 -0.02162 -6.36899e+02 | 38 -0.18863 -5.67317e+01 | 39  0.23573 -8.30113e+01
 40  0.24003  8.22905e+02 | 41  0.26426  8.91180e+01 | 42  0.23445  1.39416e+03
 43 -0.90322 -2.03642e-02 | 44 -0.00000  9.20488e-05 | 45 -0.00988 -2.86996e-05
 46 -0.75301 -6.85844e-03 | 47 -0.59338 -4.56696e+02 | 48 -0.54961  4.63670e+02
 49 -0.79583 -8.00971e+01 | 50 -0.64841  4.58757e+01 | 51 -0.44572  3.73574e+00
 52  0.18251  5.19839e-01 |
52 variables; iteration 40; function evaluation 61; phase 2
Function value 2.5362612e+02; maximum gradient component mag -2.0877e+03
Var    Value     Gradient |Var    Value     Gradient |Var    Value     Gradient
  1  0.15821 -2.08772e+03 |  2 -0.26364 -4.80821e+01 |  3  0.28013  1.63714e+02
  4  0.18805  9.19334e+01 |  5  0.16757  2.47026e+01 |  6  0.10291  2.11060e-01
  7  0.04029  1.86473e+01 |  8  0.02408 -1.55670e+01 |  9  0.01715 -4.10582e+01
 10  0.13333  7.83462e+01 | 11  0.09977  8.34434e+01 | 12  0.09621  7.55382e+01
 13  0.06522  1.02266e+02 | 14  0.05233  6.33516e+01 | 15  0.06005  6.82928e+01
 16  0.00947  7.35200e+01 | 17 -0.04805  5.63100e+01 | 18 -0.05091 -6.02719e+01
 19 -0.04011  9.99653e-01 | 20  0.02789 -7.74055e+01 | 21 -0.01373 -1.65208e+02
 22 -0.04815  3.64337e+01 | 23 -0.04294 -2.08925e+01 | 24 -0.08572  8.50754e+01
 25 -0.04012 -2.26206e+01 | 26 -0.03596 -1.69086e+01 | 27 -0.03555 -2.81871e+01
 28  0.03621 -7.50677e+00 | 29 -0.03340  9.37577e+00 | 30  0.01487 -6.07453e+01
 31 -0.07604 -1.13801e+02 | 32  0.01760  5.67185e+01 | 33 -0.00605  1.06678e+01
 34  0.03551 -2.30194e+01 | 35 -0.02661 -1.87786e+02 | 36 -0.04440 -2.34506e+02
 37 -0.03087 -4.40939e+02 | 38 -0.19697 -9.81825e+01 | 39  0.23046 -7.07096e+02
 40  0.23318  1.95053e+02 | 41  0.25763 -2.01543e+02 | 42  0.22619  6.05270e+02
 43 -1.27650  4.39663e-03 | 44 -0.00018  1.14774e-03 | 45 -0.60515  2.08477e-02
 46 -1.39085 -1.20278e+00 | 47 -0.60237 -3.49989e+02 | 48 -0.57689  3.58629e+02
 49 -0.77650  1.57502e+01 | 50 -0.63806 -9.39532e+00 | 51 -0.40272  4.03806e-01
 52 -0.84985  1.47603e-02 |
52 variables; iteration 60; function evaluation 91; phase 2
Function value 1.3928929e+02; maximum gradient component mag -1.2560e+03
Var    Value     Gradient |Var    Value     Gradient |Var    Value     Gradient
  1  0.13891 -1.25603e+03 |  2 -0.13920 -3.67248e+00 |  3  0.00659 -4.82152e+00
  4 -0.02295  1.78016e+01 |  5  0.01098 -9.71746e+00 |  6 -0.04994  8.21586e+00
  7 -0.09854  1.17955e+01 |  8 -0.06314 -2.80133e-01 |  9 -0.06355  1.46087e+01
 10  0.03736  1.11255e+01 | 11  0.02212  1.58497e+01 | 12  0.06245  2.00906e+01
 13  0.01317  1.45862e+01 | 14  0.00702  1.99954e+01 | 15  0.06439 -7.43483e+00
 16  0.01928  5.37940e+00 | 17 -0.03994  2.98262e+01 | 18  0.00282  1.68758e+01
 19 -0.01733  4.16473e+01 | 20  0.07288  5.56173e+01 | 21  0.05823  3.53550e+01
 22 -0.04818  1.26930e+01 | 23 -0.01392  1.54500e+01 | 24 -0.09800  1.51101e+01
 25 -0.00351  1.67795e+01 | 26 -0.00451  2.55848e+01 | 27  0.00601  4.41174e+01
 28  0.06547  5.85230e+01 | 29 -0.00869  1.34208e+01 | 30  0.05089  1.28091e+01
 31 -0.02335 -9.66550e+00 | 32  0.01689 -2.09149e+01 | 33  0.01911 -3.09452e+01
 34  0.04530 -1.06361e+02 | 35  0.01987 -1.11606e+02 | 36 -0.02113 -1.64450e+02
 37  0.02538 -3.39148e+02 | 38 -0.06230  1.82262e+01 | 39  0.24220  2.69574e+01
 40  0.23638  8.22085e+01 | 41  0.26669  2.79839e+00 | 42  0.22066  7.35178e+01
 43 -0.48825 -4.08053e-01 | 44 -0.10112 -5.89867e-02 | 45 -1.00121  1.12404e-02
 46 -1.36580 -1.81019e-01 | 47 -0.61276 -4.11592e+01 | 48 -0.64123  4.77792e+01
 49 -0.74518 -9.63580e+01 | 50 -0.65443  7.03345e+01 | 51 -0.53312 -1.65298e-01
 52 -2.53612  1.74459e-02 |
Maximum number of function evaluations exceeded

 - final statistics:
52 variables; iteration 67; function evaluation 100
Function value 1.3505e+02; maximum gradient component mag -2.8441e+02
Exit code = 3;  converg criter 1.0000e+01
Var    Value     Gradient |Var    Value     Gradient |Var    Value     Gradient
  1  0.13643 -2.84407e+02 |  2 -0.13720 -1.64088e+00 |  3  0.00686 -3.00533e+00
  4 -0.02850 -4.72231e+00 |  5  0.01768 -1.59117e+01 |  6 -0.05252  3.70162e+00
  7 -0.10512 -1.23348e+00 |  8 -0.06258 -4.69639e+00 |  9 -0.07316  7.01805e+00
 10  0.03537  4.12498e+00 | 11  0.01844 -1.26854e+00 | 12  0.06300 -1.05179e+00
 13  0.00952 -3.87595e+00 | 14 -0.00225  6.31800e+00 | 15  0.07328  5.73129e-01
 16  0.02374  3.92319e-02 | 17 -0.04349  3.96569e+00 | 18  0.00693  8.66569e+00
 19 -0.02051  8.02059e+00 | 20  0.06426  1.24806e+01 | 21  0.05391  9.49093e+00
 22 -0.04855  4.91353e+00 | 23 -0.01230  1.34303e+01 | 24 -0.09494  9.43863e+00
 25  0.00293  1.54874e+01 | 26 -0.00545  7.65005e+00 | 27  0.00487  1.57954e+01
 28  0.06367  1.52112e+01 | 29 -0.00396  4.65975e+00 | 30  0.05152 -1.15597e+00
 31 -0.01820  1.02853e+00 | 32  0.02067  1.46222e+00 | 33  0.02022 -5.83209e+00
 34  0.05615 -8.85027e+00 | 35  0.02403 -2.76628e+01 | 36 -0.01244 -4.85703e+01
 37  0.03433 -5.30252e+01 | 38 -0.07199  4.77175e+00 | 39  0.24400  1.16650e+01
 40  0.23854  6.20186e+01 | 41  0.26893  2.10458e+01 | 42  0.22085  4.69649e+01
 43 -0.38675 -6.80782e-01 | 44  0.77121  1.31294e-03 | 45 -0.79774  4.92935e-03
 46 -1.44050 -1.13439e+00 | 47 -0.58942  1.05640e+00 | 48 -0.62697  2.85979e+00
 49 -0.71511 -7.87297e+00 | 50 -0.63705  6.12837e+00 | 51 -0.56387 -7.08788e-02
 52 -2.50460  7.61820e-03 |

Initial statistics: 54 variables; iteration 0; function evaluation 0; phase 3
Function value 1.3505038e+02; maximum gradient component mag -9.7053e+02
Var    Value     Gradient |Var    Value     Gradient |Var    Value     Gradient
  1  0.13643 -2.84407e+02 |  2 -0.13720 -1.64088e+00 |  3  0.00686 -3.00533e+00
  4 -0.02850 -4.72231e+00 |  5  0.01768 -1.59117e+01 |  6 -0.05252  3.66404e+00
  7 -0.10512 -1.27068e+00 |  8 -0.06258 -4.73392e+00 |  9 -0.07316  6.98058e+00
 10  0.03537  4.08733e+00 | 11  0.01844 -1.30623e+00 | 12  0.06300 -1.08932e+00
 13  0.00952 -3.91366e+00 | 14 -0.00225  6.28029e+00 | 15  0.07328  5.35666e-01
 16  0.02374  1.54550e-03 | 17 -0.04349  3.92807e+00 | 18  0.00693  8.62798e+00
 19 -0.02051  7.98290e+00 | 20  0.06426  1.24431e+01 | 21  0.05391  9.45336e+00
 22 -0.04855  4.87592e+00 | 23 -0.01230  1.33926e+01 | 24 -0.09494  9.40133e+00
 25  0.00293  1.54497e+01 | 26 -0.00545  7.61233e+00 | 27  0.00487  1.57577e+01
 28  0.06367  1.51737e+01 | 29 -0.00396  4.62204e+00 | 30  0.05152 -1.19356e+00
 31 -0.01820  9.90831e-01 | 32  0.02067  1.42453e+00 | 33  0.02022 -5.86978e+00
 34  0.05615 -8.88783e+00 | 35  0.02403 -2.77005e+01 | 36 -0.01244 -4.86080e+01
 37  0.03433 -5.30629e+01 | 38 -0.07199  4.73428e+00 | 39  0.24400  1.16650e+01
 40  0.23854  6.20186e+01 | 41  0.26893  2.10458e+01 | 42  0.22085  4.69649e+01
 43 -0.38675 -6.80782e-01 | 44  0.77121  1.31294e-03 | 45 -0.79774  4.92935e-03
 46 -0.55950  1.13439e+00 | 47 -0.58942  1.05640e+00 | 48 -0.62697  2.85979e+00
 49 -0.71511 -7.87297e+00 | 50 -0.63705  6.12837e+00 | 51 -0.56387 -7.08788e-02
 52  0.50460 -7.61820e-03 | 53 -0.17585 -9.70528e+02 | 54 -0.12819 -3.67933e+02

Intermediate statistics: 54 variables; iteration 20; function evaluation 29; phase 3
Function value 1.0987857e+02; maximum gradient component mag 1.0345e+03
Var    Value     Gradient |Var    Value     Gradient |Var    Value     Gradient
  1  0.13605  1.03449e+03 |  2 -0.13617  1.13113e+00 |  3  0.00517  6.87046e+00
  4 -0.02848  1.02487e+01 |  5  0.01974  1.84312e+01 |  6 -0.05390 -4.77404e+00
  7 -0.10439 -4.61107e+00 |  8 -0.05998  3.82266e+00 |  9 -0.07683 -1.39086e+01
 10  0.03407 -1.25174e+01 | 11  0.01998 -1.17713e+01 | 12  0.06407 -6.74450e+00
 13  0.00940 -9.43072e+00 | 14 -0.00612 -9.84405e+00 | 15  0.07469  2.72036e+00
 16  0.02534  5.77217e+00 | 17 -0.04612 -3.29078e+00 | 18 -0.00370 -8.56294e+00
 19 -0.01906  9.49180e-01 | 20  0.04527 -3.59357e+01 | 21  0.04096 -3.10607e+01
 22 -0.05605 -1.86879e+01 | 23 -0.02995 -3.15147e+01 | 24 -0.10534 -1.96667e+01
 25  0.01201  5.12537e+00 | 26 -0.00971 -5.71702e+00 | 27 -0.00907 -2.54014e+00
 28  0.06394  4.21624e+01 | 29 -0.00294 -1.11524e+01 | 30  0.05756 -1.98127e+01
 31 -0.02202 -1.37085e+01 | 32  0.03628 -1.49118e+01 | 33  0.03038 -7.42677e+00
 34  0.05626  1.41781e+01 | 35  0.03025  2.02868e+01 | 36 -0.00518  3.51236e+01
 37  0.03010  1.49220e+02 | 38 -0.02134  3.06859e+00 | 39  0.24534  2.97481e+01
 40  0.25139 -4.29321e+02 | 41  0.27303  2.04718e+02 | 42  0.21826 -3.27959e+01
 43 -0.37608  8.81051e+00 | 44  0.77132  8.06958e-02 | 45 -0.79775  1.64217e-03
 46 -0.56172  8.78136e-01 | 47 -0.59347 -5.81197e+00 | 48 -0.63316  8.77274e+00
 49 -0.71114  3.57846e+00 | 50 -0.63925 -2.86872e+00 | 51 -0.56372 -1.45782e-01
 52  0.50461 -1.96804e-02 | 53 -0.13946  3.50273e+01 | 54 -0.12831 -3.82299e+02
54 variables; iteration 40; function evaluation 55; phase 3
Function value 1.0737562e+02; maximum gradient component mag -2.1203e+02
Var    Value     Gradient |Var    Value     Gradient |Var    Value     Gradient
  1  0.13586  1.32594e+02 |  2 -0.14130 -2.78044e+00 |  3  0.00587 -3.47530e+00
  4 -0.02970 -8.64421e+00 |  5  0.02026 -1.27054e+01 |  6 -0.05101  4.30050e+00
  7 -0.10769 -1.18605e+01 |  8 -0.05983 -6.23888e+00 |  9 -0.07422 -1.48185e+00
 10  0.04042  6.02611e+00 | 11  0.02361  1.76143e+00 | 12  0.06194 -5.68945e+00
 13  0.00672 -7.74945e+00 | 14 -0.01151 -7.69486e+00 | 15  0.07726  1.24489e+01
 16  0.02370  2.58090e+00 | 17 -0.04477  6.74606e+00 | 18 -0.00468 -3.66161e+00
 19 -0.01905  3.15379e+00 | 20  0.04427 -2.15397e+01 | 21  0.04179 -1.26981e+01
 22 -0.05767 -1.09097e+01 | 23 -0.02931 -1.24586e+01 | 24 -0.10485 -6.28112e+00
 25  0.01221  7.55929e-01 | 26 -0.00923 -1.13645e+00 | 27 -0.01021 -5.10222e+00
 28  0.06314  1.31286e+01 | 29 -0.00424 -7.33073e+00 | 30  0.05894  1.83719e+00
 31 -0.02315 -8.64700e+00 | 32  0.03672  5.70101e+00 | 33  0.03004  1.57545e+00
 34  0.05489  3.13166e+00 | 35  0.03118  4.84324e+00 | 36 -0.00394  6.62050e-01
 37  0.02839  4.46020e+01 | 38 -0.02076  1.12653e+01 | 39  0.24562 -2.99653e+01
 40  0.25368 -9.04816e+01 | 41  0.27226  8.79635e+01 | 42  0.21835 -4.38566e+01
 43 -0.37815 -1.27434e-02 | 44  0.77344  8.32042e-03 | 45 -0.79460 -9.17396e-03
 46 -0.69227  3.90402e-03 | 47 -0.63280  1.09027e+01 | 48 -0.66821 -1.15018e+01
 49 -0.62531 -1.23708e+01 | 50 -0.53190  1.02168e+01 | 51 -0.52095 -8.55448e-03
 52  0.50936  2.58051e-03 | 53 -0.13679 -1.13863e+02 | 54 -0.12357 -2.12034e+02
54 variables; iteration 60; function evaluation 84; phase 3
Function value 1.0206835e+02; maximum gradient component mag 1.3591e+02
Var    Value     Gradient |Var    Value     Gradient |Var    Value     Gradient
  1  0.13562  1.35906e+02 |  2 -0.13443  7.83002e-01 |  3  0.00597  1.60873e+00
  4 -0.02842  1.04298e+00 |  5  0.02066  3.80039e+00 |  6 -0.05306  1.56566e+00
  7 -0.10356  8.44738e-01 |  8 -0.05999  2.01432e+00 |  9 -0.07732 -2.73802e+00
 10  0.03543  6.82275e-01 | 11  0.02100 -1.97345e-01 | 12  0.06368 -9.96448e-01
 13  0.01004  2.61680e-01 | 14 -0.00518  1.38711e+00 | 15  0.07384  3.74955e+00
 16  0.02513  6.94695e+00 | 17 -0.04547  5.46731e+00 | 18 -0.00258  4.56582e+00
 19 -0.01879  6.96050e+00 | 20  0.04788 -1.04590e+00 | 21  0.04293 -2.21338e+00
 22 -0.05574 -2.22347e+00 | 23 -0.02816 -2.07186e+00 | 24 -0.10433 -1.86380e+00
 25  0.01200 -1.79453e+00 | 26 -0.00984 -2.40300e+00 | 27 -0.00844 -2.63735e+00
 28  0.05892  1.49960e+00 | 29 -0.00294 -2.07384e-01 | 30  0.05783  2.11513e-02
 31 -0.02168 -3.98666e-01 | 32  0.03383  2.74651e+00 | 33  0.02877  1.72224e+00
 34  0.05479 -6.77325e-02 | 35  0.03172 -2.01001e+00 | 36  0.00064 -3.17677e+00
 37  0.02675 -1.28389e+01 | 38 -0.02886 -1.29673e+00 | 39  0.24626  2.35987e+01
 40  0.25705  5.83218e+01 | 41  0.27146 -8.38290e+00 | 42  0.21911  7.57527e+00
 43 -0.37634  1.36198e+00 | 44  0.69273  2.11756e-02 | 45 -0.68805 -5.86648e-03
 46 -1.15702  1.24603e-02 | 47 -0.68065 -5.53398e+00 | 48 -0.71056  6.15140e+00
 49 -0.86299  1.04033e+01 | 50 -0.83033 -8.40610e+00 | 51 -0.48219 -4.74590e-01
 52  0.57769 -3.80515e-02 | 53 -0.10904 -5.72188e+01 | 54 -0.08972  2.65603e+01
Maximum number of function evaluations exceeded

 - final statistics:
54 variables; iteration 75; function evaluation 100
Function value 1.0193e+02; maximum gradient component mag 2.7228e+01
Exit code = 3;  converg criter 1.0000e+00
Var    Value     Gradient |Var    Value     Gradient |Var    Value     Gradient
  1  0.13553  2.72284e+01 |  2 -0.13563  9.93676e-02 |  3  0.00589  1.75672e-01
  4 -0.02799  2.10318e-01 |  5  0.02088  7.75103e-01 |  6 -0.05343 -6.64304e-02
  7 -0.10368 -9.15946e-02 |  8 -0.05959  2.85197e-02 |  9 -0.07663 -4.70979e-01
 10  0.03443 -2.82203e-02 | 11  0.02050 -3.40605e-01 | 12  0.06426 -5.20556e-01
 13  0.00948 -4.85973e-01 | 14 -0.00663 -3.03403e-01 | 15  0.07423 -4.00821e-01
 16  0.02520 -3.26581e-01 | 17 -0.04598 -2.88366e-01 | 18 -0.00218 -3.95846e-01
 19 -0.01964 -4.08107e-01 | 20  0.04861 -5.87773e-01 | 21  0.04311 -5.34874e-01
 22 -0.05648 -3.92023e-01 | 23 -0.02840 -2.11303e-01 | 24 -0.10383 -9.39605e-02
 25  0.01237  7.97048e-01 | 26 -0.00969  2.00143e+00 | 27 -0.00716  3.72780e+00
 28  0.05881  2.01708e+00 | 29 -0.00278 -2.47185e-01 | 30  0.05789 -5.35832e-01
 31 -0.02183 -3.92136e-01 | 32  0.03379 -3.94678e-01 | 33  0.02850 -2.51044e-01
 34  0.05381 -9.50834e-02 | 35  0.03139  2.26037e-02 | 36  0.00080  2.22235e-01
 37  0.02743 -1.54835e-01 | 38 -0.02742 -3.16130e-01 | 39  0.24852 -6.02912e+00
 40  0.25762  7.66700e-01 | 41  0.27177  8.13450e-01 | 42  0.21909  1.95857e+00
 43 -0.37319  1.89221e-01 | 44  0.48483  6.34105e-03 | 45 -0.44637 -2.16051e-03
 46 -1.31666 -1.63130e-02 | 47 -0.69326 -2.53191e+00 | 48 -0.72222  2.80381e+00
 49 -0.82753 -1.47764e+00 | 50 -0.78620  1.16994e+00 | 51 -0.39565  4.91471e-02
 52  0.71421  8.18022e-03 | 53 -0.10451 -1.48822e+00 | 54 -0.08753  7.76345e-01

Initial statistics: 56 variables; iteration 0; function evaluation 0; phase 4
Function value 1.0192750e+02; maximum gradient component mag 1.2894e+02
Var    Value     Gradient |Var    Value     Gradient |Var    Value     Gradient
  1  0.13553  2.72284e+01 |  2 -0.13563  9.93676e-02 |  3  0.00589  1.75672e-01
  4 -0.02799  2.10318e-01 |  5  0.02088  7.75103e-01 |  6 -0.05343 -8.06224e-02
  7 -0.10368 -1.05648e-01 |  8 -0.05959  1.43400e-02 |  9 -0.07663 -4.85118e-01
 10  0.03443 -4.24415e-02 | 11  0.02050 -3.54839e-01 | 12  0.06426 -5.34726e-01
 13  0.00948 -5.00213e-01 | 14 -0.00663 -3.17645e-01 | 15  0.07423 -4.14967e-01
 16  0.02520 -3.40812e-01 | 17 -0.04598 -3.02571e-01 | 18 -0.00218 -4.10088e-01
 19 -0.01964 -4.22342e-01 | 20  0.04861 -6.01973e-01 | 21  0.04311 -5.49083e-01
 22 -0.05648 -4.06209e-01 | 23 -0.02840 -2.25531e-01 | 24 -0.10384 -1.08014e-01
 25  0.01237  7.82808e-01 | 26 -0.00969  1.98719e+00 | 27 -0.00716  3.71356e+00
 28  0.05881  2.00290e+00 | 29 -0.00278 -2.61426e-01 | 30  0.05789 -5.50015e-01
 31 -0.02183 -4.06370e-01 | 32  0.03379 -4.08900e-01 | 33  0.02850 -2.65272e-01
 34  0.05381 -1.09275e-01 | 35  0.03139  8.37888e-03 | 36  0.00080  2.07993e-01
 37  0.02743 -1.69064e-01 | 38 -0.02742 -3.30359e-01 | 39  0.24852 -6.02912e+00
 40  0.25762  7.66700e-01 | 41  0.27177  8.13450e-01 | 42  0.21909  1.95857e+00
 43 -0.37319  1.89221e-01 | 44  0.48483  6.34105e-03 | 45 -0.44637 -2.16051e-03
 46 -0.68334  1.63130e-02 | 47 -0.69326 -2.53191e+00 | 48 -0.72222  2.80381e+00
 49 -0.82753 -1.47764e+00 | 50 -0.78620  1.16994e+00 | 51 -0.39565  4.91471e-02
 52  0.71421  8.18022e-03 | 53 -0.10451 -1.48822e+00 | 54 -0.08753  7.76345e-01
 55 -0.05795  1.28939e+02 | 56 -0.17585 -1.26019e+02 |

Intermediate statistics: 56 variables; iteration 20; function evaluation 29; phase 4
Function value 9.8568079e+01; maximum gradient component mag -4.0326e+02
Var    Value     Gradient |Var    Value     Gradient |Var    Value     Gradient
  1  0.13549 -4.03257e+02 |  2 -0.13573  1.57806e+00 |  3  0.00605  1.08981e+01
  4 -0.02764  1.57499e+01 |  5  0.02173  3.42387e+01 |  6 -0.05339  1.35002e+01
  7 -0.10358  1.43655e+01 |  8 -0.05923  2.07804e+01 |  9 -0.07666  7.12486e+00
 10  0.03416  6.82749e+00 | 11  0.02032  5.92160e+00 | 12  0.06411  2.64941e+00
 13  0.00933  2.30180e+00 | 14 -0.00681  1.46402e+00 | 15  0.07377 -1.21964e+01
 16  0.02463 -1.91292e+01 | 17 -0.04634 -1.60921e+01 | 18 -0.00438 -1.08974e+01
 19 -0.01929 -1.19247e+01 | 20  0.04658  2.93619e+00 | 21  0.04210  2.98088e+00
 22 -0.05685  4.60525e+00 | 23 -0.02976  1.69919e+00 | 24 -0.10471  1.27381e+00
 25  0.01308 -1.15181e+01 | 26 -0.00974  1.63269e+00 | 27 -0.00867  1.32451e+00
 28  0.05921  2.62358e+00 | 29 -0.00187 -1.84451e+00 | 30  0.05848 -9.13249e+00
 31 -0.02178 -3.00702e+00 | 32  0.03592  4.63288e-02 | 33  0.02978  3.46502e-01
 34  0.05395 -1.82709e+00 | 35  0.03146  6.64777e-01 | 36  0.00055 -7.06029e-01
 37  0.02714 -7.67802e+00 | 38 -0.02235  7.71488e+00 | 39  0.24833 -9.31315e+01
 40  0.25576 -4.26664e+01 | 41  0.27152 -3.58030e+01 | 42  0.21871 -1.84083e+01
 43 -0.37349 -1.82060e+00 | 44  0.48482 -2.84263e-02 | 45 -0.44636 -2.21005e-03
 46 -0.68338  1.41057e-02 | 47 -0.69314  1.69621e+01 | 48 -0.72235 -1.88159e+01
 49 -0.82734 -1.32254e+00 | 50 -0.78632  1.04703e+00 | 51 -0.39537  4.15670e+00
 52  0.71421  1.39120e-01 | 53 -0.12169 -1.05080e+01 | 54 -0.09370  1.44836e+01
 55 -0.09112  2.01923e+01 | 56 -0.16009 -3.01262e+01 |
56 variables; iteration 40; function evaluation 53; phase 4
Function value 9.8358205e+01; maximum gradient component mag -1.5762e+02
Var    Value     Gradient |Var    Value     Gradient |Var    Value     Gradient
  1  0.13553 -1.57623e+02 |  2 -0.13512 -1.67766e-01 |  3  0.00651 -1.77545e+00
  4 -0.02820 -5.41846e+00 |  5  0.02025 -1.22106e+01 |  6 -0.05378  3.11274e-01
  7 -0.10392  3.91703e-01 |  8 -0.05925  2.16653e-01 |  9 -0.07707  1.41679e+00
 10  0.03330  5.41919e-01 | 11  0.01999  1.25343e+00 | 12  0.06455  2.26068e+00
 13  0.00935  1.71846e+00 | 14 -0.00713  9.53335e-01 | 15  0.07448  9.60717e-01
 16  0.02507 -1.19519e+00 | 17 -0.04665 -2.02578e+00 | 18 -0.00409 -2.07355e+00
 19 -0.01924 -1.93946e+00 | 20  0.04586 -3.00062e+00 | 21  0.04192  1.56249e-01
 22 -0.05750  8.82394e-01 | 23 -0.03056 -1.00808e+00 | 24 -0.10439  1.62287e+00
 25  0.01335  1.20837e+00 | 26 -0.00956 -2.31816e-01 | 27 -0.00886 -2.89379e+00
 28  0.05892 -1.57923e+00 | 29 -0.00145 -1.68739e-01 | 30  0.05968  2.16089e+00
 31 -0.02197 -1.47155e+00 | 32  0.03734 -6.82519e-02 | 33  0.03035 -3.92075e-01
 34  0.05438  2.02964e+00 | 35  0.03122 -2.04223e-01 | 36  0.00046  3.33593e-01
 37  0.02707 -2.87395e-01 | 38 -0.02263  2.95120e-01 | 39  0.24902  8.34312e+00
 40  0.25539 -7.75638e+01 | 41  0.27188  9.10338e+00 | 42  0.21875 -4.67395e+00
 43 -0.37264  2.49341e-01 | 44  0.48171  7.30853e-03 | 45 -0.44400 -2.46761e-03
 46 -0.70135  1.77627e-03 | 47 -0.70201  6.36928e+00 | 48 -0.73025 -7.06848e+00
 49 -0.81985  4.12760e-01 | 50 -0.77693 -3.49421e-01 | 51 -0.38689 -3.51402e-01
 52  0.70885 -4.05676e-03 | 53 -0.16602  1.01646e+01 | 54 -0.09838  1.88338e+00
 55 -0.06045  2.02617e+00 | 56 -0.11817  8.33923e+00 |
56 variables; iteration 60; function evaluation 93; phase 4
Function value 9.8227686e+01; maximum gradient component mag -2.1920e+01
Var    Value     Gradient |Var    Value     Gradient |Var    Value     Gradient
  1  0.13558 -2.19205e+01 |  2 -0.13618 -1.11729e-01 |  3  0.00568 -6.66883e-01
  4 -0.02803 -2.00553e-01 |  5  0.02076 -4.73979e-01 |  6 -0.05354  1.16587e-01
  7 -0.10381 -1.15291e-02 |  8 -0.05970 -2.25217e-01 |  9 -0.07669  2.47208e-01
 10  0.03417  3.33431e-01 | 11  0.02033  1.42874e-01 | 12  0.06413  6.68204e-02
 13  0.00936 -9.84216e-02 | 14 -0.00682 -6.15717e-02 | 15  0.07409 -5.68555e-01
 16  0.02496 -1.13605e+00 | 17 -0.04657 -9.97504e-01 | 18 -0.00447 -6.88116e-01
 19 -0.01905 -4.30904e-01 | 20  0.04593  3.38055e-01 | 21  0.04157  3.62882e-01
 22 -0.05738  2.96490e-01 | 23 -0.03054  8.29352e-02 | 24 -0.10516  1.50112e-01
 25  0.01340  5.92580e-01 | 26 -0.00969 -4.75110e-01 | 27 -0.00897  9.49092e-02
 28  0.05879 -3.33266e-01 | 29 -0.00137  2.05265e-01 | 30  0.05916 -3.32089e-01
 31 -0.02152  4.73969e-01 | 32  0.03729  1.94564e-01 | 33  0.03055  3.08768e-01
 34  0.05411  5.24271e-04 | 35  0.03147  1.27048e-01 | 36  0.00040  4.81928e-01
 37  0.02679  3.14488e-01 | 38 -0.02197  4.28240e-01 | 39  0.24861  6.14096e+00
 40  0.25570  1.44635e+00 | 41  0.27176  3.01194e-01 | 42  0.21876  9.38580e-01
 43 -0.37166 -3.50058e-01 | 44  0.39650 -4.41008e-03 | 45 -0.37315 -1.92400e-03
 46 -0.70348  9.53932e-04 | 47 -0.69568 -2.11017e-01 | 48 -0.72438  2.29782e-01
 49 -0.62496 -7.29173e+00 | 50 -0.53391  5.90599e+00 | 51 -0.38646 -4.37373e-01
 52  0.50840 -1.87542e-02 | 53 -0.15681 -1.28604e+00 | 54 -0.13540  2.45838e+00
 55 -0.12886 -1.74004e+00 | 56 -0.15962  4.35506e-01 |
56 variables; iteration 80; function evaluation 116; phase 4
Function value 9.8211706e+01; maximum gradient component mag -8.1288e+00
Var    Value     Gradient |Var    Value     Gradient |Var    Value     Gradient
  1  0.13553  1.97998e+00 |  2 -0.13656 -3.04498e-03 |  3  0.00566  8.74275e-03
  4 -0.02805  1.31992e-02 |  5  0.02090  3.84162e-02 |  6 -0.05376 -3.34895e-02
  7 -0.10379 -3.42674e-02 |  8 -0.05939 -3.21240e-02 |  9 -0.07684 -2.90158e-02
 10  0.03392 -2.01726e-02 | 11  0.02031 -1.46605e-02 | 12  0.06418 -9.51412e-03
 13  0.00922 -7.07721e-03 | 14 -0.00713 -6.54201e-03 | 15  0.07411  4.52453e-02
 16  0.02515  7.74539e-02 | 17 -0.04639  6.77467e-02 | 18 -0.00441  5.54481e-02
 19 -0.01895  8.57378e-02 | 20  0.04580 -7.58587e-04 | 21  0.04140 -1.99593e-02
 22 -0.05764 -2.28937e-02 | 23 -0.03061 -2.27219e-02 | 24 -0.10496 -3.49869e-02
 25  0.01359 -4.27341e-02 | 26 -0.00965 -2.55596e-02 | 27 -0.00887 -1.67454e-02
 28  0.05894 -3.48558e-02 | 29 -0.00136  2.34578e-02 | 30  0.05917  5.22738e-02
 31 -0.02155  1.65502e-02 | 32  0.03724  5.81873e-02 | 33  0.03050  2.63813e-02
 34  0.05396 -7.01499e-03 | 35  0.03140 -1.40284e-02 | 36  0.00051 -3.09250e-02
 37  0.02701 -6.25289e-02 | 38 -0.02186  1.26538e-02 | 39  0.24905  6.06204e-01
 40  0.25576  9.25541e-01 | 41  0.27181 -1.70488e-02 | 42  0.21878  2.16497e-02
 43 -0.36312 -1.46219e-02 | 44  0.03032 -1.37587e-04 | 45 -0.05879 -1.16033e-04
 46 -0.71411 -2.63178e-04 | 47 -0.69213 -5.51644e-02 | 48 -0.72124  6.09371e-02
 49 -0.58237  5.10627e-02 | 50 -0.48718 -4.48403e-02 | 51 -0.35804 -1.08360e-02
 52  0.14174  1.53600e-04 | 53 -0.16696 -7.47353e+00 | 54 -0.16871  5.94434e+00
 55 -0.17305  6.93742e-01 | 56 -0.17855 -8.12876e+00 |
  ic > imax  in fminim is answer attained ?
Var    Value     Gradient |Var    Value     Gradient |Var    Value     Gradient
  1  0.13553 -3.97063e-01 |  2 -0.13654  3.41139e-04 |  3  0.00566 -4.34174e-03
  4 -0.02805 -5.53942e-04 |  5  0.02089 -1.06140e-03 |  6 -0.05376  2.53862e-03
  7 -0.10379  3.63850e-03 |  8 -0.05939  3.15381e-03 |  9 -0.07684  5.83029e-03
 10  0.03392  4.38584e-03 | 11  0.02030  2.14122e-03 | 12  0.06417  3.92687e-04
 13  0.00923 -2.19216e-04 | 14 -0.00711  3.81506e-03 | 15  0.07410  1.17288e-03
 16  0.02513 -1.14543e-03 | 17 -0.04639  3.58492e-03 | 18 -0.00441  5.46997e-03
 19 -0.01896  9.36877e-03 | 20  0.04580  2.07502e-03 | 21  0.04141  4.15423e-03
 22 -0.05761  4.71279e-03 | 23 -0.03059  1.00334e-03 | 24 -0.10497  4.97174e-03
 25  0.01358 -1.24500e-03 | 26 -0.00964 -4.66639e-03 | 27 -0.00888 -1.81306e-03
 28  0.05893 -4.75193e-03 | 29 -0.00136 -7.54296e-03 | 30  0.05917 -1.65197e-02
 31 -0.02156 -5.53809e-03 | 32  0.03724 -1.05944e-02 | 33  0.03050 -4.82988e-03
 34  0.05398 -3.88913e-03 | 35  0.03141 -2.02159e-03 | 36  0.00049  1.13146e-03
 37  0.02701  2.95493e-04 | 38 -0.02187  7.06577e-04 | 39  0.24899 -2.60837e-02
 40  0.25576 -1.25566e-01 | 41  0.27181 -5.35534e-03 | 42  0.21878 -9.97756e-05
 43 -0.36180 -2.63738e-02 | 44 -0.02699 -6.95194e-04 | 45 -0.01154  1.25602e-04
 46 -0.71511 -1.04795e-04 | 47 -0.69190  5.16555e-03 | 48 -0.72104 -5.66493e-03
 49 -0.58257 -2.22043e-02 | 50 -0.48737  1.97269e-02 | 51 -0.35443  4.64119e-03
 52  0.07568  8.12162e-04 | 53 -0.16857  3.48501e+01 | 54 -0.17568 -4.01664e+01
 55 -0.18288  1.29843e+01 | 56 -0.18301  2.16424e+01 |
Function minimizer not making progress ... is minimum attained?
Minimprove criterion = 0.0000e+00

 - final statistics:
56 variables; iteration 98; function evaluation 167
Function value 9.8212e+01; maximum gradient component mag -4.0166e+01
Exit code = 1;  converg criter 1.0000e-04
Var    Value     Gradient |Var    Value     Gradient |Var    Value     Gradient
  1  0.13553 -3.97063e-01 |  2 -0.13654  3.41139e-04 |  3  0.00566 -4.34174e-03
  4 -0.02805 -5.53942e-04 |  5  0.02089 -1.06140e-03 |  6 -0.05376  2.53862e-03
  7 -0.10379  3.63850e-03 |  8 -0.05939  3.15381e-03 |  9 -0.07684  5.83029e-03
 10  0.03392  4.38584e-03 | 11  0.02030  2.14122e-03 | 12  0.06417  3.92687e-04
 13  0.00923 -2.19216e-04 | 14 -0.00711  3.81506e-03 | 15  0.07410  1.17288e-03
 16  0.02513 -1.14543e-03 | 17 -0.04639  3.58492e-03 | 18 -0.00441  5.46997e-03
 19 -0.01896  9.36877e-03 | 20  0.04580  2.07502e-03 | 21  0.04141  4.15423e-03
 22 -0.05761  4.71279e-03 | 23 -0.03059  1.00334e-03 | 24 -0.10497  4.97174e-03
 25  0.01358 -1.24500e-03 | 26 -0.00964 -4.66639e-03 | 27 -0.00888 -1.81306e-03
 28  0.05893 -4.75193e-03 | 29 -0.00136 -7.54296e-03 | 30  0.05917 -1.65197e-02
 31 -0.02156 -5.53809e-03 | 32  0.03724 -1.05944e-02 | 33  0.03050 -4.82988e-03
 34  0.05398 -3.88913e-03 | 35  0.03141 -2.02159e-03 | 36  0.00049  1.13146e-03
 37  0.02701  2.95493e-04 | 38 -0.02187  7.06577e-04 | 39  0.24899 -2.60837e-02
 40  0.25576 -1.25566e-01 | 41  0.27181 -5.35534e-03 | 42  0.21878 -9.97756e-05
 43 -0.36180 -2.63738e-02 | 44 -0.02699 -6.95194e-04 | 45 -0.01154  1.25602e-04
 46 -0.71511 -1.04795e-04 | 47 -0.69190  5.16555e-03 | 48 -0.72104 -5.66493e-03
 49 -0.58257 -2.22043e-02 | 50 -0.48737  1.97269e-02 | 51 -0.35443  4.64119e-03
 52  0.07568  8.12162e-04 | 53 -0.16857  3.48501e+01 | 54 -0.17568 -4.01664e+01
 55 -0.18288  1.29843e+01 | 56 -0.18301  2.16424e+01 |
Estimating row 1 out of 56 for hessian
Estimating row 2 out of 56 for hessian
Estimating row 3 out of 56 for hessian
Estimating row 4 out of 56 for hessian
Estimating row 5 out of 56 for hessian
Estimating row 6 out of 56 for hessian
Estimating row 7 out of 56 for hessian
Estimating row 8 out of 56 for hessian
Estimating row 9 out of 56 for hessian
Estimating row 10 out of 56 for hessian
Estimating row 11 out of 56 for hessian
Estimating row 12 out of 56 for hessian
Estimating row 13 out of 56 for hessian
Estimating row 14 out of 56 for hessian
Estimating row 15 out of 56 for hessian
Estimating row 16 out of 56 for hessian
Estimating row 17 out of 56 for hessian
Estimating row 18 out of 56 for hessian
Estimating row 19 out of 56 for hessian
Estimating row 20 out of 56 for hessian
Estimating row 21 out of 56 for hessian
Estimating row 22 out of 56 for hessian
Estimating row 23 out of 56 for hessian
Estimating row 24 out of 56 for hessian
Estimating row 25 out of 56 for hessian
Estimating row 26 out of 56 for hessian
Estimating row 27 out of 56 for hessian
Estimating row 28 out of 56 for hessian
Estimating row 29 out of 56 for hessian
Estimating row 30 out of 56 for hessian
Estimating row 31 out of 56 for hessian
Estimating row 32 out of 56 for hessian
Estimating row 33 out of 56 for hessian
Estimating row 34 out of 56 for hessian
Estimating row 35 out of 56 for hessian
Estimating row 36 out of 56 for hessian
Estimating row 37 out of 56 for hessian
Estimating row 38 out of 56 for hessian
Estimating row 39 out of 56 for hessian
Estimating row 40 out of 56 for hessian
Estimating row 41 out of 56 for hessian
Estimating row 42 out of 56 for hessian
Estimating row 43 out of 56 for hessian
Estimating row 44 out of 56 for hessian
Estimating row 45 out of 56 for hessian
Estimating row 46 out of 56 for hessian
Estimating row 47 out of 56 for hessian
Estimating row 48 out of 56 for hessian
Estimating row 49 out of 56 for hessian
Estimating row 50 out of 56 for hessian
Estimating row 51 out of 56 for hessian
Estimating row 52 out of 56 for hessian
Estimating row 53 out of 56 for hessian
Estimating row 54 out of 56 for hessian
Estimating row 55 out of 56 for hessian
Estimating row 56 out of 56 for hessian
Warning -- Hessian does not appear to be positive definite
Hessian does not appear to be positive definite.
size of file gradfil1.tmp = 0
size of file gradfil2.tmp = 0
size of file varssave.tmp = 0
size of file cmpdiff.tmp = 0
