
Initial statistics: 4 variables; iteration 0; function evaluation 0; phase 1
Function value 4.7887363e+03; maximum gradient component mag 3.2148e+04
Var    Value     Gradient |Var    Value     Gradient |Var    Value     Gradient
  1  0.39650  3.21484e+04 |  2  0.21635  2.80025e+04 |  3  0.21635  7.88896e+03
  4  0.21635  1.27089e+04 |

 - final statistics:
4 variables; iteration 10; function evaluation 21
Function value 6.2935e+02; maximum gradient component mag 3.8091e+00
Exit code = 1;  converg criter 1.0000e+01
Var    Value     Gradient |Var    Value     Gradient |Var    Value     Gradient
  1  0.17511  2.12084e+00 |  2  0.22303  3.80905e+00 |  3  0.23231 -2.54290e-01
  4  0.20750  1.19737e-01 |

Initial statistics: 50 variables; iteration 0; function evaluation 0; phase 2
Function value 6.2934949e+02; maximum gradient component mag -5.8193e+02
Var    Value     Gradient |Var    Value     Gradient |Var    Value     Gradient
  1  0.17511  2.12084e+00 |  2  0.00000  4.92932e+01 |  3  0.00000 -1.13028e+02
  4  0.00000  3.60961e+01 |  5  0.00000 -7.23526e+01 |  6  0.00000 -2.53835e+01
  7  0.00000  5.35016e+01 |  8  0.00000  5.72495e+00 |  9  0.00000  1.07485e+01
 10  0.00000 -7.80981e+01 | 11  0.00000  4.72221e+00 | 12  0.00000 -5.90728e+01
 13  0.00000 -1.26241e+01 | 14  0.00000 -6.84193e+00 | 15  0.00000 -8.87429e+01
 16  0.00000  6.88501e+00 | 17  0.00000  1.04355e+02 | 18  0.00000  1.19545e+01
 19  0.00000  5.14903e+01 | 20  0.00000 -1.42225e+02 | 21  0.00000 -1.25314e+02
 22  0.00000  1.50117e+02 | 23  0.00000  2.88850e+01 | 24  0.00000  2.71792e+02
 25  0.00000  1.12587e+02 | 26  0.00000  1.64309e+00 | 27  0.00000  1.83753e+01
 28  0.00000 -7.63901e+01 | 29  0.00000  1.55032e+02 | 30  0.00000 -3.11504e+02
 31  0.00000  2.11282e+02 | 32  0.00000 -3.33673e+02 | 33  0.00000  1.90027e+01
 34  0.00000 -2.15768e+02 | 35  0.00000  1.33008e+01 | 36  0.00000  1.75430e+02
 37  0.00000  6.88099e+01 | 38  0.22303  3.80905e+00 | 39  0.23231 -2.54290e-01
 40  0.20750  1.19737e-01 | 41 -1.00000 -1.08293e-07 | 42  0.00000  1.08981e-04
 43  0.00000  3.25955e-01 | 44 -0.53989  6.87832e+00 | 45 -1.00000 -1.08293e-07
 46 -0.53989  1.28668e+01 | 47 -1.00000 -1.08293e-07 | 48 -0.53989  3.68527e+00
 49 -0.32288  2.29082e+01 | 50 -0.17585 -5.81931e+02 |

Intermediate statistics: 50 variables; iteration 20; function evaluation 53; phase 2
Function value 3.2634255e+02; maximum gradient component mag -4.4028e+03
Var    Value     Gradient |Var    Value     Gradient |Var    Value     Gradient
  1  0.16292 -4.40275e+03 |  2 -0.38189 -5.86137e+01 |  3  0.22426  6.67664e+01
  4  0.23063  1.63499e+02 |  5  0.18782 -6.77804e+00 |  6  0.16562  1.00892e+02
  7  0.10481  1.07173e+02 |  8  0.07718  4.73207e+01 |  9  0.10090  1.11425e+02
 10  0.12126  1.03978e+02 | 11  0.07386  1.45832e+02 | 12 -0.00891 -1.85382e+01
 13 -0.06638 -2.55894e+01 | 14 -0.00886  8.16166e+01 | 15 -0.00042 -3.80771e+01
 16 -0.01306  5.90141e+01 | 17 -0.04923  1.17011e+02 | 18  0.01424  1.59058e+02
 19 -0.01643  1.49527e+02 | 20  0.02033 -1.33410e+01 | 21  0.00740 -6.33228e+00
 22 -0.04824  1.47320e+02 | 23 -0.05066  3.80564e+01 | 24 -0.09364  1.54767e+02
 25 -0.04860  7.79545e+01 | 26 -0.03030  5.04371e+01 | 27 -0.02941  2.17774e+00
 28  0.01110 -3.36348e+00 | 29 -0.09341 -3.45422e+02 | 30  0.04539  2.21856e+00
 31 -0.08975 -1.37247e+02 | 32  0.07546  2.86221e+02 | 33 -0.01280 -5.52942e+01
 34  0.03399 -7.08161e+00 | 35 -0.02704 -2.51498e+02 | 36 -0.10512 -4.45990e+02
 37 -0.05533 -5.26832e+02 | 38  0.23234 -5.21251e+02 | 39  0.25333  3.82003e+01
 40  0.23178 -1.43900e+03 | 41 -1.05426  3.62456e-02 | 42 -0.00000  9.77073e-05
 43 -0.00864  4.09192e-04 | 44 -0.72567  9.71934e-03 | 45 -1.34173  2.40297e+02
 46 -0.65362  2.38205e+02 | 47 -1.17858  1.18108e+02 | 48 -0.65803  6.06848e+01
 49 -0.37308  3.50066e+01 | 50 -0.02667  4.63218e+02 |
50 variables; iteration 40; function evaluation 81; phase 2
Function value 2.8997596e+02; maximum gradient component mag -3.6103e+03
Var    Value     Gradient |Var    Value     Gradient |Var    Value     Gradient
  1  0.16263 -3.61031e+03 |  2 -0.39450 -5.90193e+01 |  3  0.16209  3.76943e+01
  4  0.18194  1.35428e+02 |  5  0.19087  6.21377e+01 |  6  0.14268  1.00508e+02
  7  0.06091  7.19528e+01 |  8  0.02806  7.47449e+00 |  9  0.06189  7.67521e+01
 10  0.11614  1.14023e+02 | 11  0.06841  1.29418e+02 | 12  0.01526  2.14379e+01
 13 -0.05498 -2.18494e+01 | 14  0.01145  1.11593e+02 | 15  0.02461  3.16931e+01
 16 -0.00898  7.91459e+01 | 17 -0.04076  1.23130e+02 | 18  0.02589  1.82190e+02
 19 -0.02028  1.19995e+02 | 20  0.02378 -1.39126e+01 | 21  0.01493 -8.86628e-02
 22 -0.04330  1.44374e+02 | 23 -0.04566  4.13708e+01 | 24 -0.09852  1.35852e+02
 25 -0.03246  1.19672e+02 | 26 -0.02422  5.52169e+01 | 27 -0.02717  1.85136e-01
 28  0.00847 -1.34848e+01 | 29 -0.07645 -2.39961e+02 | 30  0.04031 -3.67231e+01
 31 -0.06978 -6.22051e+01 | 32  0.05773  1.22012e+02 | 33  0.00390  3.37227e+01
 34  0.02063 -1.21981e+02 | 35 -0.01638 -2.06224e+02 | 36 -0.10583 -4.45874e+02
 37 -0.05621 -5.34585e+02 | 38  0.23026 -4.65779e+02 | 39  0.25119  1.60606e+01
 40  0.23595 -6.63353e+02 | 41 -1.57547 -2.02902e+01 | 42 -0.04585  1.58316e+00
 43 -0.16122  2.28063e-01 | 44 -1.41681 -5.73851e+00 | 45 -1.34183  2.20145e+02
 46 -0.65455  2.18961e+02 | 47 -1.17558  1.00053e+02 | 48 -0.68285  5.45986e+01
 49 -0.38979  2.30334e+01 | 50 -0.04937  4.95236e+01 |
Maximum number of function evaluations exceeded

 - final statistics:
50 variables; iteration 51; function evaluation 100
Function value 2.3463e+02; maximum gradient component mag -1.8000e+03
Exit code = 3;  converg criter 1.0000e+01
Var    Value     Gradient |Var    Value     Gradient |Var    Value     Gradient
  1  0.16034 -1.79997e+03 |  2 -0.28963 -4.73451e+01 |  3  0.09222  7.62298e+01
  4  0.04243  4.15171e+01 |  5  0.08092  2.12686e+01 |  6  0.05579  4.64103e+01
  7  0.01796  5.97679e+01 |  8  0.03395  4.83244e+01 |  9  0.04439  5.09653e+01
 10  0.08939  5.41069e+01 | 11  0.05831  8.91074e+01 | 12  0.04835  6.13304e+01
 13 -0.00114  4.90174e+01 | 14 -0.01815  9.91180e+00 | 15  0.03823  3.01656e+01
 16  0.01102  9.44516e+01 | 17 -0.03806  9.40731e+01 | 18  0.00201  8.19504e+01
 19 -0.03056  6.44235e+01 | 20  0.07571  9.60883e+01 | 21  0.04778  5.15122e+01
 22 -0.06663  4.42714e+01 | 23 -0.04679 -1.29638e+01 | 24 -0.09933  8.40553e+01
 25 -0.05815 -1.51230e+01 | 26 -0.02474  1.71078e+01 | 27 -0.00258  6.58764e+00
 28 -0.00308 -1.30627e+02 | 29 -0.03196 -1.12707e+01 | 30  0.02424 -1.73404e+02
 31 -0.03659  6.17820e+01 | 32  0.02929 -8.24038e+01 | 33  0.00975  7.49298e+01
 34  0.01419 -1.51242e+02 | 35 -0.01425 -1.09079e+02 | 36 -0.08597 -2.63915e+02
 37 -0.03891 -1.80174e+02 | 38  0.22725 -7.53441e+02 | 39  0.25195 -1.41306e+02
 40  0.24590  3.14575e+02 | 41 -1.58403 -2.07323e+00 | 42 -0.91140  1.83236e-02
 43 -1.24518 -3.60410e-02 | 44 -1.42414 -2.99707e+00 | 45 -1.18979 -4.18892e+01
 46 -0.81693 -4.34708e+01 | 47 -1.17418  9.84385e+01 | 48 -0.70902  5.82504e+01
 49 -0.44771  8.63796e+00 | 50 -0.05862 -4.01891e+02 |

Initial statistics: 54 variables; iteration 0; function evaluation 0; phase 3
Function value 2.3462319e+02; maximum gradient component mag -1.8000e+03
Var    Value     Gradient |Var    Value     Gradient |Var    Value     Gradient
  1  0.16034 -1.79997e+03 |  2 -0.28963 -4.73451e+01 |  3  0.09222  7.62298e+01
  4  0.04243  4.15171e+01 |  5  0.08092  2.12686e+01 |  6  0.05567  4.20212e+01
  7  0.01785  5.53631e+01 |  8  0.03383  4.39243e+01 |  9  0.04427  4.65698e+01
 10  0.08927  4.97448e+01 | 11  0.05819  8.47205e+01 | 12  0.04823  5.69371e+01
 13 -0.00125  4.46106e+01 | 14 -0.01827  5.50682e+00 | 15  0.03811  2.57671e+01
 16  0.01091  9.00458e+01 | 17 -0.03817  8.96733e+01 | 18  0.00189  7.75437e+01
 19 -0.03067  6.00213e+01 | 20  0.07560  9.17147e+01 | 21  0.04767  4.71185e+01
 22 -0.06675  3.98880e+01 | 23 -0.04691 -1.73585e+01 | 24 -0.09945  7.96998e+01
 25 -0.05826 -1.95110e+01 | 26 -0.02485  1.27043e+01 | 27 -0.00270  2.18094e+00
 28 -0.00319 -1.35034e+02 | 29 -0.03207 -1.56718e+01 | 30  0.02412 -1.77808e+02
 31 -0.03671  5.73819e+01 | 32  0.02918 -8.68066e+01 | 33  0.00963  7.05237e+01
 34  0.01408 -1.55648e+02 | 35 -0.01436 -1.13485e+02 | 36 -0.08609 -2.68275e+02
 37 -0.03903 -1.84570e+02 | 38  0.22725 -7.53441e+02 | 39  0.25195 -1.41306e+02
 40  0.24590  3.14575e+02 | 41 -0.41597  2.07323e+00 | 42 -0.91140  1.83236e-02
 43 -0.75482  3.60410e-02 | 44 -0.57586  2.99707e+00 | 45 -0.81021  4.18892e+01
 46 -0.81693 -4.34708e+01 | 47 -0.82582 -9.84385e+01 | 48 -0.70902  5.82504e+01
 49 -0.44771  8.63796e+00 | 50  0.21635  1.16607e+00 | 51 -0.17585 -1.12856e+03
 52 -0.12819  3.40360e-03 | 53 -0.05862 -4.01891e+02 | 54  0.05795  2.90816e+02

Intermediate statistics: 54 variables; iteration 20; function evaluation 28; phase 3
Function value 1.7596068e+02; maximum gradient component mag -4.3636e+03
Var    Value     Gradient |Var    Value     Gradient |Var    Value     Gradient
  1  0.14355 -4.36363e+03 |  2 -0.11231  1.00578e+01 |  3  0.00018 -2.65233e+00
  4 -0.04528 -1.63846e+01 |  5  0.00025 -2.51674e+01 |  6 -0.06016  5.45552e+01
  7 -0.11330  4.77453e+01 |  8 -0.06575  5.60946e+01 |  9 -0.06966  5.99461e+01
 10  0.03379  6.02724e+01 | 11  0.02081  6.91615e+01 | 12  0.05735  6.26550e+01
 13  0.01489  6.04574e+01 | 14  0.00053  4.08507e+01 | 15  0.05719 -8.44605e+00
 16  0.01070  1.16775e+00 | 17 -0.04241  3.64768e+01 | 18  0.00541  1.64790e+00
 19 -0.02198  3.49751e+01 | 20  0.07700  2.42162e+01 | 21  0.06416  4.19582e+01
 22 -0.04193  5.59195e+01 | 23 -0.01262  2.38121e+01 | 24 -0.09606  4.94328e+01
 25 -0.02057  2.52025e+00 | 26 -0.01143  1.41121e+00 | 27  0.00512 -5.00310e+01
 28  0.03801 -1.64584e+02 | 29 -0.00363 -5.53988e+01 | 30  0.06472 -7.42914e+01
 31 -0.01446  3.06711e+01 | 32  0.06453 -2.83839e+01 | 33  0.02629 -2.21259e+01
 34  0.05516 -5.24730e+01 | 35  0.00648 -1.31088e+02 | 36 -0.02771 -8.82957e+01
 37 -0.00376 -2.46190e+02 | 38  0.23281 -9.60484e+02 | 39  0.26079  1.45138e+01
 40  0.24354 -2.42076e+02 | 41 -0.42328 -1.42167e-01 | 42 -0.91141 -2.32810e-02
 43 -0.75485 -1.38799e-03 | 44 -0.58107  4.33220e-01 | 45 -0.79854  1.87899e+02
 46 -0.81301 -2.02694e+02 | 47 -0.80331 -4.93490e+01 | 48 -0.73220  3.59826e+01
 49 -0.45362  9.84565e+00 | 50  0.21543  1.38440e+00 | 51 -0.14096  1.58226e+02
 52 -0.10076 -7.10271e+01 | 53 -0.06762 -1.42023e+02 | 54  0.00905  1.20202e+02
54 variables; iteration 40; function evaluation 49; phase 3
Function value 1.7084346e+02; maximum gradient component mag -1.7861e+03
Var    Value     Gradient |Var    Value     Gradient |Var    Value     Gradient
  1  0.14419 -1.78608e+03 |  2 -0.15092 -5.31328e+00 |  3 -0.00161  3.33112e+00
  4 -0.04201 -1.86730e+00 |  5  0.00033 -1.18257e+01 |  6 -0.06027  1.94146e+01
  7 -0.10781  2.32565e+01 |  8 -0.07387  9.59782e+00 |  9 -0.07898  1.61386e+01
 10  0.02521  1.49567e+01 | 11  0.01080  1.88865e+01 | 12  0.05564  2.35911e+01
 13  0.01535  2.68270e+01 | 14  0.00692  2.23853e+01 | 15  0.05921 -1.53528e+01
 16  0.01302 -3.85562e+00 | 17 -0.04950 -3.48290e-01 | 18  0.01255  3.66151e+00
 19 -0.02175  9.57840e+00 | 20  0.08107  1.27379e+01 | 21  0.05760 -9.60979e+00
 22 -0.04242  2.09935e+01 | 23 -0.01036  5.21681e+00 | 24 -0.08993  3.49423e+01
 25 -0.01826  1.28117e+00 | 26 -0.01673 -1.35062e+01 | 27  0.00957 -1.02380e+01
 28  0.04118 -5.69450e+01 | 29 -0.00253 -3.77089e+01 | 30  0.06657 -4.31590e+01
 31 -0.01463 -2.46258e+00 | 32  0.06777 -8.46296e+00 | 33  0.02840 -2.12478e+01
 34  0.05332 -3.29241e+01 | 35  0.01019 -5.24422e+01 | 36 -0.03308 -5.65712e+01
 37  0.00031 -8.70493e+01 | 38  0.23338 -5.19936e+02 | 39  0.25905  1.08029e+01
 40  0.24333 -1.23635e+02 | 41 -0.83415 -1.17705e-02 | 42 -0.90780 -1.97596e-02
 43 -0.75176 -7.28276e-03 | 44 -0.66452  2.03100e-02 | 45 -0.79190  3.34134e+01
 46 -0.80668 -3.60312e+01 | 47 -0.88425  6.28462e+01 | 48 -0.84588 -4.71254e+01
 49 -0.48249  2.77544e+00 | 50  0.17995  4.89630e-01 | 51 -0.14082  1.09938e+02
 52 -0.10249 -5.03654e+01 | 53 -0.07031 -1.56334e+01 | 54  0.00071  1.73741e+01
54 variables; iteration 60; function evaluation 81; phase 3
Function value 1.6827100e+02; maximum gradient component mag 1.3281e+01
Var    Value     Gradient |Var    Value     Gradient |Var    Value     Gradient
  1  0.14515  1.32814e+01 |  2 -0.13975  5.64190e-03 |  3 -0.00542  1.69348e-01
  4 -0.04424  2.10233e-01 |  5  0.00173  5.29934e-01 |  6 -0.06101 -1.52605e-02
  7 -0.11014 -7.78982e-02 |  8 -0.06844  4.16357e-02 |  9 -0.07176 -1.01739e-01
 10  0.02856 -4.08568e-02 | 11  0.01028 -6.47910e-02 | 12  0.05081 -1.34463e-01
 13  0.00676 -1.43724e-01 | 14 -0.00357  1.21862e-01 | 15  0.06487  4.19276e-01
 16  0.01357  3.16620e-01 | 17 -0.04700  3.01627e-02 | 18  0.01325  2.20485e-01
 19 -0.02205 -4.37615e-02 | 20  0.07869 -1.16919e-01 | 21  0.06272 -7.18403e-02
 22 -0.04647 -2.38137e-01 | 23 -0.01068  6.71999e-03 | 24 -0.10315 -9.93588e-02
 25 -0.01530  1.43044e-01 | 26 -0.01218 -9.97241e-02 | 27  0.00729 -4.28338e-01
 28  0.04298 -5.82894e-01 | 29  0.00008 -2.86040e-01 | 30  0.06933 -3.49521e-01
 31 -0.01266 -7.22262e-02 | 32  0.06823 -5.05167e-01 | 33  0.03103  1.84682e-01
 34  0.05401  9.94738e-01 | 35  0.01222  1.69919e+00 | 36 -0.03087  2.13976e+00
 37  0.00006  5.91601e-01 | 38  0.23436  5.02640e-02 | 39  0.25736 -6.29506e-01
 40  0.24228 -1.08256e+00 | 41 -1.36916  4.79376e-03 | 42 -0.65492 -5.20330e-03
 43 -0.60945 -4.45666e-03 | 44 -0.75559 -7.72093e-03 | 45 -0.84201 -4.18431e-01
 46 -0.85433  4.27264e-01 | 47 -0.90681  2.33794e+00 | 48 -0.87332 -1.74836e+00
 49 -0.44181  2.11606e-02 | 50 -0.59134  3.13176e-04 | 51 -0.14580  3.10935e+00
 52 -0.11007 -5.60486e-01 | 53 -0.07275 -8.10115e-01 | 54 -0.00025  5.76952e-01
54 variables; iteration 80; function evaluation 101; phase 3
Function value 1.6825943e+02; maximum gradient component mag 4.2187e+00
Var    Value     Gradient |Var    Value     Gradient |Var    Value     Gradient
  1  0.14507  4.21872e+00 |  2 -0.13961  3.36672e-02 |  3 -0.00534  1.30855e-01
  4 -0.04414  1.45459e-01 |  5  0.00182  3.94467e-01 |  6 -0.06096 -2.15763e-02
  7 -0.11009 -4.91692e-02 |  8 -0.06844 -4.32960e-02 |  9 -0.07180 -6.80969e-02
 10  0.02859 -6.18619e-02 | 11  0.01034 -5.64165e-02 | 12  0.05093 -4.92164e-02
 13  0.00683 -4.16587e-02 | 14 -0.00361 -4.35969e-02 | 15  0.06484 -5.79382e-02
 16  0.01359 -9.12018e-02 | 17 -0.04696 -1.06681e-01 | 18  0.01325 -8.07215e-02
 19 -0.02208 -5.53441e-02 | 20  0.07873 -2.73836e-02 | 21  0.06267 -1.11181e-02
 22 -0.04649 -3.97253e-02 | 23 -0.01074 -2.44513e-02 | 24 -0.10315 -1.86973e-02
 25 -0.01533 -1.47165e-02 | 26 -0.01215 -1.44976e-02 | 27  0.00735  2.63684e-02
 28  0.04295  9.92114e-02 | 29  0.00007  3.55047e-02 | 30  0.06925  1.07117e-01
 31 -0.01273 -1.36093e-02 | 32  0.06806  5.31521e-02 | 33  0.03089  3.21306e-02
 34  0.05391  3.50597e-02 | 35  0.01214  1.71205e-02 | 36 -0.03097  1.39413e-03
 37  0.00048  1.64547e-01 | 38  0.23443  1.74963e-01 | 39  0.25747  3.62084e-03
 40  0.24254  2.08958e-01 | 41 -1.35695  2.33467e-03 | 42  0.09491  1.27430e-03
 43  0.19399  1.02394e-03 | 44 -0.74520 -6.10455e-03 | 45 -0.83276 -4.06207e-01
 46 -0.84583  4.15671e-01 | 47 -0.84384  8.68022e-01 | 48 -0.78755 -6.53540e-01
 49 -0.53771  1.06747e-03 | 50 -0.34995 -2.78208e-04 | 51 -0.15725 -1.13112e+00
 52 -0.13470  5.15683e-01 | 53 -0.07156 -1.11728e-02 | 54  0.00095 -1.84577e-02
54 variables; iteration 100; function evaluation 121; phase 3
Function value 1.6825601e+02; maximum gradient component mag -9.1000e-01
Var    Value     Gradient |Var    Value     Gradient |Var    Value     Gradient
  1  0.14509  2.35203e-01 |  2 -0.13968 -1.72086e-02 |  3 -0.00537 -8.35962e-02
  4 -0.04420 -1.01519e-01 |  5  0.00170 -2.04637e-01 |  6 -0.06098 -3.18611e-02
  7 -0.11010 -1.75021e-02 |  8 -0.06843 -1.45589e-02 |  9 -0.07177  8.93274e-04
 10  0.02860 -1.13620e-02 | 11  0.01035  1.44411e-03 | 12  0.05091 -5.96380e-03
 13  0.00683 -1.65155e-02 | 14 -0.00361 -8.99454e-03 | 15  0.06484 -2.23320e-04
 16  0.01359 -7.10948e-03 | 17 -0.04695 -9.45501e-03 | 18  0.01325 -8.95268e-03
 19 -0.02208 -2.19901e-03 | 20  0.07872 -2.31380e-02 | 21  0.06267 -7.90170e-03
 22 -0.04648 -2.16721e-02 | 23 -0.01073 -1.48462e-02 | 24 -0.10315 -5.13176e-04
 25 -0.01533 -1.88963e-02 | 26 -0.01215 -3.34310e-02 | 27  0.00734 -3.47522e-02
 28  0.04294 -5.49209e-02 | 29  0.00006 -2.18933e-02 | 30  0.06926 -3.51211e-02
 31 -0.01272  5.94385e-03 | 32  0.06809  5.35317e-03 | 33  0.03091  3.98104e-02
 34  0.05392  9.09474e-02 | 35  0.01213  1.31929e-01 | 36 -0.03097  2.24570e-01
 37  0.00041  2.40603e-01 | 38  0.23442  1.14244e-01 | 39  0.25745 -4.54804e-02
 40  0.24250  1.32974e-01 | 41 -1.44567 -4.77017e-04 | 42 -0.23588 -2.39721e-04
 43  0.01766  2.54959e-04 | 44 -0.72311 -7.13075e-04 | 45 -0.74349 -3.08563e-01
 46 -0.76367  3.19557e-01 | 47 -0.75746 -9.10004e-01 | 48 -0.66879  6.71237e-01
 49 -0.52937  1.79789e-03 | 50 -0.36509 -2.26778e-04 | 51 -0.15811 -1.54000e-01
 52 -0.13665  7.05516e-02 | 53 -0.07179 -1.40669e-01 | 54  0.00070  6.47482e-02
54 variables; iteration 120; function evaluation 141; phase 3
Function value 1.6825523e+02; maximum gradient component mag -2.3322e-02
Var    Value     Gradient |Var    Value     Gradient |Var    Value     Gradient
  1  0.14507 -2.33218e-02 |  2 -0.13966 -6.49585e-05 |  3 -0.00536  1.67505e-04
  4 -0.04417  4.27606e-04 |  5  0.00174  4.07755e-04 |  6 -0.06097  4.22731e-04
  7 -0.11010  4.48856e-04 |  8 -0.06844  2.14772e-04 |  9 -0.07180  2.46257e-04
 10  0.02860  5.31844e-04 | 11  0.01035  3.60294e-04 | 12  0.05093  1.47915e-04
 13  0.00683  3.63907e-04 | 14 -0.00362  3.84970e-04 | 15  0.06485 -2.43232e-04
 16  0.01361  1.19305e-04 | 17 -0.04694  3.17694e-04 | 18  0.01325  4.99708e-05
 19 -0.02208  1.75104e-04 | 20  0.07873 -1.47877e-05 | 21  0.06267 -1.10822e-04
 22 -0.04649  3.34101e-04 | 23 -0.01073  3.59525e-04 | 24 -0.10316  4.10673e-04
 25 -0.01533  8.14224e-05 | 26 -0.01215  1.84018e-04 | 27  0.00734 -6.02833e-05
 28  0.04295 -1.35573e-04 | 29  0.00006  7.28728e-05 | 30  0.06925  1.47694e-04
 31 -0.01273 -2.10031e-05 | 32  0.06806 -3.83681e-05 | 33  0.03089 -5.77159e-04
 34  0.05391 -8.50774e-04 | 35  0.01214 -1.29849e-03 | 36 -0.03096 -1.27399e-03
 37  0.00047 -1.75103e-03 | 38  0.23443 -7.11077e-03 | 39  0.25747 -5.84919e-04
 40  0.24255 -2.30288e-03 | 41 -1.43332 -2.59481e-05 | 42 -0.18396  2.47821e-05
 43 -0.02188  7.67063e-05 | 44 -0.72068 -2.06279e-05 | 45 -0.68762  1.13597e-02
 46 -0.71236 -1.20559e-02 | 47 -0.76555  2.08949e-03 | 48 -0.68011 -1.58009e-03
 49 -0.55260  7.01336e-04 | 50 -0.30676  3.52261e-05 | 51 -0.15813  1.95365e-03
 52 -0.13666 -2.95865e-04 | 53 -0.07150  8.33286e-04 | 54  0.00103 -3.75005e-04
54 variables; iteration 140; function evaluation 161; phase 3
Function value 1.6825523e+02; maximum gradient component mag 1.5732e-03
Var    Value     Gradient |Var    Value     Gradient |Var    Value     Gradient
  1  0.14507  1.57320e-03 |  2 -0.13966  1.11499e-06 |  3 -0.00536 -1.26294e-05
  4 -0.04417 -9.47498e-06 |  5  0.00174  6.99449e-06 |  6 -0.06097 -1.93433e-05
  7 -0.11010 -2.06302e-05 |  8 -0.06844 -1.28232e-05 |  9 -0.07180 -1.82074e-05
 10  0.02860 -2.17835e-05 | 11  0.01035 -9.98467e-06 | 12  0.05093 -1.92424e-05
 13  0.00683 -2.38583e-05 | 14 -0.00362 -7.04000e-06 | 15  0.06485  5.10854e-07
 16  0.01361 -1.76299e-05 | 17 -0.04694 -2.87654e-05 | 18  0.01325 -1.75211e-05
 19 -0.02208 -2.17304e-05 | 20  0.07873 -3.02135e-05 | 21  0.06267 -9.53666e-06
 22 -0.04649 -3.02142e-05 | 23 -0.01073 -1.77266e-05 | 24 -0.10316 -7.72281e-06
 25 -0.01533 -7.70964e-06 | 26 -0.01215 -2.78242e-05 | 27  0.00734 -5.58539e-05
 28  0.04295 -6.22843e-05 | 29  0.00006 -2.12118e-05 | 30  0.06925 -3.92168e-06
 31 -0.01273  4.84030e-06 | 32  0.06806  4.81463e-06 | 33  0.03089  6.35213e-05
 34  0.05391  1.26119e-04 | 35  0.01214  1.72215e-04 | 36 -0.03096  2.04161e-04
 37  0.00047  1.40824e-04 | 38  0.23443 -3.64788e-04 | 39  0.25747 -1.21211e-04
 40  0.24255  3.95833e-04 | 41 -1.43374 -6.34085e-07 | 42 -0.18700 -9.92140e-08
 43 -0.03746 -8.15417e-07 | 44 -0.72022 -6.36890e-07 | 45 -0.68790  1.72474e-04
 46 -0.71262 -1.83604e-04 | 47 -0.76550  1.29613e-04 | 48 -0.68004 -1.02169e-04
 49 -0.56300  2.08226e-05 | 50 -0.28856  2.27341e-06 | 51 -0.15872 -1.99014e-04
 52 -0.13797 -2.66013e-05 | 53 -0.07150 -1.95470e-04 | 54  0.00103  9.95972e-05

 - final statistics:
54 variables; iteration 152; function evaluation 173
Function value 1.6826e+02; maximum gradient component mag -3.0489e-05
Exit code = 1;  converg criter 1.0000e-04
Var    Value     Gradient |Var    Value     Gradient |Var    Value     Gradient
  1  0.14507 -3.04891e-05 |  2 -0.13966 -3.27330e-08 |  3 -0.00536  2.02463e-07
  4 -0.04417  1.89824e-07 |  5  0.00174  1.02537e-07 |  6 -0.06097  2.90138e-07
  7 -0.11010  3.89656e-07 |  8 -0.06844  3.21301e-07 |  9 -0.07180  4.23899e-07
 10  0.02860  5.56383e-07 | 11  0.01035  2.97100e-07 | 12  0.05093  4.74290e-07
 13  0.00683  4.75120e-07 | 14 -0.00362  2.46530e-07 | 15  0.06485  9.64325e-08
 16  0.01361  2.99652e-07 | 17 -0.04694  4.40681e-07 | 18  0.01325  2.49538e-07
 19 -0.02208  3.63192e-07 | 20  0.07873  4.01061e-07 | 21  0.06267  1.36701e-07
 22 -0.04649  3.72713e-07 | 23 -0.01073  8.80311e-08 | 24 -0.10316 -1.60231e-08
 25 -0.01533 -1.44170e-07 | 26 -0.01215  2.35181e-07 | 27  0.00734  3.88187e-07
 28  0.04295 -2.23901e-07 | 29  0.00006 -6.99461e-08 | 30  0.06925 -5.41945e-07
 31 -0.01273 -2.35421e-07 | 32  0.06806 -5.46476e-07 | 33  0.03089 -9.92750e-07
 34  0.05391 -1.71065e-06 | 35  0.01214 -2.05343e-06 | 36 -0.03096 -2.16508e-06
 37  0.00047 -1.34864e-07 | 38  0.23443  6.14624e-06 | 39  0.25747  9.56352e-07
 40  0.24255 -4.83730e-06 | 41 -1.43373 -1.46346e-08 | 42 -0.18696  4.76289e-09
 43 -0.03730  1.34374e-08 | 44 -0.72022  4.18512e-08 | 45 -0.68791 -2.41122e-06
 46 -0.71263  2.60904e-06 | 47 -0.76549 -1.41417e-06 | 48 -0.68003  1.12031e-06
 49 -0.56330 -1.83602e-07 | 50 -0.28812 -2.19565e-08 | 51 -0.15860  1.25281e-05
 52 -0.13771 -5.14475e-06 | 53 -0.07150  2.03461e-06 | 54  0.00103 -1.10484e-06
Estimating row 1 out of 54 for hessian
Estimating row 2 out of 54 for hessian
Estimating row 3 out of 54 for hessian
Estimating row 4 out of 54 for hessian
Estimating row 5 out of 54 for hessian
Estimating row 6 out of 54 for hessian
Estimating row 7 out of 54 for hessian
Estimating row 8 out of 54 for hessian
Estimating row 9 out of 54 for hessian
Estimating row 10 out of 54 for hessian
Estimating row 11 out of 54 for hessian
Estimating row 12 out of 54 for hessian
Estimating row 13 out of 54 for hessian
Estimating row 14 out of 54 for hessian
Estimating row 15 out of 54 for hessian
Estimating row 16 out of 54 for hessian
Estimating row 17 out of 54 for hessian
Estimating row 18 out of 54 for hessian
Estimating row 19 out of 54 for hessian
Estimating row 20 out of 54 for hessian
Estimating row 21 out of 54 for hessian
Estimating row 22 out of 54 for hessian
Estimating row 23 out of 54 for hessian
Estimating row 24 out of 54 for hessian
Estimating row 25 out of 54 for hessian
Estimating row 26 out of 54 for hessian
Estimating row 27 out of 54 for hessian
Estimating row 28 out of 54 for hessian
Estimating row 29 out of 54 for hessian
Estimating row 30 out of 54 for hessian
Estimating row 31 out of 54 for hessian
Estimating row 32 out of 54 for hessian
Estimating row 33 out of 54 for hessian
Estimating row 34 out of 54 for hessian
Estimating row 35 out of 54 for hessian
Estimating row 36 out of 54 for hessian
Estimating row 37 out of 54 for hessian
Estimating row 38 out of 54 for hessian
Estimating row 39 out of 54 for hessian
Estimating row 40 out of 54 for hessian
Estimating row 41 out of 54 for hessian
Estimating row 42 out of 54 for hessian
Estimating row 43 out of 54 for hessian
Estimating row 44 out of 54 for hessian
Estimating row 45 out of 54 for hessian
Estimating row 46 out of 54 for hessian
Estimating row 47 out of 54 for hessian
Estimating row 48 out of 54 for hessian
Estimating row 49 out of 54 for hessian
Estimating row 50 out of 54 for hessian
Estimating row 51 out of 54 for hessian
Estimating row 52 out of 54 for hessian
Estimating row 53 out of 54 for hessian
Estimating row 54 out of 54 for hessian
size of file gradfil1.tmp = 0
size of file gradfil2.tmp = 0
size of file varssave.tmp = 0
size of file cmpdiff.tmp = 0
