
Initial statistics: 6 variables; iteration 0; function evaluation 0; phase 1
Function value 5.2708174e+03; maximum gradient component mag 3.5057e+04
Var    Value     Gradient |Var    Value     Gradient |Var    Value     Gradient
  1  0.39650  3.50571e+04 |  2  0.21635  2.93248e+04 |  3  0.21635  2.15906e+04
  4  0.21635  1.55856e+04 |  5  0.00000  1.40502e+02 |  6  0.00000  5.64900e+01

Intermediate statistics: 6 variables; iteration 20; function evaluation 38; phase 1
Function value 6.3928215e+02; maximum gradient component mag 2.3712e+01
Var    Value     Gradient |Var    Value     Gradient |Var    Value     Gradient
  1  0.19196  9.96419e+00 |  2  0.21191  2.37123e+01 |  3  0.19939  3.64285e+00
  4  0.18191  2.86274e+00 |  5  0.61247 -4.88486e-05 |  6 -1.99581  3.75242e-01

 - final statistics:
6 variables; iteration 23; function evaluation 41
Function value 6.3925e+02; maximum gradient component mag -6.5647e+00
Exit code = 1;  converg criter 1.0000e+01
Var    Value     Gradient |Var    Value     Gradient |Var    Value     Gradient
  1  0.19219 -8.90088e-01 |  2  0.21166 -1.07659e+00 |  3  0.19922  7.99877e-01
  4  0.18146 -6.56473e+00 |  5  0.70967  4.28972e-03 |  6 -2.15857  7.04050e-02

Initial statistics: 56 variables; iteration 0; function evaluation 0; phase 2
Function value 6.3925082e+02; maximum gradient component mag -1.9066e+03
Var    Value     Gradient |Var    Value     Gradient |Var    Value     Gradient
  1  0.19219 -8.90088e-01 |  2  0.00000  7.99486e+01 |  3  0.00000 -1.03152e+02
  4  0.00000  3.97816e+01 |  5  0.00000 -5.73488e+01 |  6  0.00000 -1.76465e+01
  7  0.00000  6.26094e+01 |  8  0.00000  4.47129e+00 |  9  0.00000  5.21393e+00
 10  0.00000 -9.45843e+01 | 11  0.00000  4.60811e+01 | 12  0.00000 -3.57726e+01
 13  0.00000  1.77525e+01 | 14  0.00000  1.20767e+00 | 15  0.00000 -7.91363e+01
 16  0.00000  4.45554e+01 | 17  0.00000  1.35442e+02 | 18  0.00000 -2.03269e+01
 19  0.00000  7.63118e+01 | 20  0.00000 -1.78466e+02 | 21  0.00000 -2.07398e+02
 22  0.00000  9.83270e+01 | 23  0.00000  3.46953e+01 | 24  0.00000  2.14095e+02
 25  0.00000 -1.07606e+01 | 26  0.00000  2.77869e+01 | 27  0.00000  8.50734e+01
 28  0.00000 -1.81871e+02 | 29  0.00000 -2.47211e+01 | 30  0.00000 -1.20932e+02
 31  0.00000  1.12645e+02 | 32  0.00000 -1.02001e+02 | 33  0.00000 -1.27825e+02
 34  0.00000 -5.48531e+01 | 35  0.00000 -2.77370e+00 | 36  0.00000  9.21790e+01
 37  0.00000  5.29525e+01 | 38  0.00000  1.47669e+02 | 39  0.21166 -1.07659e+00
 40  0.19922  7.99877e-01 | 41  0.21635 -1.47877e+02 | 42  0.18146 -6.56473e+00
 43 -1.00000 -1.08293e-07 | 44  0.00000  2.46269e-04 | 45  0.00000  7.66202e-01
 46 -0.53989  1.61749e+01 | 47 -1.00000 -1.08293e-07 | 48 -0.53989  1.32157e+01
 49 -1.00000 -1.08293e-07 | 50 -0.53989  3.02145e+00 | 51 -0.32288  5.20055e+01
 52  0.21635  1.60316e+00 | 53 -0.17585 -7.98329e+02 | 54 -0.12819 -1.90661e+03
 55  0.70967  4.28972e-03 | 56  0.15857 -7.04050e-02 |

Intermediate statistics: 56 variables; iteration 20; function evaluation 49; phase 2
Function value 3.2418454e+02; maximum gradient component mag -1.6667e+03
Var    Value     Gradient |Var    Value     Gradient |Var    Value     Gradient
  1  0.16021 -1.16417e+03 |  2 -0.44476 -6.01047e+01 |  3  0.10466  2.26168e+01
  4  0.15619  1.84757e+02 |  5  0.12450 -6.45904e-01 |  6  0.10222  3.09492e+01
  7  0.06869  5.59239e+01 |  8  0.07332  9.63391e+00 |  9  0.11061  7.01651e+01
 10  0.14436  6.29750e+01 | 11  0.11165  1.87170e+02 | 12  0.03346 -1.43939e+01
 13 -0.01410 -6.41722e+00 | 14  0.03080  9.11782e+01 | 15 -0.02961 -1.65982e+02
 16 -0.01673  2.36651e+01 | 17 -0.04267  1.33059e+02 | 18 -0.02770  3.69454e+01
 19 -0.05023  3.05522e+01 | 20  0.01835 -2.05344e+01 | 21  0.06439  1.90278e+02
 22 -0.09288 -2.67593e+01 | 23 -0.03648  1.32786e+02 | 24 -0.09720  9.58603e+01
 25 -0.01671  5.47704e+01 | 26 -0.01324  8.70970e+01 | 27 -0.05050 -3.71549e+01
 28  0.00924 -2.95756e+02 | 29 -0.03827 -2.59349e+02 | 30  0.01670 -3.50123e+02
 31 -0.11442 -4.02474e+02 | 32  0.02779  3.35163e+01 | 33  0.04737  1.53116e+02
 34  0.01528  1.03526e+02 | 35 -0.00883  1.52880e+00 | 36 -0.04609  2.92349e+01
 37 -0.03456  1.06602e+02 | 38 -0.14155 -7.01493e+01 | 39  0.23862 -9.06952e+02
 40  0.23720 -2.73463e+02 | 41  0.25350 -5.45320e+02 | 42  0.20709 -3.49291e+02
 43 -0.90948 -2.17501e-02 | 44 -0.00000  1.60250e-04 | 45 -0.01135 -5.60933e-05
 46 -0.78886 -9.11177e-03 | 47 -0.64529 -2.67361e+02 | 48 -0.64506  2.69195e+02
 49 -0.79138 -9.76114e+01 | 50 -0.63441  5.49383e+01 | 51 -0.31144  2.07783e+02
 52  0.19262  4.73186e+00 | 53 -0.14624  2.17941e+02 | 54 -0.12255 -1.66666e+03
 55  0.70954  2.44453e-06 | 56  0.16387 -2.84473e-01 |
56 variables; iteration 40; function evaluation 76; phase 2
Function value 2.4289812e+02; maximum gradient component mag -1.8624e+03
Var    Value     Gradient |Var    Value     Gradient |Var    Value     Gradient
  1  0.14410 -1.86238e+03 |  2 -0.85043 -2.68092e+01 |  3  0.04308  4.77883e+01
  4  0.05855  1.73236e+02 |  5  0.02449 -4.79675e+00 |  6 -0.00222  6.66093e+01
  7 -0.04123  5.95975e+01 |  8 -0.01462  2.64009e+01 |  9  0.03109  6.84335e+01
 10  0.11452  8.77349e+01 | 11  0.10948  2.32819e+02 | 12  0.03427  3.12206e+00
 13 -0.02008 -2.46700e+00 | 14  0.04498  1.15346e+02 | 15  0.01475 -1.31277e+02
 16 -0.00482 -4.81378e+01 | 17 -0.04247  8.96485e+01 | 18 -0.01111  7.67939e+01
 19 -0.02549  1.18408e+02 | 20  0.03001  1.16674e+01 | 21  0.05541  1.22429e+02
 22 -0.08315  7.53770e+00 | 23 -0.05669  1.03784e+01 | 24 -0.10534  4.78988e+01
 25 -0.00949 -3.03509e+01 | 26 -0.01641 -5.23899e+01 | 27 -0.02910 -1.34823e+02
 28  0.02303 -5.78286e+02 | 29  0.01358 -5.15071e+01 | 30  0.03210 -8.90563e+01
 31 -0.05539 -1.21955e+02 | 32  0.04354  1.42539e+02 | 33  0.01417  2.90438e+00
 34  0.03710  1.66697e+02 | 35  0.02464  1.06779e+02 | 36 -0.00663  9.21610e+01
 37 -0.00106  6.28231e+01 | 38 -0.08382  1.40853e+01 | 39  0.25079  6.37612e+01
 40  0.24776 -1.69719e+02 | 41  0.27104 -4.10823e+01 | 42  0.21719  4.23916e+02
 43 -0.48846  7.47605e-05 | 44 -0.52962 -3.00319e-03 | 45 -1.05869  3.16034e-03
 46 -1.50199 -5.71995e+00 | 47 -0.64118 -2.42655e+02 | 48 -0.65064  2.52252e+02
 49 -0.76361 -3.09541e+01 | 50 -0.67697  2.24294e+01 | 51 -0.29586 -1.42602e+00
 52 -0.80738 -2.30280e-02 | 53 -0.13654 -6.30192e+02 | 54 -0.09340 -1.93946e+01
 55  0.70271  5.81672e-03 | 56  0.40472 -4.31312e-03 |
Maximum number of function evaluations exceeded

 - final statistics:
56 variables; iteration 57; function evaluation 100
Function value 2.1110e+02; maximum gradient component mag -3.0691e+03
Exit code = 3;  converg criter 1.0000e+01
Var    Value     Gradient |Var    Value     Gradient |Var    Value     Gradient
  1  0.13693 -3.06914e+03 |  2 -1.12267  2.22598e+01 |  3  0.01396  2.15839e+01
  4 -0.00871  4.70573e+01 |  5  0.00590 -2.92909e+00 |  6 -0.06813  2.02505e+01
  7 -0.10726  5.51815e+01 |  8 -0.05127  5.98027e+01 |  9 -0.02900  8.37014e+01
 10  0.09301  1.07301e+02 | 11  0.06402  1.34061e+02 | 12  0.04921  1.35955e+01
 13 -0.01416 -1.06591e+01 | 14  0.03351  1.02385e+02 | 15  0.05843 -5.19246e+01
 16 -0.00348 -7.29549e+01 | 17 -0.02615  6.38137e+01 | 18 -0.01511 -3.65567e+01
 19 -0.02039  7.99323e+01 | 20  0.04634  2.79055e+01 | 21  0.06007  9.06225e+01
 22 -0.05140  7.97018e+01 | 23 -0.04755 -1.17945e+01 | 24 -0.09599  2.09086e+01
 25  0.00427 -8.56283e+01 | 26 -0.02489 -1.04415e+02 | 27 -0.01152 -2.76572e+01
 28  0.05454 -1.51424e+02 | 29  0.00979 -7.84680e+01 | 30  0.03691 -1.42066e+02
 31 -0.02055  4.77811e+00 | 32  0.03280  3.72802e+01 | 33  0.03065  2.08574e+01
 34  0.03920  9.97484e+01 | 35  0.02473  3.50394e+01 | 36  0.00933  9.74712e+01
 37  0.02165  7.78593e+01 | 38 -0.06647  4.02402e+01 | 39  0.25504  2.80099e+01
 40  0.24998 -3.01274e+02 | 41  0.27509  1.52953e+02 | 42  0.21980  5.12337e+02
 43 -0.46943 -5.33554e-02 | 44 -0.91147 -2.20546e-02 | 45 -1.55232 -3.85503e-02
 46 -1.51131 -1.07153e+00 | 47 -0.64803 -3.30987e+02 | 48 -0.66605  3.50859e+02
 49 -0.77497 -2.53072e+02 | 50 -0.68696  1.80132e+02 | 51 -0.29240 -4.75237e+01
 52 -1.02896  9.54224e-02 | 53 -0.13007 -7.22201e+02 | 54 -0.07838  3.92556e+02
 55  0.69770  6.06344e-03 | 56  0.66964  4.96728e-03 |

Initial statistics: 56 variables; iteration 0; function evaluation 0; phase 3
Function value 2.1096356e+02; maximum gradient component mag -3.0691e+03
Var    Value     Gradient |Var    Value     Gradient |Var    Value     Gradient
  1  0.13693 -3.06914e+03 |  2 -0.87733 -2.22598e+01 |  3  0.01396  2.15839e+01
  4 -0.00871  4.70573e+01 |  5  0.00590 -2.92909e+00 |  6 -0.06861  2.69727e+00
  7 -0.10774  3.77727e+01 |  8 -0.05174  4.22034e+01 |  9 -0.02948  6.60635e+01
 10  0.09253  8.98450e+01 | 11  0.06354  1.16505e+02 | 12  0.04874 -4.00600e+00
 13 -0.01463 -2.83082e+01 | 14  0.03303  8.47588e+01 | 15  0.05796 -6.95090e+01
 16 -0.00395 -9.06082e+01 | 17 -0.02662  4.61732e+01 | 18 -0.01558 -5.42048e+01
 19 -0.02086  6.22859e+01 | 20  0.04587  1.02988e+01 | 21  0.05960  7.30522e+01
 22 -0.05188  6.21016e+01 | 23 -0.04802 -2.93976e+01 | 24 -0.09647  3.45448e+00
 25  0.00379 -1.03282e+02 | 26 -0.02536 -1.22052e+02 | 27 -0.01200 -4.53077e+01
 28  0.05407 -1.69024e+02 | 29  0.00932 -9.61210e+01 | 30  0.03644 -1.59697e+02
 31 -0.02103 -1.28664e+01 | 32  0.03233  1.96504e+01 | 33  0.03018  3.22399e+00
 34  0.03873  8.21316e+01 | 35  0.02426  1.73992e+01 | 36  0.00886  7.98200e+01
 37  0.02118  6.02170e+01 | 38 -0.06695  2.26805e+01 | 39  0.25504  2.80099e+01
 40  0.24998 -3.01274e+02 | 41  0.27509  1.52953e+02 | 42  0.21980  5.12337e+02
 43 -0.46943 -5.33554e-02 | 44 -0.91147 -2.20546e-02 | 45 -0.44768  3.85503e-02
 46 -0.48869  1.07153e+00 | 47 -0.64803 -3.30987e+02 | 48 -0.66605  3.50859e+02
 49 -0.77497 -2.53072e+02 | 50 -0.68696  1.80132e+02 | 51 -0.29240 -4.75237e+01
 52 -0.97104 -9.54224e-02 | 53 -0.13007 -7.22201e+02 | 54 -0.07838  3.92556e+02
 55  0.69770  6.06344e-03 | 56  0.66964  4.96728e-03 |

Intermediate statistics: 56 variables; iteration 20; function evaluation 27; phase 3
Function value 1.7390567e+02; maximum gradient component mag 7.2127e+02
Var    Value     Gradient |Var    Value     Gradient |Var    Value     Gradient
  1  0.13531  7.21270e+02 |  2 -0.56015 -5.87345e+01 |  3  0.01090  1.27011e+01
  4 -0.01210  6.24456e+00 |  5  0.01104 -5.21556e+01 |  6 -0.05868  3.61160e+01
  7 -0.10030  5.74036e+01 |  8 -0.04787  1.12810e+02 |  9 -0.13580 -9.84386e+01
 10  0.02553 -4.28867e+01 | 11  0.02297  1.56867e+01 | 12  0.06178 -3.92546e+01
 13 -0.00792 -1.00141e+02 | 14  0.00806 -7.59129e+00 | 15  0.07157 -1.18259e+02
 16  0.01524 -1.35703e+02 | 17 -0.03305  6.32710e+01 | 18  0.01020  1.04861e+02
 19 -0.02407  5.45352e+01 | 20  0.05372  5.20523e+01 | 21  0.05629  3.33331e+01
 22 -0.05668  9.16533e+00 | 23 -0.04614 -3.75811e+01 | 24 -0.09697 -3.05357e+01
 25  0.01420 -1.54487e+02 | 26 -0.01229 -9.55908e+01 | 27 -0.01761 -1.25176e+02
 28  0.06062 -1.54860e+02 | 29  0.02053  7.38184e+01 | 30  0.05308  1.00015e+02
 31 -0.01588  6.85349e+01 | 32  0.03375 -1.38257e+01 | 33  0.04388 -1.12499e+01
 34  0.02398 -3.94516e+01 | 35  0.03549  4.36674e+01 | 36  0.00634  1.40019e+02
 37  0.03194  3.63109e+02 | 38  0.00668  2.90191e+01 | 39  0.25698  2.43743e+02
 40  0.25873  4.27753e+02 | 41  0.27425  2.11405e+02 | 42  0.21149 -1.13436e+02
 43 -0.46879 -5.70778e-02 | 44 -0.91122 -2.21219e-02 | 45 -0.44887  1.08276e-01
 46 -0.52139  3.18056e+00 | 47 -0.60248  1.54422e+02 | 48 -0.64579 -1.71766e+02
 49 -0.76967 -6.05126e+01 | 50 -0.71425  4.84697e+01 | 51 -0.29011 -2.05866e+02
 52 -0.97076 -2.23626e-01 | 53 -0.10454 -3.64149e+00 | 54 -0.07864 -1.61380e+02
 55  0.69767  1.39153e-03 | 56  0.66959  4.10922e-03 |
56 variables; iteration 40; function evaluation 53; phase 3
Function value 1.6575792e+02; maximum gradient component mag 7.0196e+02
Var    Value     Gradient |Var    Value     Gradient |Var    Value     Gradient
  1  0.13444  7.01957e+02 |  2 -0.26306 -3.69433e+01 |  3  0.01897  4.47785e+00
  4 -0.01080 -3.46250e+01 |  5  0.00558 -1.44925e+02 |  6 -0.05413 -6.91471e+00
  7 -0.10542 -2.28031e+01 |  8 -0.05225 -1.53086e+01 |  9 -0.17987 -1.55067e+02
 10  0.00762 -1.00653e+02 | 11  0.02578 -2.56496e+01 | 12  0.07007 -1.42400e+02
 13 -0.01069 -1.22707e+02 | 14  0.01519  4.28568e+01 | 15  0.07805  4.65685e+00
 16  0.00907 -2.24635e+01 | 17 -0.03020  6.27660e+01 | 18  0.01590  1.14018e+02
 19 -0.02978  1.80247e+01 | 20  0.05635  4.64132e+01 | 21  0.05415  6.52470e+00
 22 -0.06185 -1.31958e+01 | 23 -0.03923 -1.94477e+01 | 24 -0.09559 -3.59982e+01
 25  0.01603 -1.44829e+02 | 26 -0.01331 -8.33498e+01 | 27 -0.01351 -8.09189e+01
 28  0.06327 -7.79621e+01 | 29  0.02372  1.02477e+02 | 30  0.05724  1.43847e+02
 31 -0.01623  6.46999e+01 | 32  0.03768 -5.64665e+00 | 33  0.04638 -1.74490e+01
 34  0.01798 -7.99477e+01 | 35  0.04198  7.51477e+01 | 36  0.00947  1.41499e+02
 37  0.03169  3.38934e+02 | 38  0.02253  4.76711e+01 | 39  0.25892  2.99546e+02
 40  0.25873  4.13902e+02 | 41  0.27486  1.99940e+02 | 42  0.21192 -1.52963e+01
 43 -0.45575 -1.40491e-01 | 44 -0.90641 -2.36473e-02 | 45 -0.45819 -2.75788e-03
 46 -0.78818 -9.08414e-03 | 47 -0.56500  6.07668e+01 | 48 -0.61161 -6.15196e+01
 49 -0.84394  1.65733e+02 | 50 -0.81322 -1.38195e+02 | 51 -0.28736 -2.44553e+02
 52 -0.95156 -2.69482e-01 | 53 -0.10229 -2.60308e+01 | 54 -0.07618 -1.03602e+02
 55  0.69715  1.62359e-03 | 56  0.66865  4.08981e-03 |
56 variables; iteration 60; function evaluation 89; phase 3
Function value 1.4194538e+02; maximum gradient component mag 3.9827e+02
Var    Value     Gradient |Var    Value     Gradient |Var    Value     Gradient
  1  0.13511  3.98272e+02 |  2 -0.16423  1.83673e-01 |  3 -0.00276 -1.51726e+00
  4 -0.02483  3.85447e+00 |  5  0.01930  1.49484e+01 |  6 -0.06240 -3.65101e+00
  7 -0.10868 -8.50666e+00 |  8 -0.04996 -2.69940e+00 |  9 -0.06901 -9.40681e+00
 10  0.04222 -8.38832e+00 | 11  0.00920 -9.72730e+00 | 12  0.05876 -1.93436e+01
 13  0.00293 -1.52124e+01 | 14 -0.01288 -1.28770e+01 | 15  0.07781 -3.22047e+01
 16  0.01644 -5.28475e+01 | 17 -0.04063  3.52367e+01 | 18  0.00300  2.92650e+01
 19 -0.02128  3.03719e+01 | 20  0.04578  2.42327e+00 | 21  0.04864 -8.90669e-02
 22 -0.06483 -6.30092e+00 | 23 -0.04473 -4.46014e+00 | 24 -0.09737 -9.21862e+00
 25  0.01690 -1.46987e+01 | 26 -0.01241  3.33540e-01 | 27 -0.01664 -9.64172e+00
 28  0.06683  3.95481e+00 | 29  0.01170  6.88237e+00 | 30  0.04765  1.37117e+01
 31 -0.02035  7.79993e+00 | 32  0.03384 -1.19392e+00 | 33  0.04186 -2.91625e+00
 34  0.03231  1.01110e+01 | 35  0.03652  6.90059e+00 | 36  0.00829  1.20354e+01
 37  0.02487  2.62123e+01 | 38 -0.00643 -9.43387e+00 | 39  0.26289  2.52479e+02
 40  0.25824  3.13124e+00 | 41  0.27294  4.90956e+00 | 42  0.21329 -1.04518e+01
 43 -0.34549  6.88459e+00 | 44 -0.85179  1.68751e-02 | 45 -0.44967 -2.68456e-03
 46 -0.84755 -1.28476e-02 | 47 -0.63456  1.73754e+01 | 48 -0.67104 -1.86579e+01
 49 -0.69832 -3.75133e+00 | 50 -0.63235  2.86483e+00 | 51 -0.28415 -6.91518e+01
 52  0.08426 -1.30728e-01 | 53 -0.09982  5.88359e+00 | 54 -0.07213 -1.60320e+01
 55  0.67897  1.53455e-03 | 56  0.63444  3.31412e-03 |
Maximum number of function evaluations exceeded

 - final statistics:
56 variables; iteration 70; function evaluation 100
Function value 1.4106e+02; maximum gradient component mag 5.1673e+01
Exit code = 3;  converg criter 1.0000e+00
Var    Value     Gradient |Var    Value     Gradient |Var    Value     Gradient
  1  0.13534  5.16732e+01 |  2 -0.16342  7.97869e-02 |  3 -0.00098 -1.22024e+00
  4 -0.02463  4.94610e-02 |  5  0.01727 -3.92461e-01 |  6 -0.06297 -1.95682e+00
  7 -0.10756 -1.59440e+00 |  8 -0.05104 -1.73950e+00 |  9 -0.06739 -7.51313e-01
 10  0.04293  1.01608e-02 | 11  0.01107  2.65646e+00 | 12  0.06240  6.57509e+00
 13  0.00245  1.09659e+00 | 14 -0.01157  2.47849e+00 | 15  0.07860  6.37603e+00
 16  0.02368  8.99043e+00 | 17 -0.04934  1.20104e+01 | 18  0.00148 -3.94926e+00
 19 -0.02225 -4.52409e+00 | 20  0.04566 -1.78468e+00 | 21  0.04859 -1.07064e+00
 22 -0.06428 -3.91917e-01 | 23 -0.04457 -4.78237e-01 | 24 -0.09733 -1.06783e+00
 25  0.01618 -4.75467e-01 | 26 -0.01374 -8.90676e-01 | 27 -0.01657  6.99774e-02
 28  0.06656  1.22899e+00 | 29  0.01101 -6.66474e-01 | 30  0.04712 -5.43704e-01
 31 -0.02129 -6.55841e-01 | 32  0.03427 -9.85684e-01 | 33  0.04277 -1.24626e+00
 34  0.03078 -1.94866e+00 | 35  0.03676 -2.70733e+00 | 36  0.00769 -3.89327e+00
 37  0.02347 -6.24138e+00 | 38 -0.00423 -5.60775e-01 | 39  0.26113  5.84790e+00
 40  0.25827 -5.78806e-01 | 41  0.27307  6.05636e-01 | 42  0.21332 -6.90004e-02
 43 -0.34690  1.40987e+00 | 44 -0.73727  4.07693e-03 | 45 -0.41491 -2.40134e-03
 46 -0.93709 -3.13720e-02 | 47 -0.66325  1.45268e+00 | 48 -0.69608 -1.48972e+00
 49 -0.55127 -1.96995e+01 | 50 -0.45732  1.59611e+01 | 51 -0.28603 -4.54177e+00
 52  0.17466 -1.34306e-02 | 53 -0.09922 -1.39066e+00 | 54 -0.07143  7.57843e-01
 55  0.65709  2.91237e-04 | 56  0.57828  1.50417e-03 |

Initial statistics: 58 variables; iteration 0; function evaluation 0; phase 4
Function value 1.4105504e+02; maximum gradient component mag 2.4293e+02
Var    Value     Gradient |Var    Value     Gradient |Var    Value     Gradient
  1  0.13534  5.16732e+01 |  2 -0.16342  7.97869e-02 |  3 -0.00098 -1.22024e+00
  4 -0.02463  4.94610e-02 |  5  0.01727 -3.92461e-01 |  6 -0.06297 -1.99941e+00
  7 -0.10756 -1.63659e+00 |  8 -0.05104 -1.78217e+00 |  9 -0.06739 -7.93874e-01
 10  0.04293 -3.25426e-02 | 11  0.01107  2.61367e+00 | 12  0.06240  6.53250e+00
 13  0.00245  1.05379e+00 | 14 -0.01157  2.43570e+00 | 15  0.07860  6.33356e+00
 16  0.02368  8.94766e+00 | 17 -0.04934  1.19678e+01 | 18  0.00148 -3.99206e+00
 19 -0.02225 -4.56686e+00 | 20  0.04566 -1.82738e+00 | 21  0.04859 -1.11331e+00
 22 -0.06428 -4.34500e-01 | 23 -0.04457 -5.20933e-01 | 24 -0.09733 -1.11013e+00
 25  0.01618 -5.18254e-01 | 26 -0.01374 -9.33467e-01 | 27 -0.01657  2.71913e-02
 28  0.06656  1.18642e+00 | 29  0.01101 -7.09268e-01 | 30  0.04712 -5.86387e-01
 31 -0.02130 -6.98618e-01 | 32  0.03427 -1.02842e+00 | 33  0.04277 -1.28896e+00
 34  0.03078 -1.99141e+00 | 35  0.03676 -2.75006e+00 | 36  0.00769 -3.93607e+00
 37  0.02347 -6.28416e+00 | 38 -0.00423 -6.03574e-01 | 39  0.26113  5.84790e+00
 40  0.25827 -5.78806e-01 | 41  0.27307  6.05636e-01 | 42  0.21332 -6.90004e-02
 43 -0.34690  1.40987e+00 | 44 -0.73727  4.07693e-03 | 45 -0.41491 -2.40134e-03
 46 -0.93709 -3.13720e-02 | 47 -0.66325  1.45268e+00 | 48 -0.69608 -1.48972e+00
 49 -0.55127 -1.96995e+01 | 50 -0.45732  1.59611e+01 | 51 -0.28603 -4.54177e+00
 52  0.17466 -1.34306e-02 | 53 -0.09922 -1.39066e+00 | 54 -0.07143  7.57843e-01
 55  0.65709  2.91237e-04 | 56  0.57828  1.50417e-03 | 57 -0.05795  2.42930e+02
 58 -0.17585 -2.36048e+02 |

Intermediate statistics: 58 variables; iteration 20; function evaluation 28; phase 4
Function value 1.3637836e+02; maximum gradient component mag 6.5285e+02
Var    Value     Gradient |Var    Value     Gradient |Var    Value     Gradient
  1  0.13564  6.52855e+02 |  2 -0.16383  8.57016e-01 |  3 -0.00144  5.85959e+00
  4 -0.02504  1.18003e+01 |  5  0.01728  2.46071e+01 |  6 -0.06332 -2.45600e+00
  7 -0.10781 -9.50093e-01 |  8 -0.05114  6.85260e+00 |  9 -0.06733 -1.00581e+01
 10  0.04278 -1.34078e+01 | 11  0.01006 -1.72007e+01 | 12  0.06098 -3.38959e+01
 13  0.00176 -1.31995e+01 | 14 -0.01165 -5.49969e-01 | 15  0.07899  1.35840e+01
 16  0.02502  1.78174e+01 | 17 -0.04625  1.17505e+01 | 18 -0.00289  8.72322e+00
 19 -0.02149  1.79097e+01 | 20  0.04406 -4.32895e+00 | 21  0.04706 -3.00527e+00
 22 -0.06219  2.82017e+00 | 23 -0.04579  3.21444e+00 | 24 -0.09997  8.98553e+00
 25  0.01758  7.89371e+01 | 26 -0.01374 -3.66697e+01 | 27 -0.02088 -7.04872e+01
 28  0.06600 -8.03694e+00 | 29  0.01230  1.10143e+01 | 30  0.04781  1.73864e+00
 31 -0.02157 -4.67939e+00 | 32  0.03604 -5.55407e+00 | 33  0.04403 -4.60421e+00
 34  0.03050 -5.50501e+00 | 35  0.03654  1.56803e+00 | 36  0.00672  1.46191e+01
 37  0.02231  3.42455e+01 | 38  0.00474  1.30060e+00 | 39  0.26066  2.01825e+02
 40  0.25523 -7.13738e+01 | 41  0.27299  2.64303e+01 | 42  0.21297  1.40580e+01
 43 -0.34751  6.10439e+00 | 44 -0.73727  4.35160e-02 | 45 -0.41491 -2.40129e-03
 46 -0.93701 -3.13338e-02 | 47 -0.66371 -3.09158e+01 | 48 -0.69538  3.43948e+01
 49 -0.54837 -7.56652e+00 | 50 -0.45423  7.83542e+00 | 51 -0.28996 -5.44761e+01
 52  0.17471 -3.40343e-01 | 53 -0.11626 -5.62087e+01 | 54 -0.08467  9.64274e+01
 55  0.65709  1.53613e-04 | 56  0.57827  1.41181e-03 | 57 -0.08382  2.21898e+01
 58 -0.16565 -7.68659e+01 |
58 variables; iteration 40; function evaluation 52; phase 4
Function value 1.3608238e+02; maximum gradient component mag 4.7535e+02
Var    Value     Gradient |Var    Value     Gradient |Var    Value     Gradient
  1  0.13562  4.75347e+02 |  2 -0.16180  1.77873e+00 |  3 -0.00268  1.16878e+00
  4 -0.02441  1.18907e+01 |  5  0.01726  2.10082e+01 |  6 -0.06361 -1.27366e+00
  7 -0.10936 -2.76076e+00 |  8 -0.05030  7.76078e+00 |  9 -0.06912 -8.39099e+00
 10  0.04122 -1.39207e+01 | 11  0.01174 -1.24906e+01 | 12  0.06348 -3.16422e+01
 13  0.00104 -1.17208e+01 | 14 -0.01144  1.53904e+00 | 15  0.07898  1.29943e+01
 16  0.02426  1.38392e+01 | 17 -0.04536  1.47272e+01 | 18 -0.00269  8.12837e+00
 19 -0.02198  1.25978e+01 | 20  0.04487  2.61741e+00 | 21  0.04793  4.66480e+00
 22 -0.06295  2.78165e+00 | 23 -0.04498  6.87990e+00 | 24 -0.09987  8.81212e+00
 25  0.01702  6.35332e+01 | 26 -0.01327 -2.61129e+01 | 27 -0.02038 -5.28005e+01
 28  0.06613 -5.27873e-02 | 29  0.01131  1.10281e+01 | 30  0.04857  7.19262e+00
 31 -0.02173 -3.26376e+00 | 32  0.03580 -7.08506e+00 | 33  0.04469 -2.46956e-01
 34  0.03092 -1.38121e+00 | 35  0.03643 -3.29988e-01 | 36  0.00675  1.78837e+01
 37  0.02241  3.95514e+01 | 38  0.00439 -1.17442e+00 | 39  0.26035  1.46471e+02
 40  0.25508 -1.30651e+02 | 41  0.27297  2.31940e+01 | 42  0.21295  1.15825e+01
 43 -0.34754  6.34718e+00 | 44 -0.73639  4.58002e-02 | 45 -0.41433 -2.39681e-03
 46 -0.92959 -2.80643e-02 | 47 -0.65301 -2.72345e+01 | 48 -0.68581  3.04642e+01
 49 -0.52455 -5.89889e+00 | 50 -0.42994  1.00422e+01 | 51 -0.29025 -3.91281e+01
 52  0.20860 -2.42252e-01 | 53 -0.18217  7.10701e+01 | 54 -0.08668 -2.35225e+01
 55  0.65705  1.33494e-04 | 56  0.57793  1.40732e-03 | 57 -0.02212  3.15209e+01
 58 -0.09935  4.20259e+01 |
58 variables; iteration 60; function evaluation 81; phase 4
Function value 1.3514290e+02; maximum gradient component mag 2.3397e+01
Var    Value     Gradient |Var    Value     Gradient |Var    Value     Gradient
  1  0.13570  2.33971e+01 |  2 -0.16413  9.83795e-02 |  3 -0.00153  9.54476e-02
  4 -0.02548  2.11280e-01 |  5  0.01644  4.52764e-01 |  6 -0.06361 -2.34200e-01
  7 -0.10839 -7.45288e-01 |  8 -0.05154  2.23094e-01 |  9 -0.06687 -1.20743e-01
 10  0.04355 -5.72563e-01 | 11  0.01142 -6.05861e-01 | 12  0.06378 -1.14045e+00
 13  0.00162  4.61351e-01 | 14 -0.01189  2.28691e-01 | 15  0.07809  2.25459e+00
 16  0.02404  2.65235e+00 | 17 -0.04677  2.94685e+00 | 18 -0.00344 -8.96290e-01
 19 -0.02175 -1.50439e+00 | 20  0.04392  3.96655e-01 | 21  0.04712 -2.94395e-01
 22 -0.06304 -3.18338e-01 | 23 -0.04506 -4.85074e-01 | 24 -0.09912 -3.59144e-01
 25  0.01523  4.94012e-01 | 26 -0.01249 -5.45406e-01 | 27 -0.01847 -1.06003e+00
 28  0.06534 -1.09082e+00 | 29  0.01025 -5.85892e-01 | 30  0.04796 -2.00225e-01
 31 -0.02130 -5.57488e-02 | 32  0.03638 -8.33729e-01 | 33  0.04450  6.48428e-01
 34  0.03083 -2.18900e-01 | 35  0.03736  1.87061e-01 | 36  0.00655  6.93217e-01
 37  0.02148  1.19133e+00 | 38  0.00365  1.61849e-01 | 39  0.26034  3.19023e+00
 40  0.25499 -1.80442e+00 | 41  0.27287  9.23510e-01 | 42  0.21285 -1.61708e-01
 43 -0.34852  9.28872e-01 | 44 -0.64194  5.36058e-03 | 45 -0.38027 -1.91971e-03
 46 -0.70606  3.45620e-03 | 47 -0.71481 -5.20477e-01 | 48 -0.74216  5.64390e-01
 49 -0.52422 -1.16841e-01 | 50 -0.43349  3.39277e-01 | 51 -0.28836 -7.04675e-01
 52  0.31139 -1.16144e-03 | 53 -0.13375 -1.29081e+01 | 54 -0.12042  1.43642e+01
 55  0.65543  3.09112e-05 | 56  0.56002  7.44048e-04 | 57 -0.12678 -3.86139e+00
 58 -0.17485 -8.91287e+00 |
58 variables; iteration 80; function evaluation 103; phase 4
Function value 1.3513547e+02; maximum gradient component mag -2.7974e+01
Var    Value     Gradient |Var    Value     Gradient |Var    Value     Gradient
  1  0.13570  4.05334e+00 |  2 -0.16430  8.40695e-03 |  3 -0.00150  4.57374e-02
  4 -0.02546  3.02222e-02 |  5  0.01645  7.01458e-02 |  6 -0.06356 -8.42094e-03
  7 -0.10811 -3.66274e-02 |  8 -0.05169 -1.33605e-02 |  9 -0.06702 -2.81206e-02
 10  0.04361 -6.38166e-02 | 11  0.01146 -5.95342e-02 | 12  0.06385 -7.60399e-02
 13  0.00148 -1.64782e-02 | 14 -0.01180 -5.01788e-02 | 15  0.07799 -3.00908e-02
 16  0.02404 -6.01398e-02 | 17 -0.04700 -4.06027e-02 | 18 -0.00338  1.51763e-01
 19 -0.02160  1.98482e-01 | 20  0.04376  2.71047e-02 | 21  0.04712  2.95157e-03
 22 -0.06301 -3.52460e-02 | 23 -0.04506  2.08503e-02 | 24 -0.09911  1.77259e-02
 25  0.01525  3.11922e-02 | 26 -0.01250 -4.79995e-02 | 27 -0.01844  1.46743e-02
 28  0.06536  8.63838e-02 | 29  0.01026  4.59937e-02 | 30  0.04794  2.81532e-02
 31 -0.02132 -5.81328e-03 | 32  0.03648 -5.89804e-02 | 33  0.04434 -3.25560e-03
 34  0.03088 -2.45908e-02 | 35  0.03740 -9.44005e-03 | 36  0.00652  5.43593e-02
 37  0.02150  1.69552e-01 | 38  0.00366 -7.23001e-02 | 39  0.26035  3.82595e-01
 40  0.25504 -5.47741e-01 | 41  0.27287  1.26147e-01 | 42  0.21286  6.96972e-02
 43 -0.35516  2.98932e-01 | 44 -0.22516  4.75120e-03 | 45 -0.04519 -7.73244e-05
 46 -0.72311 -1.38768e-03 | 47 -0.69753 -8.42080e-02 | 48 -0.72660  8.89075e-02
 49 -0.52450 -3.55807e-03 | 50 -0.43394  1.15660e-02 | 51 -0.28821 -1.14212e-01
 52  0.28015  1.09332e-03 | 53 -0.12518  2.71998e+01 | 54 -0.17084 -2.79742e+01
 55  0.65485  6.98095e-06 | 56  0.52058 -1.00828e-03 | 57 -0.21925  8.08215e+00
 58 -0.22370  1.79761e+01 |
58 variables; iteration 100; function evaluation 138; phase 4
Function value 1.3513530e+02; maximum gradient component mag -2.9517e+02
Var    Value     Gradient |Var    Value     Gradient |Var    Value     Gradient
  1  0.13570  4.64871e-01 |  2 -0.16432 -8.86396e-03 |  3 -0.00151  3.70735e-03
  4 -0.02546  1.23580e-03 |  5  0.01646  5.13839e-03 |  6 -0.06357 -6.48191e-03
  7 -0.10810 -1.69480e-03 |  8 -0.05169 -2.44147e-03 |  9 -0.06703 -2.75780e-03
 10  0.04362  8.30238e-03 | 11  0.01146 -9.58641e-03 | 12  0.06385 -3.63495e-03
 13  0.00147  3.21694e-03 | 14 -0.01181 -3.02434e-03 | 15  0.07799  1.76763e-02
 16  0.02405  1.85690e-02 | 17 -0.04699  1.71683e-02 | 18 -0.00339 -1.68751e-03
 19 -0.02160  6.65707e-03 | 20  0.04375 -7.53052e-03 | 21  0.04712 -6.73260e-03
 22 -0.06301 -5.79091e-03 | 23 -0.04507 -1.36258e-02 | 24 -0.09911 -1.33443e-02
 25  0.01525 -4.25244e-03 | 26 -0.01249 -5.39825e-03 | 27 -0.01844 -1.06076e-02
 28  0.06536  2.95399e-02 | 29  0.01026  1.57928e-03 | 30  0.04794  1.77353e-04
 31 -0.02132 -3.46825e-03 | 32  0.03648 -5.97147e-03 | 33  0.04434 -6.86188e-04
 34  0.03088  5.97204e-04 | 35  0.03740  2.06393e-03 | 36  0.00652  3.47742e-03
 37  0.02150 -2.76998e-03 | 38  0.00365  4.70071e-04 | 39  0.26035  5.27383e-02
 40  0.25504  3.11993e-02 | 41  0.27287  7.10748e-03 | 42  0.21286  2.24065e-04
 43 -0.35667  4.33502e-02 | 44 -0.15119  1.63507e-04 | 45  0.01011  2.18692e-04
 46 -0.72312 -6.65145e-04 | 47 -0.69135  2.00522e-02 | 48 -0.72103 -1.95777e-02
 49 -0.52451 -1.93560e-04 | 50 -0.43396 -5.21748e-04 | 51 -0.28789  2.42442e-03
 52  0.21220  1.17240e-03 | 53 -0.12595 -1.59006e+02 | 54 -0.17581 -6.23285e+00
 55  0.65437 -2.25591e-05 | 56  0.57045  1.14462e-03 | 57 -0.22682  1.43187e+02
 58 -0.22686 -2.95166e+02 |
  ic > imax  in fminim is answer attained ?
Var    Value     Gradient |Var    Value     Gradient |Var    Value     Gradient
  1  0.13570  3.18642e-01 |  2 -0.16433 -1.12257e-02 |  3 -0.00151  3.32879e-03
  4 -0.02546  2.10159e-04 |  5  0.01646  5.05363e-03 |  6 -0.06357 -6.33606e-03
  7 -0.10811 -3.71038e-04 |  8 -0.05169  1.41456e-04 |  9 -0.06703  8.98537e-07
 10  0.04363  1.30581e-02 | 11  0.01146 -9.39408e-03 | 12  0.06385 -4.33098e-03
 13  0.00147  5.49610e-03 | 14 -0.01181 -2.24765e-03 | 15  0.07799  1.81386e-02
 16  0.02405  1.63624e-02 | 17 -0.04699  1.60210e-02 | 18 -0.00339 -3.78700e-03
 19 -0.02160  5.46702e-03 | 20  0.04375 -1.06962e-02 | 21  0.04712 -1.57669e-02
 22 -0.06301 -5.65832e-03 | 23 -0.04507 -2.72857e-02 | 24 -0.09911 -2.26810e-02
 25  0.01525  1.08881e-02 | 26 -0.01249 -1.54094e-02 | 27 -0.01844 -3.25158e-02
 28  0.06536  4.39256e-02 | 29  0.01026  1.55459e-02 | 30  0.04794  2.80072e-03
 31 -0.02132 -1.24936e-03 | 32  0.03648 -7.09182e-03 | 33  0.04434  7.16823e-04
 34  0.03088  2.15974e-03 | 35  0.03740  2.33138e-03 | 36  0.00652  8.94896e-03
 37  0.02150  4.23587e-03 | 38  0.00365 -3.79636e-04 | 39  0.26035  3.23835e-02
 40  0.25504  2.69607e-02 | 41  0.27287  8.18302e-03 | 42  0.21286  9.59610e-04
 43 -0.35669  3.76522e-02 | 44 -0.14982  5.48431e-05 | 45  0.01051  2.16751e-04
 46 -0.72341 -8.08558e-04 | 47 -0.69085  2.10378e-02 | 48 -0.72058 -1.99183e-02
 49 -0.52452 -4.51772e-04 | 50 -0.43396 -4.35739e-04 | 51 -0.28788  6.80265e-03
 52  0.21033  1.18091e-03 | 53 -0.12594 -8.04358e+02 | 54 -0.17582  8.44090e+02
 55  0.65454 -1.20915e-05 | 56  0.56689  1.01094e-03 | 57 -0.22685 -2.59117e+02
 58 -0.22688 -5.09701e+02 |
Function minimizer not making progress ... is minimum attained?
Minimprove criterion = 0.0000e+00

 - final statistics:
58 variables; iteration 103; function evaluation 180
Function value 1.3514e+02; maximum gradient component mag 8.4409e+02
Exit code = 1;  converg criter 1.0000e-04
Var    Value     Gradient |Var    Value     Gradient |Var    Value     Gradient
  1  0.13570  3.18642e-01 |  2 -0.16433 -1.12257e-02 |  3 -0.00151  3.32879e-03
  4 -0.02546  2.10159e-04 |  5  0.01646  5.05363e-03 |  6 -0.06357 -6.33606e-03
  7 -0.10811 -3.71038e-04 |  8 -0.05169  1.41456e-04 |  9 -0.06703  8.98537e-07
 10  0.04363  1.30581e-02 | 11  0.01146 -9.39408e-03 | 12  0.06385 -4.33098e-03
 13  0.00147  5.49610e-03 | 14 -0.01181 -2.24765e-03 | 15  0.07799  1.81386e-02
 16  0.02405  1.63624e-02 | 17 -0.04699  1.60210e-02 | 18 -0.00339 -3.78700e-03
 19 -0.02160  5.46702e-03 | 20  0.04375 -1.06962e-02 | 21  0.04712 -1.57669e-02
 22 -0.06301 -5.65832e-03 | 23 -0.04507 -2.72857e-02 | 24 -0.09911 -2.26810e-02
 25  0.01525  1.08881e-02 | 26 -0.01249 -1.54094e-02 | 27 -0.01844 -3.25158e-02
 28  0.06536  4.39256e-02 | 29  0.01026  1.55459e-02 | 30  0.04794  2.80072e-03
 31 -0.02132 -1.24936e-03 | 32  0.03648 -7.09182e-03 | 33  0.04434  7.16823e-04
 34  0.03088  2.15974e-03 | 35  0.03740  2.33138e-03 | 36  0.00652  8.94896e-03
 37  0.02150  4.23587e-03 | 38  0.00365 -3.79636e-04 | 39  0.26035  3.23835e-02
 40  0.25504  2.69607e-02 | 41  0.27287  8.18302e-03 | 42  0.21286  9.59610e-04
 43 -0.35669  3.76522e-02 | 44 -0.14982  5.48431e-05 | 45  0.01051  2.16751e-04
 46 -0.72341 -8.08558e-04 | 47 -0.69085  2.10378e-02 | 48 -0.72058 -1.99183e-02
 49 -0.52452 -4.51772e-04 | 50 -0.43396 -4.35739e-04 | 51 -0.28788  6.80265e-03
 52  0.21033  1.18091e-03 | 53 -0.12594 -8.04358e+02 | 54 -0.17582  8.44090e+02
 55  0.65454 -1.20915e-05 | 56  0.56689  1.01094e-03 | 57 -0.22685 -2.59117e+02
 58 -0.22688 -5.09701e+02 |
Estimating row 1 out of 58 for hessian
Estimating row 2 out of 58 for hessian
Estimating row 3 out of 58 for hessian
Estimating row 4 out of 58 for hessian
Estimating row 5 out of 58 for hessian
Estimating row 6 out of 58 for hessian
Estimating row 7 out of 58 for hessian
Estimating row 8 out of 58 for hessian
Estimating row 9 out of 58 for hessian
Estimating row 10 out of 58 for hessian
Estimating row 11 out of 58 for hessian
Estimating row 12 out of 58 for hessian
Estimating row 13 out of 58 for hessian
Estimating row 14 out of 58 for hessian
Estimating row 15 out of 58 for hessian
Estimating row 16 out of 58 for hessian
Estimating row 17 out of 58 for hessian
Estimating row 18 out of 58 for hessian
Estimating row 19 out of 58 for hessian
Estimating row 20 out of 58 for hessian
Estimating row 21 out of 58 for hessian
Estimating row 22 out of 58 for hessian
Estimating row 23 out of 58 for hessian
Estimating row 24 out of 58 for hessian
Estimating row 25 out of 58 for hessian
Estimating row 26 out of 58 for hessian
Estimating row 27 out of 58 for hessian
Estimating row 28 out of 58 for hessian
Estimating row 29 out of 58 for hessian
Estimating row 30 out of 58 for hessian
Estimating row 31 out of 58 for hessian
Estimating row 32 out of 58 for hessian
Estimating row 33 out of 58 for hessian
Estimating row 34 out of 58 for hessian
Estimating row 35 out of 58 for hessian
Estimating row 36 out of 58 for hessian
Estimating row 37 out of 58 for hessian
Estimating row 38 out of 58 for hessian
Estimating row 39 out of 58 for hessian
Estimating row 40 out of 58 for hessian
Estimating row 41 out of 58 for hessian
Estimating row 42 out of 58 for hessian
Estimating row 43 out of 58 for hessian
Estimating row 44 out of 58 for hessian
Estimating row 45 out of 58 for hessian
Estimating row 46 out of 58 for hessian
Estimating row 47 out of 58 for hessian
Estimating row 48 out of 58 for hessian
Estimating row 49 out of 58 for hessian
Estimating row 50 out of 58 for hessian
Estimating row 51 out of 58 for hessian
Estimating row 52 out of 58 for hessian
Estimating row 53 out of 58 for hessian
Estimating row 54 out of 58 for hessian
Estimating row 55 out of 58 for hessian
Estimating row 56 out of 58 for hessian
Estimating row 57 out of 58 for hessian
Estimating row 58 out of 58 for hessian
Warning -- Hessian does not appear to be positive definite
size of file gradfil1.tmp = 0
size of file gradfil2.tmp = 0
size of file varssave.tmp = 0
size of file cmpdiff.tmp = 0
