
Initial statistics: 16 variables; iteration 0; function evaluation 0; phase 1
Function value 5.2605329e+03; maximum gradient component mag 3.4640e+04
Var    Value     Gradient |Var    Value     Gradient |Var    Value     Gradient
  1 -0.07231 -1.99784e+03 |  2  0.39650  3.46401e+04 |  3  0.10660  8.19006e+03
  4  0.10660  6.02710e+03 |  5  0.10660  2.62130e+03 |  6  0.10660  4.07841e+03
  7  0.00000 -8.11261e+01 |  8  0.00000  3.13686e+01 |  9  0.00000 -1.20624e+02
 10  0.00000  3.69439e+01 | 11  0.00000  3.07486e+02 | 12  0.00000 -2.96129e+02
 13  0.00000  5.27892e+00 | 14  0.00000  9.64702e+01 | 15  0.00000 -1.05390e+02
 16  0.00000  7.37166e+00 |

Intermediate statistics: 16 variables; iteration 20; function evaluation 54; phase 1
Function value 7.2914286e+02; maximum gradient component mag 2.1053e+03
Var    Value     Gradient |Var    Value     Gradient |Var    Value     Gradient
  1 -0.28054 -2.81657e+02 |  2  0.14532  1.55015e+03 |  3  0.26899  2.10532e+03
  4  0.23887  8.79487e+02 |  5  0.43748  7.71025e+02 |  6  0.17158  6.63333e+02
  7  0.02552 -1.02254e+01 |  8  1.49095 -9.07103e-02 |  9 -0.05545 -7.75840e+01
 10 -0.76877 -5.48190e+00 | 11 -0.62712 -2.62559e+02 | 12  1.06131 -4.02535e-02
 13 -0.50518 -2.01881e+00 | 14 -0.36601 -5.16562e+01 | 15 -0.04011 -3.09848e+01
 16 -0.42740  6.79495e+00 |
16 variables; iteration 40; function evaluation 78; phase 1
Function value 3.0096014e+02; maximum gradient component mag 7.7924e+02
Var    Value     Gradient |Var    Value     Gradient |Var    Value     Gradient
  1  1.43937 -2.11231e+01 |  2  0.20193  7.79240e+02 |  3  0.10206  1.55772e+02
  4  0.04510  4.27877e+01 |  5  0.12157  2.50753e+01 |  6  0.06661  7.94158e+01
  7  0.21124 -1.84388e+00 |  8  2.19246  8.16353e+00 |  9  1.11330 -1.16355e-02
 10  0.01883  9.86475e-01 | 11 -0.49563  4.98799e+01 | 12  0.42609 -1.02265e-01
 13 -5.55731  1.83105e+00 | 14 -0.29349 -1.25357e+01 | 15  0.72109  1.50614e-02
 16 -2.33118 -2.54560e-02 |
Maximum number of function evaluations exceeded

 - final statistics:
16 variables; iteration 57; function evaluation 100
Function value 2.9337e+02; maximum gradient component mag 1.5008e+02
Exit code = 3;  converg criter 1.0000e+01
Var    Value     Gradient |Var    Value     Gradient |Var    Value     Gradient
  1  1.70450  4.60000e+00 |  2  0.19497  1.50080e+02 |  3  0.10344  2.51763e+00
  4  0.05267 -5.53275e-01 |  5  0.12757 -1.09986e+00 |  6  0.06942  1.89088e+01
  7  0.26142 -1.23671e+00 |  8  2.17886 -2.03576e-01 |  9  1.06283 -2.79873e-02
 10 -0.25520  8.10689e-01 | 11 -0.50827 -1.13875e+01 | 12  1.36496  9.06709e-03
 13 -4.28307  3.53787e+00 | 14 -0.29430 -1.75920e+01 | 15  0.57914  1.88305e-02
 16 -1.60715 -9.20151e-01 |

Initial statistics: 56 variables; iteration 0; function evaluation 0; phase 2
Function value 2.9336904e+02; maximum gradient component mag -8.2741e+02
Var    Value     Gradient |Var    Value     Gradient |Var    Value     Gradient
  1  0.29550 -4.60000e+00 |  2  0.19497  1.50080e+02 |  3  0.00000  3.87575e+01
  4  0.00000 -4.07710e+01 |  5  0.00000  5.50246e+01 |  6  0.00000 -5.79745e+01
  7  0.00000 -2.45642e+01 |  8  0.00000  5.35092e+01 |  9  0.00000  7.64271e+00
 10  0.00000  1.13597e+01 | 11  0.00000 -7.04108e+01 | 12  0.00000  2.04869e+01
 13  0.00000 -3.84855e+01 | 14  0.00000  1.39749e+01 | 15  0.00000  2.12026e+00
 16  0.00000 -8.30397e+01 | 17  0.00000  2.46118e+01 | 18  0.00000  1.06720e+02
 19  0.00000  2.01097e+00 | 20  0.00000  6.22804e+01 | 21  0.00000 -1.72264e+02
 22  0.00000 -1.82959e+02 | 23  0.00000  6.10210e+01 | 24  0.00000 -5.58711e+00
 25  0.00000  2.08699e+02 | 26  0.00000  6.04157e+00 | 27  0.00000 -2.41692e+00
 28  0.00000  8.29706e+00 | 29  0.00000 -2.10455e+02 | 30  0.00000  1.55692e+02
 31  0.00000 -2.83049e+02 | 32  0.00000  2.45774e+02 | 33  0.00000 -3.24863e+02
 34  0.00000  2.98928e+01 | 35  0.00000 -2.26859e+02 | 36  0.00000  6.24240e+01
 37  0.00000  2.80576e+02 | 38  0.00000  1.12210e+02 | 39  0.00000  1.49607e+02
 40  0.10344  2.51763e+00 | 41  0.05267 -5.53275e-01 | 42  0.12757 -1.09986e+00
 43  0.06942  1.89088e+01 | 44  0.26142 -1.23671e+00 | 45 -0.17886  2.03576e-01
 46  0.93717  2.79873e-02 | 47 -0.25520  8.10689e-01 | 48 -0.50827 -1.13875e+01
 49  0.63504 -9.06709e-03 | 50 -0.28307  3.53787e+00 | 51 -0.29430 -1.75920e+01
 52  0.57914  1.88305e-02 | 53 -0.39285  9.20151e-01 | 54 -0.32288 -6.14143e+00
 55  0.21635 -1.88393e-01 | 56 -0.17585 -8.27411e+02 |

Intermediate statistics: 56 variables; iteration 20; function evaluation 25; phase 2
Function value 1.7374006e+02; maximum gradient component mag 4.2965e+02
Var    Value     Gradient |Var    Value     Gradient |Var    Value     Gradient
  1  0.59706  2.20206e+01 |  2  0.18362 -4.20821e+02 |  3 -0.00305  2.26409e+01
  4  0.03351  1.52139e+00 |  5 -0.02084 -1.02770e+01 |  6  0.05067 -1.42010e+00
  7  0.02956 -2.44971e+01 |  8 -0.02706 -2.10896e+01 |  9 -0.00752 -2.12117e+01
 10  0.00031 -3.10339e+01 | 11  0.04914 -3.86252e+01 | 12 -0.00145 -4.49431e+01
 13  0.02970 -3.46645e+01 | 14 -0.00222 -3.63977e+01 | 15  0.00233 -3.66482e+01
 16  0.05297 -2.63203e+01 | 17 -0.01009 -3.97377e+01 | 18 -0.06677 -3.38172e+01
 19 -0.01461 -5.13462e+01 | 20 -0.03684 -3.71492e+01 | 21  0.07296 -4.93635e+01
 22  0.06909 -6.16217e+01 | 23 -0.02001 -2.01882e+01 | 24 -0.01047 -6.50671e+01
 25 -0.09843 -2.77337e+01 | 26 -0.02645 -4.31330e+01 | 27 -0.00538 -2.69560e+01
 28 -0.01021 -4.96635e+01 | 29 -0.00120 -1.69600e+02 | 30 -0.00281  9.01873e+01
 31  0.02188 -2.23832e+02 | 32  0.00114  1.24891e+02 | 33  0.00219 -2.47684e+02
 34  0.01112  9.73444e+00 | 35  0.02045 -1.60369e+02 | 36 -0.00236  3.36230e+01
 37 -0.02902  1.37035e+02 | 38 -0.01946  1.45904e+01 | 39 -0.00171  5.13872e+01
 40  0.10515 -1.90115e+02 | 41  0.06812 -1.60026e+02 | 42  0.18027  2.93244e+01
 43  0.14280  4.29652e+02 | 44  0.28511 -7.29646e-01 | 45 -0.08229 -2.08023e+00
 46  0.93647  2.84422e-02 | 47 -0.18499 -1.97109e+00 | 48 -0.53500 -3.57568e+01
 49  0.63512  1.31582e-02 | 50 -0.29356 -5.64137e-01 | 51 -0.30382 -5.61621e+00
 52  0.57851  3.28629e-02 | 53 -0.39618 -6.95708e-02 | 54 -0.38022  2.73068e+01
 55  0.18496  2.16870e+00 | 56 -0.04847 -2.67553e+02 |
56 variables; iteration 40; function evaluation 48; phase 2
Function value 1.5282820e+02; maximum gradient component mag -6.6667e+02
Var    Value     Gradient |Var    Value     Gradient |Var    Value     Gradient
  1  0.49312  1.87545e+01 |  2  0.17780 -6.66668e+02 |  3 -0.09829 -5.94054e+00
  4  0.01099  9.14873e+00 |  5 -0.04599 -1.00845e+01 |  6  0.00915 -2.00616e+01
  7 -0.01525 -1.82435e+01 |  8 -0.05105  1.52070e+01 |  9 -0.04122 -1.21651e+01
 10 -0.03450 -2.95406e+01 | 11  0.05274 -9.66210e+00 | 12  0.02582  6.02299e+00
 13  0.04572  1.11342e+00 | 14 -0.00436 -1.97716e+01 | 15 -0.01372 -3.77011e+01
 16  0.05764 -6.12189e+00 | 17 -0.00425 -2.12793e+01 | 18 -0.05482 -3.58078e+00
 19 -0.00874 -2.92582e+01 | 20 -0.01610  1.38968e+01 | 21  0.08167 -1.67226e+01
 22  0.08006 -2.33867e+01 | 23 -0.02220 -1.86615e+01 | 24  0.00038 -2.58249e+01
 25 -0.09978 -1.87818e+01 | 26 -0.02303 -2.51718e+01 | 27 -0.01382 -2.05677e+01
 28 -0.00208 -1.16811e+01 | 29  0.01576 -9.42672e+01 | 30 -0.00987  1.38452e+01
 31  0.04528 -9.08777e+01 | 32 -0.00711  5.94658e+01 | 33  0.03590 -1.10686e+02
 34  0.01842 -1.28839e+00 | 35  0.03804 -8.06451e+01 | 36 -0.00096  1.01003e+01
 37 -0.03925  5.38551e+01 | 38 -0.02200 -9.69334e+00 | 39 -0.02745  3.19641e+01
 40  0.10216 -2.42737e+02 | 41  0.07695 -9.09752e+01 | 42  0.17830 -2.36966e+01
 43  0.13142  1.92564e+02 | 44  0.61091 -2.45873e-02 | 45  0.35376  1.51343e-02
 46  0.91985  2.09643e-02 | 47 -0.14244  5.27415e-01 | 48 -0.53788 -3.07099e+01
 49  0.63353  9.78263e-03 | 50 -0.34249 -1.10435e+00 | 51 -0.30726 -2.41260e+00
 52  0.55751  3.33932e-02 | 53 -0.36482  2.09536e-01 | 54 -0.39101  7.33688e+00
 55 -0.34926  9.86550e-01 | 56 -0.05192 -1.22873e+02 |
56 variables; iteration 60; function evaluation 84; phase 2
Function value 1.4376346e+02; maximum gradient component mag -5.5761e+01
Var    Value     Gradient |Var    Value     Gradient |Var    Value     Gradient
  1  0.41143  8.39376e-01 |  2  0.17975 -5.57613e+01 |  3 -0.08220 -1.23130e+00
  4  0.01748 -4.33260e-01 |  5 -0.02683 -2.39484e+00 |  6  0.03934  2.12835e+00
  7  0.01014  1.41025e-01 |  8 -0.04739 -1.97376e+00 |  9 -0.01905  2.65481e+00
 10 -0.00060 -9.28507e-01 | 11  0.06307  1.38821e+00 | 12  0.01956  1.80202e+00
 13  0.03712 -1.45655e+00 | 14  0.00363 -1.06975e+00 | 15  0.01035  1.47415e+00
 16  0.05093  3.31851e-01 | 17 -0.00601 -5.26587e-01 | 18 -0.06372 -1.41303e+00
 19 -0.00740 -1.38099e+00 | 20 -0.03231 -1.73046e+00 | 21  0.07625 -4.20793e-01
 22  0.07616  2.64488e-01 | 23 -0.02473 -2.42415e-01 | 24 -0.00299 -9.28125e-01
 25 -0.10039  8.67786e-01 | 26 -0.01884  1.33056e+00 | 27 -0.01159  2.66480e-02
 28 -0.01173  6.84803e-01 | 29  0.02336 -2.65918e+00 | 30 -0.01539 -1.37000e-01
 31  0.05101 -1.95160e+00 | 32 -0.02579  6.46590e-01 | 33  0.05240 -1.90548e+00
 34  0.01611 -4.11413e-01 | 35  0.04268 -2.09323e+00 | 36 -0.00806  4.93439e-02
 37 -0.05396  1.00807e+00 | 38 -0.02856  1.12871e+00 | 39 -0.05439  3.68198e+00
 40  0.10819 -3.08714e+00 | 41  0.08067 -2.87105e+00 | 42  0.17930 -2.30398e+00
 43  0.11722 -9.04730e-01 | 44  0.73583 -5.41389e-03 | 45 -0.10257  7.57689e-02
 46  0.84654  3.24367e-03 | 47 -0.20297  4.34254e-01 | 48 -0.52595 -1.72711e+00
 49  0.65995 -1.90456e-03 | 50 -0.30873  4.75180e-01 | 51 -0.30216  3.83343e+01
 52  0.05524 -4.03244e-01 | 53 -0.52433 -1.79981e-01 | 54 -0.35911  9.29626e-01
 55 -0.79409  4.24492e-02 | 56 -0.05646 -2.30585e+00 |

 - final statistics:
56 variables; iteration 67; function evaluation 93
Function value 1.4270e+02; maximum gradient component mag 9.7575e+00
Exit code = 1;  converg criter 1.0000e+01
Var    Value     Gradient |Var    Value     Gradient |Var    Value     Gradient
  1  0.46963  1.39003e-02 |  2  0.18054  9.75747e+00 |  3 -0.07838  2.18502e-01
  4  0.01747 -3.21809e-01 |  5 -0.02542  6.23549e-01 |  6  0.03760 -2.66234e-01
  7  0.01025 -5.44778e-01 |  8 -0.04525  3.24380e-01 |  9 -0.01968 -1.74546e-01
 10 -0.00004 -8.60048e-02 | 11  0.06162 -2.92799e-01 | 12  0.01767 -2.90887e-01
 13  0.03757  4.30833e-01 | 14  0.00402  2.46906e-01 | 15  0.00914 -6.00054e-01
 16  0.05012  9.33621e-02 | 17 -0.00599 -3.82379e-02 | 18 -0.06228  5.77103e-01
 19 -0.00645  8.21330e-02 | 20 -0.03172  6.56254e-01 | 21  0.07620  8.53746e-02
 22  0.07646  2.13009e-02 | 23 -0.02407 -8.92525e-02 | 24 -0.00151  3.76797e-02
 25 -0.10019 -1.92637e-01 | 26 -0.01916 -3.94538e-01 | 27 -0.01096 -1.04183e-02
 28 -0.01183 -4.68674e-03 | 29  0.02330  8.18596e-01 | 30 -0.01535 -1.50975e-01
 31  0.05116  3.01357e-01 | 32 -0.02570 -5.60164e-01 | 33  0.05262  6.51252e-01
 34  0.01638 -1.70621e-01 | 35  0.04316  1.09921e-01 | 36 -0.00835 -2.37384e-01
 37 -0.05479 -2.27708e-01 | 38 -0.02997 -3.83286e-01 | 39 -0.05643 -3.71391e-01
 40  0.10772  3.46900e+00 | 41  0.07963 -5.21970e-01 | 42  0.17887 -4.33210e-01
 43  0.11721  7.98820e-01 | 44  0.86443  1.03627e-02 | 45 -0.05652 -2.89080e-02
 46  0.74138 -1.40838e-02 | 47 -0.18372 -7.97304e-02 | 48 -0.52584  1.57924e-01
 49  0.75926  5.80517e-03 | 50 -0.29793  1.03577e-01 | 51 -0.35753  4.65112e-01
 52 -0.13761  3.95434e-01 | 53 -0.45884  7.13710e-02 | 54 -0.36190  4.93557e-01
 55 -1.22168 -2.17244e-02 | 56 -0.05545  2.61097e-01 |

Initial statistics: 59 variables; iteration 0; function evaluation 0; phase 3
Function value 1.4270365e+02; maximum gradient component mag -8.0777e+02
Var    Value     Gradient |Var    Value     Gradient |Var    Value     Gradient
  1  0.46963  1.39003e-02 |  2  0.18054  9.75747e+00 |  3 -0.07838  2.18502e-01
  4  0.01747 -3.21809e-01 |  5 -0.02542  6.23549e-01 |  6  0.03760 -2.66234e-01
  7  0.01025 -5.33223e-01 |  8 -0.04525  3.35907e-01 |  9 -0.01968 -1.62996e-01
 10 -0.00004 -7.44486e-02 | 11  0.06162 -2.81297e-01 | 12  0.01767 -2.79336e-01
 13  0.03757  4.42369e-01 | 14  0.00402  2.58462e-01 | 15  0.00914 -5.88499e-01
 16  0.05012  1.04883e-01 | 17 -0.00599 -2.66823e-02 | 18 -0.06228  5.88604e-01
 19 -0.00645  9.36885e-02 | 20 -0.03172  6.67796e-01 | 21  0.07620  9.68481e-02
 22  0.07646  3.27739e-02 | 23 -0.02407 -7.77046e-02 | 24 -0.00151  4.92358e-02
 25 -0.10019 -1.81223e-01 | 26 -0.01916 -3.82987e-01 | 27 -0.01096  1.13618e-03
 28 -0.01183  6.86742e-03 | 29  0.02330  8.30145e-01 | 30 -0.01535 -1.39422e-01
 31  0.05116  3.12875e-01 | 32 -0.02570 -5.48617e-01 | 33  0.05262  6.62768e-01
 34  0.01638 -1.59069e-01 | 35  0.04316  1.21450e-01 | 36 -0.00835 -2.25829e-01
 37 -0.05479 -2.16194e-01 | 38 -0.02997 -3.71743e-01 | 39 -0.05643 -3.59881e-01
 40  0.10772  3.46900e+00 | 41  0.07963 -5.21970e-01 | 42  0.17887 -4.33210e-01
 43  0.11721  7.98820e-01 | 44  0.86443  1.03627e-02 | 45 -0.05652 -2.89080e-02
 46  0.74138 -1.40838e-02 | 47 -0.18372 -7.97304e-02 | 48 -0.52584  1.57924e-01
 49  0.75926  5.80517e-03 | 50 -0.29793  1.03577e-01 | 51 -0.35753  4.65112e-01
 52 -0.13761  3.95434e-01 | 53 -0.45884  7.13710e-02 | 54 -0.36190  4.93557e-01
 55 -0.77832  2.17244e-02 | 56 -0.17585 -8.07770e+02 | 57 -0.12819 -3.72875e+02
 58 -0.05545  2.61097e-01 | 59  0.05795 -1.12919e+01 |

Intermediate statistics: 59 variables; iteration 20; function evaluation 25; phase 3
Function value 1.2088743e+02; maximum gradient component mag -2.2958e+02
Var    Value     Gradient |Var    Value     Gradient |Var    Value     Gradient
  1  0.54811  3.13197e+00 |  2  0.17828  1.24697e+02 |  3 -0.07988 -8.07852e-01
  4  0.01646 -5.48510e-01 |  5 -0.02771 -1.18943e+00 |  6  0.03689 -5.31849e-01
  7  0.00942 -8.79174e-01 |  8 -0.04759 -1.49416e+00 |  9 -0.02189 -2.41767e+00
 10 -0.00176 -1.34918e+00 | 11  0.06158 -1.44619e+00 | 12  0.01705 -2.01689e+00
 13  0.03638 -2.86556e+00 | 14  0.00420  2.49500e+00 | 15  0.00938  8.45066e-01
 16  0.05137  6.36381e+00 | 17 -0.00798  1.28652e+00 | 18 -0.07311 -3.69427e+00
 19 -0.02918 -2.23919e+01 | 20 -0.03414  1.01797e+01 | 21  0.05176 -2.44274e+01
 22  0.05944 -1.22461e+01 | 23 -0.02992  5.97675e+00 | 24 -0.02612 -2.72043e+01
 25 -0.12092 -1.46872e+01 | 26 -0.01841  1.03277e+01 | 27 -0.02143 -4.06186e+00
 28 -0.02928 -1.82900e+01 | 29  0.02554 -2.11128e+00 | 30 -0.01165  4.60408e+00
 31  0.06166 -3.20503e+00 | 32 -0.02395 -4.10121e+00 | 33  0.07962  1.99532e+01
 34  0.04017  2.86551e+01 | 35  0.05479  1.86991e+01 | 36  0.00079 -1.59646e+00
 37 -0.04468  1.39912e+01 | 38 -0.01528  3.23708e+01 | 39 -0.00584  8.74443e+00
 40  0.11914  1.94997e+02 | 41  0.12373 -9.83656e+01 | 42  0.19106  3.56208e+01
 43  0.12556  7.50285e+01 | 44  0.86405  1.10609e-02 | 45 -0.04359 -1.04699e+00
 46  0.74184 -1.09691e-02 | 47 -0.16698 -1.20292e+00 | 48 -0.52979  7.21410e+00
 49  0.75902  7.32163e-03 | 50 -0.29478 -6.04655e-01 | 51 -0.38101 -4.51407e+00
 52 -0.17057  2.35328e+00 | 53 -0.46066 -1.45389e-02 | 54 -0.43604 -2.53997e-02
 55 -0.78235 -1.15378e-02 | 56 -0.12862  6.50924e+01 | 57 -0.11422 -2.29577e+02
 58 -0.01298 -3.31991e+01 | 59  0.10882  2.51177e+01 |
59 variables; iteration 40; function evaluation 47; phase 3
Function value 1.1810589e+02; maximum gradient component mag -1.1088e+02
Var    Value     Gradient |Var    Value     Gradient |Var    Value     Gradient
  1  0.56302  3.89145e+00 |  2  0.17956 -4.14035e+01 |  3 -0.07960  1.12562e-01
  4  0.01133 -6.61082e-01 |  5 -0.03681 -6.12778e+00 |  6  0.02720 -7.77086e+00
  7  0.00374 -1.25758e+00 |  8 -0.04631  5.88834e+00 |  9 -0.02161 -4.73884e-01
 10 -0.00095 -2.73680e-01 | 11  0.06523  3.63884e+00 | 12  0.01938  1.75146e+00
 13  0.03500 -5.61390e+00 | 14  0.00296 -7.66228e-01 | 15  0.00780 -7.94082e-01
 16  0.05004 -1.07961e+00 | 17 -0.00464  5.92842e+00 | 18 -0.07223 -3.41645e+00
 19 -0.02507 -1.00329e+01 | 20 -0.03392  6.44796e+00 | 21  0.05506 -1.67137e+01
 22  0.05743 -2.20425e+01 | 23 -0.02854  4.72471e+00 | 24 -0.01825 -6.86641e+00
 25 -0.11911 -9.91133e+00 | 26 -0.02218 -3.10009e-01 | 27 -0.01767  3.77350e+00
 28 -0.02792 -1.42241e+01 | 29  0.02425 -3.61555e+00 | 30 -0.01325 -2.60611e+00
 31  0.06153 -3.42162e+00 | 32 -0.02198  3.33276e+00 | 33  0.07596  1.19753e+01
 34  0.03642  1.57016e+01 | 35  0.05388  1.33913e+01 | 36  0.00106  3.18759e+00
 37 -0.04631  6.77056e+00 | 38 -0.01869  1.76807e+01 | 39 -0.01117  8.16914e+00
 40  0.11017 -1.88105e+00 | 41  0.12532 -1.82300e+01 | 42  0.18556  1.71970e+01
 43  0.12301  3.57075e+01 | 44  0.85819  1.00620e-02 | 45  0.10428 -6.19135e-02
 46  0.74855 -9.71571e-03 | 47 -0.17567 -1.80501e+00 | 48 -0.53136 -2.24910e+00
 49  0.75495  8.22980e-03 | 50 -0.23777  4.16453e-01 | 51 -0.37749  2.26624e-01
 52 -0.16707  2.14484e+00 | 53 -0.45767 -3.92324e-02 | 54 -0.62524 -4.70447e-03
 55 -0.79062 -9.11927e-03 | 56 -0.12618 -3.36959e+01 | 57 -0.10751 -1.10876e+02
 58 -0.01154 -1.67075e+01 | 59  0.10960  1.56928e+01 |
59 variables; iteration 60; function evaluation 75; phase 3
Function value 1.1584607e+02; maximum gradient component mag -2.4375e+01
Var    Value     Gradient |Var    Value     Gradient |Var    Value     Gradient
  1  0.52997  1.86022e-01 |  2  0.18028 -1.88475e+00 |  3 -0.07559  2.32097e-01
  4  0.01990 -1.88350e-01 |  5 -0.02225  2.39208e+00 |  6  0.04041  4.68064e-01
  7  0.01263  7.85723e-01 |  8 -0.04547 -6.78833e-01 |  9 -0.02052 -1.76551e+00
 10  0.00110  1.74427e+00 | 11  0.06183 -1.09640e+00 | 12  0.01796  2.96765e-01
 13  0.03689 -1.24381e+00 | 14  0.00166 -4.34185e+00 | 15  0.01007  1.94954e+00
 16  0.05024  2.78831e-01 | 17 -0.00657  1.58300e+00 | 18 -0.06813  6.68421e-01
 19 -0.01877 -1.07843e+00 | 20 -0.03514  1.69496e-01 | 21  0.06448  2.19633e+00
 22  0.06798  2.37992e+00 | 23 -0.03126 -3.52983e+00 | 24 -0.01459 -8.11540e-02
 25 -0.11157  3.00824e+00 | 26 -0.02225 -6.05986e-03 | 27 -0.02014 -1.95216e+00
 28 -0.02091  8.02269e-01 | 29  0.02244  4.33864e-01 | 30 -0.01467  7.57216e-01
 31  0.05934  2.39412e+00 | 32 -0.02385  5.96351e-02 | 33  0.06877  6.53418e-01
 34  0.02917 -1.30656e+00 | 35  0.04893 -8.51324e-01 | 36 -0.00265 -1.61919e-01
 37 -0.05038 -9.00747e-01 | 38 -0.02454 -2.42497e+00 | 39 -0.02226 -2.14937e-01
 40  0.10858 -6.88627e+00 | 41  0.12949  6.33800e+00 | 42  0.18117 -3.53532e+00
 43  0.11903 -6.31434e+00 | 44  0.79776  2.43653e-03 | 45  0.07852  6.50214e-02
 46  0.80973 -1.14152e-03 | 47 -0.16309 -4.92438e-01 | 48 -0.52856  4.32261e-01
 49  0.69951  5.21949e-03 | 50 -0.31594 -7.95835e-01 | 51 -0.37294 -4.82540e-01
 52 -0.16291 -1.60689e-01 | 53 -0.60250 -2.10009e-01 | 54 -0.48505 -2.00593e-03
 55 -0.71911 -6.42502e-03 | 56 -0.10857 -2.43751e+01 | 57 -0.08104  1.99711e+01
 58 -0.02674  2.54082e+00 | 59  0.09130 -3.17784e+00 |

 - final statistics:
59 variables; iteration 65; function evaluation 80
Function value 1.1575e+02; maximum gradient component mag -3.1879e-01
Exit code = 1;  converg criter 1.0000e+00
Var    Value     Gradient |Var    Value     Gradient |Var    Value     Gradient
  1  0.53549 -1.00144e-02 |  2  0.18027 -3.18787e-01 |  3 -0.07717  6.81490e-03
  4  0.01816 -8.41542e-03 |  5 -0.02557  2.19307e-02 |  6  0.03840 -2.95859e-03
  7  0.01098  1.64272e-02 |  8 -0.04557 -3.00349e-03 |  9 -0.01958 -1.39180e-02
 10  0.00016  2.24554e-02 | 11  0.06253 -2.24402e-03 | 12  0.01814  6.85915e-03
 13  0.03775 -8.78650e-03 | 14  0.00393 -2.36948e-02 | 15  0.00933  2.96975e-02
 16  0.04987  1.52635e-02 | 17 -0.00750  2.70877e-02 | 18 -0.06881  8.80195e-03
 19 -0.01864 -2.25037e-02 | 20 -0.03555  7.91578e-03 | 21  0.06325  1.38883e-02
 22  0.06686  1.46834e-02 | 23 -0.02984 -2.31282e-02 | 24 -0.01480 -1.60250e-02
 25 -0.11335  8.62116e-03 | 26 -0.02223  4.95086e-03 | 27 -0.01915 -8.21497e-03
 28 -0.02145 -4.26058e-03 | 29  0.02243 -3.10465e-03 | 30 -0.01480  6.91077e-03
 31  0.05917 -4.18625e-03 | 32 -0.02413 -6.17825e-04 | 33  0.06929 -3.05505e-03
 34  0.02977 -9.68237e-03 | 35  0.04920 -6.73730e-03 | 36 -0.00242 -8.73097e-03
 37 -0.05010 -1.44810e-03 | 38 -0.02406 -9.12807e-03 | 39 -0.02089 -7.18744e-03
 40  0.10896  6.18331e-02 | 41  0.13023 -1.33877e-01 | 42  0.18184 -4.17408e-02
 43  0.11986 -3.78854e-02 | 44  0.78563  1.20822e-03 | 45  0.08948  3.72378e-02
 46  0.81437 -3.83917e-04 | 47 -0.14314 -8.79937e-03 | 48 -0.52889  1.54165e-02
 49  0.66786  4.50364e-03 | 50 -0.27224 -1.14940e-02 | 51 -0.37337  1.29941e-02
 52 -0.16343 -1.65834e-02 | 53 -0.45605  3.83617e-03 | 54 -0.49077 -2.08264e-03
 55 -0.68080 -5.49726e-03 | 56 -0.10776  1.01711e-02 | 57 -0.08245  2.03645e-01
 58 -0.02387  5.73751e-03 | 59  0.09475 -4.95223e-03 |

Initial statistics: 61 variables; iteration 0; function evaluation 0; phase 4
Function value 1.1574783e+02; maximum gradient component mag 5.6133e+01
Var    Value     Gradient |Var    Value     Gradient |Var    Value     Gradient
  1  0.53549 -1.00144e-02 |  2  0.18027 -3.18787e-01 |  3 -0.07717  6.81490e-03
  4  0.01816 -8.41542e-03 |  5 -0.02557  2.19307e-02 |  6  0.03840 -2.95859e-03
  7  0.01098  1.63015e-02 |  8 -0.04557 -3.12889e-03 |  9 -0.01958 -1.40436e-02
 10  0.00016  2.23296e-02 | 11  0.06253 -2.36915e-03 | 12  0.01814  6.73348e-03
 13  0.03775 -8.91201e-03 | 14  0.00393 -2.38205e-02 | 15  0.00933  2.95717e-02
 16  0.04987  1.51382e-02 | 17 -0.00750  2.69620e-02 | 18 -0.06881  8.67696e-03
 19 -0.01864 -2.26294e-02 | 20 -0.03555  7.79024e-03 | 21  0.06325  1.37631e-02
 22  0.06686  1.45584e-02 | 23 -0.02984 -2.32538e-02 | 24 -0.01480 -1.61507e-02
 25 -0.11335  8.49742e-03 | 26 -0.02223  4.82521e-03 | 27 -0.01915 -8.34064e-03
 28 -0.02145 -4.38623e-03 | 29  0.02243 -3.23030e-03 | 30 -0.01480  6.78507e-03
 31  0.05917 -4.31144e-03 | 32 -0.02413 -7.43463e-04 | 33  0.06929 -3.18003e-03
 34  0.02977 -9.80796e-03 | 35  0.04920 -6.86265e-03 | 36 -0.00242 -8.85670e-03
 37 -0.05010 -1.57344e-03 | 38 -0.02406 -9.25370e-03 | 39 -0.02089 -7.31310e-03
 40  0.10896  6.18331e-02 | 41  0.13023 -1.33877e-01 | 42  0.18184 -4.17408e-02
 43  0.11986 -3.78854e-02 | 44  0.78563  1.20822e-03 | 45  0.08948  3.72378e-02
 46  0.81437 -3.83917e-04 | 47 -0.14314 -8.79937e-03 | 48 -0.52889  1.54165e-02
 49  0.66786  4.50364e-03 | 50 -0.27224 -1.14940e-02 | 51 -0.37337  1.29941e-02
 52 -0.16343 -1.65834e-02 | 53 -0.45605  3.83617e-03 | 54 -0.49077 -2.08264e-03
 55 -0.68080 -5.49726e-03 | 56 -0.10776  1.01711e-02 | 57 -0.08245  2.03645e-01
 58 -0.02387  5.73751e-03 | 59  0.09475 -4.95223e-03 | 60  0.12819  5.61331e+01
 61 -0.12819 -5.61283e+01 |

Intermediate statistics: 61 variables; iteration 20; function evaluation 27; phase 4
Function value 1.1224543e+02; maximum gradient component mag -8.8593e+01
Var    Value     Gradient |Var    Value     Gradient |Var    Value     Gradient
  1  0.55121  1.20880e+00 |  2  0.18017  8.94840e+00 |  3 -0.07819 -3.86905e-01
  4  0.01753 -5.24567e-02 |  5 -0.02630 -1.46353e-01 |  6  0.03776 -2.43746e-01
  7  0.01020 -5.96003e-01 |  8 -0.04644 -4.87191e-01 |  9 -0.02034 -4.90637e-01
 10 -0.00070 -6.20243e-01 | 11  0.06191 -8.47803e-01 | 12  0.01773 -6.15697e-01
 13  0.03779 -4.64824e-01 | 14  0.00417 -1.65789e-01 | 15  0.00957 -1.34643e-01
 16  0.04984 -5.62840e-01 | 17 -0.00810 -9.06409e-01 | 18 -0.07116 -1.44385e+00
 19 -0.02310 -4.58682e+00 | 20 -0.03652 -1.57634e+00 | 21  0.05898 -4.51073e+00
 22  0.06322 -4.18428e+00 | 23 -0.03276 -2.33793e+00 | 24 -0.01943 -4.92436e+00
 25 -0.11776 -3.38713e+00 | 26 -0.02423 -2.03401e+00 | 27 -0.02103 -1.61413e+00
 28 -0.02493 -5.07325e+00 | 29  0.02181 -4.35934e+00 | 30 -0.01268  3.66170e+00
 31  0.06321  6.01739e+00 | 32 -0.02105  1.10029e+00 | 33  0.07541  1.11480e+01
 34  0.03507  8.50584e+00 | 35  0.05188  2.18541e+00 | 36 -0.00042 -2.82283e-02
 37 -0.04820 -6.24539e-01 | 38 -0.02150 -4.18041e+00 | 39 -0.01092  8.71315e+00
 40  0.10939  5.14904e+00 | 41  0.12357  1.52311e+01 | 42  0.18172 -4.09749e+00
 43  0.12000  6.79045e+00 | 44  0.78553  1.45575e-03 | 45  0.08782 -2.47231e-02
 46  0.81439 -7.11860e-05 | 47 -0.13912 -1.81166e-01 | 48 -0.53034 -1.98782e+00
 49  0.66753  5.75483e-03 | 50 -0.27041 -1.03556e-01 | 51 -0.37637  2.63979e-01
 52 -0.16740  1.42730e-01 | 53 -0.45621 -1.35493e-02 | 54 -0.49064 -2.11923e-03
 55 -0.68042 -5.49782e-03 | 56 -0.14404 -8.85930e+01 | 57 -0.08759  8.06715e+01
 58 -0.01693 -7.80304e+00 | 59  0.10275  7.04073e+00 | 60  0.08163  4.19937e+00
 61 -0.05491 -4.53871e+01 |
61 variables; iteration 40; function evaluation 47; phase 4
Function value 1.1192851e+02; maximum gradient component mag -8.1928e+01
Var    Value     Gradient |Var    Value     Gradient |Var    Value     Gradient
  1  0.58385  3.02939e+00 |  2  0.18093 -8.19279e+01 |  3 -0.07793 -5.95958e-01
  4  0.01742 -5.38476e-01 |  5 -0.02677 -7.24546e-01 |  6  0.03780 -4.83882e-01
  7  0.01038  9.55013e-01 |  8 -0.04686  6.56857e-01 |  9 -0.02101  2.60457e-01
 10 -0.00076  7.46298e-01 | 11  0.06243  8.34553e-01 | 12  0.01824  1.39187e+00
 13  0.03799  1.59529e+00 | 14  0.00366  9.11132e-01 | 15  0.00852  4.34634e-02
 16  0.04934  3.44344e-01 | 17 -0.00832  3.98956e-01 | 18 -0.07058  1.08523e+00
 19 -0.02240 -1.15106e+00 | 20 -0.03748 -1.79599e+00 | 21  0.06050  1.43749e+00
 22  0.06277 -4.36302e+00 | 23 -0.03272 -1.57349e+00 | 24 -0.01750  1.09264e+00
 25 -0.11684 -6.95484e-01 | 26 -0.02290  2.14652e+00 | 27 -0.02030 -4.34917e-01
 28 -0.02605 -6.10009e+00 | 29  0.02169 -3.69007e+00 | 30 -0.01297 -5.25690e-01
 31  0.06402  2.68501e+00 | 32 -0.02011  3.19769e+00 | 33  0.07517  1.64348e+00
 34  0.03426 -1.23859e+00 | 35  0.05189 -1.21491e+00 | 36 -0.00076 -1.26112e+00
 37 -0.04852  1.21750e+00 | 38 -0.02196 -8.06901e-01 | 39 -0.01313  1.48499e-01
 40  0.10832  1.82494e+00 | 41  0.12113 -2.61481e+01 | 42  0.18049 -1.00517e+00
 43  0.12012  3.10297e+00 | 44  0.78450  1.41211e-03 | 45  0.08294 -1.21318e-01
 46  0.81456  1.96605e-04 | 47 -0.13382 -4.34953e-01 | 48 -0.52902  1.71295e+00
 49  0.66382  5.79160e-03 | 50 -0.26429 -1.97478e-01 | 51 -0.38199  1.65935e+00
 52 -0.17830 -1.80677e+00 | 53 -0.45456 -2.80929e-02 | 54 -0.48917 -2.22473e-03
 55 -0.67629 -5.43913e-03 | 56 -0.22017  2.49097e+01 | 57 -0.09640 -1.88877e+01
 58 -0.01222 -3.70191e+00 | 59  0.10746  4.24960e+00 | 60  0.22412  5.62434e+00
 61  0.10378  5.96551e+00 |
61 variables; iteration 60; function evaluation 78; phase 4
Function value 1.1173732e+02; maximum gradient component mag 2.7012e+00
Var    Value     Gradient |Var    Value     Gradient |Var    Value     Gradient
  1  0.53695 -2.44424e-01 |  2  0.17999  2.70121e+00 |  3 -0.07549  5.07266e-01
  4  0.01858 -1.00056e-01 |  5 -0.02465  1.03364e+00 |  6  0.03813 -9.65285e-01
  7  0.01137  6.76135e-01 |  8 -0.04560 -5.22788e-02 |  9 -0.01992 -2.63316e-01
 10 -0.00035 -5.02672e-01 | 11  0.06282  4.26000e-01 | 12  0.01821 -2.67778e-01
 13  0.03820  3.17305e-01 | 14  0.00439  4.51696e-01 | 15  0.00954  9.50563e-02
 16  0.04986 -6.60835e-02 | 17 -0.00793  1.51185e-01 | 18 -0.07095 -4.25307e-03
 19 -0.02261  1.01895e-01 | 20 -0.03656 -1.08828e-01 | 21  0.05921 -4.31492e-01
 22  0.06345 -8.86003e-02 | 23 -0.03233  1.72393e-01 | 24 -0.01910 -2.60128e-01
 25 -0.11714 -1.38573e-01 | 26 -0.02430 -5.73225e-01 | 27 -0.02085  7.27993e-02
 28 -0.02423  9.19179e-01 | 29  0.02159  4.82710e-02 | 30 -0.01326  1.17148e-01
 31  0.06252 -3.89344e-01 | 32 -0.02151 -4.29446e-01 | 33  0.07390 -2.33899e-01
 34  0.03378  2.23717e-01 | 35  0.05142  1.62521e-01 | 36 -0.00062  2.46034e-01
 37 -0.04847 -9.07363e-02 | 38 -0.02158  6.24356e-02 | 39 -0.01319 -3.59089e-01
 40  0.10947 -1.21300e-01 | 41  0.12440 -4.33349e-02 | 42  0.18280  2.38877e-01
 43  0.11948 -2.79596e-01 | 44  0.77719  4.40949e-04 | 45  0.07461  1.02583e-02
 46  0.81563 -9.10451e-05 | 47 -0.13969  3.17651e-02 | 48 -0.52969 -2.16711e-01
 49  0.63025  3.88593e-03 | 50 -0.27175 -2.25378e-02 | 51 -0.37426 -2.03499e-01
 52 -0.16388  1.80172e-01 | 53 -0.44857  3.34133e-02 | 54 -0.47973  3.78082e-05
 55 -0.63945 -4.25208e-03 | 56 -0.16663  1.66186e+00 | 57 -0.11180 -2.73038e-01
 58 -0.02040  3.34807e-01 | 59  0.09793 -3.20080e-01 | 60  0.05314  2.90183e-01
 61 -0.03669  4.90492e-01 |
61 variables; iteration 80; function evaluation 98; phase 4
Function value 1.1172523e+02; maximum gradient component mag -1.8261e-01
Var    Value     Gradient |Var    Value     Gradient |Var    Value     Gradient
  1  0.54009  5.04686e-04 |  2  0.18006 -1.13200e-02 |  3 -0.07719 -5.10407e-04
  4  0.01800 -6.10581e-04 |  5 -0.02573 -1.24975e-03 |  6  0.03831  6.19263e-04
  7  0.01084 -4.25043e-04 |  8 -0.04572 -1.99708e-04 |  9 -0.01965  3.17465e-04
 10  0.00010  7.15388e-04 | 11  0.06262  1.09759e-04 | 12  0.01824  2.70816e-04
 13  0.03792  9.76268e-05 | 14  0.00399 -6.77784e-04 | 15  0.00928 -8.55061e-04
 16  0.04983  3.91108e-04 | 17 -0.00803 -8.54306e-05 | 18 -0.07099  3.72846e-04
 19 -0.02264 -3.47446e-04 | 20 -0.03651 -5.23598e-04 | 21  0.05937  9.08841e-04
 22  0.06351 -4.28702e-04 | 23 -0.03236 -1.09277e-03 | 24 -0.01898 -6.39774e-04
 25 -0.11706 -1.21802e-03 | 26 -0.02402 -4.81007e-04 | 27 -0.02079  4.32940e-04
 28 -0.02455 -2.20160e-03 | 29  0.02162 -2.30499e-03 | 30 -0.01325 -7.65707e-05
 31  0.06266  1.84753e-03 | 32 -0.02133  1.51486e-03 | 33  0.07398  1.84679e-03
 34  0.03379  1.20221e-03 | 35  0.05146 -1.49089e-04 | 36 -0.00065 -3.43141e-04
 37 -0.04845  4.50279e-04 | 38 -0.02154 -6.57716e-04 | 39 -0.01293 -7.05037e-05
 40  0.10940  2.31942e-03 | 41  0.12414 -5.73614e-03 | 42  0.18255  7.45622e-04
 43  0.11953  1.60143e-03 | 44  0.77786  5.42033e-04 | 45  0.07630 -6.77517e-05
 46  0.81587 -1.48536e-05 | 47 -0.13898  3.97350e-05 | 48 -0.52975  5.95656e-03
 49  0.49235  1.89176e-04 | 50 -0.26949  1.09481e-04 | 51 -0.37495  9.33227e-04
 52 -0.16514 -3.02674e-04 | 53 -0.45575 -3.92894e-05 | 54 -0.55840  4.78301e-05
 55 -0.32383 -2.46726e-04 | 56 -0.16805  1.11193e-01 | 57 -0.15029 -1.82615e-01
 58 -0.01980 -2.73140e-03 | 59  0.09859  2.58909e-03 | 60 -0.06477  6.46390e-02
 61 -0.10065 -1.28866e-02 |
61 variables; iteration 100; function evaluation 119; phase 4
Function value 1.1172520e+02; maximum gradient component mag 3.7205e-03
Var    Value     Gradient |Var    Value     Gradient |Var    Value     Gradient
  1  0.54010 -6.56464e-05 |  2  0.18006  8.83056e-05 |  3 -0.07719 -1.47440e-05
  4  0.01800 -8.55751e-06 |  5 -0.02573 -5.07897e-05 |  6  0.03830  4.15405e-05
  7  0.01084 -2.93617e-05 |  8 -0.04571 -1.43588e-06 |  9 -0.01965  1.20896e-05
 10  0.00010  2.33583e-05 | 11  0.06262 -1.20749e-05 | 12  0.01824  6.35927e-06
 13  0.03792 -1.18605e-05 | 14  0.00399 -3.03333e-05 | 15  0.00928 -2.04197e-05
 16  0.04983  9.86354e-06 | 17 -0.00803 -2.01196e-05 | 18 -0.07099 -1.43772e-05
 19 -0.02264 -2.65979e-05 | 20 -0.03651 -2.46883e-05 | 21  0.05937  3.66764e-05
 22  0.06351 -2.75549e-05 | 23 -0.03236 -3.14261e-05 | 24 -0.01898  1.40357e-05
 25 -0.11706 -2.11670e-05 | 26 -0.02402  3.75455e-05 | 27 -0.02079 -1.13772e-05
 28 -0.02455 -1.11522e-04 | 29  0.02162  8.79897e-05 | 30 -0.01325  7.21140e-07
 31  0.06266  4.61576e-05 | 32 -0.02133  5.20066e-05 | 33  0.07398  3.21559e-05
 34  0.03379  2.80846e-06 | 35  0.05146 -9.39895e-06 | 36 -0.00065 -1.98072e-05
 37 -0.04845  1.55276e-05 | 38 -0.02154 -3.53751e-05 | 39 -0.01293 -5.07502e-06
 40  0.10940  8.40896e-05 | 41  0.12414 -3.64888e-05 | 42  0.18254  2.25688e-05
 43  0.11953  3.25070e-05 | 44  0.77284  8.23054e-07 | 45  0.07638  1.26428e-06
 46  0.81608  1.63399e-05 | 47 -0.13897  3.25102e-06 | 48 -0.52976  3.24818e-04
 49  0.48735  2.45728e-06 | 50 -0.26949  8.26042e-06 | 51 -0.37495  1.23433e-05
 52 -0.16515  1.35484e-05 | 53 -0.45574  1.37935e-06 | 54 -0.56686  2.14848e-05
 55 -0.29679  4.80926e-06 | 56 -0.17401  3.72045e-03 | 57 -0.13869 -2.54010e-03
 58 -0.01980 -8.32845e-05 | 59  0.09859  5.04578e-05 | 60 -0.01581 -3.55724e-04
 61 -0.06776  2.10031e-03 |

 - final statistics:
61 variables; iteration 107; function evaluation 126
Function value 1.1173e+02; maximum gradient component mag 5.0178e-05
Exit code = 1;  converg criter 1.0000e-04
Var    Value     Gradient |Var    Value     Gradient |Var    Value     Gradient
  1  0.54011 -4.31602e-07 |  2  0.18006 -9.07369e-06 |  3 -0.07719  1.11588e-07
  4  0.01800  1.52733e-09 |  5 -0.02573  4.94650e-07 |  6  0.03830 -4.09300e-07
  7  0.01084  3.01088e-07 |  8 -0.04571  2.17491e-07 |  9 -0.01965 -3.74517e-08
 10  0.00010 -1.51059e-07 | 11  0.06262  9.86770e-08 | 12  0.01824  1.78934e-07
 13  0.03792  2.51705e-07 | 14  0.00399  4.12222e-07 | 15  0.00928  3.52304e-07
 16  0.04983  1.59654e-07 | 17 -0.00803  1.53343e-07 | 18 -0.07099  1.96097e-07
 19 -0.02264  4.86622e-07 | 20 -0.03651  2.03623e-07 | 21  0.05937  4.33577e-07
 22  0.06351  1.59603e-07 | 23 -0.03236  2.09284e-07 | 24 -0.01898  5.92065e-07
 25 -0.11706  2.65283e-07 | 26 -0.02402  1.95321e-07 | 27 -0.02079  1.38692e-07
 28 -0.02455  3.92861e-07 | 29  0.02162  2.29737e-07 | 30 -0.01325 -2.49645e-07
 31  0.06266 -1.27139e-06 | 32 -0.02133  2.45858e-07 | 33  0.07398 -1.79427e-06
 34  0.03379 -1.06515e-06 | 35  0.05146 -3.64023e-07 | 36 -0.00065 -9.98448e-08
 37 -0.04845  1.52422e-07 | 38 -0.02154  2.56937e-08 | 39 -0.01293 -1.07360e-06
 40  0.10940  4.01196e-07 | 41  0.12414 -7.47203e-06 | 42  0.18254  6.44534e-08
 43  0.11953 -8.39157e-08 | 44  0.77283 -4.10684e-08 | 45  0.07639  1.55120e-08
 46  0.81597 -1.69703e-07 | 47 -0.13897  4.89535e-08 | 48 -0.52976 -4.30969e-06
 49  0.48728  6.61161e-08 | 50 -0.26949 -1.93447e-08 | 51 -0.37495  2.01664e-06
 52 -0.16515 -2.05457e-06 | 53 -0.45574  1.68532e-08 | 54 -0.56709  1.71815e-07
 55 -0.29660  5.69284e-09 | 56 -0.17403 -4.51896e-05 | 57 -0.13867  5.01778e-05
 58 -0.01980 -8.95830e-08 | 59  0.09859  4.75241e-07 | 60 -0.01573 -1.09958e-05
 61 -0.06771 -9.49513e-06 |
Estimating row 1 out of 61 for hessian
Estimating row 2 out of 61 for hessian
Estimating row 3 out of 61 for hessian
Estimating row 4 out of 61 for hessian
Estimating row 5 out of 61 for hessian
Estimating row 6 out of 61 for hessian
Estimating row 7 out of 61 for hessian
Estimating row 8 out of 61 for hessian
Estimating row 9 out of 61 for hessian
Estimating row 10 out of 61 for hessian
Estimating row 11 out of 61 for hessian
Estimating row 12 out of 61 for hessian
Estimating row 13 out of 61 for hessian
Estimating row 14 out of 61 for hessian
Estimating row 15 out of 61 for hessian
Estimating row 16 out of 61 for hessian
Estimating row 17 out of 61 for hessian
Estimating row 18 out of 61 for hessian
Estimating row 19 out of 61 for hessian
Estimating row 20 out of 61 for hessian
Estimating row 21 out of 61 for hessian
Estimating row 22 out of 61 for hessian
Estimating row 23 out of 61 for hessian
Estimating row 24 out of 61 for hessian
Estimating row 25 out of 61 for hessian
Estimating row 26 out of 61 for hessian
Estimating row 27 out of 61 for hessian
Estimating row 28 out of 61 for hessian
Estimating row 29 out of 61 for hessian
Estimating row 30 out of 61 for hessian
Estimating row 31 out of 61 for hessian
Estimating row 32 out of 61 for hessian
Estimating row 33 out of 61 for hessian
Estimating row 34 out of 61 for hessian
Estimating row 35 out of 61 for hessian
Estimating row 36 out of 61 for hessian
Estimating row 37 out of 61 for hessian
Estimating row 38 out of 61 for hessian
Estimating row 39 out of 61 for hessian
Estimating row 40 out of 61 for hessian
Estimating row 41 out of 61 for hessian
Estimating row 42 out of 61 for hessian
Estimating row 43 out of 61 for hessian
Estimating row 44 out of 61 for hessian
Estimating row 45 out of 61 for hessian
Estimating row 46 out of 61 for hessian
Estimating row 47 out of 61 for hessian
Estimating row 48 out of 61 for hessian
Estimating row 49 out of 61 for hessian
Estimating row 50 out of 61 for hessian
Estimating row 51 out of 61 for hessian
Estimating row 52 out of 61 for hessian
Estimating row 53 out of 61 for hessian
Estimating row 54 out of 61 for hessian
Estimating row 55 out of 61 for hessian
Estimating row 56 out of 61 for hessian
Estimating row 57 out of 61 for hessian
Estimating row 58 out of 61 for hessian
Estimating row 59 out of 61 for hessian
Estimating row 60 out of 61 for hessian
Estimating row 61 out of 61 for hessian
size of file gradfil1.tmp = 0
size of file gradfil2.tmp = 0
size of file varssave.tmp = 0
size of file cmpdiff.tmp = 0
