
Initial statistics: 4 variables; iteration 0; function evaluation 0; phase 1
Function value 5.0581136e+03; maximum gradient component mag 3.4614e+04
Var    Value     Gradient |Var    Value     Gradient |Var    Value     Gradient
  1  0.39650  3.46138e+04 |  2  0.10660  8.17902e+03 |  3  0.10660  6.02158e+03
  4  0.10660  4.07471e+03 |

 - final statistics:
4 variables; iteration 15; function evaluation 26
Function value 6.0050e+02; maximum gradient component mag -2.0804e-01
Exit code = 1;  converg criter 1.0000e+01
Var    Value     Gradient |Var    Value     Gradient |Var    Value     Gradient
  1  0.19003 -2.08044e-01 |  2  0.09487 -1.25359e-01 |  3  0.05021 -1.32779e-01
  4  0.06779 -7.15756e-02 |

Initial statistics: 53 variables; iteration 0; function evaluation 0; phase 2
Function value 6.0049882e+02; maximum gradient component mag -6.5358e+02
Var    Value     Gradient |Var    Value     Gradient |Var    Value     Gradient
  1  0.19003 -2.08044e-01 |  2  0.00000  5.18867e+01 |  3  0.00000 -1.05793e+02
  4  0.00000  4.20647e+01 |  5  0.00000 -6.49685e+01 |  6  0.00000 -2.55705e+01
  7  0.00000  5.31393e+01 |  8  0.00000  7.39102e+00 |  9  0.00000  1.07402e+01
 10  0.00000 -7.25410e+01 | 11  0.00000  1.53518e+01 | 12  0.00000 -4.15656e+01
 13  0.00000  1.88423e+00 | 14  0.00000 -2.66326e+00 | 15  0.00000 -7.51687e+01
 16  0.00000  1.72951e+01 | 17  0.00000  9.49595e+01 | 18  0.00000 -1.17860e+01
 19  0.00000  2.66435e+01 | 20  0.00000 -1.66997e+02 | 21  0.00000 -1.62553e+02
 22  0.00000  6.56966e+01 | 23  0.00000  1.91125e+00 | 24  0.00000  1.90555e+02
 25  0.00000  3.20412e+00 | 26  0.00000  1.79823e+00 | 27  0.00000  2.47319e+01
 28  0.00000 -1.70805e+02 | 29  0.00000  1.41491e+02 | 30  0.00000 -2.79686e+02
 31  0.00000  2.09345e+02 | 32  0.00000 -3.06832e+02 | 33  0.00000  5.11926e+01
 34  0.00000 -1.61057e+02 | 35  0.00000  8.18531e+01 | 36  0.00000  2.54304e+02
 37  0.00000  5.65102e+01 | 38  0.00000  1.67226e+02 | 39  0.09487 -1.25359e-01
 40  0.05021 -1.32779e-01 | 41  0.10660 -7.78151e+01 | 42  0.06779 -7.15756e-02
 43 -1.00000 -1.08293e-07 | 44  0.00000  1.48060e-04 | 45  0.00000  4.29582e-01
 46 -0.53989  9.06670e+00 | 47 -1.00000 -1.08293e-07 | 48 -0.53989  1.31084e+01
 49 -1.00000 -1.08293e-07 | 50 -0.53989  3.47208e+00 | 51 -0.32288  2.28370e+01
 52  0.21635  7.04647e-01 | 53 -0.17585 -6.53578e+02 |

Intermediate statistics: 53 variables; iteration 20; function evaluation 36; phase 2
Function value 4.4659099e+02; maximum gradient component mag 1.0781e+03
Var    Value     Gradient |Var    Value     Gradient |Var    Value     Gradient
  1  0.19407  1.07807e+03 |  2 -0.30247 -5.24521e+01 |  3  0.28517  1.64664e+02
  4  0.14002 -1.02038e+00 |  5  0.19276  9.06309e+01 |  6  0.11115 -4.61760e+01
  7 -0.00604 -1.33529e+02 |  8  0.01277 -1.04558e+02 |  9  0.04820 -7.23703e+01
 10  0.15447  2.67854e+01 | 11  0.09134 -2.56635e+01 | 12  0.10858  2.32164e+01
 13  0.04512 -4.36946e+01 | 14  0.04321 -4.73365e+01 | 15  0.07580  2.17940e+01
 16 -0.00529 -4.17194e+01 | 17 -0.10978 -1.34307e+02 | 18 -0.02546 -7.78364e+01
 19 -0.05664 -1.27191e+02 | 20  0.02284 -1.73313e+02 | 21 -0.01312 -2.38194e+02
 22 -0.03351 -4.12862e+01 | 23 -0.06607 -1.63638e+02 | 24 -0.14836 -1.09858e+02
 25 -0.02209 -2.09532e+01 | 26 -0.03535 -5.42784e+01 | 27 -0.00451  5.69107e+01
 28  0.02901  1.07805e+02 | 29 -0.02835 -1.16570e+02 | 30  0.10464  3.94477e+02
 31 -0.04054 -1.51278e+02 | 32  0.03451  1.32761e+01 | 33 -0.06949 -3.47902e+02
 34  0.06031  2.68602e+02 | 35 -0.02079 -6.26836e+01 | 36  0.00093  4.27180e+02
 37 -0.08442 -1.79096e+02 | 38 -0.21743 -3.49193e+02 | 39  0.04998 -3.99267e+02
 40  0.06278  1.07261e+02 | 41  0.13109  2.41033e+02 | 42  0.06979 -3.00568e+02
 43 -1.54053 -1.47161e+01 | 44 -0.00013  1.57554e+00 | 45 -0.01074 -4.83555e-05
 46 -0.76658 -7.96841e-03 | 47 -1.32267  6.36976e+02 | 48 -0.60907  5.28789e+02
 49 -1.13076  2.87725e+01 | 50 -0.52759  1.11513e+01 | 51 -0.38656  5.10736e+01
 52  0.18196  4.34956e+00 | 53 -0.06104  7.37837e+02 |
53 variables; iteration 40; function evaluation 62; phase 2
Function value 3.7402233e+02; maximum gradient component mag 4.9009e+02
Var    Value     Gradient |Var    Value     Gradient |Var    Value     Gradient
  1  0.16726  4.90086e+02 |  2 -0.23180 -4.25297e+01 |  3  0.21226  1.45803e+02
  4  0.11872  6.18084e+01 |  5  0.14272  1.24919e+02 |  6  0.03081 -1.37485e+02
  7 -0.11278 -2.48799e+02 |  8 -0.08115 -2.10793e+02 |  9 -0.01161 -1.24227e+02
 10  0.09781 -5.33271e+01 | 11  0.03482 -1.28808e+02 | 12  0.07788 -6.81039e+01
 13  0.02532 -1.28594e+02 | 14  0.05017 -8.46839e+01 | 15  0.08681 -4.79061e+01
 16  0.01794 -8.90350e+01 | 17 -0.08489 -1.87190e+02 | 18 -0.00867 -1.57768e+02
 19 -0.02173 -1.80817e+02 | 20  0.02966 -2.72562e+02 | 21 -0.00203 -3.40988e+02
 22 -0.01703 -1.24319e+02 | 23 -0.03836 -2.10481e+02 | 24 -0.13703 -1.91616e+02
 25  0.01855 -5.55855e+01 | 26 -0.02964 -1.63307e+02 | 27  0.02024 -3.81405e+01
 28  0.04215 -1.54171e+02 | 29  0.01006 -3.29546e+01 | 30  0.11794  2.83906e+02
 31 -0.02032 -1.49641e+02 | 32  0.03939 -2.36042e+02 | 33 -0.02815 -2.86884e+02
 34  0.07850  1.06271e+02 | 35 -0.00026 -1.24576e+02 | 36  0.01812  3.59848e+02
 37 -0.07712 -2.50118e+02 | 38 -0.24148 -3.39816e+02 | 39  0.09085 -3.82128e+02
 40  0.10334  5.33222e+01 | 41  0.14116  8.05083e+01 | 42  0.10214  8.57025e+01
 43 -1.57172 -1.85100e+00 | 44 -0.93506  3.68317e-03 | 45 -0.37373 -2.03477e-03
 46 -1.26715  4.15664e-03 | 47 -1.27754  4.45668e+02 | 48 -0.70224  4.14458e+02
 49 -1.18967  1.80397e+01 | 50 -0.61135  9.10951e+00 | 51 -0.40563  3.61441e+00
 52 -0.48471  5.51712e-01 | 53 -0.12626 -1.97953e+02 |
53 variables; iteration 60; function evaluation 97; phase 2
Function value 2.4997487e+02; maximum gradient component mag 5.8266e+02
Var    Value     Gradient |Var    Value     Gradient |Var    Value     Gradient
  1  0.15960  4.68520e+02 |  2 -0.25300 -3.60918e+01 |  3 -0.01193 -1.91053e+01
  4 -0.09690 -8.35760e+01 |  5 -0.02574 -6.75747e+01 |  6 -0.08981 -1.87892e+01
  7 -0.13057  1.00903e+01 |  8 -0.07840  2.96626e+01 |  9 -0.11008 -2.05608e+01
 10  0.02723  2.28743e+01 | 11  0.03264  7.03264e+01 | 12 -0.00593 -8.16939e+01
 13 -0.02266 -4.91944e+01 | 14  0.02050  7.63491e+01 | 15  0.05517  4.07236e+01
 16  0.00988  5.44127e+01 | 17 -0.04991  3.04356e+01 | 18  0.01255  3.30916e+01
 19  0.00366  5.32786e+01 | 20  0.06347  2.40089e+00 | 21  0.09695  1.19712e+02
 22 -0.02736  1.38957e+01 | 23 -0.02090 -1.75684e+01 | 24 -0.06727  7.27064e+01
 25  0.01774  6.58820e+01 | 26 -0.01727  8.22463e+00 | 27 -0.00261  3.95841e+01
 28  0.07158  1.19068e+02 | 29 -0.00068  3.37561e+01 | 30  0.06198 -2.20434e+01
 31 -0.01200  5.99641e+01 | 32  0.08116  3.98015e+01 | 33  0.03667  8.34713e+01
 34  0.05574  1.33090e+01 | 35  0.01665  6.10640e+01 | 36 -0.02104  6.14114e+01
 37  0.02585  1.02484e+02 | 38 -0.00163  9.75655e+01 | 39  0.14195  2.85137e+02
 40  0.10244  6.78037e+01 | 41  0.14134  4.76435e+01 | 42  0.10349 -2.51619e+01
 43 -1.52043 -1.66441e-01 | 44 -1.53834 -2.11408e-02 | 45 -1.25499  7.14509e-03
 46 -1.30517 -1.40823e-02 | 47 -1.20435  5.82657e+02 | 48 -0.79443  5.79126e+02
 49 -0.64569 -9.14109e+01 | 50 -1.68987 -8.10083e+01 | 51 -0.61057 -4.48232e-03
 52  3.16761 -1.14705e-02 | 53 -0.11272 -3.65215e+02 |
Maximum number of function evaluations exceeded

 - final statistics:
53 variables; iteration 64; function evaluation 100
Function value 2.1116e+02; maximum gradient component mag -3.7646e+02
Exit code = 3;  converg criter 1.0000e+01
Var    Value     Gradient |Var    Value     Gradient |Var    Value     Gradient
  1  0.15486 -3.76457e+02 |  2 -0.12875  8.77714e+00 |  3 -0.02701 -2.17241e+01
  4 -0.06224 -9.02454e+00 |  5 -0.00567  7.55560e+00 |  6 -0.05935  5.44383e+00
  7 -0.10100  7.19488e+00 |  8 -0.05530  1.95096e+01 |  9 -0.05698 -7.20471e+00
 10  0.03344  6.99764e+00 | 11  0.01689  2.20168e+01 | 12  0.04166  1.08000e+01
 13  0.01008  1.97160e+01 | 14  0.00630  1.20257e+01 | 15  0.05307  2.74377e+00
 16 -0.00107 -2.22195e+00 | 17 -0.05858 -6.31786e+00 | 18  0.00988  6.86232e+00
 19 -0.00147  1.20826e+01 | 20  0.07539  1.56924e+01 | 21  0.07392  1.57993e+01
 22 -0.02231  2.05571e+00 | 23 -0.00771  9.62657e-01 | 24 -0.09478 -5.06304e+00
 25 -0.00197 -1.04482e+01 | 26 -0.01508 -2.27812e+00 | 27 -0.00233 -7.16773e+00
 28  0.04970 -4.02148e+01 | 29 -0.00806 -2.41472e+01 | 30  0.06505 -1.01070e+01
 31 -0.01677 -1.13435e+01 | 32  0.06579  1.49474e+00 | 33  0.02377 -9.20753e+00
 34  0.05438 -2.18237e+01 | 35  0.00544 -3.74617e+01 | 36 -0.03478 -4.84030e+01
 37  0.00430 -3.59558e+01 | 38 -0.05558 -2.06361e+01 | 39  0.14560  3.97969e+00
 40  0.11766 -2.14835e+01 | 41  0.15051 -2.30652e+01 | 42  0.12962 -3.82688e+01
 43 -1.51921 -4.81164e-01 | 44 -1.74608 -6.91772e-02 | 45 -0.83612 -1.16353e-02
 46 -1.14405  1.36231e-02 | 47 -1.17032 -1.98484e+02 | 48 -0.83955 -2.10868e+02
 49 -0.74828 -6.75583e+00 | 50 -1.37742 -4.70294e+00 | 51 -0.64696 -5.07148e-03
 52  3.05311 -3.16412e-02 | 53 -0.06860 -1.81564e+01 |

Initial statistics: 56 variables; iteration 0; function evaluation 0; phase 3
Function value 2.1115070e+02; maximum gradient component mag -7.6203e+02
Var    Value     Gradient |Var    Value     Gradient |Var    Value     Gradient
  1  0.15486 -3.76457e+02 |  2 -0.12875  8.77714e+00 |  3 -0.02701 -2.17241e+01
  4 -0.06224 -9.02454e+00 |  5 -0.00567  7.55560e+00 |  6 -0.05924  9.62782e+00
  7 -0.10089  1.13445e+01 |  8 -0.05519  2.36962e+01 |  9 -0.05687 -3.01950e+00
 10  0.03355  1.11938e+01 | 11  0.01700  2.62172e+01 | 12  0.04177  1.49929e+01
 13  0.01020  2.39174e+01 | 14  0.00641  1.62276e+01 | 15  0.05319  6.93115e+00
 16 -0.00096  1.98013e+00 | 17 -0.05847 -2.13359e+00 | 18  0.00999  1.10639e+01
 19 -0.00135  1.62846e+01 | 20  0.07551  1.98647e+01 | 21  0.07403  1.99726e+01
 22 -0.02220  6.25525e+00 | 23 -0.00760  5.16444e+00 | 24 -0.09466 -9.07463e-01
 25 -0.00186 -6.24617e+00 | 26 -0.01497  1.92279e+00 | 27 -0.00222 -2.96568e+00
 28  0.04981 -3.60251e+01 | 29 -0.00795 -1.99455e+01 | 30  0.06516 -5.92674e+00
 31 -0.01666 -7.14295e+00 | 32  0.06590  5.67430e+00 | 33  0.02389 -5.00835e+00
 34  0.05449 -1.76367e+01 | 35  0.00555 -3.32598e+01 | 36 -0.03467 -4.42076e+01
 37  0.00441 -3.17538e+01 | 38 -0.05547 -1.64503e+01 | 39  0.14560  3.97969e+00
 40  0.11766 -2.14835e+01 | 41  0.15051 -2.30652e+01 | 42  0.12962 -3.82688e+01
 43 -0.48079  4.81164e-01 | 44 -0.25392  6.91772e-02 | 45 -0.83612 -1.16353e-02
 46 -0.85595 -1.36231e-02 | 47 -0.82968  1.98484e+02 | 48 -0.83955 -2.10868e+02
 49 -0.74828 -6.75583e+00 | 50 -0.62258  4.70294e+00 | 51 -0.64696 -5.07148e-03
 52 -0.94689 -3.16412e-02 | 53 -0.17585 -7.62027e+02 | 54 -0.12819 -3.71431e+02
 55 -0.06860 -1.81564e+01 | 56  0.05795  8.62328e+01 |

Intermediate statistics: 56 variables; iteration 20; function evaluation 27; phase 3
Function value 1.8478538e+02; maximum gradient component mag -5.4175e+02
Var    Value     Gradient |Var    Value     Gradient |Var    Value     Gradient
  1  0.14860 -5.41752e+02 |  2 -0.14296  4.78809e-01 |  3 -0.01117  1.00522e+00
  4 -0.05012  2.21107e+00 |  5 -0.00352  3.57583e+00 |  6 -0.06382  1.77189e+01
  7 -0.11233  1.62748e+01 |  8 -0.07023  1.86703e+01 |  9 -0.07292  1.22419e+01
 10  0.02564  1.54290e+01 | 11  0.00749  1.90927e+01 | 12  0.04646  2.18237e+01
 13  0.00576  2.43813e+01 | 14 -0.00298  2.09763e+01 | 15  0.06131  2.78931e+01
 16  0.00816  2.57286e+01 | 17 -0.05647  1.52974e+01 | 18 -0.00127  3.52301e+00
 19 -0.00180  1.67201e+01 | 20  0.05483 -1.11216e+00 | 21  0.05852  6.79911e-01
 22 -0.03168  5.68923e+00 | 23 -0.02638 -7.49005e+00 | 24 -0.10656  1.30524e+00
 25  0.00703 -6.71567e-01 | 26 -0.02104 -2.06640e+00 | 27 -0.01044 -2.40773e+01
 28  0.05390 -5.72504e+01 | 29  0.00068  1.32150e+01 | 30  0.06980 -6.93450e+00
 31 -0.00822  8.06507e+00 | 32  0.07180  1.65877e+01 | 33  0.03632  2.14572e+01
 34  0.06084 -6.37466e+00 | 35  0.01544 -4.40766e+00 | 36 -0.02101 -6.98641e+00
 37  0.01930 -1.77580e+01 | 38  0.00902  3.54627e+01 | 39  0.16652  4.45780e+01
 40  0.16852 -3.92381e+01 | 41  0.15655 -6.45886e+01 | 42  0.13193 -6.65746e+00
 43 -0.48273  1.49971e-01 | 44 -0.25419  2.12771e-02 | 45 -0.83603 -1.16291e-02
 46 -0.85585 -1.36130e-02 | 47 -0.81320  3.73770e+02 | 48 -0.82886 -4.08488e+02
 49 -0.73908 -7.79874e+00 | 50 -0.63200  5.60221e+00 | 51 -0.64693 -5.07086e-03
 52 -0.94665 -3.15429e-02 | 53 -0.14311 -3.45298e+02 | 54 -0.11590 -2.01224e+01
 55 -0.11987 -4.27526e+01 | 56 -0.05840  3.23937e+01 |
56 variables; iteration 40; function evaluation 52; phase 3
Function value 1.8242150e+02; maximum gradient component mag -2.4525e+02
Var    Value     Gradient |Var    Value     Gradient |Var    Value     Gradient
  1  0.14983 -1.89028e+02 |  2 -0.13847  2.27084e+00 |  3 -0.00871  6.44279e+00
  4 -0.05501 -7.53073e+00 |  5 -0.00193  6.24410e+00 |  6 -0.05510  1.94180e+01
  7 -0.10275  1.20522e+01 |  8 -0.06097  1.63225e+01 |  9 -0.05859  5.33515e+00
 10  0.03346  1.16089e+01 | 11  0.01570  2.11676e+01 | 12  0.04098  3.64876e+00
 13 -0.00400 -1.73334e+00 | 14 -0.00932  6.05648e+00 | 15  0.05667  6.96417e+00
 16  0.00641  1.49373e+01 | 17 -0.05739  9.83190e+00 | 18 -0.00434 -4.01908e-01
 19 -0.00132  1.86589e+01 | 20  0.05526  4.61745e+00 | 21  0.05155 -1.80541e+01
 22 -0.03110  5.69283e+00 | 23 -0.02970 -1.29326e+01 | 24 -0.10493  4.56791e+00
 25  0.00533 -9.51682e-01 | 26 -0.02495 -7.81943e+00 | 27 -0.01176 -1.36527e+01
 28  0.05402 -2.56661e+01 | 29 -0.00154  6.56008e+00 | 30  0.06942 -1.53196e+00
 31 -0.00690  1.85882e+01 | 32  0.07170  1.48463e+01 | 33  0.03242 -7.65793e-01
 34  0.05971 -2.84298e+00 | 35  0.01446 -1.51052e+00 | 36 -0.02177  1.73318e-01
 37  0.01683 -1.19081e+01 | 38  0.00509  1.62520e+01 | 39  0.16428  2.56031e+01
 40  0.17451 -7.77203e-01 | 41  0.15730 -3.47588e+01 | 42  0.13020 -3.81429e+00
 43 -0.54396  1.16760e-02 | 44 -0.26324  2.00829e-03 | 45 -0.82985 -1.12103e-02
 46 -0.84864 -1.29439e-02 | 47 -0.77861  2.26225e+02 | 48 -0.79547 -2.45252e+02
 49 -0.85627 -4.67813e+00 | 50 -0.79661  3.27258e+00 | 51 -0.64421 -5.02290e-03
 52 -0.93063 -2.59020e-02 | 53 -0.13740 -2.14405e+02 | 54 -0.11513 -6.67578e+01
 55 -0.12818 -3.62878e+01 | 56 -0.07408  2.27369e+01 |
56 variables; iteration 60; function evaluation 87; phase 3
Function value 1.7794469e+02; maximum gradient component mag 1.1579e+01
Var    Value     Gradient |Var    Value     Gradient |Var    Value     Gradient
  1  0.15025  5.61620e+00 |  2 -0.14274  2.06940e-01 |  3 -0.01051  4.87101e-01
  4 -0.05129  3.22831e-01 |  5 -0.00584  2.30656e-01 |  6 -0.06411  4.46617e-01
  7 -0.11117  4.01668e-01 |  8 -0.07072  4.22042e-02 |  9 -0.06896 -8.56475e-01
 10  0.02541  4.88997e-01 | 11  0.00503 -1.94830e-02 | 12  0.04307 -3.04237e-01
 13  0.00274 -1.59570e-02 | 14 -0.00572 -1.05725e-01 | 15  0.05789  7.61159e-01
 16  0.00496  5.29752e-01 | 17 -0.05590  6.91359e-01 | 18  0.00091  1.30105e+00
 19 -0.00421  1.03305e+00 | 20  0.05844  8.11642e-01 | 21  0.06057  1.53171e-01
 22 -0.02982  9.51837e-01 | 23 -0.02181  1.16301e-01 | 24 -0.10261  4.32903e-01
 25  0.00522  6.15115e-01 | 26 -0.02017 -2.22549e-01 | 27 -0.00680 -2.00242e-01
 28  0.05477 -1.84266e-01 | 29 -0.00154 -2.17814e-03 | 30  0.07044 -8.31858e-01
 31 -0.00898  4.44817e-01 | 32  0.07239 -1.44620e+00 | 33  0.03454 -7.34635e-02
 34  0.06052 -4.61285e-01 | 35  0.01532 -2.56838e-02 | 36 -0.02173  8.65639e-02
 37  0.01714  1.16890e-02 | 38  0.00429 -6.05334e-01 | 39  0.15892  9.69019e-01
 40  0.17960 -2.56483e+00 | 41  0.15769 -6.70708e-01 | 42  0.12835  1.65380e+00
 43 -0.67369 -5.44181e-03 | 44 -0.28294 -1.43889e-03 | 45 -0.70972 -6.33620e-03
 46 -0.71720 -3.37719e-03 | 47 -0.66370  8.46031e+00 | 48 -0.68450 -8.91958e+00
 49 -0.91628  7.73132e+00 | 50 -0.88122 -5.47447e+00 | 51 -0.58297 -4.08289e-03
 52 -0.72743 -6.85156e-03 | 53 -0.10945  1.15785e+01 | 54 -0.08566 -5.02018e+00
 55 -0.14544 -1.15039e+01 | 56 -0.10965  5.58622e+00 |
Maximum number of function evaluations exceeded

 - final statistics:
56 variables; iteration 74; function evaluation 100
Function value 1.7793e+02; maximum gradient component mag -1.9074e+00
Exit code = 3;  converg criter 1.0000e+00
Var    Value     Gradient |Var    Value     Gradient |Var    Value     Gradient
  1  0.15029 -1.90743e+00 |  2 -0.14316 -1.47990e-02 |  3 -0.01063 -3.47354e-02
  4 -0.05138 -3.97986e-02 |  5 -0.00580 -5.12130e-02 |  6 -0.06411 -2.35691e-02
  7 -0.11108 -1.44851e-03 |  8 -0.07024  3.88307e-02 |  9 -0.06774  8.55241e-02
 10  0.02539  9.97924e-03 | 11  0.00514  3.35639e-02 | 12  0.04317  4.52993e-02
 13  0.00284  4.95650e-02 | 14 -0.00542  2.00185e-02 | 15  0.05767  2.46420e-02
 16  0.00488  4.86388e-02 | 17 -0.05612 -2.70863e-02 | 18  0.00052 -5.03989e-02
 19 -0.00447 -5.05850e-04 | 20  0.05819 -3.43190e-02 | 21  0.06051  3.70434e-02
 22 -0.03023 -2.84018e-02 | 23 -0.02182 -8.41611e-03 | 24 -0.10278 -1.12444e-02
 25  0.00505 -5.51757e-02 | 26 -0.02007  2.07346e-02 | 27 -0.00688 -4.06527e-02
 28  0.05463 -1.97410e-01 | 29 -0.00157  3.70377e-02 | 30  0.07045 -6.28549e-03
 31 -0.00906  6.63571e-03 | 32  0.07242  5.09506e-04 | 33  0.03446  1.06254e-02
 34  0.06048 -2.22565e-02 | 35  0.01525 -2.17380e-03 | 36 -0.02179  1.54482e-02
 37  0.01713 -1.82662e-02 | 38  0.00450  1.08013e-01 | 39  0.15887  1.13822e-02
 40  0.17919 -1.46139e-01 | 41  0.15776 -2.79125e-02 | 42  0.12823  7.70927e-02
 43 -0.58665  7.07051e-05 | 44 -0.24051 -7.37718e-05 | 45 -0.29883 -1.40391e-03
 46 -0.71348  1.51143e-03 | 47 -0.69131  1.09684e+00 | 48 -0.71007 -1.16372e+00
 49 -0.90533  6.31195e-01 | 50 -0.86546 -4.72585e-01 | 51 -0.52007  5.92143e-03
 52 -0.34672  1.12385e-03 | 53 -0.11045 -7.87051e-01 | 54 -0.08607  1.22644e+00
 55 -0.15506 -6.88534e-01 | 56 -0.13057  3.20657e-01 |

Initial statistics: 58 variables; iteration 0; function evaluation 0; phase 4
Function value 1.7793021e+02; maximum gradient component mag 1.2970e+02
Var    Value     Gradient |Var    Value     Gradient |Var    Value     Gradient
  1  0.15029 -1.90743e+00 |  2 -0.14316 -1.47990e-02 |  3 -0.01063 -3.47354e-02
  4 -0.05138 -3.97986e-02 |  5 -0.00580 -5.12130e-02 |  6 -0.06411 -2.55045e-02
  7 -0.11108 -3.36423e-03 |  8 -0.07024  3.68973e-02 |  9 -0.06774  8.35898e-02
 10  0.02539  8.03553e-03 | 11  0.00514  3.16187e-02 | 12  0.04317  4.33585e-02
 13  0.00284  4.76198e-02 | 14 -0.00542  1.80733e-02 | 15  0.05767  2.27047e-02
 16  0.00488  4.66936e-02 | 17 -0.05612 -2.90240e-02 | 18  0.00052 -5.23441e-02
 19 -0.00447 -2.45106e-03 | 20  0.05819 -3.62562e-02 | 21  0.06051  3.51070e-02
 22 -0.03023 -3.03448e-02 | 23 -0.02182 -1.03602e-02 | 24 -0.10278 -1.31644e-02
 25  0.00505 -5.71209e-02 | 26 -0.02007  1.87903e-02 | 27 -0.00688 -4.25978e-02
 28  0.05463 -1.99348e-01 | 29 -0.00157  3.50925e-02 | 30  0.07045 -8.21885e-03
 31 -0.00906  4.69065e-03 | 32  0.07242 -1.42318e-03 | 33  0.03446  8.68299e-03
 34  0.06048 -2.41929e-02 | 35  0.01525 -4.11851e-03 | 36 -0.02179  1.35041e-02
 37  0.01713 -2.02108e-02 | 38  0.00450  1.06068e-01 | 39  0.15887  1.13822e-02
 40  0.17919 -1.46139e-01 | 41  0.15776 -2.79125e-02 | 42  0.12823  7.70927e-02
 43 -0.58665  7.07051e-05 | 44 -0.24051 -7.37718e-05 | 45 -0.29883 -1.40391e-03
 46 -0.71348  1.51143e-03 | 47 -0.69131  1.09684e+00 | 48 -0.71007 -1.16372e+00
 49 -0.90533  6.31195e-01 | 50 -0.86546 -4.72585e-01 | 51 -0.52007  5.92143e-03
 52 -0.34672  1.12385e-03 | 53 -0.11045 -7.87051e-01 | 54 -0.08607  1.22644e+00
 55 -0.15506 -6.88534e-01 | 56 -0.13057  3.20657e-01 | 57 -0.05795  1.29696e+02
 58 -0.17585 -1.26067e+02 |

Intermediate statistics: 58 variables; iteration 20; function evaluation 29; phase 4
Function value 1.7514871e+02; maximum gradient component mag -5.5556e+02
Var    Value     Gradient |Var    Value     Gradient |Var    Value     Gradient
  1  0.14947 -5.55561e+02 |  2 -0.14310 -3.25988e-01 |  3 -0.01029 -1.69586e+00
  4 -0.05110 -3.15951e+00 |  5 -0.00661 -7.91604e+00 |  6 -0.06383  8.16347e+00
  7 -0.11097  7.92248e+00 |  8 -0.07069  6.18597e+00 |  9 -0.06865  7.96132e+00
 10  0.02532  6.62870e+00 | 11  0.00534  5.98829e+00 | 12  0.04292  2.03329e+00
 13  0.00246  3.37857e+00 | 14 -0.00523  6.53361e+00 | 15  0.05716 -1.60012e+00
 16  0.00438 -2.12945e+00 | 17 -0.05790 -8.66189e-01 | 18 -0.00169 -3.84727e+00
 19 -0.00482  7.83768e-02 | 20  0.05645  4.97017e-02 | 21  0.05898  1.23567e-01
 22 -0.03085  3.95529e+00 | 23 -0.02323  1.45456e-01 | 24 -0.10515  3.48942e-02
 25  0.00505 -1.12532e+00 | 26 -0.02013 -3.47497e-01 | 27 -0.00936 -1.32351e+01
 28  0.05438 -2.82077e+01 | 29 -0.00119 -6.03481e+00 | 30  0.07199 -7.33187e+00
 31 -0.00775  2.36429e+00 | 32  0.07476 -1.35706e+00 | 33  0.03690  3.93887e+00
 34  0.06106 -6.35394e+00 | 35  0.01577 -3.28187e+00 | 36 -0.02133 -3.30311e+00
 37  0.01885 -4.05209e+00 | 38  0.01003  9.11508e+00 | 39  0.16090 -1.40317e+01
 40  0.17404 -7.17519e+01 | 41  0.15829 -1.32182e+01 | 42  0.12846 -7.03312e+00
 43 -0.58665 -8.74437e-04 | 44 -0.24051 -3.37927e-04 | 45 -0.29880 -1.41509e-03
 46 -0.71351  1.04096e-03 | 47 -0.69212 -1.91923e+01 | 48 -0.71094  2.04958e+01
 49 -0.90707  2.76323e+01 | 50 -0.86982 -1.97220e+01 | 51 -0.52020  1.05613e-02
 52 -0.34675  2.64395e-03 | 53 -0.12392  4.28864e+01 | 54 -0.08850 -2.78943e+01
 55 -0.14461 -6.56169e+01 | 56 -0.10797  3.07257e+01 | 57 -0.07620  6.51854e+01
 58 -0.15929 -2.12605e+01 |
58 variables; iteration 40; function evaluation 57; phase 4
Function value 1.7417026e+02; maximum gradient component mag -1.6640e+02
Var    Value     Gradient |Var    Value     Gradient |Var    Value     Gradient
  1  0.14987 -1.66404e+02 |  2 -0.14379 -4.81889e-01 |  3 -0.01183 -4.36275e+00
  4 -0.05006  5.29005e-01 |  5 -0.00635 -5.86445e+00 |  6 -0.06282  4.11859e+00
  7 -0.10913  5.10377e+00 |  8 -0.07028  2.12512e+00 |  9 -0.06900  6.55055e-01
 10  0.02551  2.18981e+00 | 11  0.00509  1.43611e+00 | 12  0.04430  3.69065e+00
 13  0.00217  5.67041e-01 | 14 -0.00589  1.72811e+00 | 15  0.05810  2.05672e+00
 16  0.00526  1.96468e+00 | 17 -0.05804 -1.24658e+00 | 18 -0.00358 -6.65959e+00
 19 -0.00554 -2.91435e+00 | 20  0.05502 -2.63230e+00 | 21  0.05741 -3.49608e+00
 22 -0.03300 -1.18750e+00 | 23 -0.02329  2.61806e+00 | 24 -0.10505  5.20497e-01
 25  0.00535  2.92419e+00 | 26 -0.02047  4.50493e-02 | 27 -0.00843 -2.18295e+00
 28  0.05415 -9.17474e+00 | 29 -0.00106 -3.25714e+00 | 30  0.07235 -1.15699e+00
 31 -0.00852 -2.66581e+00 | 32  0.07542  7.89612e-01 | 33  0.03641 -9.07982e-01
 34  0.06126 -1.12991e+00 | 35  0.01632  2.01801e+00 | 36 -0.02076  1.87507e+00
 37  0.01872  1.56188e-01 | 38  0.01127  1.22454e+00 | 39  0.16068  2.57760e+00
 40  0.17613 -2.97401e+01 | 41  0.15876  5.95519e-01 | 42  0.12815  1.12869e+00
 43 -0.58643 -3.76746e-04 | 44 -0.24036 -2.00084e-04 | 45 -0.29757 -1.41789e-03
 46 -0.71466  5.98806e-04 | 47 -0.72737  4.94794e+00 | 48 -0.74439 -5.30155e+00
 49 -0.95062 -4.76073e+01 | 50 -0.92992  3.34706e+01 | 51 -0.52540  3.62897e-03
 52 -0.34774  4.51326e-04 | 53 -0.18199  3.06582e+01 | 54 -0.08968 -8.53033e+00
 55 -0.14530 -1.55553e+01 | 56 -0.10964  7.48881e+00 | 57 -0.03865  1.43688e+01
 58 -0.09903  1.73481e+01 |
58 variables; iteration 60; function evaluation 91; phase 4
Function value 1.7384013e+02; maximum gradient component mag 3.7628e+00
Var    Value     Gradient |Var    Value     Gradient |Var    Value     Gradient
  1  0.15006 -2.27261e+00 |  2 -0.14305  4.89387e-03 |  3 -0.01048  2.44885e-02
  4 -0.05111 -1.62754e-02 |  5 -0.00559 -1.94328e-01 |  6 -0.06404  1.54457e-01
  7 -0.11116  6.60648e-02 |  8 -0.07038 -7.78950e-02 |  9 -0.06815  1.37167e-01
 10  0.02519 -2.85152e-01 | 11  0.00523  9.19521e-02 | 12  0.04347  2.89461e-01
 13  0.00283  2.24973e-01 | 14 -0.00568  2.90648e-02 | 15  0.05761  1.12651e-01
 16  0.00454  2.70358e-01 | 17 -0.05755  2.87455e-01 | 18 -0.00245 -2.06555e-02
 19 -0.00482  2.26012e-01 | 20  0.05530 -4.13005e-02 | 21  0.05831  3.81455e-01
 22 -0.03200 -4.63764e-02 | 23 -0.02427 -2.64220e-02 | 24 -0.10492  1.00267e-01
 25  0.00446 -4.65856e-02 | 26 -0.02070  1.68637e-01 | 27 -0.00879  1.62661e-01
 28  0.05457 -2.10078e-01 | 29 -0.00057 -3.68415e-01 | 30  0.07238 -1.92225e-01
 31 -0.00763 -1.63895e-01 | 32  0.07513 -3.07811e-01 | 33  0.03662 -1.30263e-01
 34  0.06131 -1.61385e-01 | 35  0.01599 -2.49745e-01 | 36 -0.02103 -2.57017e-01
 37  0.01875  2.16345e-02 | 38  0.01171 -1.03992e-01 | 39  0.15981 -1.10429e-01
 40  0.17583 -3.96813e-01 | 41  0.15822 -7.65814e-02 | 42  0.12768 -1.46428e-02
 43 -0.58534  8.44863e-05 | 44 -0.23826 -7.08108e-05 | 45 -0.27174 -1.26942e-03
 46 -0.71639  7.98660e-05 | 47 -0.72925 -1.41701e+00 | 48 -0.74590  1.49818e+00
 49 -0.92554 -9.12622e-01 | 50 -0.89457  6.06358e-01 | 51 -0.55372 -5.74720e-04
 52 -0.34565 -6.79281e-04 | 53 -0.15503  3.76278e+00 | 54 -0.12370 -3.58415e+00
 55 -0.15202  7.36917e-01 | 56 -0.12416 -3.20315e-01 | 57 -0.11732  1.12705e+00
 58 -0.15418  2.65046e+00 |
58 variables; iteration 80; function evaluation 114; phase 4
Function value 1.7383424e+02; maximum gradient component mag 8.4143e+00
Var    Value     Gradient |Var    Value     Gradient |Var    Value     Gradient
  1  0.15005 -5.83337e-01 |  2 -0.14310 -2.71498e-03 |  3 -0.01054 -9.08117e-04
  4 -0.05113  7.12395e-04 |  5 -0.00555 -9.51613e-03 |  6 -0.06413  1.10174e-02
  7 -0.11123  1.27011e-02 |  8 -0.07036  1.86094e-03 |  9 -0.06823  1.49724e-03
 10  0.02539  8.99193e-03 | 11  0.00524  7.87004e-03 | 12  0.04338  4.93237e-03
 13  0.00275 -1.64892e-03 | 14 -0.00571  6.95146e-04 | 15  0.05762  5.15937e-03
 16  0.00450  1.28300e-02 | 17 -0.05765  8.80894e-03 | 18 -0.00239  1.54465e-02
 19 -0.00487  6.78257e-03 | 20  0.05533  1.28808e-02 | 21  0.05821  5.78366e-03
 22 -0.03197  1.83247e-02 | 23 -0.02424  2.41330e-02 | 24 -0.10497  1.11936e-02
 25  0.00447  2.74315e-02 | 26 -0.02076  1.96567e-03 | 27 -0.00881 -6.96715e-03
 28  0.05462 -5.24536e-04 | 29 -0.00051 -1.39868e-02 | 30  0.07240 -4.73591e-02
 31 -0.00759  2.13702e-03 | 32  0.07519 -5.38112e-02 | 33  0.03665 -3.06809e-02
 34  0.06134 -1.88158e-02 | 35  0.01604 -9.21320e-03 | 36 -0.02097 -3.62016e-03
 37  0.01877  8.47731e-03 | 38  0.01177 -2.32004e-02 | 39  0.15983  1.18725e-02
 40  0.17580 -1.21611e-01 | 41  0.15823 -8.25906e-03 | 42  0.12766  1.62494e-02
 43 -0.58528  5.12315e-04 | 44 -0.22689  1.07420e-04 | 45 -0.10280 -3.31720e-04
 46 -0.72081  3.99603e-05 | 47 -0.69649 -1.14272e-01 | 48 -0.71527  1.21235e-01
 49 -0.78221  1.02552e-01 | 50 -0.69037 -7.66272e-02 | 51 -0.59362 -2.70556e-03
 52 -0.30023 -8.98909e-04 | 53 -0.14060  4.34135e+00 | 54 -0.16923 -4.56869e-01
 55 -0.16744 -2.84244e+00 | 56 -0.15754  1.30740e+00 | 57 -0.20146 -4.20806e+00
 58 -0.20621  8.41429e+00 |
58 variables; iteration 100; function evaluation 136; phase 4
Function value 1.7383410e+02; maximum gradient component mag 4.8221e-01
Var    Value     Gradient |Var    Value     Gradient |Var    Value     Gradient
  1  0.15005  1.43314e-02 |  2 -0.14309 -1.19514e-04 |  3 -0.01054  2.06577e-03
  4 -0.05114  1.03352e-03 |  5 -0.00555  8.57969e-04 |  6 -0.06413  2.20058e-03
  7 -0.11123  1.14588e-03 |  8 -0.07036 -3.16356e-04 |  9 -0.06822 -1.78841e-03
 10  0.02539  6.97761e-04 | 11  0.00524  4.05363e-04 | 12  0.04338  5.96476e-04
 13  0.00275 -3.46866e-04 | 14 -0.00571 -5.50327e-04 | 15  0.05762  2.83889e-03
 16  0.00449  4.23141e-03 | 17 -0.05765  1.93166e-03 | 18 -0.00240  2.84366e-03
 19 -0.00487  8.01759e-04 | 20  0.05533  2.10068e-03 | 21  0.05821  5.78547e-04
 22 -0.03197  3.32466e-04 | 23 -0.02424  2.47716e-03 | 24 -0.10497  5.15890e-04
 25  0.00447  2.52622e-03 | 26 -0.02076  5.03618e-04 | 27 -0.00882  1.38690e-03
 28  0.05461 -6.65795e-04 | 29 -0.00051 -4.24662e-03 | 30  0.07240 -3.80824e-03
 31 -0.00759 -1.41878e-03 | 32  0.07518 -3.52893e-03 | 33  0.03665 -3.99273e-03
 34  0.06134 -7.46839e-04 | 35  0.01604 -9.61020e-04 | 36 -0.02097 -2.19612e-03
 37  0.01877  1.76199e-03 | 38  0.01177 -5.09975e-03 | 39  0.15983  1.37173e-03
 40  0.17580 -1.68887e-02 | 41  0.15823 -1.83103e-03 | 42  0.12766 -5.80360e-04
 43 -0.59138 -4.50672e-04 | 44 -0.22605 -9.76161e-05 | 45  0.00292  2.01376e-04
 46 -0.72376  2.70256e-06 | 47 -0.69598 -4.06729e-02 | 48 -0.71480  4.31698e-02
 49 -0.77705 -2.67930e-02 | 50 -0.68292  1.82683e-02 | 51 -0.56321 -5.48124e-05
 52 -0.29902 -8.38937e-05 | 53 -0.14268  4.82213e-01 | 54 -0.16501 -4.10751e-01
 55 -0.16215  3.16370e-02 | 56 -0.14607 -1.57071e-02 | 57 -0.19284  3.05809e-02
 58 -0.20061  4.38463e-01 |
58 variables; iteration 120; function evaluation 157; phase 4
Function value 1.7383406e+02; maximum gradient component mag 6.1728e-02
Var    Value     Gradient |Var    Value     Gradient |Var    Value     Gradient
  1  0.15005  6.16789e-03 |  2 -0.14309 -1.02972e-04 |  3 -0.01054  8.63756e-04
  4 -0.05114 -5.28078e-05 |  5 -0.00555 -8.40318e-05 |  6 -0.06413  1.28808e-03
  7 -0.11123  1.17793e-03 |  8 -0.07035 -2.95924e-04 |  9 -0.06822  3.70701e-04
 10  0.02539 -1.07741e-04 | 11  0.00524  2.26002e-04 | 12  0.04338  4.56071e-04
 13  0.00275  6.06995e-04 | 14 -0.00571 -4.05745e-05 | 15  0.05762  1.49450e-03
 16  0.00449  2.06459e-03 | 17 -0.05765  1.46004e-03 | 18 -0.00240  1.08697e-03
 19 -0.00487  5.15226e-04 | 20  0.05533  4.86760e-04 | 21  0.05821  6.33318e-04
 22 -0.03197 -1.41522e-04 | 23 -0.02424  7.95306e-04 | 24 -0.10497  2.00591e-04
 25  0.00447  1.62369e-04 | 26 -0.02076  1.12155e-04 | 27 -0.00882  1.07077e-03
 28  0.05462 -6.84474e-04 | 29 -0.00051 -2.98173e-03 | 30  0.07240 -7.69473e-04
 31 -0.00759 -2.10818e-03 | 32  0.07518 -7.56693e-05 | 33  0.03665 -1.05995e-03
 34  0.06134 -4.98258e-04 | 35  0.01604 -1.13736e-03 | 36 -0.02097 -2.40236e-03
 37  0.01877  3.50854e-06 | 38  0.01177 -1.42358e-03 | 39  0.15983 -1.06942e-03
 40  0.17580 -4.42985e-04 | 41  0.15823 -1.73975e-03 | 42  0.12766 -2.90091e-03
 43 -0.58839 -3.25185e-05 | 44 -0.22732 -1.49769e-05 | 45 -0.04828 -5.47999e-05
 46 -0.72235  8.55932e-06 | 47 -0.69593 -3.15957e-02 | 48 -0.71474  3.35352e-02
 49 -0.77683 -1.14818e-02 | 50 -0.68261  7.86469e-03 | 51 -0.56741 -4.57647e-05
 52 -0.28502  4.95403e-05 | 53 -0.14710  1.49224e-02 | 54 -0.15705 -3.23007e-02
 55 -0.15553  6.17283e-02 | 56 -0.13175 -2.67141e-02 | 57 -0.17613  2.55482e-02
 58 -0.18955 -1.18591e-02 |
58 variables; iteration 140; function evaluation 178; phase 4
Function value 1.7383401e+02; maximum gradient component mag -2.2116e-01
Var    Value     Gradient |Var    Value     Gradient |Var    Value     Gradient
  1  0.15005  7.60685e-02 |  2 -0.14309 -2.96226e-05 |  3 -0.01054 -3.09486e-04
  4 -0.05114  7.19575e-05 |  5 -0.00555  1.88778e-03 |  6 -0.06413 -2.08795e-03
  7 -0.11123 -1.47613e-03 |  8 -0.07036 -4.80668e-04 |  9 -0.06822 -1.13346e-03
 10  0.02539  9.11481e-04 | 11  0.00524 -1.41708e-03 | 12  0.04338 -2.58981e-03
 13  0.00275 -2.18104e-03 | 14 -0.00571 -7.99239e-04 | 15  0.05762 -1.86461e-03
 16  0.00449 -2.94460e-03 | 17 -0.05765 -2.51060e-03 | 18 -0.00240 -1.24758e-03
 19 -0.00487 -2.58373e-03 | 20  0.05533 -1.03641e-03 | 21  0.05821 -3.10716e-03
 22 -0.03197 -1.17009e-03 | 23 -0.02424 -1.73872e-03 | 24 -0.10497 -1.54505e-03
 25  0.00447 -1.64297e-03 | 26 -0.02076 -1.42492e-03 | 27 -0.00882 -7.80971e-06
 28  0.05462  5.21543e-03 | 29 -0.00051  3.69146e-03 | 30  0.07240  5.79411e-03
 31 -0.00759  7.26515e-04 | 32  0.07518  7.26169e-03 | 33  0.03665  3.64359e-03
 34  0.06134  2.82351e-03 | 35  0.01604  1.85578e-03 | 36 -0.02097  1.54338e-03
 37  0.01877 -5.60852e-04 | 38  0.01177  2.16749e-03 | 39  0.15983 -2.61061e-04
 40  0.17580  2.17705e-02 | 41  0.15823  1.26988e-03 | 42  0.12766 -3.95263e-03
 43 -0.58969 -8.72564e-05 | 44 -0.22295  5.41698e-06 | 45 -0.04280 -2.77446e-05
 46 -0.72253 -9.56468e-06 | 47 -0.69561  2.82724e-02 | 48 -0.71444 -3.00609e-02
 49 -0.77664  1.80016e-02 | 50 -0.68234 -1.24369e-02 | 51 -0.55577  9.30573e-05
 52 -0.31992 -2.36932e-04 | 53 -0.15003 -1.46183e-01 | 54 -0.13892  6.49283e-02
 55 -0.15635 -2.41902e-02 | 56 -0.13351  1.17403e-02 | 57 -0.14552  7.62120e-02
 58 -0.17172 -2.21165e-01 |
58 variables; iteration 160; function evaluation 198; phase 4
Function value 1.7383400e+02; maximum gradient component mag 4.6903e-02
Var    Value     Gradient |Var    Value     Gradient |Var    Value     Gradient
  1  0.15005  4.69034e-02 |  2 -0.14309 -3.46060e-05 |  3 -0.01054 -6.59634e-04
  4 -0.05114  4.17511e-04 |  5 -0.00555  1.26375e-03 |  6 -0.06413 -1.96293e-03
  7 -0.11123 -1.18320e-03 |  8 -0.07036 -1.12273e-04 |  9 -0.06822 -1.16991e-03
 10  0.02539  1.23825e-03 | 11  0.00524 -9.50088e-04 | 12  0.04338 -2.38285e-03
 13  0.00275 -2.61950e-03 | 14 -0.00571 -7.01341e-04 | 15  0.05762 -2.35539e-03
 16  0.00449 -3.00282e-03 | 17 -0.05765 -2.84905e-03 | 18 -0.00240 -6.96340e-04
 19 -0.00487 -2.12627e-03 | 20  0.05533 -2.11571e-04 | 21  0.05821 -2.50345e-03
 22 -0.03197 -2.33124e-04 | 23 -0.02424 -6.28816e-04 | 24 -0.10497 -1.36765e-03
 25  0.00447 -2.64052e-04 | 26 -0.02076 -6.23722e-04 | 27 -0.00882 -1.61407e-04
 28  0.05462  5.77386e-03 | 29 -0.00051  3.58667e-03 | 30  0.07240  2.72605e-03
 31 -0.00759  1.13750e-03 | 32  0.07518  4.01069e-03 | 33  0.03665  1.36325e-03
 34  0.06134  2.57735e-03 | 35  0.01604  2.78605e-03 | 36 -0.02097  3.13951e-03
 37  0.01877  5.07449e-04 | 38  0.01178 -8.96917e-04 | 39  0.15983  2.48179e-03
 40  0.17580  5.35407e-03 | 41  0.15823  2.03113e-03 | 42  0.12766 -2.70556e-03
 43 -0.58395 -8.36552e-06 | 44 -0.24696 -1.57387e-04 | 45 -0.03580  7.38390e-06
 46 -0.72272 -1.22945e-05 | 47 -0.69559  3.01198e-02 | 48 -0.71443 -3.20143e-02
 49 -0.77671  2.04739e-02 | 50 -0.68245 -1.42397e-02 | 51 -0.56524  1.42244e-05
 52 -0.29057  1.61570e-05 | 53 -0.15460 -1.13069e-02 | 54 -0.13872 -7.71466e-03
 55 -0.15698  2.48402e-02 | 56 -0.13488 -1.15554e-02 | 57 -0.14067  2.46766e-02
 58 -0.16695 -3.64447e-02 |
58 variables; iteration 180; function evaluation 218; phase 4
Function value 1.7383399e+02; maximum gradient component mag 2.5161e-01
Var    Value     Gradient |Var    Value     Gradient |Var    Value     Gradient
  1  0.15005 -8.27678e-02 |  2 -0.14309  1.20509e-05 |  3 -0.01054  1.08872e-05
  4 -0.05114  4.28281e-05 |  5 -0.00555  1.59175e-04 |  6 -0.06413  1.14778e-03
  7 -0.11123  1.16968e-03 |  8 -0.07036  1.25311e-03 |  9 -0.06822  1.19345e-03
 10  0.02539  1.28472e-03 | 11  0.00524  1.18391e-03 | 12  0.04338  1.15492e-03
 13  0.00275  1.16453e-03 | 14 -0.00571  1.21457e-03 | 15  0.05762  1.18381e-03
 16  0.00449  1.12365e-03 | 17 -0.05765  1.11186e-03 | 18 -0.00240  1.13537e-03
 19 -0.00487  1.09786e-03 | 20  0.05533  1.09936e-03 | 21  0.05821  1.00293e-03
 22 -0.03197  6.14046e-04 | 23 -0.02424  7.78647e-04 | 24 -0.10497  7.12604e-04
 25  0.00447 -4.24957e-05 | 26 -0.02076  7.35971e-04 | 27 -0.00882  5.50885e-04
 28  0.05462 -2.93200e-03 | 29 -0.00051 -2.06282e-03 | 30  0.07240 -4.58122e-03
 31 -0.00759 -5.29025e-04 | 32  0.07518 -6.68066e-03 | 33  0.03665 -3.16475e-03
 34  0.06134 -1.11044e-03 | 35  0.01604  1.85165e-04 | 36 -0.02097  1.44062e-03
 37  0.01877  1.77649e-03 | 38  0.01178 -4.19919e-03 | 39  0.15983  8.03029e-05
 40  0.17580 -3.61664e-02 | 41  0.15823  1.11365e-04 | 42  0.12766 -2.88040e-04
 43 -0.58838  1.03095e-05 | 44 -0.22616  3.03913e-06 | 45 -0.03765 -1.60816e-06
 46 -0.72265 -7.35217e-07 | 47 -0.69573  1.33137e-03 | 48 -0.71456 -1.42296e-03
 49 -0.77671 -6.05745e-04 | 50 -0.68245  4.27708e-04 | 51 -0.56486  3.13930e-06
 52 -0.29209 -1.43924e-06 | 53 -0.16930  2.51610e-01 | 54 -0.13913 -2.33175e-01
 55 -0.15693  1.48072e-02 | 56 -0.13478 -6.87742e-03 | 57 -0.12674  3.88164e-02
 58 -0.15259  2.14321e-01 |
58 variables; iteration 200; function evaluation 240; phase 4
Function value 1.7383398e+02; maximum gradient component mag 1.9329e-01
Var    Value     Gradient |Var    Value     Gradient |Var    Value     Gradient
  1  0.15005 -6.81854e-02 |  2 -0.14309  3.95170e-08 |  3 -0.01054 -1.12814e-04
  4 -0.05114 -2.94985e-05 |  5 -0.00555  2.40340e-04 |  6 -0.06413  7.29967e-04
  7 -0.11123  8.04888e-04 |  8 -0.07036  1.05221e-03 |  9 -0.06822  9.50687e-04
 10  0.02539  1.23898e-03 | 11  0.00524  8.98833e-04 | 12  0.04338  7.20256e-04
 13  0.00275  8.06731e-04 | 14 -0.00571  1.01975e-03 | 15  0.05762  7.71714e-04
 16  0.00449  5.68508e-04 | 17 -0.05765  6.96455e-04 | 18 -0.00240  8.71109e-04
 19 -0.00487  7.19253e-04 | 20  0.05533  9.01055e-04 | 21  0.05821  6.06906e-04
 22 -0.03197  8.14727e-04 | 23 -0.02424  6.69654e-04 | 24 -0.10497  7.58733e-04
 25  0.00447  3.80097e-04 | 26 -0.02076  5.22104e-04 | 27 -0.00882  3.54865e-04
 28  0.05462 -7.34262e-04 | 29 -0.00051 -1.37855e-03 | 30  0.07240 -3.97570e-03
 31 -0.00759 -5.82310e-04 | 32  0.07518 -5.77921e-03 | 33  0.03665 -2.80136e-03
 34  0.06134 -9.06438e-04 | 35  0.01604  2.50726e-04 | 36 -0.02097  1.47064e-03
 37  0.01877  1.55277e-03 | 38  0.01178 -3.95133e-03 | 39  0.15983 -7.21552e-05
 40  0.17580 -2.98132e-02 | 41  0.15823  2.36804e-04 | 42  0.12766 -9.44242e-04
 43 -0.58941 -1.96603e-05 | 44 -0.22231  2.51093e-05 | 45 -0.03704  1.37524e-06
 46 -0.72267 -2.98601e-06 | 47 -0.69570  5.68419e-03 | 48 -0.71453 -6.03601e-03
 49 -0.77671  4.00820e-03 | 50 -0.68245 -2.78283e-03 | 51 -0.56520  7.28384e-08
 52 -0.29105  7.37185e-06 | 53 -0.18977  1.93286e-01 | 54 -0.13895 -1.68978e-01
 55 -0.15693  3.28869e-03 | 56 -0.13478 -1.55216e-03 | 57 -0.10648  1.36813e-02
 58 -0.13229  1.84076e-01 |
58 variables; iteration 220; function evaluation 265; phase 4
Function value 1.7383398e+02; maximum gradient component mag -1.9026e-02
Var    Value     Gradient |Var    Value     Gradient |Var    Value     Gradient
  1  0.15005 -5.98228e-03 |  2 -0.14309  1.88166e-06 |  3 -0.01054 -1.59420e-06
  4 -0.05114 -1.99595e-06 |  5 -0.00555  1.20238e-05 |  6 -0.06413  8.21593e-05
  7 -0.11123  8.11931e-05 |  8 -0.07036  8.96192e-05 |  9 -0.06822  8.85211e-05
 10  0.02539  8.80716e-05 | 11  0.00524  8.29933e-05 | 12  0.04338  8.73222e-05
 13  0.00275  9.20331e-05 | 14 -0.00571  8.98109e-05 | 15  0.05762  9.17125e-05
 16  0.00449  8.19830e-05 | 17 -0.05765  8.49106e-05 | 18 -0.00240  6.89501e-05
 19 -0.00487  7.52106e-05 | 20  0.05533  6.15727e-05 | 21  0.05821  6.20329e-05
 22 -0.03197 -4.80017e-06 | 23 -0.02424  1.90333e-05 | 24 -0.10497  2.76318e-05
 25  0.00447 -8.63300e-05 | 26 -0.02076  4.79823e-05 | 27 -0.00882  5.89711e-05
 28  0.05462 -3.28606e-04 | 29 -0.00051 -1.50422e-04 | 30  0.07240 -2.51334e-04
 31 -0.00759 -2.81296e-05 | 32  0.07518 -3.87006e-04 | 33  0.03665 -1.67211e-04
 34  0.06134 -5.65356e-05 | 35  0.01604  1.61969e-05 | 36 -0.02097  9.41870e-05
 37  0.01877  1.16043e-04 | 38  0.01178 -2.26093e-04 | 39  0.15983 -2.04335e-05
 40  0.17580 -2.51023e-03 | 41  0.15823  1.44310e-06 | 42  0.12766 -3.61647e-05
 43 -0.58846 -1.71777e-08 | 44 -0.22609  1.32282e-06 | 45 -0.03734 -3.41003e-08
 46 -0.72266  2.96900e-08 | 47 -0.69573  8.67618e-05 | 48 -0.71456 -9.23748e-05
 49 -0.77672 -1.30110e-04 | 50 -0.68245  9.03513e-05 | 51 -0.56496  2.44117e-07
 52 -0.29184  2.02114e-09 | 53 -0.20178  1.81990e-02 | 54 -0.13928 -1.90259e-02
 55 -0.15690  1.30179e-03 | 56 -0.13470 -6.05494e-04 | 57 -0.09538  5.53942e-03
 58 -0.12088  1.32975e-02 |

 - final statistics:
58 variables; iteration 228; function evaluation 273
Function value 1.7383e+02; maximum gradient component mag -1.5373e-05
Exit code = 1;  converg criter 1.0000e-04
Var    Value     Gradient |Var    Value     Gradient |Var    Value     Gradient
  1  0.15005 -6.07802e-06 |  2 -0.14309 -9.91355e-10 |  3 -0.01054  2.07119e-08
  4 -0.05114 -2.01200e-09 |  5 -0.00555  3.51950e-08 |  6 -0.06413  1.01777e-07
  7 -0.11123  9.07947e-08 |  8 -0.07036  8.97016e-08 |  9 -0.06822  8.23967e-08
 10  0.02539  1.07328e-07 | 11  0.00524  8.62892e-08 | 12  0.04338  8.80403e-08
 13  0.00275  1.01417e-07 | 14 -0.00571  9.41364e-08 | 15  0.05762  1.24972e-07
 16  0.00449  1.15353e-07 | 17 -0.05765  1.10985e-07 | 18 -0.00240  9.85951e-08
 19 -0.00487  7.94724e-08 | 20  0.05533  8.11623e-08 | 21  0.05821  6.05568e-08
 22 -0.03197  3.12092e-08 | 23 -0.02424  4.79701e-08 | 24 -0.10497  6.01689e-08
 25  0.00447 -3.00998e-08 | 26 -0.02076  2.29046e-08 | 27 -0.00882  2.26298e-08
 28  0.05462 -3.42667e-07 | 29 -0.00051 -1.49380e-07 | 30  0.07240 -2.97295e-07
 31 -0.00759  6.49501e-10 | 32  0.07518 -4.95249e-07 | 33  0.03665 -1.77469e-07
 34  0.06134 -1.16892e-07 | 35  0.01604 -4.95239e-08 | 36 -0.02097  4.23716e-08
 37  0.01877  9.71781e-08 | 38  0.01178 -1.69277e-07 | 39  0.15983 -6.70729e-08
 40  0.17580 -2.26118e-06 | 41  0.15823 -2.47804e-08 | 42  0.12766  9.37563e-08
 43 -0.58842 -2.64191e-09 | 44 -0.22626  2.35327e-09 | 45 -0.03733  1.12303e-09
 46 -0.72266 -4.90188e-10 | 47 -0.69573 -6.41708e-08 | 48 -0.71456  6.80676e-08
 49 -0.77672  4.27435e-08 | 50 -0.68245 -3.16337e-08 | 51 -0.56496 -6.98763e-10
 52 -0.29183  4.83307e-10 | 53 -0.20236  1.53518e-05 | 54 -0.13925 -1.53734e-05
 55 -0.15690 -6.18596e-06 | 56 -0.13469  2.86539e-06 | 57 -0.09478  3.72548e-06
 58 -0.12029  1.21722e-05 |
Estimating row 1 out of 58 for hessian
Estimating row 2 out of 58 for hessian
Estimating row 3 out of 58 for hessian
Estimating row 4 out of 58 for hessian
Estimating row 5 out of 58 for hessian
Estimating row 6 out of 58 for hessian
Estimating row 7 out of 58 for hessian
Estimating row 8 out of 58 for hessian
Estimating row 9 out of 58 for hessian
Estimating row 10 out of 58 for hessian
Estimating row 11 out of 58 for hessian
Estimating row 12 out of 58 for hessian
Estimating row 13 out of 58 for hessian
Estimating row 14 out of 58 for hessian
Estimating row 15 out of 58 for hessian
Estimating row 16 out of 58 for hessian
Estimating row 17 out of 58 for hessian
Estimating row 18 out of 58 for hessian
Estimating row 19 out of 58 for hessian
Estimating row 20 out of 58 for hessian
Estimating row 21 out of 58 for hessian
Estimating row 22 out of 58 for hessian
Estimating row 23 out of 58 for hessian
Estimating row 24 out of 58 for hessian
Estimating row 25 out of 58 for hessian
Estimating row 26 out of 58 for hessian
Estimating row 27 out of 58 for hessian
Estimating row 28 out of 58 for hessian
Estimating row 29 out of 58 for hessian
Estimating row 30 out of 58 for hessian
Estimating row 31 out of 58 for hessian
Estimating row 32 out of 58 for hessian
Estimating row 33 out of 58 for hessian
Estimating row 34 out of 58 for hessian
Estimating row 35 out of 58 for hessian
Estimating row 36 out of 58 for hessian
Estimating row 37 out of 58 for hessian
Estimating row 38 out of 58 for hessian
Estimating row 39 out of 58 for hessian
Estimating row 40 out of 58 for hessian
Estimating row 41 out of 58 for hessian
Estimating row 42 out of 58 for hessian
Estimating row 43 out of 58 for hessian
Estimating row 44 out of 58 for hessian
Estimating row 45 out of 58 for hessian
Estimating row 46 out of 58 for hessian
Estimating row 47 out of 58 for hessian
Estimating row 48 out of 58 for hessian
Estimating row 49 out of 58 for hessian
Estimating row 50 out of 58 for hessian
Estimating row 51 out of 58 for hessian
Estimating row 52 out of 58 for hessian
Estimating row 53 out of 58 for hessian
Estimating row 54 out of 58 for hessian
Estimating row 55 out of 58 for hessian
Estimating row 56 out of 58 for hessian
Estimating row 57 out of 58 for hessian
Estimating row 58 out of 58 for hessian
size of file gradfil1.tmp = 0
size of file gradfil2.tmp = 0
size of file varssave.tmp = 0
size of file cmpdiff.tmp = 0
