
Initial statistics: 3 variables; iteration 0; function evaluation 0; phase 1
Function value 4.3088599e+03; maximum gradient component mag 2.9052e+04
Var    Value     Gradient |Var    Value     Gradient |Var    Value     Gradient
  1  0.39650  2.90522e+04 |  2  0.21635  2.46658e+04 |  3  0.21635  9.34819e+03

 - final statistics:
3 variables; iteration 10; function evaluation 18
Function value 6.0198e+02; maximum gradient component mag 6.1082e-01
Exit code = 1;  converg criter 1.0000e+01
Var    Value     Gradient |Var    Value     Gradient |Var    Value     Gradient
  1  0.17959  6.10817e-01 |  2  0.22213  1.04788e-01 |  3  0.20668  2.80056e-01

Initial statistics: 47 variables; iteration 0; function evaluation 0; phase 2
Function value 6.0197934e+02; maximum gradient component mag 2.6352e+03
Var    Value     Gradient |Var    Value     Gradient |Var    Value     Gradient
  1  0.17959  6.10817e-01 |  2  0.00000  5.02236e+01 |  3  0.00000 -1.10476e+02
  4  0.00000  3.83370e+01 |  5  0.00000 -6.95581e+01 |  6  0.00000 -2.54233e+01
  7  0.00000  5.33612e+01 |  8  0.00000  6.33532e+00 |  9  0.00000  1.09917e+01
 10  0.00000 -7.54260e+01 | 11  0.00000  1.04216e+01 | 12  0.00000 -4.83852e+01
 13  0.00000 -7.29217e-01 | 14  0.00000  1.20077e-01 | 15  0.00000 -7.51832e+01
 16  0.00000  1.97948e+01 | 17  0.00000  1.08946e+02 | 18  0.00000  9.58896e+00
 19  0.00000  3.57082e+01 | 20  0.00000 -1.27272e+02 | 21  0.00000 -1.26013e+02
 22  0.00000  1.35463e+02 | 23  0.00000  3.24807e+01 | 24  0.00000  2.67266e+02
 25  0.00000  9.07458e+01 | 26  0.00000  6.64151e+00 | 27  0.00000  2.60932e+01
 28  0.00000 -6.86581e+01 | 29  0.00000  1.87262e+02 | 30  0.00000 -2.88628e+02
 31  0.00000  2.03814e+02 | 32  0.00000 -3.14459e+02 | 33  0.00000  1.10345e+01
 34  0.00000 -2.30575e+02 | 35  0.00000  1.64683e+02 | 36  0.22213  1.04788e-01
 37  0.21635  2.63519e+03 | 38  0.20668  2.80056e-01 | 39 -1.00000 -1.08293e-07
 40  0.00000  1.16737e-04 | 41  0.00000  3.40013e-01 | 42 -0.53989  7.17551e+00
 43 -1.00000 -1.08293e-07 | 44 -0.53989  1.21779e+01 | 45 -1.00000 -1.08293e-07
 46 -0.53989  3.46789e+00 | 47 -0.17585 -4.64104e+02 |

Intermediate statistics: 47 variables; iteration 20; function evaluation 34; phase 2
Function value 3.6358093e+02; maximum gradient component mag 1.6522e+03
Var    Value     Gradient |Var    Value     Gradient |Var    Value     Gradient
  1  0.21154  6.58153e+02 |  2 -0.18033 -3.15965e+01 |  3  0.17207  1.57339e+02
  4  0.00943 -7.91074e+01 |  5  0.11607  7.79340e+01 |  6  0.06248 -6.50579e+01
  7 -0.05256 -1.76016e+02 |  8 -0.01653 -1.27280e+02 |  9  0.01538 -9.97709e+01
 10  0.09271 -2.56906e+01 | 11  0.00754 -1.22531e+02 | 12  0.03379 -8.04789e+01
 13 -0.00921 -1.18816e+02 | 14  0.01041 -9.21558e+01 | 15  0.05335 -4.07867e+01
 16 -0.02382 -9.55557e+01 | 17 -0.11235 -1.63629e+02 | 18 -0.01222 -7.40544e+01
 19 -0.02514 -8.24902e+01 | 20  0.11654  6.40855e+01 | 21  0.07553 -1.51924e+01
 22 -0.05730 -7.60102e+01 | 23 -0.08925 -2.11786e+02 | 24 -0.17739 -1.48669e+02
 25 -0.09494 -1.24574e+02 | 26 -0.08430 -1.47834e+02 | 27 -0.03282 -7.50842e+01
 28  0.03614  2.01499e+02 | 29 -0.01379 -7.10674e+01 | 30  0.05922 -7.73177e+01
 31  0.02046  1.02486e+02 | 32 -0.01421 -3.75240e+02 | 33 -0.00639 -2.02357e+02
 34  0.01633 -3.79281e+02 | 35  0.15457  1.63012e+02 | 36  0.19476 -1.32281e+03
 37  0.18984  1.65224e+03 | 38  0.18857 -4.14405e+02 | 39 -1.46521 -1.01771e+00
 40 -0.00026  1.87222e-01 | 41 -0.00656  8.63010e-03 | 42 -0.68061  2.65080e-01
 43 -1.36092  5.13873e+02 | 44 -0.57941  4.57635e+02 | 45 -1.19254  2.96223e+01
 46 -0.51954  1.59331e+01 | 47 -0.06074  3.39965e+01 |
47 variables; iteration 40; function evaluation 63; phase 2
Function value 3.0038846e+02; maximum gradient component mag -7.5278e+02
Var    Value     Gradient |Var    Value     Gradient |Var    Value     Gradient
  1  0.19417 -1.71905e+02 |  2 -0.14564 -2.43283e+01 |  3  0.17789  1.60121e+02
  4  0.02550 -7.08748e+01 |  5  0.13858  8.47164e+01 |  6  0.08814 -4.76084e+01
  7 -0.02017 -1.50344e+02 |  8  0.02070 -8.65670e+01 |  9  0.03082 -8.90696e+01
 10  0.10210  4.51531e+00 | 11 -0.01068 -1.41969e+02 | 12  0.02725 -6.65216e+01
 13 -0.01602 -9.64716e+01 | 14 -0.00635 -8.87458e+01 | 15  0.03973 -4.51022e+01
 16 -0.05723 -1.39884e+02 | 17 -0.15509 -1.98387e+02 | 18 -0.02649 -1.44389e+02
 19 -0.03548 -1.12150e+02 | 20  0.10410  9.08447e+00 | 21  0.06954 -3.67926e+01
 22 -0.08826 -1.46632e+02 | 23 -0.08584 -2.10229e+02 | 24 -0.16491 -1.49360e+02
 25 -0.08985 -1.70519e+02 | 26 -0.11064 -1.81804e+02 | 27 -0.03520 -8.03827e+01
 28  0.03330  1.57212e+02 | 29 -0.02920 -1.29190e+02 | 30  0.08011  9.38200e+01
 31 -0.01672 -1.28437e+02 | 32  0.05730 -5.60517e+01 | 33 -0.00139 -2.70748e+02
 34  0.07661 -1.90447e+02 | 35  0.14914  7.47049e+01 | 36  0.20950 -7.52783e+02
 37  0.18720 -3.80998e+02 | 38  0.20513  9.57330e+01 | 39 -1.54743 -6.24787e+00
 40 -0.25570  7.18259e-01 | 41 -0.07335  8.71477e-02 | 42 -1.38397 -2.29328e+00
 43 -1.34161  1.91284e+02 | 44 -0.65010  1.88577e+02 | 45 -1.06544  8.25165e+01
 46 -0.86640  4.02773e+01 | 47 -0.04588  9.00226e+01 |
47 variables; iteration 60; function evaluation 96; phase 2
Function value 2.1383740e+02; maximum gradient component mag -2.7455e+01
Var    Value     Gradient |Var    Value     Gradient |Var    Value     Gradient
  1  0.16055 -2.74547e+01 |  2 -0.15222  1.18996e+00 |  3 -0.02832 -1.98040e+00
  4 -0.06881 -7.94862e-01 |  5 -0.02372 -3.50429e+00 |  6 -0.07572  1.35800e+00
  7 -0.12072 -7.01943e-01 |  8 -0.07959 -8.45058e-01 |  9 -0.07027  8.19527e-01
 10  0.01568 -4.48500e-01 | 11 -0.00709 -6.14766e-01 | 12  0.02885 -1.99924e+00
 13 -0.00881 -8.51274e-01 | 14 -0.01123  1.21749e+00 | 15  0.04671 -1.10326e+00
 16 -0.00390  1.05149e+00 | 17 -0.05371  2.27337e+00 | 18  0.01877 -8.32209e-01
 19  0.00137 -1.63383e+00 | 20  0.07747  1.25199e+00 | 21  0.06892  5.32942e-01
 22 -0.03953 -1.35423e+00 | 23 -0.01865 -1.81362e-01 | 24 -0.10597 -3.25398e+00
 25 -0.01504 -4.28340e+00 | 26 -0.02306 -3.17405e-01 | 27 -0.00407 -3.27733e+00
 28  0.02554 -1.47566e+00 | 29 -0.01339 -1.73684e+00 | 30  0.06608  4.52091e-01
 31 -0.00062 -6.71129e-01 | 32  0.06444 -6.91174e-01 | 33  0.04559 -1.69874e+00
 34  0.10440 -1.73779e+00 | 35  0.08656 -1.03669e+00 | 36  0.23129 -1.45769e+01
 37  0.20590 -4.86808e+00 | 38  0.22820 -3.51178e-01 | 39 -1.33732  4.45109e-03
 40 -0.19735 -6.41362e-04 | 41 -0.74754 -5.67800e-03 | 42 -1.34447 -1.41563e-01
 43 -1.32162 -1.82666e+01 | 44 -0.69698 -1.93770e+01 | 45 -0.88557 -8.67535e+00
 46 -1.16914 -5.82698e+00 | 47 -0.03411  3.65362e-01 |

 - final statistics:
47 variables; iteration 63; function evaluation 99
Function value 2.1381e+02; maximum gradient component mag 2.6360e+00
Exit code = 1;  converg criter 1.0000e+01
Var    Value     Gradient |Var    Value     Gradient |Var    Value     Gradient
  1  0.16053  2.63600e+00 |  2 -0.15472  4.38425e-02 |  3 -0.02736  8.83640e-03
  4 -0.06845 -3.43959e-02 |  5 -0.02279 -4.44227e-03 |  6 -0.07644 -1.53202e-01
  7 -0.12072 -5.49450e-02 |  8 -0.07977 -7.77427e-02 |  9 -0.07160 -8.31753e-02
 10  0.01529 -9.38152e-02 | 11 -0.00717 -4.75394e-02 | 12  0.02940  2.49149e-02
 13 -0.00893 -1.13518e-01 | 14 -0.01231 -7.24287e-02 | 15  0.04708  1.21567e-01
 16 -0.00437  1.06833e-01 | 17 -0.05517 -5.27556e-02 | 18  0.01901  4.68146e-02
 19  0.00193  6.56712e-02 | 20  0.07678 -6.03106e-02 | 21  0.06850  4.46770e-02
 22 -0.03914  7.98679e-03 | 23 -0.01882 -3.14537e-02 | 24 -0.10447  5.95343e-02
 25 -0.01391  1.61925e-01 | 26 -0.02297 -2.88161e-03 | 27 -0.00332  1.35019e-01
 28  0.02548  2.95947e-01 | 29 -0.01306  1.42971e-01 | 30  0.06602  1.56319e-01
 31 -0.00048  9.97027e-02 | 32  0.06464  8.63792e-02 | 33  0.04598 -4.41819e-02
 34  0.10486 -1.40624e-01 | 35  0.08724  1.31535e-01 | 36  0.23136  1.09971e+00
 37  0.20590  1.00631e+00 | 38  0.22812  9.19573e-01 | 39 -1.33904  4.39976e-03
 40 -0.20030 -6.52809e-04 | 41 -0.70350 -4.83834e-03 | 42 -1.33570 -9.59828e-02
 43 -1.32257  2.93107e-01 | 44 -0.69537  3.80987e-01 | 45 -0.88360 -3.60601e-01
 46 -1.17168 -2.20875e-01 | 47 -0.03419  2.61602e-01 |

Initial statistics: 52 variables; iteration 0; function evaluation 0; phase 3
Function value 2.1381109e+02; maximum gradient component mag -1.2117e+03
Var    Value     Gradient |Var    Value     Gradient |Var    Value     Gradient
  1  0.16053  2.63600e+00 |  2 -0.15472  4.38425e-02 |  3 -0.02736  8.83640e-03
  4 -0.06845 -3.43959e-02 |  5 -0.02279 -4.44227e-03 |  6 -0.07644 -1.74962e-01
  7 -0.12072 -7.64696e-02 |  8 -0.07977 -9.94883e-02 |  9 -0.07160 -1.04954e-01
 10  0.01529 -1.15726e-01 | 11 -0.00717 -6.94555e-02 | 12  0.02940  3.02084e-03
 13 -0.00893 -1.35433e-01 | 14 -0.01231 -9.43421e-02 | 15  0.04708  9.97099e-02
 16 -0.00437  8.49164e-02 | 17 -0.05517 -7.45908e-02 | 18  0.01901  2.49069e-02
 19  0.00193  4.37538e-02 | 20  0.07678 -8.20688e-02 | 21  0.06849  2.28862e-02
 22 -0.03914 -1.38893e-02 | 23 -0.01883 -5.33616e-02 | 24 -0.10447  3.79113e-02
 25 -0.01391  1.40012e-01 | 26 -0.02297 -2.47848e-02 | 27 -0.00332  1.13102e-01
 28  0.02548  2.74047e-01 | 29 -0.01306  1.21058e-01 | 30  0.06602  1.34519e-01
 31 -0.00048  7.77853e-02 | 32  0.06464  6.45746e-02 | 33  0.04598 -6.60423e-02
 34  0.10486 -1.62245e-01 | 35  0.08724  1.09823e-01 | 36  0.23136  1.09971e+00
 37  0.20590  1.00631e+00 | 38  0.22812  9.19573e-01 | 39 -0.66096 -4.39976e-03
 40 -0.20030 -6.52809e-04 | 41 -0.70350 -4.83834e-03 | 42 -0.66430  9.59828e-02
 43 -0.67743 -2.93107e-01 | 44 -0.69537  3.80987e-01 | 45 -0.88360 -3.60601e-01
 46 -0.82832  2.20875e-01 | 47 -0.32288  3.15279e+01 | 48  0.21635  9.72175e-01
 49 -0.17585 -1.21173e+03 | 50 -0.12819  3.96300e-03 | 51 -0.03419  2.61602e-01
 52  0.05795  1.70434e+01 |

Intermediate statistics: 52 variables; iteration 20; function evaluation 28; phase 3
Function value 1.7069478e+02; maximum gradient component mag 8.2059e+02
Var    Value     Gradient |Var    Value     Gradient |Var    Value     Gradient
  1  0.15370 -3.13460e+01 |  2 -0.14867 -2.12832e-01 |  3 -0.01854 -1.70745e+00
  4 -0.05816 -1.00474e+00 |  5 -0.01493 -8.90619e+00 |  6 -0.06990 -6.27097e+00
  7 -0.11582 -6.31358e+00 |  8 -0.07646 -9.93857e+00 |  9 -0.07248 -8.48497e+00
 10  0.01957 -9.75658e+00 | 11 -0.00139 -1.02184e+01 | 12  0.03324 -1.94905e+01
 13 -0.00795 -1.90495e+01 | 14 -0.01362 -1.06591e+01 | 15  0.04751 -2.28587e+01
 16 -0.00500 -1.79831e+01 | 17 -0.06440 -6.66014e+00 | 18 -0.00769 -3.46863e+00
 19 -0.00275 -1.82377e+01 | 20  0.04567 -6.71503e-01 | 21  0.05346 -4.10090e+00
 22 -0.03547 -9.19672e+00 | 23 -0.03322  3.96035e+00 | 24 -0.11548 -1.02249e+01
 25  0.00677 -1.16840e+01 | 26 -0.02861 -9.73653e+00 | 27 -0.02112 -1.99889e+01
 28  0.04296 -3.22821e+01 | 29 -0.00904 -7.54633e+00 | 30  0.06886  3.41757e-01
 31 -0.00305  2.69596e+00 | 32  0.07639  6.31710e+00 | 33  0.05465 -3.60027e+00
 34  0.11157 -8.99742e+00 | 35  0.11609  3.63508e+00 | 36  0.23195 -2.26707e+02
 37  0.24094  8.20587e+02 | 38  0.22611 -2.31577e+02 | 39 -0.66090 -4.92115e-03
 40 -0.20029 -8.62037e-04 | 41 -0.70344 -5.17553e-03 | 42 -0.66529  7.13453e-02
 43 -0.68064 -5.68607e+01 | 44 -0.70102  6.09362e+01 | 45 -0.89383 -5.03528e+01
 46 -0.84980  3.54819e+01 | 47 -0.40042  9.84511e+00 | 48  0.21170  9.23677e-01
 49 -0.10303 -5.89020e+01 | 50 -0.10908  6.25987e+01 | 51 -0.05930 -1.57112e+01
 52  0.02337  2.63532e+01 |
52 variables; iteration 40; function evaluation 55; phase 3
Function value 1.6756898e+02; maximum gradient component mag -1.3256e+02
Var    Value     Gradient |Var    Value     Gradient |Var    Value     Gradient
  1  0.15451  6.85277e+01 |  2 -0.13749  6.02463e+00 |  3 -0.01944  4.46477e+00
  4 -0.06265 -3.14587e+00 |  5 -0.01682 -3.47030e+00 |  6 -0.07550 -4.53454e+00
  7 -0.11719  5.76377e+00 |  8 -0.08038 -3.47497e+00 |  9 -0.07771 -2.62712e+00
 10  0.01766 -1.23552e+00 | 11 -0.00292 -7.95746e-01 | 12  0.03252 -7.74944e+00
 13 -0.00594 -2.91625e+00 | 14 -0.00898  6.74071e+00 | 15  0.04783 -4.55987e+00
 16 -0.00534 -3.33226e+00 | 17 -0.06417  1.11310e+00 | 18 -0.00506 -1.22798e+00
 19 -0.00121 -4.13687e+00 | 20  0.04852 -1.85523e+00 | 21  0.05741  3.87645e+00
 22 -0.03394 -2.07899e+00 | 23 -0.03062  3.91150e+00 | 24 -0.11005  1.56615e+00
 25  0.00609  1.71962e+00 | 26 -0.02776  2.63411e-01 | 27 -0.01857 -6.12427e+00
 28  0.04223 -5.47191e+00 | 29 -0.00927 -1.35073e+00 | 30  0.06854  2.48468e+00
 31 -0.00425 -4.51991e+00 | 32  0.07562  9.07452e+00 | 33  0.05374 -3.99874e+00
 34  0.11363  6.51282e+00 | 35  0.11454  1.90053e+00 | 36  0.23176 -1.05477e+01
 37  0.23492  1.26053e+02 | 38  0.22987 -1.59353e+01 | 39 -0.65723 -4.73007e-03
 40 -0.19968 -8.13897e-04 | 41 -0.69945 -6.10725e-03 | 42 -0.72494 -5.28916e-03
 43 -0.84821  1.22631e+02 | 44 -0.85945 -1.32556e+02 | 45 -0.93208  2.98299e+01
 46 -0.90502 -2.13514e+01 | 47 -0.38221  4.27968e+00 | 48 -0.03605  4.38672e-01
 49 -0.11157 -2.15578e+00 | 50 -0.11454  2.30436e+00 | 51 -0.04714 -5.40783e+00
 52  0.03480  5.67464e+00 |
52 variables; iteration 60; function evaluation 86; phase 3
Function value 1.6716139e+02; maximum gradient component mag -6.2199e+00
Var    Value     Gradient |Var    Value     Gradient |Var    Value     Gradient
  1  0.15485 -5.72844e+00 |  2 -0.15106 -7.38751e-02 |  3 -0.02160 -1.76926e-01
  4 -0.06135 -3.10541e-01 |  5 -0.01558 -5.83391e-01 |  6 -0.07381  1.79176e-01
  7 -0.12025  2.16306e-02 |  8 -0.07853  1.65631e-01 |  9 -0.07555  2.48392e-01
 10  0.01738  1.23270e-01 | 11 -0.00374  1.33214e-01 | 12  0.03385 -2.18602e-02
 13 -0.00619  1.12482e-01 | 14 -0.01377  1.31534e-01 | 15  0.04884 -2.27997e-02
 16 -0.00444  1.04667e-01 | 17 -0.06416  6.14282e-02 | 18 -0.00392  4.46038e-02
 19 -0.00024  3.39005e-01 | 20  0.05020  2.10515e-01 | 21  0.05715  2.76024e-02
 22 -0.03231  1.62562e-01 | 23 -0.03026 -8.60827e-03 | 24 -0.11017  1.34101e-01
 25  0.00511 -2.13853e-01 | 26 -0.02771  2.04049e-01 | 27 -0.01679 -1.06187e-01
 28  0.04194 -2.84126e-01 | 29 -0.00882 -8.85840e-02 | 30  0.06890 -4.92290e-02
 31 -0.00263  8.72651e-02 | 32  0.07432  1.87338e-01 | 33  0.05410  2.31492e-01
 34  0.11130  2.81981e-01 | 35  0.11001  1.64775e-02 | 36  0.23034  1.97481e+00
 37  0.23348 -4.47083e-01 | 38  0.22946 -5.88911e-01 | 39 -0.57639  4.97619e-03
 40 -0.18929  1.36988e-03 | 41 -0.54416 -3.51805e-03 | 42 -0.71219 -1.01329e-03
 43 -0.88246  5.76675e+00 | 44 -0.89035 -6.21989e+00 | 45 -0.93543 -5.66634e-02
 46 -0.90895 -3.22780e-03 | 47 -0.36866  4.12413e-01 | 48 -0.87586  1.19650e-03
 49 -0.11381  3.55385e-01 | 50 -0.11569 -2.24005e-01 | 51 -0.05055  9.43979e-02
 52  0.03111  3.42785e-02 |
52 variables; iteration 80; function evaluation 106; phase 3
Function value 1.6714550e+02; maximum gradient component mag 2.1410e+00
Var    Value     Gradient |Var    Value     Gradient |Var    Value     Gradient
  1  0.15491  4.18219e-01 |  2 -0.15094  1.67744e-03 |  3 -0.02157  3.79524e-02
  4 -0.06130  1.70861e-02 |  5 -0.01553  2.94173e-02 |  6 -0.07379 -2.49443e-03
  7 -0.12013  1.14085e-02 |  8 -0.07858 -2.73362e-02 |  9 -0.07556 -1.95763e-02
 10  0.01734  3.93919e-03 | 11 -0.00380  1.22530e-03 | 12  0.03383  1.88555e-03
 13 -0.00620 -2.98063e-03 | 14 -0.01376 -1.57558e-02 | 15  0.04882  6.26361e-03
 16 -0.00451 -1.02926e-02 | 17 -0.06412 -1.39837e-03 | 18 -0.00390 -1.16825e-02
 19 -0.00037 -3.52481e-02 | 20  0.05020 -3.46952e-02 | 21  0.05720 -3.32536e-03
 22 -0.03230 -1.48755e-02 | 23 -0.03017 -1.15146e-02 | 24 -0.11017 -2.20589e-02
 25  0.00511  4.50691e-02 | 26 -0.02774 -2.94284e-02 | 27 -0.01676 -6.99309e-03
 28  0.04189  2.24080e-02 | 29 -0.00879 -5.36533e-03 | 30  0.06893  7.34264e-03
 31 -0.00259 -3.51609e-02 | 32  0.07436 -1.48269e-02 | 33  0.05410 -4.51175e-02
 34  0.11124 -3.26101e-02 | 35  0.10998  8.17326e-03 | 36  0.23023 -9.29199e-01
 37  0.23342 -2.56971e-01 | 38  0.22932  3.09291e-01 | 39 -0.62237 -3.35016e-03
 40 -0.22912 -7.47440e-04 | 41 -0.14625 -5.60176e-04 | 42 -0.71906  5.44685e-06
 43 -0.68625 -1.20423e+00 | 44 -0.70749  1.31026e+00 | 45 -0.83897  2.14103e+00
 46 -0.77249 -1.52419e+00 | 47 -0.42873  4.24959e-02 | 48 -0.61153  3.10901e-03
 49 -0.11624  1.67975e-01 | 50 -0.11802 -7.75650e-02 | 51 -0.05133 -1.20174e-01
 52  0.03031  2.02019e-02 |
52 variables; iteration 100; function evaluation 126; phase 3
Function value 1.6714321e+02; maximum gradient component mag -1.8853e-01
Var    Value     Gradient |Var    Value     Gradient |Var    Value     Gradient
  1  0.15492 -1.88532e-01 |  2 -0.15093 -4.58964e-04 |  3 -0.02156 -1.97313e-03
  4 -0.06130  1.49899e-03 |  5 -0.01552 -1.59080e-03 |  6 -0.07377  3.21292e-03
  7 -0.12011  1.60209e-03 |  8 -0.07855  2.46496e-03 |  9 -0.07551  1.50670e-03
 10  0.01735  1.63438e-03 | 11 -0.00380  1.69613e-03 | 12  0.03381  1.83329e-03
 13 -0.00619 -2.05721e-04 | 14 -0.01375 -3.83816e-04 | 15  0.04881  2.58810e-03
 16 -0.00452  3.08189e-03 | 17 -0.06413  1.31248e-03 | 18 -0.00390  8.34326e-04
 19 -0.00037  2.51316e-03 | 20  0.05020 -1.96222e-03 | 21  0.05719 -3.44218e-03
 22 -0.03230 -1.11582e-03 | 23 -0.03017 -2.50342e-03 | 24 -0.11017 -3.02423e-05
 25  0.00510 -1.40252e-04 | 26 -0.02773  1.87614e-04 | 27 -0.01677 -1.27967e-03
 28  0.04188 -6.88714e-03 | 29 -0.00880 -2.36337e-03 | 30  0.06893 -4.91640e-03
 31 -0.00260  2.12800e-03 | 32  0.07436 -6.03727e-03 | 33  0.05410  4.77073e-04
 34  0.11123 -6.12325e-03 | 35  0.10994  3.10856e-03 | 36  0.23022 -1.41247e-01
 37  0.23341 -1.07793e-01 | 38  0.22933  1.13473e-02 | 39 -0.58852 -7.50231e-05
 40 -0.23388 -6.04669e-05 | 41 -0.01497  1.11185e-04 | 42 -0.72267 -2.84203e-05
 43 -0.69506 -2.35063e-02 | 44 -0.71571  2.55143e-02 | 45 -0.77180 -7.77109e-02
 46 -0.67640  6.02361e-02 | 47 -0.46215  1.44264e-02 | 48 -0.53154  4.57321e-04
 49 -0.11818  6.12712e-02 | 50 -0.11990  4.12009e-03 | 51 -0.05119 -7.74809e-03
 52  0.03048  3.00635e-03 |
52 variables; iteration 120; function evaluation 146; phase 3
Function value 1.6714251e+02; maximum gradient component mag -9.9905e-02
Var    Value     Gradient |Var    Value     Gradient |Var    Value     Gradient
  1  0.15492 -9.99053e-02 |  2 -0.15093 -4.04419e-04 |  3 -0.02156 -2.06740e-03
  4 -0.06130 -1.07202e-03 |  5 -0.01552 -2.84778e-03 |  6 -0.07377  1.35052e-03
  7 -0.12012  7.75797e-04 |  8 -0.07855  1.48608e-03 |  9 -0.07551  1.53204e-03
 10  0.01735  1.41776e-03 | 11 -0.00380  1.11574e-03 | 12  0.03382  4.10974e-04
 13 -0.00619  5.46754e-04 | 14 -0.01375  1.12344e-03 | 15  0.04881  5.08385e-04
 16 -0.00452  8.75373e-04 | 17 -0.06413 -8.29911e-05 | 18 -0.00390 -6.47978e-04
 19 -0.00037  1.06775e-03 | 20  0.05020 -1.10930e-04 | 21  0.05719 -8.42783e-04
 22 -0.03230  9.62163e-04 | 23 -0.03017 -1.72564e-04 | 24 -0.11017  1.03326e-03
 25  0.00510 -5.50970e-04 | 26 -0.02773  6.89598e-04 | 27 -0.01677 -1.07021e-03
 28  0.04188 -4.43172e-03 | 29 -0.00880 -9.31978e-04 | 30  0.06893 -1.64954e-03
 31 -0.00260  9.48487e-04 | 32  0.07436  6.55824e-04 | 33  0.05410  2.73968e-03
 34  0.11124 -3.57696e-05 | 35  0.10995  1.49752e-03 | 36  0.23022 -2.53722e-02
 37  0.23341 -1.65983e-02 | 38  0.22933 -6.57577e-03 | 39 -0.61119 -5.25659e-04
 40 -0.14666  4.72987e-04 | 41 -0.03297  2.37280e-05 | 42 -0.72200  6.91823e-05
 43 -0.69446  1.90240e-02 | 44 -0.71515 -1.94911e-02 | 45 -0.77641 -4.51937e-03
 46 -0.68303  2.90339e-03 | 47 -0.53442  2.04456e-03 | 48 -0.35610 -1.37359e-05
 49 -0.12607 -3.12708e-03 | 50 -0.12756  1.42979e-02 | 51 -0.05115  6.51556e-03
 52  0.03053 -6.75835e-04 |
52 variables; iteration 140; function evaluation 166; phase 3
Function value 1.6714243e+02; maximum gradient component mag 2.1220e-02
Var    Value     Gradient |Var    Value     Gradient |Var    Value     Gradient
  1  0.15492 -9.82167e-03 |  2 -0.15093  8.47582e-05 |  3 -0.02156 -2.67022e-04
  4 -0.06130 -2.02519e-04 |  5 -0.01552 -3.61523e-04 |  6 -0.07377 -1.98128e-04
  7 -0.12012  6.33721e-05 |  8 -0.07855 -1.70053e-04 |  9 -0.07551  1.57169e-05
 10  0.01735 -7.82822e-06 | 11 -0.00380  2.08730e-04 | 12  0.03381 -9.34315e-05
 13 -0.00619 -6.48430e-05 | 14 -0.01375  7.28218e-05 | 15  0.04881  6.53532e-05
 16 -0.00452  1.72757e-05 | 17 -0.06413  4.16835e-04 | 18 -0.00390  1.79298e-04
 19 -0.00037  1.40983e-04 | 20  0.05020 -1.06349e-05 | 21  0.05719  1.19105e-04
 22 -0.03230 -7.81650e-05 | 23 -0.03017  1.37620e-04 | 24 -0.11017  8.26843e-05
 25  0.00510 -1.22490e-04 | 26 -0.02773  2.75426e-05 | 27 -0.01677 -3.00782e-04
 28  0.04188  2.34677e-04 | 29 -0.00880 -1.31974e-04 | 30  0.06893  3.14858e-05
 31 -0.00260  2.82780e-04 | 32  0.07436 -7.36618e-05 | 33  0.05410 -4.41375e-04
 34  0.11124  3.11829e-04 | 35  0.10995  4.73661e-04 | 36  0.23022  1.73142e-03
 37  0.23341 -1.31782e-02 | 38  0.22933  4.28935e-03 | 39 -0.58897  2.08753e-04
 40 -0.22404  7.59262e-05 | 41 -0.03663  4.00952e-06 | 42 -0.72200  1.86417e-05
 43 -0.69530 -1.56568e-02 | 44 -0.71593  1.67851e-02 | 45 -0.77621  8.79492e-04
 46 -0.68275 -6.38410e-04 | 47 -0.56863 -1.16672e-04 | 48 -0.28728  2.35652e-05
 49 -0.13010  2.12200e-02 | 50 -0.13147 -1.91701e-02 | 51 -0.05118 -4.71133e-03
 52  0.03049  1.12500e-03 |

 - final statistics:
52 variables; iteration 150; function evaluation 176
Function value 1.6714e+02; maximum gradient component mag 4.5838e-05
Exit code = 1;  converg criter 1.0000e-04
Var    Value     Gradient |Var    Value     Gradient |Var    Value     Gradient
  1  0.15492 -2.77704e-06 |  2 -0.15093  6.69357e-08 |  3 -0.02156 -2.31942e-06
  4 -0.06130 -1.99086e-06 |  5 -0.01552 -3.59581e-06 |  6 -0.07377 -1.14062e-06
  7 -0.12012 -3.68429e-07 |  8 -0.07855 -8.43450e-07 |  9 -0.07551  3.47273e-07
 10  0.01735 -2.63290e-07 | 11 -0.00380  5.50069e-07 | 12  0.03382 -1.73094e-06
 13 -0.00619  2.15339e-07 | 14 -0.01375  1.40242e-06 | 15  0.04881  9.43660e-07
 16 -0.00452  1.11787e-06 | 17 -0.06413  1.24282e-06 | 18 -0.00390  4.31642e-09
 19 -0.00037  1.01102e-06 | 20  0.05020  7.81915e-07 | 21  0.05719  5.90620e-07
 22 -0.03230  8.07788e-07 | 23 -0.03017  1.59918e-06 | 24 -0.11017  2.19710e-06
 25  0.00510 -1.20884e-06 | 26 -0.02773  9.74665e-07 | 27 -0.01677 -9.55733e-07
 28  0.04188  8.61583e-07 | 29 -0.00880  6.95517e-07 | 30  0.06893  7.97995e-07
 31 -0.00260  1.95518e-06 | 32  0.07436  4.69650e-06 | 33  0.05410  2.79745e-06
 34  0.11124  1.97878e-06 | 35  0.10995  9.31299e-07 | 36  0.23022  3.97557e-05
 37  0.23341  4.58379e-05 | 38  0.22933 -7.06374e-06 | 39 -0.58934 -4.44190e-08
 40 -0.22802 -6.52915e-08 | 41 -0.03732  8.24394e-09 | 42 -0.72201  2.24234e-07
 43 -0.69526 -2.09239e-05 | 44 -0.71589  2.32715e-05 | 45 -0.77619  1.28008e-05
 46 -0.68272 -9.63996e-06 | 47 -0.56577 -4.64547e-07 | 48 -0.29360 -5.71661e-08
 49 -0.13338 -3.74572e-05 | 50 -0.13465  3.81040e-05 | 51 -0.05117 -3.25605e-06
 52  0.03050  1.57718e-06 |
Estimating row 1 out of 52 for hessian
Estimating row 2 out of 52 for hessian
Estimating row 3 out of 52 for hessian
Estimating row 4 out of 52 for hessian
Estimating row 5 out of 52 for hessian
Estimating row 6 out of 52 for hessian
Estimating row 7 out of 52 for hessian
Estimating row 8 out of 52 for hessian
Estimating row 9 out of 52 for hessian
Estimating row 10 out of 52 for hessian
Estimating row 11 out of 52 for hessian
Estimating row 12 out of 52 for hessian
Estimating row 13 out of 52 for hessian
Estimating row 14 out of 52 for hessian
Estimating row 15 out of 52 for hessian
Estimating row 16 out of 52 for hessian
Estimating row 17 out of 52 for hessian
Estimating row 18 out of 52 for hessian
Estimating row 19 out of 52 for hessian
Estimating row 20 out of 52 for hessian
Estimating row 21 out of 52 for hessian
Estimating row 22 out of 52 for hessian
Estimating row 23 out of 52 for hessian
Estimating row 24 out of 52 for hessian
Estimating row 25 out of 52 for hessian
Estimating row 26 out of 52 for hessian
Estimating row 27 out of 52 for hessian
Estimating row 28 out of 52 for hessian
Estimating row 29 out of 52 for hessian
Estimating row 30 out of 52 for hessian
Estimating row 31 out of 52 for hessian
Estimating row 32 out of 52 for hessian
Estimating row 33 out of 52 for hessian
Estimating row 34 out of 52 for hessian
Estimating row 35 out of 52 for hessian
Estimating row 36 out of 52 for hessian
Estimating row 37 out of 52 for hessian
Estimating row 38 out of 52 for hessian
Estimating row 39 out of 52 for hessian
Estimating row 40 out of 52 for hessian
Estimating row 41 out of 52 for hessian
Estimating row 42 out of 52 for hessian
Estimating row 43 out of 52 for hessian
Estimating row 44 out of 52 for hessian
Estimating row 45 out of 52 for hessian
Estimating row 46 out of 52 for hessian
Estimating row 47 out of 52 for hessian
Estimating row 48 out of 52 for hessian
Estimating row 49 out of 52 for hessian
Estimating row 50 out of 52 for hessian
Estimating row 51 out of 52 for hessian
Estimating row 52 out of 52 for hessian
size of file gradfil1.tmp = 0
size of file gradfil2.tmp = 0
size of file varssave.tmp = 0
size of file cmpdiff.tmp = 0
