
Initial statistics: 2 variables; iteration 0; function evaluation 0; phase 1
Function value 4.5330717e+03; maximum gradient component mag 3.0536e+04
Var    Value     Gradient |Var    Value     Gradient |Var    Value     Gradient
  1  0.39650  3.05357e+04 |  2  0.21635  1.09830e+04 |

 - final statistics:
2 variables; iteration 8; function evaluation 14
Function value 6.2455e+02; maximum gradient component mag 1.9940e+00
Exit code = 1;  converg criter 1.0000e+01
Var    Value     Gradient |Var    Value     Gradient |Var    Value     Gradient
  1  0.18315  1.99403e+00 |  2  0.20350  9.39352e-01 |

Initial statistics: 50 variables; iteration 0; function evaluation 0; phase 2
Function value 6.2454573e+02; maximum gradient component mag 3.0017e+03
Var    Value     Gradient |Var    Value     Gradient |Var    Value     Gradient
  1  0.18315  1.99403e+00 |  2  0.00000  5.08593e+01 |  3  0.00000 -1.08706e+02
  4  0.00000  3.98044e+01 |  5  0.00000 -6.77458e+01 |  6  0.00000 -2.54010e+01
  7  0.00000  5.33014e+01 |  8  0.00000  6.67671e+00 |  9  0.00000  1.06545e+01
 10  0.00000 -7.51201e+01 | 11  0.00000  1.02195e+01 | 12  0.00000 -5.05476e+01
 13  0.00000 -6.61117e+00 | 14  0.00000 -6.16152e+00 | 15  0.00000 -8.31976e+01
 16  0.00000  1.34006e+01 | 17  0.00000  1.05658e+02 | 18  0.00000  1.26081e+01
 19  0.00000  3.32174e+01 | 20  0.00000 -1.29554e+02 | 21  0.00000 -1.30703e+02
 22  0.00000  1.34104e+02 | 23  0.00000  2.63583e+01 | 24  0.00000  2.68919e+02
 25  0.00000  9.93125e+01 | 26  0.00000  5.02900e+00 | 27  0.00000  2.51527e+01
 28  0.00000 -5.67734e+01 | 29  0.00000  1.86641e+02 | 30  0.00000 -2.84055e+02
 31  0.00000  2.08726e+02 | 32  0.00000 -3.07823e+02 | 33  0.00000  2.56545e+01
 34  0.00000 -2.34518e+02 | 35  0.00000 -2.77518e+01 | 36  0.00000  1.92586e+02
 37  0.21635 -5.80926e+02 | 38  0.21635  3.00172e+03 | 39  0.21635 -7.26038e+02
 40  0.20350  9.39352e-01 | 41 -1.00000 -1.08293e-07 | 42  0.00000  1.28614e-04
 43  0.00000  3.68994e-01 | 44 -0.53989  7.78728e+00 | 45 -1.00000 -1.08293e-07
 46 -0.53989  1.24866e+01 | 47 -1.00000 -1.08293e-07 | 48 -0.53989  3.54243e+00
 49 -0.32288  8.48132e+01 | 50 -0.17585 -5.42669e+02 |

Intermediate statistics: 50 variables; iteration 20; function evaluation 37; phase 2
Function value 3.9698344e+02; maximum gradient component mag -5.3243e+03
Var    Value     Gradient |Var    Value     Gradient |Var    Value     Gradient
  1  0.16487 -6.99616e+01 |  2 -0.28556 -4.67702e+01 |  3  0.10898  1.32553e+02
  4 -0.03141 -7.52582e+01 |  5  0.07877  6.49686e+01 |  6  0.04737  1.32572e+01
  7 -0.06790 -1.22319e+02 |  8 -0.03205 -8.80537e+01 |  9  0.00987 -4.06416e+01
 10  0.08641  1.12064e+01 | 11 -0.02189 -1.40676e+02 | 12  0.00880 -1.50499e+02
 13 -0.01595 -1.59380e+02 | 14  0.02033 -6.58769e+01 | 15  0.06074 -1.40152e+02
 16 -0.05134 -2.12854e+02 | 17 -0.10729 -1.59796e+02 | 18  0.00886  2.13259e+01
 19 -0.02913 -3.54498e+01 | 20  0.14233  1.32849e+02 | 21  0.11881  1.23657e+02
 22 -0.05559 -6.84953e+01 | 23 -0.04667 -1.67052e+02 | 24 -0.17000 -1.50747e+02
 25 -0.09814 -1.85986e+02 | 26 -0.06232 -1.83584e+02 | 27 -0.04436 -1.39621e+02
 28  0.04599  2.83033e+02 | 29 -0.05759 -2.40090e+02 | 30  0.04860 -3.83541e+01
 31 -0.01103  8.83444e+01 | 32  0.09097  2.31974e+02 | 33  0.00276 -1.48175e+02
 34  0.04886 -1.95170e+01 | 35  0.03995 -5.22255e+01 | 36  0.04426 -7.92366e+00
 37  0.20133 -5.32429e+03 | 38  0.22156  2.32229e+03 | 39  0.27082  1.83079e+03
 40  0.23652  5.97354e+02 | 41 -1.21556  8.13852e-03 | 42 -0.00001  5.18082e-04
 43 -0.00987 -2.49244e-05 | 44 -0.74970 -6.60802e-03 | 45 -1.35802  6.53331e+02
 46 -0.60761  6.03705e+02 | 47 -1.21287  6.36373e+01 | 48 -0.62323  3.56769e+01
 49 -0.41442  1.00465e+02 | 50 -0.03287  6.96567e+01 |
50 variables; iteration 40; function evaluation 59; phase 2
Function value 3.5026435e+02; maximum gradient component mag -4.2422e+03
Var    Value     Gradient |Var    Value     Gradient |Var    Value     Gradient
  1  0.15601  4.47980e+02 |  2 -0.29231 -4.86362e+01 |  3  0.14225  1.55911e+02
  4  0.02823 -1.95695e+01 |  5  0.10627  8.66516e+01 |  6  0.06372  4.82002e+01
  7 -0.08359 -1.36949e+02 |  8 -0.03225 -7.34621e+01 |  9  0.02679  5.94824e+00
 10  0.09280  4.40950e+01 | 11 -0.02667 -1.26602e+02 | 12  0.02339 -9.53469e+01
 13  0.03125 -4.05109e+01 | 14  0.04518 -1.04038e+01 | 15  0.09788 -1.56897e+00
 16 -0.04804 -1.76290e+02 | 17 -0.15526 -1.93651e+02 | 18  0.01453  6.19832e+01
 19 -0.04556 -3.21584e+01 | 20  0.14160  1.84294e+02 | 21  0.11331  1.76821e+02
 22 -0.08773 -8.88472e+01 | 23 -0.02834 -4.96632e+01 | 24 -0.24257 -1.87498e+02
 25 -0.05576 -2.50205e+01 | 26 -0.01482 -4.23920e+01 | 27 -0.04948 -1.84108e+02
 28  0.03278  8.69159e+01 | 29 -0.04278 -2.11546e+02 | 30  0.05067 -2.00172e+01
 31 -0.01032  1.35884e+02 | 32  0.06812  1.46201e+02 | 33  0.00628 -8.09698e+01
 34  0.04589  4.93115e+00 | 35  0.03666  1.87595e+01 | 36  0.00332 -6.68532e+01
 37  0.21157 -4.24218e+03 | 38  0.22344  1.45838e+03 | 39  0.27877  1.68894e+03
 40  0.24460  8.34499e+01 | 41 -1.19473  9.42958e-03 | 42 -0.00088  3.80234e-04
 43 -0.49464  1.08032e+00 | 44 -1.70383 -1.99030e+01 | 45 -1.34106  2.59799e+02
 46 -0.66648  2.66785e+02 | 47 -1.12105 -1.12094e+02 | 48 -0.81863 -7.45578e+01
 49 -0.44167  4.55726e+01 | 50 -0.01137  1.18847e+02 |
50 variables; iteration 60; function evaluation 89; phase 2
Function value 1.7133437e+02; maximum gradient component mag -4.9309e+02
Var    Value     Gradient |Var    Value     Gradient |Var    Value     Gradient
  1  0.14109 -4.93087e+02 |  2 -0.14072 -3.31579e+00 |  3 -0.00014 -1.03320e+01
  4 -0.03626 -4.46486e+00 |  5  0.01008 -8.98578e+00 |  6 -0.04650  1.54284e+01
  7 -0.09865  4.40253e+00 |  8 -0.05427  9.96596e+00 |  9 -0.05087  1.47059e+01
 10  0.03394 -8.57804e-01 | 11  0.01600  3.85698e+00 | 12  0.05648  9.62941e+00
 13  0.01000  1.27335e+01 | 14  0.00097  1.17500e+01 | 15  0.06893  9.87356e+00
 16  0.01337 -1.00148e+01 | 17 -0.04928 -3.64633e-01 | 18  0.01035  1.02441e+01
 19 -0.02728  6.74496e+00 | 20  0.06867  1.32529e+01 | 21  0.04998  1.46634e+01
 22 -0.06444  1.77311e+01 | 23 -0.02303  2.14990e+01 | 24 -0.11890  6.97739e+00
 25 -0.00300  6.28761e+01 | 26 -0.00173 -5.67393e+00 | 27  0.00248 -6.73547e+01
 28  0.03596 -1.40815e+02 | 29 -0.00473 -2.87180e+01 | 30  0.05582 -4.16867e+01
 31 -0.02560 -1.48486e+01 | 32  0.04170 -1.92422e+01 | 33  0.01312 -1.22018e+01
 34  0.05158 -2.31578e+01 | 35  0.02745 -3.87009e+00 | 36  0.00814  2.21077e+01
 37  0.24532 -7.98112e+01 | 38  0.22614  2.01938e+02 | 39  0.26574 -7.97746e+01
 40  0.26035 -1.51858e+02 | 41 -0.57423 -4.23111e-02 | 42  0.08725 -7.72287e-03
 43 -1.44290  3.76303e-03 | 44 -1.20927  9.20374e-03 | 45 -1.36515  5.43109e+01
 46 -0.66416  5.98654e+01 | 47 -1.20042  1.49032e+02 | 48 -0.72493  1.07768e+02
 49 -0.35320  1.42222e+01 | 50  0.00967 -3.77142e+01 |
Maximum number of function evaluations exceeded

 - final statistics:
50 variables; iteration 70; function evaluation 100
Function value 1.6760e+02; maximum gradient component mag -3.1616e+01
Exit code = 3;  converg criter 1.0000e+01
Var    Value     Gradient |Var    Value     Gradient |Var    Value     Gradient
  1  0.13840 -2.70773e+01 |  2 -0.13416 -6.95480e-01 |  3  0.00237 -5.54693e+00
  4 -0.03346 -9.07481e+00 |  5  0.01421 -1.44024e+01 |  6 -0.04950  1.04193e+01
  7 -0.09896  8.21414e+00 |  8 -0.05509  1.47436e+01 |  9 -0.06490  4.35869e-01
 10  0.03463 -1.52640e+00 | 11  0.01856  1.50807e+00 | 12  0.06001  3.29665e+00
 13  0.00728  2.23881e+00 | 14 -0.00660 -1.58527e-01 | 15  0.07036 -4.65244e-01
 16  0.02139 -2.42847e+00 | 17 -0.04618 -3.60768e+00 | 18  0.01122 -2.21544e-01
 19 -0.02737 -9.47989e-01 | 20  0.06806 -1.60303e+00 | 21  0.04855 -3.81063e+00
 22 -0.06874 -3.36460e+00 | 23 -0.02330 -1.16756e+01 | 24 -0.11017 -9.33338e+00
 25 -0.00027 -3.16156e+01 | 26 -0.00546 -4.01865e+00 | 27  0.00602 -5.70681e-01
 28  0.04170  1.42050e+01 | 29 -0.00167  3.32345e-01 | 30  0.05747 -2.24544e+00
 31 -0.02295 -2.66915e+00 | 32  0.03973  8.47109e-01 | 33  0.01331  8.97162e-01
 34  0.05241  1.63554e+00 | 35  0.02641  6.93586e-01 | 36  0.00291  5.29129e+00
 37  0.24730 -5.13298e+00 | 38  0.22681  1.91611e+01 | 39  0.26990 -2.64441e+00
 40  0.26931  7.16218e-01 | 41 -0.61802 -2.99325e-02 | 42  0.13482 -5.78093e-03
 43 -1.22522  8.40946e-03 | 44 -1.14817  1.32323e-02 | 45 -1.34981  6.37728e+00
 46 -0.68287  7.24938e+00 | 47 -1.15933 -1.17222e+01 | 48 -0.79862 -9.26433e+00
 49 -0.36214  4.00918e+00 | 50  0.02908 -5.83189e-01 |

Initial statistics: 54 variables; iteration 0; function evaluation 0; phase 3
Function value 1.6760404e+02; maximum gradient component mag -1.4110e+03
Var    Value     Gradient |Var    Value     Gradient |Var    Value     Gradient
  1  0.13840 -2.70773e+01 |  2 -0.13416 -6.95480e-01 |  3  0.00237 -5.54693e+00
  4 -0.03346 -9.07481e+00 |  5  0.01421 -1.44024e+01 |  6 -0.04949  1.09171e+01
  7 -0.09895  8.70744e+00 |  8 -0.05508  1.52410e+01 |  9 -0.06489  9.32568e-01
 10  0.03464 -1.02785e+00 | 11  0.01857  2.00715e+00 | 12  0.06002  3.79371e+00
 13  0.00729  2.73807e+00 | 14 -0.00659  3.40736e-01 | 15  0.07037  3.09999e-02
 16  0.02141 -1.92946e+00 | 17 -0.04616 -3.10971e+00 | 18  0.01124  2.77668e-01
 19 -0.02735 -4.49160e-01 | 20  0.06807 -1.10659e+00 | 21  0.04856 -3.31279e+00
 22 -0.06873 -2.86823e+00 | 23 -0.02329 -1.11766e+01 | 24 -0.11016 -8.84158e+00
 25 -0.00025 -3.11163e+01 | 26 -0.00544 -3.51938e+00 | 27  0.00603 -7.14127e-02
 28  0.04171  1.47032e+01 | 29 -0.00166  8.31634e-01 | 30  0.05748 -1.74818e+00
 31 -0.02293 -2.17019e+00 | 32  0.03975  1.34543e+00 | 33  0.01333  1.39634e+00
 34  0.05242  2.13313e+00 | 35  0.02642  1.19245e+00 | 36  0.00292  5.79058e+00
 37  0.24730 -5.13298e+00 | 38  0.22681  1.91611e+01 | 39  0.26990 -2.64441e+00
 40  0.26931  7.16218e-01 | 41 -0.61802 -2.99325e-02 | 42  0.13482 -5.78093e-03
 43 -0.77478 -8.40946e-03 | 44 -0.85183 -1.32323e-02 | 45 -0.65019 -6.37728e+00
 46 -0.68287  7.24938e+00 | 47 -0.84067  1.17222e+01 | 48 -0.79862 -9.26433e+00
 49 -0.36214  4.00918e+00 | 50  0.21635  2.48124e-01 | 51 -0.17585 -1.41102e+03
 52 -0.12819  4.62613e-03 | 53  0.02908 -5.83189e-01 | 54  0.05795 -5.37728e+00

Intermediate statistics: 54 variables; iteration 20; function evaluation 30; phase 3
Function value 1.0811676e+02; maximum gradient component mag -1.7618e+03
Var    Value     Gradient |Var    Value     Gradient |Var    Value     Gradient
  1  0.13562 -1.76177e+03 |  2 -0.13319 -4.93206e-01 |  3  0.00489 -2.68081e+00
  4 -0.02884 -4.64659e-01 |  5  0.01700  8.39707e-01 |  6 -0.04926  3.05204e+01
  7 -0.09926  3.21173e+01 |  8 -0.05463  3.60793e+01 |  9 -0.07001  2.75746e+01
 10  0.03657  2.56282e+01 | 11  0.02027  2.31035e+01 | 12  0.06337  1.57723e+01
 13  0.00849  1.68545e+01 | 14 -0.00704  2.33151e+01 | 15  0.07296  1.29784e+01
 16  0.02454  1.53908e+01 | 17 -0.05039  1.85777e+01 | 18 -0.00698 -2.44357e+01
 19 -0.02219 -2.84517e+01 | 20  0.04294  4.43422e+00 | 21  0.04077  6.66011e+00
 22 -0.06020  1.61962e+01 | 23 -0.03420 -5.29831e+00 | 24 -0.11128 -2.71556e-01
 25  0.01601 -4.80947e+01 | 26 -0.00921 -1.70659e+01 | 27 -0.00760 -3.92090e+01
 28  0.05549 -1.29587e+02 | 29  0.00090 -4.80248e+01 | 30  0.06034 -4.25950e+01
 31 -0.02778 -6.61108e+00 | 32  0.05000 -4.36261e+00 | 33  0.01825  6.83211e+00
 34  0.05419 -2.70388e+00 | 35  0.03277  1.99720e+01 | 36  0.01106  4.93508e+01
 37  0.24881 -3.74001e+02 | 38  0.25835 -1.78608e+02 | 39  0.27256 -1.05685e+02
 40  0.27062 -9.72923e+01 | 41 -0.61793 -4.56041e-02 | 42  0.13484 -9.77037e-03
 43 -0.77476 -8.40866e-03 | 44 -0.85180 -1.32294e-02 | 45 -0.64925 -3.25340e+00
 46 -0.68422  3.87540e+00 | 47 -0.84037 -7.80808e+01 | 48 -0.80163  6.26312e+01
 49 -0.36770  2.52514e+01 | 50  0.21588  1.67082e+00 | 51 -0.10724  6.91226e+01
 52 -0.11679 -8.00342e+01 | 53  0.03933 -3.11574e+01 | 54  0.06764  5.40623e+01
54 variables; iteration 40; function evaluation 58; phase 3
Function value 1.0725394e+02; maximum gradient component mag -6.0630e+02
Var    Value     Gradient |Var    Value     Gradient |Var    Value     Gradient
  1  0.13549 -6.06303e+02 |  2 -0.13513 -9.70117e-01 |  3  0.00763  6.13385e+00
  4 -0.02998 -3.81976e+00 |  5  0.01710 -2.13565e+00 |  6 -0.04893  1.10639e+01
  7 -0.09670  1.48824e+01 |  8 -0.05641  5.53008e+00 |  9 -0.06973  1.21972e+01
 10  0.03350  4.61439e+00 | 11  0.01907  6.57537e+00 | 12  0.06452  6.77532e+00
 13  0.00876  7.90631e+00 | 14 -0.00757  9.89770e+00 | 15  0.07253  6.81341e+00
 16  0.02621  1.66206e+01 | 17 -0.05099  8.00103e+00 | 18 -0.00737 -1.74588e+01
 19 -0.02085 -1.48725e+01 | 20  0.04115 -1.78453e+00 | 21  0.04087  9.29467e+00
 22 -0.06116  1.11779e+01 | 23 -0.03150  1.29656e+01 | 24 -0.11101  3.89233e+00
 25  0.01692 -1.10895e+01 | 26 -0.01076 -8.64044e+00 | 27 -0.00674 -1.09654e+01
 28  0.05683 -4.99343e+01 | 29  0.00152 -1.93295e+01 | 30  0.05972 -1.88765e+01
 31 -0.02722  4.78619e-01 | 32  0.04838 -3.27597e+00 | 33  0.01786  4.66435e+00
 34  0.05382 -6.18675e+00 | 35  0.03247 -1.66528e+00 | 36  0.01218  1.36676e+01
 37  0.24989 -1.54825e+02 | 38  0.25956 -3.37922e+01 | 39  0.27353 -3.97040e+01
 40  0.27389 -3.53640e+01 | 41 -0.59801 -7.39788e-02 | 42  0.13895 -1.52718e-02
 43 -0.77050 -8.24343e-03 | 44 -0.84511 -1.26379e-02 | 45 -0.67752  1.14419e+00
 46 -0.71045 -1.25758e+00 | 47 -0.89826  6.27015e+01 | 48 -0.87655 -5.16548e+01
 49 -0.36371  1.18758e+01 | 50  0.15211  8.09268e-01 | 51 -0.10636  5.46433e+01
 52 -0.11653 -6.39126e+01 | 53  0.05126 -1.50316e+01 | 54  0.07123  2.52804e+01
54 variables; iteration 60; function evaluation 93; phase 3
Function value 1.0545875e+02; maximum gradient component mag 3.1991e+01
Var    Value     Gradient |Var    Value     Gradient |Var    Value     Gradient
  1  0.13504  3.19906e+01 |  2 -0.13763  8.42132e-02 |  3  0.00373  4.92185e-01
  4 -0.02900  8.41377e-01 |  5  0.01893  1.25241e+00 |  6 -0.05180  1.11314e+00
  7 -0.10062  1.19063e+00 |  8 -0.05338  2.64893e+00 |  9 -0.07328 -3.94825e-01
 10  0.03492 -4.30914e-01 | 11  0.02058 -2.98830e-01 | 12  0.06401 -1.73639e-01
 13  0.00779 -1.98574e-01 | 14 -0.00870 -2.26816e-01 | 15  0.07358 -4.08634e-02
 16  0.02462  2.30389e-01 | 17 -0.04843  1.25320e-01 | 18 -0.00570  3.51842e-01
 19 -0.02035  3.83264e-01 | 20  0.04116 -1.25175e-01 | 21  0.03825 -1.65004e-01
 22 -0.06258 -3.79048e-01 | 23 -0.03427 -1.90113e-01 | 24 -0.10895 -4.93778e-01
 25  0.01894 -2.18719e-01 | 26 -0.00971 -3.48931e-01 | 27 -0.00644 -6.08788e-01
 28  0.05816 -6.52381e-02 | 29  0.00189 -6.13244e-02 | 30  0.05984  4.32240e-02
 31 -0.02771 -1.82300e-01 | 32  0.04704 -9.24258e-02 | 33  0.01685 -3.94418e-01
 34  0.05428 -2.38592e-01 | 35  0.03427 -3.64678e-01 | 36  0.01499 -1.79368e-01
 37  0.24926  7.19045e-01 | 38  0.25997 -1.02054e-01 | 39  0.27447  2.96910e-01
 40  0.27768  1.01387e-01 | 41 -0.36715  8.39235e-02 | 42  0.29321  3.28345e-03
 43 -0.69163 -5.94380e-03 | 44 -0.73717 -7.00037e-03 | 45 -0.81066  2.18829e+00
 46 -0.83012 -2.46543e+00 | 47 -0.89121 -3.04207e+00 | 48 -0.86771  2.46889e+00
 49 -0.37952 -8.27267e-02 | 50 -0.07872 -8.71308e-03 | 51 -0.10678 -5.91519e-01
 52 -0.11569  6.95452e-01 | 53  0.06734  1.28771e-01 | 54  0.07690 -2.24933e-01
54 variables; iteration 80; function evaluation 121; phase 3
Function value 1.0532368e+02; maximum gradient component mag 1.5607e+01
Var    Value     Gradient |Var    Value     Gradient |Var    Value     Gradient
  1  0.13487  1.56070e+01 |  2 -0.13758  3.27741e-02 |  3  0.00394  2.07902e-01
  4 -0.02874  1.67146e-01 |  5  0.01932  3.83242e-01 |  6 -0.05286 -2.30011e-01
  7 -0.10262 -2.10872e-01 |  8 -0.05649 -3.74500e-01 |  9 -0.07574 -1.61907e-01
 10  0.03465 -1.23658e-01 | 11  0.02067 -1.47035e-01 | 12  0.06458 -7.89523e-02
 13  0.00807 -7.36252e-02 | 14 -0.00865 -7.84022e-02 | 15  0.07396  7.93854e-02
 16  0.02501  1.34362e-01 | 17 -0.04803  8.16057e-02 | 18 -0.00547  3.89259e-01
 19 -0.01995  6.01980e-01 | 20  0.04133 -1.54394e-01 | 21  0.03847 -8.01836e-02
 22 -0.06236 -4.09351e-02 | 23 -0.03413  1.19145e-01 | 24 -0.10848  1.54166e-01
 25  0.01936  6.80660e-01 | 26 -0.00952 -4.61481e-02 | 27 -0.00599 -1.94030e-01
 28  0.05851  6.40059e-02 | 29  0.00222 -1.93252e-01 | 30  0.06010 -1.86434e-01
 31 -0.02741 -1.55134e-01 | 32  0.04729 -7.35418e-02 | 33  0.01718 -8.50549e-02
 34  0.05460  1.31835e-02 | 35  0.03484  1.31813e-01 | 36  0.01609  2.69319e-01
 37  0.24959  8.99423e-02 | 38  0.26002  2.67466e-01 | 39  0.27449 -3.31616e-01
 40  0.27776 -9.18792e-01 | 41 -0.36053  3.30042e-02 | 42  0.00604  7.86048e-04
 43  0.04050  2.01823e-04 | 44 -0.76292 -7.99117e-03 | 45 -0.69971  7.21215e-01
 46 -0.73097 -8.17152e-01 | 47 -0.80271  3.03205e+00 | 48 -0.76028 -2.50171e+00
 49 -0.38023 -1.78854e-03 | 50  0.01013  8.39808e-05 | 51 -0.10687  9.49678e-02
 52 -0.11580 -9.41447e-02 | 53  0.06777  2.13039e-01 | 54  0.07701 -1.19026e-01
54 variables; iteration 100; function evaluation 155; phase 3
Function value 1.0528066e+02; maximum gradient component mag 1.9835e+01
Var    Value     Gradient |Var    Value     Gradient |Var    Value     Gradient
  1  0.13484  1.91180e+01 |  2 -0.13838 -1.62685e-01 |  3  0.00399 -5.51462e-01
  4 -0.02879 -6.51027e-01 |  5  0.01938 -9.08557e-01 |  6 -0.05295 -6.10826e-02
  7 -0.10270 -2.37673e-01 |  8 -0.05628  3.35239e-01 |  9 -0.07555 -1.97499e-01
 10  0.03497  2.28158e-01 | 11  0.02143  7.84702e-01 | 12  0.06550  2.47962e+00
 13  0.00768  4.46033e-01 | 14 -0.00902 -5.86997e-01 | 15  0.07389 -8.63501e-01
 16  0.02519 -1.30407e+00 | 17 -0.04808 -1.14932e+00 | 18 -0.00547 -1.79371e+00
 19 -0.01993 -2.05917e+00 | 20  0.04143 -3.52342e-01 | 21  0.03819 -1.96262e-01
 22 -0.06303 -1.55992e-01 | 23 -0.03458  2.65260e-02 | 24 -0.10818  1.05494e-01
 25  0.01946  1.54715e+00 | 26 -0.00967  1.11578e+00 | 27 -0.00593  2.17512e+00
 28  0.05854  1.48319e+00 | 29  0.00223 -2.26136e-01 | 30  0.06003 -8.03441e-02
 31 -0.02748 -3.73243e-01 | 32  0.04718 -3.97054e-01 | 33  0.01707 -2.47551e-01
 34  0.05430 -8.57441e-02 | 35  0.03498 -7.01175e-02 | 36  0.01598 -3.31197e-01
 37  0.25134 -4.41075e+00 | 38  0.26010  7.40259e-01 | 39  0.27459  6.87612e-01
 40  0.27798  1.77616e+00 | 41 -0.35220  6.64712e+00 | 42 -0.35276  1.12753e-01
 43  0.12862  4.70239e-03 | 44 -0.65709  1.11756e-01 | 45 -0.70477 -1.77440e+01
 46 -0.73510  1.98352e+01 | 47 -0.59000 -3.74098e+00 | 48 -0.50344  2.50357e+00
 49 -0.36896  1.10433e+00 | 50  0.29504  6.82007e-02 | 51 -0.10726  8.72343e-01
 52 -0.11618 -9.90571e-01 | 53  0.06836 -1.56616e-01 | 54  0.07718 -1.47570e-01
54 variables; iteration 120; function evaluation 176; phase 3
Function value 1.0524727e+02; maximum gradient component mag 3.6457e+00
Var    Value     Gradient |Var    Value     Gradient |Var    Value     Gradient
  1  0.13490  3.64569e+00 |  2 -0.13836  1.81999e-02 |  3  0.00383  5.43315e-02
  4 -0.02886  7.82234e-02 |  5  0.01928  5.04960e-02 |  6 -0.05313 -2.00472e-02
  7 -0.10280 -1.00683e-01 |  8 -0.05638 -9.20373e-02 |  9 -0.07554 -2.78715e-02
 10  0.03515 -2.01232e-02 | 11  0.02179  8.39331e-03 | 12  0.06628  8.01290e-02
 13  0.00760  4.14816e-02 | 14 -0.00853 -1.14198e-02 | 15  0.07360  7.09985e-02
 16  0.02486  8.92480e-02 | 17 -0.04806  4.10682e-02 | 18 -0.00553  6.70671e-02
 19 -0.02004  9.26859e-02 | 20  0.04114  3.12513e-02 | 21  0.03819  3.37808e-02
 22 -0.06262 -3.24941e-02 | 23 -0.03417  8.86132e-03 | 24 -0.10859 -7.53098e-02
 25  0.01933 -6.73067e-03 | 26 -0.00955 -2.32425e-02 | 27 -0.00608 -1.02574e-01
 28  0.05845  7.48669e-02 | 29  0.00210  4.04110e-02 | 30  0.06001  5.63400e-02
 31 -0.02753  4.36883e-03 | 32  0.04716  1.46463e-03 | 33  0.01703 -3.84163e-02
 34  0.05445 -2.85661e-02 | 35  0.03475 -7.48933e-02 | 36  0.01587 -9.25742e-02
 37  0.24962  4.72292e-01 | 38  0.26005  1.01389e-01 | 39  0.27453  1.16529e-01
 40  0.27784  6.59629e-03 | 41 -0.35339  4.28996e-01 | 42 -0.33269  6.09865e-03
 43 -0.13685 -3.29429e-04 | 44 -0.69517  6.29661e-03 | 45 -0.68660  1.14012e+00
 46 -0.71926 -1.27507e+00 | 47 -0.56478  1.52362e-03 | 48 -0.47671 -1.70874e-02
 49 -0.38526 -2.01237e-02 | 50  0.07028 -1.36358e-03 | 51 -0.10753 -9.41711e-02
 52 -0.11639  1.21614e-01 | 53  0.06792  1.28756e-02 | 54  0.07704 -2.38202e-02
54 variables; iteration 140; function evaluation 196; phase 3
Function value 1.0524688e+02; maximum gradient component mag -2.0658e-01
Var    Value     Gradient |Var    Value     Gradient |Var    Value     Gradient
  1  0.13490 -2.06577e-01 |  2 -0.13837  4.73189e-05 |  3  0.00384  6.29174e-04
  4 -0.02887 -1.82256e-03 |  5  0.01928  1.52467e-03 |  6 -0.05314  4.64536e-03
  7 -0.10277  1.03615e-02 |  8 -0.05638  1.01212e-02 |  9 -0.07554  2.27506e-03
 10  0.03516  3.86641e-03 | 11  0.02179  3.02451e-03 | 12  0.06630  6.63468e-03
 13  0.00760  3.63407e-03 | 14 -0.00853  3.19477e-03 | 15  0.07359  3.28217e-03
 16  0.02486  2.50480e-03 | 17 -0.04806  2.17305e-03 | 18 -0.00553  1.87779e-03
 19 -0.02004  1.25989e-03 | 20  0.04113  4.03958e-03 | 21  0.03819  2.36501e-03
 22 -0.06262  2.56083e-03 | 23 -0.03417 -2.49503e-03 | 24 -0.10857  4.38802e-04
 25  0.01932 -2.04834e-02 | 26 -0.00955 -1.11952e-02 | 27 -0.00608 -1.61650e-02
 28  0.05844 -2.08488e-02 | 29  0.00210  1.04948e-03 | 30  0.06001  2.85815e-03
 31 -0.02753  3.19347e-03 | 32  0.04716  2.55882e-03 | 33  0.01703  2.49162e-03
 34  0.05445 -1.35160e-04 | 35  0.03474 -1.08993e-03 | 36  0.01586 -7.71588e-03
 37  0.24962  1.20972e-01 | 38  0.26005 -1.91522e-02 | 39  0.27453 -7.29047e-03
 40  0.27784 -6.68981e-03 | 41 -0.36037 -1.70135e-02 | 42  0.00737 -2.82423e-04
 43 -0.03409  1.40032e-05 | 44 -0.70884 -4.36400e-05 | 45 -0.68887  5.26850e-02
 46 -0.72126 -5.90982e-02 | 47 -0.56455  1.74105e-02 | 48 -0.47648 -1.50787e-02
 49 -0.37974 -6.47096e-03 | 50  0.01306 -3.48728e-04 | 51 -0.10761  1.80636e-02
 52 -0.11646 -7.32153e-03 | 53  0.06790  1.19552e-03 | 54  0.07704 -1.04905e-04
54 variables; iteration 160; function evaluation 216; phase 3
Function value 1.0524687e+02; maximum gradient component mag -4.3162e-02
Var    Value     Gradient |Var    Value     Gradient |Var    Value     Gradient
  1  0.13490  2.13574e-03 |  2 -0.13837  3.96840e-05 |  3  0.00384  2.56098e-04
  4 -0.02887  2.99465e-04 |  5  0.01928  2.81559e-04 |  6 -0.05313 -1.14593e-04
  7 -0.10278 -5.99324e-04 |  8 -0.05638 -8.15979e-04 |  9 -0.07554  3.07149e-04
 10  0.03516  4.02633e-04 | 11  0.02179  2.50113e-04 | 12  0.06630  5.35295e-04
 13  0.00760 -1.13262e-05 | 14 -0.00853 -1.67896e-04 | 15  0.07359 -4.30022e-04
 16  0.02486 -5.01879e-04 | 17 -0.04806 -8.34554e-05 | 18 -0.00553 -6.01023e-04
 19 -0.02004 -8.27177e-04 | 20  0.04113 -6.52367e-04 | 21  0.03819 -3.20476e-04
 22 -0.06262 -1.14411e-04 | 23 -0.03417  5.62350e-04 | 24 -0.10857  4.48506e-04
 25  0.01932  3.23390e-03 | 26 -0.00955  1.42559e-03 | 27 -0.00608  1.39684e-03
 28  0.05844  1.68324e-03 | 29  0.00210 -8.81820e-04 | 30  0.06001 -1.18256e-03
 31 -0.02753 -7.11501e-04 | 32  0.04716 -1.25966e-03 | 33  0.01703 -8.40574e-04
 34  0.05445 -3.39117e-04 | 35  0.03475 -3.95468e-04 | 36  0.01586  2.40514e-04
 37  0.24962 -4.31622e-02 | 38  0.26005 -1.48836e-02 | 39  0.27453  1.74339e-03
 40  0.27784  1.44371e-03 | 41 -0.36002  6.74762e-04 | 42 -0.00886  1.51783e-05
 43 -0.03686  1.24389e-06 | 44 -0.70867 -3.82962e-06 | 45 -0.68884 -2.55637e-03
 46 -0.72123  2.84856e-03 | 47 -0.56458  1.87203e-03 | 48 -0.47651 -1.76795e-03
 49 -0.37458  1.80106e-03 | 50 -0.04000  1.70920e-04 | 51 -0.10768  1.07006e-02
 52 -0.11652  9.79515e-04 | 53  0.06790  6.10668e-04 | 54  0.07704 -9.20867e-04
54 variables; iteration 180; function evaluation 236; phase 3
Function value 1.0524682e+02; maximum gradient component mag -1.4620e-04
Var    Value     Gradient |Var    Value     Gradient |Var    Value     Gradient
  1  0.13490 -1.46200e-04 |  2 -0.13837  2.11809e-07 |  3  0.00384 -4.49163e-07
  4 -0.02887  4.49851e-06 |  5  0.01928 -1.08756e-05 |  6 -0.05313  7.09125e-07
  7 -0.10278 -1.65698e-05 |  8 -0.05638 -1.23209e-05 |  9 -0.07554  2.56321e-06
 10  0.03516 -2.77335e-06 | 11  0.02179  3.00549e-06 | 12  0.06630 -2.52831e-06
 13  0.00760  4.05078e-06 | 14 -0.00853  2.37651e-06 | 15  0.07359  4.49816e-06
 16  0.02486  6.12419e-06 | 17 -0.04806  7.44320e-07 | 18 -0.00553 -4.84789e-06
 19 -0.02004 -5.92392e-06 | 20  0.04113  3.76768e-06 | 21  0.03819  2.33544e-06
 22 -0.06262 -3.34226e-06 | 23 -0.03417 -1.66526e-06 | 24 -0.10857 -1.36418e-05
 25  0.01932 -1.33312e-05 | 26 -0.00955  3.56864e-06 | 27 -0.00608 -1.26559e-06
 28  0.05844  2.08076e-05 | 29  0.00210  1.47476e-05 | 30  0.06001  1.88271e-05
 31 -0.02753  3.48633e-06 | 32  0.04716  1.21606e-05 | 33  0.01703  5.38673e-07
 34  0.05445 -1.04012e-06 | 35  0.03475 -9.80858e-06 | 36  0.01586 -1.95989e-05
 37  0.24962  5.51220e-05 | 38  0.26004 -4.02227e-05 | 39  0.27453  2.42236e-05
 40  0.27784  3.86595e-05 | 41 -0.36002  5.18077e-06 | 42 -0.00901  1.22152e-07
 43 -0.03713 -1.40762e-08 | 44 -0.70865 -2.75458e-08 | 45 -0.68882  1.21573e-05
 46 -0.72122 -1.36041e-05 | 47 -0.56459 -1.49462e-05 | 48 -0.47651  1.31130e-05
 49 -0.37458 -1.34286e-06 | 50 -0.04011 -1.11159e-07 | 51 -0.12065 -2.49474e-05
 52 -0.12782  2.88799e-05 | 53  0.06790  7.63056e-06 | 54  0.07704 -1.30478e-05

 - final statistics:
54 variables; iteration 181; function evaluation 237
Function value 1.0525e+02; maximum gradient component mag 2.9298e-05
Exit code = 1;  converg criter 1.0000e-04
Var    Value     Gradient |Var    Value     Gradient |Var    Value     Gradient
  1  0.13490  2.92984e-05 |  2 -0.13837  1.40318e-07 |  3  0.00384  4.37271e-08
  4 -0.02887  1.78805e-06 |  5  0.01928 -3.64754e-06 |  6 -0.05313 -7.25993e-07
  7 -0.10278 -6.89733e-06 |  8 -0.05638 -5.44461e-06 |  9 -0.07554  3.32809e-07
 10  0.03516 -1.12284e-06 | 11  0.02179  1.42331e-06 | 12  0.06630  1.87438e-06
 13  0.00760  1.07849e-06 | 14 -0.00853 -3.44223e-07 | 15  0.07359  3.86824e-07
 16  0.02486  5.91745e-07 | 17 -0.04806 -1.60324e-06 | 18 -0.00553 -1.45970e-06
 19 -0.02004 -2.48297e-06 | 20  0.04113  1.62069e-06 | 21  0.03819  6.52277e-07
 22 -0.06262 -1.76623e-06 | 23 -0.03417 -5.95358e-07 | 24 -0.10857 -5.30602e-06
 25  0.01932 -3.67778e-06 | 26 -0.00955  3.69255e-06 | 27 -0.00608  4.33893e-06
 28  0.05844  1.08871e-05 | 29  0.00210  4.66335e-06 | 30  0.06001  5.55110e-06
 31 -0.02753  7.75541e-07 | 32  0.04716  2.96391e-06 | 33  0.01703 -8.62222e-07
 34  0.05445 -1.07099e-06 | 35  0.03475 -3.90427e-06 | 36  0.01586 -5.24062e-06
 37  0.24962  1.49707e-06 | 38  0.26004 -8.87243e-06 | 39  0.27453  1.08940e-05
 40  0.27784  1.43088e-05 | 41 -0.36002  2.36752e-06 | 42 -0.00901  5.24224e-08
 43 -0.03713 -4.72509e-09 | 44 -0.70865 -1.27840e-08 | 45 -0.68882  1.51064e-06
 46 -0.72122 -1.68881e-06 | 47 -0.56459 -2.01147e-06 | 48 -0.47651  1.54203e-06
 49 -0.37458  1.63249e-08 | 50 -0.04011  8.05563e-09 | 51 -0.12066 -7.82355e-06
 52 -0.12782  8.96973e-06 | 53  0.06790  3.00661e-06 | 54  0.07704 -5.81487e-06
Estimating row 1 out of 54 for hessian
Estimating row 2 out of 54 for hessian
Estimating row 3 out of 54 for hessian
Estimating row 4 out of 54 for hessian
Estimating row 5 out of 54 for hessian
Estimating row 6 out of 54 for hessian
Estimating row 7 out of 54 for hessian
Estimating row 8 out of 54 for hessian
Estimating row 9 out of 54 for hessian
Estimating row 10 out of 54 for hessian
Estimating row 11 out of 54 for hessian
Estimating row 12 out of 54 for hessian
Estimating row 13 out of 54 for hessian
Estimating row 14 out of 54 for hessian
Estimating row 15 out of 54 for hessian
Estimating row 16 out of 54 for hessian
Estimating row 17 out of 54 for hessian
Estimating row 18 out of 54 for hessian
Estimating row 19 out of 54 for hessian
Estimating row 20 out of 54 for hessian
Estimating row 21 out of 54 for hessian
Estimating row 22 out of 54 for hessian
Estimating row 23 out of 54 for hessian
Estimating row 24 out of 54 for hessian
Estimating row 25 out of 54 for hessian
Estimating row 26 out of 54 for hessian
Estimating row 27 out of 54 for hessian
Estimating row 28 out of 54 for hessian
Estimating row 29 out of 54 for hessian
Estimating row 30 out of 54 for hessian
Estimating row 31 out of 54 for hessian
Estimating row 32 out of 54 for hessian
Estimating row 33 out of 54 for hessian
Estimating row 34 out of 54 for hessian
Estimating row 35 out of 54 for hessian
Estimating row 36 out of 54 for hessian
Estimating row 37 out of 54 for hessian
Estimating row 38 out of 54 for hessian
Estimating row 39 out of 54 for hessian
Estimating row 40 out of 54 for hessian
Estimating row 41 out of 54 for hessian
Estimating row 42 out of 54 for hessian
Estimating row 43 out of 54 for hessian
Estimating row 44 out of 54 for hessian
Estimating row 45 out of 54 for hessian
Estimating row 46 out of 54 for hessian
Estimating row 47 out of 54 for hessian
Estimating row 48 out of 54 for hessian
Estimating row 49 out of 54 for hessian
Estimating row 50 out of 54 for hessian
Estimating row 51 out of 54 for hessian
Estimating row 52 out of 54 for hessian
Estimating row 53 out of 54 for hessian
Estimating row 54 out of 54 for hessian
size of file gradfil1.tmp = 0
size of file gradfil2.tmp = 0
size of file varssave.tmp = 0
size of file cmpdiff.tmp = 0
