
Initial statistics: 3 variables; iteration 0; function evaluation 0; phase 1
Function value 5.2637536e+03; maximum gradient component mag 3.5260e+04
Var    Value     Gradient |Var    Value     Gradient |Var    Value     Gradient
  1 -0.07231 -1.95875e+03 |  2  0.39650  3.52601e+04 |  3  0.21635  1.46106e+04

 - final statistics:
3 variables; iteration 11; function evaluation 21
Function value 6.3173e+02; maximum gradient component mag 3.2707e+00
Exit code = 1;  converg criter 1.0000e+01
Var    Value     Gradient |Var    Value     Gradient |Var    Value     Gradient
  1  0.22737 -4.63840e-01 |  2  0.18932  3.27072e+00 |  3  0.19803  2.45584e+00

Initial statistics: 54 variables; iteration 0; function evaluation 0; phase 2
Function value 6.3173292e+02; maximum gradient component mag 3.8749e+03
Var    Value     Gradient |Var    Value     Gradient |Var    Value     Gradient
  1  0.22737 -4.63840e-01 |  2  0.18932  3.27072e+00 |  3  0.00000  3.27715e+01
  4  0.00000 -1.14603e+02 |  5  0.00000  3.63328e+01 |  6  0.00000 -7.52933e+01
  7  0.00000 -3.33414e+01 |  8  0.00000  4.68460e+01 |  9  0.00000  1.07674e+00
 10  0.00000  7.39656e+00 | 11  0.00000 -7.69190e+01 | 12  0.00000  8.34240e+00
 13  0.00000 -5.85803e+01 | 14  0.00000 -1.78002e+01 | 15  0.00000 -1.46511e+01
 16  0.00000 -9.53586e+01 | 17  0.00000 -1.93328e+00 | 18  0.00000  9.19749e+01
 19  0.00000  8.15356e+00 | 20  0.00000  3.01244e+01 | 21  0.00000 -1.45012e+02
 22  0.00000 -1.51118e+02 | 23  0.00000  1.12043e+02 | 24  0.00000  1.58565e+01
 25  0.00000  2.75464e+02 | 26  0.00000  8.34085e+01 | 27  0.00000 -1.73936e+01
 28  0.00000  2.61906e+00 | 29  0.00000 -8.45420e+01 | 30  0.00000  1.65349e+02
 31  0.00000 -3.05791e+02 | 32  0.00000  2.03407e+02 | 33  0.00000 -3.11672e+02
 34  0.00000  1.83121e+01 | 35  0.00000 -2.52124e+02 | 36  0.00000  3.15195e+01
 37  0.00000  2.12866e+02 | 38  0.00000  4.85190e+01 | 39  0.00000  2.02959e+02
 40  0.21635 -4.22919e+02 | 41  0.21635  3.87489e+03 | 42  0.21635 -7.80423e+02
 43  0.19803  2.45584e+00 | 44 -1.00000 -1.08293e-07 | 45  0.00000  7.95921e-05
 46  0.00000  2.33544e-01 | 47 -0.53989  4.92467e+00 | 48 -1.00000 -1.08293e-07
 49 -0.53989  1.29448e+01 | 50 -1.00000 -1.08293e-07 | 51 -0.53989  3.32538e+00
 52 -0.32288  6.06238e+01 | 53  0.21635  1.86982e+00 | 54 -0.17585 -6.42795e+02

Intermediate statistics: 54 variables; iteration 20; function evaluation 33; phase 2
Function value 3.0779913e+02; maximum gradient component mag -4.7279e+03
Var    Value     Gradient |Var    Value     Gradient |Var    Value     Gradient
  1  1.51152  2.68737e+01 |  2  0.33548 -1.18788e+03 |  3  0.02939  2.91835e+01
  4  0.08083  1.74252e+01 |  5 -0.00480 -2.77752e+01 |  6  0.07098  1.63014e+00
  7  0.05332 -3.25391e+01 |  8 -0.00380 -2.87954e+01 |  9  0.01129 -2.73042e+01
 10  0.02008 -3.24098e+01 | 11  0.04906 -4.18872e+01 | 12 -0.01396 -5.24398e+01
 13  0.00782 -5.85944e+01 | 14 -0.00492 -6.90833e+01 | 15  0.00238 -6.93696e+01
 16  0.04598 -7.83090e+01 | 17 -0.00304 -6.29954e+01 | 18 -0.04791 -5.02460e+01
 19 -0.00002 -5.55061e+01 | 20 -0.02981 -1.13123e+02 | 21  0.08275 -7.85218e+01
 22  0.07705 -1.07398e+02 | 23 -0.03501 -7.44755e+01 | 24 -0.03956 -1.32785e+02
 25 -0.08832  1.61395e+01 | 26 -0.04440 -4.97375e+01 | 27 -0.01008 -5.14503e+01
 28 -0.01520 -7.56425e+01 | 29  0.04341  2.34735e+02 | 30 -0.02622 -4.50002e+01
 31 -0.00853 -3.65319e+02 | 32  0.00646  9.60805e+01 | 33 -0.00785 -2.67642e+02
 34 -0.01083 -6.48497e+01 | 35  0.00967 -1.78151e+02 | 36 -0.01582 -4.55017e+01
 37  0.00151  2.46233e+02 | 38 -0.02879 -8.24147e+01 | 39 -0.02570 -3.69070e+01
 40  0.11888 -4.72785e+03 | 41  0.12858  1.71219e+03 | 42  0.13507 -1.16592e+03
 43  0.14655  1.63581e+03 | 44 -1.29306  8.42497e-04 | 45 -0.00001  2.44693e-03
 46 -0.00354  5.94466e-02 | 47 -0.61822  1.53480e+00 | 48 -1.45144  1.37036e+02
 49 -0.52851  1.58814e+02 | 50 -1.03302  1.80197e+01 | 51 -0.54082  3.37021e+00
 52 -0.39779  1.06985e+02 | 53  0.11200  1.10308e+01 | 54 -0.08511 -1.30836e+02
54 variables; iteration 40; function evaluation 61; phase 2
Function value 2.1698485e+02; maximum gradient component mag -2.3181e+03
Var    Value     Gradient |Var    Value     Gradient |Var    Value     Gradient
  1  1.41228  2.47238e+01 |  2  0.30946 -8.22597e+02 |  3 -0.09893 -1.83661e+01
  4  0.12390  3.35068e+01 |  5  0.08262  4.94111e+01 |  6  0.09612  2.99418e+01
  7  0.00561 -3.57883e+01 |  8 -0.06886 -1.19115e+01 |  9 -0.06015 -2.78025e+01
 10  0.00138  2.19631e+01 | 11  0.04928  8.85199e+00 | 12 -0.00266  6.18771e+00
 13  0.01159 -1.09860e+01 | 14  0.00678 -1.26445e+01 | 15  0.03620  1.43142e+01
 16  0.05954 -4.47153e+00 | 17  0.01851  2.85779e+01 | 18 -0.05242 -2.11552e+01
 19  0.02891  3.45042e+01 | 20 -0.01098 -1.10015e+01 | 21  0.12821  4.05015e+01
 22  0.15035  1.06931e+02 | 23  0.01097  6.80486e+01 | 24 -0.05576 -1.25293e+02
 25 -0.11003  2.77241e+01 | 26 -0.10110 -1.03718e+02 | 27  0.01583  4.50937e+01
 28 -0.00426 -2.91706e+00 | 29 -0.00027  9.30800e+01 | 30 -0.04388 -9.37615e+01
 31  0.03105 -1.48806e+02 | 32 -0.01745 -1.83424e+00 | 33  0.03238 -1.18101e+02
 34  0.01060 -1.21926e+01 | 35  0.03099 -3.66308e+01 | 36 -0.02858 -4.66070e+01
 37 -0.05823  2.36432e+01 | 38 -0.02321  1.22742e+01 | 39  0.00376  3.47558e+01
 40  0.13770 -2.31813e+03 | 41  0.13185  2.97961e+02 | 42  0.16108 -3.27219e+01
 43  0.14945  2.96159e+02 | 44 -1.50692 -2.58035e+00 | 45 -0.01839  3.65350e-01
 46 -0.02577 -3.67738e-05 | 47 -1.26489  3.64367e-03 | 48 -1.43821  1.07563e+02
 49 -0.54876  1.20101e+02 | 50 -0.93864  9.97635e+01 | 51 -0.88612 -5.36839e+01
 52 -0.32999  1.00022e+02 | 53 -1.07037 -1.23715e+00 | 54 -0.07933  4.20844e+01
54 variables; iteration 60; function evaluation 94; phase 2
Function value 1.7092630e+02; maximum gradient component mag 2.2490e+02
Var    Value     Gradient |Var    Value     Gradient |Var    Value     Gradient
  1  1.19640 -9.63614e-02 |  2  0.24576  2.24899e+02 |  3 -0.06020  2.95311e+00
  4  0.01846 -8.90121e+00 |  5 -0.01173  1.02758e+01 |  6  0.04618 -3.92629e+00
  7  0.02099 -1.17569e+01 |  8 -0.03357  2.45148e-01 |  9 -0.01502 -4.23898e+00
 10  0.00565 -3.99269e+00 | 11  0.05207 -9.54936e+00 | 12  0.00206 -3.57751e+00
 13  0.01794 -6.48439e+00 | 14  0.00095 -2.42632e+00 | 15  0.01208 -4.82204e+00
 16  0.03825 -6.94540e+00 | 17 -0.01203  3.25426e+00 | 18 -0.05309  2.03301e-02
 19  0.00902 -4.99683e+00 | 20 -0.02563 -2.58807e+00 | 21  0.08630 -1.53141e+01
 22  0.08363 -8.09949e+00 | 23 -0.02531  1.52258e+01 | 24 -0.00720  1.19915e+00
 25 -0.11879  3.89150e+00 | 26 -0.04312 -2.27975e+00 | 27  0.00315  7.40162e+00
 28 -0.00661  4.10502e+00 | 29 -0.02021 -1.79087e+01 | 30 -0.02293  8.18185e-01
 31  0.06428  9.04574e+00 | 32 -0.01276 -7.99804e+00 | 33  0.06739  1.02449e+01
 34  0.02678  1.33061e+01 | 35  0.04458  1.16520e+01 | 36 -0.01871 -9.02509e+00
 37 -0.06569  3.13634e+00 | 38 -0.03499  8.69058e-01 | 39 -0.02076 -7.40799e+00
 40  0.18072  1.17401e+02 | 41  0.16250  4.19340e+01 | 42  0.19739  4.41284e+01
 43  0.17950  5.02295e+01 | 44 -0.84516 -1.24992e-02 | 45 -0.04770 -9.13433e-05
 46 -0.28665 -1.52244e-03 | 47 -1.16488  1.18428e-02 | 48 -1.34503  1.41539e+01
 49 -0.65605  1.42649e+01 | 50 -0.95605  2.14645e+01 | 51 -0.92177 -1.20983e+01
 52 -0.38226 -4.16012e-01 | 53 -1.61525  5.34429e-02 | 54 -0.07681  9.08467e+00
Maximum number of function evaluations exceeded

 - final statistics:
54 variables; iteration 66; function evaluation 100
Function value 1.6580e+02; maximum gradient component mag -4.4614e+02
Exit code = 3;  converg criter 1.0000e+01
Var    Value     Gradient |Var    Value     Gradient |Var    Value     Gradient
  1  1.00952 -7.17706e-01 |  2  0.18712 -4.46144e+02 |  3 -0.05948  1.17239e+00
  4  0.02961  2.50181e+00 |  5 -0.02403 -1.26322e+01 |  6  0.05396  2.42022e+00
  7  0.03082  1.46003e+01 |  8 -0.03656  3.41489e+00 |  9 -0.01028  8.68471e+00
 10  0.01081  7.46405e+00 | 11  0.07335  9.62867e+00 | 12  0.02276  8.01188e+00
 13  0.03772  4.11060e+00 | 14  0.00329  3.14458e+00 | 15  0.01082  6.13424e+00
 16  0.04962  3.02396e+00 | 17 -0.01057 -4.55877e+00 | 18 -0.06079  1.44149e+00
 19  0.00695  2.50502e+00 | 20 -0.03264  2.93722e+00 | 21  0.09146  9.83907e+00
 22  0.08385  6.36213e+00 | 23 -0.04611 -3.76614e+00 | 24 -0.01224  3.73585e+00
 25 -0.12785  1.82633e+00 | 26 -0.04263  1.28842e+00 | 27 -0.01802 -2.60108e+00
 28 -0.00853 -2.50535e+00 | 29 -0.00432 -5.67729e+00 | 30 -0.02479 -3.90536e+00
 31  0.05730  1.61468e+00 | 32 -0.01632  7.66867e+00 | 33  0.05569 -1.57176e+00
 34  0.01884 -1.27447e+01 | 35  0.04347 -1.68103e+01 | 36 -0.01194 -9.06904e+00
 37 -0.06238 -1.41849e+01 | 38 -0.03456 -2.10382e+01 | 39 -0.03562  2.14048e+01
 40  0.21435 -1.80096e+02 | 41  0.19539 -1.15550e+02 | 42  0.23452 -1.00496e+02
 43  0.21941 -1.60454e+02 | 44 -0.67963 -3.66430e-03 | 45 -0.07883  4.49522e-04
 46 -0.30547 -1.63892e-03 | 47 -1.11608  1.69909e-02 | 48 -1.35776  4.98848e+00
 49 -0.65475  5.11809e+00 | 50 -0.95942 -9.67591e+01 | 51 -0.93516  6.04621e+01
 52 -0.40205  3.01772e+00 | 53 -1.90044 -3.95331e-01 | 54 -0.04790 -2.91106e+01

Initial statistics: 57 variables; iteration 0; function evaluation 0; phase 3
Function value 1.6580035e+02; maximum gradient component mag -1.1289e+03
Var    Value     Gradient |Var    Value     Gradient |Var    Value     Gradient
  1  0.99048  7.17706e-01 |  2  0.18712 -4.46144e+02 |  3 -0.05948  1.17239e+00
  4  0.02961  2.50181e+00 |  5 -0.02403 -1.26322e+01 |  6  0.05396  2.42022e+00
  7  0.03080  1.36740e+01 |  8 -0.03659  2.48897e+00 |  9 -0.01030  7.75737e+00
 10  0.01078  6.53673e+00 | 11  0.07333  8.70741e+00 | 12  0.02273  7.08503e+00
 13  0.03770  3.18478e+00 | 14  0.00326  2.21714e+00 | 15  0.01080  5.20692e+00
 16  0.04959  2.09933e+00 | 17 -0.01059 -5.48609e+00 | 18 -0.06082  5.18257e-01
 19  0.00693  1.57762e+00 | 20 -0.03266  2.01098e+00 | 21  0.09143  8.92123e+00
 22  0.08382  5.44274e+00 | 23 -0.04613 -4.69115e+00 | 24 -0.01226  2.80857e+00
 25 -0.12788  9.17509e-01 | 26 -0.04266  3.63049e-01 | 27 -0.01805 -3.52816e+00
 28 -0.00855 -3.43272e+00 | 29 -0.00435 -6.60472e+00 | 30 -0.02482 -4.83210e+00
 31  0.05728  6.90983e-01 | 32 -0.01634  6.74151e+00 | 33  0.05566 -2.49568e+00
 34  0.01882 -1.36718e+01 | 35  0.04345 -1.77357e+01 | 36 -0.01196 -9.99633e+00
 37 -0.06240 -1.51078e+01 | 38 -0.03459 -2.19642e+01 | 39 -0.03565  2.04787e+01
 40  0.21435 -1.80096e+02 | 41  0.19539 -1.15550e+02 | 42  0.23452 -1.00496e+02
 43  0.21941 -1.60454e+02 | 44 -0.67963 -3.66430e-03 | 45 -0.07883  4.49522e-04
 46 -0.30547 -1.63892e-03 | 47 -0.88392 -1.69909e-02 | 48 -0.64224 -4.98848e+00
 49 -0.65475  5.11809e+00 | 50 -0.95942 -9.67591e+01 | 51 -0.93516  6.04621e+01
 52 -0.40205  3.01772e+00 | 53 -0.09956  3.95331e-01 | 54 -0.17585 -1.12893e+03
 55 -0.12819  4.00353e-03 | 56 -0.04790 -2.91106e+01 | 57  0.05795 -2.12140e+01

Intermediate statistics: 57 variables; iteration 20; function evaluation 31; phase 3
Function value 1.1895863e+02; maximum gradient component mag 5.5049e+02
Var    Value     Gradient |Var    Value     Gradient |Var    Value     Gradient
  1  0.98497  1.34503e+00 |  2  0.16832 -2.12131e+02 |  3 -0.06216  1.10400e-01
  4  0.03090 -3.88134e-01 |  5 -0.01302  1.72006e+00 |  6  0.05079 -8.36484e-01
  7  0.02050  3.14518e+00 |  8 -0.03969  5.02586e+00 |  9 -0.01445  2.46127e+00
 10  0.00611  5.24026e+00 | 11  0.07116  1.43894e+00 | 12  0.02288 -1.74794e+00
 13  0.04426 -1.86977e+00 | 14  0.00608  6.18280e+00 | 15  0.00948  5.68219e+00
 16  0.05591  7.22162e+00 | 17 -0.00218  4.22305e+00 | 18 -0.07331 -1.35181e+00
 19 -0.02826 -1.72035e+01 | 20 -0.04236  3.69029e+00 | 21  0.05149 -1.12251e+01
 22  0.05891 -1.40116e+00 | 23 -0.03864  1.95651e+01 | 24 -0.02349  4.03802e+00
 25 -0.12447  1.03157e+01 | 26 -0.02603  1.09277e+01 | 27 -0.02113  2.41609e-01
 28 -0.02508 -1.55723e+01 | 29  0.01870 -3.41362e+01 | 30 -0.01696 -2.18460e+00
 31  0.05792 -1.57385e+01 | 32 -0.02620  1.93012e+01 | 33  0.06787 -1.33527e+01
 34  0.03364  1.57978e+01 | 35  0.05129 -1.29656e+01 | 36  0.00315 -1.35167e+01
 37 -0.04322 -7.55566e+00 | 38 -0.01807 -1.06060e+01 | 39 -0.01666  2.11489e+01
 40  0.22971  5.50487e+02 | 41  0.22938 -3.03198e+01 | 42  0.25118  1.05761e+02
 43  0.24491 -3.49070e+02 | 44 -0.67960 -5.02968e-03 | 45 -0.07883 -1.13741e-04
 46 -0.30546 -1.63886e-03 | 47 -0.88382 -1.69755e-02 | 48 -0.63152  7.11547e+01
 49 -0.65470 -7.66394e+01 | 50 -0.94030  3.13599e+01 | 51 -0.91373 -2.17300e+01
 52 -0.39868 -1.01065e+01 | 53 -0.09917 -1.28446e+00 | 54 -0.11214 -3.09731e+02
 55 -0.09792  2.54949e+02 | 56  0.08346 -6.10609e+01 | 57  0.16283  1.01193e+02
57 variables; iteration 40; function evaluation 58; phase 3
Function value 1.1646204e+02; maximum gradient component mag -2.8948e+02
Var    Value     Gradient |Var    Value     Gradient |Var    Value     Gradient
  1  0.67973  1.44637e+01 |  2  0.17159 -2.18770e+02 |  3 -0.07283 -1.02116e+00
  4  0.02582 -7.28750e+00 |  5 -0.01188  5.46818e+00 |  6  0.04765 -1.58425e+00
  7  0.01924  4.18908e+00 |  8 -0.03790  8.09612e+00 |  9 -0.01953  1.33926e+00
 10 -0.00778 -4.04758e+00 | 11  0.05807 -6.92592e+00 | 12  0.02521  8.26003e+00
 13  0.04104 -7.23797e+00 | 14  0.00579 -2.01614e+00 | 15  0.01572  1.22753e+01
 16  0.04549 -2.10905e+01 | 17 -0.00327 -1.57423e+00 | 18 -0.06806  4.18001e+00
 19 -0.03031 -2.38153e+01 | 20 -0.03750 -2.81431e+00 | 21  0.04459 -3.68645e+01
 22  0.05374 -2.21359e+01 | 23 -0.02434  3.89041e+01 | 24 -0.02818 -1.03717e+01
 25 -0.12286  5.56796e+00 | 26 -0.02140  1.52217e+01 | 27 -0.01938  3.00582e+00
 28 -0.03419 -3.63637e+01 | 29  0.02049  2.34742e+00 | 30 -0.01931 -1.61897e+01
 31  0.06085  1.13320e+01 | 32 -0.02598 -5.59477e+00 | 33  0.08062  5.50516e+01
 34  0.03867  2.73120e+01 | 35  0.04999 -2.97122e+00 | 36  0.00072 -1.71895e+00
 37 -0.04865 -3.00804e+01 | 38 -0.01869 -3.26902e+01 | 39  0.00608  4.44033e+01
 40  0.22813 -8.33124e+01 | 41  0.22808  1.10564e+02 | 42  0.24520 -3.75965e+01
 43  0.24100 -1.54040e+02 | 44 -0.67855 -4.56776e-03 | 45 -0.07888  6.49274e-05
 46 -0.30506 -1.63632e-03 | 47 -0.87963 -1.63753e-02 | 48 -0.46584 -1.11524e+02
 49 -0.49311  1.56370e+02 | 50 -0.76432  9.19690e+00 | 51 -0.65030 -6.21553e+00
 52 -0.33312  1.92623e+01 | 53 -0.08515  1.02222e+00 | 54 -0.11013 -2.89476e+02
 55 -0.10008  2.51957e+02 | 56  0.06650 -3.82726e+01 | 57  0.14764  2.48426e+01
57 variables; iteration 60; function evaluation 90; phase 3
Function value 1.0660300e+02; maximum gradient component mag -5.0764e+02
Var    Value     Gradient |Var    Value     Gradient |Var    Value     Gradient
  1  0.50090  1.03725e+01 |  2  0.15865 -5.07639e+02 |  3 -0.08365 -2.66012e+00
  4  0.02663 -4.61669e+00 |  5 -0.01275  7.64634e+00 |  6  0.03938 -3.87624e+00
  7  0.00519  1.01957e+01 |  8 -0.05358  6.32226e+00 |  9 -0.02603  2.41658e+00
 10 -0.00354  1.36602e+01 | 11  0.06242 -3.25825e+00 | 12  0.03774  2.14922e+01
 13  0.05053 -2.59950e+00 | 14  0.01309  1.26035e+01 | 15  0.01055  6.55653e+00
 16  0.06833  2.29462e+01 | 17  0.00199 -6.85632e+00 | 18 -0.06316  6.33013e+00
 19 -0.02547 -1.29070e+01 | 20 -0.04340 -2.96421e+01 | 21  0.05148  4.99049e+00
 22  0.05204 -8.85899e+00 | 23 -0.03179  3.01034e+01 | 24 -0.03560 -2.62701e+01
 25 -0.12303 -2.12897e+00 | 26 -0.02147 -1.39129e+01 | 27 -0.02805 -9.78581e+00
 28 -0.02600 -5.82775e+00 | 29  0.02539 -2.48732e+01 | 30 -0.01754 -1.02492e+01
 31  0.05432 -1.61825e+00 | 32 -0.03310 -7.11104e+00 | 33  0.06546  5.09363e+01
 34  0.02624  7.93071e+00 | 35  0.04661 -9.30615e+00 | 36  0.00394 -7.18761e+00
 37 -0.03649  3.92691e+00 | 38 -0.00859 -2.00563e+01 | 39  0.00198  3.55435e+01
 40  0.23267 -2.37104e+02 | 41  0.24072 -3.30968e+01 | 42  0.25494 -2.14903e+02
 43  0.27004 -4.27062e+01 | 44 -0.65077 -4.88788e-03 | 45 -0.07940 -3.04689e-04
 46 -0.29466 -1.57162e-03 | 47 -0.79062 -9.19853e-03 | 48 -0.48720 -1.25692e+02
 49 -0.51875  1.59009e+02 | 50 -0.96347 -2.44345e+02 | 51 -0.94817  1.72084e+02
 52 -0.33565  1.15488e+01 | 53 -0.71691  5.54735e-01 | 54 -0.10875  8.75956e+01
 55 -0.11359 -9.44290e+01 | 56  0.15737  6.23068e-01 | 57  0.15496 -1.63731e+01
57 variables; iteration 80; function evaluation 129; phase 3
Function value 1.0188200e+02; maximum gradient component mag 1.2725e+02
Var    Value     Gradient |Var    Value     Gradient |Var    Value     Gradient
  1  0.35084 -1.97998e-01 |  2  0.14885  1.27251e+02 |  3 -0.09133 -1.02859e-01
  4  0.01827 -3.37789e-01 |  5 -0.02512 -1.28999e-01 |  6  0.02840 -3.25478e-01
  7 -0.01714 -2.05320e+00 |  8 -0.07109 -1.87141e+00 |  9 -0.03649 -1.84112e+00
 10 -0.02287 -2.15435e+00 | 11  0.06118 -2.41694e+00 | 12  0.03035 -1.58590e+00
 13  0.05943 -2.14076e+00 | 14  0.00942 -2.05308e+00 | 15  0.00477 -2.01355e+00
 16  0.06706 -2.28086e+00 | 17  0.01400 -2.57130e+00 | 18 -0.05993 -2.19902e+00
 19 -0.01757 -1.94982e+00 | 20 -0.03278 -2.05842e+00 | 21  0.04992 -1.79408e+00
 22  0.05267 -1.87732e+00 | 23 -0.04950 -1.12956e+00 | 24 -0.02738 -1.17405e+00
 25 -0.11784 -2.30962e-01 | 26 -0.01166  3.67370e+00 | 27 -0.01935 -7.33019e-01
 28 -0.01924 -2.31236e-01 | 29  0.03646  1.41311e+00 | 30 -0.01035 -6.89235e-01
 31  0.05482 -5.04517e-01 | 32 -0.03267 -1.32059e+00 | 33  0.05230 -7.45739e-01
 34  0.02129 -1.09535e+00 | 35  0.04880  8.51772e-01 | 36  0.01281  3.07777e+00
 37 -0.02494  8.01806e+00 | 38  0.00627  2.32721e+01 | 39 -0.01117  2.63690e-01
 40  0.24137  2.52058e+00 | 41  0.24753  8.41539e+00 | 42  0.26496  3.92186e+00
 43  0.28356  1.49682e+01 | 44 -0.39651 -6.48931e-01 | 45  0.05506 -3.14139e-02
 46 -0.24864 -1.13893e-03 | 47 -0.70642 -2.21822e-04 | 48 -0.51543 -3.18897e+00
 49 -0.55893  3.90715e+00 | 50 -0.98791  1.82597e+01 | 51 -0.98406 -1.40552e+01
 52 -0.35880 -6.47623e-01 | 53  0.01121 -4.78501e-02 | 54 -0.11045 -8.45438e-02
 55 -0.11365  4.21565e-02 | 56  0.17136 -5.45693e-01 | 57  0.14026 -1.78913e+00
57 variables; iteration 100; function evaluation 152; phase 3
Function value 1.0156520e+02; maximum gradient component mag -5.2904e+00
Var    Value     Gradient |Var    Value     Gradient |Var    Value     Gradient
  1  0.32596 -1.07662e-02 |  2  0.14758 -1.74092e+00 |  3 -0.09288  2.45112e-03
  4  0.01812 -1.96617e-02 |  5 -0.02512 -1.06280e-02 |  6  0.02771 -2.07127e-02
  7 -0.01933  2.25486e-02 |  8 -0.07310  3.56884e-02 |  9 -0.03793  3.52183e-02
 10 -0.02486 -1.04535e-02 | 11  0.06069 -3.01630e-04 | 12  0.03043  3.44596e-02
 13  0.06041  4.31440e-02 | 14  0.00960  1.23201e-02 | 15  0.00423  2.27930e-02
 16  0.06804 -4.00785e-02 | 17  0.01549  6.21319e-03 | 18 -0.05884  1.09220e-02
 19 -0.01670  7.45398e-02 | 20 -0.03192  8.83852e-02 | 21  0.04980 -1.55386e-02
 22  0.05220  6.30701e-03 | 23 -0.05056  2.54919e-02 | 24 -0.02753  2.78811e-02
 25 -0.11701  2.80746e-02 | 26 -0.00990  8.20558e-02 | 27 -0.01845  2.08977e-03
 28 -0.01827 -1.35645e-02 | 29  0.03788  3.44340e-02 | 30 -0.00925  1.29267e-01
 31  0.05499  1.50329e-01 | 32 -0.03231  8.55975e-02 | 33  0.05184  4.67526e-03
 34  0.02114 -4.75054e-03 | 35  0.04897 -2.72161e-02 | 36  0.01386 -1.40126e-01
 37 -0.02368 -2.37740e-01 | 38  0.00543 -4.59022e-01 | 39 -0.01575 -5.62263e-02
 40  0.24290 -9.55965e-01 | 41  0.24850  1.78222e-01 | 42  0.26610  1.87336e-01
 43  0.28308  6.20517e-02 | 44 -0.39346  1.22906e-03 | 45  0.12002  7.51909e-04
 46 -0.16399 -6.56259e-04 | 47 -0.70806 -6.17375e-06 | 48 -0.53892  4.51798e-01
 49 -0.57950 -4.19534e-01 | 50 -0.98551 -5.29041e+00 | 51 -0.98102  3.85515e+00
 52 -0.36815 -7.09817e-03 | 53  0.32484  1.45026e-03 | 54 -0.10999 -9.33108e-02
 55 -0.11335  6.26852e-02 | 56  0.16031  3.35977e-02 | 57  0.13420 -6.75731e-02
57 variables; iteration 120; function evaluation 174; phase 3
Function value 1.0156270e+02; maximum gradient component mag 2.1067e+00
Var    Value     Gradient |Var    Value     Gradient |Var    Value     Gradient
  1  0.32528  2.90709e-03 |  2  0.14753  9.50920e-01 |  3 -0.09293 -4.74796e-03
  4  0.01813 -8.80951e-03 |  5 -0.02510  1.87451e-03 |  6  0.02770 -7.06002e-03
  7 -0.01939 -8.81060e-03 |  8 -0.07317 -1.66142e-02 |  9 -0.03797 -1.81232e-02
 10 -0.02488  2.03353e-03 | 11  0.06069 -1.95840e-02 | 12  0.03045  6.04342e-03
 13  0.06043  7.31299e-03 | 14  0.00957  2.33754e-02 | 15  0.00413 -1.62621e-02
 16  0.06809  3.91005e-02 | 17  0.01555 -1.85095e-02 | 18 -0.05883 -1.53664e-02
 19 -0.01667 -1.49816e-02 | 20 -0.03190 -1.12225e-02 | 21  0.04982  4.33681e-02
 22  0.05218  2.17700e-02 | 23 -0.05063  3.68856e-02 | 24 -0.02759 -8.51446e-03
 25 -0.11697  1.29573e-02 | 26 -0.00988 -1.86239e-02 | 27 -0.01846 -3.67092e-02
 28 -0.01822  3.36701e-02 | 29  0.03794  7.90381e-02 | 30 -0.00921  7.93050e-02
 31  0.05498  1.48857e-03 | 32 -0.03232 -1.28264e-02 | 33  0.05182  3.84381e-02
 34  0.02113  1.13316e-02 | 35  0.04894 -3.39192e-02 | 36  0.01389 -7.95597e-03
 37 -0.02361  1.87502e-02 | 38  0.00547 -1.82931e-01 | 39 -0.01579  1.89897e-02
 40  0.24310  2.10675e+00 | 41  0.24855  1.09635e-01 | 42  0.26614 -1.92176e-01
 43  0.28310 -2.20201e-02 | 44 -0.37348  8.80702e-03 | 45 -0.34794 -1.51089e-03
 46  0.26769  1.59286e-03 | 47 -0.71978  1.87435e-04 | 48 -0.54164  9.74553e-02
 49 -0.58187 -1.07156e-01 | 50 -0.97037 -1.62514e+00 | 51 -0.96120  1.14135e+00
 52 -0.32954 -2.04702e-01 | 53 -0.27832 -1.27455e-02 | 54 -0.11028 -9.07543e-02
 55 -0.11364  6.14034e-02 | 56  0.16002  1.01776e-02 | 57  0.13398  1.09121e-02
57 variables; iteration 140; function evaluation 196; phase 3
Function value 1.0156071e+02; maximum gradient component mag -8.1287e-01
Var    Value     Gradient |Var    Value     Gradient |Var    Value     Gradient
  1  0.32549  7.58955e-03 |  2  0.14754 -4.71722e-01 |  3 -0.09288  8.71375e-04
  4  0.01813 -2.15094e-02 |  5 -0.02510  2.20191e-03 |  6  0.02771 -3.10576e-02
  7 -0.01934  2.16854e-02 |  8 -0.07313 -5.34176e-03 |  9 -0.03794 -1.86948e-02
 10 -0.02479  6.35617e-02 | 11  0.06074  1.49987e-02 | 12  0.03047  4.18515e-02
 13  0.06039 -7.46269e-02 | 14  0.00955  2.82918e-03 | 15  0.00412  3.58992e-03
 16  0.06809  6.20575e-02 | 17  0.01554 -3.62310e-02 | 18 -0.05883  2.66715e-02
 19 -0.01669 -8.89269e-02 | 20 -0.03193 -1.52065e-01 | 21  0.04982 -1.28656e-02
 22  0.05217 -4.14168e-02 | 23 -0.05062  7.96220e-02 | 24 -0.02762 -5.22567e-02
 25 -0.11700  4.89889e-02 | 26 -0.00989  1.35292e-01 | 27 -0.01846  9.74266e-03
 28 -0.01823  7.04214e-03 | 29  0.03793 -3.63741e-02 | 30 -0.00923 -1.99279e-02
 31  0.05496 -9.97460e-02 | 32 -0.03233 -3.74034e-02 | 33  0.05184  1.47548e-01
 34  0.02113  5.14674e-02 | 35  0.04893 -3.02893e-02 | 36  0.01388  5.77199e-02
 37 -0.02362  7.58210e-02 | 38  0.00544 -2.54601e-01 | 39 -0.01575  1.91326e-01
 40  0.24311  2.24786e-01 | 41  0.24854 -1.13168e-01 | 42  0.26613 -8.12873e-01
 43  0.28310  1.64481e-02 | 44 -0.39325 -1.85732e-01 | 45  0.11131 -7.51776e-03
 46 -0.20942 -8.83846e-04 | 47 -0.70504  8.53158e-04 | 48 -0.54156  1.42432e-01
 49 -0.58180 -1.96422e-01 | 50 -0.94849  4.13673e-01 | 51 -0.93253 -3.74122e-01
 52 -0.31770  8.63130e-02 | 53 -0.51594  3.63385e-04 | 54 -0.10987  9.12294e-02
 55 -0.11325 -1.32180e-01 | 56  0.16014  1.90077e-02 | 57  0.13406  7.96466e-02
57 variables; iteration 160; function evaluation 218; phase 3
Function value 1.0155937e+02; maximum gradient component mag 4.8928e+00
Var    Value     Gradient |Var    Value     Gradient |Var    Value     Gradient
  1  0.32497 -1.95834e-02 |  2  0.14751  4.11780e+00 |  3 -0.09295  1.49658e-03
  4  0.01812  7.70132e-04 |  5 -0.02511  2.19236e-03 |  6  0.02768 -7.27371e-03
  7 -0.01944 -5.53180e-02 |  8 -0.07322 -5.86397e-02 |  9 -0.03801 -5.85680e-02
 10 -0.02493 -4.89940e-02 | 11  0.06067 -5.35061e-02 | 12  0.03044 -4.54853e-02
 13  0.06044 -2.40228e-02 | 14  0.00955 -6.00895e-03 | 15  0.00411 -3.25308e-02
 16  0.06810  6.35015e-02 | 17  0.01559  5.01019e-02 | 18 -0.05881 -1.44609e-03
 19 -0.01666 -3.63542e-02 | 20 -0.03188 -3.00979e-03 | 21  0.04982  3.96719e-02
 22  0.05217  3.18600e-02 | 23 -0.05066  8.10868e-05 | 24 -0.02760  2.24580e-03
 25 -0.11696 -1.33018e-02 | 26 -0.00985 -2.59298e-02 | 27 -0.01844 -1.92628e-02
 28 -0.01820  3.73182e-02 | 29  0.03797  9.49846e-02 | 30 -0.00919  8.70943e-02
 31  0.05498  3.76279e-02 | 32 -0.03231 -2.15557e-02 | 33  0.05181  4.99875e-02
 34  0.02113  2.81694e-02 | 35  0.04894  8.87981e-04 | 36  0.01391  2.23161e-02
 37 -0.02358  4.67140e-02 | 38  0.00550 -5.24312e-02 | 39 -0.01579 -2.91578e-02
 40  0.24317  4.89281e+00 | 41  0.24856  4.60362e-02 | 42  0.26616 -1.95115e-01
 43  0.28310 -4.90300e-02 | 44 -0.39164  2.71433e-02 | 45  0.08535  1.71211e-03
 46 -0.02287  6.78493e-05 | 47 -0.71226 -1.35072e-04 | 48 -0.54223  5.01836e-03
 49 -0.58239 -9.21030e-03 | 50 -0.87267  3.62879e-01 | 51 -0.83310 -2.99628e-01
 52 -0.30787 -9.31952e-01 | 53 -0.86942 -2.60111e-02 | 54 -0.10798 -5.48909e-02
 55 -0.11146  1.14185e-02 | 56  0.15992  1.22147e-02 | 57  0.13391  1.17660e-04
57 variables; iteration 180; function evaluation 249; phase 3
Function value 1.0085683e+02; maximum gradient component mag -3.8201e+01
Var    Value     Gradient |Var    Value     Gradient |Var    Value     Gradient
  1  0.39695 -6.81437e-02 |  2  0.15100  9.19528e+00 |  3 -0.08719  3.07205e-03
  4  0.02232 -2.65470e-02 |  5 -0.02268 -1.90158e-02 |  6  0.03266 -1.42584e-02
  7 -0.00968 -1.27255e-01 |  8 -0.06405 -1.60454e-01 |  9 -0.03079 -1.25009e-01
 10 -0.01581 -1.34694e-01 | 11  0.06480 -1.17152e-01 | 12  0.03127 -1.35456e-01
 13  0.05839 -5.43860e-02 | 14  0.00995 -6.97939e-02 | 15  0.00635 -1.42723e-01
 16  0.06597  4.76595e-02 | 17  0.01263 -2.59769e-02 | 18 -0.06118 -8.32026e-02
 19 -0.01853 -4.97816e-02 | 20 -0.03429 -8.02683e-02 | 21  0.05047  1.65397e-01
 22  0.05321  1.17216e-01 | 23 -0.04916 -9.57073e-02 | 24 -0.02681  7.63878e-02
 25 -0.11917 -4.22942e-03 | 26 -0.01441  1.20426e-01 | 27 -0.01966 -8.81261e-02
 28 -0.02065  1.01711e-01 | 29  0.03388  4.90023e-02 | 30 -0.01213  4.59085e-02
 31  0.05448  3.78816e-02 | 32 -0.03336  8.48652e-02 | 33  0.05329 -5.75519e-02
 34  0.02161 -4.58387e-02 | 35  0.04823  5.32027e-02 | 36  0.01098  8.27237e-02
 37 -0.02801  7.79746e-02 | 38  0.00048  6.47657e-01 | 39 -0.01867 -1.91026e-02
 40  0.24031  7.48510e+00 | 41  0.24602  6.33811e-01 | 42  0.26362  7.00318e-01
 43  0.28362  1.44991e-01 | 44 -0.38377  2.09585e-01 | 45 -0.33474  8.11218e-03
 46 -0.23533 -1.18374e-03 | 47 -0.72496 -5.30812e-03 | 48 -0.48393 -7.80914e-02
 49 -0.53222 -1.31544e-01 | 50 -0.52835 -3.82010e+01 | 51 -0.37958  2.90533e+01
 52 -0.32183 -9.16268e-01 | 53 -0.54132 -4.55526e-02 | 54 -0.09619  1.12208e-01
 55 -0.09946 -2.94216e-01 | 56  0.18443 -4.09255e-02 | 57  0.14934  9.87725e-02
57 variables; iteration 200; function evaluation 270; phase 3
Function value 9.9598413e+01; maximum gradient component mag 3.3279e+01
Var    Value     Gradient |Var    Value     Gradient |Var    Value     Gradient
  1  0.45943  4.38874e-01 |  2  0.15230  3.32793e+01 |  3 -0.08594 -3.19286e-01
  4  0.02128 -1.12756e+00 |  5 -0.02388 -1.23627e+00 |  6  0.03226 -1.48481e+00
  7 -0.00861 -1.15941e+00 |  8 -0.06287 -2.60885e-01 |  9 -0.02998 -9.54609e-01
 10 -0.01461 -7.63491e-01 | 11  0.06555 -7.31536e-01 | 12  0.03078 -1.12068e+00
 13  0.05775 -1.04103e+00 | 14  0.00987 -1.19899e+00 | 15  0.00745 -3.09246e-01
 16  0.06472 -2.80560e+00 | 17  0.01173 -1.70588e+00 | 18 -0.06199 -2.09192e+00
 19 -0.01932 -3.81549e+00 | 20 -0.03470 -9.38643e-01 | 21  0.04984 -2.89488e+00
 22  0.05457 -1.06626e+00 | 23 -0.04806  5.93863e-01 | 24 -0.02568  4.16177e+00
 25 -0.11933  6.42077e+00 | 26 -0.01093  2.51615e+01 | 27 -0.01940  3.48500e+00
 28 -0.02156 -1.19920e+00 | 29  0.03233  4.70614e-01 | 30 -0.01330 -3.45957e+00
 31  0.05419 -2.61966e+00 | 32 -0.03358 -2.61870e+00 | 33  0.05416  2.46369e-01
 34  0.02202  3.17040e-01 | 35  0.04856 -9.78972e-01 | 36  0.01026 -4.09422e-01
 37 -0.02943 -1.43969e+00 | 38 -0.00129 -6.99675e+00 | 39 -0.01961 -8.68297e-01
 40  0.23841  8.34066e+00 | 41  0.25252 -7.32069e-01 | 42  0.26236 -9.41838e+00
 43  0.28697  1.23876e+00 | 44 -1.08757  2.25806e-02 | 45  3.56121 -2.59322e-03
 46 -4.19642 -2.26063e-05 | 47 -1.32305 -2.73368e-02 | 48 -0.47193 -2.83003e+00
 49 -0.52263  8.91718e-01 | 50 -0.40060 -1.77494e+01 | 51 -0.28345  1.27227e+01
 52 -0.41338 -5.99747e-01 | 53  1.60759  4.57816e-02 | 54 -0.00024 -1.38773e+01
 55 -0.01748  2.46747e+01 | 56  0.21006  4.33691e-01 | 57  0.15835 -1.28130e+00
57 variables; iteration 220; function evaluation 304; phase 3
Function value 9.9017027e+01; maximum gradient component mag -5.0235e+01
Var    Value     Gradient |Var    Value     Gradient |Var    Value     Gradient
  1  0.46763  3.78220e-01 |  2  0.15105 -5.02351e+01 |  3 -0.09092 -4.70946e-01
  4  0.01862 -8.67996e-01 |  5 -0.02604 -6.62679e-01 |  6  0.02886 -1.17510e+00
  7 -0.01446  2.50544e-01 |  8 -0.06833  3.15223e-01 |  9 -0.03346  3.65689e-01
 10 -0.01797  9.58278e-01 | 11  0.06501  8.41606e-01 | 12  0.03367  2.30091e+00
 13  0.06301  6.68647e+00 | 14  0.01145  2.96614e+00 | 15  0.00777  2.36667e-01
 16  0.06593  8.01119e-01 | 17  0.01201 -1.15908e+00 | 18 -0.06095 -8.53690e-01
 19 -0.01934 -3.37528e+00 | 20 -0.03532 -2.46694e+00 | 21  0.04847  1.38690e-01
 22  0.05357 -6.90302e-02 | 23 -0.04858  7.15088e-01 | 24 -0.02726 -1.31879e+00
 25 -0.11964 -5.13496e-01 | 26 -0.01254 -5.13913e+00 | 27 -0.02171 -7.06582e-01
 28 -0.02007  5.15053e-01 | 29  0.03390 -9.68536e-01 | 30 -0.01225 -2.51131e+00
 31  0.05364 -4.76060e+00 | 32 -0.03382 -1.54656e+00 | 33  0.05388 -8.56877e-01
 34  0.02198  1.29363e+00 | 35  0.04927  1.47501e+00 | 36  0.01207  3.27183e+00
 37 -0.02707  3.16834e+00 | 38  0.00128 -5.06790e-01 | 39 -0.01452  1.61902e+00
 40  0.23771  1.14759e+01 | 41  0.26201 -4.44977e+01 | 42  0.26378 -8.49343e-01
 43  0.29005  8.00458e+00 | 44 -1.62741 -1.56146e+00 | 45  6.40191 -5.39912e-02
 46 -6.86012 -1.40961e-02 | 47 -1.31276 -6.19352e-02 | 48 -0.47309  8.83167e-02
 49 -0.52473  1.41889e+00 | 50 -0.33281 -6.60296e+00 | 51 -0.25193  3.82605e+00
 52 -0.47326 -3.14909e-03 | 53  2.87747  1.56316e-02 | 54  0.04503  2.34292e+01
 55  0.00169 -1.09344e+01 | 56  0.21902 -2.98071e+00 | 57  0.15744  4.61784e+00
57 variables; iteration 240; function evaluation 326; phase 3
Function value 9.8785513e+01; maximum gradient component mag 1.5933e+01
Var    Value     Gradient |Var    Value     Gradient |Var    Value     Gradient
  1  0.46944 -7.00827e-02 |  2  0.15158  1.50658e+01 |  3 -0.08932 -2.76794e-02
  4  0.01932 -1.78774e-01 |  5 -0.02544 -1.27215e-01 |  6  0.02993 -1.77464e-01
  7 -0.01264 -2.63598e-01 |  8 -0.06650 -1.89355e-01 |  9 -0.03220 -2.07476e-01
 10 -0.01676 -2.02625e-01 | 11  0.06548  8.79658e-02 | 12  0.03333  7.41787e-01
 13  0.06213  3.45684e+00 | 14  0.01102  9.47920e-01 | 15  0.00794 -1.51909e-01
 16  0.06527 -1.29973e-01 | 17  0.01173 -2.36620e-02 | 18 -0.06130  7.54648e-02
 19 -0.01932  1.87172e-01 | 20 -0.03516 -6.84882e-02 | 21  0.04911  3.00508e-01
 22  0.05356  1.41943e-01 | 23 -0.04796 -3.42825e-01 | 24 -0.02608 -9.39469e-01
 25 -0.11963 -1.69743e+00 | 26 -0.01394 -7.22754e+00 | 27 -0.02071 -8.82015e-01
 28 -0.02125  6.79618e-01 | 29  0.03315  8.26498e-01 | 30 -0.01265  3.33354e-01
 31  0.05421  3.66260e-01 | 32 -0.03366  1.51219e-01 | 33  0.05351  5.72086e-01
 34  0.02193  3.43740e-01 | 35  0.04896  5.30946e-01 | 36  0.01127  4.27879e-01
 37 -0.02791  8.66159e-02 | 38  0.00045  1.91663e+00 | 39 -0.01579 -1.16866e-02
 40  0.23734  7.01394e+00 | 41  0.25228  1.59334e+01 | 42  0.26332 -1.03334e+00
 43  0.28962  5.85193e-01 | 44 -1.63713 -2.45756e+00 | 45  6.89683 -4.99181e-04
 46 -7.70397  2.55744e-03 | 47 -1.30887 -2.74110e-02 | 48 -0.46954  2.50835e+00
 49 -0.52179 -1.95957e+00 | 50 -0.32846 -5.53802e+00 | 51 -0.24720  3.71337e+00
 52 -0.46280 -1.75787e-02 | 53  2.43287  6.04195e-03 | 54 -0.00858 -3.05366e+00
 55 -0.02658  4.58615e-01 | 56  0.22008  1.26477e-01 | 57  0.15859 -3.11276e-01
57 variables; iteration 260; function evaluation 347; phase 3
Function value 9.8759028e+01; maximum gradient component mag 5.7506e-01
Var    Value     Gradient |Var    Value     Gradient |Var    Value     Gradient
  1  0.48506 -1.14150e-02 |  2  0.15221  5.75062e-01 |  3 -0.08846  2.04641e-03
  4  0.01960 -5.41640e-03 |  5 -0.02522  2.07732e-03 |  6  0.03054  2.99241e-03
  7 -0.01128 -6.85288e-03 |  8 -0.06523 -9.32446e-03 |  9 -0.03103 -9.13946e-03
 10 -0.01503 -1.06193e-02 | 11  0.06685 -7.59247e-03 | 12  0.03467 -1.46386e-02
 13  0.06387 -2.64007e-02 | 14  0.01144 -1.72224e-02 | 15  0.00853 -7.23255e-03
 16  0.06477 -6.77719e-03 | 17  0.01107 -2.70235e-03 | 18 -0.06192 -4.88770e-03
 19 -0.01979 -1.18600e-03 | 20 -0.03568 -2.44954e-03 | 21  0.04897 -3.97125e-03
 22  0.05356  1.03807e-03 | 23 -0.04799 -1.00500e-02 | 24 -0.02618 -1.03126e-02
 25 -0.12020 -2.02927e-02 | 26 -0.01465 -6.03121e-02 | 27 -0.02119 -2.25610e-02
 28 -0.02183 -4.65659e-03 | 29  0.03235  7.72120e-03 | 30 -0.01323 -1.06837e-03
 31  0.05394  2.97123e-04 | 32 -0.03397  3.68278e-03 | 33  0.05352  1.16940e-03
 34  0.02178  8.42961e-04 | 35  0.04862  1.56318e-02 | 36  0.01060  2.44418e-02
 37 -0.02873  5.36718e-02 | 38 -0.00056  1.34648e-01 | 39 -0.01643  1.57443e-02
 40  0.23700 -1.65598e-01 | 41  0.25244  3.56523e-01 | 42  0.26298  1.97758e-02
 43  0.29006  1.03395e-02 | 44 -1.62480  2.76468e-02 | 45  6.47040  3.82226e-03
 46 -7.76161  1.57015e-03 | 47 -1.29222 -5.30820e-03 | 48 -0.46534  3.30378e-02
 49 -0.51831 -4.83399e-02 | 50 -0.31320  1.97901e-01 | 51 -0.23839 -1.48919e-01
 52 -0.46463 -1.61750e-02 | 53  2.40566  5.53150e-03 | 54 -0.00450 -1.57797e-01
 55 -0.02368  8.47200e-02 | 56  0.22562 -1.42818e-02 | 57  0.16100  2.45967e-02
57 variables; iteration 280; function evaluation 369; phase 3
Function value 9.8732262e+01; maximum gradient component mag -2.6259e+01
Var    Value     Gradient |Var    Value     Gradient |Var    Value     Gradient
  1  0.49024  7.45689e-02 |  2  0.15233 -5.46954e+00 |  3 -0.08816 -6.86366e-02
  4  0.01979 -7.12617e-02 |  5 -0.02504 -1.06524e-02 |  6  0.03082 -1.68597e-02
  7 -0.01088 -4.75299e-02 |  8 -0.06491  2.83591e-02 |  9 -0.03077  4.59454e-03
 10 -0.01470  3.26608e-02 | 11  0.06711 -9.37717e-02 | 12  0.03494 -3.07770e-02
 13  0.06419 -4.99672e-01 | 14  0.01127 -3.49272e-01 | 15  0.00819 -9.00492e-02
 16  0.06471 -5.87563e-01 | 17  0.01112 -6.07229e-01 | 18 -0.06233 -2.64384e-01
 19 -0.01978  9.63131e-02 | 20 -0.03564 -2.67838e-01 | 21  0.04918 -3.06813e-01
 22  0.05357 -4.59395e-01 | 23 -0.04833 -6.28609e-02 | 24 -0.02645  1.78907e-01
 25 -0.12016  5.79447e-01 | 26 -0.01467  1.61671e+00 | 27 -0.02137  9.31617e-02
 28 -0.02181 -7.67968e-02 | 29  0.03230 -2.78726e-01 | 30 -0.01325 -1.66718e-01
 31  0.05388 -8.49017e-02 | 32 -0.03405 -4.37156e-02 | 33  0.05359 -1.17626e-01
 34  0.02178 -2.52138e-01 | 35  0.04834 -3.53141e-01 | 36  0.01040 -2.48743e-01
 37 -0.02865  1.45742e+00 | 38 -0.00073  1.17611e+00 | 39 -0.01648  5.61703e-02
 40  0.23832 -2.62595e+01 | 41  0.25236  9.04053e+00 | 42  0.26291  7.71831e-02
 43  0.29050 -2.50259e+00 | 44 -1.59332  8.60868e-01 | 45  5.88723  4.59913e-02
 46 -7.39660  4.36925e-03 | 47 -1.05229  3.76158e-02 | 48 -0.46432 -6.45659e-01
 49 -0.51755  5.52985e-02 | 50 -0.31091  6.45786e-01 | 51 -0.23686 -2.04314e-01
 52 -0.42954  2.22626e-01 | 53  1.42408 -1.82560e-02 | 54 -0.00502 -7.17435e-01
 55 -0.02421 -1.32076e+00 | 56  0.22887  1.02670e+00 | 57  0.16193 -1.12042e+00
57 variables; iteration 300; function evaluation 394; phase 3
Function value 9.8714235e+01; maximum gradient component mag -1.3230e+00
Var    Value     Gradient |Var    Value     Gradient |Var    Value     Gradient
  1  0.48146  1.24803e-02 |  2  0.15196 -1.32304e+00 |  3 -0.08864 -8.31660e-03
  4  0.01959 -2.26254e-02 |  5 -0.02521 -2.47927e-02 |  6  0.03043 -3.68309e-02
  7 -0.01162  1.10050e-02 |  8 -0.06556  1.49967e-02 |  9 -0.03129  1.07050e-02
 10 -0.01540  2.49528e-02 | 11  0.06668  3.29216e-02 | 12  0.03462  7.69306e-02
 13  0.06385  2.66571e-01 | 14  0.01097  1.19521e-01 | 15  0.00763  1.65102e-02
 16  0.06497  1.85583e-02 | 17  0.01156 -1.48195e-02 | 18 -0.06215 -3.30148e-02
 19 -0.01952 -7.06836e-02 | 20 -0.03535 -1.49903e-02 | 21  0.04931 -9.01598e-03
 22  0.05355  1.69508e-03 | 23 -0.04872  2.21168e-02 | 24 -0.02673 -2.80255e-02
 25 -0.11996 -8.93659e-03 | 26 -0.01418 -7.84214e-02 | 27 -0.02129 -7.94457e-03
 28 -0.02136 -2.20200e-02 | 29  0.03276 -3.87377e-02 | 30 -0.01291 -3.30753e-02
 31  0.05388 -7.32221e-02 | 32 -0.03392 -2.53746e-02 | 33  0.05356 -3.27027e-02
 34  0.02182  2.13305e-02 | 35  0.04835 -1.65408e-02 | 36  0.01071  1.04343e-02
 37 -0.02822 -3.80275e-03 | 38 -0.00019 -1.59838e-01 | 39 -0.01624  3.06936e-02
 40  0.23948  1.19105e+00 | 41  0.25296 -1.27445e+00 | 42  0.26316 -7.42076e-02
 43  0.29012  1.64930e-01 | 44 -1.59761 -1.20972e-01 | 45  5.86647 -6.81517e-03
 46 -5.88324  5.47021e-04 | 47 -1.27388  5.41883e-03 | 48 -0.46737 -6.08375e-03
 49 -0.51996  2.53934e-02 | 50 -0.31655 -3.42662e-01 | 51 -0.24081  2.40879e-01
 52 -0.41354 -3.96881e-01 | 53  1.10414 -1.28215e-02 | 54 -0.00217  3.48253e-01
 55 -0.02230 -7.93022e-02 | 56  0.22440 -1.09352e-01 | 57  0.16017  1.71163e-01
57 variables; iteration 320; function evaluation 415; phase 3
Function value 9.8705800e+01; maximum gradient component mag 2.6078e+00
Var    Value     Gradient |Var    Value     Gradient |Var    Value     Gradient
  1  0.48282 -1.27775e-02 |  2  0.15198  2.60777e+00 |  3 -0.08851  8.54069e-04
  4  0.01966  3.33442e-03 |  5 -0.02514  2.88995e-03 |  6  0.03053  2.47145e-03
  7 -0.01147 -3.71417e-02 |  8 -0.06544 -3.57522e-02 |  9 -0.03118 -3.70331e-02
 10 -0.01526 -3.74162e-02 | 11  0.06681 -3.93014e-02 | 12  0.03474 -3.88209e-02
 13  0.06398 -4.16033e-02 | 14  0.01079 -2.65605e-02 | 15  0.00733 -2.65546e-02
 16  0.06496  2.30707e-03 | 17  0.01166  1.12447e-02 | 18 -0.06235 -8.69120e-03
 19 -0.01947  9.39808e-03 | 20 -0.03530  1.71537e-02 | 21  0.04947  1.07353e-02
 22  0.05356  4.95371e-03 | 23 -0.04900 -1.47820e-02 | 24 -0.02694  9.52269e-03
 25 -0.11993 -1.16393e-03 | 26 -0.01415  2.73549e-02 | 27 -0.02138 -8.88563e-03
 28 -0.02127  1.76745e-02 | 29  0.03279  4.06061e-02 | 30 -0.01288  2.54197e-02
 31  0.05384  3.44378e-02 | 32 -0.03394  2.18512e-03 | 33  0.05359  1.53283e-02
 34  0.02183 -2.03690e-03 | 35  0.04819 -1.19682e-03 | 36  0.01063  8.31729e-03
 37 -0.02815  7.21875e-02 | 38 -0.00021  8.61921e-02 | 39 -0.01624 -3.98968e-02
 40  0.24042  1.84304e+00 | 41  0.25289  3.45419e-01 | 42  0.26316  7.83929e-03
 43  0.29025 -7.96911e-02 | 44 -1.61487 -9.70063e-03 | 45  6.21955  5.69904e-04
 46 -5.98201 -7.44037e-05 | 47 -1.28920  7.51257e-04 | 48 -0.46713  1.48323e-02
 49 -0.51979 -4.25859e-02 | 50 -0.31595  4.62607e-02 | 51 -0.24052 -3.15219e-02
 52 -0.36821 -1.38401e-01 | 53  1.70369  6.57075e-03 | 54 -0.00262 -3.69262e-02
 55 -0.02258 -3.38155e-02 | 56  0.22522  4.34368e-02 | 57  0.16038 -5.74940e-02
57 variables; iteration 340; function evaluation 435; phase 3
Function value 9.8705431e+01; maximum gradient component mag -1.6011e+00
Var    Value     Gradient |Var    Value     Gradient |Var    Value     Gradient
  1  0.48229  3.93725e-03 |  2  0.15196 -1.60106e+00 |  3 -0.08854 -1.17585e-03
  4  0.01965 -4.35589e-03 |  5 -0.02515 -3.06546e-03 |  6  0.03052 -2.26918e-03
  7 -0.01152  2.12391e-02 |  8 -0.06548  2.00290e-02 |  9 -0.03121  2.34314e-02
 10 -0.01531  1.98359e-02 | 11  0.06679  2.12699e-02 | 12  0.03473  1.86223e-02
 13  0.06397  2.59917e-03 | 14  0.01078  6.39764e-03 | 15  0.00731  1.40183e-02
 16  0.06498  5.56880e-04 | 17  0.01168 -6.35662e-03 | 18 -0.06233  9.67728e-03
 19 -0.01946  5.71531e-03 | 20 -0.03529 -1.28587e-02 | 21  0.04947  8.41572e-03
 22  0.05356  6.69588e-03 | 23 -0.04901  6.81032e-03 | 24 -0.02694 -5.51121e-03
 25 -0.11992 -8.68447e-03 | 26 -0.01413 -7.41623e-02 | 27 -0.02137  2.70711e-03
 28 -0.02125  1.46888e-02 | 29  0.03281 -1.95558e-04 | 30 -0.01286 -6.48645e-03
 31  0.05384 -4.65734e-03 | 32 -0.03393  1.14326e-02 | 33  0.05359  7.91676e-03
 34  0.02183  9.51413e-03 | 35  0.04820  1.69545e-02 | 36  0.01065 -4.25867e-03
 37 -0.02814 -6.47658e-02 | 38 -0.00019 -7.55283e-02 | 39 -0.01624  1.88938e-02
 40  0.24043 -1.14536e+00 | 41  0.25291  1.96205e-01 | 42  0.26317  2.04719e-02
 43  0.29023  2.76303e-02 | 44 -1.60635  6.01330e-03 | 45  6.04555  4.17268e-04
 46 -5.96840 -3.29005e-05 | 47 -1.29170 -1.78458e-04 | 48 -0.46732 -2.35662e-02
 49 -0.51993  5.89087e-02 | 50 -0.31621 -3.35627e-04 | 51 -0.24071  4.64888e-03
 52 -0.34638  8.58725e-02 | 53  2.04301 -5.48535e-03 | 54 -0.00261 -4.27892e-02
 55 -0.02257  1.80084e-02 | 56  0.22496 -6.26887e-03 | 57  0.16028  1.18285e-02

 - final statistics:
57 variables; iteration 349; function evaluation 444
Function value 9.8705e+01; maximum gradient component mag -9.3658e-05
Exit code = 1;  converg criter 1.0000e-04
Var    Value     Gradient |Var    Value     Gradient |Var    Value     Gradient
  1  0.48246  6.83846e-07 |  2  0.15197 -9.36578e-05 |  3 -0.08853 -6.64720e-07
  4  0.01966 -1.37620e-06 |  5 -0.02514 -7.68508e-07 |  6  0.03052 -7.98073e-07
  7 -0.01150  2.58188e-07 |  8 -0.06546  9.04448e-07 |  9 -0.03120  8.36974e-07
 10 -0.01529  1.17080e-06 | 11  0.06679  4.64249e-07 | 12  0.03473  7.40797e-07
 13  0.06396 -1.14260e-06 | 14  0.01078  8.67710e-08 | 15  0.00731  4.14490e-07
 16  0.06497 -7.35588e-07 | 17  0.01168 -1.48714e-06 | 18 -0.06234  6.82838e-07
 19 -0.01946  3.54233e-07 | 20 -0.03529 -7.49083e-07 | 21  0.04948  6.47582e-07
 22  0.05356  3.92173e-07 | 23 -0.04901  9.41676e-07 | 24 -0.02695  3.96836e-07
 25 -0.11992  1.21343e-06 | 26 -0.01413 -2.51505e-06 | 27 -0.02137 -4.61142e-07
 28 -0.02125  1.26362e-06 | 29  0.03281 -6.08608e-07 | 30 -0.01287  2.35248e-07
 31  0.05384  3.06804e-08 | 32 -0.03393  1.18021e-06 | 33  0.05359  8.29790e-07
 34  0.02183  1.06121e-06 | 35  0.04819 -1.17605e-06 | 36  0.01064 -1.81234e-06
 37 -0.02814 -1.57863e-06 | 38 -0.00020 -2.21358e-06 | 39 -0.01624  9.41191e-07
 40  0.24045 -1.56689e-05 | 41  0.25291  1.35902e-05 | 42  0.26317 -1.00522e-06
 43  0.29023 -6.03032e-07 | 44 -1.60519  3.04877e-06 | 45  6.02292  1.43711e-07
 46 -5.96287 -2.93361e-09 | 47 -1.29147 -1.27827e-08 | 48 -0.46726  4.07550e-06
 49 -0.51989 -2.78273e-06 | 50 -0.31616 -3.87672e-07 | 51 -0.24066  1.42308e-06
 52 -0.34741  1.62589e-06 | 53  2.02438 -9.07538e-08 | 54 -0.00259  5.03095e-07
 55 -0.02256 -3.59574e-06 | 56  0.22502  2.73003e-08 | 57  0.16030  9.42534e-07
Estimating row 1 out of 57 for hessian
Estimating row 2 out of 57 for hessian
Estimating row 3 out of 57 for hessian
Estimating row 4 out of 57 for hessian
Estimating row 5 out of 57 for hessian
Estimating row 6 out of 57 for hessian
Estimating row 7 out of 57 for hessian
Estimating row 8 out of 57 for hessian
Estimating row 9 out of 57 for hessian
Estimating row 10 out of 57 for hessian
Estimating row 11 out of 57 for hessian
Estimating row 12 out of 57 for hessian
Estimating row 13 out of 57 for hessian
Estimating row 14 out of 57 for hessian
Estimating row 15 out of 57 for hessian
Estimating row 16 out of 57 for hessian
Estimating row 17 out of 57 for hessian
Estimating row 18 out of 57 for hessian
Estimating row 19 out of 57 for hessian
Estimating row 20 out of 57 for hessian
Estimating row 21 out of 57 for hessian
Estimating row 22 out of 57 for hessian
Estimating row 23 out of 57 for hessian
Estimating row 24 out of 57 for hessian
Estimating row 25 out of 57 for hessian
Estimating row 26 out of 57 for hessian
Estimating row 27 out of 57 for hessian
Estimating row 28 out of 57 for hessian
Estimating row 29 out of 57 for hessian
Estimating row 30 out of 57 for hessian
Estimating row 31 out of 57 for hessian
Estimating row 32 out of 57 for hessian
Estimating row 33 out of 57 for hessian
Estimating row 34 out of 57 for hessian
Estimating row 35 out of 57 for hessian
Estimating row 36 out of 57 for hessian
Estimating row 37 out of 57 for hessian
Estimating row 38 out of 57 for hessian
Estimating row 39 out of 57 for hessian
Estimating row 40 out of 57 for hessian
Estimating row 41 out of 57 for hessian
Estimating row 42 out of 57 for hessian
Estimating row 43 out of 57 for hessian
Estimating row 44 out of 57 for hessian
Estimating row 45 out of 57 for hessian
Estimating row 46 out of 57 for hessian
Estimating row 47 out of 57 for hessian
Estimating row 48 out of 57 for hessian
Estimating row 49 out of 57 for hessian
Estimating row 50 out of 57 for hessian
Estimating row 51 out of 57 for hessian
Estimating row 52 out of 57 for hessian
Estimating row 53 out of 57 for hessian
Estimating row 54 out of 57 for hessian
Estimating row 55 out of 57 for hessian
Estimating row 56 out of 57 for hessian
Estimating row 57 out of 57 for hessian
size of file gradfil1.tmp = 0
size of file gradfil2.tmp = 0
size of file varssave.tmp = 0
size of file cmpdiff.tmp = 0
