
Initial statistics: 3 variables; iteration 0; function evaluation 0; phase 1
Function value 3.4541904e+03; maximum gradient component mag 2.4786e+04
Var    Value     Gradient |Var    Value     Gradient |Var    Value     Gradient
  1  0.04247 -8.48117e+02 |  2  0.39650  2.47859e+04 |  3  0.21635  7.78415e+03

 - final statistics:
3 variables; iteration 11; function evaluation 25
Function value 4.6726e+02; maximum gradient component mag -7.2884e+00
Exit code = 1;  converg criter 1.0000e+01
Var    Value     Gradient |Var    Value     Gradient |Var    Value     Gradient
  1 -2.35740 -3.74353e-01 |  2  0.20100 -7.28838e+00 |  3  0.18961  2.20159e+00

Initial statistics: 49 variables; iteration 0; function evaluation 0; phase 2
Function value 4.6725787e+02; maximum gradient component mag 1.7589e+03
Var    Value     Gradient |Var    Value     Gradient |Var    Value     Gradient
  1  0.35740  3.74353e-01 |  2  0.20100 -7.28838e+00 |  3  0.00000  2.15288e+01
  4  0.00000 -1.22155e+02 |  5  0.00000  3.52365e+01 |  6  0.00000 -7.82424e+01
  7  0.00000 -3.88419e+01 |  8  0.00000  4.28869e+01 |  9  0.00000 -2.03574e+00
 10  0.00000  4.35437e+00 | 11  0.00000 -7.75438e+01 | 12  0.00000  9.50719e+00
 13  0.00000 -5.52044e+01 | 14  0.00000 -1.71997e+01 | 15  0.00000 -1.60202e+01
 16  0.00000 -9.12958e+01 | 17  0.00000 -1.33636e-01 | 18  0.00000  8.98137e+01
 19  0.00000  1.01878e+01 | 20  0.00000  4.11406e+01 | 21  0.00000 -1.47852e+02
 22  0.00000 -1.68349e+02 | 23  0.00000  3.46207e+01 | 24  0.00000  1.53562e+01
 25  0.00000  2.23484e+02 | 26  0.00000 -3.42659e+01 | 27  0.00000 -1.79141e+01
 28  0.00000  5.37260e+01 | 29  0.00000 -1.23540e+02 | 30  0.00000  6.74833e+01
 31  0.00000 -9.11805e+01 | 32  0.00000  1.42948e+02 | 33  0.00000  4.95430e+01
 34  0.00000  1.02666e+02 | 35  0.00000 -6.34019e+00 | 36  0.21635 -9.87561e+01
 37  0.21635  1.75888e+03 | 38  0.21635 -1.76868e+02 | 39  0.18961  2.20159e+00
 40 -1.00000 -1.08293e-07 | 41  0.00000  3.55529e-05 | 42  0.00000  1.63230e-01
 43 -0.53989  3.44118e+00 | 44 -1.00000 -1.08293e-07 | 45 -0.53989  1.24991e+01
 46 -1.00000 -1.08293e-07 | 47 -0.53989  3.76915e+00 | 48 -0.32288  2.62654e+01
 49  0.21635  8.10444e-01 |

Intermediate statistics: 49 variables; iteration 20; function evaluation 36; phase 2
Function value 3.3634071e+02; maximum gradient component mag -6.8694e+03
Var    Value     Gradient |Var    Value     Gradient |Var    Value     Gradient
  1  1.56238  2.17041e+01 |  2  0.25075 -2.82187e+03 |  3  0.07304  5.82349e+00
  4  0.45103  1.67928e+02 |  5  0.15333 -1.08283e+02 |  6  0.26466  8.26289e+01
  7  0.17130  1.20148e+02 |  8  0.01020  2.03074e+01 |  9  0.00930  3.62203e+01
 10  0.08207  1.13904e+02 | 11  0.13947  1.43894e+02 | 12  0.01952  4.72076e+01
 13  0.01165  2.72982e+01 | 14 -0.01399  3.98618e+00 | 15  0.00779  4.87612e+01
 16  0.06826  4.33373e+01 | 17 -0.04567 -3.52657e+01 | 18 -0.11143 -1.55961e+01
 19 -0.02873  5.38666e+01 | 20 -0.06768 -4.53858e+01 | 21  0.00783 -1.20966e+02
 22 -0.00998 -1.66972e+02 | 23 -0.02774  1.74702e+01 | 24 -0.07829 -1.33217e+02
 25 -0.03778  1.97796e+02 | 26 -0.01286  7.79380e+01 | 27  0.01136  7.04299e+01
 28 -0.00156  6.80489e+01 | 29 -0.01529 -7.86501e+01 | 30 -0.01379  8.65317e+01
 31 -0.03622 -1.50069e+02 | 32  0.02182  2.98813e+02 | 33 -0.00402  4.17229e+01
 34 -0.03934  5.12818e+01 | 35  0.00764  7.64204e+01 | 36  0.15571 -6.86940e+03
 37  0.18711  8.15025e+02 | 38  0.20325  4.74742e+02 | 39  0.17291  4.28212e+02
 40 -0.61225  4.34906e-02 | 41 -0.00001  1.34299e-02 | 42 -0.00927  1.29269e-05
 43 -0.73957 -4.97053e-03 | 44 -1.31264  7.88102e+02 | 45 -0.63660  6.75802e+02
 46 -1.20165  4.76940e+01 | 47 -0.64013  2.62822e+01 | 48 -0.65682  1.52843e+00
 49  0.26478  5.68440e-01 |
49 variables; iteration 40; function evaluation 60; phase 2
Function value 3.0263619e+02; maximum gradient component mag -6.0783e+03
Var    Value     Gradient |Var    Value     Gradient |Var    Value     Gradient
  1  1.43473  6.35676e+00 |  2  0.26043 -3.09290e+03 |  3  0.03120 -3.43190e+00
  4  0.50811  1.52323e+02 |  5  0.20210 -7.73170e+01 |  6  0.26066  6.21688e+01
  7  0.16226  1.03704e+02 |  8 -0.02826 -4.13747e+01 |  9 -0.00116  2.57648e+01
 10  0.05808  5.33030e+01 | 11  0.18088  1.40011e+02 | 12  0.06380  4.72918e+01
 13  0.03791  1.30000e+01 | 14  0.01493  7.26434e+00 | 15  0.04435  5.53483e+01
 16  0.05417 -3.09273e-01 | 17 -0.05164 -5.41755e+01 | 18 -0.16558 -8.74150e+01
 19 -0.02339  3.38304e+01 | 20 -0.06834 -6.23543e+01 | 21  0.05991 -3.16899e+01
 22  0.02227 -1.26207e+02 | 23 -0.04819 -4.19749e+01 | 24 -0.05815 -1.17770e+02
 25 -0.11503  1.87496e+01 | 26 -0.02612  3.14835e+01 | 27  0.01507  6.07577e+01
 28 -0.03550 -2.90933e+01 | 29  0.00769 -5.47218e+01 | 30 -0.04726 -2.77455e+01
 31 -0.00919 -1.25702e+02 | 32 -0.00581  1.43387e+02 | 33 -0.00686  1.48835e+01
 34 -0.05414 -2.69891e+01 | 35  0.02459  5.98093e+01 | 36  0.15487 -6.07835e+03
 37  0.17847  2.51503e+02 | 38  0.19551  1.83843e+02 | 39  0.16196 -4.70531e+01
 40 -0.70819 -2.71737e-03 | 41 -0.01389  1.58442e-03 | 42 -0.27113  7.68132e-04
 43 -1.31771 -7.38841e-02 | 44 -1.31270  8.55365e+02 | 45 -0.61902  7.00090e+02
 46 -1.14423  1.16815e+02 | 47 -0.66082  4.87417e+01 | 48 -0.65470  4.63483e+00
 49  1.24133 -5.56359e-01 |
Maximum number of function evaluations exceeded

 - final statistics:
49 variables; iteration 59; function evaluation 100
Function value 1.9400e+02; maximum gradient component mag -4.7424e+03
Exit code = 3;  converg criter 1.0000e+01
Var    Value     Gradient |Var    Value     Gradient |Var    Value     Gradient
  1  1.11306 -2.97684e+00 |  2  0.27697 -2.35130e+03 |  3 -0.04033 -1.20294e+01
  4  0.22220  8.92565e+01 |  5  0.06323 -4.05652e+01 |  6  0.11785  2.71411e+01
  7  0.04783  2.88402e+01 |  8 -0.02612  3.00671e+01 |  9  0.02339  7.40463e+01
 10  0.03835  4.46301e+01 | 11  0.11499  8.14914e+01 | 12  0.04401  5.11130e+01
 13  0.06127  6.86337e+01 | 14 -0.00786 -1.17415e+01 | 15  0.01910  4.11367e+01
 16  0.03978 -5.31134e+00 | 17 -0.03910 -2.62756e+01 | 18 -0.10805 -3.07682e+01
 19 -0.01683  2.97340e+01 | 20 -0.05576 -4.11839e+01 | 21  0.06614 -2.65763e+01
 22  0.07713 -1.39197e+01 | 23 -0.02419 -9.04809e+00 | 24 -0.01621 -3.70836e+01
 25 -0.14194 -3.69566e+01 | 26 -0.01828  5.33812e+01 | 27 -0.01908  9.81506e+00
 28 -0.02694 -1.44296e+01 | 29  0.00934 -5.78410e+01 | 30 -0.03784 -7.04322e-01
 31  0.02679 -2.72498e+01 | 32 -0.00335  1.43222e+02 | 33 -0.02746 -3.84788e+01
 34 -0.03806 -1.58414e+00 | 35  0.04644  7.04176e+01 | 36  0.15039 -4.74236e+03
 37  0.16415 -2.00461e+02 | 38  0.18423  1.87755e+02 | 39  0.15414  2.50963e+02
 40 -0.36542  1.13348e+02 | 41 -0.99728  1.44762e-02 | 42 -4.81611 -6.67629e-03
 43 -1.37682 -3.76268e-01 | 44 -1.35818  7.08755e+02 | 45 -0.59206  6.28952e+02
 46 -0.98936 -1.84558e+03 | 47 -1.01957 -1.00375e+03 | 48 -1.52401 -4.23181e+00
 49 27.76992  1.03297e+00 |

Initial statistics: 51 variables; iteration 0; function evaluation 0; phase 3
Function value 1.9395334e+02; maximum gradient component mag -4.7424e+03
Var    Value     Gradient |Var    Value     Gradient |Var    Value     Gradient
  1  0.88694  2.97684e+00 |  2  0.27697 -2.35130e+03 |  3 -0.04033 -1.20294e+01
  4  0.22220  8.92565e+01 |  5  0.06323 -4.05652e+01 |  6  0.11785  2.71411e+01
  7  0.04755  1.68851e+01 |  8 -0.02640  1.80874e+01 |  9  0.02311  6.20659e+01
 10  0.03807  3.26632e+01 | 11  0.11471  6.97027e+01 | 12  0.04373  3.91534e+01
 13  0.06099  5.67021e+01 | 14 -0.00814 -2.37299e+01 | 15  0.01882  2.91530e+01
 16  0.03950 -1.72779e+01 | 17 -0.03938 -3.82414e+01 | 18 -0.10833 -4.25821e+01
 19 -0.01712  1.77485e+01 | 20 -0.05604 -5.31253e+01 | 21  0.06585 -3.85029e+01
 22  0.07684 -2.58226e+01 | 23 -0.02447 -2.10285e+01 | 24 -0.01649 -4.90686e+01
 25 -0.14223 -4.86443e+01 | 26 -0.01856  4.13961e+01 | 27 -0.01936 -2.16898e+00
 28 -0.02722 -2.64078e+01 | 29  0.00906 -6.98296e+01 | 30 -0.03812 -1.26723e+01
 31  0.02651 -3.92294e+01 | 32 -0.00363  1.31233e+02 | 33 -0.02774 -5.04561e+01
 34 -0.03835 -1.35518e+01 | 35  0.04616  5.84619e+01 | 36  0.15039 -4.74236e+03
 37  0.16415 -2.00461e+02 | 38  0.18423  1.87755e+02 | 39  0.15414  2.50963e+02
 40 -0.36542  1.13348e+02 | 41 -0.99728  1.44762e-02 | 42 -0.81611 -6.67629e-03
 43 -0.62318  3.76268e-01 | 44 -0.64182 -7.08755e+02 | 45 -0.59206  6.28952e+02
 46 -0.98936 -1.84558e+03 | 47 -0.98043  1.00375e+03 | 48 -0.47599  4.23181e+00
 49 -0.23008  1.03297e+00 | 50 -0.17585 -5.36726e+02 | 51 -0.12819 -3.72777e+02

Intermediate statistics: 51 variables; iteration 20; function evaluation 31; phase 3
Function value 8.6451834e+01; maximum gradient component mag -6.5950e+02
Var    Value     Gradient |Var    Value     Gradient |Var    Value     Gradient
  1  0.92486 -8.99993e-01 |  2  0.27370 -4.92499e+02 |  3 -0.05657 -7.01245e+00
  4  0.07960  2.42838e+01 |  5  0.00451 -6.70733e-01 |  6  0.05693 -5.48058e+00
  7  0.02182  1.61667e+01 |  8 -0.04349  2.25729e+01 |  9 -0.01244  3.07867e+01
 10  0.01432  2.74273e+01 | 11  0.07491  3.22397e+01 | 12  0.01593  3.28998e+01
 13  0.03046  3.68256e+01 | 14  0.00153  3.00599e+01 | 15  0.01691  3.28906e+01
 16  0.03591  2.98326e+01 | 17 -0.02784  2.62287e+01 | 18 -0.07889  2.34849e+01
 19 -0.01921  1.94380e+01 | 20 -0.03613  2.40127e+01 | 21  0.06318  1.77732e+01
 22  0.07206  1.97392e+01 | 23 -0.01912  2.63857e+01 | 24 -0.01524  1.46372e+01
 25 -0.12230  1.61374e+01 | 26 -0.00899  2.64481e+01 | 27 -0.00209  2.50542e+01
 28 -0.02974  1.99541e+01 | 29  0.01439 -7.12734e+00 | 30 -0.03157  9.67590e+00
 31  0.03893 -4.29626e+01 | 32 -0.02503  3.43800e+01 | 33  0.01504  1.12968e+01
 34 -0.00496  6.26378e+00 | 35  0.07440 -4.68805e+00 | 36  0.17140 -9.79636e+01
 37  0.17149 -6.21429e+02 | 38  0.18163 -3.41938e+01 | 39  0.14544 -2.32349e+02
 40 -0.38884  1.32944e+01 | 41 -0.99711 -5.10050e-03 | 42 -0.81593 -7.84633e-03
 43 -0.62996  2.59255e-01 | 44 -0.78632  1.80907e+02 | 45 -0.79924 -1.92779e+02
 46 -0.95907 -6.59504e+02 | 47 -0.91419  3.14152e+02 | 48 -0.47741  1.30646e-01
 49 -0.23042  3.17132e-02 | 50 -0.12046  9.18360e+01 | 51 -0.09372 -1.09332e+02
51 variables; iteration 40; function evaluation 52; phase 3
Function value 8.2867068e+01; maximum gradient component mag -6.6670e+02
Var    Value     Gradient |Var    Value     Gradient |Var    Value     Gradient
  1  1.08557  1.03658e+00 |  2  0.26877 -2.79070e+02 |  3 -0.08251 -1.14759e+01
  4  0.05067  3.41820e+00 |  5  0.00003  1.90773e+00 |  6  0.07235  3.33984e+00
  7  0.04338  1.03814e+01 |  8 -0.02471  9.96794e+00 |  9  0.00387  2.09560e+01
 10  0.02223  1.22174e+01 | 11  0.07636  1.64375e+01 | 12  0.01458  1.91284e+01
 13  0.01755  7.05297e+00 | 14 -0.00088  1.71792e+01 | 15  0.01364  1.80405e+01
 16  0.02863  7.17198e+00 | 17 -0.03391  6.00392e+00 | 18 -0.08047  9.87447e+00
 19 -0.01804  1.48727e+01 | 20 -0.03919  7.16872e+00 | 21  0.06150  1.05324e+01
 22  0.07222  1.65348e+01 | 23 -0.02392  7.68622e+00 | 24 -0.01824  6.66507e+00
 25 -0.13018 -4.07494e+00 | 26 -0.01105  1.26402e+01 | 27 -0.00588  1.16007e+01
 28 -0.03817 -2.83774e+00 | 29  0.01580 -4.00000e+00 | 30 -0.03625 -2.58232e+00
 31  0.04502 -1.51943e+01 | 32 -0.03358  9.62169e+00 | 33  0.00572 -1.05701e+01
 34 -0.00442  5.38317e+00 | 35  0.08305  7.36124e-01 | 36  0.17475 -9.95409e+01
 37  0.17785 -2.85807e+02 | 38  0.18471 -4.73404e+01 | 39  0.14946 -1.22626e+02
 40 -0.41572  1.62944e+00 | 41 -0.99130 -1.77517e-02 | 42 -0.80972 -1.00111e-02
 43 -0.72837 -6.08136e-03 | 44 -0.79739 -1.84430e+01 | 45 -0.80691  1.93479e+01
 46 -0.95798 -6.66702e+02 | 47 -0.91326  3.22583e+02 | 48 -0.50301  5.74482e-02
 49 -0.23695  1.61287e-02 | 50 -0.11233  4.08644e+01 | 51 -0.08566 -5.64060e+01
51 variables; iteration 60; function evaluation 88; phase 3
Function value 6.6371547e+01; maximum gradient component mag -5.1192e+02
Var    Value     Gradient |Var    Value     Gradient |Var    Value     Gradient
  1  1.47803 -5.49542e+00 |  2  0.17224 -5.11921e+02 |  3 -0.05282  2.66437e+00
  4  0.03295 -1.06038e+00 |  5 -0.01316 -2.35524e-01 |  6  0.05362  2.28851e+00
  7  0.02333  1.10380e+01 |  8 -0.03861  9.95769e+00 |  9 -0.01393  6.54855e+00
 10  0.00698  1.14724e+01 | 11  0.07201  5.03511e+00 | 12  0.02618  5.97870e+00
 13  0.04630  5.60923e-01 | 14  0.00291  5.03582e+00 | 15  0.00857  1.02117e+01
 16  0.05422  3.26510e+00 | 17 -0.00220  3.82439e+00 | 18 -0.07281 -5.53124e-02
 19 -0.02382 -6.73854e+00 | 20 -0.03961 -5.00652e+00 | 21  0.05156  1.75827e+00
 22  0.06098  2.42289e+00 | 23 -0.03223  7.93155e+00 | 24 -0.02070 -9.06629e-01
 25 -0.12112 -2.80604e+00 | 26 -0.01927 -1.43852e+01 | 27 -0.02433  1.82778e+00
 28 -0.03297 -1.67313e+01 | 29  0.02847 -3.53269e+01 | 30 -0.03249 -9.41921e+00
 31  0.04466 -6.05910e+00 | 32 -0.04302 -1.33200e+01 | 33  0.00897  3.55080e+00
 34 -0.00886 -9.45537e-01 | 35  0.09020  6.13464e+00 | 36  0.22953 -1.28707e+02
 37  0.24068 -2.95475e+02 | 38  0.24532 -1.76768e+02 | 39  0.20137 -6.42016e+01
 40 -0.41777 -1.20909e-01 | 41 -0.86411 -1.73595e-02 | 42 -0.75254 -7.60384e-03
 43 -1.19919  9.70305e-03 | 44 -0.88264 -3.29960e+02 | 45 -0.89211  3.59051e+02
 46 -0.95182 -3.68854e+00 | 47 -0.93718  2.76507e+00 | 48 -1.03019  6.30061e-02
 49 -0.25976 -1.34577e-03 | 50 -0.09143  6.33808e+01 | 51 -0.07576 -6.00916e+00
Maximum number of function evaluations exceeded

 - final statistics:
51 variables; iteration 68; function evaluation 100
Function value 6.3830e+01; maximum gradient component mag -6.0545e+01
Exit code = 3;  converg criter 1.0000e+00
Var    Value     Gradient |Var    Value     Gradient |Var    Value     Gradient
  1  1.68962  5.55963e-02 |  2  0.15742 -6.05453e+01 |  3 -0.07659  1.51895e-01
  4  0.01958 -1.09509e+00 |  5 -0.02570 -8.25832e-01 |  6  0.03266 -1.47851e+00
  7 -0.00386  2.31307e+00 |  8 -0.06144  1.41828e+00 |  9 -0.02911  1.02846e+00
 10 -0.01187  1.12507e+00 | 11  0.06952  1.15591e+00 | 12  0.03154  8.88437e-01
 13  0.05922  7.91575e-01 | 14  0.00653  9.42346e-01 | 15  0.00493  3.31506e-01
 16  0.06448  4.55302e-02 | 17  0.01113  5.14984e-01 | 18 -0.06240  2.55911e+00
 19 -0.01844  1.51188e+00 | 20 -0.03589  1.64537e+00 | 21  0.04694 -3.52530e-02
 22  0.05473  2.26557e-01 | 23 -0.04173  1.57126e+00 | 24 -0.02356 -7.57414e-01
 25 -0.11729 -7.71650e-01 | 26 -0.01216 -4.12027e+00 | 27 -0.02369 -1.27071e+00
 28 -0.02571 -3.20696e+00 | 29  0.03971 -4.68005e+00 | 30 -0.02357 -9.63406e-01
 31  0.04645 -2.12921e+00 | 32 -0.03979 -2.19407e+00 | 33  0.01030  1.85427e+00
 34 -0.00728  1.40575e+00 | 35  0.09190  1.38251e+00 | 36  0.23921 -1.26329e+01
 37  0.25437 -1.99728e+01 | 38  0.26013 -4.74840e+00 | 39  0.20979  4.54669e+00
 40 -0.38779 -5.52750e+00 | 41 -0.17091 -3.41485e-01 | 42 -0.63297 -4.94324e-03
 43 -1.01193  1.06483e-01 | 44 -0.90826 -9.69702e+00 | 45 -0.91837  1.08455e+01
 46 -0.94607 -5.72045e+01 | 47 -0.93332  4.61670e+01 | 48 -1.22496  8.64719e-03
 49 -0.23531 -1.23206e-03 | 50 -0.08823 -9.93879e-01 | 51 -0.07849  5.45531e-01

Initial statistics: 53 variables; iteration 0; function evaluation 0; phase 4
Function value 6.3830119e+01; maximum gradient component mag -1.1637e+02
Var    Value     Gradient |Var    Value     Gradient |Var    Value     Gradient
  1  0.31038 -7.09158e-01 |  2  0.15742 -1.04996e+02 |  3 -0.07659  1.34325e+00
  4  0.01958 -3.65945e+00 |  5 -0.02570 -3.06220e+00 |  6  0.03266 -4.03640e+00
  7 -0.00385  6.72365e+00 |  8 -0.06143  2.72340e+00 |  9 -0.02910  1.03230e+00
 10 -0.01186  2.51821e+00 | 11  0.06953  2.18209e+00 | 12  0.03155  1.17341e-01
 13  0.05923 -2.73095e-01 | 14  0.00654  1.81696e+00 | 15  0.00494  1.61431e+00
 16  0.06449  7.40384e-01 | 17  0.01114  2.40973e+00 | 18 -0.06239  3.19200e+00
 19 -0.01843 -3.72821e-01 | 20 -0.03588  6.39422e-01 | 21  0.04695  9.53903e-01
 22  0.05474  1.80831e+00 | 23 -0.04172  3.51862e+00 | 24 -0.02355  2.83278e-01
 25 -0.11728 -1.53911e+00 | 26 -0.01216 -1.13016e+01 | 27 -0.02368 -3.93038e+00
 28 -0.02570 -9.62232e+00 | 29  0.03972 -1.08436e+01 | 30 -0.02356 -3.08790e-01
 31  0.04646  2.15711e+00 | 32 -0.03978 -3.60088e+00 | 33  0.01031  4.98967e+00
 34 -0.00727  9.83287e-01 | 35  0.09191  1.37126e+00 | 36  0.23921  8.86514e+00
 37  0.25437 -3.43075e+01 | 38  0.26013 -1.93775e+01 | 39  0.20979 -4.18684e+00
 40 -0.38779 -1.12858e+01 | 41 -0.17091 -5.52721e-01 | 42 -0.63297 -4.82341e-03
 43 -0.98807 -1.30483e-01 | 44 -0.90826 -3.13065e+01 | 45 -0.91837  3.51495e+01
 46 -0.94607 -1.16371e+02 | 47 -0.93332  9.40218e+01 | 48 -0.77504 -8.49666e-03
 49 -0.23531 -1.20370e-03 | 50 -0.08823  8.87632e+00 | 51 -0.07849  6.96345e-01
 52 -0.05795  1.14339e+02 | 53 -0.17585 -1.01840e+02 |

Intermediate statistics: 53 variables; iteration 20; function evaluation 25; phase 4
Function value 6.1730351e+01; maximum gradient component mag -2.8746e+02
Var    Value     Gradient |Var    Value     Gradient |Var    Value     Gradient
  1  0.30108  2.03560e+00 |  2  0.15542 -2.15478e+02 |  3 -0.08493 -1.84474e-01
  4  0.01975  3.88601e-01 |  5 -0.02541  2.48535e-01 |  6  0.02989  8.79899e-01
  7 -0.01514  3.63101e+00 |  8 -0.07153  2.81815e+00 |  9 -0.03617  3.42573e+00
 10 -0.02118  3.04883e+00 | 11  0.06575  4.31362e+00 | 12  0.03233  4.27330e+00
 13  0.06206  7.02112e+00 | 14  0.00709  6.97797e+00 | 15  0.00493  5.06884e+00
 16  0.06659  7.66878e+00 | 17  0.01294  6.24839e+00 | 18 -0.06220  1.73579e+00
 19 -0.01904 -3.98863e+00 | 20 -0.03372  5.20501e+00 | 21  0.04411 -3.60959e+00
 22  0.05241 -1.21865e+00 | 23 -0.04431 -8.49095e-01 | 24 -0.02645 -8.05541e+00
 25 -0.11752 -7.78224e+00 | 26 -0.01067 -1.10425e+01 | 27 -0.02231 -1.10984e+00
 28 -0.02583 -1.37086e+01 | 29  0.04054 -1.57048e+01 | 30 -0.01823  1.63451e-01
 31  0.05100  1.18152e+00 | 32 -0.03700 -7.83067e+00 | 33  0.01611  3.85504e+00
 34  0.00206  5.77037e+00 | 35  0.10333  2.88502e+00 | 36  0.24106  1.75008e+02
 37  0.25244 -2.87456e+02 | 38  0.26120 -5.34141e+01 | 39  0.20886 -2.71523e+01
 40 -0.36347  2.51556e+00 | 41 -0.16965  6.63274e-02 | 42 -0.63292 -4.82255e-03
 43 -0.98669 -1.22274e-01 | 44 -0.91196 -2.16953e+02 | 45 -0.92162  2.43702e+02
 46 -0.95368  8.55886e+01 | 47 -0.94402 -7.08742e+01 | 48 -0.77495 -8.58668e-03
 49 -0.23530 -1.30226e-03 | 50 -0.09263  6.51263e+01 | 51 -0.07364 -1.62798e+01
 52 -0.07463  6.70955e+01 | 53 -0.15893 -1.68421e+00 |
53 variables; iteration 40; function evaluation 50; phase 4
Function value 6.1105479e+01; maximum gradient component mag -1.7928e+02
Var    Value     Gradient |Var    Value     Gradient |Var    Value     Gradient
  1  0.27778  8.84129e-01 |  2  0.15411 -1.75286e+02 |  3 -0.07896  3.07292e+00
  4  0.01627 -3.31195e+00 |  5 -0.03004 -6.11537e+00 |  6  0.02673 -3.56446e+00
  7 -0.01749  5.05198e+00 |  8 -0.07396  1.83168e+00 |  9 -0.03555  7.56756e+00
 10 -0.02610 -9.34976e-01 | 11  0.06209  6.41292e-01 | 12  0.03045  8.71151e-01
 13  0.06371  5.73085e+00 | 14  0.00855  4.63389e+00 | 15  0.00708  5.58550e+00
 16  0.06890  6.84423e+00 | 17  0.01469  4.44646e+00 | 18 -0.06129  2.11756e-02
 19 -0.02187 -1.35714e+01 | 20 -0.03306  1.65248e+00 | 21  0.04562  5.14560e+00
 22  0.04914 -9.55870e+00 | 23 -0.04621 -4.02406e+00 | 24 -0.02660 -3.08491e+00
 25 -0.11732 -3.74031e+00 | 26 -0.00717  5.45898e+00 | 27 -0.02042  3.49756e+00
 28 -0.02429 -4.90010e+00 | 29  0.04138 -9.60188e+00 | 30 -0.01714 -3.54129e+00
 31  0.05217 -4.78014e-01 | 32 -0.03586 -5.58173e+00 | 33  0.01751 -1.39554e+00
 34  0.00133 -1.75845e+00 | 35  0.10150 -1.82111e+00 | 36  0.24097  8.07190e+00
 37  0.25351 -1.79276e+02 | 38  0.26292 -1.56386e+01 | 39  0.20990 -4.29097e+00
 40 -0.36366 -4.60003e-01 | 41 -0.13227 -1.27440e-02 | 42 -0.62820 -4.74598e-03
 43 -0.87770 -1.61115e-02 | 44 -0.92710  1.39250e+01 | 45 -0.93564 -1.58368e+01
 46 -0.95615 -3.55013e+01 | 47 -0.94702  2.93093e+01 | 48 -0.76665 -8.16509e-03
 49 -0.23412 -1.19912e-03 | 50 -0.20502  5.71080e+01 | 51 -0.07699 -3.91811e+01
 52  0.02161  2.70292e+01 | 53 -0.04704  3.30688e+01 |
53 variables; iteration 60; function evaluation 79; phase 4
Function value 6.0679721e+01; maximum gradient component mag -1.2330e+01
Var    Value     Gradient |Var    Value     Gradient |Var    Value     Gradient
  1  0.27532  1.48137e-01 |  2  0.15409 -1.23301e+01 |  3 -0.08693  5.77989e-02
  4  0.01816 -3.65582e-02 |  5 -0.02667 -1.77541e-01 |  6  0.02786 -9.00212e-02
  7 -0.01863 -1.48195e-02 |  8 -0.07403  2.17357e-01 |  9 -0.03804  1.30499e-01
 10 -0.02350  2.51360e-01 | 11  0.06430  1.63381e-01 | 12  0.03185 -3.91976e-02
 13  0.06233  1.97288e-01 | 14  0.00697  2.47731e-01 | 15  0.00405  3.74864e-01
 16  0.06746 -2.11550e-02 | 17  0.01394 -1.47039e-01 | 18 -0.06163 -4.34395e-02
 19 -0.02030 -3.15758e-01 | 20 -0.03385  8.45352e-03 | 21  0.04234  6.08390e-02
 22  0.05021 -2.32626e-01 | 23 -0.04463  4.52784e-02 | 24 -0.02779 -8.73943e-01
 25 -0.11648 -4.51925e-01 | 26 -0.00754 -1.34395e+00 | 27 -0.02165  7.65105e-02
 28 -0.02526 -5.68808e-01 | 29  0.04153 -1.18176e-01 | 30 -0.01560  3.52175e-01
 31  0.05231 -1.86845e-01 | 32 -0.03417  4.52023e-01 | 33  0.01794 -2.01845e-01
 34  0.00272 -9.14216e-02 | 35  0.10508 -2.40431e-01 | 36  0.24102 -1.25103e+00
 37  0.25188 -7.83207e+00 | 38  0.26305  4.65302e-01 | 39  0.20958  3.74049e-01
 40 -0.36165 -5.66789e-01 | 41 -0.20508 -1.54030e-02 | 42 -0.48984 -2.95615e-03
 43 -0.70240 -1.63529e-03 | 44 -0.87784  3.88385e+00 | 45 -0.89215 -4.43870e+00
 46 -0.96442  9.96031e+00 | 47 -0.95714 -8.35724e+00 | 48 -0.55227  4.83005e-04
 49 -0.19851  4.99964e-04 | 50 -0.16068  5.61636e-01 | 51 -0.10956 -3.52932e-01
 52 -0.08093  3.33961e-01 | 53 -0.12689  2.38305e-01 |
53 variables; iteration 80; function evaluation 112; phase 4
Function value 6.0670438e+01; maximum gradient component mag 5.4522e+01
Var    Value     Gradient |Var    Value     Gradient |Var    Value     Gradient
  1  0.27541  1.21500e-02 |  2  0.15414 -1.91202e+00 |  3 -0.08700  4.97848e-04
  4  0.01830 -4.74449e-02 |  5 -0.02650 -3.28370e-02 |  6  0.02800 -3.94647e-02
  7 -0.01838  7.04007e-03 |  8 -0.07391  2.06190e-03 |  9 -0.03796  2.11639e-02
 10 -0.02347  3.91774e-02 | 11  0.06430  3.33549e-02 | 12  0.03193 -1.89247e-02
 13  0.06224  4.01115e-03 | 14  0.00686 -2.82675e-02 | 15  0.00384  6.49843e-03
 16  0.06743 -3.49903e-02 | 17  0.01393 -5.52852e-02 | 18 -0.06166 -3.48456e-02
 19 -0.02033 -1.41841e-02 | 20 -0.03387 -3.50917e-02 | 21  0.04225  2.97063e-02
 22  0.05019 -1.43032e-02 | 23 -0.04467 -2.02014e-02 | 24 -0.02771 -2.99691e-02
 25 -0.11653 -3.65337e-02 | 26 -0.00764 -1.56692e-02 | 27 -0.02176 -5.99250e-03
 28 -0.02525 -2.24537e-02 | 29  0.04147 -6.89140e-02 | 30 -0.01568 -1.89086e-04
 31  0.05236 -5.57000e-03 | 32 -0.03425  9.65458e-03 | 33  0.01804  5.46070e-02
 34  0.00284  3.69558e-02 | 35  0.10536  4.86462e-02 | 36  0.24099 -1.63979e+00
 37  0.25183  1.19792e+00 | 38  0.26300 -1.23426e-01 | 39  0.20953 -6.69390e-02
 40 -0.36186 -4.46475e-02 | 41 -0.19510 -2.08452e-03 | 42  0.12213  6.90620e-04
 43 -0.72528 -3.96633e-03 | 44 -0.73304 -5.09727e+00 | 45 -0.76447  5.78042e+00
 46 -0.91163 -1.97063e+00 | 47 -0.89341  1.59543e+00 | 48 -0.51322  5.00650e-03
 49 -0.25740  1.18480e-03 | 50 -0.14476  8.41543e+00 | 51 -0.17516 -4.69154e+01
 52 -0.20621  5.45220e+01 | 53 -0.20671 -4.63228e+01 |
53 variables; iteration 100; function evaluation 173; phase 4
Function value 6.0669102e+01; maximum gradient component mag -9.7526e+02
Var    Value     Gradient |Var    Value     Gradient |Var    Value     Gradient
  1  0.27387 -1.76114e-03 |  2  0.15402  6.21572e-01 |  3 -0.08724  7.34836e-03
  4  0.01813  1.27239e-02 |  5 -0.02662 -1.90818e-02 |  6  0.02781  1.24103e-02
  7 -0.01877 -1.21225e-02 |  8 -0.07431 -1.75054e-02 |  9 -0.03828 -5.77157e-03
 10 -0.02390 -1.59425e-02 | 11  0.06413 -1.27201e-02 | 12  0.03191 -1.25991e-02
 13  0.06233 -1.04998e-02 | 14  0.00687 -5.94594e-03 | 15  0.00378  5.72375e-03
 16  0.06754  7.80839e-03 | 17  0.01406  1.01130e-02 | 18 -0.06156  2.14911e-03
 19 -0.02024 -1.39116e-02 | 20 -0.03378  2.08916e-02 | 21  0.04223  1.48782e-02
 22  0.05018 -2.57887e-02 | 23 -0.04467 -4.58440e-03 | 24 -0.02770 -4.76753e-02
 25 -0.11641 -3.33397e-02 | 26 -0.00733 -1.24562e-01 | 27 -0.02168 -4.04766e-03
 28 -0.02515 -2.20501e-02 | 29  0.04159  4.49123e-02 | 30 -0.01557  2.50856e-02
 31  0.05242  2.71275e-02 | 32 -0.03417  1.45618e-02 | 33  0.01807  5.12471e-03
 34  0.00288 -2.00393e-02 | 35  0.10549 -6.30003e-02 | 36  0.24106  4.84892e-01
 37  0.25192  3.40952e-02 | 38  0.26309  4.46711e-02 | 39  0.20958  1.68170e-02
 40 -0.36429 -3.12617e-02 | 41 -0.09292 -1.23299e-03 | 42  0.11132  6.57617e-04
 43 -0.72188 -3.11083e-03 | 44 -0.72721  6.11243e-01 | 45 -0.75951 -7.11501e-01
 46 -0.87451  4.38947e+00 | 47 -0.84880 -3.66359e+00 | 48 -0.64918 -4.97930e-03
 49 -0.27964 -1.40096e-03 | 50 -0.14412  7.75291e+02 | 51 -0.17581 -9.75263e+02
 52 -0.20796  3.33430e+02 | 53 -0.20799  4.20079e+02 |
53 variables; iteration 120; function evaluation 207; phase 4
Function value 6.0028356e+01; maximum gradient component mag -1.6470e+02
Var    Value     Gradient |Var    Value     Gradient |Var    Value     Gradient
  1  0.34295  1.08798e+00 |  2  0.15768 -5.10549e+01 |  3 -0.08166 -3.69831e-01
  4  0.02182 -1.69832e+00 |  5 -0.02436 -4.82628e-01 |  6  0.03240 -1.66495e+00
  7 -0.00931 -1.48992e-01 |  8 -0.06499  9.44999e-01 |  9 -0.03133  1.75446e-01
 10 -0.01523  5.76287e-01 | 11  0.06745 -8.20475e-02 | 12  0.03227  5.59085e-01
 13  0.05954 -3.54435e-01 | 14  0.00639 -5.95942e-01 | 15  0.00521  3.26326e-01
 16  0.06452 -9.78610e-01 | 17  0.01041 -1.23674e+00 | 18 -0.06454 -2.10224e-01
 19 -0.02307 -1.13654e+00 | 20 -0.03621 -2.84891e-01 | 21  0.04206 -2.53112e-01
 22  0.05009 -1.05720e+00 | 23 -0.04400 -4.60783e-01 | 24 -0.02818 -2.18159e+00
 25 -0.11910 -1.83588e+00 | 26 -0.01180 -8.09431e+00 | 27 -0.02350 -2.12470e+00
 28 -0.02854 -5.31472e-01 | 29  0.03807 -1.28943e+00 | 30 -0.01817  2.72141e+00
 31  0.05165  3.05968e+00 | 32 -0.03588  2.77517e+00 | 33  0.01868  4.90007e+00
 34  0.00344  4.75493e+00 | 35  0.10398  1.94578e+00 | 36  0.23902  3.53143e+00
 37  0.24973  4.46988e+01 | 38  0.26049  5.09407e-01 | 39  0.20781  8.46073e-01
 40 -0.39537 -3.17209e+00 | 41  0.68375 -4.70392e-02 | 42 -0.35505  3.79071e-03
 43 -0.62599  1.86494e-01 | 44 -0.51587 -1.88113e+01 | 45 -0.57344  1.86057e+01
 46 -0.52053 -4.17253e+01 | 47 -0.41762  3.46910e+01 | 48 -0.63422 -4.56359e-03
 49 -0.23787 -1.07805e-03 | 50 -0.14515  5.32285e+01 | 51 -0.17453 -1.64696e+02
 52 -0.20475  1.60293e+02 | 53 -0.20569 -1.08400e+02 |
53 variables; iteration 140; function evaluation 231; phase 4
Function value 5.8383176e+01; maximum gradient component mag -5.8712e+02
Var    Value     Gradient |Var    Value     Gradient |Var    Value     Gradient
  1  0.41232 -3.66838e-01 |  2  0.15897  2.73870e+01 |  3 -0.08170 -1.83021e-01
  4  0.02229 -1.47618e-01 |  5 -0.02421  1.18064e-01 |  6  0.03383  8.63627e-01
  7 -0.00716 -6.36584e-01 |  8 -0.06335 -9.85455e-01 |  9 -0.02976 -8.11034e-01
 10 -0.01382 -1.36871e+00 | 11  0.06828 -7.10315e-01 | 12  0.03240 -5.45588e-01
 13  0.05849 -9.49524e-01 | 14  0.00652 -5.63947e-01 | 15  0.00560 -1.17690e+00
 16  0.06394 -7.80337e-02 | 17  0.00950 -2.96297e-01 | 18 -0.06540 -4.68896e-01
 19 -0.02372  1.98344e-01 | 20 -0.03697 -4.41947e-01 | 21  0.04177 -6.44942e-01
 22  0.05048 -6.10375e-02 | 23 -0.04202  4.48731e-01 | 24 -0.02739 -4.36784e-02
 25 -0.11890 -2.29404e-01 | 26 -0.01259 -2.80032e-01 | 27 -0.02362 -1.21970e+00
 28 -0.02936 -6.89170e-02 | 29  0.03760 -1.42929e+00 | 30 -0.01936 -3.33017e-01
 31  0.05139  1.43131e+00 | 32 -0.03669 -2.65243e-01 | 33  0.01810  1.11271e+00
 34  0.00272 -2.99172e-01 | 35  0.10297 -8.63390e-01 | 36  0.23837  1.15714e+01
 37  0.24905  3.32313e+01 | 38  0.25958  2.25671e+00 | 39  0.20724  2.15267e-01
 40 -0.38883  1.54465e+00 | 41  1.23877 -2.52430e-02 | 42 -1.01516  2.89042e-02
 43 -1.46255 -8.62608e-01 | 44 -0.43927 -3.74698e+01 | 45 -0.51483  4.76587e+01
 46 -0.40249 -2.39020e+01 | 47 -0.32873  2.05780e+01 | 48 -1.10478  1.86284e-02
 49  0.30681  1.94697e-03 | 50 -0.15493  4.86124e+02 | 51 -0.17141 -5.87117e+02
 52 -0.18940  1.59194e+02 | 53 -0.19258  3.19192e+02 |
53 variables; iteration 160; function evaluation 251; phase 4
Function value 5.7473377e+01; maximum gradient component mag -2.3621e+02
Var    Value     Gradient |Var    Value     Gradient |Var    Value     Gradient
  1  0.55477 -1.75719e-03 |  2  0.16397  9.87918e-01 |  3 -0.07810  6.07475e-03
  4  0.02067  3.84940e-02 |  5 -0.02592  2.62048e-02 |  6  0.03493  4.15959e-02
  7 -0.00209  1.38236e-03 |  8 -0.05863 -1.31798e-02 |  9 -0.02523  6.53100e-03
 10 -0.00613 -1.64553e-02 | 11  0.07397 -1.78541e-03 | 12  0.03701 -1.86730e-02
 13  0.06541  3.67285e-03 | 14  0.00773 -9.89806e-03 | 15  0.00839 -6.33590e-03
 16  0.05985  1.36242e-02 | 17  0.00402  3.45372e-02 | 18 -0.07033  2.19683e-02
 19 -0.02717  4.76960e-02 | 20 -0.04020  1.84727e-02 | 21  0.04192  2.10696e-02
 22  0.05115  1.78741e-02 | 23 -0.04108  1.37858e-03 | 24 -0.02711  4.66876e-02
 25 -0.12145  2.72320e-02 | 26 -0.01564  9.09093e-02 | 27 -0.02513  6.37437e-02
 28 -0.03218  1.09869e-01 | 29  0.03420  2.41050e-01 | 30 -0.02301 -6.27598e-02
 31  0.04978 -1.42288e-01 | 32 -0.03883 -9.53806e-02 | 33  0.01644 -1.25351e-01
 34  0.00152 -7.82736e-02 | 35  0.10277 -2.60394e-02 | 36  0.23555 -3.69858e-01
 37  0.24539 -5.90754e-01 | 38  0.25603 -3.98942e-03 | 39  0.20485  1.56505e-02
 40 -0.39085  2.50923e-02 | 41  1.61054 -3.01245e-03 | 42 -2.19381 -9.90023e-04
 43 -1.22223  8.61817e-03 | 44 -0.39978 -1.15301e+00 | 45 -0.49134  1.17664e+00
 46 -0.30450  3.07407e-01 | 47 -0.27089 -2.96073e-01 | 48 -0.81569 -1.01641e-02
 49  0.13647  1.04297e-03 | 50 -0.13750  1.98868e+02 | 51 -0.16612 -2.36211e+02
 52 -0.19837  6.56335e+01 | 53 -0.20533  1.27700e+02 |
53 variables; iteration 180; function evaluation 271; phase 4
Function value 5.7470889e+01; maximum gradient component mag -2.2308e+02
Var    Value     Gradient |Var    Value     Gradient |Var    Value     Gradient
  1  0.55587  4.05488e-03 |  2  0.16401 -6.25726e-01 |  3 -0.07811 -6.73421e-04
  4  0.02060 -3.67146e-03 |  5 -0.02599 -2.44543e-03 |  6  0.03489 -8.31231e-03
  7 -0.00212  7.52799e-03 |  8 -0.05865  1.09883e-02 |  9 -0.02527  9.18900e-03
 10 -0.00616  1.31902e-02 | 11  0.07390  8.70534e-03 | 12  0.03688  7.92104e-03
 13  0.06520  3.52711e-03 | 14  0.00768  3.25985e-03 | 15  0.00837  8.91506e-03
 16  0.05982 -6.50485e-03 | 17  0.00397 -8.25896e-03 | 18 -0.07038  1.27569e-03
 19 -0.02718 -3.11733e-04 | 20 -0.04020 -2.98265e-04 | 21  0.04194  3.60061e-05
 22  0.05118 -8.98370e-04 | 23 -0.04103  2.20785e-03 | 24 -0.02709 -4.56758e-03
 25 -0.12144  4.61295e-03 | 26 -0.01555  6.93361e-03 | 27 -0.02507  8.47222e-03
 28 -0.03213 -2.13030e-03 | 29  0.03425 -8.90340e-03 | 30 -0.02301 -3.82461e-03
 31  0.04982 -2.25250e-02 | 32 -0.03879  8.75408e-04 | 33  0.01650 -1.72466e-02
 34  0.00158 -3.16122e-03 | 35  0.10284  6.36759e-03 | 36  0.23552 -3.33364e-01
 37  0.24534 -3.00258e-01 | 38  0.25597 -1.22126e-02 | 39  0.20482 -2.42547e-03
 40 -0.38897 -2.60055e-02 | 41  1.67694 -9.94869e-04 | 42 -1.90438  2.29521e-04
 43 -1.30097 -2.32115e-03 | 44 -0.39900  4.80808e-01 | 45 -0.49098 -5.52641e-01
 46 -0.30480 -7.67225e-02 | 47 -0.27085  5.73676e-02 | 48 -0.54949 -5.76983e-04
 49 -0.23808 -1.06564e-04 | 50 -0.13697  1.87902e+02 | 51 -0.16556 -2.23076e+02
 52 -0.19796  6.18722e+01 | 53 -0.20532  1.20780e+02 |
53 variables; iteration 200; function evaluation 291; phase 4
Function value 5.7469833e+01; maximum gradient component mag -1.6593e+02
Var    Value     Gradient |Var    Value     Gradient |Var    Value     Gradient
  1  0.55602  4.30196e-02 |  2  0.16399 -4.76096e-01 |  3 -0.07819 -1.32604e-02
  4  0.02048 -1.02784e-01 |  5 -0.02610 -7.00505e-02 |  6  0.03474 -1.42070e-01
  7 -0.00226 -4.04196e-02 |  8 -0.05875  9.93222e-05 |  9 -0.02535 -3.69611e-02
 10 -0.00623 -1.42690e-03 | 11  0.07387 -2.89098e-02 | 12  0.03688 -1.30126e-02
 13  0.06525  2.05779e-02 | 14  0.00768 -6.42461e-02 | 15  0.00835 -5.54111e-02
 16  0.05981 -2.02233e-01 | 17  0.00396 -2.47652e-01 | 18 -0.07037 -1.54364e-01
 19 -0.02716 -1.31801e-01 | 20 -0.04018 -1.51542e-01 | 21  0.04196 -9.20257e-02
 22  0.05121 -4.96524e-02 | 23 -0.04098  2.24947e-02 | 24 -0.02704  1.41727e-01
 25 -0.12138  3.03753e-01 | 26 -0.01544  1.25432e+00 | 27 -0.02500  1.66622e-01
 28 -0.03206  1.37515e-01 | 29  0.03434  3.34257e-01 | 30 -0.02301 -1.53284e-01
 31  0.04978 -4.42868e-01 | 32 -0.03879 -2.10035e-01 | 33  0.01645 -2.59466e-01
 34  0.00156 -1.06483e-01 | 35  0.10280 -4.54937e-02 | 36  0.23552 -1.96564e+00
 37  0.24534 -1.08250e+00 | 38  0.25596 -2.38421e-01 | 39  0.20483  4.19561e-02
 40 -0.37886 -1.27238e-01 | 41  1.97203  4.33718e-03 | 42 -1.86934  3.53972e-04
 43 -1.30541 -4.30660e-03 | 44 -0.39885 -1.57901e-01 | 45 -0.49088  7.22531e-02
 46 -0.30492 -9.57188e-02 | 47 -0.27098  2.27014e-02 | 48 -0.55686 -7.27662e-04
 49 -0.22253 -1.05895e-05 | 50 -0.13418  1.40361e+02 | 51 -0.16217 -1.65930e+02
 52 -0.19509  4.52439e+01 | 53 -0.20487  9.11492e+01 |
53 variables; iteration 220; function evaluation 313; phase 4
Function value 5.7468093e+01; maximum gradient component mag -6.4477e+01
Var    Value     Gradient |Var    Value     Gradient |Var    Value     Gradient
  1  0.55663  6.46942e-03 |  2  0.16404 -3.82925e-01 |  3 -0.07813  1.30667e-03
  4  0.02056 -1.56135e-02 |  5 -0.02603 -1.34260e-02 |  6  0.03485 -3.42481e-02
  7 -0.00214  9.60283e-04 |  8 -0.05867  6.64338e-03 |  9 -0.02529 -2.40024e-03
 10 -0.00617  1.28863e-02 | 11  0.07388  6.56001e-03 | 12  0.03684  2.92554e-03
 13  0.06514  8.54647e-03 | 14  0.00766 -3.65963e-03 | 15  0.00836  3.88497e-03
 16  0.05981 -1.89003e-02 | 17  0.00395 -3.22310e-02 | 18 -0.07039 -3.28628e-02
 19 -0.02716 -4.19017e-02 | 20 -0.04019 -1.38467e-02 | 21  0.04200  1.82363e-03
 22  0.05123  2.74672e-03 | 23 -0.04099 -1.41476e-02 | 24 -0.02704 -9.50078e-03
 25 -0.12140 -8.56902e-03 | 26 -0.01552  2.51550e-02 | 27 -0.02503  1.95743e-02
 28 -0.03209 -8.38173e-03 | 29  0.03427  3.55925e-02 | 30 -0.02301  3.60228e-02
 31  0.04982  1.98299e-02 | 32 -0.03877  3.14171e-02 | 33  0.01646  6.53206e-03
 34  0.00155  1.03356e-02 | 35  0.10280  1.38323e-02 | 36  0.23550  1.33791e-01
 37  0.24529 -4.32347e-01 | 38  0.25594 -1.27878e-03 | 39  0.20481 -4.59317e-03
 40 -0.35873  5.23600e-01 | 41  2.63647 -5.02141e-03 | 42 -2.10706 -7.74696e-04
 43 -1.29394 -1.79196e-03 | 44 -0.39866  8.03761e-01 | 45 -0.49079 -8.61492e-01
 46 -0.30478 -2.15090e-01 | 47 -0.27074  2.14903e-01 | 48 -0.54979 -1.91459e-04
 49 -0.22120  1.21127e-04 | 50 -0.12479  5.34764e+01 | 51 -0.14294 -6.44772e+01
 52 -0.17225  1.88667e+01 | 53 -0.19573  3.33016e+01 |
53 variables; iteration 240; function evaluation 333; phase 4
Function value 5.7464105e+01; maximum gradient component mag -3.1936e+01
Var    Value     Gradient |Var    Value     Gradient |Var    Value     Gradient
  1  0.55750 -1.07129e-02 |  2  0.16407  2.44933e+00 |  3 -0.07805  1.04619e-02
  4  0.02061  2.28570e-02 |  5 -0.02600 -9.45307e-03 |  6  0.03490 -2.76564e-02
  7 -0.00206 -2.71765e-02 |  8 -0.05861 -4.10944e-02 |  9 -0.02523 -2.16039e-02
 10 -0.00611 -2.43563e-02 | 11  0.07390 -3.20711e-03 | 12  0.03681  9.03301e-03
 13  0.06511  2.64602e-01 | 14  0.00768  8.21306e-02 | 15  0.00838 -2.54691e-02
 16  0.05980 -7.51953e-03 | 17  0.00394  2.60508e-02 | 18 -0.07038  4.28029e-02
 19 -0.02711  1.55327e-01 | 20 -0.04019  7.82623e-02 | 21  0.04207  1.40926e-01
 22  0.05129  1.05461e-01 | 23 -0.04096  9.43229e-03 | 24 -0.02699  4.82080e-02
 25 -0.12140 -3.65298e-02 | 26 -0.01556 -3.57946e-01 | 27 -0.02502 -8.91124e-03
 28 -0.03208  4.07585e-02 | 29  0.03425  6.27193e-02 | 30 -0.02308 -2.39501e-02
 31  0.04976 -1.27175e-01 | 32 -0.03882 -1.01133e-01 | 33  0.01636 -6.51926e-02
 34  0.00145 -4.14005e-02 | 35  0.10268 -2.25487e-02 | 36  0.23548  2.86072e-01
 37  0.24528  2.16568e+00 | 38  0.25591 -4.60872e-02 | 39  0.20481 -5.01829e-03
 40 -0.37224  2.25630e-01 | 41  2.15614 -7.04548e-03 | 42 -2.23722 -1.38894e-03
 43 -1.28461  8.66380e-04 | 44 -0.39841  1.27576e+00 | 45 -0.49066 -1.42105e+00
 46 -0.30466 -3.34462e-01 | 47 -0.27064  1.82045e-01 | 48 -0.51624  1.78733e-03
 49 -0.29522  3.35796e-05 | 50 -0.09985  2.63153e+01 | 51 -0.11592 -3.19359e+01
 52 -0.15224  9.64783e+00 | 53 -0.19496  1.59331e+01 |
53 variables; iteration 260; function evaluation 354; phase 4
Function value 5.7463591e+01; maximum gradient component mag -3.0599e+01
Var    Value     Gradient |Var    Value     Gradient |Var    Value     Gradient
  1  0.55647 -4.02869e-05 |  2  0.16403  6.30705e-03 |  3 -0.07808 -1.12590e-05
  4  0.02063 -1.80059e-04 |  5 -0.02596 -3.28203e-04 |  6  0.03493 -5.19199e-04
  7 -0.00205 -1.23230e-04 |  8 -0.05859 -1.33013e-04 |  9 -0.02522 -1.59643e-04
 10 -0.00611 -4.97908e-05 | 11  0.07394 -9.75667e-05 | 12  0.03691 -1.25708e-04
 13  0.06523  4.28536e-04 | 14  0.00770  1.48979e-04 | 15  0.00839 -1.95612e-05
 16  0.05981  1.39118e-04 | 17  0.00396  3.62199e-04 | 18 -0.07036  5.28436e-04
 19 -0.02712  1.12146e-03 | 20 -0.04020  5.79632e-04 | 21  0.04203  7.65530e-04
 22  0.05125  6.53300e-04 | 23 -0.04101  2.68913e-05 | 24 -0.02701  3.18974e-04
 25 -0.12141 -1.55817e-04 | 26 -0.01561 -1.59066e-03 | 27 -0.02507 -2.23772e-04
 28 -0.03210  3.12689e-04 | 29  0.03422 -5.76625e-04 | 30 -0.02306 -2.93783e-04
 31  0.04977 -4.48615e-04 | 32 -0.03881 -3.20784e-04 | 33  0.01636 -4.56104e-04
 34  0.00143 -2.91611e-04 | 35  0.10265 -1.99898e-04 | 36  0.23551  1.76457e-03
 37  0.24531  6.34697e-03 | 38  0.25595  3.67851e-04 | 39  0.20483 -6.19327e-05
 40 -0.37738 -4.49227e-04 | 41  2.01344  7.23181e-06 | 42 -1.96404 -5.62759e-06
 43 -1.29446  1.66408e-07 | 44 -0.39895  2.53481e-03 | 45 -0.49090 -2.54148e-03
 46 -0.30449 -3.95247e-03 | 47 -0.27065  3.12523e-03 | 48 -0.54241 -1.38987e-06
 49 -0.24370 -1.76816e-07 | 50 -0.09822  2.51878e+01 | 51 -0.11388 -3.05990e+01
 52 -0.15046  9.33305e+00 | 53 -0.19464  1.51525e+01 |
53 variables; iteration 280; function evaluation 379; phase 4
Function value 5.7451648e+01; maximum gradient component mag 1.4965e+01
Var    Value     Gradient |Var    Value     Gradient |Var    Value     Gradient
  1  0.56057 -6.18833e-03 |  2  0.16421  8.84804e-02 |  3 -0.07793  1.23397e-03
  4  0.02065 -7.37223e-03 |  5 -0.02596 -1.93216e-02 |  6  0.03503 -2.06139e-02
  7 -0.00181  2.78128e-03 |  8 -0.05839 -5.95120e-04 |  9 -0.02507 -3.20074e-04
 10 -0.00592 -4.03931e-03 | 11  0.07400 -9.79535e-04 | 12  0.03686  5.95088e-04
 13  0.06511  7.95376e-03 | 14  0.00769  1.72403e-02 | 15  0.00842  6.73913e-03
 16  0.05971  2.65882e-02 | 17  0.00381  4.40328e-02 | 18 -0.07044  3.96224e-02
 19 -0.02711  4.46856e-02 | 20 -0.04028  2.08725e-02 | 21  0.04216  5.44537e-03
 22  0.05138  9.76793e-03 | 23 -0.04103 -6.67272e-03 | 24 -0.02695 -4.17329e-03
 25 -0.12155 -2.83874e-02 | 26 -0.01584 -9.55956e-02 | 27 -0.02511 -2.37802e-02
 28 -0.03211 -3.11926e-02 | 29  0.03398 -7.58223e-02 | 30 -0.02314 -1.67996e-02
 31  0.04984  2.15519e-02 | 32 -0.03881 -5.06410e-03 | 33  0.01641  6.71458e-03
 34  0.00146 -7.89069e-03 | 35  0.10265 -9.34301e-03 | 36  0.23539 -2.45588e-01
 37  0.24507  2.05022e-01 | 38  0.25582  4.03666e-02 | 39  0.20473 -1.79530e-03
 40 -0.37306  9.39260e-02 | 41  2.14092 -2.63965e-03 | 42 -1.96299 -1.16600e-05
 43 -1.29538 -3.87971e-04 | 44 -0.39808  8.42036e-02 | 45 -0.49033 -7.87868e-02
 46 -0.30327 -7.42024e-03 | 47 -0.26970  9.36424e-03 | 48 -0.53969  4.26553e-04
 49 -0.24177  1.30793e-04 | 50 -0.11118  1.44941e+01 | 51 -0.11713 -1.31546e+01
 52 -0.14482 -8.77277e-01 | 53 -0.18463  1.49650e+01 |
53 variables; iteration 300; function evaluation 399; phase 4
Function value 5.7451600e+01; maximum gradient component mag 1.4939e+01
Var    Value     Gradient |Var    Value     Gradient |Var    Value     Gradient
  1  0.56063  4.21524e-04 |  2  0.16421 -5.54026e-02 |  3 -0.07791  8.40040e-04
  4  0.02068  4.12244e-03 |  5 -0.02592  5.20525e-03 |  6  0.03507  6.81887e-03
  7 -0.00179  2.07837e-03 |  8 -0.05837  1.28184e-03 |  9 -0.02506  2.61463e-03
 10 -0.00591  1.39027e-03 | 11  0.07400  3.37451e-03 | 12  0.03686  4.87685e-03
 13  0.06511  1.30943e-02 | 14  0.00767  5.85409e-03 | 15  0.00841  1.68194e-04
 16  0.05970 -1.61229e-04 | 17  0.00381 -9.58479e-04 | 18 -0.07046 -1.56863e-03
 19 -0.02712 -9.51916e-04 | 20 -0.04029 -1.80067e-03 | 21  0.04216  6.82096e-04
 22  0.05137  8.92204e-04 | 23 -0.04103  1.69552e-03 | 24 -0.02695  5.86919e-04
 25 -0.12155 -1.62212e-03 | 26 -0.01584 -1.16456e-02 | 27 -0.02511 -7.05829e-04
 28 -0.03211 -3.58811e-03 | 29  0.03399 -1.10336e-02 | 30 -0.02314 -2.17911e-03
 31  0.04983 -4.08999e-03 | 32 -0.03881 -3.43546e-03 | 33  0.01640  1.99927e-03
 34  0.00146  1.66713e-03 | 35  0.10266  2.37876e-03 | 36  0.23540 -5.25981e-03
 37  0.24507  4.60343e-02 | 38  0.25582 -1.59499e-02 | 39  0.20473 -3.38388e-04
 40 -0.37768  1.16560e-02 | 41  2.01248 -4.33399e-04 | 42 -1.96394 -4.41101e-06
 43 -1.29443  2.44873e-05 | 44 -0.39808  1.58481e-02 | 45 -0.49032 -1.28642e-02
 46 -0.30328 -2.29868e-03 | 47 -0.26972 -2.04298e-03 | 48 -0.54115 -4.03380e-05
 49 -0.24973 -5.78806e-05 | 50 -0.11153  1.43976e+01 | 51 -0.11704 -1.30189e+01
 52 -0.14432 -9.41559e-01 | 53 -0.18418  1.49388e+01 |
53 variables; iteration 320; function evaluation 419; phase 4
Function value 5.7446243e+01; maximum gradient component mag -1.7758e+00
Var    Value     Gradient |Var    Value     Gradient |Var    Value     Gradient
  1  0.56226  9.82203e-03 |  2  0.16425 -1.77582e+00 |  3 -0.07774  2.71411e-02
  4  0.02088  1.30012e-01 |  5 -0.02568  1.62879e-01 |  6  0.03534  2.14107e-01
  7 -0.00153  6.97314e-02 |  8 -0.05817  4.11116e-02 |  9 -0.02489  8.41684e-02
 10 -0.00574  4.43146e-02 | 11  0.07413  1.11053e-01 | 12  0.03695  1.63829e-01
 13  0.06514  4.49944e-01 | 14  0.00769  2.05485e-01 | 15  0.00840  6.81851e-03
 16  0.05966  6.54637e-03 | 17  0.00376 -2.31626e-02 | 18 -0.07048 -5.32683e-02
 19 -0.02706 -6.25104e-02 | 20 -0.04032 -6.45842e-02 | 21  0.04226 -2.00702e-03
 22  0.05146  1.08259e-02 | 23 -0.04095  6.17782e-02 | 24 -0.02683  1.63820e-03
 25 -0.12146 -5.70787e-02 | 26 -0.01586 -3.65855e-01 | 27 -0.02506 -3.78659e-02
 28 -0.03206 -1.63804e-01 | 29  0.03399 -4.39715e-01 | 30 -0.02327 -5.54217e-02
 31  0.04969 -9.84147e-02 | 32 -0.03887 -1.01382e-01 | 33  0.01605  1.12003e-01
 34  0.00108  8.18153e-02 | 35  0.10220  8.63650e-02 | 36  0.23538  1.62365e-01
 37  0.24493  1.57886e+00 | 38  0.25579 -5.39414e-01 | 39  0.20477 -1.73249e-02
 40 -0.39453  3.43698e-01 | 41  1.47967 -1.19530e-02 | 42 -2.00364 -1.83186e-04
 43 -1.29167  7.05597e-04 | 44 -0.39766  5.38984e-01 | 45 -0.49007 -4.07132e-01
 46 -0.30288 -9.42831e-02 | 47 -0.26945 -5.14006e-02 | 48 -0.52243 -2.23330e-03
 49 -0.43101 -2.14903e-03 | 50 -0.14364  1.26979e+00 | 51 -0.14689 -9.61812e-01
 52 -0.16087 -3.40526e-01 | 53 -0.18083  1.58719e+00 |
53 variables; iteration 340; function evaluation 440; phase 4
Function value 5.7444968e+01; maximum gradient component mag 5.4251e-01
Var    Value     Gradient |Var    Value     Gradient |Var    Value     Gradient
  1  0.56305 -5.01565e-03 |  2  0.16430 -2.31226e-01 |  3 -0.07782 -1.64830e-03
  4  0.02072 -5.79549e-03 |  5 -0.02589 -4.68485e-03 |  6  0.03515 -3.05739e-03
  7 -0.00164  1.48675e-03 |  8 -0.05824  1.60687e-03 |  9 -0.02496 -9.63643e-04
 10 -0.00580  5.36199e-04 | 11  0.07404  2.98422e-04 | 12  0.03685  3.05687e-03
 13  0.06506 -6.91360e-03 | 14  0.00769 -1.46251e-03 | 15  0.00845 -4.29127e-04
 16  0.05965 -4.20230e-03 | 17  0.00375 -1.09216e-02 | 18 -0.07045 -7.16162e-03
 19 -0.02700 -6.38388e-03 | 20 -0.04029 -6.71634e-03 | 21  0.04236  4.95658e-03
 22  0.05155  5.42853e-03 | 23 -0.04090  6.18082e-03 | 24 -0.02676  8.31234e-03
 25 -0.12144  1.30000e-02 | 26 -0.01591  3.31170e-02 | 27 -0.02506 -1.46086e-02
 28 -0.03204 -3.50545e-02 | 29  0.03397 -8.74585e-02 | 30 -0.02324  2.19553e-04
 31  0.04976  2.15382e-02 | 32 -0.03881  1.68771e-02 | 33  0.01607  4.30303e-03
 34  0.00109 -3.56002e-03 | 35  0.10218 -3.34703e-03 | 36  0.23533 -4.88503e-02
 37  0.24484  8.16350e-03 | 38  0.25573  7.52392e-03 | 39  0.20473 -3.65879e-03
 40 -0.37799  2.24685e-03 | 41  2.00895 -1.13147e-04 | 42 -1.95986  3.66943e-06
 43 -1.29552 -4.01654e-04 | 44 -0.39730  4.79786e-02 | 45 -0.48982 -1.83659e-02
 46 -0.30259 -1.41915e-02 | 47 -0.26914  2.78774e-02 | 48 -0.54260  1.60942e-04
 49 -0.23845  8.56830e-05 | 50 -0.14458  5.42509e-01 | 51 -0.15079 -5.29853e-01
 52 -0.16631  2.65631e-02 | 53 -0.18363  5.06392e-01 |
53 variables; iteration 360; function evaluation 461; phase 4
Function value 5.7444911e+01; maximum gradient component mag -3.3421e-02
Var    Value     Gradient |Var    Value     Gradient |Var    Value     Gradient
  1  0.56323  6.66230e-04 |  2  0.16431 -1.14437e-02 |  3 -0.07780  1.67646e-04
  4  0.02073  5.21519e-04 |  5 -0.02588  2.48616e-04 |  6  0.03516  2.17522e-04
  7 -0.00163  6.24553e-04 |  8 -0.05823  5.67872e-04 |  9 -0.02495  9.48401e-04
 10 -0.00579  4.85281e-04 | 11  0.07405  6.70297e-04 | 12  0.03685  6.71533e-04
 13  0.06507  2.82797e-03 | 14  0.00769  1.55238e-03 | 15  0.00845  8.78248e-04
 16  0.05965  1.82049e-03 | 17  0.00375  2.98001e-03 | 18 -0.07045  2.29210e-03
 19 -0.02700  1.75113e-03 | 20 -0.04029  1.30336e-03 | 21  0.04236 -3.17721e-04
 22  0.05155 -4.96888e-04 | 23 -0.04091 -6.14989e-04 | 24 -0.02676 -1.28453e-03
 25 -0.12144 -2.21516e-03 | 26 -0.01592 -6.62830e-03 | 27 -0.02506  1.44546e-03
 28 -0.03204  3.43779e-03 | 29  0.03396  5.26950e-03 | 30 -0.02325 -1.54109e-03
 31  0.04975 -3.60038e-03 | 32 -0.03881 -2.31699e-03 | 33  0.01606 -1.95476e-03
 34  0.00108 -4.18933e-04 | 35  0.10217  4.01535e-04 | 36  0.23533 -5.22346e-03
 37  0.24484 -3.34213e-02 | 38  0.25573 -8.37607e-04 | 39  0.20473  4.16497e-04
 40 -0.37774  9.53735e-07 | 41  2.01602  3.06592e-06 | 42 -1.96325 -8.86568e-07
 43 -1.29445  2.77499e-05 | 44 -0.39730 -1.98402e-03 | 45 -0.48982 -9.89384e-04
 46 -0.30255  8.69278e-04 | 47 -0.26913 -2.84353e-03 | 48 -0.54275 -1.83548e-05
 49 -0.24341 -1.17657e-06 | 50 -0.15897  1.89444e-02 | 51 -0.13274 -2.67504e-02
 52 -0.12251  1.37290e-02 | 53 -0.15198  4.83865e-03 |
53 variables; iteration 380; function evaluation 482; phase 4
Function value 5.7444904e+01; maximum gradient component mag -1.0491e-01
Var    Value     Gradient |Var    Value     Gradient |Var    Value     Gradient
  1  0.56320 -1.77195e-04 |  2  0.16431 -4.61952e-02 |  3 -0.07780 -8.77034e-05
  4  0.02073 -3.21858e-04 |  5 -0.02588 -2.55983e-04 |  6  0.03516 -2.70280e-04
  7 -0.00163  5.83654e-04 |  8 -0.05823  6.27924e-04 |  9 -0.02495  4.56403e-04
 10 -0.00579  6.28906e-04 | 11  0.07405  5.28574e-04 | 12  0.03685  5.49825e-04
 13  0.06507 -3.28713e-04 | 14  0.00769  2.54407e-04 | 15  0.00845  5.37992e-04
 16  0.05965  2.32615e-04 | 17  0.00375 -1.81311e-04 | 18 -0.07045  5.67144e-05
 19 -0.02700  1.91605e-04 | 20 -0.04029  3.77059e-04 | 21  0.04236  9.18704e-04
 22  0.05155  9.95154e-04 | 23 -0.04091  6.87281e-04 | 24 -0.02676  9.23076e-04
 25 -0.12144  1.05335e-03 | 26 -0.01592  2.84027e-03 | 27 -0.02506  1.29453e-04
 28 -0.03204 -6.85786e-04 | 29  0.03396 -3.88111e-03 | 30 -0.02325 -1.27392e-03
 31  0.04975 -1.87797e-03 | 32 -0.03881  1.32835e-04 | 33  0.01606 -3.89378e-03
 34  0.00108 -2.83830e-03 | 35  0.10217 -1.10890e-03 | 36  0.23533  2.25309e-03
 37  0.24484 -6.34831e-02 | 38  0.25573  6.80505e-04 | 39  0.20473 -1.35231e-04
 40 -0.37777 -9.93653e-05 | 41  2.01507  1.95791e-06 | 42 -1.96275  4.66586e-07
 43 -1.29456 -1.20117e-05 | 44 -0.39730  8.40433e-04 | 45 -0.48982  3.06367e-04
 46 -0.30256 -4.09502e-04 | 47 -0.26913  1.24802e-03 | 48 -0.54242  5.69023e-06
 49 -0.24384  1.74066e-06 | 50 -0.17778  9.91741e-02 | 51 -0.13347 -1.04910e-01
 52 -0.10524  1.46776e-02 | 53 -0.13404  8.60661e-02 |
53 variables; iteration 400; function evaluation 504; phase 4
Function value 5.7444901e+01; maximum gradient component mag -1.8834e-03
Var    Value     Gradient |Var    Value     Gradient |Var    Value     Gradient
  1  0.56321 -1.96587e-05 |  2  0.16431 -1.28694e-03 |  3 -0.07780 -7.77892e-06
  4  0.02073 -3.10474e-05 |  5 -0.02588 -2.56479e-05 |  6  0.03516 -2.75749e-05
  7 -0.00163  7.96561e-06 |  8 -0.05823  1.14011e-05 |  9 -0.02495 -3.33236e-06
 10 -0.00579  9.42764e-06 | 11  0.07405  1.93796e-06 | 12  0.03685  6.88651e-06
 13  0.06507 -5.56423e-05 | 14  0.00769 -1.19704e-05 | 15  0.00845  2.37158e-06
 16  0.05965 -1.77604e-05 | 17  0.00375 -5.23631e-05 | 18 -0.07045 -3.46758e-05
 19 -0.02700 -3.62057e-05 | 20 -0.04029 -1.96282e-05 | 21  0.04236  1.96725e-05
 22  0.05155  2.60200e-05 | 23 -0.04091  3.37360e-05 | 24 -0.02676  3.96700e-05
 25 -0.12144  6.68666e-05 | 26 -0.01592  1.95874e-04 | 27 -0.02506 -3.72561e-05
 28 -0.03204 -1.04927e-04 | 29  0.03396 -2.87518e-04 | 30 -0.02325 -4.38734e-06
 31  0.04975  3.95628e-05 | 32 -0.03881  6.07446e-05 | 33  0.01606 -4.96239e-05
 34  0.00108 -5.50643e-05 | 35  0.10217 -2.94261e-05 | 36  0.23533  9.52894e-05
 37  0.24484 -1.09814e-03 | 38  0.25573  4.39825e-05 | 39  0.20473 -1.18673e-05
 40 -0.37776 -8.54852e-06 | 41  2.01537  1.35695e-07 | 42 -1.96290  2.87121e-08
 43 -1.29453 -1.25905e-06 | 44 -0.39730  1.04233e-04 | 45 -0.48982  5.17796e-06
 46 -0.30256 -4.38254e-05 | 47 -0.26913  1.11412e-04 | 48 -0.54247  5.53260e-07
 49 -0.24386  2.86854e-07 | 50 -0.19461  1.69465e-03 | 51 -0.13351 -1.88339e-03
 52 -0.08901  3.68302e-04 | 53 -0.11765  1.37695e-03 |

 - final statistics:
53 variables; iteration 405; function evaluation 509
Function value 5.7445e+01; maximum gradient component mag 2.0530e-05
Exit code = 1;  converg criter 1.0000e-04
Var    Value     Gradient |Var    Value     Gradient |Var    Value     Gradient
  1  0.56321 -2.79879e-07 |  2  0.16431  5.73534e-06 |  3 -0.07780 -8.71159e-08
  4  0.02073 -3.67077e-07 |  5 -0.02588 -2.88653e-07 |  6  0.03516 -3.28123e-07
  7 -0.00163 -2.55341e-07 |  8 -0.05823 -2.29536e-07 |  9 -0.02495 -3.97133e-07
 10 -0.00579 -2.30771e-07 | 11  0.07405 -3.23088e-07 | 12  0.03685 -3.07435e-07
 13  0.06507 -1.07388e-06 | 14  0.00769 -5.24777e-07 | 15  0.00845 -3.81676e-07
 16  0.05965 -6.22036e-07 | 17  0.00375 -1.11278e-06 | 18 -0.07045 -8.69053e-07
 19 -0.02700 -8.39559e-07 | 20 -0.04029 -5.95828e-07 | 21  0.04236 -5.36443e-08
 22  0.05155  3.56714e-09 | 23 -0.04091  2.61294e-07 | 24 -0.02676  2.71767e-07
 25 -0.12144  6.93296e-07 | 26 -0.01592  2.26689e-06 | 27 -0.02506 -6.12424e-07
 28 -0.03204 -1.03573e-06 | 29  0.03396 -2.76923e-06 | 30 -0.02325  7.59309e-07
 31  0.04975  1.80324e-06 | 32 -0.03881  1.12688e-06 | 33  0.01606  1.23313e-06
 34  0.00108  5.48867e-07 | 35  0.10217  5.63670e-08 | 36  0.23533  2.96687e-06
 37  0.24484  1.55296e-05 | 38  0.25573  5.15689e-07 | 39  0.20473 -1.42234e-07
 40 -0.37776 -9.75787e-08 | 41  2.01540  1.63412e-09 | 42 -1.96292  4.30775e-10
 43 -1.29452 -1.19088e-08 | 44 -0.39730  8.08240e-07 | 45 -0.48982  6.39615e-07
 46 -0.30256 -4.81732e-07 | 47 -0.26913  1.33201e-06 | 48 -0.54247  5.73963e-09
 49 -0.24387  2.21668e-09 | 50 -0.19488 -2.02945e-05 | 51 -0.13351  2.05296e-05
 52 -0.08875 -1.42233e-06 | 53 -0.11740 -1.94960e-05 |
Estimating row 1 out of 53 for hessian
Estimating row 2 out of 53 for hessian
Estimating row 3 out of 53 for hessian
Estimating row 4 out of 53 for hessian
Estimating row 5 out of 53 for hessian
Estimating row 6 out of 53 for hessian
Estimating row 7 out of 53 for hessian
Estimating row 8 out of 53 for hessian
Estimating row 9 out of 53 for hessian
Estimating row 10 out of 53 for hessian
Estimating row 11 out of 53 for hessian
Estimating row 12 out of 53 for hessian
Estimating row 13 out of 53 for hessian
Estimating row 14 out of 53 for hessian
Estimating row 15 out of 53 for hessian
Estimating row 16 out of 53 for hessian
Estimating row 17 out of 53 for hessian
Estimating row 18 out of 53 for hessian
Estimating row 19 out of 53 for hessian
Estimating row 20 out of 53 for hessian
Estimating row 21 out of 53 for hessian
Estimating row 22 out of 53 for hessian
Estimating row 23 out of 53 for hessian
Estimating row 24 out of 53 for hessian
Estimating row 25 out of 53 for hessian
Estimating row 26 out of 53 for hessian
Estimating row 27 out of 53 for hessian
Estimating row 28 out of 53 for hessian
Estimating row 29 out of 53 for hessian
Estimating row 30 out of 53 for hessian
Estimating row 31 out of 53 for hessian
Estimating row 32 out of 53 for hessian
Estimating row 33 out of 53 for hessian
Estimating row 34 out of 53 for hessian
Estimating row 35 out of 53 for hessian
Estimating row 36 out of 53 for hessian
Estimating row 37 out of 53 for hessian
Estimating row 38 out of 53 for hessian
Estimating row 39 out of 53 for hessian
Estimating row 40 out of 53 for hessian
Estimating row 41 out of 53 for hessian
Estimating row 42 out of 53 for hessian
Estimating row 43 out of 53 for hessian
Estimating row 44 out of 53 for hessian
Estimating row 45 out of 53 for hessian
Estimating row 46 out of 53 for hessian
Estimating row 47 out of 53 for hessian
Estimating row 48 out of 53 for hessian
Estimating row 49 out of 53 for hessian
Estimating row 50 out of 53 for hessian
Estimating row 51 out of 53 for hessian
Estimating row 52 out of 53 for hessian
Estimating row 53 out of 53 for hessian
size of file gradfil1.tmp = 0
size of file gradfil2.tmp = 0
size of file varssave.tmp = 0
size of file cmpdiff.tmp = 0
