
Initial statistics: 7 variables; iteration 0; function evaluation 0; phase 1
Function value 5.2969760e+03; maximum gradient component mag 3.5124e+04
Var    Value     Gradient |Var    Value     Gradient |Var    Value     Gradient
  1  0.39650  3.51239e+04 |  2  0.21635  2.93248e+04 |  3  0.21635  2.15906e+04
  4  0.21635  1.57288e+04 |  5  0.00000 -2.14492e-01 |  6  0.00000  1.51047e-01
  7  0.00000  6.34457e-02 |

Intermediate statistics: 7 variables; iteration 20; function evaluation 53; phase 1
Function value 6.4062796e+02; maximum gradient component mag -3.1227e+02
Var    Value     Gradient |Var    Value     Gradient |Var    Value     Gradient
  1  0.19293 -1.14725e+02 |  2  0.21149  7.96273e+01 |  3  0.19868 -1.31912e+01
  4  0.19425 -3.12267e+02 |  5  6.38765  1.73812e+00 |  6 -6.55990 -1.35460e+00
  7  0.51677  1.62757e-03 |

 - final statistics:
7 variables; iteration 28; function evaluation 61
Function value 6.3915e+02; maximum gradient component mag -1.6840e+00
Exit code = 1;  converg criter 1.0000e+01
Var    Value     Gradient |Var    Value     Gradient |Var    Value     Gradient
  1  0.19169 -1.58340e+00 |  2  0.21199 -1.68397e+00 |  3  0.19954  1.02286e-01
  4  0.20383 -7.94939e-01 |  5  6.38868  7.30918e-02 |  6 -6.67149 -4.76983e-02
  7  0.62646  5.32307e-03 |

Initial statistics: 57 variables; iteration 0; function evaluation 0; phase 2
Function value 6.3915067e+02; maximum gradient component mag -1.9065e+03
Var    Value     Gradient |Var    Value     Gradient |Var    Value     Gradient
  1  0.19169 -1.58340e+00 |  2  0.00000  7.99001e+01 |  3  0.00000 -1.03316e+02
  4  0.00000  3.96908e+01 |  5  0.00000 -5.74592e+01 |  6  0.00000 -1.75466e+01
  7  0.00000  6.26852e+01 |  8  0.00000  4.47653e+00 |  9  0.00000  5.26839e+00
 10  0.00000 -9.46834e+01 | 11  0.00000  4.58761e+01 | 12  0.00000 -3.61166e+01
 13  0.00000  1.75438e+01 | 14  0.00000  1.20338e+00 | 15  0.00000 -7.94481e+01
 16  0.00000  4.42475e+01 | 17  0.00000  1.35321e+02 | 18  0.00000 -2.06269e+01
 19  0.00000  7.55003e+01 | 20  0.00000 -1.78878e+02 | 21  0.00000 -2.07968e+02
 22  0.00000  9.77710e+01 | 23  0.00000  3.48373e+01 | 24  0.00000  2.14202e+02
 25  0.00000 -1.09633e+01 | 26  0.00000  2.88746e+01 | 27  0.00000  9.34268e+01
 28  0.00000 -1.68695e+02 | 29  0.00000 -5.77337e+01 | 30  0.00000 -1.19684e+02
 31  0.00000  1.23086e+02 | 32  0.00000 -1.03100e+02 | 33  0.00000 -1.64700e+02
 34  0.00000 -4.23052e+01 | 35  0.00000  2.41886e+01 | 36  0.00000  1.12738e+02
 37  0.00000  5.93576e+01 | 38  0.00000  1.21843e+02 | 39  0.21199 -1.68397e+00
 40  0.19954  1.02286e-01 | 41  0.21635 -1.78603e+02 | 42  0.20383 -7.94939e-01
 43 -1.00000 -1.08293e-07 | 44  0.00000  2.44870e-04 | 45  0.00000  7.63265e-01
 46 -0.53989  1.61129e+01 | 47 -1.00000 -1.08293e-07 | 48 -0.53989  1.32264e+01
 49 -1.00000 -1.08293e-07 | 50 -0.53989  3.02783e+00 | 51 -0.32288  5.18120e+01
 52  0.21635  1.59720e+00 | 53 -0.17585 -8.01530e+02 | 54 -0.12819 -1.90654e+03
 55 -0.38868 -7.30918e-02 | 56  0.67149  4.76983e-02 | 57  0.62646  5.32307e-03

Intermediate statistics: 57 variables; iteration 20; function evaluation 45; phase 2
Function value 3.3111910e+02; maximum gradient component mag -4.1987e+03
Var    Value     Gradient |Var    Value     Gradient |Var    Value     Gradient
  1  0.15860 -4.19872e+03 |  2 -0.38648 -5.71106e+01 |  3  0.09564  1.66137e+01
  4  0.14104  1.68598e+02 |  5  0.11891  3.62178e+00 |  6  0.09825  7.77067e+01
  7  0.06742  1.04724e+02 |  8  0.07346  5.96273e+01 |  9  0.10798  1.16014e+02
 10  0.13730  9.69969e+01 | 11  0.10354  2.10233e+02 | 12  0.03705  3.56948e+01
 13 -0.01036  3.88034e+01 | 14  0.02932  1.18025e+02 | 15 -0.02225 -1.23220e+02
 16 -0.01432  4.95115e+01 | 17 -0.03845  1.69515e+02 | 18 -0.02093  8.52404e+01
 19 -0.04166  7.80149e+01 | 20  0.01253 -2.43931e+01 | 21  0.05065  1.31063e+02
 22 -0.07490  5.00514e+01 | 23 -0.02803  1.82241e+02 | 24 -0.08684  1.49331e+02
 25 -0.01094  9.37277e+01 | 26 -0.01350  9.23671e+01 | 27 -0.04638 -2.86451e+01
 28  0.00675 -3.57329e+02 | 29 -0.01737 -3.93776e+02 | 30  0.01105 -5.82217e+02
 31 -0.11832 -4.91912e+02 | 32  0.01269 -1.52643e+01 | 33  0.06361  1.70844e+02
 34  0.01164  9.77809e+01 | 35 -0.02145 -5.52484e+01 | 36 -0.03449  1.85109e+01
 37 -0.03012  2.27272e+01 | 38 -0.19150 -7.57726e+01 | 39  0.23761 -1.60465e+03
 40  0.23737 -4.07989e+02 | 41  0.25329 -6.20579e+02 | 42  0.24176 -7.60916e+02
 43 -0.92252 -2.54570e-02 | 44 -0.00000  1.27541e-04 | 45 -0.01059 -5.08117e-05
 46 -0.77271 -8.34587e-03 | 47 -0.63562 -3.42206e+02 | 48 -0.62693  3.38461e+02
 49 -0.80245 -1.20277e+02 | 50 -0.64260  6.54599e+01 | 51 -0.30502  3.41943e+02
 52  0.18737  6.11372e+00 | 53 -0.14719  4.27633e+02 | 54 -0.12350 -1.83359e+03
 55 -0.49523 -7.24414e+01 | 56  0.73887  4.05602e+01 | 57  0.62637  1.36685e-04
57 variables; iteration 40; function evaluation 69; phase 2
Function value 3.0833853e+02; maximum gradient component mag -1.6149e+03
Var    Value     Gradient |Var    Value     Gradient |Var    Value     Gradient
  1  0.15557 -1.61487e+03 |  2 -0.48916 -6.02856e+01 |  3  0.05311  4.53982e+00
  4  0.09023  1.39241e+02 |  5  0.09095  2.48997e+01 |  6  0.06855  5.38950e+01
  7  0.03678  7.19991e+01 |  8  0.03853  8.62227e+00 |  9  0.08249  7.25826e+01
 10  0.13140  7.87381e+01 | 11  0.09511  1.61488e+02 | 12  0.04828  3.11561e+01
 13  0.00365  3.38534e+01 | 14  0.04130  1.18132e+02 | 15 -0.01571 -1.30811e+02
 16 -0.00712  5.76522e+01 | 17 -0.03231  1.67518e+02 | 18 -0.01813  7.89275e+01
 19 -0.02832  1.06409e+02 | 20  0.01069 -4.95561e+01 | 21  0.05136  1.13958e+02
 22 -0.07153  2.84336e+01 | 23 -0.02098  1.86554e+02 | 24 -0.08826  1.16147e+02
 25  0.00064  1.05820e+02 | 26 -0.00708  8.73320e+01 | 27 -0.05216 -6.15982e+01
 28  0.00712 -3.45540e+02 | 29 -0.00982 -3.48049e+02 | 30  0.01743 -5.38701e+02
 31 -0.10981 -5.10938e+02 | 32  0.01165  1.02531e+01 | 33  0.06778  2.53752e+02
 34  0.02331  1.96213e+02 | 35 -0.01927 -5.52509e-01 | 36 -0.03435  8.19004e+01
 37 -0.01802  1.41352e+02 | 38 -0.19839 -1.04372e+02 | 39  0.23862 -8.91216e+02
 40  0.23983 -5.74994e+01 | 41  0.25637 -4.00110e+02 | 42  0.25165  2.36799e+02
 43 -0.42289  2.19906e+01 | 44 -0.05220  1.69035e+00 | 45 -0.19102  1.20508e+00
 46 -1.55750 -2.21077e+01 | 47 -0.60252 -3.72774e+02 | 48 -0.59308  3.79078e+02
 49 -0.80497 -8.25820e+01 | 50 -0.68357  5.02496e+01 | 51 -0.30889  2.44601e+02
 52 -0.24474  7.50330e+00 | 53 -0.14691  1.68220e+01 | 54 -0.11707 -1.24481e+03
 55 -0.41622 -1.04577e+01 | 56  1.00349 -3.66026e-01 | 57  0.62525  5.13136e-03
Maximum number of function evaluations exceeded

 - final statistics:
57 variables; iteration 58; function evaluation 100
Function value 2.3631e+02; maximum gradient component mag -8.0995e+03
Exit code = 3;  converg criter 1.0000e+01
Var    Value     Gradient |Var    Value     Gradient |Var    Value     Gradient
  1  0.13979 -8.09948e+03 |  2 -1.67299  4.90731e+01 |  3  0.04008  5.69562e+01
  4  0.04735  1.67660e+02 |  5  0.01799  6.33274e-01 |  6 -0.00482  1.86724e+02
  7 -0.04539  1.77338e+02 |  8 -0.03401  1.18474e+02 |  9  0.00738  1.95542e+02
 10  0.02089  4.51895e+01 | 11  0.04652  1.95802e+02 | 12  0.06918  1.19470e+02
 13 -0.02214  3.15408e+01 | 14 -0.00109  1.84298e+01 | 15  0.02609 -2.56588e+02
 16  0.01912 -2.18185e+02 | 17 -0.03865  1.92040e+01 | 18  0.00080 -1.70017e+01
 19 -0.04886 -7.60549e+01 | 20  0.04948  7.14003e+01 | 21  0.06313  1.85668e+02
 22 -0.01505  2.99299e+02 | 23 -0.04283  1.31244e+02 | 24 -0.12443  4.91466e+01
 25 -0.00317  8.61922e+01 | 26 -0.00260  4.81589e+01 | 27 -0.04913 -1.31909e+02
 28  0.05210 -2.25331e+02 | 29  0.01488 -2.07187e+02 | 30  0.02012 -2.67657e+02
 31 -0.02063  4.62030e+01 | 32  0.03034  9.82940e+01 | 33  0.05974  1.35191e+02
 34  0.01863  6.67759e+01 | 35  0.01056 -6.54166e+01 | 36 -0.00864 -1.14671e+02
 37  0.01609 -2.09161e+02 | 38 -0.04731  8.84696e+01 | 39  0.25551 -2.81882e+03
 40  0.24848 -1.69246e+02 | 41  0.27272  5.15229e+01 | 42  0.25314 -5.19686e+01
 43 -0.41737 -1.62433e+00 | 44 -0.57304 -1.17592e-01 | 45 -1.48465 -9.00699e-02
 46 -1.45541 -3.20656e+00 | 47 -0.51609 -3.11923e+02 | 48 -0.51356  4.31938e+02
 49 -0.83400  7.60364e+02 | 50 -0.80851 -6.58351e+02 | 51 -0.27253  2.56369e+03
 52 -0.72066 -2.20539e+01 | 53 -0.12877 -7.56676e+02 | 54 -0.07482  4.94724e+02
 55 -0.38642  1.51468e+01 | 56  0.87832 -3.48552e+00 | 57  0.61539 -2.93366e-05

Initial statistics: 57 variables; iteration 0; function evaluation 0; phase 3
Function value 2.3614681e+02; maximum gradient component mag -8.0676e+03
Var    Value     Gradient |Var    Value     Gradient |Var    Value     Gradient
  1  0.13979 -8.06757e+03 |  2 -0.32701 -4.80750e+01 |  3  0.04008  5.89696e+01
  4  0.04735  1.66199e+02 |  5  0.01799  3.28269e-01 |  6 -0.00533  1.67980e+02
  7 -0.04590  1.56695e+02 |  8 -0.03452  9.93536e+01 |  9  0.00687  1.75734e+02
 10  0.02038  2.55209e+01 | 11  0.04601  1.76905e+02 | 12  0.06867  1.03264e+02
 13 -0.02265  1.36738e+01 | 14 -0.00160  4.79805e+00 | 15  0.02557 -2.62980e+02
 16  0.01861 -2.16300e+02 | 17 -0.03916  6.71928e+00 | 18  0.00029 -3.25966e+01
 19 -0.04937 -9.35833e+01 | 20  0.04897  5.37219e+01 | 21  0.06261  1.64797e+02
 22 -0.01556  2.76435e+02 | 23 -0.04335  1.10505e+02 | 24 -0.12495  3.05962e+01
 25 -0.00368  5.86626e+01 | 26 -0.00311  1.78334e+01 | 27 -0.04964 -1.64659e+02
 28  0.05159 -2.48836e+02 | 29  0.01437 -2.23304e+02 | 30  0.01961 -2.85064e+02
 31 -0.02114  2.96518e+01 | 32  0.02983  7.97437e+01 | 33  0.05923  1.13288e+02
 34  0.01812  4.42678e+01 | 35  0.01005 -8.62060e+01 | 36 -0.00915 -1.35270e+02
 37  0.01558 -2.32048e+02 | 38 -0.04782  6.85177e+01 | 39  0.25551 -2.79409e+03
 40  0.24848 -1.72384e+02 | 41  0.27272  5.34164e+01 | 42  0.25314 -5.16510e+01
 43 -0.41737 -1.61701e+00 | 44 -0.57304 -1.18039e-01 | 45 -0.51535  9.14450e-02
 46 -0.54459  3.19767e+00 | 47 -0.51609 -3.05633e+02 | 48 -0.51356  4.26904e+02
 49 -0.83400  7.50493e+02 | 50 -0.80851 -6.49392e+02 | 51 -0.27253  2.54335e+03
 52 -0.72066 -2.09729e+01 | 53 -0.12877 -7.56694e+02 | 54 -0.07482  4.99827e+02
 55 -0.38642  1.52175e+01 | 56  0.87832 -3.50248e+00 | 57  0.61539 -5.36584e-05

Intermediate statistics: 57 variables; iteration 20; function evaluation 29; phase 3
Function value 1.4767142e+02; maximum gradient component mag -3.1810e+03
Var    Value     Gradient |Var    Value     Gradient |Var    Value     Gradient
  1  0.13677 -3.18103e+03 |  2 -0.20134 -1.91022e+01 |  3  0.00244 -1.58817e+01
  4 -0.01892 -2.66481e+01 |  5  0.00600 -1.01225e+02 |  6 -0.05018  9.12765e+01
  7 -0.10488  5.67870e+01 |  8 -0.05069  7.78061e+01 |  9 -0.07205  2.70729e+01
 10  0.03890  3.25392e+01 | 11  0.01623  5.88209e+01 | 12  0.07071  7.13237e+01
 13  0.00106  4.40577e+01 | 14 -0.01354  2.12294e+01 | 15  0.07625  2.47315e+00
 16  0.02066 -3.69452e+00 | 17 -0.05041  1.72549e+01 | 18  0.00073  7.95762e+01
 19 -0.01960  1.05230e+02 | 20  0.05086  3.68625e+01 | 21  0.05684  3.16784e+01
 22 -0.06455 -4.52736e+00 | 23 -0.04850 -1.14752e+02 | 24 -0.10164 -1.40434e+02
 25  0.00451 -5.05660e+02 | 26 -0.02183 -1.95081e+02 | 27 -0.02142 -1.38646e+02
 28  0.06304  4.31166e+01 | 29  0.02201 -1.85710e+01 | 30  0.03704 -4.17269e+01
 31 -0.02162  8.30708e+01 | 32  0.03023  4.41690e+01 | 33  0.05470  4.73566e+01
 34  0.02596  4.77871e+01 | 35  0.02336 -2.03738e+01 | 36  0.00195  2.50936e+01
 37  0.02226  7.67464e+01 | 38  0.02266  5.10618e+01 | 39  0.25884 -7.15053e+02
 40  0.25436 -2.69624e+02 | 41  0.27865  4.99654e+02 | 42  0.25700 -3.51703e+01
 43 -0.39684 -1.62042e+01 | 44 -0.57168 -8.59257e-01 | 45 -0.51557  7.47713e-02
 46 -0.55234  2.68643e+00 | 47 -0.54232  1.04987e+02 | 48 -0.58351 -7.13916e+01
 49 -0.85678  2.38873e+02 | 50 -0.82983 -2.00713e+02 | 51 -0.28059  5.30410e+02
 52 -0.73413 -6.23894e-01 | 53 -0.10480  1.69131e+00 | 54 -0.07605 -4.60249e+01
 55 -0.43436 -2.50668e+00 | 56  0.88918  5.78057e-01 | 57  0.61539 -4.41283e-05
57 variables; iteration 40; function evaluation 56; phase 3
Function value 1.4273461e+02; maximum gradient component mag -1.4970e+03
Var    Value     Gradient |Var    Value     Gradient |Var    Value     Gradient
  1  0.13619 -1.49697e+03 |  2 -0.13933  8.55631e+00 |  3  0.00216 -9.65210e+00
  4 -0.02196 -1.48935e+01 |  5  0.00822 -6.76717e+01 |  6 -0.05885  2.08332e+01
  7 -0.10040  2.41235e+01 |  8 -0.06018 -5.09269e+00 |  9 -0.08117 -2.10581e+00
 10  0.02641 -1.57569e+01 | 11  0.01069  2.11475e+01 | 12  0.07136  4.60740e+01
 13  0.00656  2.48395e+01 | 14 -0.00442  9.06979e+00 | 15  0.06839 -2.86344e+01
 16  0.02197  2.50168e+00 | 17 -0.04623  2.70603e+01 | 18  0.00507  8.74479e+01
 19 -0.01753  1.02172e+02 | 20  0.05116  3.21625e+01 | 21  0.06154  5.55117e+01
 22 -0.06411 -2.02983e+01 | 23 -0.04201 -8.30729e+01 | 24 -0.09730 -1.17660e+02
 25  0.00527 -4.01712e+02 | 26 -0.02356 -1.88876e+02 | 27 -0.01644 -9.72539e+01
 28  0.06311  5.69584e+01 | 29  0.02413 -5.62518e+00 | 30  0.04072 -2.41412e+01
 31 -0.02137  5.83980e+01 | 32  0.02949  1.33385e+01 | 33  0.05750  2.65446e+01
 34  0.02541 -2.30827e-01 | 35  0.02521 -3.73021e+01 | 36  0.00168  5.84122e+00
 37  0.02668  8.60279e+01 | 38  0.00163 -4.72474e+00 | 39  0.25631 -5.15154e+01
 40  0.25318 -2.80125e+02 | 41  0.27639  4.05320e+02 | 42  0.25740 -3.53478e+01
 43 -0.35110  2.40013e+00 | 44 -0.57742  3.03445e-02 | 45 -0.52083 -3.35526e-03
 46 -0.75441 -7.64097e-03 | 47 -0.53503  8.33949e+01 | 48 -0.57901 -4.90963e+01
 49 -0.92059 -4.09975e+01 | 50 -0.90177  3.30780e+01 | 51 -0.28789 -1.80810e+01
 52 -1.14046  6.70753e-02 | 53 -0.10592 -1.59322e+01 | 54 -0.07433 -1.02705e+01
 55 -0.44250 -1.03806e+01 | 56  0.88605  2.42458e+00 | 57  0.61537  2.10085e-04
57 variables; iteration 60; function evaluation 88; phase 3
Function value 1.3500297e+02; maximum gradient component mag -6.3504e+02
Var    Value     Gradient |Var    Value     Gradient |Var    Value     Gradient
  1  0.13567 -6.35040e+02 |  2 -0.16176  6.82725e-01 |  3 -0.00182 -2.60345e+00
  4 -0.02503 -2.27144e+00 |  5  0.01617 -7.54656e+00 |  6 -0.06356  4.53219e+00
  7 -0.10906  1.60362e+00 |  8 -0.05157 -1.19080e+00 |  9 -0.06418  1.22924e+01
 10  0.04406  8.12733e+00 | 11  0.01138  7.03373e+00 | 12  0.06469  6.32635e+00
 13 -0.00007  3.02107e+00 | 14 -0.01360  3.00352e-01 | 15  0.07685 -1.90438e+01
 16  0.02441 -2.46185e+01 | 17 -0.04700 -2.19932e+01 | 18 -0.00092 -1.62075e+01
 19 -0.02413 -2.18193e+01 | 20  0.04517  6.88455e+00 | 21  0.04716  6.98671e+00
 22 -0.06495  1.13586e+01 | 23 -0.04662  4.93045e+00 | 24 -0.09656  8.38570e+00
 25  0.01547 -6.66628e+00 | 26 -0.01511 -1.40609e+00 | 27 -0.01600  2.00720e+00
 28  0.06035  2.02410e+00 | 29  0.02423  1.67806e+01 | 30  0.04395  2.03068e+01
 31 -0.02714  1.46383e+01 | 32  0.02607  7.74062e+00 | 33  0.05086  3.85669e+00
 34  0.02569  2.50289e+00 | 35  0.03051 -7.08838e+00 | 36  0.00384 -1.51394e+01
 37  0.02419 -1.62416e+01 | 38  0.02108  8.56169e+00 | 39  0.26359 -2.09654e+01
 40  0.25856  2.86265e+00 | 41  0.27380 -1.21551e+01 | 42  0.25896  2.72417e+01
 43 -0.35131 -6.14234e+00 | 44 -0.37748 -1.02762e-01 | 45 -0.50572 -3.05835e-03
 46 -0.70876  1.27034e-03 | 47 -0.59368  1.29109e+01 | 48 -0.63370 -9.05571e+00
 49 -0.90266 -1.72573e+01 | 50 -0.88142  1.41196e+01 | 51 -0.28030  4.13803e+01
 52 -0.96052 -4.77535e-02 | 53 -0.09839  7.33839e+00 | 54 -0.07156 -3.87030e+00
 55 -0.44920  1.41975e+00 | 56  0.85549 -4.05398e-01 | 57  0.61328  5.80451e-04
Maximum number of function evaluations exceeded

 - final statistics:
57 variables; iteration 73; function evaluation 100
Function value 1.3480e+02; maximum gradient component mag -4.9658e+00
Exit code = 3;  converg criter 1.0000e+00
Var    Value     Gradient |Var    Value     Gradient |Var    Value     Gradient
  1  0.13571 -4.96583e+00 |  2 -0.16385  6.85502e-05 |  3 -0.00171  9.74646e-02
  4 -0.02541  1.20866e-01 |  5  0.01645  4.79550e-02 |  6 -0.06360 -3.19439e-02
  7 -0.10823 -2.35393e-01 |  8 -0.05169 -1.74422e-01 |  9 -0.06673  1.57632e-01
 10  0.04397  1.78810e-01 | 11  0.01163  1.21969e-01 | 12  0.06428  1.12187e-01
 13  0.00060  1.67976e-02 | 14 -0.01290 -1.42273e-01 | 15  0.07791 -5.92680e-01
 16  0.02426 -9.34922e-01 | 17 -0.04720 -7.60511e-01 | 18 -0.00068 -7.76877e-02
 19 -0.02362 -2.70054e-01 | 20  0.04514  3.02489e-01 | 21  0.04751  2.55060e-01
 22 -0.06573  2.69309e-01 | 23 -0.04592  2.50182e-01 | 24 -0.09791  2.44403e-01
 25  0.01558  3.29074e-01 | 26 -0.01437  5.04876e-02 | 27 -0.01648  5.40322e-01
 28  0.06033  3.54222e-01 | 29  0.02383  7.64228e-02 | 30  0.04392  1.03595e-01
 31 -0.02752  1.43324e-01 | 32  0.02659  2.39728e-01 | 33  0.05143  2.13018e-01
 34  0.02608  2.13672e-01 | 35  0.03118  2.10850e-01 | 36  0.00431  1.62524e-01
 37  0.02370  1.04898e+00 | 38  0.01965  2.08230e-01 | 39  0.26240  2.27265e+00
 40  0.25835 -1.12278e-01 | 41  0.27381  6.67659e-02 | 42  0.25836  1.77388e-01
 43 -0.35199 -2.45313e-01 | 44 -0.34663 -6.05936e-03 | 45 -0.38146 -2.15002e-03
 46 -0.80579 -9.96819e-03 | 47 -0.68173 -6.29530e-01 | 48 -0.71265  7.26107e-01
 49 -0.86734 -2.27242e+00 | 50 -0.83837  1.83765e+00 | 51 -0.28173 -1.89135e+00
 52 -1.10152  1.84522e-02 | 53 -0.09886  3.63155e-02 | 54 -0.07177  9.49604e-02
 55 -0.44414  9.34464e-02 | 56  0.86419 -1.04030e-02 | 57  0.60222 -1.90069e-04

Initial statistics: 59 variables; iteration 0; function evaluation 0; phase 4
Function value 1.3480492e+02; maximum gradient component mag 2.5184e+02
Var    Value     Gradient |Var    Value     Gradient |Var    Value     Gradient
  1  0.13571 -4.96583e+00 |  2 -0.16385  6.85502e-05 |  3 -0.00171  9.74646e-02
  4 -0.02541  1.20866e-01 |  5  0.01645  4.79550e-02 |  6 -0.06360 -1.09876e-01
  7 -0.10823 -3.12586e-01 |  8 -0.05169 -2.52486e-01 |  9 -0.06673  7.97393e-02
 10  0.04396  1.00674e-01 | 11  0.01163  4.36597e-02 | 12  0.06428  3.42640e-02
 13  0.00060 -6.15247e-02 | 14 -0.01290 -2.20579e-01 | 15  0.07791 -6.70417e-01
 16  0.02426 -1.01319e+00 | 17 -0.04720 -8.38618e-01 | 18 -0.00069 -1.56010e-01
 19 -0.02362 -3.48323e-01 | 20  0.04514  2.24363e-01 | 21  0.04751  1.76956e-01
 22 -0.06573  1.91403e-01 | 23 -0.04592  1.72063e-01 | 24 -0.09791  1.67005e-01
 25  0.01558  2.50775e-01 | 26 -0.01437 -2.78149e-02 | 27 -0.01648  4.62026e-01
 28  0.06033  2.76251e-01 | 29  0.02383 -1.84474e-03 | 30  0.04392  2.54588e-02
 31 -0.02752  6.50751e-02 | 32  0.02659  1.61474e-01 | 33  0.05143  1.34951e-01
 34  0.02608  1.35415e-01 | 35  0.03117  1.32622e-01 | 36  0.00431  8.42037e-02
 37  0.02370  9.70715e-01 | 38  0.01965  1.29945e-01 | 39  0.26240  2.27265e+00
 40  0.25835 -1.12278e-01 | 41  0.27381  6.67659e-02 | 42  0.25836  1.77388e-01
 43 -0.35199 -2.45313e-01 | 44 -0.34663 -6.05936e-03 | 45 -0.38146 -2.15002e-03
 46 -0.80579 -9.96819e-03 | 47 -0.68173 -6.29530e-01 | 48 -0.71265  7.26107e-01
 49 -0.86734 -2.27242e+00 | 50 -0.83837  1.83765e+00 | 51 -0.28173 -1.89135e+00
 52 -0.89848 -1.84522e-02 | 53 -0.09886  3.63155e-02 | 54 -0.07177  9.49604e-02
 55 -0.44414  9.34464e-02 | 56  0.86419 -1.04030e-02 | 57  0.60222 -1.90069e-04
 58 -0.05795  2.51838e+02 | 59 -0.17585 -2.43264e+02 |

Intermediate statistics: 59 variables; iteration 20; function evaluation 27; phase 4
Function value 1.3138921e+02; maximum gradient component mag -5.6709e+02
Var    Value     Gradient |Var    Value     Gradient |Var    Value     Gradient
  1  0.13569 -5.67091e+02 |  2 -0.16386 -7.89752e-01 |  3 -0.00201 -6.78139e+00
  4 -0.02565 -8.88288e+00 |  5  0.01627 -1.53433e+01 |  6 -0.06377  8.15253e-01
  7 -0.10835  7.62626e-01 |  8 -0.05191 -3.69788e+00 |  9 -0.06690  6.78944e+00
 10  0.04377  5.37581e+00 | 11  0.01132  3.35498e+00 | 12  0.06391 -3.75963e+00
 13  0.00048 -3.23203e+00 | 14 -0.01284 -4.32211e+00 | 15  0.07755 -2.73907e+01
 16  0.02378 -4.04667e+01 | 17 -0.04724 -3.88847e+01 | 18 -0.00398 -3.38162e+01
 19 -0.02599 -2.65231e+01 | 20  0.04455 -1.46624e+01 | 21  0.04634 -1.31583e+01
 22 -0.06412  4.17477e-01 | 23 -0.04658 -1.03114e+01 | 24 -0.10002 -5.53179e+00
 25  0.01609  6.56335e+00 | 26 -0.01328 -7.93048e+00 | 27 -0.01796 -1.75876e+01
 28  0.05975 -3.39490e+01 | 29  0.02356 -1.63890e+01 | 30  0.04424 -2.40731e+01
 31 -0.02808 -1.31589e+01 | 32  0.02775 -7.37305e-01 | 33  0.05234  7.24167e+00
 34  0.02614  1.68523e+01 | 35  0.03177  4.62575e+01 | 36  0.00446  7.74060e+01
 37  0.02394  1.42340e+02 | 38  0.02843  2.40947e+01 | 39  0.26158 -1.11638e+02
 40  0.25513 -3.01673e+02 | 41  0.27383 -3.14606e+01 | 42  0.25815  1.07546e+01
 43 -0.35219 -9.48515e+00 | 44 -0.34662 -1.65498e-01 | 45 -0.38146 -2.14999e-03
 46 -0.80577 -9.96723e-03 | 47 -0.68212 -8.72750e+01 | 48 -0.71171  9.66228e+01
 49 -0.86724 -5.50184e+00 | 50 -0.83841  4.48808e+00 | 51 -0.28250  7.84635e+01
 52 -0.89849 -3.33023e-03 | 53 -0.10866  1.80838e+01 | 54 -0.07869  1.69362e+01
 55 -0.44366  2.13681e+00 | 56  0.86403 -5.75237e-01 | 57  0.60222 -1.56376e-04
 58 -0.07266  1.35695e+02 | 59 -0.16906 -1.14090e+02 |
59 variables; iteration 40; function evaluation 52; phase 4
Function value 1.2987090e+02; maximum gradient component mag -3.5107e+02
Var    Value     Gradient |Var    Value     Gradient |Var    Value     Gradient
  1  0.13579 -3.51074e+02 |  2 -0.16291  4.03846e-01 |  3 -0.00125  1.40264e+00
  4 -0.02624 -1.13368e+00 |  5  0.01639  2.78111e+00 |  6 -0.06329  8.17483e+00
  7 -0.10681  1.06317e+01 |  8 -0.05256  9.06722e+00 |  9 -0.06425  8.23621e+00
 10  0.04436  5.39452e+00 | 11  0.01099  2.93185e+00 | 12  0.06402  2.85189e+00
 13 -0.00068  5.68868e-01 | 14 -0.01643 -2.13300e+00 | 15  0.07830  2.10158e+00
 16  0.02431  1.52461e+00 | 17 -0.04699  2.17342e+00 | 18 -0.00430 -2.93556e+00
 19 -0.02587 -9.61395e-02 | 20  0.04434 -7.55090e-01 | 21  0.04737  3.42958e+00
 22 -0.06610 -2.98658e+00 | 23 -0.04592 -3.85723e+00 | 24 -0.10116 -9.85693e+00
 25  0.01604 -1.07977e+00 | 26 -0.01343 -6.08601e+00 | 27 -0.01772 -6.83119e+00
 28  0.05963 -1.01823e+01 | 29  0.02375  8.49328e+00 | 30  0.04349 -8.50149e+00
 31 -0.02610  1.11771e+01 | 32  0.02608 -1.18588e+01 | 33  0.05354  6.98590e+00
 34  0.02626  1.69392e+00 | 35  0.03150 -5.36831e+00 | 36  0.00337 -5.33228e+00
 37  0.02238 -1.11890e+01 | 38  0.03110  3.19988e+00 | 39  0.26195 -2.56945e+01
 40  0.25580 -1.30922e+02 | 41  0.27410 -2.92062e+00 | 42  0.25811  3.82822e+00
 43 -0.35237 -3.74648e-01 | 44 -0.34169 -8.36580e-03 | 45 -0.37955 -2.13621e-03
 46 -0.79694 -9.50561e-03 | 47 -0.57863 -2.86846e+01 | 48 -0.61856  4.13154e+01
 49 -0.85507 -8.58945e-01 | 50 -0.82354  6.81853e-01 | 51 -0.28235  1.87891e+01
 52 -0.90386 -1.70521e-02 | 53 -0.15231  7.18932e+01 | 54 -0.08402 -9.84449e+00
 55 -0.44942  1.59532e+00 | 56  0.84857 -4.80115e-01 | 57  0.60236  5.88789e-05
 58 -0.04660  3.08469e+01 | 59 -0.12524  4.22406e+01 |
59 variables; iteration 60; function evaluation 80; phase 4
Function value 1.2876360e+02; maximum gradient component mag -2.8209e+01
Var    Value     Gradient |Var    Value     Gradient |Var    Value     Gradient
  1  0.13587 -2.34786e+01 |  2 -0.16392  5.50328e-02 |  3 -0.00194  6.44409e-01
  4 -0.02534  1.42990e+00 |  5  0.01587 -1.32173e-01 |  6 -0.06431 -6.84812e-01
  7 -0.10835  1.13429e+00 |  8 -0.05181  1.63329e+00 |  9 -0.06700  2.19462e-01
 10  0.04423  1.57647e+00 | 11  0.01083 -6.91320e-01 | 12  0.06407  8.58814e-01
 13  0.00027 -1.71530e-01 | 14 -0.01278  8.01283e-01 | 15  0.07797  1.99041e+00
 16  0.02343 -6.48416e-01 | 17 -0.04730  1.11804e+00 | 18 -0.00499 -3.46107e-01
 19 -0.02542  1.88080e+00 | 20  0.04414  7.30803e-01 | 21  0.04623  3.40176e-02
 22 -0.06435 -3.70163e-01 | 23 -0.04594  8.61525e-01 | 24 -0.09966 -1.69739e-01
 25  0.01527 -2.25295e+00 | 26 -0.01253  1.13659e+00 | 27 -0.01795  8.18928e-01
 28  0.05955 -1.05135e+00 | 29  0.02285 -2.15988e+00 | 30  0.04500 -5.74417e-01
 31 -0.02765 -2.17728e-01 | 32  0.02848 -3.29112e-01 | 33  0.05295 -3.14636e-01
 34  0.02622 -8.63467e-01 | 35  0.03197 -7.45981e-01 | 36  0.00341 -1.10877e+00
 37  0.02224 -1.64759e+00 | 38  0.03017 -5.41827e-01 | 39  0.26161 -3.60257e+00
 40  0.25540 -6.11988e+00 | 41  0.27405 -2.02502e+00 | 42  0.25783 -1.59643e+01
 43 -0.35319  3.30471e-02 | 44 -0.30541 -1.00308e-03 | 45 -0.35290 -1.52892e-03
 46 -0.69755  1.13032e-02 | 47 -0.66775  4.30797e+00 | 48 -0.70013 -4.69317e+00
 49 -0.73379  1.87352e+00 | 50 -0.67517 -1.54447e+00 | 51 -0.28279  2.76967e+00
 52 -0.79598 -7.78833e-03 | 53 -0.12428  2.28716e+01 | 54 -0.11270 -2.82092e+01
 55 -0.43266 -2.02323e+00 | 56  0.92466  3.34088e-01 | 57  0.60796 -4.34229e-04
 58 -0.12243  1.58375e+01 | 59 -0.17752  6.90131e+00 |
59 variables; iteration 80; function evaluation 110; phase 4
Function value 1.2864847e+02; maximum gradient component mag 5.2274e+00
Var    Value     Gradient |Var    Value     Gradient |Var    Value     Gradient
  1  0.13589  5.22744e+00 |  2 -0.16452 -9.01767e-03 |  3 -0.00215 -1.21785e-02
  4 -0.02586  1.05890e-02 |  5  0.01608 -4.29540e-02 |  6 -0.06405 -1.18328e-01
  7 -0.10852 -7.17189e-02 |  8 -0.05198 -9.62159e-02 |  9 -0.06680 -3.88719e-02
 10  0.04416  3.12282e-02 | 11  0.01220  4.84494e-02 | 12  0.06528  3.42009e-01
 13  0.00005  1.38989e-01 | 14 -0.01278  8.28464e-02 | 15  0.07730  4.18564e-01
 16  0.02370  4.84533e-01 | 17 -0.04745  4.53024e-01 | 18 -0.00485 -1.14146e-01
 19 -0.02567 -5.41233e-02 | 20  0.04391  2.61652e-03 | 21  0.04605 -7.68428e-02
 22 -0.06444 -6.71184e-02 | 23 -0.04613 -8.17970e-02 | 24 -0.09960 -8.64340e-02
 25  0.01525 -1.20293e-01 | 26 -0.01268 -1.04201e-01 | 27 -0.01800 -5.20195e-02
 28  0.05949 -3.99978e-02 | 29  0.02287  1.14337e-01 | 30  0.04485 -3.33860e-02
 31 -0.02769 -1.03490e-02 | 32  0.02842 -1.62107e-02 | 33  0.05275  6.55164e-02
 34  0.02610 -5.17410e-02 | 35  0.03181 -1.24119e-01 | 36  0.00335 -2.58554e-01
 37  0.02222 -5.66415e-01 | 38  0.03010 -2.05654e-02 | 39  0.26174  1.77756e+00
 40  0.25540  1.91275e-01 | 41  0.27410 -8.11565e-02 | 42  0.25792  1.76414e+00
 43 -0.35715  7.80408e-02 | 44 -0.09754  1.13557e-03 | 45 -0.12870 -4.46029e-04
 46 -0.71613  8.04694e-04 | 47 -0.71305 -7.00909e-03 | 48 -0.74078 -4.75182e-03
 49 -0.56300 -2.69081e-01 | 50 -0.47361  2.21248e-01 | 51 -0.28319  1.85143e-01
 52 -0.23922 -9.83634e-04 | 53 -0.11532 -7.82448e-01 | 54 -0.13778  7.06508e-01
 55 -0.45058  2.90102e-01 | 56  0.84337 -7.94053e-02 | 57  0.58880 -6.38657e-04
 58 -0.17381 -1.03232e-01 | 59 -0.20712 -6.53528e-01 |
59 variables; iteration 100; function evaluation 132; phase 4
Function value 1.2864731e+02; maximum gradient component mag 5.4729e+00
Var    Value     Gradient |Var    Value     Gradient |Var    Value     Gradient
  1  0.13589  5.47290e+00 |  2 -0.16450  1.56252e-04 |  3 -0.00216 -3.33810e-02
  4 -0.02589 -6.72348e-02 |  5  0.01609 -5.02361e-02 |  6 -0.06404 -7.38565e-02
  7 -0.10853 -1.28416e-01 |  8 -0.05199 -1.57126e-01 |  9 -0.06682 -8.34426e-02
 10  0.04413 -1.16930e-01 | 11  0.01222 -5.30142e-02 | 12  0.06529 -8.95916e-02
 13  0.00007  2.85842e-02 | 14 -0.01274  5.74424e-02 | 15  0.07727  3.43350e-01
 16  0.02370  6.41397e-01 | 17 -0.04746  5.63779e-01 | 18 -0.00484  1.03569e-02
 19 -0.02569 -8.71614e-02 | 20  0.04389 -1.01374e-01 | 21  0.04607 -7.50182e-02
 22 -0.06441 -7.50274e-02 | 23 -0.04611 -1.02066e-01 | 24 -0.09962 -5.96077e-02
 25  0.01523 -1.57687e-02 | 26 -0.01267 -1.20849e-01 | 27 -0.01802 -1.05702e-01
 28  0.05949 -6.37303e-02 | 29  0.02286  6.35827e-02 | 30  0.04488  3.72116e-03
 31 -0.02770 -4.30904e-02 | 32  0.02843 -5.01361e-02 | 33  0.05276 -3.13465e-02
 34  0.02614 -1.49073e-02 | 35  0.03183 -5.15966e-02 | 36  0.00332  9.38057e-03
 37  0.02221  5.25603e-02 | 38  0.03008 -6.33119e-02 | 39  0.26162 -4.01263e-01
 40  0.25540 -1.72425e-01 | 41  0.27409  9.75412e-02 | 42  0.25791  1.04314e+00
 43 -0.36005 -2.23547e-02 | 44  0.04222 -1.99816e-04 | 45  0.03078  3.61529e-04
 46 -0.72059  7.72187e-04 | 47 -0.68858 -1.50360e-01 | 48 -0.71875  1.76016e-01
 49 -0.56253  1.43815e-01 | 50 -0.47318 -1.22150e-01 | 51 -0.28404 -1.87376e-03
 52  0.09877  5.52209e-04 | 53 -0.11913  6.13622e-01 | 54 -0.13714 -8.43514e-01
 55 -0.47845  1.21947e-01 | 56  0.77353 -4.89109e-02 | 57  0.59226  5.00097e-04
 58 -0.16885  4.23236e-01 | 59 -0.20265  1.75312e-01 |
59 variables; iteration 120; function evaluation 153; phase 4
Function value 1.2864689e+02; maximum gradient component mag 4.6910e-01
Var    Value     Gradient |Var    Value     Gradient |Var    Value     Gradient
  1  0.13589  2.35041e-01 |  2 -0.16451  6.14343e-04 |  3 -0.00216  1.08175e-02
  4 -0.02587  1.62948e-02 |  5  0.01608  1.43007e-02 |  6 -0.06405  2.59689e-04
  7 -0.10853  9.34488e-03 |  8 -0.05198  1.53497e-02 |  9 -0.06681 -3.11579e-03
 10  0.04415  5.87623e-03 | 11  0.01221 -6.72061e-03 | 12  0.06528  3.53745e-03
 13  0.00006 -1.75368e-02 | 14 -0.01275 -2.31540e-02 | 15  0.07728 -6.91447e-02
 16  0.02367 -1.21450e-01 | 17 -0.04748 -1.11130e-01 | 18 -0.00483 -4.74191e-03
 19 -0.02567  8.31089e-03 | 20  0.04389  9.28739e-03 | 21  0.04607  5.33387e-03
 22 -0.06442 -7.33760e-04 | 23 -0.04610  6.27085e-03 | 24 -0.09962 -3.74560e-03
 25  0.01523 -2.68328e-03 | 26 -0.01267  1.50241e-02 | 27 -0.01801  1.20461e-02
 28  0.05949  2.97945e-02 | 29  0.02285  5.40954e-02 | 30  0.04488  2.55302e-02
 31 -0.02770  7.20219e-03 | 32  0.02843  5.93069e-03 | 33  0.05276  4.06253e-02
 34  0.02614  2.28248e-02 | 35  0.03183  3.47644e-02 | 36  0.00332  2.89984e-02
 37  0.02221  1.49014e-02 | 38  0.03009  1.48531e-02 | 39  0.26164  2.40123e-01
 40  0.25540  4.28011e-02 | 41  0.27409 -1.48886e-02 | 42  0.25791  4.69096e-01
 43 -0.35750  5.13921e-02 | 44 -0.08084  6.85642e-04 | 45 -0.16063 -6.43669e-04
 46 -0.71719 -2.38035e-04 | 47 -0.69658  2.81905e-02 | 48 -0.72596 -3.42330e-02
 49 -0.56273 -1.67236e-02 | 50 -0.47337  1.38480e-02 | 51 -0.28394 -9.83997e-02
 52  0.06442  1.95693e-04 | 53 -0.12269 -1.60703e-01 | 54 -0.14090  2.44970e-01
 55 -0.50266  7.31867e-02 | 56  0.72802 -3.57320e-02 | 57  0.58080  6.65633e-04
 58 -0.17150 -1.37194e-01 | 59 -0.20200 -2.16315e-02 |
59 variables; iteration 140; function evaluation 176; phase 4
Function value 1.2864627e+02; maximum gradient component mag 1.7049e+00
Var    Value     Gradient |Var    Value     Gradient |Var    Value     Gradient
  1  0.13589  8.17751e-01 |  2 -0.16451 -1.83693e-04 |  3 -0.00216  1.28475e-03
  4 -0.02587  2.91840e-03 |  5  0.01608  3.89725e-03 |  6 -0.06405 -9.93020e-03
  7 -0.10853 -1.09114e-02 |  8 -0.05198 -7.96059e-03 |  9 -0.06681 -1.21202e-02
 10  0.04414 -1.30100e-02 | 11  0.01221 -1.51662e-02 | 12  0.06529 -1.90050e-02
 13  0.00006 -2.04751e-02 | 14 -0.01275 -2.05828e-02 | 15  0.07728 -3.57199e-02
 16  0.02368 -4.55634e-02 | 17 -0.04747 -4.27290e-02 | 18 -0.00483 -1.17624e-02
 19 -0.02567 -1.18115e-02 | 20  0.04389 -1.14700e-02 | 21  0.04607 -4.59632e-03
 22 -0.06442 -1.04397e-02 | 23 -0.04611  3.03242e-04 | 24 -0.09962 -2.57935e-03
 25  0.01523 -7.74151e-03 | 26 -0.01267  3.54399e-03 | 27 -0.01801  1.03875e-02
 28  0.05949  2.28521e-02 | 29  0.02285  8.34775e-02 | 30  0.04488  2.93233e-02
 31 -0.02770  1.31807e-03 | 32  0.02843 -1.26098e-02 | 33  0.05276  3.31610e-02
 34  0.02614  2.30376e-02 | 35  0.03183  2.25334e-02 | 36  0.00332  4.83959e-02
 37  0.02221  6.60279e-02 | 38  0.03009 -1.54235e-02 | 39  0.26164 -6.84751e-02
 40  0.25540 -3.31382e-01 | 41  0.27409  2.98839e-03 | 42  0.25791  6.85284e-01
 43 -0.35875  2.22560e-02 | 44 -0.02021  4.02227e-04 | 45 -0.01195  1.24991e-04
 46 -0.72090 -6.89998e-05 | 47 -0.69569 -7.16582e-03 | 48 -0.72516  6.03556e-03
 49 -0.56270  3.38678e-03 | 50 -0.47334 -2.54359e-03 | 51 -0.28381  2.22940e-02
 52  0.00029  6.90412e-05 | 53 -0.14029  1.70486e+00 | 54 -0.14665 -1.61236e+00
 55 -0.56850  8.84056e-02 | 56  0.63629 -7.19618e-02 | 57  0.52509 -5.14665e-05
 58 -0.16324  3.11778e-01 | 59 -0.18857  1.36166e+00 |
59 variables; iteration 160; function evaluation 198; phase 4
Function value 1.2864616e+02; maximum gradient component mag 1.7341e+00
Var    Value     Gradient |Var    Value     Gradient |Var    Value     Gradient
  1  0.13589  8.40996e-01 |  2 -0.16451 -4.23895e-04 |  3 -0.00216  4.21285e-05
  4 -0.02587  7.75984e-04 |  5  0.01608  1.53703e-03 |  6 -0.06405 -1.13154e-02
  7 -0.10853 -1.27934e-02 |  8 -0.05198 -1.11294e-02 |  9 -0.06681 -1.19568e-02
 10  0.04414 -1.31682e-02 | 11  0.01221 -1.31212e-02 | 12  0.06529 -1.45273e-02
 13  0.00006 -1.61670e-02 | 14 -0.01275 -1.68224e-02 | 15  0.07728 -2.34101e-02
 16  0.02368 -2.77882e-02 | 17 -0.04747 -2.74290e-02 | 18 -0.00483 -1.05167e-02
 19 -0.02567 -1.04199e-02 | 20  0.04389 -1.07259e-02 | 21  0.04607 -6.18888e-03
 22 -0.06442 -1.09093e-02 | 23 -0.04611 -2.64315e-03 | 24 -0.09962 -4.29359e-03
 25  0.01523 -1.11091e-02 | 26 -0.01267  1.52969e-04 | 27 -0.01801  7.35767e-03
 28  0.05949  1.86763e-02 | 29  0.02285  7.66656e-02 | 30  0.04488  2.55317e-02
 31 -0.02770  9.91297e-04 | 32  0.02843 -1.20823e-02 | 33  0.05276  2.87267e-02
 34  0.02614  1.90421e-02 | 35  0.03183  1.78634e-02 | 36  0.00332  4.21716e-02
 37  0.02221  5.77310e-02 | 38  0.03009 -1.72041e-02 | 39  0.26164  1.61103e-03
 40  0.25540 -3.13361e-01 | 41  0.27409  1.25056e-03 | 42  0.25791  6.19373e-01
 43 -0.35965  1.52184e-02 | 44  0.02376  4.78537e-04 | 45 -0.04685 -4.87992e-05
 46 -0.71986 -2.83208e-05 | 47 -0.69533 -5.04290e-03 | 48 -0.72483  4.09066e-03
 49 -0.56270  1.23631e-03 | 50 -0.47334 -9.08416e-04 | 51 -0.28382 -1.05923e-02
 52  0.00416  3.18212e-05 | 53 -0.15035  1.73410e+00 | 54 -0.14822 -1.61895e+00
 55 -0.59452  7.55594e-02 | 56  0.60788 -7.03760e-02 | 57  0.51267  2.00943e-05
 58 -0.15574  2.89013e-01 | 59 -0.17961  1.42605e+00 |
59 variables; iteration 180; function evaluation 221; phase 4
Function value 1.2864608e+02; maximum gradient component mag 4.0024e-01
Var    Value     Gradient |Var    Value     Gradient |Var    Value     Gradient
  1  0.13589 -1.02288e-01 |  2 -0.16451  5.79313e-04 |  3 -0.00216 -1.73064e-03
  4 -0.02587 -2.29297e-03 |  5  0.01608 -3.92575e-03 |  6 -0.06405 -1.15934e-03
  7 -0.10853  8.33855e-04 |  8 -0.05198 -8.57117e-04 |  9 -0.06681 -3.07691e-04
 10  0.04414  2.97401e-04 | 11  0.01221 -1.27286e-03 | 12  0.06529 -4.95658e-03
 13  0.00006 -2.80316e-03 | 14 -0.01275  9.18526e-04 | 15  0.07728 -1.94339e-03
 16  0.02368 -1.77789e-03 | 17 -0.04747 -9.52293e-05 | 18 -0.00483 -3.14663e-03
 19 -0.02567 -3.85182e-03 | 20  0.04389 -1.47713e-03 | 21  0.04607 -3.17062e-03
 22 -0.06442 -1.53731e-05 | 23 -0.04611 -5.92686e-03 | 24 -0.09962 -3.89933e-03
 25  0.01524 -1.74248e-03 | 26 -0.01267 -6.60612e-03 | 27 -0.01801 -8.44355e-03
 28  0.05949  1.49022e-03 | 29  0.02285  1.49250e-02 | 30  0.04488  5.02845e-03
 31 -0.02770  6.51904e-04 | 32  0.02843  1.77483e-03 | 33  0.05276  1.09924e-02
 34  0.02614  6.90793e-03 | 35  0.03183  6.12869e-03 | 36  0.00332 -2.87658e-04
 37  0.02221 -1.04366e-02 | 38  0.03009  9.42661e-03 | 39  0.26164 -3.79345e-02
 40  0.25540  6.58779e-02 | 41  0.27409  2.16897e-03 | 42  0.25791  1.70070e-01
 43 -0.36038 -1.15105e-02 | 44  0.05897  1.08088e-04 | 45 -0.08257 -2.28627e-04
 46 -0.71880  1.70352e-05 | 47 -0.69212  7.02189e-03 | 48 -0.72194 -5.03352e-03
 49 -0.56271  6.68652e-04 | 50 -0.47334 -4.13205e-04 | 51 -0.28375  3.01183e-02
 52 -0.03301 -8.96420e-05 | 53 -0.16585 -3.03764e-01 | 54 -0.14955  4.00240e-01
 55 -0.63735  1.84294e-02 | 56  0.56766 -2.05633e-02 | 57  0.48863 -8.49323e-05
 58 -0.14248 -1.87815e-01 | 59 -0.16507 -1.18388e-01 |
59 variables; iteration 200; function evaluation 241; phase 4
Function value 1.2864605e+02; maximum gradient component mag 1.8887e-01
Var    Value     Gradient |Var    Value     Gradient |Var    Value     Gradient
  1  0.13589 -8.46083e-02 |  2 -0.16451  5.65442e-04 |  3 -0.00216  1.27946e-03
  4 -0.02587  2.20278e-03 |  5  0.01608  1.39710e-03 |  6 -0.06405  6.99749e-04
  7 -0.10853  3.19653e-03 |  8 -0.05198  4.71205e-03 |  9 -0.06681  5.61780e-04
 10  0.04415  1.38988e-03 | 11  0.01221 -1.92722e-03 | 12  0.06529 -3.80260e-03
 13  0.00006 -3.97760e-03 | 14 -0.01275 -4.94975e-03 | 15  0.07728 -1.72507e-02
 16  0.02368 -2.88783e-02 | 17 -0.04747 -2.50438e-02 | 18 -0.00483  4.38881e-04
 19 -0.02567  3.46306e-03 | 20  0.04389  1.07382e-03 | 21  0.04607  3.57519e-04
 22 -0.06442  2.65171e-04 | 23 -0.04611  1.13342e-04 | 24 -0.09962 -1.56184e-03
 25  0.01523 -7.98689e-03 | 26 -0.01267  1.30045e-03 | 27 -0.01802  1.49078e-03
 28  0.05949  2.90646e-03 | 29  0.02285  1.83752e-02 | 30  0.04488  8.20129e-03
 31 -0.02770  2.12829e-03 | 32  0.02843  2.15670e-03 | 33  0.05276  1.33206e-02
 34  0.02614  8.29513e-03 | 35  0.03183  9.45912e-03 | 36  0.00332  5.27379e-03
 37  0.02221 -2.77765e-03 | 38  0.03009  7.43411e-03 | 39  0.26164 -9.62106e-03
 40  0.25540  9.31472e-03 | 41  0.27409 -4.52872e-03 | 42  0.25791  1.88869e-01
 43 -0.35920 -2.01440e-02 | 44  0.00167 -3.58817e-04 | 45 -0.04362 -3.41491e-05
 46 -0.72006 -8.62085e-05 | 47 -0.69281  1.47786e-02 | 48 -0.72256 -1.46601e-02
 49 -0.56270  4.02289e-03 | 50 -0.47334 -3.36013e-03 | 51 -0.28380 -4.15926e-03
 52 -0.00761 -1.79678e-05 | 53 -0.17133  8.31992e-03 | 54 -0.14873 -4.08651e-02
 55 -0.65324  2.00838e-02 | 56  0.55445 -2.51110e-02 | 57  0.48727  1.40501e-04
 58 -0.13571  3.75773e-02 | 59 -0.15895 -2.94968e-02 |
59 variables; iteration 220; function evaluation 261; phase 4
Function value 1.2864603e+02; maximum gradient component mag 9.7584e-02
Var    Value     Gradient |Var    Value     Gradient |Var    Value     Gradient
  1  0.13589 -9.01056e-02 |  2 -0.16451 -1.20337e-04 |  3 -0.00216 -3.18830e-04
  4 -0.02587  5.47109e-05 |  5  0.01608 -4.32546e-04 |  6 -0.06405  4.15985e-04
  7 -0.10853  1.47732e-03 |  8 -0.05198  2.12011e-03 |  9 -0.06681  1.03785e-03
 10  0.04414  1.01091e-03 | 11  0.01221  1.54689e-04 | 12  0.06528 -4.86037e-04
 13  0.00006 -1.20257e-03 | 14 -0.01275 -1.46409e-03 | 15  0.07728 -5.87583e-03
 16  0.02368 -9.98362e-03 | 17 -0.04747 -8.49708e-03 | 18 -0.00483 -7.67292e-04
 19 -0.02567  2.88111e-04 | 20  0.04389  9.16987e-04 | 21  0.04607  6.70600e-04
 22 -0.06442  1.06328e-03 | 23 -0.04611  8.70927e-04 | 24 -0.09962  6.17013e-04
 25  0.01523 -1.13222e-03 | 26 -0.01267  7.10596e-04 | 27 -0.01801  1.26428e-03
 28  0.05949  2.67993e-03 | 29  0.02285  6.58128e-03 | 30  0.04488  2.32278e-03
 31 -0.02770  1.14142e-03 | 32  0.02843  3.37258e-06 | 33  0.05276  2.75487e-03
 34  0.02614  1.26217e-03 | 35  0.03183  7.08915e-04 | 36  0.00332  3.99190e-04
 37  0.02221 -2.47487e-03 | 38  0.03009  2.67509e-04 | 39  0.26164  4.42823e-03
 40  0.25540 -1.38756e-02 | 41  0.27409 -1.68997e-03 | 42  0.25791  4.07209e-02
 43 -0.35904 -2.29966e-02 | 44 -0.00625 -4.57009e-04 | 45 -0.03719 -9.08232e-07
 46 -0.72017 -5.33332e-05 | 47 -0.69417  7.95310e-03 | 48 -0.72378 -8.92078e-03
 49 -0.56270  1.23575e-04 | 50 -0.47334 -1.27599e-05 | 51 -0.28381 -5.62336e-03
 52 -0.00202  8.39188e-06 | 53 -0.17261  5.20492e-02 | 54 -0.13963 -1.36196e-03
 55 -0.65589  4.04052e-03 | 56  0.55235 -5.30876e-03 | 57  0.48254  8.50080e-06
 58 -0.11952 -4.60084e-02 | 59 -0.15048  9.75836e-02 |
59 variables; iteration 240; function evaluation 281; phase 4
Function value 1.2864603e+02; maximum gradient component mag 2.5823e-01
Var    Value     Gradient |Var    Value     Gradient |Var    Value     Gradient
  1  0.13589 -7.05409e-02 |  2 -0.16451 -3.10571e-05 |  3 -0.00216 -2.09446e-04
  4 -0.02587 -6.37568e-05 |  5  0.01608 -1.91945e-04 |  6 -0.06405  6.71014e-04
  7 -0.10853  1.02429e-03 |  8 -0.05198  1.17673e-03 |  9 -0.06681  9.21902e-04
 10  0.04414  8.86796e-04 | 11  0.01221  6.61176e-04 | 12  0.06528  4.41699e-04
 13  0.00006  2.63882e-04 | 14 -0.01275  3.10848e-04 | 15  0.07728 -6.92751e-04
 16  0.02368 -1.61255e-03 | 17 -0.04747 -1.19533e-03 | 18 -0.00483  5.91895e-04
 19 -0.02567  9.62427e-04 | 20  0.04389  1.29290e-03 | 21  0.04607  1.54430e-03
 22 -0.06442  1.12661e-03 | 23 -0.04611  1.83311e-03 | 24 -0.09962  1.68511e-03
 25  0.01523  1.26620e-04 | 26 -0.01267  1.18419e-03 | 27 -0.01801  2.11037e-03
 28  0.05949  8.79333e-04 | 29  0.02285 -2.56720e-04 | 30  0.04488 -3.36394e-04
 31 -0.02770  9.49268e-04 | 32  0.02843 -1.20872e-03 | 33  0.05276 -3.48146e-03
 34  0.02614 -2.37092e-03 | 35  0.03183 -4.02207e-03 | 36  0.00332 -1.24819e-03
 37  0.02221  5.29131e-04 | 38  0.03009 -5.14592e-03 | 39  0.26164  1.46732e-03
 40  0.25540 -4.36759e-02 | 41  0.27409 -6.26138e-05 | 42  0.25791 -4.85398e-02
 43 -0.35898 -6.45225e-03 | 44 -0.00923 -1.32062e-04 | 45 -0.03717  6.11666e-07
 46 -0.72007 -8.40346e-08 | 47 -0.69411  2.61554e-03 | 48 -0.72373 -2.91005e-03
 49 -0.56271 -3.40531e-04 | 50 -0.47334  3.02874e-04 | 51 -0.28381 -1.12735e-03
 52 -0.00477  1.99605e-06 | 53 -0.17423  2.58228e-01 | 54 -0.13987 -2.18630e-01
 55 -0.64890 -5.16338e-03 | 56  0.55800  6.49559e-03 | 57  0.48566  6.03192e-06
 58 -0.11832  1.50979e-02 | 59 -0.14907  2.45505e-01 |
59 variables; iteration 260; function evaluation 305; phase 4
Function value 1.2864603e+02; maximum gradient component mag -2.2342e-01
Var    Value     Gradient |Var    Value     Gradient |Var    Value     Gradient
  1  0.13589  7.33071e-02 |  2 -0.16451 -6.78303e-06 |  3 -0.00216 -2.62466e-05
  4 -0.02587 -2.68809e-05 |  5  0.01608 -5.63082e-05 |  6 -0.06405 -1.09499e-03
  7 -0.10853 -1.05787e-03 |  8 -0.05198 -1.07593e-03 |  9 -0.06681 -1.04448e-03
 10  0.04414 -1.05125e-03 | 11  0.01221 -1.07307e-03 | 12  0.06528 -1.07633e-03
 13  0.00006 -1.04739e-03 | 14 -0.01275 -1.03583e-03 | 15  0.07728 -9.89239e-04
 16  0.02368 -1.02618e-03 | 17 -0.04747 -9.83340e-04 | 18 -0.00483 -9.68885e-04
 19 -0.02567 -8.35126e-04 | 20  0.04389 -7.13147e-04 | 21  0.04607 -2.36791e-04
 22 -0.06442 -9.56570e-04 | 23 -0.04611  2.93750e-04 | 24 -0.09962  1.07529e-04
 25  0.01523 -2.18353e-03 | 26 -0.01267  2.76801e-04 | 27 -0.01801  1.50711e-03
 28  0.05949  7.33484e-04 | 29  0.02285  5.60656e-03 | 30  0.04488  1.68703e-03
 31 -0.02770  7.01573e-05 | 32  0.02843 -1.45075e-03 | 33  0.05276  1.46224e-03
 34  0.02614  9.81351e-04 | 35  0.03183  6.62858e-04 | 36  0.00332  3.52944e-03
 37  0.02221  5.78181e-03 | 38  0.03009 -2.77655e-03 | 39  0.26164 -1.53450e-05
 40  0.25540 -3.97706e-02 | 41  0.27409 -3.90974e-05 | 42  0.25791  4.11020e-02
 43 -0.35897 -1.13216e-04 | 44 -0.00940 -2.68701e-06 | 45 -0.03715  6.21991e-07
 46 -0.72008 -4.51381e-06 | 47 -0.69409 -5.46673e-04 | 48 -0.72371  6.24884e-04
 49 -0.56271  9.72767e-05 | 50 -0.47334 -8.37599e-05 | 51 -0.28380 -1.00364e-04
 52 -0.00556 -2.94331e-07 | 53 -0.18530  2.16875e-01 | 54 -0.14030 -2.23419e-01
 55 -0.65113  4.38317e-03 | 56  0.55617 -5.33808e-03 | 57  0.48436 -4.14894e-06
 58 -0.10823  5.79035e-02 | 59 -0.13850  1.63427e-01 |
59 variables; iteration 280; function evaluation 328; phase 4
Function value 1.2864602e+02; maximum gradient component mag 1.2480e-01
Var    Value     Gradient |Var    Value     Gradient |Var    Value     Gradient
  1  0.13589 -8.05531e-03 |  2 -0.16451 -1.81840e-06 |  3 -0.00216 -7.11187e-06
  4 -0.02587 -2.36148e-06 |  5  0.01608 -2.30788e-05 |  6 -0.06405  8.70168e-05
  7 -0.10853  1.13411e-04 |  8 -0.05198  1.19928e-04 |  9 -0.06681  1.07831e-04
 10  0.04414  1.14290e-04 | 11  0.01221  8.99578e-05 | 12  0.06528  8.22314e-05
 13  0.00006  7.56781e-05 | 14 -0.01275  6.97272e-05 | 15  0.07728 -6.98906e-06
 16  0.02368 -8.80334e-05 | 17 -0.04747 -4.50718e-05 | 18 -0.00483  1.22525e-04
 19 -0.02567  1.79781e-04 | 20  0.04389  2.62757e-04 | 21  0.04607  4.77780e-04
 22 -0.06442  1.47112e-04 | 23 -0.04611  7.06627e-04 | 24 -0.09962  6.03549e-04
 25  0.01523 -5.03875e-04 | 26 -0.01267  5.45649e-04 | 27 -0.01801  1.00411e-03
 28  0.05949 -5.35846e-05 | 29  0.02285 -8.54006e-05 | 30  0.04488 -1.49268e-04
 31 -0.02770  2.14951e-04 | 32  0.02843 -6.85681e-04 | 33  0.05276 -1.41372e-03
 34  0.02614 -8.38909e-04 | 35  0.03183 -1.33560e-03 | 36  0.00332  4.07071e-04
 37  0.02221  2.10413e-03 | 38  0.03009 -2.45281e-03 | 39  0.26164 -1.79383e-04
 40  0.25540 -2.35340e-02 | 41  0.27409 -2.95598e-05 | 42  0.25791 -1.74263e-02
 43 -0.35897 -2.71876e-04 | 44 -0.00930 -5.48370e-06 | 45 -0.03724  2.12268e-07
 46 -0.72008 -3.03530e-06 | 47 -0.69410  3.00094e-04 | 48 -0.72372 -3.27737e-04
 49 -0.56271  7.42388e-05 | 50 -0.47334 -6.49593e-05 | 51 -0.28380 -6.58422e-05
 52 -0.00549  1.35319e-07 | 53 -0.19553  1.24804e-01 | 54 -0.14023 -1.22231e-01
 55 -0.65233 -1.82489e-03 | 56  0.55521  2.25040e-03 | 57  0.48390 -1.08710e-06
 58 -0.09820  2.54574e-02 | 59 -0.12844  1.02932e-01 |
59 variables; iteration 300; function evaluation 351; phase 4
Function value 1.2864602e+02; maximum gradient component mag 1.7241e-02
Var    Value     Gradient |Var    Value     Gradient |Var    Value     Gradient
  1  0.13589  9.63570e-04 |  2 -0.16451  3.90794e-07 |  3 -0.00216  8.96606e-07
  4 -0.02587  1.58955e-06 |  5  0.01608 -1.63025e-07 |  6 -0.06405 -1.47604e-05
  7 -0.10853 -1.25221e-05 |  8 -0.05198 -1.15045e-05 |  9 -0.06681 -1.51695e-05
 10  0.04414 -1.39403e-05 | 11  0.01221 -1.76405e-05 | 12  0.06528 -1.95341e-05
 13  0.00006 -1.97966e-05 | 14 -0.01275 -1.93875e-05 | 15  0.07728 -2.91781e-05
 16  0.02368 -3.69865e-05 | 17 -0.04747 -3.29989e-05 | 18 -0.00483 -1.32889e-05
 19 -0.02567 -1.14716e-05 | 20  0.04389 -1.81433e-06 | 21  0.04607  1.48933e-05
 22 -0.06442 -1.04826e-05 | 23 -0.04611  3.08897e-05 | 24 -0.09962  2.29102e-05
 25  0.01523 -4.74922e-05 | 26 -0.01267  2.81695e-05 | 27 -0.01801  6.63666e-05
 28  0.05949  6.25398e-05 | 29  0.02285  2.32121e-04 | 30  0.04488  5.27565e-05
 31 -0.02770  3.56065e-05 | 32  0.02843 -1.11524e-04 | 33  0.05276 -9.34536e-05
 34  0.02614 -5.16426e-05 | 35  0.03183 -1.24053e-04 | 36  0.00332  1.40106e-04
 37  0.02221  3.66062e-04 | 38  0.03009 -3.42690e-04 | 39  0.26164 -4.93447e-05
 40  0.25540 -3.45709e-03 | 41  0.27409  9.20226e-07 | 42  0.25791 -4.68794e-04
 43 -0.35897  3.20419e-05 | 44 -0.00932  6.95416e-07 | 45 -0.03729  1.94714e-08
 46 -0.72007 -5.92552e-07 | 47 -0.69410  3.47276e-05 | 48 -0.72373 -3.84245e-05
 49 -0.56271  1.61163e-05 | 50 -0.47334 -1.39232e-05 | 51 -0.28380 -2.02842e-06
 52 -0.00553  3.48503e-08 | 53 -0.20162  1.72407e-02 | 54 -0.14028 -1.53824e-02
 55 -0.65220 -5.19481e-05 | 56  0.55531  6.17627e-05 | 57  0.48399 -4.51345e-08
 58 -0.09243  1.71075e-03 | 59 -0.12258  1.61061e-02 |

 - final statistics:
59 variables; iteration 306; function evaluation 357
Function value 1.2865e+02; maximum gradient component mag -3.9255e-05
Exit code = 1;  converg criter 1.0000e-04
Var    Value     Gradient |Var    Value     Gradient |Var    Value     Gradient
  1  0.13589  7.19587e-06 |  2 -0.16451 -4.91162e-09 |  3 -0.00216 -3.11293e-08
  4 -0.02587 -2.53083e-08 |  5  0.01608 -1.06421e-07 |  6 -0.06405 -2.17777e-07
  7 -0.10853 -1.15808e-07 |  8 -0.05198 -1.19689e-07 |  9 -0.06681 -1.33548e-07
 10  0.04414 -1.11779e-07 | 11  0.01221 -2.13664e-07 | 12  0.06528 -2.70519e-07
 13  0.00006 -2.06829e-07 | 14 -0.01275 -2.09447e-07 | 15  0.07728 -4.01183e-07
 16  0.02368 -6.52294e-07 | 17 -0.04747 -5.02838e-07 | 18 -0.00483 -8.75068e-08
 19 -0.02567  1.17594e-07 | 20  0.04389 -1.78585e-07 | 21  0.04607 -1.89357e-07
 22 -0.06442 -1.43612e-07 | 23 -0.04611 -1.03383e-07 | 24 -0.09962 -9.90757e-08
 25  0.01523 -1.28142e-07 | 26 -0.01267 -3.17756e-08 | 27 -0.01801  2.03372e-08
 28  0.05949 -5.07382e-08 | 29  0.02285  3.30170e-07 | 30  0.04488  2.19821e-07
 31 -0.02770 -1.10268e-07 | 32  0.02843  2.58934e-07 | 33  0.05276  8.88661e-07
 34  0.02614  5.39559e-07 | 35  0.03183  8.49336e-07 | 36  0.00332  2.26511e-07
 37  0.02221 -3.37150e-07 | 38  0.03009  1.14053e-06 | 39  0.26164 -8.39497e-07
 40  0.25540  7.48890e-06 | 41  0.27409 -8.11209e-08 | 42  0.25791  1.26400e-05
 43 -0.35897 -1.17111e-06 | 44 -0.00932 -2.42045e-08 | 45 -0.03730  1.58538e-09
 46 -0.72007 -1.55498e-08 | 47 -0.69410 -4.00704e-07 | 48 -0.72373  4.83351e-07
 49 -0.56271  1.86406e-07 | 50 -0.47334 -1.52293e-07 | 51 -0.28380 -2.38591e-07
 52 -0.00554 -9.63394e-11 | 53 -0.20192 -3.52918e-05 | 54 -0.14030  2.59531e-05
 55 -0.65216  1.34224e-06 | 56  0.55535 -1.69693e-06 | 57  0.48401 -8.68610e-09
 58 -0.09217  2.79999e-06 | 59 -0.12230 -3.92551e-05 |
Estimating row 1 out of 59 for hessian
Estimating row 2 out of 59 for hessian
Estimating row 3 out of 59 for hessian
Estimating row 4 out of 59 for hessian
Estimating row 5 out of 59 for hessian
Estimating row 6 out of 59 for hessian
Estimating row 7 out of 59 for hessian
Estimating row 8 out of 59 for hessian
Estimating row 9 out of 59 for hessian
Estimating row 10 out of 59 for hessian
Estimating row 11 out of 59 for hessian
Estimating row 12 out of 59 for hessian
Estimating row 13 out of 59 for hessian
Estimating row 14 out of 59 for hessian
Estimating row 15 out of 59 for hessian
Estimating row 16 out of 59 for hessian
Estimating row 17 out of 59 for hessian
Estimating row 18 out of 59 for hessian
Estimating row 19 out of 59 for hessian
Estimating row 20 out of 59 for hessian
Estimating row 21 out of 59 for hessian
Estimating row 22 out of 59 for hessian
Estimating row 23 out of 59 for hessian
Estimating row 24 out of 59 for hessian
Estimating row 25 out of 59 for hessian
Estimating row 26 out of 59 for hessian
Estimating row 27 out of 59 for hessian
Estimating row 28 out of 59 for hessian
Estimating row 29 out of 59 for hessian
Estimating row 30 out of 59 for hessian
Estimating row 31 out of 59 for hessian
Estimating row 32 out of 59 for hessian
Estimating row 33 out of 59 for hessian
Estimating row 34 out of 59 for hessian
Estimating row 35 out of 59 for hessian
Estimating row 36 out of 59 for hessian
Estimating row 37 out of 59 for hessian
Estimating row 38 out of 59 for hessian
Estimating row 39 out of 59 for hessian
Estimating row 40 out of 59 for hessian
Estimating row 41 out of 59 for hessian
Estimating row 42 out of 59 for hessian
Estimating row 43 out of 59 for hessian
Estimating row 44 out of 59 for hessian
Estimating row 45 out of 59 for hessian
Estimating row 46 out of 59 for hessian
Estimating row 47 out of 59 for hessian
Estimating row 48 out of 59 for hessian
Estimating row 49 out of 59 for hessian
Estimating row 50 out of 59 for hessian
Estimating row 51 out of 59 for hessian
Estimating row 52 out of 59 for hessian
Estimating row 53 out of 59 for hessian
Estimating row 54 out of 59 for hessian
Estimating row 55 out of 59 for hessian
Estimating row 56 out of 59 for hessian
Estimating row 57 out of 59 for hessian
Estimating row 58 out of 59 for hessian
Estimating row 59 out of 59 for hessian
size of file gradfil1.tmp = 0
size of file gradfil2.tmp = 0
size of file varssave.tmp = 0
size of file cmpdiff.tmp = 0
