
Initial statistics: 2 variables; iteration 0; function evaluation 0; phase 1
Function value 5.0581136e+03; maximum gradient component mag 3.4614e+04
Var    Value     Gradient |Var    Value     Gradient |Var    Value     Gradient
  1  0.39650  3.46138e+04 |  2  0.21635  1.46106e+04 |

 - final statistics:
2 variables; iteration 8; function evaluation 14
Function value 6.0589e+02; maximum gradient component mag 6.1662e-01
Exit code = 1;  converg criter 1.0000e+01
Var    Value     Gradient |Var    Value     Gradient |Var    Value     Gradient
  1  0.18429  5.49374e-02 |  2  0.19853  6.16617e-01 |

Initial statistics: 53 variables; iteration 0; function evaluation 0; phase 2
Function value 6.0588896e+02; maximum gradient component mag 2.0831e+03
Var    Value     Gradient |Var    Value     Gradient |Var    Value     Gradient
  1  0.18429  5.49374e-02 |  2  0.00000  5.10471e+01 |  3  0.00000 -1.08179e+02
  4  0.00000  4.02288e+01 |  5  0.00000 -6.72216e+01 |  6  0.00000 -2.53858e+01
  7  0.00000  5.33167e+01 |  8  0.00000  6.86287e+00 |  9  0.00000  1.07758e+01
 10  0.00000 -7.44316e+01 | 11  0.00000  1.16657e+01 | 12  0.00000 -4.77855e+01
 13  0.00000 -3.37604e+00 | 14  0.00000 -3.98480e+00 | 15  0.00000 -7.91159e+01
 16  0.00000  1.75527e+01 | 17  0.00000  1.08578e+02 | 18  0.00000  1.55401e+01
 19  0.00000  3.47621e+01 | 20  0.00000 -1.34139e+02 | 21  0.00000 -1.38644e+02
 22  0.00000  7.35087e+01 | 23  0.00000  3.75797e+01 | 24  0.00000  2.13834e+02
 25  0.00000 -1.73193e+00 | 26  0.00000  1.11147e+01 | 27  0.00000  4.44053e+01
 28  0.00000 -1.85423e+02 | 29  0.00000  1.12609e+02 | 30  0.00000 -2.87736e+02
 31  0.00000  2.09272e+02 | 32  0.00000 -3.01421e+02 | 33  0.00000  3.68939e+01
 34  0.00000 -1.91990e+02 | 35  0.00000  5.41460e+01 | 36  0.00000  2.15934e+02
 37  0.00000  2.70653e+01 | 38  0.00000  1.79748e+02 | 39  0.21635 -1.50577e+02
 40  0.21635  2.08314e+03 | 41  0.21635 -6.38640e+02 | 42  0.19853  6.16617e-01
 43 -1.00000 -1.08293e-07 | 44  0.00000  1.35442e-04 | 45  0.00000  3.96743e-01
 46 -0.53989  8.37317e+00 | 47 -1.00000 -1.08293e-07 | 48 -0.53989  1.30928e+01
 49 -1.00000 -1.08293e-07 | 50 -0.53989  3.55814e+00 | 51 -0.32288  3.74424e+01
 52  0.21635  1.15498e+00 | 53 -0.17585 -5.56283e+02 |

Intermediate statistics: 53 variables; iteration 20; function evaluation 31; phase 2
Function value 4.5218266e+02; maximum gradient component mag -1.0028e+04
Var    Value     Gradient |Var    Value     Gradient |Var    Value     Gradient
  1  0.15347 -1.00283e+04 |  2 -0.16826 -3.24940e+01 |  3  0.22487  1.17684e+02
  4  0.11120  1.67155e+01 |  5  0.15548  7.76233e+01 |  6  0.07898  1.48518e+02
  7 -0.01514  9.62111e+01 |  8  0.00998  1.23423e+02 |  9  0.03552  1.41406e+02
 10  0.13671  2.02141e+02 | 11  0.09482  1.88078e+02 | 12  0.12107  2.34751e+02
 13  0.05916  1.81297e+02 | 14  0.04076  1.37953e+02 | 15  0.09485  2.06267e+02
 16  0.02597  1.60015e+02 | 17 -0.07790  7.44648e+01 | 18 -0.02592  5.13333e+01
 19 -0.06506  6.01859e-01 | 20  0.07492  1.13155e+02 | 21  0.03808  4.24639e+01
 22 -0.08345  2.65681e+01 | 23 -0.04877 -3.61161e+01 | 24 -0.14124  9.46838e+00
 25 -0.03836 -7.63581e+01 | 26 -0.02419 -2.04885e+01 | 27 -0.02617 -7.63150e+01
 28  0.00640 -3.53088e+02 | 29  0.00689  1.33778e+02 | 30  0.01404 -2.71885e+02
 31 -0.00544  1.51360e+02 | 32 -0.04958 -4.52539e+02 | 33 -0.00982 -3.95229e+01
 34  0.01664 -2.77216e+02 | 35 -0.00881 -1.84681e+02 | 36 -0.03715 -2.07754e+02
 37 -0.04854 -5.69072e+02 | 38 -0.14959  1.20927e+02 | 39  0.22236 -3.68131e+03
 40  0.23549  1.31644e+02 | 41  0.25699 -7.17573e+02 | 42  0.24264 -3.98708e+02
 43 -1.15251  1.26836e-02 | 44 -0.00000  1.58057e-04 | 45 -0.00312  1.01526e-01
 46 -0.60750  2.54809e+00 | 47 -1.25850  9.14332e+02 | 48 -0.58084  5.62939e+02
 49 -1.21634  7.63813e+01 | 50 -0.61207  4.23574e+01 | 51 -0.39818  1.06607e+02
 52  0.20436  9.87879e+00 | 53 -0.07106 -4.91268e+02 |
53 variables; iteration 40; function evaluation 57; phase 2
Function value 4.1091314e+02; maximum gradient component mag -1.2747e+04
Var    Value     Gradient |Var    Value     Gradient |Var    Value     Gradient
  1  0.15374 -1.27468e+04 |  2 -0.05579 -8.93713e+00 |  3  0.25739  1.47732e+02
  4  0.12654  1.28880e+01 |  5  0.16384  7.72486e+01 |  6  0.07783  1.76535e+02
  7 -0.00782  1.45815e+02 |  8  0.02345  1.85631e+02 |  9  0.03542  1.75478e+02
 10  0.14997  2.63328e+02 | 11  0.09657  2.18566e+02 | 12  0.14515  3.16696e+02
 13  0.07439  2.35919e+02 | 14  0.06252  2.07498e+02 | 15  0.09729  2.55110e+02
 16  0.02685  2.07071e+02 | 17 -0.07798  1.15963e+02 | 18 -0.04267  5.59671e+01
 19 -0.06146  4.76923e+01 | 20  0.08778  1.81848e+02 | 21  0.02541  3.48773e+01
 22 -0.09358  3.85399e+01 | 23 -0.04501 -5.42972e+01 | 24 -0.17300 -2.03628e+01
 25 -0.03653 -1.12861e+02 | 26 -0.04780 -8.14033e+01 | 27 -0.01792 -7.51344e+01
 28  0.00846 -3.53827e+02 | 29 -0.00486  1.11447e+02 | 30  0.03838 -7.87939e+01
 31 -0.05036  1.63627e+01 | 32 -0.00947 -2.91861e+02 | 33 -0.03041 -1.13195e+02
 34  0.03463 -2.39767e+02 | 35 -0.01854 -3.34654e+02 | 36 -0.06145 -4.13170e+02
 37 -0.03664 -7.54746e+02 | 38 -0.16528  5.89630e+01 | 39  0.22111 -3.76911e+03
 40  0.23307 -3.87290e+02 | 41  0.25944 -6.78654e+02 | 42  0.23911 -1.01933e+03
 43 -1.48295 -5.94564e-01 | 44 -0.03173  1.00343e-01 | 45 -0.03359 -1.66384e-04
 46 -1.20046  9.63726e-03 | 47 -1.30492  8.00747e+02 | 48 -0.56874  5.75530e+02
 49 -1.15419  1.24364e+02 | 50 -0.71600  6.67098e+01 | 51 -0.34272  8.30081e+01
 52 -1.13105 -2.40311e+00 | 53 -0.06425 -2.74047e+02 |
53 variables; iteration 60; function evaluation 83; phase 2
Function value 2.9194912e+02; maximum gradient component mag -5.9670e+03
Var    Value     Gradient |Var    Value     Gradient |Var    Value     Gradient
  1  0.14246 -5.96698e+03 |  2 -0.17867 -2.45584e+01 |  3  0.05530  1.08388e+01
  4 -0.00530 -8.35777e+00 |  5  0.08623  1.02998e+02 |  6  0.02469  1.43077e+02
  7 -0.09501  8.18201e+00 |  8 -0.05241  3.84510e+01 |  9  0.00158  1.20768e+02
 10  0.09100  1.54548e+02 | 11  0.01454  5.98258e+01 | 12  0.02407  2.45072e+01
 13  0.06551  2.03396e+02 | 14  0.01082  7.45418e+01 | 15  0.05506  6.61138e+01
 16  0.03792  1.38693e+02 | 17 -0.02912  1.07693e+02 | 18  0.00660  7.05036e+01
 19 -0.04052  3.36722e+01 | 20  0.07008  6.34310e+01 | 21  0.07762  1.38179e+02
 22 -0.03665  7.27383e+01 | 23  0.01116  5.15234e+01 | 24 -0.22207 -1.22333e+02
 25 -0.02364 -1.21417e+02 | 26  0.00881 -3.43749e-01 | 27 -0.00842 -8.42899e+01
 28  0.03852 -3.08893e+02 | 29 -0.01888 -1.05362e+02 | 30  0.07681  5.94496e+01
 31 -0.09056 -2.14771e+02 | 32  0.08008  1.28784e+02 | 33 -0.01783 -1.34331e+02
 34  0.06237  2.01667e+01 | 35  0.03063  1.73057e+01 | 36 -0.07044 -3.08158e+02
 37  0.00751 -2.52453e+02 | 38 -0.08898  5.39862e+01 | 39  0.23872 -7.10397e+01
 40  0.22848 -7.80013e+02 | 41  0.26527 -2.30937e+02 | 42  0.23965 -8.04289e+02
 43 -1.41210  4.13495e-03 | 44 -1.19718  9.65570e-03 | 45  0.01467  7.26028e-05
 46 -0.86460 -1.45183e-02 | 47 -1.44800  6.14432e+02 | 48 -0.47269  6.45262e+02
 49 -0.73178 -1.12259e+02 | 50 -1.44456 -6.93706e+01 | 51 -0.36789  8.54811e+00
 52 -0.28092  8.74768e-01 | 53 -0.06062 -1.42416e+02 |
Maximum number of function evaluations exceeded

 - final statistics:
53 variables; iteration 70; function evaluation 100
Function value 1.5245e+02; maximum gradient component mag 8.5830e+02
Exit code = 3;  converg criter 1.0000e+01
Var    Value     Gradient |Var    Value     Gradient |Var    Value     Gradient
  1  0.13878  8.58303e+02 |  2 -0.10764  1.48928e+01 |  3  0.01113  3.24677e+01
  4 -0.03172  2.10904e+01 |  5  0.00962  3.09100e+01 |  6 -0.05896 -2.03407e+01
  7 -0.09345  1.33247e+01 |  8 -0.05886  3.07681e-02 |  9 -0.06570 -4.99993e+00
 10  0.02718 -1.93395e+01 | 11  0.01593 -9.84738e+00 | 12  0.06046 -4.88131e+00
 13  0.00408 -1.34848e+01 | 14 -0.01753 -1.91406e+01 | 15  0.07632  2.61722e+01
 16  0.02562  3.24995e+01 | 17 -0.04173  2.24213e+01 | 18  0.00622  2.23614e+01
 19 -0.01940  1.84766e+01 | 20  0.07046  2.54043e+01 | 21  0.05158 -9.91024e+00
 22 -0.04428  4.08822e+00 | 23 -0.01065  1.34598e+01 | 24 -0.08741  2.47643e+01
 25 -0.00461  8.03049e+00 | 26 -0.00808 -3.37558e+00 | 27 -0.00537 -3.53899e+01
 28  0.05279 -1.05406e+01 | 29 -0.00061 -1.96650e+01 | 30  0.05291 -5.89405e+01
 31 -0.01881  1.92397e+01 | 32  0.03929 -2.22445e+01 | 33  0.01061 -3.03712e+01
 34  0.04795 -4.77866e+01 | 35  0.01854 -1.74142e+01 | 36 -0.01855 -3.09728e+01
 37  0.03038  1.35670e+02 | 38 -0.03718 -8.67192e+00 | 39  0.24216 -2.33554e+02
 40  0.23595  2.88031e+01 | 41  0.26660 -1.73761e+01 | 42  0.26442 -1.04956e+02
 43 -0.79869 -1.00763e-02 | 44 -3.86758  3.55142e-04 | 45 -0.31784  3.93761e-01
 46 -0.33030  6.01737e+00 | 47 -1.45796  5.58564e+01 | 48 -0.57996  7.84727e+01
 49 -0.95394  7.57518e+02 | 50 -1.05702  6.11895e+02 | 51 -0.42242  5.15113e+00
 52  0.29787  5.18131e-01 | 53  0.01555 -3.71672e-01 |

Initial statistics: 56 variables; iteration 0; function evaluation 0; phase 3
Function value 1.5245292e+02; maximum gradient component mag -9.8919e+02
Var    Value     Gradient |Var    Value     Gradient |Var    Value     Gradient
  1  0.13878  8.58303e+02 |  2 -0.10764  1.48928e+01 |  3  0.01113  3.24677e+01
  4 -0.03172  2.10904e+01 |  5  0.00962  3.09100e+01 |  6 -0.05894 -1.97057e+01
  7 -0.09343  1.39557e+01 |  8 -0.05884  6.65803e-01 |  9 -0.06568 -4.36558e+00
 10  0.02720 -1.87023e+01 | 11  0.01594 -9.20981e+00 | 12  0.06048 -4.24641e+00
 13  0.00410 -1.28471e+01 | 14 -0.01751 -1.85031e+01 | 15  0.07634  2.68053e+01
 16  0.02563  3.31367e+01 | 17 -0.04171  2.30577e+01 | 18  0.00624  2.29991e+01
 19 -0.01939  1.91141e+01 | 20  0.07048  2.60381e+01 | 21  0.05159 -9.27455e+00
 22 -0.04426  4.72444e+00 | 23 -0.01064  1.40974e+01 | 24 -0.08739  2.53962e+01
 25 -0.00459  8.66823e+00 | 26 -0.00806 -2.73788e+00 | 27 -0.00535 -3.47521e+01
 28  0.05281 -9.90504e+00 | 29 -0.00059 -1.90272e+01 | 30  0.05293 -5.83048e+01
 31 -0.01880  1.98772e+01 | 32  0.03930 -2.16079e+01 | 33  0.01063 -2.97335e+01
 34  0.04797 -4.71505e+01 | 35  0.01855 -1.67767e+01 | 36 -0.01853 -3.03354e+01
 37  0.03039  1.36307e+02 | 38 -0.03716 -8.03526e+00 | 39  0.24216 -2.33554e+02
 40  0.23595  2.88031e+01 | 41  0.26660 -1.73761e+01 | 42  0.26442 -1.04956e+02
 43 -0.79869 -1.00763e-02 | 44  0.13242  3.55142e-04 | 45 -0.31784  3.93761e-01
 46 -0.33030  6.01737e+00 | 47 -0.54204 -5.58564e+01 | 48 -0.57996  7.84727e+01
 49 -0.95394  7.57518e+02 | 50 -0.94298 -6.11895e+02 | 51 -0.42242  5.15113e+00
 52  0.29787  5.18131e-01 | 53 -0.17585 -9.89192e+02 | 54 -0.12819 -3.69539e+02
 55  0.01555 -3.71672e-01 | 56  0.05795  5.45240e+00 |

Intermediate statistics: 56 variables; iteration 20; function evaluation 24; phase 3
Function value 1.1702872e+02; maximum gradient component mag -8.3697e+02
Var    Value     Gradient |Var    Value     Gradient |Var    Value     Gradient
  1  0.13703  7.95627e+02 |  2 -0.13332  2.60090e+00 |  3  0.00280  1.20325e+01
  4 -0.02932  2.18651e+01 |  5  0.01944  5.17283e+01 |  6 -0.05077  1.93848e-01
  7 -0.09963  4.84691e-01 |  8 -0.05439  1.19491e+01 |  9 -0.06888 -1.09810e+01
 10  0.03660 -6.80407e+00 | 11  0.01997 -9.50261e+00 | 12  0.06204 -1.29741e+01
 13  0.00932 -1.46779e+01 | 14 -0.00327 -7.32848e+00 | 15  0.07047 -1.58595e+01
 16  0.02244 -3.41106e+00 | 17 -0.04523  1.21573e+01 | 18 -0.00535  1.20984e+01
 19 -0.01766  1.00344e+01 | 20  0.04189 -3.10351e+01 | 21  0.03863 -2.99869e+01
 22 -0.05854 -1.37458e+01 | 23 -0.03029 -4.60845e-01 | 24 -0.10853  4.91896e+00
 25  0.01027  3.84103e+01 | 26 -0.01288  2.38215e+00 | 27 -0.01071  4.76990e+00
 28  0.05559  2.97184e+01 | 29 -0.00051 -4.73821e-01 | 30  0.06123  5.38218e+01
 31 -0.02816  8.26909e+00 | 32  0.04794  3.07091e+01 | 33  0.01666  1.47686e+01
 34  0.05162  2.64492e+01 | 35  0.02162  2.21521e+00 | 36 -0.00945  1.63980e+01
 37  0.02322 -1.19754e+02 | 38  0.01444  1.24711e+01 | 39  0.24298 -8.36974e+02
 40  0.25985  5.81665e+02 | 41  0.27186  3.94069e+01 | 42  0.26992 -1.56273e+02
 43 -0.79865 -1.03366e-02 | 44  0.13242  1.86915e-04 | 45 -0.31861  1.74765e-01
 46 -0.34190  2.61469e+00 | 47 -0.57393 -8.30258e+01 | 48 -0.61101  9.80433e+01
 49 -0.92711  1.86573e+02 | 50 -0.91048 -1.51882e+02 | 51 -0.42168  1.80697e+01
 52  0.29794  1.80226e+00 | 53 -0.10728 -2.01598e+02 | 54 -0.09049  1.05171e+02
 55  0.04801  4.64414e+01 | 56  0.07143 -2.65738e+01 |
56 variables; iteration 40; function evaluation 45; phase 3
Function value 1.1617629e+02; maximum gradient component mag -7.1926e+02
Var    Value     Gradient |Var    Value     Gradient |Var    Value     Gradient
  1  0.13680 -5.27102e+02 |  2 -0.11117  8.57289e+00 |  3  0.00513 -7.21904e+00
  4 -0.02931 -9.58399e+00 |  5  0.01841 -1.47600e+01 |  6 -0.05203  7.05025e+00
  7 -0.09834  1.46907e+01 |  8 -0.05265  2.47813e+01 |  9 -0.06580  5.72954e+00
 10  0.03669  4.73422e+00 | 11  0.01907 -1.01899e+00 | 12  0.05934 -1.67812e+01
 13  0.00870 -1.15807e+01 | 14  0.00002  1.05330e+01 | 15  0.07065 -1.08914e+01
 16  0.02133 -7.55739e+00 | 17 -0.04478  1.38448e+01 | 18 -0.00761  2.59126e+00
 19 -0.01776  1.97516e+01 | 20  0.04499 -6.10136e+00 | 21  0.04362  4.65719e+00
 22 -0.05819  9.02386e-01 | 23 -0.03322 -7.59048e+00 | 24 -0.11071  4.00644e+00
 25  0.01087  3.71417e+01 | 26 -0.01056  1.45985e+01 | 27 -0.00836  1.44492e+01
 28  0.05382  6.42002e-01 | 29  0.00064  1.19690e+01 | 30  0.05978  3.51025e+01
 31 -0.03021 -7.50436e+00 | 32  0.04806  3.40685e+01 | 33  0.01407 -5.14155e+00
 34  0.05095 -8.26865e+00 | 35  0.02197 -4.12325e+01 | 36 -0.00535 -2.83322e+01
 37  0.02365 -1.15846e+02 | 38  0.00680  1.34304e+01 | 39  0.24363 -7.19255e+02
 40  0.25893  4.68238e+02 | 41  0.27287  7.01980e+01 | 42  0.26948 -8.89889e+01
 43 -0.79792 -1.03401e-02 | 44  0.13241  1.63039e-04 | 45 -0.32247  1.20986e-01
 46 -0.40941  2.24056e+00 | 47 -0.59329 -5.28089e+01 | 48 -0.62730  6.41603e+01
 49 -0.86944  4.61600e+01 | 50 -0.83848 -3.72659e+01 | 51 -0.42182  1.52715e+01
 52  0.29905  1.52271e+00 | 53 -0.10853 -2.23481e+02 | 54 -0.08752  1.39251e+02
 55  0.03647  2.65714e+01 | 56  0.06318 -2.64192e+01 |
56 variables; iteration 60; function evaluation 72; phase 3
Function value 1.1198002e+02; maximum gradient component mag -2.9190e+01
Var    Value     Gradient |Var    Value     Gradient |Var    Value     Gradient
  1  0.13623  1.57913e+00 |  2 -0.13275  1.74202e-01 |  3  0.00460  7.82923e-02
  4 -0.02959  1.76471e+00 |  5  0.01535  2.85420e+00 |  6 -0.05195 -1.95002e-01
  7 -0.10333  3.08625e-01 |  8 -0.06037  1.40365e-01 |  9 -0.07674 -6.67716e-01
 10  0.03495  4.95241e-01 | 11  0.01992  3.33455e-01 | 12  0.06402  1.14446e-01
 13  0.00955 -6.14183e-01 | 14 -0.00589 -1.39087e-01 | 15  0.07301 -1.90523e+00
 16  0.02444 -1.06573e+00 | 17 -0.04763 -1.68620e+00 | 18 -0.00306 -5.82215e-01
 19 -0.02077 -3.19634e-01 | 20  0.04869  2.30996e-01 | 21  0.04396  2.32077e-01
 22 -0.05724 -8.00782e-01 | 23 -0.02765 -1.87009e+00 | 24 -0.10726 -4.74882e+00
 25  0.01066 -1.30023e+01 | 26 -0.01072 -1.81941e+00 | 27 -0.00839 -3.30422e+00
 28  0.05633 -7.08164e+00 | 29  0.00109  1.23564e-01 | 30  0.05907  1.46981e+00
 31 -0.02697 -5.60033e-01 | 32  0.04548  5.64342e+00 | 33  0.01520  5.55255e+00
 34  0.05114  1.16887e+01 | 35  0.02363  1.55467e+01 | 36 -0.00847  1.76361e+01
 37  0.02915 -1.68716e+01 | 38  0.00547  1.73963e+00 | 39  0.24740 -2.91898e+01
 40  0.25748  9.45521e+00 | 41  0.27196 -7.84470e+00 | 42  0.27245  9.17313e-01
 43 -0.72991 -1.01128e-02 | 44  0.13296 -7.31603e-04 | 45 -0.15194  3.55551e-02
 46 -0.56629  8.63267e-01 | 47 -0.64580 -2.14201e+01 | 48 -0.67901  2.41069e+01
 49 -0.78828 -3.14638e+00 | 50 -0.73784  2.51385e+00 | 51 -0.40155  2.16802e-01
 52  0.40624  1.79123e-02 | 53 -0.10340 -3.84635e+00 | 54 -0.08899 -2.00271e+00
 55  0.04519  4.62161e+00 | 56  0.06702 -6.06883e+00 |
Maximum number of function evaluations exceeded

 - final statistics:
56 variables; iteration 69; function evaluation 100
Function value 1.1038e+02; maximum gradient component mag 5.9395e+02
Exit code = 3;  converg criter 1.0000e+00
Var    Value     Gradient |Var    Value     Gradient |Var    Value     Gradient
  1  0.13605  5.93950e+02 |  2 -0.13405  2.56228e+00 |  3  0.00460  9.62275e+00
  4 -0.02990  1.21495e+01 |  5  0.01557  1.78787e+01 |  6 -0.05216  6.35074e+00
  7 -0.10359  2.97183e+00 |  8 -0.05972  9.03613e+00 |  9 -0.07650 -6.56064e+00
 10  0.03462 -4.71477e+00 | 11  0.01971 -5.67285e+00 | 12  0.06434 -2.10380e-01
 13  0.00891 -1.57836e+00 | 14 -0.00722 -4.34957e+00 | 15  0.07367  2.01793e-01
 16  0.02499  2.79243e+00 | 17 -0.04713 -6.04854e-01 | 18 -0.00310 -2.36210e+00
 19 -0.02087 -4.35982e+00 | 20  0.04862 -2.95397e+00 | 21  0.04309  1.29204e+00
 22 -0.05852 -3.85856e+00 | 23 -0.02900  3.07376e+00 | 24 -0.10553 -2.33693e+00
 25  0.01188  1.72408e+01 | 26 -0.01145  1.47955e+00 | 27 -0.00760 -2.78213e+00
 28  0.05702  1.13965e+01 | 29  0.00131 -1.81947e+00 | 30  0.05886 -3.14012e-01
 31 -0.02674 -3.16645e+00 | 32  0.04507 -5.50161e+00 | 33  0.01499 -6.65655e+00
 34  0.05048  1.18526e+00 | 35  0.02355  1.09191e+00 | 36 -0.00791  1.67296e+00
 37  0.03002  5.36043e+00 | 38  0.00512 -5.81450e+00 | 39  0.25075 -1.07040e+02
 40  0.25772  1.20347e+01 | 41  0.27219  1.03167e+01 | 42  0.27294  6.79629e+00
 43 -0.36791 -5.11926e-02 | 44  0.20691 -3.25410e-05 | 45  0.08307  8.96714e-04
 46 -0.69579  9.68163e-03 | 47 -0.65946 -9.12392e+00 | 48 -0.69211  1.02679e+01
 49 -0.73795 -1.10878e+00 | 50 -0.67554  8.72540e-01 | 51 -0.35435  1.01570e+01
 52  0.69717  2.20072e-01 | 53 -0.10269 -1.63284e+00 | 54 -0.08825  2.32272e-01
 55  0.04686 -3.53234e+00 | 56  0.06807  9.83721e-01 |

Initial statistics: 58 variables; iteration 0; function evaluation 0; phase 4
Function value 1.1037742e+02; maximum gradient component mag 5.9395e+02
Var    Value     Gradient |Var    Value     Gradient |Var    Value     Gradient
  1  0.13605  5.93950e+02 |  2 -0.13405  2.56228e+00 |  3  0.00460  9.62275e+00
  4 -0.02990  1.21495e+01 |  5  0.01557  1.78787e+01 |  6 -0.05216  6.36408e+00
  7 -0.10359  2.98503e+00 |  8 -0.05972  9.04945e+00 |  9 -0.07650 -6.54735e+00
 10  0.03462 -4.70141e+00 | 11  0.01971 -5.65948e+00 | 12  0.06434 -1.97066e-01
 13  0.00891 -1.56498e+00 | 14 -0.00722 -4.33619e+00 | 15  0.07367  2.15085e-01
 16  0.02499  2.80580e+00 | 17 -0.04713 -5.91509e-01 | 18 -0.00310 -2.34871e+00
 19 -0.02087 -4.34645e+00 | 20  0.04862 -2.94063e+00 | 21  0.04309  1.30539e+00
 22 -0.05852 -3.84523e+00 | 23 -0.02900  3.08713e+00 | 24 -0.10553 -2.32373e+00
 25  0.01188  1.72542e+01 | 26 -0.01145  1.49293e+00 | 27 -0.00760 -2.76875e+00
 28  0.05702  1.14098e+01 | 29  0.00131 -1.80609e+00 | 30  0.05886 -3.00688e-01
 31 -0.02674 -3.15309e+00 | 32  0.04507 -5.48827e+00 | 33  0.01499 -6.64317e+00
 34  0.05048  1.19860e+00 | 35  0.02355  1.10528e+00 | 36 -0.00791  1.68634e+00
 37  0.03002  5.37380e+00 | 38  0.00512 -5.80112e+00 | 39  0.25075 -1.07040e+02
 40  0.25772  1.20347e+01 | 41  0.27219  1.03167e+01 | 42  0.27294  6.79629e+00
 43 -0.36791 -5.11926e-02 | 44  0.20691 -3.25410e-05 | 45  0.08307  8.96714e-04
 46 -0.69579  9.68163e-03 | 47 -0.65946 -9.12392e+00 | 48 -0.69211  1.02679e+01
 49 -0.73795 -1.10878e+00 | 50 -0.67554  8.72540e-01 | 51 -0.35435  1.01570e+01
 52  0.69717  2.20072e-01 | 53 -0.10269 -1.63284e+00 | 54 -0.08825  2.32272e-01
 55  0.04686 -3.53234e+00 | 56  0.06807  9.83721e-01 | 57 -0.05795  1.34060e+02
 58 -0.17585 -1.31106e+02 |

Intermediate statistics: 58 variables; iteration 20; function evaluation 24; phase 4
Function value 1.0835403e+02; maximum gradient component mag 2.8417e+02
Var    Value     Gradient |Var    Value     Gradient |Var    Value     Gradient
  1  0.13581  2.84174e+02 |  2 -0.13754  8.77866e-01 |  3  0.00352  4.72213e+00
  4 -0.03007  7.97473e+00 |  5  0.01681  1.48374e+01 |  6 -0.05340  8.47429e+00
  7 -0.10371  8.68498e+00 |  8 -0.05801  1.94666e+01 |  9 -0.07723 -3.13395e+00
 10  0.03344 -2.00015e+00 | 11  0.01996 -5.92528e-01 | 12  0.06462  5.25371e+00
 13  0.00810  2.63062e+00 | 14 -0.00939 -2.27353e+00 | 15  0.07450  6.12784e+00
 16  0.02563  5.09412e+00 | 17 -0.04734 -3.16285e+00 | 18 -0.00458 -1.46195e+01
 19 -0.01998 -1.07771e+01 | 20  0.04547 -1.65402e+01 | 21  0.04064 -1.43465e+01
 22 -0.05962 -1.05300e+01 | 23 -0.03200 -1.74262e+01 | 24 -0.10513 -1.32581e+01
 25  0.01326 -1.85680e+01 | 26 -0.01176 -2.16780e+01 | 27 -0.00852 -3.71464e+01
 28  0.05706 -4.81063e+01 | 29  0.00223  2.37989e+00 | 30  0.05984  1.09338e+01
 31 -0.02635  2.56547e+00 | 32  0.04636  1.23696e+01 | 33  0.01630  1.06620e+01
 34  0.05103  1.85963e+01 | 35  0.02409  2.69680e+01 | 36 -0.00726  3.36795e+01
 37  0.03064  4.34251e+01 | 38  0.01033  1.64639e+01 | 39  0.25177  6.77408e+01
 40  0.25602  7.92101e+00 | 41  0.27145 -7.54338e+01 | 42  0.27308 -8.79021e+00
 43 -0.36425  3.94475e+00 | 44  0.20702  8.05709e-02 | 45  0.08306  8.70430e-04
 46 -0.69583  8.82695e-03 | 47 -0.65905 -2.85292e+01 | 48 -0.69129  3.17946e+01
 49 -0.73749 -5.42005e+00 | 50 -0.67586  4.34010e+00 | 51 -0.35456 -5.50317e+00
 52  0.69714 -1.10196e-01 | 53 -0.11226 -1.18450e+02 | 54 -0.08146  1.25504e+02
 55  0.05063 -6.14566e+00 | 56  0.07118  1.48851e+01 | 57 -0.07360  5.90439e+01
 58 -0.16531 -1.73731e+02 |
58 variables; iteration 40; function evaluation 48; phase 4
Function value 1.0738205e+02; maximum gradient component mag -1.6405e+02
Var    Value     Gradient |Var    Value     Gradient |Var    Value     Gradient
  1  0.13610 -1.64054e+02 |  2 -0.16458 -9.48913e+00 |  3  0.00217  5.16554e+00
  4 -0.03025  1.15308e+01 |  5  0.01789  2.50668e+01 |  6 -0.05462  2.49026e+00
  7 -0.10317  5.41887e+00 |  8 -0.06031  3.36887e-02 |  9 -0.07130  9.29998e+00
 10  0.03742  8.59135e+00 | 11  0.02250  8.88170e+00 | 12  0.06240  6.76993e+00
 13  0.00874  7.57176e+00 | 14 -0.00212  1.37296e+01 | 15  0.07212  7.61989e+00
 16  0.02465  1.05275e+01 | 17 -0.04780  1.76654e+00 | 18 -0.00648 -1.44838e+01
 19 -0.02047 -7.87243e+00 | 20  0.04549 -7.48213e+00 | 21  0.03831 -1.52825e+01
 22 -0.05839 -1.46393e+00 | 23 -0.03174 -8.50216e+00 | 24 -0.10463 -3.20882e+00
 25  0.01202 -1.43129e+01 | 26 -0.01209 -1.02411e+01 | 27 -0.00738 -1.42179e+01
 28  0.05554 -5.59741e+01 | 29  0.00109 -1.10493e+01 | 30  0.05938 -2.78143e+00
 31 -0.02823 -7.47094e+00 | 32  0.04810  2.01545e+01 | 33  0.01426 -7.61740e+00
 34  0.05164  1.70395e+01 | 35  0.02243  4.79698e-01 | 36 -0.00810  1.22894e+01
 37  0.02969  1.11450e+01 | 38  0.00955  9.71856e+00 | 39  0.24960 -3.06189e+01
 40  0.25558 -1.49542e+02 | 41  0.27186 -4.97269e+01 | 42  0.27306 -1.00947e+01
 43 -0.36338  5.54841e+00 | 44  0.21051  1.09259e-01 | 45  0.08262  7.37997e-04
 46 -0.70156  4.65913e-03 | 47 -0.61417 -5.36141e+00 | 48 -0.65117  7.72613e+00
 49 -0.73621 -1.27329e+01 | 50 -0.67326  1.01852e+01 | 51 -0.37735  1.34656e+00
 52  0.69506  4.42736e-02 | 53 -0.21805  1.52941e+00 | 54 -0.08707  1.52121e+01
 55  0.05043  2.58747e+00 | 56  0.07074  9.64141e-01 | 57  0.01802  4.44042e+01
 58 -0.05861 -4.26160e+01 |
58 variables; iteration 60; function evaluation 75; phase 4
Function value 1.0626446e+02; maximum gradient component mag -6.3643e+01
Var    Value     Gradient |Var    Value     Gradient |Var    Value     Gradient
  1  0.13560 -6.36432e+01 |  2 -0.13802  8.60838e-03 |  3  0.00451  2.04491e+00
  4 -0.02979  1.45755e+00 |  5  0.01680  1.51732e-02 |  6 -0.05424 -6.96966e-01
  7 -0.10353  1.31576e+00 |  8 -0.05818  8.33655e-01 |  9 -0.07699  1.07369e+00
 10  0.03357  8.95965e-01 | 11  0.02016  1.24567e+00 | 12  0.06417  1.23741e+00
 13  0.00733 -9.67326e-01 | 14 -0.00901 -1.18272e-02 | 15  0.07370 -2.18043e+00
 16  0.02520 -2.76682e+00 | 17 -0.04658 -2.11276e+00 | 18 -0.00491 -1.74627e+00
 19 -0.01943 -2.98265e+00 | 20  0.04480 -1.52950e+00 | 21  0.04018 -3.66383e-01
 22 -0.06072 -2.11289e+00 | 23 -0.03222 -1.86537e-01 | 24 -0.10411  2.47503e+00
 25  0.01410  8.28172e-01 | 26 -0.01138  7.04647e-01 | 27 -0.00760  1.73385e+00
 28  0.05767 -2.12036e+00 | 29  0.00231 -1.00210e+00 | 30  0.05988  5.51579e-01
 31 -0.02645  5.49772e-02 | 32  0.04686  1.49903e+00 | 33  0.01651  3.51515e-01
 34  0.05090  1.81676e+00 | 35  0.02406  4.18254e-03 | 36 -0.00687  1.65071e+00
 37  0.03067  2.69444e-01 | 38  0.00934  7.80690e-01 | 39  0.25199 -1.23945e+01
 40  0.25620 -1.37896e+01 | 41  0.27264 -1.26584e+00 | 42  0.27351 -1.73516e-01
 43 -0.36450  5.94325e-01 | 44  0.23484  1.29483e-02 | 45  0.07606  5.61733e-04
 46 -0.71424 -1.41590e-04 | 47 -0.68445 -1.80327e+00 | 48 -0.71471  2.01599e+00
 49 -0.63990 -8.39277e+00 | 50 -0.55568  6.47815e+00 | 51 -0.35050  1.36124e+00
 52  0.66065  3.57612e-02 | 53 -0.15963  1.87245e+00 | 54 -0.10914 -1.71815e+00
 55  0.05068  6.78106e-01 | 56  0.06996 -5.17686e-01 | 57 -0.08221  4.51455e+00
 58 -0.13205 -2.56366e+00 |
58 variables; iteration 80; function evaluation 98; phase 4
Function value 1.0616756e+02; maximum gradient component mag 6.3791e+00
Var    Value     Gradient |Var    Value     Gradient |Var    Value     Gradient
  1  0.13560  6.37914e+00 |  2 -0.13869  4.89938e-02 |  3  0.00348  1.01279e-02
  4 -0.03022  1.10513e-03 |  5  0.01728 -6.85112e-02 |  6 -0.05409 -6.39499e-02
  7 -0.10388 -8.33573e-02 |  8 -0.05807 -3.52034e-02 |  9 -0.07723 -1.07849e-01
 10  0.03357 -1.35068e-02 | 11  0.02039  9.89601e-02 | 12  0.06485  5.15393e-01
 13  0.00750  6.84474e-02 | 14 -0.00906 -1.77129e-01 | 15  0.07358 -2.72916e-02
 16  0.02513 -5.91409e-02 | 17 -0.04652 -5.41130e-02 | 18 -0.00511  5.74170e-02
 19 -0.01925  1.05683e-01 | 20  0.04462 -1.02780e-01 | 21  0.03984  8.63064e-03
 22 -0.05991 -9.89547e-02 | 23 -0.03220 -3.38568e-02 | 24 -0.10501 -7.78508e-02
 25  0.01431  1.75768e-02 | 26 -0.01136 -5.16540e-04 | 27 -0.00783  5.22233e-03
 28  0.05778  9.57629e-02 | 29  0.00234 -5.61460e-02 | 30  0.05977  3.38259e-02
 31 -0.02642 -1.19228e-03 | 32  0.04669 -9.10425e-02 | 33  0.01653  9.31305e-02
 34  0.05076 -8.59406e-02 | 35  0.02414  2.03876e-02 | 36 -0.00689  6.11002e-02
 37  0.03066  3.48893e-02 | 38  0.00963 -7.43726e-02 | 39  0.25182  1.10132e+00
 40  0.25630  7.57255e-01 | 41  0.27266  1.37651e-02 | 42  0.27353  2.95066e-02
 43 -0.36065  2.48087e-02 | 44  0.04837  8.04251e-04 | 45 -0.01379  1.16654e-04
 46 -0.71142 -1.43269e-05 | 47 -0.69128 -3.80446e-01 | 48 -0.72093  4.23975e-01
 49 -0.55812 -1.45915e-01 | 50 -0.46543  9.88185e-02 | 51 -0.33792 -1.02072e-01
 52  0.21748 -3.12169e-03 | 53 -0.14322  2.89257e-01 | 54 -0.13496 -2.50501e-01
 55  0.05061  1.04702e-03 | 56  0.06984 -3.36369e-02 | 57 -0.14132 -1.99315e-03
 58 -0.17170  2.87117e-01 |
58 variables; iteration 100; function evaluation 118; phase 4
Function value 1.0616737e+02; maximum gradient component mag 9.7812e-01
Var    Value     Gradient |Var    Value     Gradient |Var    Value     Gradient
  1  0.13560  9.78119e-01 |  2 -0.13881  6.04705e-03 |  3  0.00346  9.83026e-03
  4 -0.03022  1.15605e-02 |  5  0.01729  1.37290e-02 |  6 -0.05410  1.67973e-02
  7 -0.10388 -2.29201e-03 |  8 -0.05808  1.02970e-02 |  9 -0.07720 -8.66059e-03
 10  0.03358  1.11256e-02 | 11  0.02039  3.64480e-02 | 12  0.06482  1.35146e-01
 13  0.00750  3.15446e-02 | 14 -0.00903 -4.18646e-02 | 15  0.07357  3.61017e-04
 16  0.02513  8.31145e-04 | 17 -0.04652 -1.71583e-03 | 18 -0.00511  3.31176e-02
 19 -0.01926  4.23673e-02 | 20  0.04463 -2.05046e-02 | 21  0.03983  7.84852e-03
 22 -0.05990 -1.17706e-02 | 23 -0.03220 -1.45737e-02 | 24 -0.10501 -3.12506e-02
 25  0.01431 -2.71400e-02 | 26 -0.01137 -2.58556e-02 | 27 -0.00783 -4.98795e-02
 28  0.05778 -9.18073e-03 | 29  0.00234 -3.67777e-03 | 30  0.05976  1.30880e-02
 31 -0.02643  7.84968e-03 | 32  0.04669 -2.15432e-02 | 33  0.01651  1.56516e-02
 34  0.05077 -2.31644e-02 | 35  0.02414 -1.01154e-02 | 36 -0.00690 -2.48692e-02
 37  0.03066 -2.38339e-02 | 38  0.00961 -1.47404e-02 | 39  0.25180 -1.72759e-01
 40  0.25630  2.19741e-01 | 41  0.27266  4.02656e-03 | 42  0.27353 -6.95123e-03
 43 -0.35877  4.40637e-02 | 44 -0.04104  7.58787e-04 | 45 -0.04868 -5.79122e-05
 46 -0.71039  1.47146e-06 | 47 -0.69327  4.17794e-02 | 48 -0.72272 -4.73614e-02
 49 -0.55797 -5.00104e-03 | 50 -0.46529 -4.52174e-03 | 51 -0.32946  4.39068e-02
 52  0.02326  2.15818e-03 | 53 -0.14621 -1.89296e-02 | 54 -0.13705  2.96749e-02
 55  0.05061 -8.37535e-03 | 56  0.06985 -1.80263e-02 | 57 -0.14176 -1.34610e-02
 58 -0.17058 -6.27570e-03 |
58 variables; iteration 120; function evaluation 139; phase 4
Function value 1.0616735e+02; maximum gradient component mag 2.5117e-01
Var    Value     Gradient |Var    Value     Gradient |Var    Value     Gradient
  1  0.13560 -1.09987e-01 |  2 -0.13881  9.17464e-04 |  3  0.00346 -2.23613e-05
  4 -0.03023 -4.17327e-04 |  5  0.01729 -1.52354e-03 |  6 -0.05410  2.27852e-03
  7 -0.10388  1.32307e-03 |  8 -0.05808  1.94754e-03 |  9 -0.07720  9.27408e-04
 10  0.03358  1.10755e-03 | 11  0.02039  1.26537e-03 | 12  0.06481  2.37859e-03
 13  0.00751  1.45995e-03 | 14 -0.00901 -7.23793e-04 | 15  0.07356  2.47159e-03
 16  0.02512  1.83256e-03 | 17 -0.04652  1.63159e-03 | 18 -0.00511  2.19686e-03
 19 -0.01926  1.92885e-03 | 20  0.04463  1.40539e-03 | 21  0.03983  2.78125e-03
 22 -0.05989  1.28960e-03 | 23 -0.03219  1.66760e-03 | 24 -0.10500  5.28140e-04
 25  0.01430 -8.66672e-05 | 26 -0.01137  8.30901e-04 | 27 -0.00783 -1.11282e-04
 28  0.05778 -1.40560e-03 | 29  0.00234 -4.23890e-03 | 30  0.05976 -7.24848e-03
 31 -0.02643 -1.32564e-03 | 32  0.04670 -9.29030e-03 | 33  0.01651 -2.14067e-03
 34  0.05077 -3.19122e-03 | 35  0.02414  3.02987e-04 | 36 -0.00690  1.43149e-03
 37  0.03066  2.41891e-03 | 38  0.00961 -5.31182e-03 | 39  0.25179  2.03584e-02
 40  0.25629 -1.35664e-01 | 41  0.27266 -5.56527e-04 | 42  0.27354 -6.39758e-04
 43 -0.35951 -3.74335e-03 | 44 -0.00583 -6.28564e-05 | 45 -0.03136  2.91126e-05
 46 -0.71088  5.69253e-07 | 47 -0.69256  4.46808e-03 | 48 -0.72208 -5.07559e-03
 49 -0.55795  2.69203e-03 | 50 -0.46527 -2.28539e-03 | 51 -0.32769 -3.12786e-03
 52 -0.01888 -1.52297e-04 | 53 -0.15816  2.51167e-01 | 54 -0.13852 -2.46685e-01
 55  0.05063 -7.38150e-04 | 56  0.06986  2.55989e-04 | 57 -0.13230  2.70939e-02
 58 -0.15991  2.23505e-01 |
58 variables; iteration 140; function evaluation 163; phase 4
Function value 1.0616734e+02; maximum gradient component mag 1.6131e-01
Var    Value     Gradient |Var    Value     Gradient |Var    Value     Gradient
  1  0.13560 -5.74731e-02 |  2 -0.13882 -3.86118e-04 |  3  0.00346  4.86936e-04
  4 -0.03023  5.21673e-04 |  5  0.01729  8.75750e-04 |  6 -0.05410  6.42333e-04
  7 -0.10388  1.43471e-03 |  8 -0.05808  1.35393e-03 |  9 -0.07720  9.43456e-04
 10  0.03358  1.46124e-03 | 11  0.02039  2.00360e-03 | 12  0.06481  3.33193e-03
 13  0.00751  9.25246e-04 | 14 -0.00900  9.05760e-04 | 15  0.07356 -9.74194e-04
 16  0.02512 -1.07565e-03 | 17 -0.04652 -6.09842e-04 | 18 -0.00511  4.30498e-04
 19 -0.01926 -1.33094e-04 | 20  0.04463  8.81692e-04 | 21  0.03983  7.11359e-04
 22 -0.05989  1.33216e-04 | 23 -0.03219  9.95590e-04 | 24 -0.10500  1.20622e-03
 25  0.01430  2.02324e-03 | 26 -0.01137  1.03931e-03 | 27 -0.00783  1.80643e-03
 28  0.05777 -1.59901e-03 | 29  0.00234 -3.71314e-03 | 30  0.05976 -6.67541e-03
 31 -0.02643 -2.67794e-03 | 32  0.04670 -5.59821e-03 | 33  0.01651 -4.01112e-03
 34  0.05077 -4.69159e-04 | 35  0.02414  9.66588e-04 | 36 -0.00690  2.85085e-03
 37  0.03066  3.43427e-03 | 38  0.00961 -2.99116e-03 | 39  0.25179 -2.40524e-02
 40  0.25629 -9.07750e-02 | 41  0.27266 -1.72053e-04 | 42  0.27354  5.44486e-04
 43 -0.35932  3.30454e-03 | 44 -0.01486  3.95603e-05 | 45 -0.03320  1.98757e-05
 46 -0.71083 -8.49383e-07 | 47 -0.69246 -8.83002e-03 | 48 -0.72200  9.81258e-03
 49 -0.55796 -3.95105e-03 | 50 -0.46528  3.12752e-03 | 51 -0.32802  3.44772e-03
 52 -0.01145  1.78784e-04 | 53 -0.18020  1.61311e-01 | 54 -0.14012 -1.57909e-01
 55  0.05063  1.08998e-04 | 56  0.06986 -2.95535e-04 | 57 -0.11324  1.34967e-02
 58 -0.13948  1.50264e-01 |
58 variables; iteration 160; function evaluation 188; phase 4
Function value 1.0616734e+02; maximum gradient component mag -5.5987e-02
Var    Value     Gradient |Var    Value     Gradient |Var    Value     Gradient
  1  0.13560 -2.60203e-02 |  2 -0.13882 -1.08671e-04 |  3  0.00346  7.45092e-05
  4 -0.03023  8.68461e-05 |  5  0.01729  2.81622e-04 |  6 -0.05410  1.10589e-04
  7 -0.10388  5.34982e-04 |  8 -0.05808  5.25985e-04 |  9 -0.07720  3.19569e-04
 10  0.03358  4.46768e-04 | 11  0.02039  4.69070e-04 | 12  0.06481  6.10781e-04
 13  0.00751  1.73850e-04 | 14 -0.00900  2.49530e-04 | 15  0.07356 -7.82437e-04
 16  0.02512 -1.09461e-03 | 17 -0.04652 -8.75700e-04 | 18 -0.00512 -3.44337e-05
 19 -0.01926 -2.35547e-04 | 20  0.04463  5.17785e-04 | 21  0.03983  4.31039e-04
 22 -0.05989  2.28103e-04 | 23 -0.03219  4.96387e-04 | 24 -0.10500  3.88119e-04
 25  0.01430  5.63430e-04 | 26 -0.01137  3.48441e-04 | 27 -0.00783  6.76509e-04
 28  0.05777 -4.26369e-04 | 29  0.00234 -1.06953e-03 | 30  0.05976 -1.92799e-03
 31 -0.02643 -6.64745e-04 | 32  0.04670 -1.62338e-03 | 33  0.01651 -1.13408e-03
 34  0.05077  7.40898e-05 | 35  0.02414  4.35075e-04 | 36 -0.00690  1.21576e-03
 37  0.03066  1.43265e-03 | 38  0.00961 -8.63367e-04 | 39  0.25179 -1.99695e-03
 40  0.25629 -2.92216e-02 | 41  0.27266 -4.13825e-06 | 42  0.27354  3.14447e-04
 43 -0.35951  1.15403e-03 | 44 -0.00610  3.82235e-05 | 45 -0.05074 -6.82544e-05
 46 -0.71033  2.18580e-06 | 47 -0.69240 -2.24778e-03 | 48 -0.72194  2.58320e-03
 49 -0.55796 -3.16375e-03 | 50 -0.46528  2.52905e-03 | 51 -0.32797  5.50372e-04
 52 -0.01263  4.32619e-05 | 53 -0.19461  5.57428e-02 | 54 -0.14067 -5.59867e-02
 55  0.05063  5.61206e-05 | 56  0.06986 -7.72641e-05 | 57 -0.10015  4.98950e-03
 58 -0.12588  5.22553e-02 |
58 variables; iteration 180; function evaluation 208; phase 4
Function value 1.0616734e+02; maximum gradient component mag -2.8747e-02
Var    Value     Gradient |Var    Value     Gradient |Var    Value     Gradient
  1  0.13560 -6.50337e-04 |  2 -0.13882 -1.73253e-05 |  3  0.00346 -4.84228e-04
  4 -0.03023 -4.04387e-04 |  5  0.01729 -2.55172e-04 |  6 -0.05410 -6.81187e-05
  7 -0.10388 -5.34505e-04 |  8 -0.05808 -5.53278e-04 |  9 -0.07720  3.50010e-05
 10  0.03358 -2.31087e-04 | 11  0.02039 -5.38890e-04 | 12  0.06481 -1.06424e-03
 13  0.00751  7.84088e-05 | 14 -0.00900 -1.72832e-04 | 15  0.07356  4.21630e-04
 16  0.02512  1.67248e-04 | 17 -0.04652 -9.82225e-05 | 18 -0.00512 -6.05745e-07
 19 -0.01926  3.39882e-04 | 20  0.04463 -7.23484e-06 | 21  0.03983  1.76554e-05
 22 -0.05989  4.67776e-04 | 23 -0.03219 -3.69583e-04 | 24 -0.10500 -7.04179e-04
 25  0.01430 -1.41635e-03 | 26 -0.01137 -3.77413e-04 | 27 -0.00783 -6.61730e-04
 28  0.05778 -9.94109e-05 | 29  0.00234  8.59333e-04 | 30  0.05976  2.28805e-03
 31 -0.02643  1.14614e-03 | 32  0.04670  1.61766e-03 | 33  0.01651  1.71491e-03
 34  0.05077 -1.11386e-05 | 35  0.02414 -5.32419e-04 | 36 -0.00690 -1.04913e-03
 37  0.03066 -9.86872e-04 | 38  0.00961  8.99441e-04 | 39  0.25179  1.77552e-02
 40  0.25629  2.03557e-02 | 41  0.27266 -1.16894e-04 | 42  0.27354 -3.04094e-04
 43 -0.35951 -2.84667e-03 | 44 -0.00606 -4.52346e-05 | 45 -0.03530  9.33883e-06
 46 -0.71077 -6.14787e-07 | 47 -0.69242  5.68436e-03 | 48 -0.72196 -6.24582e-03
 49 -0.55796  6.07716e-04 | 50 -0.46527 -5.38417e-04 | 51 -0.32770 -2.56244e-03
 52 -0.01872 -1.26263e-04 | 53 -0.20455 -2.50268e-02 | 54 -0.13932  2.06284e-02
 55  0.05063 -1.53930e-05 | 56  0.06986 -1.22415e-04 | 57 -0.08840  2.89376e-03
 58 -0.11505 -2.87474e-02 |
58 variables; iteration 200; function evaluation 229; phase 4
Function value 1.0616734e+02; maximum gradient component mag -2.6005e-02
Var    Value     Gradient |Var    Value     Gradient |Var    Value     Gradient
  1  0.13560 -1.13413e-02 |  2 -0.13882  2.85728e-05 |  3  0.00346 -5.44463e-05
  4 -0.03023 -5.02904e-05 |  5  0.01729 -6.53243e-05 |  6 -0.05410  1.91003e-04
  7 -0.10388  9.14105e-05 |  8 -0.05808  1.01786e-04 |  9 -0.07720  1.66421e-04
 10  0.03358  1.18563e-04 | 11  0.02039  7.22761e-05 | 12  0.06481 -2.56117e-05
 13  0.00751  1.81298e-04 | 14 -0.00900  1.57511e-04 | 15  0.07356  3.43917e-04
 16  0.02512  3.42418e-04 | 17 -0.04652  2.81147e-04 | 18 -0.00512  1.39966e-04
 19 -0.01926  1.57121e-04 | 20  0.04463  1.52171e-04 | 21  0.03983  1.49319e-04
 22 -0.05989  1.67747e-04 | 23 -0.03219  5.63070e-05 | 24 -0.10500  1.44345e-05
 25  0.01430 -1.24591e-04 | 26 -0.01137  7.34244e-05 | 27 -0.00783 -9.56679e-06
 28  0.05777 -2.87375e-04 | 29  0.00234 -3.90576e-04 | 30  0.05976 -5.41616e-04
 31 -0.02643 -1.05018e-04 | 32  0.04670 -6.72344e-04 | 33  0.01651 -1.88682e-04
 34  0.05077 -2.41493e-04 | 35  0.02414 -6.13125e-05 | 36 -0.00690  1.87865e-05
 37  0.03066  1.62620e-04 | 38  0.00961 -3.73491e-04 | 39  0.25179  2.58671e-03
 40  0.25629 -1.27181e-02 | 41  0.27266  1.48594e-05 | 42  0.27354 -5.44215e-05
 43 -0.35946 -3.56179e-04 | 44 -0.00834 -4.48242e-06 | 45 -0.03737 -1.03587e-06
 46 -0.71071 -8.19642e-08 | 47 -0.69247  9.06790e-04 | 48 -0.72200 -1.00687e-03
 49 -0.55795  4.05122e-04 | 50 -0.46527 -3.30382e-04 | 51 -0.32778 -3.83214e-04
 52 -0.01692 -1.98557e-05 | 53 -0.20156  2.49077e-02 | 54 -0.13886 -2.60055e-02
 55  0.05063 -1.01579e-05 | 56  0.06986  1.24062e-05 | 57 -0.09053  4.22033e-03
 58 -0.11753  2.16056e-02 |

 - final statistics:
58 variables; iteration 211; function evaluation 241
Function value 1.0617e+02; maximum gradient component mag 3.9978e-05
Exit code = 1;  converg criter 1.0000e-04
Var    Value     Gradient |Var    Value     Gradient |Var    Value     Gradient
  1  0.13560  3.99785e-05 |  2 -0.13882 -9.57249e-08 |  3  0.00346  9.96761e-08
  4 -0.03023  1.48136e-07 |  5  0.01729  3.57930e-07 |  6 -0.05410 -3.05830e-07
  7 -0.10388 -4.75615e-07 |  8 -0.05808 -4.33544e-07 |  9 -0.07720 -4.28735e-07
 10  0.03358 -2.55120e-07 | 11  0.02039 -6.02040e-08 | 12  0.06481  7.82450e-07
 13  0.00751 -2.37930e-08 | 14 -0.00900 -5.47051e-07 | 15  0.07356 -1.21083e-07
 16  0.02512 -3.49531e-08 | 17 -0.04652 -1.04460e-07 | 18 -0.00512  1.76761e-07
 19 -0.01926  3.07560e-07 | 20  0.04463 -4.67937e-07 | 21  0.03983 -4.58715e-07
 22 -0.05989 -4.13889e-07 | 23 -0.03219 -4.13817e-07 | 24 -0.10500 -5.25984e-07
 25  0.01430  2.47958e-09 | 26 -0.01137 -2.24498e-07 | 27 -0.00783 -2.25561e-07
 28  0.05777  3.15128e-07 | 29  0.00234  6.01871e-07 | 30  0.05976  1.19197e-06
 31 -0.02643  1.82311e-07 | 32  0.04670  1.19035e-06 | 33  0.01651  5.21136e-07
 34  0.05077  2.78239e-07 | 35  0.02414  6.25599e-08 | 36 -0.00690 -1.92092e-07
 37  0.03066 -2.83975e-07 | 38  0.00961  4.35972e-07 | 39  0.25179 -1.40205e-06
 40  0.25629  2.20259e-05 | 41  0.27266  5.51583e-08 | 42  0.27354 -8.66696e-10
 43 -0.35945  1.38913e-06 | 44 -0.00893  2.75430e-08 | 45 -0.03716  4.17994e-09
 46 -0.71072 -3.08823e-09 | 47 -0.69247 -1.83173e-06 | 48 -0.72200  1.99072e-06
 49 -0.55796  7.46200e-07 | 50 -0.46527 -6.80314e-07 | 51 -0.32780 -2.22578e-08
 52 -0.01638 -6.45932e-09 | 53 -0.19966 -3.83018e-05 | 54 -0.13891  3.61769e-05
 55  0.05063 -6.37819e-08 | 56  0.06986 -2.55352e-07 | 57 -0.09243 -9.93327e-07
 58 -0.11941 -3.85534e-05 |
Estimating row 1 out of 58 for hessian
Estimating row 2 out of 58 for hessian
Estimating row 3 out of 58 for hessian
Estimating row 4 out of 58 for hessian
Estimating row 5 out of 58 for hessian
Estimating row 6 out of 58 for hessian
Estimating row 7 out of 58 for hessian
Estimating row 8 out of 58 for hessian
Estimating row 9 out of 58 for hessian
Estimating row 10 out of 58 for hessian
Estimating row 11 out of 58 for hessian
Estimating row 12 out of 58 for hessian
Estimating row 13 out of 58 for hessian
Estimating row 14 out of 58 for hessian
Estimating row 15 out of 58 for hessian
Estimating row 16 out of 58 for hessian
Estimating row 17 out of 58 for hessian
Estimating row 18 out of 58 for hessian
Estimating row 19 out of 58 for hessian
Estimating row 20 out of 58 for hessian
Estimating row 21 out of 58 for hessian
Estimating row 22 out of 58 for hessian
Estimating row 23 out of 58 for hessian
Estimating row 24 out of 58 for hessian
Estimating row 25 out of 58 for hessian
Estimating row 26 out of 58 for hessian
Estimating row 27 out of 58 for hessian
Estimating row 28 out of 58 for hessian
Estimating row 29 out of 58 for hessian
Estimating row 30 out of 58 for hessian
Estimating row 31 out of 58 for hessian
Estimating row 32 out of 58 for hessian
Estimating row 33 out of 58 for hessian
Estimating row 34 out of 58 for hessian
Estimating row 35 out of 58 for hessian
Estimating row 36 out of 58 for hessian
Estimating row 37 out of 58 for hessian
Estimating row 38 out of 58 for hessian
Estimating row 39 out of 58 for hessian
Estimating row 40 out of 58 for hessian
Estimating row 41 out of 58 for hessian
Estimating row 42 out of 58 for hessian
Estimating row 43 out of 58 for hessian
Estimating row 44 out of 58 for hessian
Estimating row 45 out of 58 for hessian
Estimating row 46 out of 58 for hessian
Estimating row 47 out of 58 for hessian
Estimating row 48 out of 58 for hessian
Estimating row 49 out of 58 for hessian
Estimating row 50 out of 58 for hessian
Estimating row 51 out of 58 for hessian
Estimating row 52 out of 58 for hessian
Estimating row 53 out of 58 for hessian
Estimating row 54 out of 58 for hessian
Estimating row 55 out of 58 for hessian
Estimating row 56 out of 58 for hessian
Estimating row 57 out of 58 for hessian
Estimating row 58 out of 58 for hessian
size of file gradfil1.tmp = 0
size of file gradfil2.tmp = 0
size of file varssave.tmp = 0
size of file cmpdiff.tmp = 0
