
Initial statistics: 2 variables; iteration 0; function evaluation 0; phase 1
Function value 4.3088599e+03; maximum gradient component mag 2.9052e+04
Var    Value     Gradient |Var    Value     Gradient |Var    Value     Gradient
  1  0.39650  2.90522e+04 |  2  0.21635  9.34819e+03 |

 - final statistics:
2 variables; iteration 7; function evaluation 13
Function value 6.0416e+02; maximum gradient component mag 3.1949e+00
Exit code = 1;  converg criter 1.0000e+01
Var    Value     Gradient |Var    Value     Gradient |Var    Value     Gradient
  1  0.18305  2.69056e+00 |  2  0.20437  3.19486e+00 |

Initial statistics: 47 variables; iteration 0; function evaluation 0; phase 2
Function value 6.0415877e+02; maximum gradient component mag 2.9915e+03
Var    Value     Gradient |Var    Value     Gradient |Var    Value     Gradient
  1  0.18305  2.69056e+00 |  2  0.00000  5.08425e+01 |  3  0.00000 -1.08754e+02
  4  0.00000  3.97662e+01 |  5  0.00000 -6.77931e+01 |  6  0.00000 -2.54945e+01
  7  0.00000  5.32081e+01 |  8  0.00000  6.56818e+00 |  9  0.00000  1.05516e+01
 10  0.00000 -7.52736e+01 | 11  0.00000  9.99806e+00 | 12  0.00000 -5.08868e+01
 13  0.00000 -6.99398e+00 | 14  0.00000 -6.45198e+00 | 15  0.00000 -8.36639e+01
 16  0.00000  1.29103e+01 | 17  0.00000  1.05238e+02 | 18  0.00000  1.20868e+01
 19  0.00000  3.25614e+01 | 20  0.00000 -1.30189e+02 | 21  0.00000 -1.31251e+02
 22  0.00000  1.33505e+02 | 23  0.00000  2.59798e+01 | 24  0.00000  2.68522e+02
 25  0.00000  9.89771e+01 | 26  0.00000  4.97260e+00 | 27  0.00000  2.52527e+01
 28  0.00000 -5.61459e+01 | 29  0.00000  1.88620e+02 | 30  0.00000 -2.82927e+02
 31  0.00000  2.08403e+02 | 32  0.00000 -3.10857e+02 | 33  0.00000  1.45904e+01
 34  0.00000 -2.18187e+02 | 35  0.00000  1.66376e+02 | 36  0.21635  2.99149e+03
 37  0.21635 -7.31465e+02 | 38  0.20437  3.19486e+00 | 39 -1.00000 -1.08293e-07
 40  0.00000  1.24783e-04 | 41  0.00000  3.59324e-01 | 42 -0.53989  7.58332e+00
 43 -1.00000 -1.08293e-07 | 44 -0.53989  1.21723e+01 | 45 -1.00000 -1.08293e-07
 46 -0.53989  3.41332e+00 | 47 -0.17585 -4.52891e+02 |

Intermediate statistics: 47 variables; iteration 20; function evaluation 24; phase 2
Function value 3.9873278e+02; maximum gradient component mag 2.5208e+03
Var    Value     Gradient |Var    Value     Gradient |Var    Value     Gradient
  1  0.20293  1.57931e+03 |  2 -0.15955 -2.74609e+01 |  3  0.17964  1.68544e+02
  4  0.01053 -8.19359e+01 |  5  0.11525  8.19831e+01 |  6  0.05686  3.35710e+01
  7 -0.05408 -6.69293e+01 |  8 -0.00700 -5.93321e-02 |  9  0.01182 -4.78030e+00
 10  0.11395  1.12384e+02 | 11  0.02308 -2.19672e+00 | 12  0.06432  1.01802e+02
 13  0.01052  4.14356e+01 | 14  0.01416  3.59945e+01 | 15  0.07714  2.01286e+02
 16 -0.00967  8.40527e+01 | 17 -0.10951 -3.38530e+01 | 18 -0.00525  1.01170e+02
 19 -0.02852  6.51563e+01 | 20  0.13115  3.20265e+02 | 21  0.08765  2.11396e+02
 22 -0.07178  2.87756e+01 | 23 -0.06103  9.03930e-02 | 24 -0.20340 -7.85727e+01
 25 -0.11836 -1.01825e+02 | 26 -0.08910 -9.25271e+01 | 27 -0.07780 -1.59562e+02
 28 -0.05329 -2.74019e+02 | 29 -0.05803 -4.94897e+01 | 30  0.08717  2.27521e+02
 31  0.00384  1.72830e+02 | 32  0.00117 -2.34317e+02 | 33  0.03297  7.00640e+01
 34  0.09974  4.29907e+01 | 35  0.15419  2.27368e+02 | 36  0.20178  2.52079e+03
 37  0.21983  1.16197e+01 | 38  0.17576 -1.64450e+03 | 39 -1.38313 -7.17097e-02
 40 -0.00008  2.18496e-02 | 41 -0.00601  1.21056e-02 | 42 -0.67242  3.63874e-01
 43 -1.33173  6.06213e+02 | 44 -0.61059  5.20348e+02 | 45 -1.19175  1.98708e+01
 46 -0.59006  1.00957e+01 | 47 -0.09131 -1.83893e+02 |
47 variables; iteration 40; function evaluation 48; phase 2
Function value 3.1602254e+02; maximum gradient component mag -7.2211e+02
Var    Value     Gradient |Var    Value     Gradient |Var    Value     Gradient
  1  0.18912 -3.72896e+02 |  2 -0.21059 -3.65598e+01 |  3  0.15779  1.59168e+02
  4  0.02829 -3.04804e+01 |  5  0.09662  5.41043e+01 |  6  0.04786  2.94291e+01
  7 -0.05232 -5.75011e+01 |  8  0.00370  1.51619e+01 |  9  0.02077  6.01681e+00
 10  0.10735  9.17833e+01 | 11  0.02990  1.45102e+01 | 12  0.05156  6.62550e+01
 13 -0.00073  2.19766e+01 | 14  0.00423  2.34645e+01 | 15  0.05063  9.18696e+01
 16 -0.02389  3.62984e+01 | 17 -0.12983 -7.05074e+01 | 18  0.00368  4.83551e+01
 19 -0.04009 -4.64523e+00 | 20  0.13102  2.07165e+02 | 21  0.09243  1.42547e+02
 22 -0.09220 -5.82068e+01 | 23 -0.07462 -9.23177e+01 | 24 -0.24492 -1.50050e+02
 25 -0.09559 -1.53394e+02 | 26 -0.07042 -6.27372e+01 | 27 -0.06003 -1.27031e+02
 28  0.00202 -8.74022e+01 | 29 -0.07062 -1.60662e+02 | 30  0.10541  2.91973e+02
 31 -0.02485 -3.94585e+01 | 32  0.04505 -1.14309e+02 | 33  0.01115 -1.10070e+02
 34  0.10695  1.03796e+01 | 35  0.16327  2.05501e+02 | 36  0.19121 -2.32970e+02
 37  0.22277 -3.22970e+02 | 38  0.19228 -7.22105e+02 | 39 -1.53715 -5.57060e+00
 40 -0.16683  6.80594e-01 | 41 -0.02579 -1.27731e-04 | 42 -0.80380 -9.86022e-03
 43 -1.36007 -4.13006e+01 | 44 -0.64839 -4.01851e+01 | 45 -0.93864 -1.06332e+02
 46 -1.12319 -5.28033e+01 | 47 -0.09479 -2.25944e+02 |

 - final statistics:
47 variables; iteration 59; function evaluation 76
Function value 2.1238e+02; maximum gradient component mag -7.9667e+00
Exit code = 1;  converg criter 1.0000e+01
Var    Value     Gradient |Var    Value     Gradient |Var    Value     Gradient
  1  0.16822  4.09154e+00 |  2 -0.15675  7.89637e-01 |  3 -0.03277  7.76778e-01
  4 -0.07465  1.22025e+00 |  5 -0.02900  8.62590e-01 |  6 -0.07508 -3.02403e-01
  7 -0.11661 -4.41222e-01 |  8 -0.07634 -1.26166e-01 |  9 -0.06119 -1.05404e-01
 10  0.01849 -1.60911e-01 | 11 -0.00470 -3.71202e-01 | 12  0.03329 -2.44341e-02
 13  0.00521 -1.25109e-01 | 14  0.00622  1.94606e-01 | 15  0.05547 -3.56930e-01
 16  0.00093 -2.95890e-02 | 17 -0.05132 -7.42487e-01 | 18  0.00933  1.02304e+00
 19 -0.01183  2.82490e-01 | 20  0.08639  2.17141e-01 | 21  0.06926 -2.25153e-01
 22 -0.04413  6.08504e-02 | 23 -0.01224  1.66746e-01 | 24 -0.10857  1.11788e-01
 25 -0.04293 -6.54783e-03 | 26 -0.02352 -1.05712e-01 | 27 -0.00182  5.53943e-01
 28  0.01453 -5.39392e-02 | 29 -0.01235 -9.41413e-01 | 30  0.06479 -2.67077e-03
 31 -0.00805  2.45345e-01 | 32  0.07206 -9.31736e-02 | 33  0.04668  8.70123e-01
 34  0.09301  1.00675e-01 | 35  0.07457 -4.93028e-01 | 36  0.20175  7.59072e+00
 37  0.23558 -3.81589e-01 | 38  0.22097 -4.96410e+00 | 39 -1.55477 -8.84914e-01
 40 -0.57493  8.09869e-02 | 41 -0.80621 -9.40631e-03 | 42 -1.31871 -4.39467e-02
 43 -1.33586  1.63617e+00 | 44 -0.67830  2.00581e+00 | 45 -0.91699 -7.96673e+00
 46 -1.12941 -5.06955e+00 | 47 -0.04630  1.03098e+00 |

Initial statistics: 52 variables; iteration 0; function evaluation 0; phase 3
Function value 2.1238189e+02; maximum gradient component mag -1.1496e+03
Var    Value     Gradient |Var    Value     Gradient |Var    Value     Gradient
  1  0.16822  4.09154e+00 |  2 -0.15675  7.89637e-01 |  3 -0.03277  7.76778e-01
  4 -0.07465  1.22025e+00 |  5 -0.02900  8.62590e-01 |  6 -0.07508 -2.72815e-01
  7 -0.11661 -4.11926e-01 |  8 -0.07634 -9.65849e-02 |  9 -0.06119 -7.57471e-02
 10  0.01849 -1.31128e-01 | 11 -0.00470 -3.41409e-01 | 12  0.03329  5.31990e-03
 13  0.00521 -9.53157e-02 | 14  0.00623  2.24400e-01 | 15  0.05547 -3.27248e-01
 16  0.00093  2.05656e-04 | 17 -0.05132 -7.12789e-01 | 18  0.00933  1.05283e+00
 19 -0.01183  3.12279e-01 | 20  0.08639  2.46662e-01 | 21  0.06926 -1.95534e-01
 22 -0.04413  9.05736e-02 | 23 -0.01224  1.96536e-01 | 24 -0.10857  1.41150e-01
 25 -0.04293  2.31792e-02 | 26 -0.02352 -7.59379e-02 | 27 -0.00182  5.83737e-01
 28  0.01453 -2.41523e-02 | 29 -0.01235 -9.11624e-01 | 30  0.06479  2.69698e-02
 31 -0.00805  2.75137e-01 | 32  0.07206 -6.35696e-02 | 33  0.04668  8.99837e-01
 34  0.09301  1.30152e-01 | 35  0.07457 -4.63437e-01 | 36  0.20175  7.59072e+00
 37  0.23558 -3.81589e-01 | 38  0.22097 -4.96410e+00 | 39 -0.44523  8.84914e-01
 40 -0.57493  8.09869e-02 | 41 -0.80621 -9.40631e-03 | 42 -0.68129  4.39467e-02
 43 -0.66414 -1.63617e+00 | 44 -0.67830  2.00581e+00 | 45 -0.91699 -7.96673e+00
 46 -0.87059  5.06955e+00 | 47 -0.32288  2.52419e+02 | 48  0.21635  7.78205e+00
 49 -0.17585 -1.14957e+03 | 50 -0.12819  3.73214e-03 | 51 -0.04630  1.03098e+00
 52  0.05795  1.99601e+01 |

Intermediate statistics: 52 variables; iteration 20; function evaluation 28; phase 3
Function value 1.6040444e+02; maximum gradient component mag -7.3604e+02
Var    Value     Gradient |Var    Value     Gradient |Var    Value     Gradient
  1  0.15604 -7.36042e+02 |  2 -0.15151 -1.02075e+00 |  3 -0.02311 -8.57248e+00
  4 -0.06194 -3.86936e+00 |  5 -0.01580 -6.38288e+00 |  6 -0.07013  9.68857e+00
  7 -0.11707  5.41115e+00 |  8 -0.07278  9.41044e+00 |  9 -0.06400  1.22743e+01
 10  0.02207  5.92066e+00 | 11  0.00069  3.10820e+00 | 12  0.04049 -3.17954e+00
 13  0.01129 -8.17424e-01 | 14  0.00524  3.64661e+00 | 15  0.05915 -1.11649e+01
 16  0.00169 -6.98760e+00 | 17 -0.06109  4.70464e-01 | 18 -0.02025 -1.20331e+01
 19 -0.01805 -1.47197e+01 | 20  0.05568 -1.06913e+01 | 21  0.05446 -8.23107e+00
 22 -0.03948  4.22842e+00 | 23 -0.02484  6.18630e-01 | 24 -0.11173  6.17520e+00
 25 -0.02446 -8.48621e+00 | 26 -0.02669 -5.59994e+00 | 27 -0.01536 -2.96612e+01
 28  0.03719 -4.55824e+01 | 29 -0.00269  1.65205e+01 | 30  0.06739 -8.36785e+00
 31 -0.01428  2.83624e+00 | 32  0.08517  6.15247e+00 | 33  0.05602  1.53128e+01
 34  0.09286 -1.76082e+01 | 35  0.09169  2.22523e+01 | 36  0.23637  5.37770e+02
 37  0.24243 -3.20298e+02 | 38  0.22379 -1.93715e+02 | 39 -0.45485  2.06706e-01
 40 -0.57580  1.79166e-02 | 41 -0.80605 -9.52942e-03 | 42 -0.68191  2.86350e-02
 43 -0.67361 -9.21087e+01 | 44 -0.69083  9.75801e+01 | 45 -0.94010 -1.51029e+02
 46 -0.91231  1.03029e+02 | 47 -0.43758  3.42340e+01 | 48  0.17089  4.55345e+00
 49 -0.11007 -1.48729e+02 | 50 -0.10983  1.47744e+02 | 51 -0.06918 -7.26837e+01
 52  0.02587  6.40312e+01 |
52 variables; iteration 40; function evaluation 56; phase 3
Function value 1.5699339e+02; maximum gradient component mag 3.7091e+02
Var    Value     Gradient |Var    Value     Gradient |Var    Value     Gradient
  1  0.15563 -2.18087e+02 |  2 -0.15235 -2.47254e-01 |  3 -0.02262  1.40975e-01
  4 -0.05971  5.39173e+00 |  5 -0.01825 -6.63603e+00 |  6 -0.07161  6.37660e+00
  7 -0.11922  3.24925e-01 |  8 -0.07331  5.34374e+00 |  9 -0.06473  6.24551e+00
 10  0.02523  3.83062e+00 | 11  0.00503  4.41232e+00 | 12  0.03956 -9.09428e+00
 13  0.00702 -1.02876e+01 | 14  0.00179 -2.41665e+00 | 15  0.05917 -1.23301e+01
 16  0.00436  7.53694e-02 | 17 -0.06030  2.01755e+00 | 18 -0.01934 -7.18396e+00
 19 -0.01765 -5.04403e+00 | 20  0.05784 -8.12881e+00 | 21  0.05260 -1.51540e+01
 22 -0.03895  5.28835e+00 | 23 -0.02437 -1.12358e+00 | 24 -0.11204  4.84583e+00
 25 -0.02644 -3.74345e+00 | 26 -0.02572  1.50514e+00 | 27 -0.01198 -1.29668e+01
 28  0.03590 -2.01980e+01 | 29 -0.00440  9.15439e+00 | 30  0.06718  3.42658e+00
 31 -0.01224  1.05164e+01 | 32  0.08311  9.49053e+00 | 33  0.05527  1.04717e+01
 34  0.09436 -6.56299e+00 | 35  0.09274  2.73112e+00 | 36  0.23585  3.70912e+02
 37  0.24579 -1.10314e+02 | 38  0.22638 -9.78345e+01 | 39 -0.70455 -6.27387e-03
 40 -0.59810 -4.29358e-03 | 41 -0.80105 -9.47243e-03 | 42 -0.69905  5.68444e-03
 43 -0.82941  2.13417e+02 | 44 -0.84250 -2.31382e+02 | 45 -0.94368 -2.28867e+01
 46 -0.91969  1.59906e+01 | 47 -0.40621  1.45566e+00 | 48 -0.76987  1.38418e-01
 49 -0.11090 -8.45857e+01 | 50 -0.11175  8.54928e+01 | 51 -0.06806 -2.42660e+01
 52  0.01685  2.24825e+01 |
52 variables; iteration 60; function evaluation 86; phase 3
Function value 1.5552849e+02; maximum gradient component mag 9.3527e+00
Var    Value     Gradient |Var    Value     Gradient |Var    Value     Gradient
  1  0.15749  9.35273e+00 |  2 -0.15230  7.71388e-02 |  3 -0.02382  2.31060e-01
  4 -0.06428  1.18518e-01 |  5 -0.01809  7.47234e-01 |  6 -0.07338  3.09922e-01
  7 -0.11835 -1.20249e-01 |  8 -0.07649  1.31616e-01 |  9 -0.06884 -1.60762e-01
 10  0.02140 -4.11787e-02 | 11  0.00111 -6.69105e-02 | 12  0.04143  9.93649e-02
 13  0.01139 -1.14957e-01 | 14  0.00554 -9.71957e-02 | 15  0.06030 -1.89482e-01
 16  0.00204  4.47365e-02 | 17 -0.06053  2.14948e-01 | 18 -0.01524  5.67201e-02
 19 -0.01828 -6.01066e-02 | 20  0.06212 -3.57192e-02 | 21  0.05775  8.36054e-02
 22 -0.04053 -1.20038e-02 | 23 -0.02181  1.01186e-01 | 24 -0.11217  3.52944e-02
 25 -0.02770 -5.48744e-02 | 26 -0.02710  3.68800e-01 | 27 -0.01052 -6.21480e-02
 28  0.03390 -7.63482e-02 | 29 -0.00644 -1.34827e-01 | 30  0.06642 -5.09622e-02
 31 -0.01308  4.95084e-01 | 32  0.08100 -4.90281e-01 | 33  0.05394  7.47790e-01
 34  0.09648 -4.40664e-01 | 35  0.09518 -3.28031e-01 | 36  0.23160 -1.15754e+00
 37  0.24537  7.97167e-01 | 38  0.22696 -1.67265e+00 | 39 -0.53309  2.79176e-03
 40 -0.49902 -1.88849e-03 | 41 -0.61636 -4.46538e-03 | 42 -0.71075 -2.90456e-06
 43 -0.88193  3.37840e+00 | 44 -0.88918 -3.63643e+00 | 45 -0.97768 -5.11562e+00
 46 -0.96778  3.42646e+00 | 47 -0.41102  5.32567e-01 | 48 -0.90608  5.17694e-03
 49 -0.11650  3.46223e-01 | 50 -0.11698 -2.37748e-01 | 51 -0.06246  1.57382e+00
 52  0.02221 -5.93176e-01 |
52 variables; iteration 80; function evaluation 107; phase 3
Function value 1.5550680e+02; maximum gradient component mag 2.8014e+00
Var    Value     Gradient |Var    Value     Gradient |Var    Value     Gradient
  1  0.15740  9.60303e-01 |  2 -0.15246  6.43120e-03 |  3 -0.02388  4.41581e-02
  4 -0.06425  2.49355e-02 |  5 -0.01829  6.16820e-02 |  6 -0.07378  5.19745e-03
  7 -0.11866 -4.31876e-02 |  8 -0.07680 -8.14432e-03 |  9 -0.06925 -1.28197e-02
 10  0.02126 -9.60639e-03 | 11  0.00109 -1.00465e-02 | 12  0.04149  3.23191e-02
 13  0.01152  1.98703e-03 | 14  0.00561  7.19792e-03 | 15  0.06048  4.61649e-03
 16  0.00211  4.26094e-04 | 17 -0.06059  3.30287e-03 | 18 -0.01523 -3.39358e-02
 19 -0.01817 -3.36025e-02 | 20  0.06218 -1.09603e-03 | 21  0.05780  1.36960e-02
 22 -0.04048 -1.57103e-02 | 23 -0.02180  7.82061e-03 | 24 -0.11216 -1.20673e-02
 25 -0.02760 -7.91712e-03 | 26 -0.02716  2.76227e-02 | 27 -0.01029  4.71655e-02
 28  0.03406  6.54309e-02 | 29 -0.00631  1.26461e-02 | 30  0.06648  6.91591e-03
 31 -0.01308  2.21136e-03 | 32  0.08116 -2.57768e-02 | 33  0.05388  1.85836e-02
 34  0.09653 -4.57000e-02 | 35  0.09528 -4.70700e-03 | 36  0.23166  2.83890e-01
 37  0.24541 -2.49320e-01 | 38  0.22682 -1.26318e-02 | 39 -0.62546  5.85180e-03
 40 -0.01847  3.11138e-03 | 41  0.52148  3.50626e-03 | 42 -0.73759  8.39174e-05
 43 -0.77809 -1.04339e+00 | 44 -0.79182  1.09508e+00 | 45 -0.85717  2.80144e+00
 46 -0.79379 -1.95025e+00 | 47 -0.52042  2.95906e-02 | 48 -0.52588  7.13266e-03
 49 -0.12148 -1.74702e-02 | 50 -0.12194  6.04259e-02 | 51 -0.06461 -7.77653e-02
 52  0.01949 -3.33229e-02 |
52 variables; iteration 100; function evaluation 127; phase 3
Function value 1.5550250e+02; maximum gradient component mag 5.7721e-01
Var    Value     Gradient |Var    Value     Gradient |Var    Value     Gradient
  1  0.15741  5.77214e-01 |  2 -0.15244  2.04287e-03 |  3 -0.02386  1.26152e-02
  4 -0.06425  8.31689e-03 |  5 -0.01827  3.50184e-02 |  6 -0.07372  9.89955e-03
  7 -0.11858 -3.72518e-03 |  8 -0.07674  4.47870e-03 |  9 -0.06916 -7.09670e-03
 10  0.02130 -4.30846e-03 | 11  0.00110 -6.71385e-03 | 12  0.04147  2.72442e-03
 13  0.01152  3.46764e-04 | 14  0.00561 -5.03700e-03 | 15  0.06047 -1.32720e-02
 16  0.00210 -5.27722e-03 | 17 -0.06059  2.77410e-03 | 18 -0.01523 -6.98239e-03
 19 -0.01818 -8.72693e-03 | 20  0.06218 -6.30753e-03 | 21  0.05778  7.23723e-03
 22 -0.04049 -6.77353e-04 | 23 -0.02181  2.56411e-03 | 24 -0.11216 -1.13199e-03
 25 -0.02760  6.23523e-03 | 26 -0.02718  1.48028e-02 | 27 -0.01034  1.38490e-03
 28  0.03404  2.97797e-02 | 29 -0.00634 -6.07703e-03 | 30  0.06646  7.70053e-03
 31 -0.01312  2.11950e-02 | 32  0.08114 -1.22536e-02 | 33  0.05386  3.48762e-02
 34  0.09654 -1.70819e-02 | 35  0.09525 -2.79887e-02 | 36  0.23165 -1.04932e-01
 37  0.24541  1.29990e-01 | 38  0.22688 -1.01392e-02 | 39 -0.59991  7.87749e-04
 40 -0.21091  4.32650e-04 | 41 -0.05525 -8.13580e-05 | 42 -0.72265  3.24121e-04
 43 -0.69054  1.52153e-01 | 44 -0.70987 -1.49990e-01 | 45 -0.79263  2.13534e-01
 46 -0.69953 -1.54367e-01 | 47 -0.56190  7.75942e-03 | 48 -0.47898  1.71157e-03
 49 -0.12385  5.47107e-02 | 50 -0.12428 -2.98587e-02 | 51 -0.06394  1.62387e-01
 52  0.02035 -5.84194e-02 |
52 variables; iteration 120; function evaluation 147; phase 3
Function value 1.5550229e+02; maximum gradient component mag -3.0270e-01
Var    Value     Gradient |Var    Value     Gradient |Var    Value     Gradient
  1  0.15741 -3.02698e-01 |  2 -0.15244 -1.33293e-03 |  3 -0.02386 -5.35561e-03
  4 -0.06425 -2.90434e-03 |  5 -0.01829 -1.86800e-02 |  6 -0.07373 -6.44581e-03
  7 -0.11858  3.15422e-03 |  8 -0.07675 -1.28667e-03 |  9 -0.06916  4.68686e-03
 10  0.02129  1.19079e-03 | 11  0.00110  2.27527e-03 | 12  0.04146 -3.35714e-03
 13  0.01152  5.12433e-03 | 14  0.00561  3.59421e-03 | 15  0.06047  9.21242e-03
 16  0.00210  3.36603e-03 | 17 -0.06060 -3.65656e-03 | 18 -0.01522  3.15849e-03
 19 -0.01818  2.88415e-03 | 20  0.06218  2.58307e-03 | 21  0.05778 -1.12053e-03
 22 -0.04049 -5.10626e-04 | 23 -0.02181 -2.12885e-03 | 24 -0.11216 -3.02095e-05
 25 -0.02760 -2.16568e-03 | 26 -0.02717 -7.39054e-03 | 27 -0.01033  1.39996e-03
 28  0.03404 -1.56987e-02 | 29 -0.00633  1.74460e-03 | 30  0.06647 -2.64978e-03
 31 -0.01311 -1.45232e-02 | 32  0.08115  7.93315e-03 | 33  0.05385 -2.37913e-02
 34  0.09653  1.14139e-02 | 35  0.09524  1.51712e-02 | 36  0.23165 -5.80470e-03
 37  0.24540 -5.80001e-02 | 38  0.22684  2.47424e-02 | 39 -0.59363  3.54789e-04
 40 -0.24812  3.89527e-05 | 41 -0.02345  7.79803e-05 | 42 -0.72355  3.04152e-04
 43 -0.69648 -2.36905e-02 | 44 -0.71542  2.77204e-02 | 45 -0.78091 -7.31335e-02
 46 -0.68231  5.20038e-02 | 47 -0.57387  3.28102e-03 | 48 -0.48139  1.18227e-04
 49 -0.12467  1.18480e-02 | 50 -0.12510  8.77209e-03 | 51 -0.06438 -7.77302e-02
 52  0.01981  2.62665e-02 |
52 variables; iteration 140; function evaluation 167; phase 3
Function value 1.5550217e+02; maximum gradient component mag -1.0416e-02
Var    Value     Gradient |Var    Value     Gradient |Var    Value     Gradient
  1  0.15741 -5.19940e-03 |  2 -0.15244 -1.41158e-07 |  3 -0.02386 -6.00108e-05
  4 -0.06425 -5.89835e-05 |  5 -0.01828 -3.23861e-05 |  6 -0.07373  8.67073e-05
  7 -0.11858  6.59033e-05 |  8 -0.07675  1.03925e-04 |  9 -0.06916  1.26001e-04
 10  0.02130  8.31348e-05 | 11  0.00110  6.32912e-05 | 12  0.04146  6.10122e-05
 13  0.01152  3.70592e-05 | 14  0.00560  4.68470e-05 | 15  0.06047  1.76777e-06
 16  0.00210  3.05111e-05 | 17 -0.06060  6.94533e-05 | 18 -0.01522  3.99389e-05
 19 -0.01818  1.15569e-04 | 20  0.06218  1.36595e-05 | 21  0.05778  3.06199e-06
 22 -0.04049  1.16562e-05 | 23 -0.02181 -5.93124e-05 | 24 -0.11216  2.73122e-05
 25 -0.02760 -6.47766e-05 | 26 -0.02717  2.70510e-05 | 27 -0.01033 -7.57321e-05
 28  0.03404 -2.61538e-04 | 29 -0.00634 -1.35654e-04 | 30  0.06646 -1.69944e-04
 31 -0.01312  4.36251e-05 | 32  0.08115 -1.88785e-04 | 33  0.05386 -4.20761e-05
 34  0.09653 -4.74991e-05 | 35  0.09524 -2.07137e-05 | 36  0.23165 -1.04155e-02
 37  0.24540  1.39217e-03 | 38  0.22685  1.13866e-03 | 39 -0.59688 -1.30276e-07
 40 -0.24291 -1.51565e-06 | 41 -0.03827 -4.67498e-06 | 42 -0.72367 -6.71740e-07
 43 -0.69835  1.79948e-03 | 44 -0.71717 -1.95646e-03 | 45 -0.78257 -1.54470e-04
 46 -0.68476  5.38646e-05 | 47 -0.62481 -5.26938e-04 | 48 -0.39884 -1.04067e-05
 49 -0.12855  6.24752e-03 | 50 -0.12895  6.01102e-04 | 51 -0.06424 -9.59695e-05
 52  0.01998  3.32028e-05 |
52 variables; iteration 160; function evaluation 187; phase 3
Function value 1.5550215e+02; maximum gradient component mag -3.2145e-03
Var    Value     Gradient |Var    Value     Gradient |Var    Value     Gradient
  1  0.15741  1.90994e-03 |  2 -0.15244  6.40471e-06 |  3 -0.02386  9.56050e-05
  4 -0.06425  7.38843e-05 |  5 -0.01828  1.10440e-04 |  6 -0.07373 -1.81915e-05
  7 -0.11858 -1.62029e-05 |  8 -0.07675 -1.76581e-05 |  9 -0.06916 -6.19868e-05
 10  0.02130 -7.16208e-06 | 11  0.00110  1.82466e-05 | 12  0.04146  3.86615e-05
 13  0.01152  4.81506e-05 | 14  0.00560  2.00371e-05 | 15  0.06047  6.26205e-05
 16  0.00210  4.09706e-05 | 17 -0.06060  9.13567e-06 | 18 -0.01522  1.16956e-05
 19 -0.01818 -2.12195e-05 | 20  0.06218  5.49428e-05 | 21  0.05778  3.14983e-05
 22 -0.04049 -3.64213e-05 | 23 -0.02181  2.29073e-05 | 24 -0.11216 -3.32783e-05
 25 -0.02760 -5.54564e-06 | 26 -0.02717  3.96478e-05 | 27 -0.01033  7.42720e-05
 28  0.03404  5.20526e-05 | 29 -0.00634  9.36081e-06 | 30  0.06646 -3.08998e-05
 31 -0.01312 -2.97568e-06 | 32  0.08115 -1.16764e-04 | 33  0.05386  9.46550e-06
 34  0.09653 -8.15968e-05 | 35  0.09524 -8.39461e-05 | 36  0.23165 -7.88321e-04
 37  0.24540 -2.49294e-04 | 38  0.22685  7.34166e-05 | 39 -0.59692  3.91717e-07
 40 -0.24272  8.27439e-08 | 41 -0.03733  1.05200e-07 | 42 -0.72369  4.00264e-07
 43 -0.69832  7.77196e-05 | 44 -0.71714 -8.23433e-05 | 45 -0.78253  2.47634e-05
 46 -0.68470 -1.80079e-05 | 47 -0.61590 -2.09451e-06 | 48 -0.41212  2.33105e-07
 49 -0.13424  3.18076e-03 | 50 -0.13459 -3.21449e-03 | 51 -0.06424  1.31510e-04
 52  0.01998 -1.28530e-04 |

 - final statistics:
52 variables; iteration 163; function evaluation 190
Function value 1.5550e+02; maximum gradient component mag 7.7177e-05
Exit code = 1;  converg criter 1.0000e-04
Var    Value     Gradient |Var    Value     Gradient |Var    Value     Gradient
  1  0.15741  7.71772e-05 |  2 -0.15244  2.34907e-07 |  3 -0.02386  3.54080e-06
  4 -0.06425  2.50026e-06 |  5 -0.01828  4.52452e-06 |  6 -0.07373 -1.73518e-07
  7 -0.11858 -1.38860e-06 |  8 -0.07675 -8.54061e-07 |  9 -0.06916 -1.78907e-06
 10  0.02130 -3.87518e-07 | 11  0.00110  2.18005e-07 | 12  0.04146  1.68785e-06
 13  0.01152  1.09468e-06 | 14  0.00560  5.75798e-07 | 15  0.06047  1.67489e-06
 16  0.00210  9.23366e-07 | 17 -0.06060  5.87682e-08 | 18 -0.01522 -7.66012e-07
 19 -0.01818 -1.53295e-06 | 20  0.06218  9.92033e-07 | 21  0.05778  4.46515e-07
 22 -0.04049 -9.64912e-07 | 23 -0.02181  7.56035e-07 | 24 -0.11216 -1.03541e-06
 25 -0.02760  3.54827e-07 | 26 -0.02717  1.09276e-06 | 27 -0.01033  1.92181e-06
 28  0.03404  3.91669e-06 | 29 -0.00634  9.89565e-07 | 30  0.06646 -5.85116e-07
 31 -0.01312 -2.95913e-07 | 32  0.08115 -2.61574e-06 | 33  0.05386  1.81375e-06
 34  0.09653 -3.49873e-06 | 35  0.09524 -2.49370e-06 | 36  0.23165  1.15720e-05
 37  0.24540 -1.60654e-05 | 38  0.22685 -7.31160e-06 | 39 -0.59692  2.60690e-08
 40 -0.24272  9.63565e-09 | 41 -0.03735  4.83362e-10 | 42 -0.72369  4.36014e-08
 43 -0.69832  2.00189e-06 | 44 -0.71714 -2.06722e-06 | 45 -0.78253 -8.92853e-06
 46 -0.68470  6.11324e-06 | 47 -0.61585  1.32764e-07 | 48 -0.41219  5.58511e-08
 49 -0.13423 -1.03427e-05 | 50 -0.13457  1.04822e-05 | 51 -0.06424  6.03279e-06
 52  0.01998 -4.15607e-06 |
Estimating row 1 out of 52 for hessian
Estimating row 2 out of 52 for hessian
Estimating row 3 out of 52 for hessian
Estimating row 4 out of 52 for hessian
Estimating row 5 out of 52 for hessian
Estimating row 6 out of 52 for hessian
Estimating row 7 out of 52 for hessian
Estimating row 8 out of 52 for hessian
Estimating row 9 out of 52 for hessian
Estimating row 10 out of 52 for hessian
Estimating row 11 out of 52 for hessian
Estimating row 12 out of 52 for hessian
Estimating row 13 out of 52 for hessian
Estimating row 14 out of 52 for hessian
Estimating row 15 out of 52 for hessian
Estimating row 16 out of 52 for hessian
Estimating row 17 out of 52 for hessian
Estimating row 18 out of 52 for hessian
Estimating row 19 out of 52 for hessian
Estimating row 20 out of 52 for hessian
Estimating row 21 out of 52 for hessian
Estimating row 22 out of 52 for hessian
Estimating row 23 out of 52 for hessian
Estimating row 24 out of 52 for hessian
Estimating row 25 out of 52 for hessian
Estimating row 26 out of 52 for hessian
Estimating row 27 out of 52 for hessian
Estimating row 28 out of 52 for hessian
Estimating row 29 out of 52 for hessian
Estimating row 30 out of 52 for hessian
Estimating row 31 out of 52 for hessian
Estimating row 32 out of 52 for hessian
Estimating row 33 out of 52 for hessian
Estimating row 34 out of 52 for hessian
Estimating row 35 out of 52 for hessian
Estimating row 36 out of 52 for hessian
Estimating row 37 out of 52 for hessian
Estimating row 38 out of 52 for hessian
Estimating row 39 out of 52 for hessian
Estimating row 40 out of 52 for hessian
Estimating row 41 out of 52 for hessian
Estimating row 42 out of 52 for hessian
Estimating row 43 out of 52 for hessian
Estimating row 44 out of 52 for hessian
Estimating row 45 out of 52 for hessian
Estimating row 46 out of 52 for hessian
Estimating row 47 out of 52 for hessian
Estimating row 48 out of 52 for hessian
Estimating row 49 out of 52 for hessian
Estimating row 50 out of 52 for hessian
Estimating row 51 out of 52 for hessian
Estimating row 52 out of 52 for hessian
size of file gradfil1.tmp = 0
size of file gradfil2.tmp = 0
size of file varssave.tmp = 0
size of file cmpdiff.tmp = 0
