
Initial statistics: 19 variables; iteration 0; function evaluation 0; phase 1
Function value 5.4882729e+03; maximum gradient component mag 3.5135e+04
Var    Value     Gradient |Var    Value     Gradient |Var    Value     Gradient
  1  0.39650  3.51348e+04 |  2  0.21635  1.57451e+04 |  3  0.00000 -1.10201e+02
  4  0.00000  4.26091e+01 |  5  0.00000 -1.51337e+02 |  6  0.00000  4.63863e+01
  7  0.00000  3.29107e+02 |  8  0.00000 -3.17009e+02 |  9  0.00000  5.67775e+00
 10  0.00000  1.03791e+02 | 11  0.00000 -1.13351e+02 | 12  0.00000  7.91655e+00
 13 -0.32288 -2.60431e+03 | 14  0.21635 -8.03032e+01 | 15 -0.17585 -5.84366e+03
 16 -0.12819 -1.49370e+03 | 17  0.00000  1.35365e+02 | 18  0.00000  5.45105e+01
 19  0.00000  2.79350e+01 |

Intermediate statistics: 19 variables; iteration 20; function evaluation 49; phase 1
Function value 3.3121269e+02; maximum gradient component mag 1.0678e+03
Var    Value     Gradient |Var    Value     Gradient |Var    Value     Gradient
  1  0.17844  6.09724e+01 |  2  0.19307  2.97281e+02 |  3  1.83578  4.78957e+00
  4 -1.58296  1.66888e+01 |  5  1.59555  8.72456e-01 |  6 -1.54838  1.95626e+00
  7 -1.49169 -1.07633e+01 |  8  0.75610 -1.36676e-02 |  9 -1.38699  1.34742e-01
 10 -0.27487  5.26952e+01 | 11  1.82344  4.81821e+00 | 12 -1.94808 -1.60295e+01
 13 -1.50639  1.23186e-01 | 14 -4.00441 -2.75219e-02 | 15 -0.16152  1.06783e+03
 16 -0.15350 -6.97142e+02 | 17  3.96416 -1.26340e+00 | 18  5.26015 -7.35850e-03
 19  0.48880  5.11019e-03 |
19 variables; iteration 40; function evaluation 82; phase 1
Function value 2.6636802e+02; maximum gradient component mag -3.5596e+02
Var    Value     Gradient |Var    Value     Gradient |Var    Value     Gradient
  1  0.17729 -1.75278e+02 |  2  0.19226  2.24905e+02 |  3  0.16777 -4.92143e+00
  4 -1.67862 -4.58728e+00 |  5  1.17209  1.00487e-02 |  6 -1.53689  2.76886e+00
  7 -1.46919  7.55019e+01 |  8  1.51648  1.30627e-01 |  9 -1.41277 -5.62517e-01
 10 -0.29371 -1.07341e+01 | 11  0.42501 -1.39023e-01 | 12 -0.67620  4.08477e-01
 13 -1.51659 -5.84287e-02 | 14 -0.26471  1.45505e-02 | 15 -0.12424  2.95494e+02
 16 -0.08348 -3.55957e+02 | 17  5.34912 -3.50987e-03 | 18  9.41262 -4.04048e-03
 19 -10.11485 -6.96110e-02 |

 - final statistics:
19 variables; iteration 56; function evaluation 98
Function value 2.6231e+02; maximum gradient component mag -4.7349e+00
Exit code = 1;  converg criter 1.0000e+01
Var    Value     Gradient |Var    Value     Gradient |Var    Value     Gradient
  1  0.17898 -6.68592e-01 |  2  0.18942  2.62249e-01 |  3  0.60550 -5.51666e-02
  4 -1.66256  1.82236e-02 |  5  0.87836  2.49979e-03 |  6 -1.55861  4.78092e-02
  7 -1.48947 -1.91289e-01 |  8  1.36699  5.18468e-02 |  9 -1.38566 -5.07649e-03
 10 -0.28949  1.58344e-01 | 11  0.65024 -1.60641e-02 | 12 -0.84502  1.18883e-02
 13 -1.51021  2.11688e-01 | 14  0.70898 -6.99254e-03 | 15 -0.12376 -4.73486e+00
 16 -0.06967  2.11227e+00 | 17  5.06282 -3.13561e-02 | 18  9.50071 -3.31085e-04
 19 -9.87448 -5.43557e-03 |

Initial statistics: 59 variables; iteration 0; function evaluation 0; phase 2
Function value 2.6231415e+02; maximum gradient component mag -1.0469e+03
Var    Value     Gradient |Var    Value     Gradient |Var    Value     Gradient
  1  0.17898 -6.68592e-01 |  2  0.00000  7.16766e+01 |  3  0.00000 -4.67171e+01
  4  0.00000  6.28917e+01 |  5  0.00000 -6.17510e+01 |  6  0.00000 -1.34375e+01
  7  0.00000  7.07482e+01 |  8  0.00000  1.05356e+01 |  9  0.00000  1.80295e+01
 10  0.00000 -8.54469e+01 | 11  0.00000  2.94985e+01 | 12  0.00000 -4.40030e+01
 13  0.00000  2.68556e+01 | 14  0.00000  1.24148e+01 | 15  0.00000 -9.87484e+01
 16  0.00000  4.63379e+01 | 17  0.00000  1.66455e+02 | 18  0.00000  1.43844e+00
 19  0.00000  7.62748e+01 | 20  0.00000 -1.67542e+02 | 21  0.00000 -2.07093e+02
 22  0.00000  1.00685e+02 | 23  0.00000  3.43236e+01 | 24  0.00000  2.51998e+02
 25  0.00000  5.63576e+00 | 26  0.00000  4.68005e+01 | 27  0.00000  7.19988e+01
 28  0.00000 -1.69521e+02 | 29  0.00000  5.28498e+01 | 30  0.00000 -1.60647e+02
 31  0.00000  1.01433e+02 | 32  0.00000 -1.36284e+02 | 33  0.00000 -1.54062e+02
 34  0.00000 -1.45740e+02 | 35  0.00000 -1.34983e+01 | 36  0.00000  1.38151e+02
 37  0.00000  9.44933e+01 | 38  0.00000  3.90671e+01 | 39  0.21635  9.47117e+01
 40  0.21635 -5.03768e+01 | 41  0.21635 -1.04692e+03 | 42  0.18942  2.62249e-01
 43  0.60550 -5.51666e-02 | 44 -0.33744 -1.82236e-02 | 45  0.87836  2.49979e-03
 46 -0.44139 -4.78092e-02 | 47 -0.51053  1.91289e-01 | 48  0.63301 -5.18468e-02
 49 -0.61434  5.07649e-03 | 50 -0.28949  1.58344e-01 | 51  0.65024 -1.60641e-02
 52 -0.84502  1.18883e-02 | 53 -0.48979 -2.11688e-01 | 54  0.70898 -6.99254e-03
 55 -0.12376 -4.73486e+00 | 56 -0.06967  2.11227e+00 | 57  0.93718  3.13561e-02
 58  0.49929  3.31085e-04 | 59 -0.12552  5.43557e-03 |

Intermediate statistics: 59 variables; iteration 20; function evaluation 27; phase 2
Function value 1.6103535e+02; maximum gradient component mag -2.2523e+03
Var    Value     Gradient |Var    Value     Gradient |Var    Value     Gradient
  1  0.14823 -2.25234e+03 |  2 -0.13195  1.30501e+00 |  3  0.00409  4.71987e+00
  4 -0.04179 -9.65081e+00 |  5  0.01007 -5.18044e-01 |  6 -0.04492  2.38334e+01
  7 -0.08916  3.10658e+01 |  8 -0.05025  3.05854e+01 |  9 -0.04962  1.47642e+01
 10  0.04072  1.57594e+01 | 11  0.00728  4.39556e+00 | 12  0.05207  9.46176e+00
 13  0.00684  7.47960e+00 | 14  0.00379  1.33374e+01 | 15  0.07232  6.85910e+00
 16  0.00828 -7.36313e+00 | 17 -0.06026 -8.35117e+00 | 18  0.00591  6.66797e+00
 19 -0.02753 -2.23406e+01 | 20  0.06606 -4.06661e+01 | 21  0.06532 -3.84028e+01
 22 -0.05105 -1.98730e+01 | 23 -0.02347 -1.78717e+01 | 24 -0.10794 -2.19005e+01
 25  0.00005  6.16322e+01 | 26 -0.01737 -2.08355e+00 | 27 -0.01357 -5.84618e+01
 28  0.05551 -7.66836e+01 | 29 -0.00597 -6.00262e+01 | 30  0.05484 -3.39095e+01
 31 -0.02887 -6.42660e+01 | 32  0.04658 -1.61684e+01 | 33  0.05052 -1.27859e+01
 34  0.04399 -1.01199e+01 | 35  0.02655 -1.58553e+00 | 36 -0.01542  4.98432e+00
 37 -0.00472  1.76339e+01 | 38 -0.02286  4.24376e+01 | 39  0.22924 -1.30726e+03
 40  0.22709 -1.85185e+03 | 41  0.25163 -3.79156e+02 | 42  0.20485 -4.18296e+01
 43  0.60558  6.22746e-03 | 44 -0.28255 -1.32694e+00 | 45  0.87827  9.17753e-03
 46 -0.40562 -1.96625e+00 | 47 -0.55374  2.35790e+01 | 48  0.63343 -2.84020e-02
 49 -0.60827 -5.82126e-01 | 50 -0.33487  2.30427e+01 | 51  0.65031 -7.66770e-03
 52 -0.84466 -4.25822e-02 | 53 -0.49246  1.04498e+01 | 54  0.70865  6.86785e-01
 55 -0.11541  1.78558e+01 | 56 -0.05783  2.42789e+02 | 57  0.93680  3.10942e-02
 58  0.49928 -3.23899e-03 | 59 -0.13033 -6.34602e-02 |
59 variables; iteration 40; function evaluation 52; phase 2
Function value 1.4379758e+02; maximum gradient component mag -3.1952e+03
Var    Value     Gradient |Var    Value     Gradient |Var    Value     Gradient
  1  0.14288 -3.19520e+03 |  2 -0.15469 -9.69633e+00 |  3  0.01528  1.07931e+01
  4 -0.03411 -1.40514e+01 |  5  0.01392 -1.80074e+01 |  6 -0.03526  5.60665e+01
  7 -0.08632  4.22043e+01 |  8 -0.03349  7.44786e+01 |  9 -0.04825  1.85370e+01
 10  0.05770  4.80318e+01 | 11  0.02765  4.30376e+01 | 12  0.05717  2.32418e+01
 13 -0.00315 -1.24397e+00 | 14  0.00426  3.84399e+01 | 15  0.06279 -2.17862e+01
 16  0.01444 -3.59714e+00 | 17 -0.05637  8.03838e+00 | 18  0.00342  3.28197e+01
 19 -0.03459 -1.89655e+01 | 20  0.05522 -2.07266e+00 | 21  0.06292  3.45425e+01
 22 -0.06559 -1.15585e+01 | 23 -0.03076  1.19281e+01 | 24 -0.12101 -2.41646e+01
 25 -0.00094  3.30124e+01 | 26 -0.01799  7.43145e+00 | 27 -0.01999 -2.66099e+01
 28  0.05780 -4.18103e+01 | 29 -0.00495 -4.01167e+01 | 30  0.05019 -2.26489e+01
 31 -0.02887 -2.60208e+01 | 32  0.04853  5.50888e+01 | 33  0.04609  1.67222e+01
 34  0.03446 -3.73654e+01 | 35  0.03518 -2.01129e+01 | 36 -0.02225 -1.21735e+02
 37  0.00226 -1.97552e+02 | 38 -0.01220  2.56479e+01 | 39  0.23813 -6.33317e+02
 40  0.24167 -8.47996e+02 | 41  0.26097 -3.86438e+02 | 42  0.20902 -8.31294e+01
 43  0.60907  2.42956e-02 | 44 -0.24327 -6.08095e-01 | 45  0.87229  1.56829e-02
 46 -0.36419 -1.89831e+00 | 47 -0.55768  1.02431e+01 | 48  0.65840 -5.27831e-02
 49 -0.45224  1.24544e+00 | 50 -0.34151  8.60065e+01 | 51  0.65335 -1.59156e-02
 52 -0.81995 -7.43077e-02 | 53 -0.48753  4.59686e+00 | 54  0.69615  3.09818e-01
 55 -0.11289 -1.06208e+02 | 56 -0.07086  1.52877e+02 | 57  0.91387  2.24719e-02
 58  0.49908 -3.60805e-03 | 59 -0.40085 -7.05242e-02 |
59 variables; iteration 60; function evaluation 89; phase 2
Function value 1.3030253e+02; maximum gradient component mag 4.7324e+02
Var    Value     Gradient |Var    Value     Gradient |Var    Value     Gradient
  1  0.14015  4.73241e+02 |  2 -0.13498  1.72558e+00 |  3  0.00773  5.60758e+00
  4 -0.02877  9.23787e+00 |  5  0.01583  6.36024e+00 |  6 -0.04510  4.38754e+00
  7 -0.09688 -5.98856e+00 |  8 -0.05146 -1.41626e+00 |  9 -0.05134 -7.30633e+00
 10  0.05086 -2.49782e+00 | 11  0.02327 -4.80307e+00 | 12  0.06177 -2.39685e-01
 13  0.00499 -6.08149e+00 | 14 -0.00137 -3.13451e+00 | 15  0.07362 -1.27122e+00
 16  0.01979  4.40476e+00 | 17 -0.05510 -6.19282e+00 | 18 -0.00631 -5.58287e-01
 19 -0.02477  3.24491e+00 | 20  0.05334  2.39915e+00 | 21  0.05284  7.00057e+00
 22 -0.05733 -8.51046e-01 | 23 -0.03578  1.02763e+01 | 24 -0.10597 -9.00234e-01
 25  0.00304  2.90856e+01 | 26 -0.01864 -3.59091e+00 | 27 -0.01681 -2.83138e+00
 28  0.05881  3.86780e+00 | 29  0.00320 -1.19631e+00 | 30  0.04804  3.82412e+00
 31 -0.02417  4.51780e-01 | 32  0.03556 -3.86705e+00 | 33  0.04027 -1.40032e+00
 34  0.03852 -1.47122e+00 | 35  0.03238 -7.57413e-01 | 36 -0.00109  2.13449e+00
 37  0.01216  4.05622e+00 | 38 -0.02067 -1.14284e+01 | 39  0.24730 -5.19497e+01
 40  0.25218  9.15765e+00 | 41  0.26778  8.67027e+00 | 42  0.21102 -1.01291e+01
 43 -0.03656 -1.08603e-01 | 44 -0.21940  6.11925e+00 | 45  0.79851  3.83808e-04
 46 -0.33816  3.31532e-01 | 47 -0.57989  1.92674e+00 | 48  0.81163  1.41125e-03
 49 -0.51924 -7.75568e-02 | 50 -0.36700  1.33670e+00 | 51  0.61805  3.66635e-03
 52 -0.73586 -3.58243e-03 | 53 -0.35394 -4.69102e+00 | 54  1.06409 -7.14257e-03
 55 -0.10400 -5.56699e+00 | 56 -0.07303 -8.20657e+00 | 57  0.75881  5.74363e-03
 58  0.51889 -1.09178e-03 | 59 -1.38083  9.45624e-03 |
Maximum number of function evaluations exceeded

 - final statistics:
59 variables; iteration 68; function evaluation 100
Function value 1.2953e+02; maximum gradient component mag -2.3610e+02
Exit code = 3;  converg criter 1.0000e+01
Var    Value     Gradient |Var    Value     Gradient |Var    Value     Gradient
  1  0.13810 -2.36102e+02 |  2 -0.14054 -4.94983e-01 |  3  0.00750 -6.43664e-01
  4 -0.02903  3.91168e-01 |  5  0.01805  2.33320e+00 |  6 -0.05313 -1.50403e+00
  7 -0.10129  3.47133e+00 |  8 -0.05514  3.82383e+00 |  9 -0.05981  4.23754e+00
 10  0.04639  1.98610e+00 | 11  0.02175 -4.18532e-01 | 12  0.06351  6.31333e-02
 13  0.00379 -1.75838e+00 | 14 -0.00646  1.96452e+00 | 15  0.07554 -1.89433e+00
 16  0.02202 -1.62079e+00 | 17 -0.05150  1.08934e+00 | 18 -0.00335  5.64553e+00
 19 -0.02427  8.11829e-01 | 20  0.05213  1.54561e+00 | 21  0.04994  2.12010e+00
 22 -0.05852  3.63382e+00 | 23 -0.03963 -8.73350e+00 | 24 -0.10133 -8.98512e+00
 25  0.00855 -3.16383e+01 | 26 -0.01672 -2.70709e+00 | 27 -0.01428  2.43912e+00
 28  0.06091  3.95118e+00 | 29  0.00518 -7.08188e-01 | 30  0.04860  3.59591e+00
 31 -0.02428 -5.62918e+00 | 32  0.03648  1.05523e+01 | 33  0.03961  4.76975e+00
 34  0.03685  4.68682e+00 | 35  0.03224  2.37190e+00 | 36  0.00260  2.02657e-01
 37  0.01842  1.38298e+00 | 38 -0.01547 -1.85129e+00 | 39  0.25567  3.05955e+01
 40  0.25450  9.86862e-01 | 41  0.26974 -6.84278e+00 | 42  0.21202  8.14351e+00
 43 -0.08019 -1.35225e+00 | 44 -0.24442 -1.75179e-01 | 45  0.72872 -6.71400e-03
 46 -0.32358 -5.50950e-01 | 47 -0.58581 -6.10318e+00 | 48  0.88854  1.21497e-02
 49 -0.52035 -6.00912e-01 | 50 -0.37477  5.52358e+00 | 51  0.52736  6.16955e-03
 52 -0.71104  6.21095e-03 | 53 -0.29097 -9.44579e+00 | 54  2.31113  1.00561e-01
 55 -0.10211 -9.72473e+00 | 56 -0.07234  7.59573e+00 | 57  0.57828 -5.40020e-03
 58  0.54857  3.41110e-04 | 59 -2.18635  9.66166e-04 |

Initial statistics: 59 variables; iteration 0; function evaluation 0; phase 3
Function value 1.2952916e+02; maximum gradient component mag -2.3610e+02
Var    Value     Gradient |Var    Value     Gradient |Var    Value     Gradient
  1  0.13810 -2.36102e+02 |  2 -0.14054 -4.94983e-01 |  3  0.00750 -6.43664e-01
  4 -0.02903  3.91168e-01 |  5  0.01805  2.33320e+00 |  6 -0.05312 -1.41097e+00
  7 -0.10129  3.56354e+00 |  8 -0.05513  3.91686e+00 |  9 -0.05981  4.33052e+00
 10  0.04639  2.07924e+00 | 11  0.02176 -3.25198e-01 | 12  0.06351  1.56057e-01
 13  0.00379 -1.66500e+00 | 14 -0.00646  2.05790e+00 | 15  0.07555 -1.80160e+00
 16  0.02202 -1.52745e+00 | 17 -0.05150  1.18243e+00 | 18 -0.00334  5.73892e+00
 19 -0.02427  9.05150e-01 | 20  0.05213  1.63869e+00 | 21  0.04995  2.21320e+00
 22 -0.05852  3.72681e+00 | 23 -0.03963 -8.64030e+00 | 24 -0.10133 -8.89292e+00
 25  0.00855 -3.15449e+01 | 26 -0.01672 -2.61373e+00 | 27 -0.01428  2.53249e+00
 28  0.06091  4.04414e+00 | 29  0.00518 -6.14802e-01 | 30  0.04860  3.68902e+00
 31 -0.02428 -5.53586e+00 | 32  0.03648  1.06455e+01 | 33  0.03961  4.86296e+00
 34  0.03685  4.78005e+00 | 35  0.03224  2.46517e+00 | 36  0.00261  2.96045e-01
 37  0.01842  1.47633e+00 | 38 -0.01547 -1.75793e+00 | 39  0.25567  3.05955e+01
 40  0.25450  9.86862e-01 | 41  0.26974 -6.84278e+00 | 42  0.21202  8.14351e+00
 43 -0.08019 -1.35225e+00 | 44 -0.24442 -1.75179e-01 | 45  0.72872 -6.71400e-03
 46 -0.32358 -5.50950e-01 | 47 -0.58581 -6.10318e+00 | 48  0.88854  1.21497e-02
 49 -0.52035 -6.00912e-01 | 50 -0.37477  5.52358e+00 | 51  0.52736  6.16955e-03
 52 -0.71104  6.21095e-03 | 53 -0.29097 -9.44579e+00 | 54 -0.31113 -1.00561e-01
 55 -0.10211 -9.72473e+00 | 56 -0.07234  7.59573e+00 | 57  0.57828 -5.40020e-03
 58  0.54857  3.41110e-04 | 59  0.18635 -9.66166e-04 |

Intermediate statistics: 59 variables; iteration 20; function evaluation 25; phase 3
Function value 1.2945648e+02; maximum gradient component mag 4.8687e+01
Var    Value     Gradient |Var    Value     Gradient |Var    Value     Gradient
  1  0.13846  4.86868e+01 |  2 -0.13920  7.90847e-02 |  3  0.00747  9.32507e-01
  4 -0.02938  1.44940e+00 |  5  0.01727  3.23664e+00 |  6 -0.05167 -1.37910e+00
  7 -0.10073  9.13298e-02 |  8 -0.05516  2.04228e-01 |  9 -0.05909 -6.33941e-03
 10  0.04718 -3.51422e-01 | 11  0.02279 -7.31589e-01 | 12  0.06311 -2.93964e-02
 13  0.00449 -6.90311e-01 | 14 -0.00564  2.64843e-01 | 15  0.07548  6.92283e-01
 16  0.02170  1.38865e+00 | 17 -0.05188  1.51513e+00 | 18 -0.00414  3.59129e+00
 19 -0.02431  1.22037e+00 | 20  0.05229  1.57258e+00 | 21  0.04983  1.79278e+00
 22 -0.05937  1.79630e+00 | 23 -0.03898  5.83430e-01 | 24 -0.10146  1.22114e+00
 25  0.00797  4.35541e+00 | 26 -0.01692  1.42959e+00 | 27 -0.01492  1.81757e+00
 28  0.06034  1.92552e+00 | 29  0.00523  3.74720e-02 | 30  0.04789  1.06940e+00
 31 -0.02362 -1.55123e+00 | 32  0.03543  2.14561e+00 | 33  0.03942  2.30155e-01
 34  0.03655 -3.21653e-01 | 35  0.03207 -1.07634e+00 | 36  0.00219 -2.48778e+00
 37  0.01706 -3.58800e+00 | 38 -0.01334 -2.19876e+00 | 39  0.25507  3.71339e+01
 40  0.25437  1.27678e+01 | 41  0.26949 -3.29585e+00 | 42  0.21161 -1.57005e+01
 43 -0.07200 -5.47939e-02 | 44 -0.24505 -5.82144e-02 | 45  0.72876 -7.17554e-03
 46 -0.32366  9.37131e-02 | 47 -0.58453 -1.12722e+00 | 48  0.88846  1.25682e-02
 49 -0.51747 -4.15973e-01 | 50 -0.37438  6.09563e-01 | 51  0.52731  8.04350e-03
 52 -0.71112  1.41568e-02 | 53 -0.29195 -1.26867e+01 | 54 -0.31105 -1.48894e-01
 55 -0.10181 -1.56507e+00 | 56 -0.07232 -9.35042e-01 | 57  0.57832 -5.84537e-03
 58  0.54857  2.73113e-04 | 59  0.18636 -1.95296e-03 |
59 variables; iteration 40; function evaluation 48; phase 3
Function value 1.2945025e+02; maximum gradient component mag 4.2119e+01
Var    Value     Gradient |Var    Value     Gradient |Var    Value     Gradient
  1  0.13843  4.21190e+01 |  2 -0.13992 -2.30374e-01 |  3  0.00736  4.49882e-01
  4 -0.02934  1.24634e+00 |  5  0.01733  2.86294e+00 |  6 -0.05158 -1.03480e+00
  7 -0.10053  6.85149e-01 |  8 -0.05534  3.09683e-01 |  9 -0.05973 -4.42028e-01
 10  0.04663 -9.04145e-01 | 11  0.02240 -1.25048e+00 | 12  0.06329  2.35996e-01
 13  0.00465 -4.64892e-01 | 14 -0.00563  9.46627e-02 | 15  0.07551  3.10549e-01
 16  0.02164  5.73940e-01 | 17 -0.05179  1.33703e+00 | 18 -0.00411  3.25056e+00
 19 -0.02427  1.00027e+00 | 20  0.05225  1.11873e+00 | 21  0.04991  1.97924e+00
 22 -0.05947  1.46391e+00 | 23 -0.03874  1.31883e+00 | 24 -0.10138  1.10956e+00
 25  0.00793  3.43432e+00 | 26 -0.01682  1.62706e+00 | 27 -0.01482  1.88003e+00
 28  0.06029  9.79631e-01 | 29  0.00529 -1.40604e-02 | 30  0.04795  1.15354e+00
 31 -0.02360 -1.61528e+00 | 32  0.03531  1.26727e+00 | 33  0.03952  5.06868e-01
 34  0.03656 -4.04772e-01 | 35  0.03206 -1.32593e+00 | 36  0.00215 -2.48611e+00
 37  0.01715 -2.42840e+00 | 38 -0.01293 -1.54540e+00 | 39  0.25508  3.00607e+01
 40  0.25439  1.03765e+01 | 41  0.26953 -2.57039e+00 | 42  0.21165 -1.25846e+01
 43 -0.07226 -3.16524e-02 | 44 -0.24463 -7.10644e-02 | 45  0.73023 -6.96604e-03
 46 -0.32272  1.23774e-01 | 47 -0.58444 -6.41441e-01 | 48  0.88594  1.20124e-02
 49 -0.49774 -9.07015e-04 | 50 -0.37462 -1.52680e-01 | 51  0.52559  8.74519e-03
 52 -0.71361  8.08853e-03 | 53 -0.29191 -9.94573e+00 | 54 -0.30744 -1.16538e-01
 55 -0.10172 -9.94534e-01 | 56 -0.07223 -3.93278e-01 | 57  0.57945 -5.71797e-03
 58  0.54850  2.78675e-04 | 59  0.18661 -1.87465e-03 |
59 variables; iteration 60; function evaluation 84; phase 3
Function value 1.2942972e+02; maximum gradient component mag -2.6696e+01
Var    Value     Gradient |Var    Value     Gradient |Var    Value     Gradient
  1  0.13844 -2.66964e+01 |  2 -0.13986 -2.72977e-01 |  3  0.00745 -4.96818e-01
  4 -0.02956 -6.67331e-01 |  5  0.01711 -9.50643e-01 |  6 -0.05144 -8.17366e-02
  7 -0.10094  1.74060e-02 |  8 -0.05548 -2.46844e-01 |  9 -0.05933  4.67726e-01
 10  0.04732  3.52821e-01 | 11  0.02319  4.18215e-01 | 12  0.06307  3.80361e-01
 13  0.00467 -1.86957e-01 | 14 -0.00556  9.18493e-02 | 15  0.07554 -6.68616e-02
 16  0.02169 -1.53269e-01 | 17 -0.05205 -4.22808e-01 | 18 -0.00458 -5.81506e-01
 19 -0.02422 -1.04172e-01 | 20  0.05229  4.17200e-01 | 21  0.04962 -2.81581e-02
 22 -0.06005 -4.95752e-01 | 23 -0.03874 -2.35175e-01 | 24 -0.10139 -7.94092e-02
 25  0.00784 -5.30354e-01 | 26 -0.01692 -4.88850e-01 | 27 -0.01501 -3.76942e-01
 28  0.06027 -4.54525e-01 | 29  0.00526 -3.16178e-01 | 30  0.04776 -2.15425e-01
 31 -0.02336  1.88652e-01 | 32  0.03502 -2.68408e-01 | 33  0.03933  9.53069e-02
 34  0.03655  2.44058e-01 | 35  0.03211  1.91825e-01 | 36  0.00228  1.48739e-01
 37  0.01697  4.72063e-01 | 38 -0.01234  5.10122e-01 | 39  0.25497 -2.78821e+00
 40  0.25435 -1.13122e+00 | 41  0.26960  2.59830e-01 | 42  0.21175  1.29936e+00
 43 -0.07220  8.32720e-02 | 44 -0.24393 -3.54617e-02 | 45  0.88439  1.33945e-02
 46 -0.32342 -5.16837e-02 | 47 -0.58429 -2.77083e-01 | 48  0.67406 -2.64586e-02
 49 -0.49752 -6.96297e-03 | 50 -0.37650  5.86016e+00 | 51  0.14833 -3.75039e-02
 52 -0.72347 -2.01555e-03 | 53 -0.29269  9.92697e-01 | 54 -0.24020  1.07986e-02
 55 -0.10171  1.73897e-01 | 56 -0.07223  1.38120e-01 | 57  0.73022  4.23905e-03
 58  0.53809 -1.21829e-04 | 59  0.23061 -1.27464e-04 |

 - final statistics:
59 variables; iteration 67; function evaluation 91
Function value 1.2941e+02; maximum gradient component mag -6.3504e-01
Exit code = 1;  converg criter 1.0000e+00
Var    Value     Gradient |Var    Value     Gradient |Var    Value     Gradient
  1  0.13832 -1.69735e-01 |  2 -0.13993 -2.46539e-02 |  3  0.00742  3.21421e-02
  4 -0.02940 -2.77916e-02 |  5  0.01729 -8.56085e-03 |  6 -0.05174 -1.46362e-03
  7 -0.10127 -7.48908e-03 |  8 -0.05572 -2.77940e-02 |  9 -0.06033  2.18809e-02
 10  0.04681  1.00187e-02 | 11  0.02292  2.85557e-02 | 12  0.06309  1.42781e-02
 13  0.00476 -8.37598e-03 | 14 -0.00572  4.07300e-03 | 15  0.07557  5.52912e-03
 16  0.02183  1.20806e-02 | 17 -0.05181 -3.24186e-02 | 18 -0.00441 -3.89846e-02
 19 -0.02412 -1.27942e-02 | 20  0.05212  3.12194e-02 | 21  0.04952 -3.67782e-02
 22 -0.05994 -7.52366e-02 | 23 -0.03870 -2.17091e-02 | 24 -0.10123 -1.01307e-02
 25  0.00817 -4.28431e-02 | 26 -0.01679 -4.74613e-03 | 27 -0.01482 -2.72683e-02
 28  0.06037  5.88868e-03 | 29  0.00542 -3.60920e-02 | 30  0.04785  1.14804e-02
 31 -0.02328  2.21459e-02 | 32  0.03508 -4.28174e-02 | 33  0.03936 -1.03817e-02
 34  0.03657  2.10963e-02 | 35  0.03219  3.00190e-02 | 36  0.00249  6.61371e-03
 37  0.01727  3.98244e-02 | 38 -0.01212  4.95736e-03 | 39  0.25516 -6.35042e-01
 40  0.25447 -1.52081e-01 | 41  0.26969  2.81684e-02 | 42  0.21179  1.78255e-01
 43 -0.07383  4.38884e-03 | 44 -0.24298  1.35398e-03 | 45  0.80115  1.93301e-03
 46 -0.32203 -3.66693e-05 | 47 -0.58454  1.00364e-03 | 48  0.81351  1.09642e-05
 49 -0.49622  1.17081e-04 | 50 -0.38265 -1.76454e-01 | 51  0.06030  1.49886e-02
 52 -0.72970 -2.61662e-04 | 53 -0.29279  2.14541e-01 | 54 -0.21178  1.51690e-03
 55 -0.10166  2.37464e-02 | 56 -0.07225  1.19969e-02 | 57  0.70754  3.07236e-03
 58  0.53782 -1.35107e-04 | 59  0.24089  2.72844e-05 |

Initial statistics: 61 variables; iteration 0; function evaluation 0; phase 4
Function value 1.2941275e+02; maximum gradient component mag 1.0223e+02
Var    Value     Gradient |Var    Value     Gradient |Var    Value     Gradient
  1  0.13832 -1.69735e-01 |  2 -0.13993 -2.46539e-02 |  3  0.00742  3.21421e-02
  4 -0.02940 -2.77916e-02 |  5  0.01729 -8.56085e-03 |  6 -0.05174  3.61573e-03
  7 -0.10127 -2.45725e-03 |  8 -0.05572 -2.27173e-02 |  9 -0.06033  2.69542e-02
 10  0.04681  1.51011e-02 | 11  0.02292  3.36485e-02 | 12  0.06309  1.93493e-02
 13  0.00476 -3.27995e-03 | 14 -0.00572  9.16896e-03 | 15  0.07557  1.05894e-02
 16  0.02183  1.71738e-02 | 17 -0.05181 -2.73393e-02 | 18 -0.00441 -3.38886e-02
 19 -0.02412 -7.70172e-03 | 20  0.05212  3.62985e-02 | 21  0.04952 -3.16974e-02
 22 -0.05994 -7.01630e-02 | 23 -0.03870 -1.66224e-02 | 24 -0.10123 -5.09882e-03
 25  0.00817 -3.77473e-02 | 26 -0.01679  3.48273e-04 | 27 -0.01482 -2.21735e-02
 28  0.06037  1.09620e-02 | 29  0.00542 -3.09960e-02 | 30  0.04785  1.65622e-02
 31 -0.02328  2.72386e-02 | 32  0.03508 -3.77289e-02 | 33  0.03936 -5.29531e-03
 34  0.03657  2.61841e-02 | 35  0.03219  3.51087e-02 | 36  0.00250  1.17098e-02
 37  0.01727  4.49187e-02 | 38 -0.01212  1.00526e-02 | 39  0.25516 -6.35042e-01
 40  0.25447 -1.52081e-01 | 41  0.26969  2.81684e-02 | 42  0.21179  1.78255e-01
 43 -0.07383  4.38884e-03 | 44 -0.24298  1.35398e-03 | 45  0.80115  1.93301e-03
 46 -0.32203 -3.66693e-05 | 47 -0.58454  1.00364e-03 | 48  0.81351  1.09642e-05
 49 -0.49622  1.17081e-04 | 50 -0.38265 -1.76454e-01 | 51  0.06030  1.49886e-02
 52 -0.72970 -2.61662e-04 | 53 -0.29279  2.14541e-01 | 54 -0.21178  1.51690e-03
 55 -0.10166  2.37464e-02 | 56 -0.07225  1.19969e-02 | 57  0.70754  3.07236e-03
 58  0.53782 -1.35107e-04 | 59  0.24089  2.72844e-05 | 60  0.12819  1.02227e+02
 61 -0.12819 -1.02217e+02 |

Intermediate statistics: 61 variables; iteration 20; function evaluation 30; phase 4
Function value 1.2605646e+02; maximum gradient component mag -6.2937e+02
Var    Value     Gradient |Var    Value     Gradient |Var    Value     Gradient
  1  0.13824 -6.29368e+02 |  2 -0.14001 -1.68122e+00 |  3  0.00690 -1.34248e+01
  4 -0.02990 -1.88463e+01 |  5  0.01680 -3.83348e+01 |  6 -0.05193  6.37130e+00
  7 -0.10134  6.73853e+00 |  8 -0.05588  5.29381e+00 |  9 -0.05994  8.45664e+00
 10  0.04652  5.93399e+00 | 11  0.02241  4.47362e+00 | 12  0.06240 -6.47754e-01
 13  0.00453  1.46014e+00 | 14 -0.00549  4.99292e+00 | 15  0.07513 -3.07948e+00
 16  0.02131 -4.35506e+00 | 17 -0.05203  5.17303e-02 | 18 -0.00591  2.45036e+00
 19 -0.02327  5.98214e+00 | 20  0.05076 -4.22859e-01 | 21  0.04838 -4.26190e+00
 22 -0.05903  1.16250e+00 | 23 -0.03964 -1.71532e+01 | 24 -0.10314 -1.84905e+01
 25  0.00822 -4.97840e+01 | 26 -0.01684 -3.24241e+01 | 27 -0.01662 -4.46908e+01
 28  0.05982 -5.98207e+00 | 29  0.00568  3.98797e+00 | 30  0.04806 -3.96144e+00
 31 -0.02364  1.44626e+00 | 32  0.03622  5.33040e+00 | 33  0.04018  9.57597e+00
 34  0.03639  9.20088e+00 | 35  0.03253  1.65146e+01 | 36  0.00226  2.60179e+01
 37  0.01744  4.45816e+01 | 38 -0.00399  2.24775e+01 | 39  0.25432 -1.16212e+02
 40  0.25305 -2.19570e+01 | 41  0.27054  3.96579e+01 | 42  0.21295  1.44622e+02
 43 -0.07079  2.94896e+00 | 44 -0.24337 -1.27419e+00 | 45  0.80115  1.00757e-03
 46 -0.32283 -1.07696e+00 | 47 -0.58400 -3.72462e+00 | 48  0.81351 -1.28308e-03
 49 -0.49620 -1.77002e-01 | 50 -0.38203  1.10604e+01 | 51  0.06040 -7.39522e-01
 52 -0.72970 -1.00562e-02 | 53 -0.29491  2.89321e+01 | 54 -0.21203  4.16050e-01
 55 -0.11416 -1.05603e+02 | 56 -0.07597  1.38190e+02 | 57  0.70753  3.72174e-03
 58  0.53782  2.18662e-04 | 59  0.24089  3.29410e-03 | 60  0.10042  3.33674e+01
 61 -0.10419 -8.14669e+01 |
61 variables; iteration 40; function evaluation 53; phase 4
Function value 1.2461752e+02; maximum gradient component mag -1.9662e+02
Var    Value     Gradient |Var    Value     Gradient |Var    Value     Gradient
  1  0.13895 -1.96623e+02 |  2 -0.13487  1.48870e+00 |  3  0.00529 -7.45001e+00
  4 -0.03189 -8.32434e+00 |  5  0.01686 -6.52704e+00 |  6 -0.04982  3.41304e+00
  7 -0.09646  8.38208e+00 |  8 -0.05516 -6.62916e-01 |  9 -0.05503  4.17427e+00
 10  0.04892  3.60044e+00 | 11  0.02395  4.20135e+00 | 12  0.06167  1.75496e+00
 13  0.00617  5.59109e+00 | 14 -0.00173  6.38998e+00 | 15  0.07389 -2.12586e+00
 16  0.01963 -4.46465e+00 | 17 -0.05277 -6.10172e-01 | 18 -0.00777 -1.98615e+00
 19 -0.02431 -3.28222e-01 | 20  0.05030 -1.90780e-01 | 21  0.04770 -4.98923e+00
 22 -0.06122 -6.31545e+00 | 23 -0.04018 -1.07567e+01 | 24 -0.10519 -1.03004e+01
 25  0.00742 -5.06737e+00 | 26 -0.01638 -1.07620e+01 | 27 -0.01848 -2.30641e+01
 28  0.05855 -1.06915e+00 | 29  0.00338 -2.35236e+00 | 30  0.04779 -7.50356e+00
 31 -0.02202  1.08741e+01 | 32  0.03782  1.96150e+00 | 33  0.03904 -6.53765e+00
 34  0.03738  5.11056e+00 | 35  0.03163 -7.90891e-01 | 36  0.00081  1.58123e+01
 37  0.01525  3.10197e+01 | 38 -0.00535 -4.35144e-01 | 39  0.25337 -2.34449e+01
 40  0.25189 -1.63028e+02 | 41  0.26968  1.37934e+01 | 42  0.21167  3.64303e+01
 43 -0.05896  2.17340e+00 | 44 -0.23715  9.65531e-01 | 45  0.80011  1.43665e-03
 46 -0.34153 -1.91128e+00 | 47 -0.58221  3.29579e+00 | 48  0.81368  1.25885e-05
 49 -0.50105 -2.86829e-02 | 50 -0.37790  5.97634e+00 | 51  0.09648 -2.96481e-01
 52 -0.73069 -3.75302e-04 | 53 -0.29687  1.18509e+00 | 54 -0.26274  1.88540e-02
 55 -0.20425  1.22247e+02 | 56 -0.08584 -6.77248e+01 | 57  0.70534  3.17109e-03
 58  0.53799 -8.15162e-05 | 59  0.24081  9.46748e-04 | 60  0.25641  1.37647e+01
 61  0.08669  4.31916e+01 |
61 variables; iteration 60; function evaluation 84; phase 4
Function value 1.2373492e+02; maximum gradient component mag -1.9555e+01
Var    Value     Gradient |Var    Value     Gradient |Var    Value     Gradient
  1  0.13857 -1.95549e+01 |  2 -0.14028 -1.16308e-01 |  3  0.00711  3.75000e-01
  4 -0.02991 -6.62719e-02 |  5  0.01680  3.44826e-01 |  6 -0.05207  3.13043e-02
  7 -0.10154  1.89290e-01 |  8 -0.05588  5.04116e-01 |  9 -0.06054  6.81036e-02
 10  0.04632 -1.36281e-01 | 11  0.02259  4.17617e-01 | 12  0.06272  3.23685e-01
 13  0.00452 -2.28074e-01 | 14 -0.00559  2.72018e-01 | 15  0.07525  3.60540e-01
 16  0.02118 -1.29406e-01 | 17 -0.05238 -4.26990e-01 | 18 -0.00773 -8.91950e-01
 19 -0.02335 -5.19367e-02 | 20  0.04971 -6.65650e-01 | 21  0.04796 -7.81724e-01
 22 -0.05877  4.36168e-01 | 23 -0.03917 -8.72591e-01 | 24 -0.10268  3.93863e-02
 25  0.00759 -5.17362e-03 | 26 -0.01553  4.43061e-01 | 27 -0.01617 -1.87177e-01
 28  0.05815 -7.28895e-01 | 29  0.00512  2.92673e-01 | 30  0.04937  4.10137e-01
 31 -0.02298  6.04236e-02 | 32  0.03789  2.87360e-01 | 33  0.04154  7.12298e-01
 34  0.03712  1.46356e-01 | 35  0.03321  1.36559e-01 | 36  0.00167  7.64492e-01
 37  0.01546 -1.40532e+00 | 38 -0.00362  5.66558e-01 | 39  0.25420  1.68657e+00
 40  0.25175 -1.02851e+01 | 41  0.26963 -1.19392e-01 | 42  0.21128 -6.29419e-01
 43 -0.07076  4.68632e-02 | 44 -0.24329 -6.42599e-02 | 45  0.79160  3.72430e-04
 46 -0.32283  1.67555e-01 | 47 -0.58402  4.65664e-01 | 48  0.81280  2.24702e-05
 49 -0.49448  4.95223e-02 | 50 -0.38243 -1.73789e-01 | 51  0.05939 -3.98521e-02
 52 -0.73113 -9.03016e-04 | 53 -0.29523 -6.84324e-01 | 54 -0.23051 -1.13772e-02
 55 -0.17915 -8.74782e+00 | 56 -0.10746  1.56670e+01 | 57  0.68448  1.70849e-03
 58  0.53969 -1.51441e-04 | 59  0.24008  6.76070e-05 | 60  0.11652 -9.15502e-01
 61 -0.00780 -3.20682e+00 |
61 variables; iteration 80; function evaluation 104; phase 4
Function value 1.2368669e+02; maximum gradient component mag 3.3310e-01
Var    Value     Gradient |Var    Value     Gradient |Var    Value     Gradient
  1  0.13861 -2.41490e-01 |  2 -0.13990 -4.22835e-04 |  3  0.00698 -8.90832e-03
  4 -0.02989 -4.07806e-03 |  5  0.01674 -1.37505e-02 |  6 -0.05188  3.71311e-03
  7 -0.10133  2.86413e-03 |  8 -0.05579  4.85673e-04 |  9 -0.06001  3.50051e-03
 10  0.04670  6.78305e-03 | 11  0.02259  6.47203e-05 | 12  0.06261  1.50470e-03
 13  0.00464  6.12886e-03 | 14 -0.00555  1.60455e-03 | 15  0.07513 -6.95399e-03
 16  0.02114 -8.20056e-04 | 17 -0.05237  2.42437e-03 | 18 -0.00775  1.17055e-04
 19 -0.02342 -2.31132e-03 | 20  0.04973 -9.36719e-04 | 21  0.04801 -8.59368e-04
 22 -0.05890 -4.10803e-03 | 23 -0.03913 -7.22313e-04 | 24 -0.10286 -8.14774e-03
 25  0.00756  5.40748e-03 | 26 -0.01566 -9.68144e-03 | 27 -0.01629 -1.38028e-02
 28  0.05815 -4.18990e-03 | 29  0.00504 -2.58549e-03 | 30  0.04929 -4.91629e-03
 31 -0.02299  3.66774e-03 | 32  0.03785  2.37026e-03 | 33  0.04140 -3.12858e-03
 34  0.03710  2.61278e-03 | 35  0.03319  5.37118e-03 | 36  0.00138 -4.01613e-03
 37  0.01552  1.43950e-02 | 38 -0.00376  5.13673e-03 | 39  0.25417 -1.19592e-01
 40  0.25177  4.07156e-02 | 41  0.26961  3.11593e-03 | 42  0.21128  1.65966e-02
 43 -0.07033  5.57000e-04 | 44 -0.24333 -7.91779e-04 | 45  0.78567 -3.73697e-04
 46 -0.32471 -6.77795e-05 | 47 -0.58411 -5.25368e-03 | 48  0.81225 -2.37514e-05
 49 -0.49713 -6.19814e-04 | 50 -0.38157  1.86912e-02 | 51  0.06879 -2.26202e-03
 52 -0.73004  1.46198e-05 | 53 -0.29653  5.02568e-02 | 54 -0.14549  8.23393e-05
 55 -0.20430 -2.94655e-01 | 56 -0.14262  3.33101e-01 | 57  0.67153  9.90108e-04
 58  0.54219 -3.84161e-05 | 59  0.23528 -9.35021e-06 | 60  0.04681 -5.55900e-02
 61 -0.01305 -8.47132e-02 |
61 variables; iteration 100; function evaluation 125; phase 4
Function value 1.2368664e+02; maximum gradient component mag 4.5930e-01
Var    Value     Gradient |Var    Value     Gradient |Var    Value     Gradient
  1  0.13861  1.23231e-01 |  2 -0.13990 -6.06740e-04 |  3  0.00698 -5.17739e-03
  4 -0.02989 -5.24186e-03 |  5  0.01674 -1.29205e-02 |  6 -0.05188 -2.36623e-03
  7 -0.10133 -1.18161e-03 |  8 -0.05579 -3.85117e-03 |  9 -0.06001 -2.96642e-03
 10  0.04671 -4.67155e-04 | 11  0.02259 -4.06947e-03 | 12  0.06261 -5.51910e-03
 13  0.00463 -1.07399e-03 | 14 -0.00555 -3.96370e-03 | 15  0.07513 -9.49062e-03
 16  0.02113 -6.05257e-03 | 17 -0.05237 -3.82775e-03 | 18 -0.00775 -4.57692e-03
 19 -0.02342 -6.78557e-03 | 20  0.04973 -6.60035e-03 | 21  0.04801 -5.76175e-03
 22 -0.05890 -3.58579e-03 | 23 -0.03913 -3.78176e-03 | 24 -0.10286 -5.88053e-03
 25  0.00756  1.79225e-02 | 26 -0.01566  3.13674e-02 | 27 -0.01628  5.25896e-02
 28  0.05815  1.36063e-02 | 29  0.00504 -2.73165e-03 | 30  0.04929 -6.08433e-03
 31 -0.02300 -3.49649e-03 | 32  0.03785 -3.88439e-03 | 33  0.04140 -6.70928e-03
 34  0.03711 -2.14983e-03 | 35  0.03318 -1.72753e-03 | 36  0.00138 -8.52334e-03
 37  0.01552  3.92953e-03 | 38 -0.00376 -1.37996e-03 | 39  0.25417 -1.26945e-01
 40  0.25177  4.54608e-02 | 41  0.26961  6.48722e-03 | 42  0.21128  1.06367e-02
 43 -0.07032 -7.28905e-05 | 44 -0.24334 -4.40675e-04 | 45  0.78578 -3.60893e-04
 46 -0.32471  2.26027e-04 | 47 -0.58411  9.19118e-03 | 48  0.81278  5.35391e-05
 49 -0.49713 -3.04755e-04 | 50 -0.38154  3.25214e-03 | 51  0.06918  9.81702e-04
 52 -0.73001  8.33241e-06 | 53 -0.29826  4.21442e-02 | 54 -0.03678  5.43245e-04
 55 -0.20566 -3.24192e-01 | 56 -0.14673  4.59297e-01 | 57  0.65276 -1.32563e-04
 58  0.54862  2.39694e-04 | 59  0.24071  9.05725e-05 | 60  0.03536 -1.12981e-01
 61 -0.01701 -4.16320e-02 |
61 variables; iteration 120; function evaluation 145; phase 4
Function value 1.2368663e+02; maximum gradient component mag -6.5679e-02
Var    Value     Gradient |Var    Value     Gradient |Var    Value     Gradient
  1  0.13861 -6.56787e-02 |  2 -0.13990 -9.00398e-04 |  3  0.00698 -5.00560e-03
  4 -0.02989 -7.48805e-03 |  5  0.01674 -1.65074e-02 |  6 -0.05188  4.31952e-04
  7 -0.10133  1.14678e-04 |  8 -0.05579 -6.56311e-04 |  9 -0.06001 -1.53582e-04
 10  0.04670  2.04725e-04 | 11  0.02259 -2.89188e-05 | 12  0.06261 -4.72996e-05
 13  0.00463  4.43844e-04 | 14 -0.00555 -1.22775e-04 | 15  0.07513 -3.21419e-04
 16  0.02114 -1.30905e-04 | 17 -0.05237  1.92169e-04 | 18 -0.00775  2.06903e-04
 19 -0.02342 -1.05188e-04 | 20  0.04973 -3.22011e-05 | 21  0.04801  1.84281e-05
 22 -0.05890 -1.99057e-04 | 23 -0.03913 -2.48553e-04 | 24 -0.10286 -5.64109e-04
 25  0.00756 -1.21429e-03 | 26 -0.01566 -2.70912e-04 | 27 -0.01629  1.45584e-04
 28  0.05815  3.12533e-04 | 29  0.00504 -6.07313e-05 | 30  0.04929 -1.03691e-04
 31 -0.02300  3.55838e-04 | 32  0.03785  2.10764e-04 | 33  0.04140 -3.39618e-04
 34  0.03711  3.79778e-04 | 35  0.03319  5.25395e-04 | 36  0.00138 -4.56094e-04
 37  0.01552  1.09783e-03 | 38 -0.00375  4.50442e-04 | 39  0.25417 -4.46212e-03
 40  0.25177  3.36798e-03 | 41  0.26961  2.75783e-04 | 42  0.21128  1.64949e-03
 43 -0.07033  1.09772e-04 | 44 -0.24333 -4.08128e-04 | 45  0.78872 -5.63420e-06
 46 -0.32471  2.59378e-04 | 47 -0.58411 -4.94551e-06 | 48  0.81255  1.86193e-05
 49 -0.49711 -6.08822e-05 | 50 -0.38156  1.26819e-03 | 51  0.06894 -1.19104e-04
 52 -0.73004 -7.51195e-07 | 53 -0.29873  1.74526e-03 | 54 -0.00734  5.23494e-05
 55 -0.19959  2.30463e-02 | 56 -0.14100 -2.14875e-02 | 57  0.65485 -3.63962e-06
 58  0.54359  2.31968e-05 | 59  0.23304 -5.18664e-05 | 60  0.04255  1.89918e-03
 61 -0.02023  9.70165e-03 |
61 variables; iteration 140; function evaluation 165; phase 4
Function value 1.2368662e+02; maximum gradient component mag -3.0177e-01
Var    Value     Gradient |Var    Value     Gradient |Var    Value     Gradient
  1  0.13861  2.35776e-01 |  2 -0.13990  2.61332e-03 |  3  0.00698  1.72367e-02
  4 -0.02989  2.64041e-02 |  5  0.01674  5.80701e-02 |  6 -0.05188 -1.47672e-03
  7 -0.10133 -3.38675e-04 |  8 -0.05579  1.40300e-03 |  9 -0.06001 -2.73084e-04
 10  0.04670 -5.37239e-04 | 11  0.02259 -6.25027e-05 | 12  0.06261 -3.83878e-04
 13  0.00463 -1.15236e-03 | 14 -0.00555  4.82891e-04 | 15  0.07513  6.30276e-04
 16  0.02113 -3.52416e-05 | 17 -0.05237 -4.16894e-04 | 18 -0.00775 -2.19205e-04
 19 -0.02342  5.36826e-04 | 20  0.04973  8.94555e-04 | 21  0.04801  1.38706e-03
 22 -0.05890  7.71620e-04 | 23 -0.03913  2.34900e-03 | 24 -0.10286  2.39047e-03
 25  0.00756  5.28564e-04 | 26 -0.01566  1.49262e-03 | 27 -0.01629  1.81697e-03
 28  0.05815 -1.22812e-03 | 29  0.00504  9.11079e-04 | 30  0.04929 -1.92504e-05
 31 -0.02300 -1.05332e-03 | 32  0.03785 -1.73239e-03 | 33  0.04140 -1.07377e-04
 34  0.03711 -1.42810e-03 | 35  0.03319 -2.64134e-03 | 36  0.00138  1.69593e-03
 37  0.01552 -9.20104e-05 | 38 -0.00376 -3.93821e-03 | 39  0.25417  1.83319e-02
 40  0.25177 -4.95089e-02 | 41  0.26961 -4.43257e-05 | 42  0.21128 -5.08119e-04
 43 -0.07032 -5.13046e-04 | 44 -0.24333  9.32039e-04 | 45  0.78877  2.11420e-06
 46 -0.32472 -2.51593e-05 | 47 -0.58411 -6.27711e-04 | 48  0.81331  1.29567e-04
 49 -0.49710  1.43860e-04 | 50 -0.38156 -1.68895e-03 | 51  0.06896  2.67982e-05
 52 -0.73004  5.13888e-06 | 53 -0.29860 -6.64445e-03 | 54 -0.01599 -1.27561e-04
 55 -0.18881  2.83095e-01 | 56 -0.14317 -3.01775e-01 | 57  0.65497  4.32962e-06
 58  0.54257 -2.19335e-05 | 59  0.23668  1.67154e-05 | 60  0.01239  4.35782e-02
 61 -0.04647  9.10115e-02 |
61 variables; iteration 160; function evaluation 187; phase 4
Function value 1.2368661e+02; maximum gradient component mag 6.0667e-02
Var    Value     Gradient |Var    Value     Gradient |Var    Value     Gradient
  1  0.13861  4.35163e-02 |  2 -0.13990  4.08647e-04 |  3  0.00698  2.70830e-03
  4 -0.02989  4.42821e-03 |  5  0.01674  9.64070e-03 |  6 -0.05188 -2.65660e-04
  7 -0.10133 -2.97793e-05 |  8 -0.05579 -1.69682e-06 |  9 -0.06001 -1.51207e-04
 10  0.04670  3.88638e-05 | 11  0.02259 -1.35984e-04 | 12  0.06261 -2.69887e-04
 13  0.00463 -5.21599e-05 | 14 -0.00555  2.88152e-06 | 15  0.07513 -2.67055e-04
 16  0.02113 -2.07311e-04 | 17 -0.05237 -1.06832e-04 | 18 -0.00775 -1.37778e-04
 19 -0.02342 -7.39286e-05 | 20  0.04973  3.02134e-06 | 21  0.04801  1.49086e-04
 22 -0.05890  2.30954e-06 | 23 -0.03913  2.42231e-04 | 24 -0.10286 -7.87457e-06
 25  0.00756  4.41602e-04 | 26 -0.01566  9.24839e-04 | 27 -0.01629  1.51141e-03
 28  0.05815  3.15652e-04 | 29  0.00504  3.45653e-04 | 30  0.04929 -2.80964e-04
 31 -0.02300 -2.03989e-04 | 32  0.03785 -5.15073e-04 | 33  0.04140 -4.41235e-04
 34  0.03711 -2.62937e-04 | 35  0.03319 -5.33685e-04 | 36  0.00138  8.30967e-05
 37  0.01552  1.03425e-03 | 38 -0.00376 -1.04426e-03 | 39  0.25417  6.74472e-04
 40  0.25177 -1.28724e-02 | 41  0.26961  4.18611e-04 | 42  0.21128  9.47233e-04
 43 -0.07033 -8.90090e-05 | 44 -0.24333  1.14993e-04 | 45  0.78872 -5.39175e-06
 46 -0.32471  4.54022e-05 | 47 -0.58411  1.79488e-05 | 48  0.81245  4.50147e-06
 49 -0.49711  1.67529e-07 | 50 -0.38156  2.84426e-04 | 51  0.06895 -3.43694e-05
 52 -0.73004  1.33757e-06 | 53 -0.29866 -1.31066e-04 | 54 -0.01198 -2.15860e-06
 55 -0.17580  6.06665e-02 | 56 -0.14074 -5.39463e-02 | 57  0.65488 -1.47100e-06
 58  0.54310  1.60956e-06 | 59  0.23572 -1.23679e-06 | 60 -0.00669  3.65715e-03
 61 -0.07004  2.48912e-02 |

 - final statistics:
61 variables; iteration 171; function evaluation 199
Function value 1.2369e+02; maximum gradient component mag 1.5230e-05
Exit code = 1;  converg criter 1.0000e-04
Var    Value     Gradient |Var    Value     Gradient |Var    Value     Gradient
  1  0.13861  1.52301e-05 |  2 -0.13990  1.41109e-07 |  3  0.00698  8.37609e-07
  4 -0.02989  1.40141e-06 |  5  0.01674  3.04273e-06 |  6 -0.05188 -1.00345e-07
  7 -0.10133 -1.79596e-08 |  8 -0.05579 -4.32094e-08 |  9 -0.06001 -5.04224e-08
 10  0.04670  1.91003e-08 | 11  0.02259 -7.10707e-08 | 12  0.06261 -1.30599e-07
 13  0.00463 -1.07129e-08 | 14 -0.00555 -3.19482e-08 | 15  0.07513 -1.47742e-07
 16  0.02113 -1.10897e-07 | 17 -0.05237 -4.77565e-08 | 18 -0.00775 -5.74734e-08
 19 -0.02342 -5.53663e-08 | 20  0.04973 -1.57573e-08 | 21  0.04801  7.70740e-08
 22 -0.05890 -2.87594e-08 | 23 -0.03913  1.39173e-07 | 24 -0.10286  2.51320e-08
 25  0.00756  1.44643e-07 | 26 -0.01566  4.68011e-07 | 27 -0.01629  8.10750e-07
 28  0.05815 -4.24912e-08 | 29  0.00504 -2.17307e-07 | 30  0.04929 -1.24446e-07
 31 -0.02300 -9.96240e-08 | 32  0.03785 -4.06611e-09 | 33  0.04140 -6.85242e-08
 34  0.03711 -2.48926e-08 | 35  0.03319 -3.31877e-08 | 36  0.00138 -1.90394e-07
 37  0.01552  7.14086e-08 | 38 -0.00376  7.60832e-09 | 39  0.25417 -4.99718e-07
 40  0.25177  5.31248e-07 | 41  0.26961  1.86638e-07 | 42  0.21128  3.21683e-07
 43 -0.07033 -2.11610e-08 | 44 -0.24333  4.41504e-08 | 45  0.78876 -2.89319e-09
 46 -0.32471 -2.29202e-09 | 47 -0.58411  4.28372e-08 | 48  0.81242  3.69769e-09
 49 -0.49711 -2.73753e-09 | 50 -0.38156  1.54006e-07 | 51  0.06895 -1.28754e-08
 52 -0.73004  3.44712e-10 | 53 -0.29866  2.78071e-07 | 54 -0.01197  3.85552e-09
 55 -0.17414  2.91532e-06 | 56 -0.14069 -6.09858e-06 | 57  0.65490 -1.04723e-09
 58  0.54307  1.31911e-10 | 59  0.23579  5.87886e-10 | 60 -0.01001  2.11939e-06
 61 -0.07348 -7.36902e-07 |
Estimating row 1 out of 61 for hessian
Estimating row 2 out of 61 for hessian
Estimating row 3 out of 61 for hessian
Estimating row 4 out of 61 for hessian
Estimating row 5 out of 61 for hessian
Estimating row 6 out of 61 for hessian
Estimating row 7 out of 61 for hessian
Estimating row 8 out of 61 for hessian
Estimating row 9 out of 61 for hessian
Estimating row 10 out of 61 for hessian
Estimating row 11 out of 61 for hessian
Estimating row 12 out of 61 for hessian
Estimating row 13 out of 61 for hessian
Estimating row 14 out of 61 for hessian
Estimating row 15 out of 61 for hessian
Estimating row 16 out of 61 for hessian
Estimating row 17 out of 61 for hessian
Estimating row 18 out of 61 for hessian
Estimating row 19 out of 61 for hessian
Estimating row 20 out of 61 for hessian
Estimating row 21 out of 61 for hessian
Estimating row 22 out of 61 for hessian
Estimating row 23 out of 61 for hessian
Estimating row 24 out of 61 for hessian
Estimating row 25 out of 61 for hessian
Estimating row 26 out of 61 for hessian
Estimating row 27 out of 61 for hessian
Estimating row 28 out of 61 for hessian
Estimating row 29 out of 61 for hessian
Estimating row 30 out of 61 for hessian
Estimating row 31 out of 61 for hessian
Estimating row 32 out of 61 for hessian
Estimating row 33 out of 61 for hessian
Estimating row 34 out of 61 for hessian
Estimating row 35 out of 61 for hessian
Estimating row 36 out of 61 for hessian
Estimating row 37 out of 61 for hessian
Estimating row 38 out of 61 for hessian
Estimating row 39 out of 61 for hessian
Estimating row 40 out of 61 for hessian
Estimating row 41 out of 61 for hessian
Estimating row 42 out of 61 for hessian
Estimating row 43 out of 61 for hessian
Estimating row 44 out of 61 for hessian
Estimating row 45 out of 61 for hessian
Estimating row 46 out of 61 for hessian
Estimating row 47 out of 61 for hessian
Estimating row 48 out of 61 for hessian
Estimating row 49 out of 61 for hessian
Estimating row 50 out of 61 for hessian
Estimating row 51 out of 61 for hessian
Estimating row 52 out of 61 for hessian
Estimating row 53 out of 61 for hessian
Estimating row 54 out of 61 for hessian
Estimating row 55 out of 61 for hessian
Estimating row 56 out of 61 for hessian
Estimating row 57 out of 61 for hessian
Estimating row 58 out of 61 for hessian
Estimating row 59 out of 61 for hessian
Estimating row 60 out of 61 for hessian
Estimating row 61 out of 61 for hessian
size of file gradfil1.tmp = 0
size of file gradfil2.tmp = 0
size of file varssave.tmp = 0
size of file cmpdiff.tmp = 0
