
Initial statistics: 4 variables; iteration 0; function evaluation 0; phase 1
Function value 4.0595352e+03; maximum gradient component mag 2.6855e+04
Var    Value     Gradient |Var    Value     Gradient |Var    Value     Gradient
  1  0.39650  2.68553e+04 |  2  0.21635  2.35744e+04 |  3  0.21635  6.98568e+03
  4  0.21635  7.97246e+03 |

 - final statistics:
4 variables; iteration 10; function evaluation 22
Function value 5.6109e+02; maximum gradient component mag -2.9395e+00
Exit code = 1;  converg criter 1.0000e+01
Var    Value     Gradient |Var    Value     Gradient |Var    Value     Gradient
  1  0.17195  1.23636e-01 |  2  0.22632  1.59149e+00 |  3  0.22791 -2.93945e+00
  4  0.20913 -2.60228e+00 |

Initial statistics: 47 variables; iteration 0; function evaluation 0; phase 2
Function value 5.6108570e+02; maximum gradient component mag -3.8412e+02
Var    Value     Gradient |Var    Value     Gradient |Var    Value     Gradient
  1  0.17195  1.23636e-01 |  2  0.00000  4.85369e+01 |  3  0.00000 -1.15070e+02
  4  0.00000  3.42058e+01 |  5  0.00000 -7.47211e+01 |  6  0.00000 -2.58315e+01
  7  0.00000  5.32098e+01 |  8  0.00000  4.93081e+00 |  9  0.00000  1.04501e+01
 10  0.00000 -7.97227e+01 | 11  0.00000  2.09654e+00 | 12  0.00000 -6.27398e+01
 13  0.00000 -1.48935e+01 | 14  0.00000 -7.08423e+00 | 15  0.00000 -9.11936e+01
 16  0.00000  2.16030e+00 | 17  0.00000  9.80913e+01 | 18  0.00000 -2.77830e+00
 19  0.00000  3.34171e+01 | 20  0.00000 -1.51937e+02 | 21  0.00000 -1.34811e+02
 22  0.00000  1.34084e+02 | 23  0.00000  2.59062e+01 | 24  0.00000  2.60382e+02
 25  0.00000  9.09173e+01 | 26  0.00000 -5.78050e+00 | 27  0.00000  1.25054e+00
 28  0.00000 -1.15317e+02 | 29  0.00000  1.38828e+02 | 30  0.00000 -3.29173e+02
 31  0.00000  2.05019e+02 | 32  0.00000 -2.94237e+02 | 33  0.00000  1.27814e+02
 34  0.00000  1.26944e+02 | 35  0.22632  1.59149e+00 | 36  0.22791 -2.93945e+00
 37  0.20913 -2.60228e+00 | 38 -1.00000 -1.08293e-07 | 39  0.00000  1.11552e-04
 40  0.00000  3.27302e-01 | 41 -0.53989  6.90695e+00 | 42 -1.00000 -1.08293e-07
 43 -0.53989  1.20344e+01 | 44 -1.00000 -1.08293e-07 | 45 -0.53989  3.41361e+00
 46 -0.32288  2.62119e+01 | 47 -0.17585 -3.84122e+02 |

Intermediate statistics: 47 variables; iteration 20; function evaluation 41; phase 2
Function value 4.3133626e+02; maximum gradient component mag -5.3114e+03
Var    Value     Gradient |Var    Value     Gradient |Var    Value     Gradient
  1  0.16320 -5.31138e+03 |  2 -0.24368 -4.50566e+01 |  3  0.21438  5.34589e+01
  4  0.20921  1.56090e+02 |  5  0.15942 -3.21344e+01 |  6  0.14912  2.70427e+01
  7  0.09425  3.45012e+01 |  8  0.06472 -3.59216e+01 |  9  0.08929  2.78478e+01
 10  0.09914 -2.86437e+01 | 11  0.05378 -2.20229e+01 | 12 -0.04446 -2.29618e+02
 13 -0.10909 -2.54260e+02 | 14 -0.02602 -2.45960e+02 | 15 -0.08530 -5.00555e+02
 16 -0.03820 -5.37731e+02 | 17 -0.06733 -2.60739e+02 | 18 -0.03823 -2.70473e+02
 19 -0.05670 -1.88611e+02 | 20 -0.01577 -3.36900e+02 | 21 -0.03856 -2.63899e+02
 22 -0.06822 -1.90557e+01 | 23 -0.05847 -6.95789e+01 | 24 -0.10148  4.37192e+01
 25 -0.06103 -6.65499e+01 | 26 -0.03529 -5.19616e+01 | 27 -0.04218 -9.52526e+01
 28 -0.01078 -1.59719e+02 | 29  0.06338  6.07966e+02 | 30  0.00748 -2.51862e+02
 31 -0.07591 -1.71372e+02 | 32  0.02817 -1.90936e+02 | 33  0.10382  3.54406e+02
 34  0.15175  1.52895e+02 | 35  0.23546 -1.04222e+03 | 36  0.25534 -1.24321e+02
 37  0.21988 -3.00228e+02 | 38 -1.12836  1.52502e-02 | 39 -0.00000  1.01123e-04
 40 -0.00989 -3.85421e-05 | 41 -0.75285 -7.25315e-03 | 42 -1.31880  9.03341e+02
 43 -0.59379  7.11417e+02 | 44 -1.20379  1.04351e+02 | 45 -0.65186  6.02013e+01
 46 -0.38591  4.19313e+01 | 47 -0.04095 -1.00337e+02 |
47 variables; iteration 40; function evaluation 67; phase 2
Function value 3.7630917e+02; maximum gradient component mag -2.2055e+03
Var    Value     Gradient |Var    Value     Gradient |Var    Value     Gradient
  1  0.16172 -2.20553e+03 |  2 -0.17991 -3.48132e+01 |  3  0.21082  6.46366e+01
  4  0.19688  1.49999e+02 |  5  0.16361  1.76714e+01 |  6  0.10590 -8.34451e+01
  7  0.04532 -7.93428e+01 |  8  0.05882 -6.71265e+01 |  9  0.07117 -3.57962e+01
 10  0.08100 -8.39289e+01 | 11  0.03055 -8.50663e+01 | 12 -0.00284 -1.87773e+02
 13 -0.08012 -2.40009e+02 | 14 -0.08100 -2.59642e+02 | 15  0.01589 -4.37023e+02
 16 -0.08054 -4.64071e+02 | 17 -0.06258 -2.65577e+02 | 18 -0.02809 -2.69614e+02
 19 -0.07276 -2.33740e+02 | 20  0.01383 -2.78693e+02 | 21 -0.00146 -2.15953e+02
 22 -0.10732 -1.51014e+02 | 23 -0.05205 -1.44729e+02 | 24 -0.14862 -1.32616e+02
 25 -0.06967 -1.97478e+02 | 26 -0.02314 -4.66598e+01 | 27 -0.03579 -6.10203e+01
 28  0.01117  5.09264e+01 | 29  0.04975  4.95490e+02 | 30  0.05350  8.98669e+01
 31 -0.10032 -3.45780e+02 | 32  0.10078  1.79285e+02 | 33  0.09487  1.59018e+02
 34  0.13304  1.17332e+00 | 35  0.23398 -5.32328e+02 | 36  0.25969  7.22508e+01
 37  0.22836  1.08949e+02 | 38 -1.57249 -8.60244e+00 | 39 -0.25450  7.66690e-01
 40 -0.58322 -3.63080e-03 | 41 -1.30715 -2.10250e-02 | 42 -1.34172  8.87976e+02
 43 -0.57315  7.23592e+02 | 44 -1.17018  4.44408e+01 | 45 -0.72941  2.76788e+01
 46 -0.40387  1.56960e+01 | 47 -0.00624  2.14087e+02 |
47 variables; iteration 60; function evaluation 97; phase 2
Function value 1.6451346e+02; maximum gradient component mag -3.2395e+03
Var    Value     Gradient |Var    Value     Gradient |Var    Value     Gradient
  1  0.13940 -3.23950e+03 |  2 -0.12367  3.44505e+00 |  3  0.01158  1.20078e+01
  4 -0.04124 -2.03583e+01 |  5  0.01211 -7.36947e+00 |  6 -0.04774  1.36737e+01
  7 -0.10124  4.73800e-01 |  8 -0.05724  1.98621e+00 |  9 -0.05065  1.94820e+01
 10  0.02444 -2.73867e+01 | 11  0.02529  1.76967e+00 | 12  0.04531 -6.90491e+01
 13  0.00917 -5.05031e+01 | 14 -0.02049 -1.09443e+02 | 15  0.07238 -2.75992e+02
 16 -0.01954 -3.77354e+02 | 17 -0.03498 -6.09805e+01 | 18  0.02690  1.18833e+01
 19 -0.03201 -2.31088e+01 | 20  0.07488 -9.33762e+00 | 21  0.05206 -1.20439e+01
 22 -0.06845 -2.37581e+01 | 23 -0.01711 -1.07245e+01 | 24 -0.10128 -4.50471e+00
 25 -0.01229 -5.80606e+01 | 26 -0.00789 -3.61210e+01 | 27  0.00222 -6.27814e+01
 28  0.03583 -1.25266e+02 | 29 -0.00079 -2.01447e+01 | 30  0.05539 -7.86166e+01
 31 -0.02870 -8.41864e+01 | 32  0.04011 -1.08854e+01 | 33  0.02140  2.14773e+01
 34  0.08048  1.12296e+01 | 35  0.24274 -2.30683e+02 | 36  0.26484 -2.68298e+01
 37  0.26741 -6.75949e+01 | 38 -1.45567  3.53501e-01 | 39 -2.60704  2.34821e-02
 40 -0.47164 -2.87727e-03 | 41 -0.92874 -2.77351e-02 | 42 -1.25304  2.02383e+02
 43 -0.76633  2.19573e+02 | 44 -0.60214 -4.21352e+01 | 45 -1.51996 -3.78797e+01
 46 -0.54229  5.10319e-01 | 47  0.03551 -2.22612e+00 |
Maximum number of function evaluations exceeded

 - final statistics:
47 variables; iteration 63; function evaluation 100
Function value 1.5992e+02; maximum gradient component mag -2.1474e+03
Exit code = 3;  converg criter 1.0000e+01
Var    Value     Gradient |Var    Value     Gradient |Var    Value     Gradient
  1  0.13846 -2.14742e+03 |  2 -0.13511  2.22921e+00 |  3 -0.00281  3.71059e+00
  4 -0.03498  1.15818e+01 |  5  0.01228  2.39432e+01 |  6 -0.05950  1.00322e+01
  7 -0.10468  2.38132e+01 |  8 -0.05941  2.18832e+01 |  9 -0.07077  2.60301e+01
 10  0.03526  2.75388e+01 | 11  0.00302 -2.71688e+00 | 12  0.06770  3.89988e+01
 13  0.00368  5.08292e+00 | 14 -0.03004 -4.95285e+01 | 15  0.08284 -7.83855e+01
 16 -0.01092 -1.89802e+02 | 17 -0.03822 -6.08376e+01 | 18  0.02254  1.53451e+01
 19 -0.02145  2.50599e+01 | 20  0.07506  2.94701e+00 | 21  0.05154 -9.15974e+00
 22 -0.05668  6.08638e+00 | 23 -0.01868 -3.47860e+01 | 24 -0.10449 -3.32126e+01
 25 -0.00548 -1.67537e+02 | 26 -0.00785 -2.39513e+01 | 27  0.00623 -3.38320e+01
 28  0.04083 -9.74040e+01 | 29  0.00028  1.59845e+01 | 30  0.05879  4.45019e+00
 31 -0.01891  2.18680e+00 | 32  0.03892  1.12661e+01 | 33  0.02147  2.73585e+01
 34  0.08710  2.87993e+01 | 35  0.24344 -7.45436e+01 | 36  0.26456  1.42467e+01
 37  0.27016 -3.56029e+00 | 38 -1.45602  4.76939e-01 | 39 -2.75644  1.56313e-02
 40 -0.21533 -1.10815e-03 | 41 -0.81217 -1.03277e-02 | 42 -1.24408 -2.05135e+02
 43 -0.78352 -2.31925e+02 | 44 -0.60341 -9.42153e-02 | 45 -1.49689 -1.05711e+00
 46 -0.54517  2.30833e-01 | 47  0.04230 -8.34084e-01 |

Initial statistics: 51 variables; iteration 0; function evaluation 0; phase 3
Function value 1.5982051e+02; maximum gradient component mag -2.1474e+03
Var    Value     Gradient |Var    Value     Gradient |Var    Value     Gradient
  1  0.13846 -2.14742e+03 |  2 -0.13511  2.22921e+00 |  3 -0.00281  3.71059e+00
  4 -0.03498  1.15818e+01 |  5  0.01228  2.39432e+01 |  6 -0.05910  2.68076e+01
  7 -0.10428  4.04375e+01 |  8 -0.05901  3.86594e+01 |  9 -0.07037  4.27764e+01
 10  0.03566  4.43588e+01 | 11  0.00341  1.41302e+01 | 12  0.06810  5.57471e+01
 13  0.00407  2.19299e+01 | 14 -0.02965 -3.27009e+01 | 15  0.08324 -6.16756e+01
 16 -0.01052 -1.72959e+02 | 17 -0.03782 -4.40223e+01 | 18  0.02294  3.21811e+01
 19 -0.02105  4.18985e+01 | 20  0.07546  1.96759e+01 | 21  0.05193  7.63200e+00
 22 -0.05628  2.28682e+01 | 23 -0.01829 -1.79463e+01 | 24 -0.10409 -1.65935e+01
 25 -0.00508 -1.50691e+02 | 26 -0.00745 -7.10534e+00 | 27  0.00662 -1.69854e+01
 28  0.04123 -8.05881e+01 | 29  0.00067  3.28318e+01 | 30  0.05919  2.12245e+01
 31 -0.01851  1.90270e+01 | 32  0.03931  2.80808e+01 | 33  0.02187  4.41953e+01
 34  0.08750  4.54853e+01 | 35  0.24344 -7.45436e+01 | 36  0.26456  1.42467e+01
 37  0.27016 -3.56029e+00 | 38 -0.54398 -4.76939e-01 | 39  0.75644 -1.56313e-02
 40 -0.21533 -1.10815e-03 | 41 -0.81217 -1.03277e-02 | 42 -0.75592  2.05135e+02
 43 -0.78352 -2.31925e+02 | 44 -0.60341 -9.42153e-02 | 45 -0.50311  1.05711e+00
 46 -0.54517  2.30833e-01 | 47  0.21635  5.62529e-02 | 48 -0.17585 -7.67532e+02
 49 -0.12819  6.07985e-03 | 50  0.04230 -8.34084e-01 | 51  0.05795 -4.38494e+01

Intermediate statistics: 51 variables; iteration 20; function evaluation 27; phase 3
Function value 1.4905383e+02; maximum gradient component mag -2.1007e+03
Var    Value     Gradient |Var    Value     Gradient |Var    Value     Gradient
  1  0.14073 -2.10071e+03 |  2 -0.14024 -2.52708e+00 |  3 -0.00455 -1.51443e+01
  4 -0.03950 -2.48219e+01 |  5  0.00913 -5.18175e+01 |  6 -0.06185  7.11708e+00
  7 -0.11422  2.18570e+00 |  8 -0.07142 -2.13813e+01 |  9 -0.08421  2.96937e+01
 10  0.02729  2.68238e+01 | 11  0.01297  2.94040e+01 | 12  0.05555  1.97966e+01
 13  0.00482  1.80011e+01 | 14 -0.01317  3.62811e+00 | 15  0.05526 -5.81581e+01
 16  0.00081 -5.75944e+01 | 17 -0.04017  1.03321e+01 | 18  0.01999  2.01027e+01
 19 -0.02287  2.31625e+01 | 20  0.07471  6.02581e+00 | 21  0.05762  5.62415e+00
 22 -0.05008  1.73184e+01 | 23 -0.01252 -5.15791e+00 | 24 -0.10602 -8.88375e+00
 25 -0.01203 -9.25503e+01 | 26 -0.01436 -6.83577e+00 | 27  0.00125 -2.09685e+01
 28  0.04058 -8.87737e+01 | 29  0.00118  7.67699e+00 | 30  0.06621  6.92363e+00
 31 -0.01897  1.33281e+01 | 32  0.05773  2.05716e+01 | 33  0.03907  2.35071e+01
 34  0.10523  2.47052e+01 | 35  0.24056 -2.07185e+02 | 36  0.26079 -2.77157e+01
 37  0.26838 -4.08854e+01 | 38 -0.54303 -3.44941e-01 | 39  0.75643 -9.02133e-03
 40 -0.21533 -1.10811e-03 | 41 -0.81211 -1.03241e-02 | 42 -0.75683  2.76092e+02
 43 -0.78643 -3.15259e+02 | 44 -0.61191 -9.77038e+00 | 45 -0.50554  9.60499e+00
 46 -0.54624  4.85436e-01 | 47  0.21608  1.16784e-01 | 48 -0.15923  1.85348e+02
 49 -0.13812 -8.19542e+01 | 50  0.08285  1.46785e+01 | 51  0.09377 -1.69835e+01
51 variables; iteration 40; function evaluation 56; phase 3
Function value 1.4835439e+02; maximum gradient component mag -1.3461e+03
Var    Value     Gradient |Var    Value     Gradient |Var    Value     Gradient
  1  0.14066 -1.34608e+03 |  2 -0.13684  2.95277e-01 |  3 -0.00533 -1.13415e+01
  4 -0.04074 -1.44625e+01 |  5  0.01085 -1.75740e+01 |  6 -0.06245  5.09894e+00
  7 -0.11181  8.57258e+00 |  8 -0.07178 -7.75677e+00 |  9 -0.08575  1.66120e+01
 10  0.02795  1.69775e+01 | 11  0.01398  1.84155e+01 | 12  0.05413  4.15000e+00
 13  0.00220  1.20586e+00 | 14 -0.01146  5.36297e+00 | 15  0.05753 -3.81066e+01
 16 -0.00097 -4.20813e+01 | 17 -0.03947 -3.44882e-01 | 18  0.01913  4.83794e+00
 19 -0.02298  1.26643e+01 | 20  0.07742  1.19659e+01 | 21  0.05683  3.04530e+00
 22 -0.04816  1.73636e+01 | 23 -0.01396  1.87615e+00 | 24 -0.10720 -3.17186e+00
 25 -0.01112 -3.47959e+01 | 26 -0.01625 -1.59888e+01 | 27  0.00115 -2.12100e+01
 28  0.04120 -6.60428e+01 | 29  0.00185  1.05004e+01 | 30  0.06653  2.78367e+00
 31 -0.01888  4.60571e+00 | 32  0.05866  1.67758e+01 | 33  0.04004  2.05749e+01
 34  0.10232  1.38593e+01 | 35  0.24104 -9.10095e+01 | 36  0.26078 -2.28486e+01
 37  0.26811 -1.38171e+01 | 38 -0.41102  5.15546e+00 | 39  0.75821  9.09459e-02
 40 -0.21481 -1.10526e-03 | 41 -0.80733 -1.00529e-02 | 42 -0.84560  3.12205e+01
 43 -0.86206 -3.50102e+01 | 44 -0.74349 -5.30388e+01 | 45 -0.66603  4.03705e+01
 46 -0.61379  7.88201e-02 | 47  0.19844  2.87240e-02 | 48 -0.15962  1.39279e+02
 49 -0.13820 -6.02538e+01 | 50  0.08089  5.54773e+00 | 51  0.09482 -8.93110e+00
51 variables; iteration 60; function evaluation 82; phase 3
Function value 1.4338371e+02; maximum gradient component mag -4.0012e+01
Var    Value     Gradient |Var    Value     Gradient |Var    Value     Gradient
  1  0.14589 -4.00121e+01 |  2 -0.14518 -3.47409e-02 |  3 -0.01241  5.25337e-01
  4 -0.05088  2.41560e-01 |  5 -0.00709  8.30017e-02 |  6 -0.06870  2.37874e+00
  7 -0.12080  2.77173e+00 |  8 -0.07968  2.69350e+00 |  9 -0.08884  5.15911e-01
 10  0.02319  1.03585e+00 | 11  0.00627  1.42110e+00 | 12  0.04889  1.37687e+00
 13  0.00367  2.31156e+00 | 14 -0.00749  3.05674e+00 | 15  0.06335  7.87944e+00
 16  0.01284  1.02848e+01 | 17 -0.04998  1.73416e+00 | 18  0.01271  1.10177e+00
 19 -0.02076  1.03621e+00 | 20  0.07669  2.98620e-01 | 21  0.06280 -9.83039e-01
 22 -0.04486 -1.30526e+00 | 23 -0.01250 -6.40118e+00 | 24 -0.10452 -5.51662e+00
 25 -0.01822 -2.14588e+01 | 26 -0.01810 -3.43181e+00 | 27  0.00164 -1.80504e+00
 28  0.04592 -5.53859e+00 | 29  0.00065  8.58600e-01 | 30  0.07230  1.07202e+00
 31 -0.01232  1.82632e+00 | 32  0.07407  1.02227e+00 | 33  0.04622  9.56474e-01
 34  0.09484  5.97180e-01 | 35  0.23524  5.04338e+00 | 36  0.25310  6.18472e+00
 37  0.24864  2.55054e-01 | 38 -0.61289  1.81303e-02 | 39  0.24798  6.23521e-03
 40 -0.17529 -7.25438e-04 | 41 -0.71487 -3.22391e-04 | 42 -0.74891 -2.77941e+00
 43 -0.77176  3.04807e+00 | 44 -0.67541  1.07949e+00 | 45 -0.56492  6.24941e-03
 46 -0.78788 -8.86390e-03 | 47 -0.10550 -3.12967e-04 | 48 -0.15256 -1.04047e+01
 49 -0.13487  5.93400e+00 | 50  0.03159 -9.80061e-01 | 51  0.09779  9.24600e-01
51 variables; iteration 80; function evaluation 102; phase 3
Function value 1.4324689e+02; maximum gradient component mag -4.5274e-01
Var    Value     Gradient |Var    Value     Gradient |Var    Value     Gradient
  1  0.14662 -4.52736e-01 |  2 -0.14580 -6.11471e-03 |  3 -0.01377 -7.76276e-02
  4 -0.05244 -1.02821e-01 |  5 -0.00872 -2.83865e-01 |  6 -0.07009 -1.09232e-01
  7 -0.12250 -1.30500e-01 |  8 -0.08097 -2.52049e-01 |  9 -0.08948  7.38750e-05
 10  0.02229  1.43620e-02 | 11  0.00510  1.40850e-02 | 12  0.04798  1.07036e-01
 13  0.00303  1.10675e-01 | 14 -0.00816  3.49488e-02 | 15  0.06158  2.02767e-01
 16  0.00995  1.17467e-01 | 17 -0.05025  1.04946e-01 | 18  0.01248  3.51482e-02
 19 -0.01996  6.35459e-03 | 20  0.07647  2.35371e-03 | 21  0.06353 -3.59068e-02
 22 -0.04330 -3.71469e-02 | 23 -0.01109 -3.38938e-02 | 24 -0.10275 -9.39083e-03
 25 -0.01420 -4.01418e-02 | 26 -0.01783 -2.63417e-03 | 27  0.00106  2.95431e-02
 28  0.04616  7.73097e-02 | 29  0.00082 -5.36100e-02 | 30  0.07318  1.22677e-02
 31 -0.01141 -4.44392e-02 | 32  0.07607  1.88057e-02 | 33  0.04731 -3.93370e-02
 34  0.09423 -7.04522e-03 | 35  0.23452  3.03933e-01 | 36  0.25154 -3.00970e-01
 37  0.24636 -2.00201e-03 | 38 -0.62275 -3.46592e-03 | 39 -0.18867 -5.65650e-04
 40 -0.08053 -1.99615e-04 | 41 -0.71589  6.95294e-04 | 42 -0.75198  9.59607e-02
 43 -0.77417 -1.22511e-01 | 44 -0.75986  1.41008e-01 | 45 -0.67661 -1.02940e-01
 46 -0.56842 -5.51759e-05 | 47 -0.29217  1.89423e-05 | 48 -0.15225  2.13189e-01
 49 -0.13648 -1.26700e-01 | 50  0.02531  1.07434e-01 | 51  0.09676 -1.73518e-01
51 variables; iteration 100; function evaluation 122; phase 3
Function value 1.4324635e+02; maximum gradient component mag -1.6258e+00
Var    Value     Gradient |Var    Value     Gradient |Var    Value     Gradient
  1  0.14661 -1.62581e+00 |  2 -0.14582 -9.07537e-03 |  3 -0.01375 -7.11930e-03
  4 -0.05242 -1.76642e-02 |  5 -0.00868 -5.66468e-02 |  6 -0.07007  1.32571e-02
  7 -0.12248  1.28467e-02 |  8 -0.08094 -2.22439e-02 |  9 -0.08946  2.50253e-02
 10  0.02230  2.70842e-02 | 11  0.00512  2.32970e-02 | 12  0.04797  2.48726e-02
 13  0.00301  2.52148e-02 | 14 -0.00817  1.19105e-02 | 15  0.06156 -1.91629e-02
 16  0.00997  1.14208e-02 | 17 -0.05039 -2.69310e-01 | 18  0.01250 -2.07567e-02
 19 -0.01996  4.80149e-03 | 20  0.07648  2.56425e-02 | 21  0.06354  2.33908e-02
 22 -0.04330  1.63526e-02 | 23 -0.01109  1.04404e-02 | 24 -0.10275  2.57474e-02
 25 -0.01419 -5.65090e-03 | 26 -0.01781  2.20586e-02 | 27  0.00107  2.84769e-02
 28  0.04617  4.18585e-02 | 29  0.00082 -5.47854e-02 | 30  0.07317 -4.95550e-02
 31 -0.01142 -1.44371e-02 | 32  0.07606  7.09159e-02 | 33  0.04730  2.03835e-02
 34  0.09423 -4.53806e-03 | 35  0.23453 -3.96900e-02 | 36  0.25156 -1.43835e-01
 37  0.24637 -2.23442e-01 | 38 -0.61757 -6.95352e-04 | 39 -0.06602  8.44633e-04
 40  0.09034  6.47271e-04 | 41 -0.72131  3.24457e-04 | 42 -0.69818  2.90466e-01
 43 -0.72534 -3.29644e-01 | 44 -0.77309 -4.77756e-02 | 45 -0.69459  2.65849e-02
 46 -0.54254  1.15727e-06 | 47 -0.37753 -7.95658e-04 | 48 -0.15227 -1.09000e-01
 49 -0.13648  6.69010e-02 | 50  0.02531  9.15100e-02 | 51  0.09674 -1.49617e-01
51 variables; iteration 120; function evaluation 142; phase 3
Function value 1.4324606e+02; maximum gradient component mag -1.5111e-01
Var    Value     Gradient |Var    Value     Gradient |Var    Value     Gradient
  1  0.14662 -1.51113e-01 |  2 -0.14581 -6.84356e-04 |  3 -0.01376 -2.51182e-03
  4 -0.05243 -2.88802e-03 |  5 -0.00869 -5.88158e-03 |  6 -0.07009 -6.54619e-04
  7 -0.12250 -2.98964e-04 |  8 -0.08095 -2.42029e-03 |  9 -0.08947  1.82841e-03
 10  0.02229  1.60261e-03 | 11  0.00511  1.78583e-03 | 12  0.04796  9.72209e-04
 13  0.00301  1.67911e-03 | 14 -0.00817  1.94775e-04 | 15  0.06155 -1.92183e-03
 16  0.00994 -4.15543e-03 | 17 -0.05027 -2.90372e-03 | 18  0.01249  4.68713e-04
 19 -0.01996  1.19640e-03 | 20  0.07648  1.60894e-03 | 21  0.06354  6.84410e-04
 22 -0.04329  8.45890e-04 | 23 -0.01108  1.19072e-05 | 24 -0.10275  5.02967e-04
 25 -0.01419 -1.22240e-03 | 26 -0.01782 -1.39935e-03 | 27  0.00106 -9.30703e-04
 28  0.04617 -3.89682e-03 | 29  0.00083 -6.07880e-04 | 30  0.07319  1.16141e-03
 31 -0.01141  1.00925e-03 | 32  0.07608  2.51112e-03 | 33  0.04731  1.76235e-03
 34  0.09422  2.07500e-03 | 35  0.23453  1.13204e-03 | 36  0.25155 -6.40729e-03
 37  0.24637  8.02124e-04 | 38 -0.61377 -2.19061e-03 | 39 -0.14545 -9.09812e-06
 40 -0.04453 -3.65779e-05 | 41 -0.71814 -4.29732e-06 | 42 -0.68525 -3.66832e-02
 43 -0.71360  4.06531e-02 | 44 -0.76068 -1.24790e-04 | 45 -0.67772  4.36576e-06
 46 -0.56693 -7.18682e-06 | 47 -0.29606 -1.98267e-06 | 48 -0.15226  5.08220e-03
 49 -0.13649 -1.63202e-03 | 50  0.02539  1.42119e-03 | 51  0.09686 -1.95260e-03
51 variables; iteration 140; function evaluation 162; phase 3
Function value 1.4324603e+02; maximum gradient component mag 2.2346e-01
Var    Value     Gradient |Var    Value     Gradient |Var    Value     Gradient
  1  0.14662  2.23460e-01 |  2 -0.14581  1.21037e-03 |  3 -0.01376  1.04582e-03
  4 -0.05244 -1.32714e-03 |  5 -0.00870 -3.37656e-04 |  6 -0.07009 -3.68866e-04
  7 -0.12250 -8.27734e-04 |  8 -0.08095  4.18165e-03 |  9 -0.08947 -3.39856e-03
 10  0.02229 -2.39869e-03 | 11  0.00511 -4.17568e-03 | 12  0.04796 -2.76934e-03
 13  0.00301 -3.58764e-03 | 14 -0.00817  7.48915e-04 | 15  0.06155  4.54212e-03
 16  0.00994  8.55560e-03 | 17 -0.05027  7.34385e-03 | 18  0.01249  1.43494e-05
 19 -0.01997 -2.33548e-03 | 20  0.07647 -4.47193e-03 | 21  0.06354 -7.58758e-04
 22 -0.04329 -7.92606e-04 | 23 -0.01108  8.11636e-04 | 24 -0.10275 -1.34674e-03
 25 -0.01419  9.57807e-04 | 26 -0.01782  5.06142e-03 | 27  0.00106 -1.58768e-03
 28  0.04617 -6.76604e-03 | 29  0.00083  9.61465e-03 | 30  0.07319  4.58629e-03
 31 -0.01141  1.23887e-03 | 32  0.07608 -9.43930e-03 | 33  0.04731 -3.40988e-03
 34  0.09422 -2.03879e-03 | 35  0.23453  1.24395e-02 | 36  0.25154  2.24915e-02
 37  0.24637  1.57087e-02 | 38 -0.58254 -4.77696e-05 | 39 -0.20683  3.08159e-05
 40 -0.05286 -7.90738e-05 | 41 -0.71795 -2.31219e-05 | 42 -0.68505  1.00732e-01
 43 -0.71342 -1.10694e-01 | 44 -0.76101  1.21344e-02 | 45 -0.67816 -9.33796e-03
 46 -0.56602 -4.84951e-05 | 47 -0.30004 -5.25098e-05 | 48 -0.15235 -1.25563e-03
 49 -0.13665  2.01771e-03 | 50  0.02539 -1.01766e-02 | 51  0.09687  1.39629e-02
51 variables; iteration 160; function evaluation 182; phase 3
Function value 1.4324603e+02; maximum gradient component mag -4.4496e-02
Var    Value     Gradient |Var    Value     Gradient |Var    Value     Gradient
  1  0.14662 -4.44959e-02 |  2 -0.14581 -6.79083e-04 |  3 -0.01376 -1.49404e-03
  4 -0.05244 -3.63730e-03 |  5 -0.00869 -5.90497e-03 |  6 -0.07009  2.80604e-03
  7 -0.12250  3.19094e-03 |  8 -0.08095  5.87799e-03 |  9 -0.08947  2.90032e-04
 10  0.02229 -9.00188e-05 | 11  0.00511  1.59246e-04 | 12  0.04796 -1.96849e-03
 13  0.00301 -1.47928e-03 | 14 -0.00817  9.76943e-04 | 15  0.06155  3.08823e-04
 16  0.00994  4.03406e-03 | 17 -0.05027 -1.95334e-03 | 18  0.01249  1.16600e-04
 19 -0.01996  2.88085e-04 | 20  0.07648  5.87691e-05 | 21  0.06354  1.44659e-03
 22 -0.04329  1.30710e-03 | 23 -0.01108  2.21344e-03 | 24 -0.10275  1.87567e-03
 25 -0.01419  4.88602e-03 | 26 -0.01782 -7.41702e-04 | 27  0.00106 -6.69376e-03
 28  0.04617 -1.78271e-02 | 29  0.00083 -1.11737e-03 | 30  0.07319 -8.09335e-04
 31 -0.01141  9.49190e-04 | 32  0.07608 -1.63682e-03 | 33  0.04731  1.09882e-03
 34  0.09422  5.43849e-04 | 35  0.23453 -1.67149e-02 | 36  0.25155  7.35841e-03
 37  0.24637  1.09971e-04 | 38 -0.58169  1.25850e-05 | 39 -0.20902  2.78912e-05
 40 -0.03830 -3.94283e-06 | 41 -0.71822  4.43606e-05 | 42 -0.68540  3.71240e-02
 43 -0.71374 -4.09244e-02 | 44 -0.76040 -7.96213e-04 | 45 -0.67734  7.89020e-04
 46 -0.56611  4.59796e-05 | 47 -0.29738  1.89608e-06 | 48 -0.15320 -1.26787e-02
 49 -0.13806  7.78170e-03 | 50  0.02539 -4.65003e-03 | 51  0.09686  7.80253e-03

 - final statistics:
51 variables; iteration 165; function evaluation 187
Function value 1.4325e+02; maximum gradient component mag 6.8418e-05
Exit code = 1;  converg criter 1.0000e-04
Var    Value     Gradient |Var    Value     Gradient |Var    Value     Gradient
  1  0.14662  2.25012e-05 |  2 -0.14581  7.07442e-07 |  3 -0.01376  1.96908e-06
  4 -0.05244  5.04843e-06 |  5 -0.00870  7.76002e-06 |  6 -0.07009 -4.92119e-06
  7 -0.12250 -6.12616e-06 |  8 -0.08095 -1.22285e-05 |  9 -0.08947  3.86939e-07
 10  0.02229  8.20881e-07 | 11  0.00511  9.34335e-07 | 12  0.04796  4.11484e-06
 13  0.00301  3.61906e-06 | 14 -0.00817 -7.05486e-07 | 15  0.06155 -9.05809e-07
 16  0.00994 -6.54894e-06 | 17 -0.05027  4.71932e-06 | 18  0.01249  2.79958e-07
 19 -0.01996 -1.06846e-07 | 20  0.07648  6.72779e-07 | 21  0.06354 -2.18441e-06
 22 -0.04329 -2.07283e-06 | 23 -0.01108 -3.38862e-06 | 24 -0.10275 -2.54954e-06
 25 -0.01419 -7.89003e-06 | 26 -0.01782  5.99928e-07 | 27  0.00106  1.13249e-05
 28  0.04617  2.93949e-05 | 29  0.00083 -9.98467e-07 | 30  0.07319 -1.13167e-06
 31 -0.01141 -2.72445e-06 | 32  0.07608  2.94585e-06 | 33  0.04731 -2.06220e-06
 34  0.09422 -3.17628e-07 | 35  0.23453  3.11439e-05 | 36  0.25154 -1.67760e-05
 37  0.24637 -4.18006e-06 | 38 -0.58102 -1.80019e-08 | 39 -0.21257 -4.67548e-08
 40 -0.03727  5.49546e-09 | 41 -0.71834 -6.43899e-08 | 42 -0.68542 -6.20567e-05
 43 -0.71375  6.84180e-05 | 44 -0.76060  5.11441e-07 | 45 -0.67761 -7.15637e-07
 46 -0.56686 -7.21890e-08 | 47 -0.29608 -4.17575e-09 | 48 -0.15338  3.95915e-05
 49 -0.13835 -2.40054e-05 | 50  0.02539  8.88448e-06 | 51  0.09686 -1.37963e-05
Estimating row 1 out of 51 for hessian
Estimating row 2 out of 51 for hessian
Estimating row 3 out of 51 for hessian
Estimating row 4 out of 51 for hessian
Estimating row 5 out of 51 for hessian
Estimating row 6 out of 51 for hessian
Estimating row 7 out of 51 for hessian
Estimating row 8 out of 51 for hessian
Estimating row 9 out of 51 for hessian
Estimating row 10 out of 51 for hessian
Estimating row 11 out of 51 for hessian
Estimating row 12 out of 51 for hessian
Estimating row 13 out of 51 for hessian
Estimating row 14 out of 51 for hessian
Estimating row 15 out of 51 for hessian
Estimating row 16 out of 51 for hessian
Estimating row 17 out of 51 for hessian
Estimating row 18 out of 51 for hessian
Estimating row 19 out of 51 for hessian
Estimating row 20 out of 51 for hessian
Estimating row 21 out of 51 for hessian
Estimating row 22 out of 51 for hessian
Estimating row 23 out of 51 for hessian
Estimating row 24 out of 51 for hessian
Estimating row 25 out of 51 for hessian
Estimating row 26 out of 51 for hessian
Estimating row 27 out of 51 for hessian
Estimating row 28 out of 51 for hessian
Estimating row 29 out of 51 for hessian
Estimating row 30 out of 51 for hessian
Estimating row 31 out of 51 for hessian
Estimating row 32 out of 51 for hessian
Estimating row 33 out of 51 for hessian
Estimating row 34 out of 51 for hessian
Estimating row 35 out of 51 for hessian
Estimating row 36 out of 51 for hessian
Estimating row 37 out of 51 for hessian
Estimating row 38 out of 51 for hessian
Estimating row 39 out of 51 for hessian
Estimating row 40 out of 51 for hessian
Estimating row 41 out of 51 for hessian
Estimating row 42 out of 51 for hessian
Estimating row 43 out of 51 for hessian
Estimating row 44 out of 51 for hessian
Estimating row 45 out of 51 for hessian
Estimating row 46 out of 51 for hessian
Estimating row 47 out of 51 for hessian
Estimating row 48 out of 51 for hessian
Estimating row 49 out of 51 for hessian
Estimating row 50 out of 51 for hessian
Estimating row 51 out of 51 for hessian
size of file gradfil1.tmp = 0
size of file gradfil2.tmp = 0
size of file varssave.tmp = 0
size of file cmpdiff.tmp = 0
