
Initial statistics: 12 variables; iteration 0; function evaluation 0; phase 1
Function value 4.7400109e+03; maximum gradient component mag 3.2777e+04
Var    Value     Gradient |Var    Value     Gradient |Var    Value     Gradient
  1  0.39650  3.27766e+04 |  2  0.21635  1.40973e+04 |  3  0.00000 -4.93087e+01
  4  0.00000  4.57402e+00 |  5  0.00000 -6.02480e+01 |  6  0.00000  5.57841e+00
  7  0.00000  3.19339e+02 |  8  0.00000 -2.94247e+02 |  9  0.00000  2.53223e-01
 10  0.00000  1.13568e+02 | 11  0.00000 -1.01703e+02 | 12  0.00000  6.61882e-01

 - final statistics:
12 variables; iteration 19; function evaluation 32
Function value 3.0269e+02; maximum gradient component mag 1.8852e+00
Exit code = 1;  converg criter 1.0000e+01
Var    Value     Gradient |Var    Value     Gradient |Var    Value     Gradient
  1  0.19382  1.88522e+00 |  2  0.19640  4.86495e-01 |  3  1.22337  3.32753e-04
  4 -4.09023 -9.25634e-02 |  5  1.19747  2.75293e-03 |  6 -4.18940  2.14106e-02
  7 -1.49222  7.61194e-02 |  8  1.61653  9.88037e-02 |  9 -7.18675  1.12135e-02
 10 -0.29506 -8.76644e-01 | 11  0.88239  1.82304e-02 | 12 -0.44961 -8.06844e-03

Initial statistics: 55 variables; iteration 0; function evaluation 0; phase 2
Function value 3.0269329e+02; maximum gradient component mag 2.3391e+03
Var    Value     Gradient |Var    Value     Gradient |Var    Value     Gradient
  1  0.19382  1.88522e+00 |  2  0.00000  3.48935e+01 |  3  0.00000 -4.26259e+01
  4  0.00000  5.40251e+01 |  5  0.00000 -5.94519e+01 |  6  0.00000 -2.29989e+01
  7  0.00000  5.52681e+01 |  8  0.00000  9.23582e+00 |  9  0.00000  1.31038e+01
 10  0.00000 -6.93987e+01 | 11  0.00000  2.06181e+01 | 12  0.00000 -4.16036e+01
 13  0.00000  1.04380e+01 | 14  0.00000  1.21669e+00 | 15  0.00000 -8.78050e+01
 16  0.00000  2.34348e+01 | 17  0.00000  1.17653e+02 | 18  0.00000  3.14673e+01
 19  0.00000  6.04212e+01 | 20  0.00000 -1.32350e+02 | 21  0.00000 -1.58441e+02
 22  0.00000  5.05111e+01 | 23  0.00000  3.26885e+01 | 24  0.00000  2.38740e+02
 25  0.00000 -1.33420e+01 | 26  0.00000  4.03323e+00 | 27  0.00000  3.95195e+01
 28  0.00000 -2.26348e+02 | 29  0.00000  1.29873e+02 | 30  0.00000 -2.88331e+02
 31  0.00000  2.44906e+02 | 32  0.00000 -3.06400e+02 | 33  0.00000  2.24683e+01
 34  0.00000 -2.68712e+02 | 35  0.00000  3.51263e+01 | 36  0.00000  2.34400e+02
 37  0.00000  7.56954e+01 | 38  0.00000  1.64911e+02 | 39  0.21635 -1.45447e+02
 40  0.21635  2.33906e+03 | 41  0.21635 -6.85477e+02 | 42  0.19640  4.86495e-01
 43  0.77663 -3.32753e-04 | 44 -0.09023 -9.25634e-02 | 45  0.80253 -2.75293e-03
 46 -0.18940  2.14106e-02 | 47 -0.50778 -7.61194e-02 | 48  0.38347 -9.88037e-02
 49  0.81325  1.12135e-02 | 50 -0.29506 -8.76644e-01 | 51  0.88239  1.82304e-02
 52 -0.44961 -8.06844e-03 | 53 -0.32288  2.25438e+01 | 54  0.21635  6.95986e-01
 55 -0.17585 -7.12024e+02 |

Intermediate statistics: 55 variables; iteration 20; function evaluation 35; phase 2
Function value 1.7837520e+02; maximum gradient component mag 1.6967e+03
Var    Value     Gradient |Var    Value     Gradient |Var    Value     Gradient
  1  0.16145  2.36022e+02 |  2 -0.10633 -7.64916e+00 |  3  0.00749 -3.06963e+00
  4 -0.03543 -5.66699e+00 |  5  0.02554 -1.35331e+01 |  6  0.00454 -1.54901e+01
  7 -0.04197 -9.03180e+00 |  8 -0.01652 -1.54787e+01 |  9 -0.00212 -1.20592e+01
 10  0.04303 -4.11077e+01 | 11  0.00024 -4.40660e+01 | 12  0.02907 -6.12587e+01
 13  0.00194 -3.24416e+01 | 14  0.00603 -1.63830e+01 | 15  0.04566 -5.74221e+01
 16 -0.00184 -3.72772e+01 | 17 -0.05144  3.80207e+00 | 18 -0.00485  2.39339e+00
 19 -0.01971  1.32919e+01 | 20  0.06312 -2.21769e+01 | 21  0.06358 -3.31732e+01
 22 -0.01766  7.58887e+00 | 23 -0.00732 -5.56798e+00 | 24 -0.07588  4.93296e+01
 25 -0.01236 -1.82311e+01 | 26 -0.00776 -5.24294e-01 | 27 -0.01036  9.80851e+00
 28  0.02113 -6.41517e+00 | 29 -0.02646 -5.03248e+00 | 30  0.03450 -4.30729e+01
 31 -0.00524  1.52545e+02 | 32  0.01060 -1.44996e+02 | 33  0.00469  2.61301e+01
 34  0.02495 -1.31538e+02 | 35 -0.01168 -7.77146e+01 | 36 -0.04679 -5.23576e+01
 37 -0.01859 -1.57561e+02 | 38  0.01000  1.98395e+02 | 39  0.23107 -3.23467e+02
 40  0.22863  1.00354e+03 | 41  0.24764 -3.78670e+02 | 42  0.26071  1.69673e+03
 43  0.77670  7.60354e-03 | 44 -0.11521 -4.26263e+00 | 45  0.80264  6.11141e-04
 46 -0.22676 -5.21705e+00 | 47 -0.54876 -1.01413e+01 | 48  0.38642 -2.76191e-02
 49  0.81308  1.07805e-02 | 50 -0.34513 -7.09770e+01 | 51  0.88213  2.11711e-02
 52 -0.44915 -1.58133e-01 | 53 -0.40427  9.56989e+00 | 54  0.19932  9.44158e-01
 55 -0.03091 -7.25991e+02 |
55 variables; iteration 40; function evaluation 57; phase 2
Function value 1.4827467e+02; maximum gradient component mag -7.1067e+02
Var    Value     Gradient |Var    Value     Gradient |Var    Value     Gradient
  1  0.15939 -4.43105e+02 |  2 -0.09063 -7.17688e+00 |  3  0.03856  3.45042e+00
  4  0.00518  1.64610e+01 |  5  0.06179 -3.57343e+00 |  6  0.04541  1.12735e+01
  7 -0.00027  3.21176e+01 |  8  0.00032  1.06113e+01 |  9 -0.01424 -2.08479e+01
 10  0.04687 -2.45109e+01 | 11  0.02746  9.13066e+00 | 12  0.04044 -2.66980e+01
 13  0.02651  2.92022e+01 | 14  0.01647 -2.58282e-02 | 15  0.06040 -9.49117e+00
 16 -0.00530 -3.58196e+01 | 17 -0.05155  1.55982e+01 | 18 -0.01156 -4.90239e+00
 19 -0.04104 -2.46304e+01 | 20  0.06647  1.68789e+00 | 21  0.04879 -5.75356e+01
 22 -0.04335 -2.00657e+01 | 23 -0.01268 -9.00736e+00 | 24 -0.08474  4.56661e+01
 25 -0.01851 -1.85834e+01 | 26  0.01284  5.47723e+01 | 27 -0.03705 -6.92899e+01
 28  0.02186 -5.68045e+00 | 29 -0.02245  1.15344e+01 | 30  0.03235 -4.89942e+01
 31 -0.02477  4.71735e+01 | 32  0.02069 -4.56297e+01 | 33  0.00048 -7.53730e+00
 34  0.03021 -6.67631e+01 | 35 -0.00477 -2.95297e+00 | 36 -0.04158  1.84447e+01
 37 -0.02168 -6.51843e+01 | 38 -0.06832  4.59245e+01 | 39  0.23070 -7.10673e+02
 40  0.22994  5.02199e+02 | 41  0.25422 -3.20872e+02 | 42  0.25942  5.42781e+02
 43  0.77756  6.66572e-03 | 44 -0.01732 -1.02719e+00 | 45  0.80521 -6.92171e-05
 46 -0.07883 -4.79204e-02 | 47 -0.55000 -8.43900e+00 | 48  0.46467 -1.97953e-02
 49  0.80806  1.04777e-02 | 50 -0.32570  1.69538e+01 | 51  0.87419  1.71927e-02
 52 -0.42706 -1.34348e-01 | 53 -0.41044  6.54677e+00 | 54 -0.21336  9.96151e-01
 55 -0.00016 -1.91700e+02 |

 - final statistics:
55 variables; iteration 58; function evaluation 84
Function value 1.3741e+02; maximum gradient component mag -6.0954e+00
Exit code = 1;  converg criter 1.0000e+01
Var    Value     Gradient |Var    Value     Gradient |Var    Value     Gradient
  1  0.15867 -6.09537e+00 |  2 -0.07832 -2.28086e-02 |  3  0.02078  1.10118e-01
  4 -0.02406  9.00329e-02 |  5  0.03506 -5.07690e-02 |  6  0.00006  1.16784e-01
  7 -0.05528  7.14983e-02 |  8 -0.02502  1.19400e-01 |  9 -0.00710 -1.53726e-02
 10  0.06635  5.90951e-02 | 11  0.02834  7.44749e-02 | 12  0.05254 -4.87099e-02
 13  0.00881  1.41701e-01 | 14  0.00898 -1.32752e-02 | 15  0.06191 -6.80404e-02
 16  0.00753  6.60841e-02 | 17 -0.05817  1.22601e-02 | 18 -0.00576 -2.40741e-02
 19 -0.03453  7.13102e-02 | 20  0.07144  1.62239e-01 | 21  0.07065  2.46525e-03
 22 -0.03319 -3.75901e-03 | 23 -0.00404  7.45025e-02 | 24 -0.10022  1.87630e-01
 25 -0.01727  5.31721e-02 | 26 -0.01360  2.61027e-01 | 27 -0.01010 -8.19099e-02
 28  0.02622  2.55200e-01 | 29 -0.01718 -1.94604e-01 | 30  0.04438  6.61191e-02
 31 -0.02827 -2.40842e-02 | 32  0.03793 -1.58481e-02 | 33  0.01118 -1.33528e-01
 34  0.04326 -1.29766e-01 | 35  0.00065 -2.08970e-01 | 36 -0.04061 -4.64058e-01
 37 -0.01588 -1.16166e+00 | 38 -0.07416  3.53133e-01 | 39  0.23196 -1.84998e+00
 40  0.22498  2.27002e-01 | 41  0.25592 -1.42073e+00 | 42  0.25035 -1.79777e+00
 43  0.72691  3.42411e-03 | 44  0.17789 -6.50576e-02 | 45  0.80491 -1.70857e-04
 46 -0.06182  7.68924e-02 | 47 -0.55067 -1.99506e-02 | 48  0.63282 -2.74830e-03
 49  0.72672  7.62253e-03 | 50 -0.33014 -4.20483e-02 | 51  0.74032  1.40196e-02
 52 -0.38054 -6.83291e-03 | 53 -0.39252  1.96023e-01 | 54 -0.25899  2.49228e-02
 55 -0.00506 -3.11909e-01 |

Initial statistics: 58 variables; iteration 0; function evaluation 0; phase 3
Function value 1.3740894e+02; maximum gradient component mag -8.9057e+02
Var    Value     Gradient |Var    Value     Gradient |Var    Value     Gradient
  1  0.15867 -6.09537e+00 |  2 -0.07832 -2.28086e-02 |  3  0.02078  1.10118e-01
  4 -0.02406  9.00329e-02 |  5  0.03506 -5.07690e-02 |  6  0.00006  1.29955e-01
  7 -0.05528  8.46194e-02 |  8 -0.02502  1.32560e-01 |  9 -0.00710 -2.20281e-03
 10  0.06635  7.21942e-02 | 11  0.02834  8.76325e-02 | 12  0.05254 -3.55841e-02
 13  0.00881  1.54870e-01 | 14  0.00898 -1.05838e-04 | 15  0.06191 -5.49320e-02
 16  0.00753  7.92538e-02 | 17 -0.05817  2.53758e-02 | 18 -0.00576 -1.09040e-02
 19 -0.03453  8.44614e-02 | 20  0.07144  1.75326e-01 | 21  0.07065  1.55549e-02
 22 -0.03319  9.39375e-03 | 23 -0.00404  8.76729e-02 | 24 -0.10022  2.00638e-01
 25 -0.01727  6.63379e-02 | 26 -0.01360  2.74195e-01 | 27 -0.01010 -6.87409e-02
 28  0.02622  2.68360e-01 | 29 -0.01718 -1.81438e-01 | 30  0.04438  7.92577e-02
 31 -0.02827 -1.09265e-02 | 32  0.03793 -2.70078e-03 | 33  0.01118 -1.20359e-01
 34  0.04326 -1.16625e-01 | 35  0.00065 -1.95800e-01 | 36 -0.04061 -4.50914e-01
 37 -0.01588 -1.14850e+00 | 38 -0.07416  3.66215e-01 | 39  0.23196 -1.84998e+00
 40  0.22498  2.27002e-01 | 41  0.25592 -1.42073e+00 | 42  0.25035 -1.79777e+00
 43  0.72691  3.42411e-03 | 44  0.17789 -6.50576e-02 | 45  0.80491 -1.70857e-04
 46 -0.06182  7.68924e-02 | 47 -0.55067 -1.99506e-02 | 48  0.63282 -2.74830e-03
 49  0.72672  7.62253e-03 | 50 -0.33014 -4.20483e-02 | 51  0.74032  1.40196e-02
 52 -0.38054 -6.83291e-03 | 53 -0.39252  1.96023e-01 | 54 -0.25899  2.49228e-02
 55 -0.17585 -8.90572e+02 | 56 -0.12819 -3.72137e+02 | 57 -0.00506 -3.11909e-01
 58  0.05795 -8.30196e+01 |

Intermediate statistics: 58 variables; iteration 20; function evaluation 30; phase 3
Function value 1.0646689e+02; maximum gradient component mag -9.9415e+02
Var    Value     Gradient |Var    Value     Gradient |Var    Value     Gradient
  1  0.15291 -9.94147e+02 |  2 -0.07809  1.17990e-01 |  3  0.02187  2.26019e+00
  4 -0.02306  2.88586e-01 |  5  0.03546  1.25964e+00 |  6 -0.00249  1.60810e+01
  7 -0.05771  1.65460e+01 |  8 -0.02609  1.64875e+01 |  9 -0.00918  1.61069e+01
 10  0.06774  1.53004e+01 | 11  0.03123  1.51273e+01 | 12  0.05822  1.66449e+01
 13  0.01074  1.69459e+01 | 14  0.00824  1.50272e+01 | 15  0.06719  1.94042e+01
 16  0.01338  2.17758e+01 | 17 -0.06192  1.44471e+01 | 18 -0.02067  6.59170e+00
 19 -0.03280  1.05387e+01 | 20  0.04791 -5.52517e-01 | 21  0.05260 -1.90777e+00
 22 -0.04361  4.30303e+00 | 23 -0.02625 -1.29053e+00 | 24 -0.11726  2.36874e+00
 25 -0.01174  9.98539e+00 | 26 -0.02217  6.77788e+00 | 27 -0.02408 -4.07708e+00
 28  0.03502 -2.27638e+01 | 29 -0.01061  3.49401e+01 | 30  0.04975 -1.16065e+01
 31 -0.03104  2.10441e+01 | 32  0.05236  6.84531e+00 | 33  0.02335  3.14162e+01
 34  0.04849 -1.22720e+01 | 35  0.01112 -1.33571e+01 | 36 -0.03057 -5.60272e+01
 37 -0.01060 -2.08493e+02 | 38 -0.03792  3.30858e+01 | 39  0.23605 -1.55804e+02
 40  0.24523  2.17312e+02 | 41  0.25933 -2.32018e+02 | 42  0.26729  1.27923e+02
 43  0.72688  8.34607e-03 | 44  0.17848 -1.62702e-01 | 45  0.80491  2.28081e-03
 46 -0.05949 -9.08579e-01 | 47 -0.56593 -2.62626e+01 | 48  0.63279  4.64339e-03
 49  0.72669  7.18257e-03 | 50 -0.34739 -1.44084e+01 | 51  0.74025  1.63506e-02
 52 -0.38030 -7.20064e-02 | 53 -0.39252  1.95752e+00 | 54 -0.25899  2.58428e-01
 55 -0.12773 -1.76668e+02 | 56 -0.10966 -3.86950e+01 | 57  0.09338 -1.25366e+02
 58  0.13037  1.37098e+02 |
58 variables; iteration 40; function evaluation 54; phase 3
Function value 1.0376699e+02; maximum gradient component mag -4.9649e+02
Var    Value     Gradient |Var    Value     Gradient |Var    Value     Gradient
  1  0.15236 -4.96487e+02 |  2 -0.08330 -1.24529e+00 |  3  0.01637 -6.44627e+00
  4 -0.02636 -4.36241e+00 |  5  0.03630  6.35684e-01 |  6  0.00114  1.20287e+01
  7 -0.05435  1.34657e+01 |  8 -0.03456 -4.51545e+00 |  9 -0.01207  8.91415e+00
 10  0.06733  1.10779e+01 | 11  0.02226 -6.58577e+00 | 12  0.05723  4.76634e+00
 13  0.01121  6.80877e+00 | 14  0.00465 -3.55395e-01 | 15  0.06507 -4.15797e+00
 16  0.00879 -1.23160e+01 | 17 -0.06250 -3.91020e+00 | 18 -0.01675  3.52611e+00
 19 -0.03634 -6.49243e+00 | 20  0.05233 -6.69346e-01 | 21  0.05363 -8.33151e+00
 22 -0.04184  2.72091e+00 | 23 -0.02212 -1.55476e+00 | 24 -0.11476 -1.08400e+00
 25 -0.01243  7.40384e+00 | 26 -0.01992  1.03294e+00 | 27 -0.01884  4.15346e+00
 28  0.03291 -4.03568e+01 | 29 -0.01294  7.86683e-01 | 30  0.05311  5.95489e+00
 31 -0.03133  1.13811e+01 | 32  0.05146 -9.66231e-01 | 33  0.02169  1.20065e+01
 34  0.04962  1.90559e-01 | 35  0.00931 -1.91239e+01 | 36 -0.03168 -1.85574e+01
 37 -0.00632 -1.48714e+01 | 38 -0.03327  3.80266e+01 | 39  0.23561 -2.59308e+02
 40  0.24511  1.42679e+02 | 41  0.26215 -2.60876e+01 | 42  0.27009  4.48609e-01
 43  0.71952  8.62973e-03 | 44  0.30350 -4.30382e-02 | 45  0.80329  2.55443e-03
 46  0.40518 -6.42006e-04 | 47 -0.56198  7.51791e+00 | 48  0.62126  1.32979e-02
 49  0.71839  6.89132e-03 | 50 -0.34383  1.00734e+01 | 51  0.72373  1.39947e-02
 52 -0.34263  3.77876e-02 | 53 -0.48111  1.63020e-01 | 54 -0.26309  4.10926e-02
 55 -0.12300 -1.23887e+02 | 56 -0.10433 -3.57235e+01 | 57  0.11173 -7.11828e+01
 58  0.13257  8.95367e+01 |
58 variables; iteration 60; function evaluation 96; phase 3
Function value 9.9607519e+01; maximum gradient component mag -1.1778e+02
Var    Value     Gradient |Var    Value     Gradient |Var    Value     Gradient
  1  0.15130 -1.17777e+02 |  2 -0.07668  5.47215e-01 |  3  0.02189 -3.06060e+00
  4 -0.02231  2.38369e-03 |  5  0.03413 -2.71203e+00 |  6 -0.00395  2.90571e+00
  7 -0.06046  1.28713e+00 |  8 -0.02914  6.25076e-01 |  9 -0.01360  4.98162e-01
 10  0.06636  6.37092e-01 | 11  0.03154  4.60879e-01 | 12  0.05889  2.79845e-01
 13  0.01003 -9.72137e-01 | 14  0.00755  4.18969e-01 | 15  0.06678 -1.24527e+00
 16  0.01352 -2.00581e+00 | 17 -0.05957 -1.76757e+00 | 18 -0.01530 -1.89861e+00
 19 -0.03465 -6.31147e-01 | 20  0.05472 -9.86839e-01 | 21  0.05782  6.76511e-01
 22 -0.04291  2.33846e-01 | 23 -0.01981 -1.24559e+00 | 24 -0.11200 -4.90115e-01
 25 -0.01382 -3.37846e+00 | 26 -0.02032 -2.65960e+00 | 27 -0.02162 -1.33704e+00
 28  0.03470 -2.84694e+00 | 29 -0.01494 -7.18085e-01 | 30  0.05006 -3.13702e+00
 31 -0.03611 -3.98403e-02 | 32  0.04552  8.26084e-01 | 33  0.01544  9.99709e-01
 34  0.04586 -9.84952e-01 | 35  0.00936 -1.35061e-01 | 36 -0.02958  4.15335e+00
 37 -0.00232  9.62445e+00 | 38 -0.03827  3.30772e+00 | 39  0.23850 -3.51246e+01
 40  0.24836 -1.84049e-01 | 41  0.26376 -5.25622e-01 | 42  0.28784 -2.11467e+00
 43  0.56525  1.43459e-02 | 44  0.62124  2.27593e-03 | 45  0.77428  8.49413e-04
 46  0.82833  1.11757e-02 | 47 -0.56659  1.46244e+00 | 48  0.26771  2.31328e-01
 49  0.61655  4.36633e-03 | 50 -0.34844  5.63007e+01 | 51  0.02565  2.81083e-01
 52 -0.20149  8.24629e-01 | 53 -0.38264  6.48247e-01 | 54 -0.05659  6.78881e-02
 55 -0.10148  4.43902e+00 | 56 -0.08268 -4.08455e-01 | 57  0.19548  1.58147e+00
 58  0.14877 -2.66903e+00 |
Maximum number of function evaluations exceeded

 - final statistics:
58 variables; iteration 62; function evaluation 100
Function value 9.9607e+01; maximum gradient component mag -1.2011e+02
Exit code = 3;  converg criter 1.0000e+00
Var    Value     Gradient |Var    Value     Gradient |Var    Value     Gradient
  1  0.15130 -1.20114e+02 |  2 -0.07668  5.47547e-01 |  3  0.02189 -3.11101e+00
  4 -0.02231 -6.12560e-03 |  5  0.03413 -2.74575e+00 |  6 -0.00394  2.93613e+00
  7 -0.06045  1.30954e+00 |  8 -0.02914  6.44476e-01 |  9 -0.01360  5.26205e-01
 10  0.06636  6.61274e-01 | 11  0.03154  4.80454e-01 | 12  0.05889  2.94840e-01
 13  0.01003 -9.72241e-01 | 14  0.00756  4.37205e-01 | 15  0.06678 -1.24743e+00
 16  0.01352 -2.02429e+00 | 17 -0.05958 -1.77722e+00 | 18 -0.01530 -1.91629e+00
 19 -0.03465 -6.24006e-01 | 20  0.05472 -9.78579e-01 | 21  0.05782  7.00852e-01
 22 -0.04292  2.53155e-01 | 23 -0.01982 -1.24845e+00 | 24 -0.11200 -4.81841e-01
 25 -0.01382 -3.41313e+00 | 26 -0.02033 -2.68661e+00 | 27 -0.02163 -1.33805e+00
 28  0.03470 -2.87847e+00 | 29 -0.01494 -7.10176e-01 | 30  0.05006 -3.16474e+00
 31 -0.03611 -2.67414e-02 | 32  0.04552  8.41719e-01 | 33  0.01544  1.02030e+00
 34  0.04585 -9.98088e-01 | 35  0.00936 -1.65216e-01 | 36 -0.02958  4.12668e+00
 37 -0.00232  9.52853e+00 | 38 -0.03827  3.34400e+00 | 39  0.23850 -3.50975e+01
 40  0.24836 -1.98702e-01 | 41  0.26376 -5.31826e-01 | 42  0.28784 -2.13557e+00
 43  0.56499  1.43687e-02 | 44  0.62116  2.27339e-03 | 45  0.77425  8.51220e-04
 46  0.82796  1.11582e-02 | 47 -0.56659  1.45250e+00 | 48  0.26674  2.32778e-01
 49  0.61642  4.36398e-03 | 50 -0.34845  5.71340e+01 | 51  0.02422  1.69795e-01
 52 -0.20085  8.27169e-01 | 53 -0.38269  6.47217e-01 | 54 -0.05626  6.77806e-02
 55 -0.10148  4.44338e+00 | 56 -0.08268 -4.13829e-01 | 57  0.19549  1.59594e+00
 58  0.14878 -2.68090e+00 |

Initial statistics: 60 variables; iteration 0; function evaluation 0; phase 4
Function value 9.9606967e+01; maximum gradient component mag -1.2005e+02
Var    Value     Gradient |Var    Value     Gradient |Var    Value     Gradient
  1  0.15130 -1.20047e+02 |  2 -0.07668  5.47442e-01 |  3  0.02189 -3.11162e+00
  4 -0.02231 -5.68158e-03 |  5  0.03413 -2.75087e+00 |  6 -0.00394  2.92573e+00
  7 -0.06045  1.29406e+00 |  8 -0.02914  6.31503e-01 |  9 -0.01360  5.12397e-01
 10  0.06636  6.48500e-01 | 11  0.03154  4.67814e-01 | 12  0.05889  2.82771e-01
 13  0.01003 -9.85090e-01 | 14  0.00755  4.24967e-01 | 15  0.06678 -1.25707e+00
 16  0.01352 -2.03347e+00 | 17 -0.05958 -1.79216e+00 | 18 -0.01530 -1.92830e+00
 19 -0.03465 -6.32270e-01 | 20  0.05472 -9.88435e-01 | 21  0.05782  6.93024e-01
 22 -0.04292  2.40951e-01 | 23 -0.01982 -1.26066e+00 | 24 -0.11200 -4.93697e-01
 25 -0.01382 -3.42679e+00 | 26 -0.02033 -2.70108e+00 | 27 -0.02163 -1.34997e+00
 28  0.03470 -2.88653e+00 | 29 -0.01494 -7.21060e-01 | 30  0.05006 -3.16850e+00
 31 -0.03611 -3.66647e-02 | 32  0.04552  8.38398e-01 | 33  0.01544  1.00995e+00
 34  0.04585 -1.00954e+00 | 35  0.00936 -1.82842e-01 | 36 -0.02958  4.10165e+00
 37 -0.00232  9.47841e+00 | 38 -0.03827  3.32447e+00 | 39  0.23850 -3.48502e+01
 40  0.24836 -1.89590e-01 | 41  0.26376 -5.00816e-01 | 42  0.28784 -2.13782e+00
 43  0.56499  1.43754e-02 | 44  0.62116  2.27207e-03 | 45  0.77425  8.50267e-04
 46  0.82796  1.11491e-02 | 47 -0.56659  1.46163e+00 | 48  0.26674  2.33357e-01
 49  0.61642  4.36326e-03 | 50 -0.34845  5.71335e+01 | 51  0.02422  1.69393e-01
 52 -0.20085  8.27710e-01 | 53 -0.38269  6.38270e-01 | 54 -0.05626  6.68651e-02
 55 -0.10148  4.43978e+00 | 56 -0.08268 -4.17193e-01 | 57  0.19549  1.59612e+00
 58  0.14878 -2.68269e+00 | 59  0.12819  5.53961e+01 | 60 -0.12819 -5.33931e+01

Intermediate statistics: 60 variables; iteration 20; function evaluation 24; phase 4
Function value 9.6915655e+01; maximum gradient component mag -1.9940e+02
Var    Value     Gradient |Var    Value     Gradient |Var    Value     Gradient
  1  0.15102 -1.99403e+02 |  2 -0.08087 -4.97208e-01 |  3  0.01952 -6.91819e+00
  4 -0.02366 -6.60686e-02 |  5  0.03141 -5.93099e+00 |  6 -0.00708  6.58817e+00
  7 -0.06330  4.85210e+00 |  8 -0.03035  5.21106e+00 |  9 -0.01499  5.41780e+00
 10  0.06551  4.87148e+00 | 11  0.03102  4.29573e+00 | 12  0.06039  8.33898e+00
 13  0.01053  4.94902e+00 | 14  0.00683  4.12361e+00 | 15  0.06810  7.66356e+00
 16  0.01495  7.15284e+00 | 17 -0.05988  3.69103e+00 | 18 -0.01709  6.74635e-01
 19 -0.03226  1.20423e+01 | 20  0.05114 -3.78668e+00 | 21  0.05555  8.84504e-01
 22 -0.04597 -9.27204e-01 | 23 -0.02347 -7.01051e+00 | 24 -0.11528 -4.56254e+00
 25 -0.01259 -1.05045e+00 | 26 -0.01985 -2.23303e+00 | 27 -0.02389 -1.01582e+01
 28  0.03487 -1.85202e+01 | 29 -0.01319  1.05702e+01 | 30  0.05180  3.13339e+00
 31 -0.03392  1.23197e+01 | 32  0.04895  1.11731e+01 | 33  0.02010  2.59812e+01
 34  0.04732  8.26126e+00 | 35  0.00948 -5.12176e+00 | 36 -0.03060 -1.23412e+01
 37 -0.00155  7.77001e+00 | 38 -0.02825  2.87448e+01 | 39  0.23927  3.34933e+01
 40  0.24649 -7.94452e+01 | 41  0.26389 -2.93119e+00 | 42  0.28826  1.38215e+02
 43  0.56477  1.61823e-02 | 44  0.62113  2.11728e-03 | 45  0.77424  1.29117e-03
 46  0.82780  1.11087e-02 | 47 -0.56896 -2.75221e+00 | 48  0.26322  4.68041e-01
 49  0.61637  4.29430e-03 | 50 -0.35868  9.31127e+01 | 51 -0.06038 -1.16399e+01
 52 -0.21295  8.70893e-01 | 53 -0.37394 -1.92100e+00 | 54 -0.05541 -1.82885e-01
 55 -0.11371 -1.64091e+01 | 56 -0.08114  2.86417e+01 | 57  0.19508 -3.81186e+01
 58  0.15178  5.09687e+01 | 59  0.08951  2.37291e+01 | 60 -0.09537 -3.11913e+01
60 variables; iteration 40; function evaluation 51; phase 4
Function value 9.5090084e+01; maximum gradient component mag -7.4291e+02
Var    Value     Gradient |Var    Value     Gradient |Var    Value     Gradient
  1  0.14995 -7.42907e+02 |  2 -0.08513 -1.09002e+00 |  3  0.01877 -6.38642e+00
  4 -0.02501  4.68844e-01 |  5  0.02639 -9.59718e+00 |  6 -0.01568  6.08185e+00
  7 -0.06907  7.90507e+00 |  8 -0.03218  8.26499e+00 |  9 -0.01218  1.58407e+01
 10  0.06677  1.11503e+01 | 11  0.03045  7.15908e+00 | 12  0.05985  1.03805e+01
 13  0.01142  1.08430e+01 | 14  0.00602  7.29847e+00 | 15  0.06813  7.99719e+00
 16  0.01392  1.54538e+00 | 17 -0.06066  1.97762e+00 | 18 -0.01728  8.75510e-01
 19 -0.03286  9.76065e+00 | 20  0.04989 -9.59406e-01 | 21  0.05318 -2.40512e-01
 22 -0.04843 -8.03262e-01 | 23 -0.02563 -7.70802e+00 | 24 -0.11181  8.08944e+00
 25 -0.01241  1.73306e+00 | 26 -0.02100 -7.75691e-01 | 27 -0.02035  1.02138e+01
 28  0.03643 -2.74985e+00 | 29 -0.01177  1.01706e+01 | 30  0.05275  9.62755e-01
 31 -0.03397  8.64209e+00 | 32  0.04985  1.25742e+01 | 33  0.01898  8.41703e+00
 34  0.04838 -6.75838e-02 | 35  0.01205 -1.00375e+01 | 36 -0.02662 -3.00266e+01
 37  0.00118 -9.23218e+01 | 38 -0.02694  3.16292e+00 | 39  0.24006  3.59958e+01
 40  0.24697 -1.07260e+02 | 41  0.26475  2.73243e+00 | 42  0.28912  3.32061e+01
 43  0.55079  2.36985e-02 | 44  0.61943  1.66881e-03 | 45  0.77329  2.09924e-03
 46  0.81866  1.04559e-02 | 47 -0.57937 -1.25042e+01 | 48  0.05740 -1.82444e+00
 49  0.61280  4.22300e-03 | 50 -0.38656  9.81981e+01 | 51 -0.13201 -2.80648e+01
 52 -0.96113 -6.34825e-02 | 53 -0.37428 -2.55505e+00 | 54 -0.03229 -2.39180e-01
 55 -0.11478  1.50679e+01 | 56 -0.08447  2.12143e+00 | 57  0.20062 -9.24956e+00
 58  0.14970  1.03699e+01 | 59  0.06076  1.13621e+01 | 60 -0.09079 -4.40683e+00
60 variables; iteration 60; function evaluation 78; phase 4
Function value 9.2940328e+01; maximum gradient component mag -3.0382e+01
Var    Value     Gradient |Var    Value     Gradient |Var    Value     Gradient
  1  0.15063  1.99981e+01 |  2 -0.08914 -3.81416e-01 |  3  0.01679 -8.41374e-01
  4 -0.02801  1.83274e-02 |  5  0.02774  2.61305e-01 |  6 -0.01409  1.71068e-01
  7 -0.06799 -7.72840e-01 |  8 -0.03332 -1.02623e+00 |  9 -0.01656  1.19677e+00
 10  0.06566  2.35640e+00 | 11  0.03257  3.00983e+00 | 12  0.06337  1.89405e+01
 13  0.01068  4.86619e+00 | 14  0.00748 -9.58441e-02 | 15  0.06524 -2.35504e+00
 16  0.01381  9.62271e-01 | 17 -0.06085 -1.73883e+00 | 18 -0.01800 -2.34252e+00
 19 -0.03396 -1.97294e-01 | 20  0.05058 -1.54486e+00 | 21  0.05387 -1.11391e+00
 22 -0.04537 -1.47495e+00 | 23 -0.02357 -3.16139e+00 | 24 -0.11397 -1.35706e+00
 25 -0.01282 -9.53958e-01 | 26 -0.01990 -8.70097e-01 | 27 -0.02320 -3.37253e+00
 28  0.03622 -3.69180e+00 | 29 -0.01249  3.70702e-01 | 30  0.05314  1.06651e-02
 31 -0.03405  8.26579e-02 | 32  0.04974  7.04228e-01 | 33  0.01920  1.08158e+00
 34  0.04828  1.17443e+00 | 35  0.01139  1.86483e+00 | 36 -0.02687  4.46592e+00
 37  0.00136 -5.43897e+00 | 38 -0.02562 -1.23636e-01 | 39  0.23966  1.30635e+01
 40  0.24581 -3.03819e+01 | 41  0.26386  6.06621e-01 | 42  0.28879  1.32561e+01
 43  0.36399  1.01362e-01 | 44  0.60752  1.22197e-03 | 45  0.76510  1.25219e-03
 46  0.75411  7.32543e-03 | 47 -0.58096  1.42712e+00 | 48  0.02641  1.65945e-01
 49  0.58373  4.03337e-03 | 50 -0.44155  1.48785e+01 | 51 -0.20414 -7.28603e+00
 52 -1.30900  1.66937e-01 | 53 -0.38553 -9.82082e-01 | 54  0.15539 -8.44712e-02
 55 -0.11988 -1.91350e+01 | 56 -0.10233  1.79940e+01 | 57  0.20669 -2.95038e+00
 58  0.15375  3.80013e+00 | 59  0.00135  2.31062e+00 | 60 -0.11592 -1.09806e+01
60 variables; iteration 80; function evaluation 106; phase 4
Function value 9.2572905e+01; maximum gradient component mag -4.3144e+00
Var    Value     Gradient |Var    Value     Gradient |Var    Value     Gradient
  1  0.14970 -9.26898e-01 |  2 -0.09049  4.73892e-04 |  3  0.01549 -2.58745e-02
  4 -0.02935 -6.28010e-02 |  5  0.02567  2.91279e-02 |  6 -0.01773 -4.21355e-02
  7 -0.07069 -1.35258e-02 |  8 -0.03545  1.39715e-01 |  9 -0.02045  8.32131e-02
 10  0.06295 -8.53181e-02 | 11  0.03251 -4.40280e-02 | 12  0.06208 -4.60500e-02
 13  0.01002 -7.39905e-02 | 14  0.00626  2.44630e-02 | 15  0.06671 -7.73035e-02
 16  0.01416  1.60190e-02 | 17 -0.06003 -2.32857e-02 | 18 -0.01754 -5.19065e-02
 19 -0.03332 -1.72285e-03 | 20  0.05053 -8.28736e-02 | 21  0.05357 -6.64656e-02
 22 -0.04510  5.68704e-02 | 23 -0.02390 -1.60175e-01 | 24 -0.11296 -3.25589e-02
 25 -0.01248 -2.19557e-01 | 26 -0.02012 -9.78147e-02 | 27 -0.02188 -2.29454e-01
 28  0.03743 -1.74185e-01 | 29 -0.01152 -4.72873e-02 | 30  0.05343 -5.22447e-02
 31 -0.03360  5.15287e-03 | 32  0.04978 -1.07813e-02 | 33  0.01969 -1.36646e-05
 34  0.04856  4.32070e-02 | 35  0.01243  1.01844e-01 | 36 -0.02529  2.62307e-01
 37  0.00348  9.67644e-01 | 38 -0.02183  2.53872e-01 | 39  0.24175 -4.31436e+00
 40  0.24672  3.45750e-01 | 41  0.26448 -6.42523e-02 | 42  0.29027  3.85363e-01
 43  0.01740  9.92920e-03 | 44  0.56806 -1.63577e-04 | 45  0.74806 -5.97977e-05
 46  0.52315  1.40416e-04 | 47 -0.58317 -2.48492e-02 | 48  0.02775 -3.93197e-04
 49  0.42179  1.26076e-03 | 50 -0.43981 -1.15499e-01 | 51 -0.19434  4.16927e-02
 52 -1.58787 -1.24166e-02 | 53 -0.37658  3.06095e-01 | 54  0.50655  1.72476e-02
 55 -0.13224 -2.22938e+00 | 56 -0.12092  2.57472e+00 | 57  0.21012 -7.94074e-02
 58  0.15208  1.56167e-01 | 59 -0.03611 -2.26423e-01 | 60 -0.12046 -7.94866e-01
60 variables; iteration 100; function evaluation 126; phase 4
Function value 9.2570850e+01; maximum gradient component mag -1.2945e+00
Var    Value     Gradient |Var    Value     Gradient |Var    Value     Gradient
  1  0.14969 -1.29453e+00 |  2 -0.09047 -1.84144e-03 |  3  0.01553 -2.47754e-03
  4 -0.02929 -1.34226e-02 |  5  0.02569 -1.89522e-03 |  6 -0.01768  1.13060e-02
  7 -0.07068  1.39682e-02 |  8 -0.03554  1.59272e-02 |  9 -0.02051  3.47718e-02
 10  0.06305  3.31406e-02 | 11  0.03258  2.17709e-02 | 12  0.06212  7.41838e-02
 13  0.01006  5.63032e-02 | 14  0.00628  1.79181e-02 | 15  0.06673  3.44712e-02
 16  0.01415  4.07930e-02 | 17 -0.06001  1.56115e-02 | 18 -0.01754  2.69295e-02
 19 -0.03333  5.61018e-02 | 20  0.05051  3.17443e-02 | 21  0.05355  1.77809e-02
 22 -0.04514  1.08057e-02 | 23 -0.02388 -1.76690e-02 | 24 -0.11298  9.00341e-04
 25 -0.01249 -1.39348e-01 | 26 -0.02010  1.43948e-02 | 27 -0.02186  4.69955e-02
 28  0.03744  2.54697e-02 | 29 -0.01151  3.95463e-02 | 30  0.05343  2.89792e-02
 31 -0.03361  2.69777e-02 | 32  0.04977  4.23271e-02 | 33  0.01968  3.79313e-02
 34  0.04856  7.49972e-03 | 35  0.01244 -2.75863e-02 | 36 -0.02530 -1.09218e-01
 37  0.00346 -3.58051e-01 | 38 -0.02197 -2.81859e-02 | 39  0.24171  1.04273e+00
 40  0.24675 -1.77460e-01 | 41  0.26451  1.56739e-04 | 42  0.29027  1.48006e-01
 43  0.01697 -5.11646e-03 | 44  0.56772 -1.76831e-04 | 45  0.76823  1.79760e-03
 46  0.53585  6.34310e-04 | 47 -0.58299 -2.02351e-02 | 48  0.02908 -8.54904e-03
 49  0.39157  5.99576e-04 | 50 -0.43984 -3.63856e-02 | 51 -0.19436  4.93387e-03
 52 -1.58469  8.72648e-04 | 53 -0.36454 -6.98810e-02 | 54  0.26124 -2.71355e-03
 55 -0.16370  3.29139e-01 | 56 -0.14572 -3.19790e-01 | 57  0.20995 -3.28407e-02
 58  0.15197  4.74403e-02 | 59 -0.05238  2.19774e-02 | 60 -0.09845  1.30697e-01
60 variables; iteration 120; function evaluation 146; phase 4
Function value 9.2570631e+01; maximum gradient component mag -2.6485e-01
Var    Value     Gradient |Var    Value     Gradient |Var    Value     Gradient
  1  0.14969 -2.51433e-01 |  2 -0.09046 -5.72495e-05 |  3  0.01554  1.96318e-04
  4 -0.02928 -1.07802e-03 |  5  0.02570  1.07857e-03 |  6 -0.01766  3.56327e-03
  7 -0.07066  3.47868e-03 |  8 -0.03553  3.87309e-03 |  9 -0.02051  4.87506e-03
 10  0.06303  4.54473e-03 | 11  0.03257  6.19625e-03 | 12  0.06209  1.01398e-02
 13  0.01005  3.22057e-03 | 14  0.00628  2.02626e-03 | 15  0.06673 -2.25103e-03
 16  0.01414 -3.36352e-04 | 17 -0.06001 -1.07594e-04 | 18 -0.01754  9.74167e-04
 19 -0.03334  3.27958e-04 | 20  0.05051 -2.63934e-03 | 21  0.05356 -2.56586e-03
 22 -0.04512  9.82215e-04 | 23 -0.02387 -1.49860e-03 | 24 -0.11298  3.60330e-03
 25 -0.01247  7.57545e-03 | 26 -0.02010  7.58416e-04 | 27 -0.02187 -4.32258e-03
 28  0.03743 -7.36414e-03 | 29 -0.01152 -4.29527e-06 | 30  0.05343 -3.47725e-04
 31 -0.03360  1.28260e-03 | 32  0.04977  2.62357e-03 | 33  0.01969  2.66473e-03
 34  0.04857  1.48311e-03 | 35  0.01243 -3.02133e-03 | 36 -0.02531 -7.74066e-03
 37  0.00346 -1.69144e-02 | 38 -0.02194  6.42264e-03 | 39  0.24169 -2.64850e-01
 40  0.24674  3.79124e-02 | 41  0.26450 -8.13838e-04 | 42  0.29025  2.61007e-02
 43  0.01722 -4.23711e-04 | 44  0.57164  1.15757e-05 | 45  0.74936  5.87234e-05
 46  0.51979  7.66270e-06 | 47 -0.58303 -9.70906e-04 | 48  0.02871  7.80192e-05
 49  0.37365  1.55894e-04 | 50 -0.43981 -1.40442e-03 | 51 -0.19434  1.16857e-04
 52 -1.58486  4.69087e-05 | 53 -0.34771  1.84831e-02 | 54 -0.00870  1.26500e-03
 55 -0.18246 -1.44298e-01 | 56 -0.16182  1.60282e-01 | 57  0.20992 -6.24786e-03
 58  0.15198  8.92542e-03 | 59 -0.06671 -2.46002e-02 | 60 -0.08809 -4.35586e-02
60 variables; iteration 140; function evaluation 166; phase 4
Function value 9.2570589e+01; maximum gradient component mag 3.7492e-02
Var    Value     Gradient |Var    Value     Gradient |Var    Value     Gradient
  1  0.14969 -6.05319e-03 |  2 -0.09046 -5.56093e-05 |  3  0.01554  9.96958e-05
  4 -0.02928 -1.62526e-05 |  5  0.02570 -2.60899e-06 |  6 -0.01766  1.14028e-04
  7 -0.07066  1.46757e-04 |  8 -0.03553  3.81723e-05 |  9 -0.02051  2.15248e-05
 10  0.06303 -4.46539e-05 | 11  0.03257  1.90337e-04 | 12  0.06208 -1.76618e-04
 13  0.01005  2.31021e-05 | 14  0.00628  1.04686e-04 | 15  0.06673  3.54191e-04
 16  0.01414  2.01915e-04 | 17 -0.06001  2.59371e-04 | 18 -0.01754  2.57550e-04
 19 -0.03334  9.43730e-05 | 20  0.05051  2.78624e-04 | 21  0.05356  2.89024e-04
 22 -0.04512  2.23664e-04 | 23 -0.02387  3.42564e-04 | 24 -0.11298  6.04635e-05
 25 -0.01247  1.88962e-04 | 26 -0.02010 -1.84479e-06 | 27 -0.02187  1.06659e-04
 28  0.03743  8.40254e-05 | 29 -0.01152 -2.20162e-04 | 30  0.05343 -5.32881e-04
 31 -0.03360 -8.61339e-05 | 32  0.04978 -7.49247e-04 | 33  0.01969 -4.12413e-04
 34  0.04857 -2.45532e-04 | 35  0.01243 -6.84642e-05 | 36 -0.02530 -8.35567e-05
 37  0.00346 -1.25168e-04 | 38 -0.02194 -4.14394e-04 | 39  0.24169  7.31480e-03
 40  0.24674 -1.53445e-02 | 41  0.26450  1.00542e-04 | 42  0.29025  2.14353e-04
 43  0.01724 -9.70952e-06 | 44  0.57123 -7.58476e-06 | 45  0.74875  1.87992e-06
 46  0.51960  7.05551e-08 | 47 -0.58303 -1.64354e-05 | 48  0.02869 -3.33159e-05
 49  0.36767 -9.26229e-06 | 50 -0.43980 -2.17418e-04 | 51 -0.19434 -6.51462e-05
 52 -1.58486  2.84568e-05 | 53 -0.34653 -2.69762e-04 | 54 -0.02612 -2.76014e-05
 55 -0.16329  3.74923e-02 | 56 -0.13841 -3.09489e-02 | 57  0.20992 -9.90537e-05
 58  0.15198  6.10283e-05 | 59 -0.02858 -9.85996e-04 | 60 -0.08574  1.82547e-02
60 variables; iteration 160; function evaluation 187; phase 4
Function value 9.2570587e+01; maximum gradient component mag 7.5901e-02
Var    Value     Gradient |Var    Value     Gradient |Var    Value     Gradient
  1  0.14969 -1.60712e-02 |  2 -0.09046 -2.85646e-04 |  3  0.01554 -2.51528e-04
  4 -0.02928  9.95807e-05 |  5  0.02570  1.04247e-04 |  6 -0.01766  1.77424e-04
  7 -0.07066  2.30356e-04 |  8 -0.03553  8.62526e-05 |  9 -0.02051  3.63724e-04
 10  0.06303  5.37224e-04 | 11  0.03257  1.47544e-03 | 12  0.06208  4.81015e-03
 13  0.01005  1.29443e-03 | 14  0.00628  3.01904e-04 | 15  0.06673  1.21554e-04
 16  0.01414  6.38902e-04 | 17 -0.06001 -7.39557e-05 | 18 -0.01754  1.85949e-04
 19 -0.03334  2.44468e-04 | 20  0.05051  2.36127e-04 | 21  0.05356  3.78867e-04
 22 -0.04512 -8.23888e-05 | 23 -0.02387 -8.84221e-05 | 24 -0.11298 -4.59784e-06
 25 -0.01247  1.08270e-03 | 26 -0.02010 -3.45258e-04 | 27 -0.02187 -5.02692e-04
 28  0.03743 -1.99863e-03 | 29 -0.01152 -8.47714e-04 | 30  0.05343 -1.85624e-03
 31 -0.03360 -2.20426e-04 | 32  0.04978 -1.93025e-03 | 33  0.01969 -6.28905e-04
 34  0.04857 -3.77856e-04 | 35  0.01243  2.62482e-04 | 36 -0.02530  1.54674e-03
 37  0.00346  4.46391e-04 | 38 -0.02194 -5.67147e-04 | 39  0.24169  1.25787e-02
 40  0.24674 -4.81276e-02 | 41  0.26450 -3.60620e-04 | 42  0.29025  5.41154e-03
 43  0.01724 -4.24513e-05 | 44  0.57132 -3.49850e-06 | 45  0.74874  3.72160e-07
 46  0.51962  6.82893e-07 | 47 -0.58303  1.23680e-04 | 48  0.02869 -1.15144e-05
 49  0.36811  3.06549e-06 | 50 -0.43980  2.23991e-03 | 51 -0.19434 -1.03997e-03
 52 -1.58486  1.39345e-05 | 53 -0.34664 -5.98359e-04 | 54 -0.02441 -4.01881e-05
 55 -0.16998  7.59005e-02 | 56 -0.13853 -7.52622e-02 | 57  0.20992 -1.32686e-03
 58  0.15198  1.81502e-03 | 59 -0.01478  6.10592e-03 | 60 -0.07165  2.94471e-02

 - final statistics:
60 variables; iteration 167; function evaluation 194
Function value 9.2571e+01; maximum gradient component mag 1.4660e-05
Exit code = 1;  converg criter 1.0000e-04
Var    Value     Gradient |Var    Value     Gradient |Var    Value     Gradient
  1  0.14970  1.22401e-05 |  2 -0.09046 -3.11016e-07 |  3  0.01554 -4.01612e-07
  4 -0.02928  2.49587e-07 |  5  0.02570 -8.64552e-08 |  6 -0.01766 -2.88049e-07
  7 -0.07066 -2.92487e-07 |  8 -0.03553 -5.19609e-07 |  9 -0.02051  5.65324e-08
 10  0.06303  5.86607e-07 | 11  0.03257  1.49562e-06 | 12  0.06208  5.61691e-06
 13  0.01005  9.40210e-07 | 14  0.00628 -6.22533e-09 | 15  0.06673 -4.54319e-07
 16  0.01414  6.63609e-07 | 17 -0.06001 -3.29424e-07 | 18 -0.01754  9.90681e-08
 19 -0.03334 -3.09045e-07 | 20  0.05051  8.49794e-09 | 21  0.05356  4.58196e-08
 22 -0.04512 -3.94082e-07 | 23 -0.02387 -3.70190e-07 | 24 -0.11298 -6.43355e-07
 25 -0.01247  4.29823e-07 | 26 -0.02010 -7.02819e-07 | 27 -0.02187 -3.84488e-07
 28  0.03743 -1.36385e-06 | 29 -0.01152 -1.82327e-07 | 30  0.05343 -5.77380e-07
 31 -0.03360  8.46403e-08 | 32  0.04978 -4.61863e-07 | 33  0.01969 -1.21858e-07
 34  0.04857 -2.35424e-07 | 35  0.01243 -3.82379e-07 | 36 -0.02531 -3.85485e-08
 37  0.00346  2.60406e-06 | 38 -0.02195  8.06179e-08 | 39  0.24169  1.42646e-05
 40  0.24674 -1.44231e-05 | 41  0.26450 -5.79191e-07 | 42  0.29025  4.18973e-06
 43  0.01724 -2.29307e-08 | 44  0.57139 -8.22811e-09 | 45  0.74873 -1.45612e-10
 46  0.51960  2.48764e-09 | 47 -0.58303 -4.20025e-07 | 48  0.02870 -2.60479e-08
 49  0.36800  3.50400e-10 | 50 -0.43980  3.64368e-06 | 51 -0.19434 -1.61882e-06
 52 -1.58487 -1.30769e-08 | 53 -0.34666 -9.20339e-07 | 54 -0.02405 -5.99017e-08
 55 -0.17103  1.46600e-05 | 56 -0.13852 -1.07819e-05 | 57  0.20992 -1.04226e-06
 58  0.15198  1.59588e-06 | 59 -0.01253 -1.23009e-06 | 60 -0.06939  8.10125e-06
Estimating row 1 out of 60 for hessian
Estimating row 2 out of 60 for hessian
Estimating row 3 out of 60 for hessian
Estimating row 4 out of 60 for hessian
Estimating row 5 out of 60 for hessian
Estimating row 6 out of 60 for hessian
Estimating row 7 out of 60 for hessian
Estimating row 8 out of 60 for hessian
Estimating row 9 out of 60 for hessian
Estimating row 10 out of 60 for hessian
Estimating row 11 out of 60 for hessian
Estimating row 12 out of 60 for hessian
Estimating row 13 out of 60 for hessian
Estimating row 14 out of 60 for hessian
Estimating row 15 out of 60 for hessian
Estimating row 16 out of 60 for hessian
Estimating row 17 out of 60 for hessian
Estimating row 18 out of 60 for hessian
Estimating row 19 out of 60 for hessian
Estimating row 20 out of 60 for hessian
Estimating row 21 out of 60 for hessian
Estimating row 22 out of 60 for hessian
Estimating row 23 out of 60 for hessian
Estimating row 24 out of 60 for hessian
Estimating row 25 out of 60 for hessian
Estimating row 26 out of 60 for hessian
Estimating row 27 out of 60 for hessian
Estimating row 28 out of 60 for hessian
Estimating row 29 out of 60 for hessian
Estimating row 30 out of 60 for hessian
Estimating row 31 out of 60 for hessian
Estimating row 32 out of 60 for hessian
Estimating row 33 out of 60 for hessian
Estimating row 34 out of 60 for hessian
Estimating row 35 out of 60 for hessian
Estimating row 36 out of 60 for hessian
Estimating row 37 out of 60 for hessian
Estimating row 38 out of 60 for hessian
Estimating row 39 out of 60 for hessian
Estimating row 40 out of 60 for hessian
Estimating row 41 out of 60 for hessian
Estimating row 42 out of 60 for hessian
Estimating row 43 out of 60 for hessian
Estimating row 44 out of 60 for hessian
Estimating row 45 out of 60 for hessian
Estimating row 46 out of 60 for hessian
Estimating row 47 out of 60 for hessian
Estimating row 48 out of 60 for hessian
Estimating row 49 out of 60 for hessian
Estimating row 50 out of 60 for hessian
Estimating row 51 out of 60 for hessian
Estimating row 52 out of 60 for hessian
Estimating row 53 out of 60 for hessian
Estimating row 54 out of 60 for hessian
Estimating row 55 out of 60 for hessian
Estimating row 56 out of 60 for hessian
Estimating row 57 out of 60 for hessian
Estimating row 58 out of 60 for hessian
Estimating row 59 out of 60 for hessian
Estimating row 60 out of 60 for hessian
size of file gradfil1.tmp = 0
size of file gradfil2.tmp = 0
size of file varssave.tmp = 0
size of file cmpdiff.tmp = 0
