
Initial statistics: 7 variables; iteration 0; function evaluation 0; phase 1
Function value 5.2696134e+03; maximum gradient component mag 3.5130e+04
Var    Value     Gradient |Var    Value     Gradient |Var    Value     Gradient
  1  0.39650  3.51298e+04 |  2  0.21635  2.93248e+04 |  3  0.21635  2.15906e+04
  4  0.21635  1.57386e+04 |  5  0.00000  1.35504e+02 |  6  0.00000  5.44823e+01
  7  0.00000  2.78679e+01 |

 - final statistics:
7 variables; iteration 16; function evaluation 36
Function value 6.2183e+02; maximum gradient component mag -7.5341e+00
Exit code = 1;  converg criter 1.0000e+01
Var    Value     Gradient |Var    Value     Gradient |Var    Value     Gradient
  1  0.19424 -7.53412e+00 |  2  0.21031 -5.53114e+00 |  3  0.19790 -4.31603e+00
  4  0.18021 -7.25572e+00 |  5  5.06489 -3.03936e-02 |  6 -3.83198 -6.10417e-02
  7  2.79099  1.21163e-02 |

Initial statistics: 57 variables; iteration 0; function evaluation 0; phase 2
Function value 6.2183301e+02; maximum gradient component mag -1.5250e+03
Var    Value     Gradient |Var    Value     Gradient |Var    Value     Gradient
  1  0.19424 -7.53412e+00 |  2  0.00000  7.31618e+01 |  3  0.00000 -1.07699e+02
  4  0.00000  4.34433e+01 |  5  0.00000 -6.39844e+01 |  6  0.00000 -2.14354e+01
  7  0.00000  6.23555e+01 |  8  0.00000  5.45744e+00 |  9  0.00000  8.69862e+00
 10  0.00000 -8.97781e+01 | 11  0.00000  3.67380e+01 | 12  0.00000 -3.56915e+01
 13  0.00000  1.42238e+01 | 14  0.00000 -1.46377e-01 | 15  0.00000 -7.93811e+01
 16  0.00000  3.86852e+01 | 17  0.00000  1.29762e+02 | 18  0.00000 -1.65306e+01
 19  0.00000  6.72189e+01 | 20  0.00000 -1.77061e+02 | 21  0.00000 -1.94732e+02
 22  0.00000  9.41030e+01 | 23  0.00000  2.30430e+01 | 24  0.00000  2.14217e+02
 25  0.00000 -3.54077e+00 | 26  0.00000  1.92223e+01 | 27  0.00000  6.88377e+01
 28  0.00000 -1.58369e+02 | 29  0.00000 -6.07051e+00 | 30  0.00000 -1.19450e+02
 31  0.00000  1.08107e+02 | 32  0.00000 -9.43792e+01 | 33  0.00000 -1.16834e+02
 34  0.00000 -7.48466e+01 | 35  0.00000 -3.24014e+00 | 36  0.00000  9.29132e+01
 37  0.00000  6.28147e+01 | 38  0.00000  1.45089e+02 | 39  0.21031 -5.53114e+00
 40  0.19790 -4.31603e+00 | 41  0.21635 -2.48883e+01 | 42  0.18021 -7.25572e+00
 43 -1.00000 -1.08293e-07 | 44  0.00000  2.38532e-04 | 45  0.00000  6.72735e-01
 46 -0.53989  1.42013e+01 | 47 -1.00000 -1.08293e-07 | 48 -0.53989  1.36676e+01
 49 -1.00000 -1.08293e-07 | 50 -0.53989  3.36323e+00 | 51 -0.32288  5.70954e+01
 52  0.21635  1.75996e+00 | 53 -0.17585 -7.08186e+02 | 54 -0.12819 -1.52499e+03
 55  0.93511  3.03936e-02 | 56  0.16802 -6.10417e-02 | 57 -0.79099 -1.21163e-02

Intermediate statistics: 57 variables; iteration 20; function evaluation 45; phase 2
Function value 3.6421144e+02; maximum gradient component mag -1.1313e+03
Var    Value     Gradient |Var    Value     Gradient |Var    Value     Gradient
  1  0.17101  3.22198e+02 |  2 -0.24291 -4.30117e+01 |  3  0.15619  3.21460e+01
  4  0.19981  1.79860e+02 |  5  0.15452 -6.11244e+01 |  6  0.18504  6.14348e+01
  7  0.15846  9.82181e+01 |  8  0.13419  1.36426e+01 |  9  0.14990  8.76310e+01
 10  0.14117  4.66116e+01 | 11  0.08599  1.47765e+02 | 12 -0.04412 -1.48782e+02
 13 -0.08701 -1.15004e+02 | 14  0.01539  7.23985e+01 | 15 -0.06722 -2.45317e+02
 16 -0.05081 -7.58393e+01 | 17 -0.04743  1.36677e+02 | 18 -0.02010  9.95927e+01
 19 -0.06585  1.26008e+01 | 20  0.01821  1.54347e+01 | 21  0.03612  8.42354e+01
 22 -0.03696  1.28976e+02 | 23 -0.03265  1.03700e+02 | 24 -0.04595  2.38199e+02
 25 -0.02305  4.40596e+01 | 26 -0.01846  7.15665e+01 | 27 -0.04762 -1.90955e+01
 28 -0.01695 -2.94855e+02 | 29 -0.07354 -2.82313e+02 | 30 -0.03195 -3.23004e+02
 31 -0.00827  1.79524e+02 | 32  0.00115 -1.00756e+01 | 33  0.00844 -3.88869e+00
 34 -0.00931 -1.57770e+01 | 35 -0.01329  3.86926e+01 | 36 -0.04255  7.60681e+01
 37 -0.00464  2.46362e+02 | 38 -0.12981 -8.84328e+01 | 39  0.23807  1.56311e+02
 40  0.23339  5.81763e+02 | 41  0.24650  7.49203e+01 | 42  0.19454 -1.13128e+03
 43 -0.87488 -1.55354e-02 | 44 -0.00001  2.53469e-04 | 45 -0.01534 -7.59617e-05
 46 -0.88078 -1.65357e-02 | 47 -0.67125 -3.52561e+02 | 48 -0.66094  3.42415e+02
 49 -0.83739 -5.78649e+01 | 50 -0.71543  3.26794e+01 | 51 -0.31297  3.84386e+01
 52  0.16973  9.47404e-01 | 53 -0.14939 -1.47293e+02 | 54 -0.11913 -1.01352e+03
 55  0.93371  2.89201e-02 | 56  0.17273 -3.78849e-01 | 57 -0.79121 -2.44323e-02
57 variables; iteration 40; function evaluation 71; phase 2
Function value 3.0579112e+02; maximum gradient component mag 2.6262e+03
Var    Value     Gradient |Var    Value     Gradient |Var    Value     Gradient
  1  0.16763  2.62615e+03 |  2 -0.24609 -4.49191e+01 |  3  0.21550  7.62916e+01
  4  0.22491  1.55100e+02 |  5  0.19812 -1.13097e+01 |  6  0.19316  2.85801e+01
  7  0.14524  3.62019e+01 |  8  0.13589 -7.00482e-01 |  9  0.14403  5.35519e+01
 10  0.14306  3.86166e+01 | 11  0.07278  8.40649e+01 | 12 -0.02097 -1.18233e+02
 13 -0.08581 -1.32238e+02 | 14  0.00485  5.01355e+01 | 15 -0.00794 -1.18574e+02
 16 -0.04893 -6.76771e+01 | 17 -0.07400  4.44944e+01 | 18 -0.01953  7.52962e+01
 19 -0.08454 -6.23669e+01 | 20  0.04423  9.92064e+01 | 21  0.05251  1.63707e+02
 22 -0.06875  3.42349e+01 | 23 -0.06395  2.34551e+01 | 24 -0.10857  6.93974e+01
 25 -0.03068  2.75883e+01 | 26 -0.03348  5.17404e+01 | 27 -0.07160 -6.29364e+01
 28  0.01470 -1.13731e+02 | 29 -0.07283 -1.99439e+02 | 30 -0.00927 -1.45553e+02
 31 -0.01490  1.96295e+02 | 32  0.01865  7.44523e+01 | 33  0.02715  1.24095e+02
 34  0.01010  1.15470e+02 | 35 -0.01024  6.96650e+01 | 36 -0.05978  2.45755e+01
 37 -0.00801  2.37956e+02 | 38 -0.08890 -3.41513e+01 | 39  0.24016  5.37520e+02
 40  0.23724  7.91374e+02 | 41  0.25043  4.63841e+01 | 42  0.20690  3.11572e+02
 43 -0.44685  8.32434e+00 | 44 -0.21291  8.96532e-01 | 45 -0.67904  2.35788e-01
 46 -1.49328 -1.08210e+01 | 47 -0.63033 -3.57636e+02 | 48 -0.61969  3.54148e+02
 49 -0.87239 -2.56334e+01 | 50 -0.78897  1.53920e+01 | 51 -0.29689 -6.25375e+01
 52 -0.74107 -7.87077e-01 | 53 -0.14152 -4.38995e+02 | 54 -0.10371 -3.60303e+02
 55  0.90666  2.14098e-02 | 56  0.24222 -2.14555e-02 | 57 -0.79698 -8.67220e-03
57 variables; iteration 60; function evaluation 99; phase 2
Function value 2.3745588e+02; maximum gradient component mag 1.4869e+03
Var    Value     Gradient |Var    Value     Gradient |Var    Value     Gradient
  1  0.14912  1.48690e+03 |  2 -0.44915 -5.96142e+01 |  3  0.06090  8.69811e+01
  4 -0.00921 -1.84207e+01 |  5  0.06357  2.37586e+01 |  6  0.05972  4.55354e+01
  7  0.02770  4.70283e+01 |  8  0.02146 -4.33241e+01 |  9  0.07085  2.21605e+01
 10  0.14968  9.26702e+01 | 11  0.09101  9.99594e+01 | 12  0.03942 -1.98996e+01
 13 -0.02365 -5.22622e+01 | 14  0.01617  1.63633e+01 | 15  0.02034 -1.37832e+02
 16 -0.00529 -6.92215e+01 | 17 -0.06129 -1.19714e+01 | 18  0.00551  3.70243e+01
 19 -0.07662 -1.22021e+02 | 20  0.04706  1.65708e+01 | 21  0.07269  1.67282e+02
 22 -0.06961 -1.78413e+00 | 23 -0.06065 -6.65578e+01 | 24 -0.13704 -8.47141e+01
 25 -0.02536 -6.89054e+01 | 26 -0.01007  2.57002e+01 | 27 -0.05375 -1.18143e+02
 28  0.05084  1.97769e+01 | 29 -0.02135 -3.19831e+01 | 30  0.02403 -2.21627e+01
 31 -0.02419  1.03816e+02 | 32  0.03158  7.41738e+01 | 33  0.02433  5.70251e+01
 34  0.01772  7.14538e+01 | 35  0.03542  2.18526e+02 | 36 -0.01309  1.31331e+02
 37 -0.01220  1.64625e+02 | 38 -0.20321 -1.44385e+02 | 39  0.24936  4.19328e+02
 40  0.24474 -1.45800e+02 | 41  0.26620  3.91861e+01 | 42  0.22234  1.04419e+03
 43 -0.39716  2.03420e+01 | 44 -0.40586  1.20456e+00 | 45 -2.79878 -7.28330e-02
 46 -1.40362 -4.37439e+00 | 47 -0.64975 -2.74388e+02 | 48 -0.65905  2.83519e+02
 49 -0.94024 -6.06522e+02 | 50 -0.90154  3.67589e+02 | 51 -0.29778 -6.97446e+01
 52 -0.43039 -1.30901e+00 | 53 -0.11810 -3.77522e+02 | 54 -0.05709  4.22818e+02
 55  0.78370  1.15820e-02 | 56  1.78298 -4.60313e-02 | 57 -0.71393  2.03591e-03
Maximum number of function evaluations exceeded

 - final statistics:
57 variables; iteration 62; function evaluation 100
Function value 2.2702e+02; maximum gradient component mag 9.5056e+02
Exit code = 3;  converg criter 1.0000e+01
Var    Value     Gradient |Var    Value     Gradient |Var    Value     Gradient
  1  0.14588 -4.10581e+02 |  2 -0.46443 -5.96280e+01 |  3  0.04083  7.75451e+01
  4 -0.02918 -2.55025e+01 |  5  0.04657  2.99190e+01 |  6  0.03264  7.15365e+01
  7  0.00287  7.55715e+01 |  8 -0.00224 -1.99531e+01 |  9  0.04662  3.99121e+01
 10  0.13630  1.10631e+02 | 11  0.08678  1.26514e+02 | 12  0.03758 -2.30132e+00
 13 -0.02358 -2.86353e+01 | 14  0.01754  4.59255e+01 | 15  0.02941 -1.02052e+02
 16  0.00303 -3.32250e+01 | 17 -0.05824  9.20668e+00 | 18  0.01045  6.52384e+01
 19 -0.07152 -9.92689e+01 | 20  0.05051  4.21490e+01 | 21  0.07566  1.81865e+02
 22 -0.06179  2.71149e+01 | 23 -0.05461 -6.13699e+01 | 24 -0.13085 -8.89678e+01
 25 -0.02383 -1.44345e+02 | 26 -0.00860  1.03743e+01 | 27 -0.04385 -1.00918e+02
 28  0.05246 -7.29276e-01 | 29 -0.01739 -2.86349e+01 | 30  0.02778 -2.80970e+01
 31 -0.02091  1.12014e+02 | 32  0.03487  9.10755e+01 | 33  0.02586  5.15017e+01
 34  0.02384  5.95072e+01 | 35  0.03733  1.38034e+02 | 36 -0.00746  2.18098e+01
 37 -0.00727 -7.01827e+01 | 38 -0.19287 -1.27563e+02 | 39  0.24998  3.62285e+02
 40  0.24646 -1.76775e+02 | 41  0.26755 -9.13647e+00 | 42  0.22292  9.50555e+02
 43 -0.35950  1.30967e+02 | 44 -0.78319  1.71310e+00 | 45 -3.10718  2.80578e-02
 46 -1.36371 -1.52165e+00 | 47 -0.65787 -1.97976e+02 | 48 -0.67095  2.07121e+02
 49 -0.93717 -6.05690e+02 | 50 -0.90227  3.88890e+02 | 51 -0.29612 -9.32692e+01
 52 -0.64007 -1.36386e+00 | 53 -0.11339 -3.76071e+02 | 54 -0.05056  4.71448e+02
 55  0.76189  1.06900e-02 | 56  2.15562  9.19152e-02 | 57 -0.69582  1.26496e-03

Initial statistics: 57 variables; iteration 0; function evaluation 0; phase 3
Function value 2.2697072e+02; maximum gradient component mag 9.5056e+02
Var    Value     Gradient |Var    Value     Gradient |Var    Value     Gradient
  1  0.14588 -4.10581e+02 |  2 -0.46443 -5.96280e+01 |  3  0.04083  7.75451e+01
  4 -0.02918 -2.55025e+01 |  5  0.04657  2.99190e+01 |  6  0.03237  6.12341e+01
  7  0.00259  6.52543e+01 |  8 -0.00251 -3.02704e+01 |  9  0.04635  2.96232e+01
 10  0.13601  1.00559e+02 | 11  0.08650  1.16300e+02 | 12  0.03730 -1.26011e+01
 13 -0.02386 -3.89450e+01 | 14  0.01726  3.56125e+01 | 15  0.02914 -1.12361e+02
 16  0.00275 -4.35424e+01 | 17 -0.05851 -1.06755e+00 | 18  0.01017  5.49227e+01
 19 -0.07180 -1.09516e+02 | 20  0.05023  3.18651e+01 | 21  0.07538  1.71629e+02
 22 -0.06207  1.68453e+01 | 23 -0.05489 -7.16467e+01 | 24 -0.13113 -9.90589e+01
 25 -0.02411 -1.54653e+02 | 26 -0.00887  5.78279e-02 | 27 -0.04412 -1.11208e+02
 28  0.05218 -1.10121e+01 | 29 -0.01766 -3.89480e+01 | 30  0.02751 -3.84053e+01
 31 -0.02118  1.01701e+02 | 32  0.03460  8.07755e+01 | 33  0.02558  4.11936e+01
 34  0.02356  4.91978e+01 | 35  0.03706  1.27738e+02 | 36 -0.00773  1.14930e+01
 37 -0.00755 -8.04990e+01 | 38 -0.19316 -1.37391e+02 | 39  0.24998  3.62285e+02
 40  0.24646 -1.76775e+02 | 41  0.26755 -9.13647e+00 | 42  0.22292  9.50555e+02
 43 -0.35950  1.30967e+02 | 44 -0.78319  1.71310e+00 | 45  0.89282  2.80578e-02
 46 -0.63629  1.52165e+00 | 47 -0.65787 -1.97976e+02 | 48 -0.67095  2.07121e+02
 49 -0.93717 -6.05690e+02 | 50 -0.90227  3.88890e+02 | 51 -0.29612 -9.32692e+01
 52 -0.64007 -1.36386e+00 | 53 -0.11339 -3.76071e+02 | 54 -0.05056  4.71448e+02
 55  0.76189  1.06900e-02 | 56 -0.15562 -9.19152e-02 | 57 -0.69582  1.26496e-03

Intermediate statistics: 57 variables; iteration 20; function evaluation 26; phase 3
Function value 1.5443122e+02; maximum gradient component mag -2.0898e+03
Var    Value     Gradient |Var    Value     Gradient |Var    Value     Gradient
  1  0.13596 -2.08984e+03 |  2 -0.29575 -4.71883e+01 |  3  0.00161 -1.26592e+02
  4 -0.03762 -2.00801e+02 |  5  0.01248 -3.35855e+02 |  6 -0.06519 -3.38222e+01
  7 -0.11151 -2.25303e+01 |  8 -0.04978 -2.98946e+01 |  9 -0.05708  2.74730e+01
 10  0.03915  6.06245e-01 | 11  0.01336 -5.95670e-01 | 12  0.06159 -1.09847e+01
 13  0.00248 -1.90264e+01 | 14 -0.01151 -2.90397e+01 | 15  0.07099 -1.03878e+02
 16  0.01959 -1.25119e+02 | 17 -0.05049 -1.00430e+02 | 18  0.00263 -3.47422e+01
 19 -0.03034 -6.69342e+01 | 20  0.04347 -4.13946e+01 | 21  0.04369 -4.68577e+01
 22 -0.06048 -1.40364e+01 | 23 -0.04272 -6.36707e+01 | 24 -0.10341 -4.61597e+01
 25  0.01355 -6.35275e+01 | 26 -0.01087  3.99397e+01 | 27 -0.00846  8.24493e+01
 28  0.07109  1.86422e+02 | 29  0.00777  5.75318e+01 | 30  0.05048  6.04774e+01
 31 -0.02466  2.36410e+01 | 32  0.03377  2.10947e+01 | 33  0.04028  2.71327e+01
 34  0.03718  2.36494e+01 | 35  0.03723  5.94405e+01 | 36  0.00458  5.97916e+01
 37  0.02201  8.44986e+01 | 38  0.01037  8.34178e+01 | 39  0.24863  7.28434e+01
 40  0.25355 -2.65813e+01 | 41  0.27463  1.86402e+02 | 42  0.21761  5.66019e+02
 43 -0.34369  4.34880e+01 | 44 -0.78246  2.16413e-01 | 45  0.89275  3.10734e-02
 46 -0.63896  1.96704e+00 | 47 -0.65050  3.66908e+01 | 48 -0.68579 -4.07919e+01
 49 -0.93838 -1.54389e+02 | 50 -0.92394  1.24972e+02 | 51 -0.32110 -4.26563e+01
 52 -0.63552 -1.75258e+00 | 53 -0.11119 -4.82072e+02 | 54 -0.06520  4.47373e+02
 55  0.76187  7.94547e-03 | 56 -0.14763 -1.51238e+00 | 57 -0.69579 -5.77819e-03
57 variables; iteration 40; function evaluation 54; phase 3
Function value 1.4311957e+02; maximum gradient component mag -5.9750e+02
Var    Value     Gradient |Var    Value     Gradient |Var    Value     Gradient
  1  0.13561 -5.97498e+02 |  2 -0.15128 -4.49819e+00 |  3 -0.00591 -6.81291e+01
  4 -0.04513 -1.12017e+02 |  5  0.02342 -1.00229e+02 |  6 -0.06207 -1.23203e+01
  7 -0.11544 -2.23353e+01 |  8 -0.04772  3.18204e+00 |  9 -0.05366  2.33327e+01
 10  0.03303 -2.18716e+01 | 11  0.00671 -2.56658e+01 | 12  0.06339 -2.92970e+01
 13  0.00389 -2.60745e+01 | 14 -0.00483 -5.27452e+00 | 15  0.07217 -4.96562e+01
 16  0.02155 -4.42462e+01 | 17 -0.04843 -2.11692e+01 | 18 -0.00125 -4.48495e+01
 19 -0.02627 -4.29523e+01 | 20  0.04842 -1.57879e+01 | 21  0.04662 -2.18967e+01
 22 -0.06408 -1.62768e+01 | 23 -0.03813 -1.60793e+01 | 24 -0.09716 -5.08544e+00
 25  0.01327 -4.52105e+00 | 26 -0.01117  2.94251e+01 | 27 -0.00757  6.63269e+01
 28  0.06725  9.85919e+01 | 29  0.00853  1.82055e+01 | 30  0.05248  3.33993e+01
 31 -0.02538 -1.09778e+01 | 32  0.03481  3.43615e+00 | 33  0.04302  1.16808e+01
 34  0.03673  4.22708e+00 | 35  0.03575  2.35278e+01 | 36  0.00526  3.34976e+01
 37  0.02576  8.30150e+01 | 38 -0.01606  1.18179e+01 | 39  0.25287 -8.37294e+01
 40  0.25489  1.71186e+01 | 41  0.27405  1.38310e+02 | 42  0.21406  1.18753e+02
 43 -0.34636  2.31597e+01 | 44 -0.71054  1.83735e-01 | 45  0.88487  1.63214e-02
 46 -0.73456  2.99053e-03 | 47 -0.54590 -6.80285e+01 | 48 -0.58860  9.44166e+01
 49 -0.94148 -5.07027e+01 | 50 -0.92791  4.10873e+01 | 51 -0.31904 -1.33371e+01
 52  0.07406 -4.38742e-01 | 53 -0.10827 -2.93685e+02 | 54 -0.06920  2.62067e+02
 55  0.75951  6.32383e-03 | 56  0.70935  5.67502e-03 | 57 -0.69088 -8.24253e-03
57 variables; iteration 60; function evaluation 83; phase 3
Function value 1.3804624e+02; maximum gradient component mag 1.0319e+02
Var    Value     Gradient |Var    Value     Gradient |Var    Value     Gradient
  1  0.13565  1.03192e+02 |  2 -0.15689  2.88111e-01 |  3  0.00150  3.80033e+00
  4 -0.02720  2.23785e+00 |  5  0.01700  5.49875e+00 |  6 -0.05955 -9.21895e-01
  7 -0.10648 -3.27414e-01 |  8 -0.05416 -2.48301e-01 |  9 -0.07097 -1.33490e+00
 10  0.04100 -1.77485e+00 | 11  0.01569 -8.98117e-01 | 12  0.06384 -7.44094e-01
 13  0.00412 -1.30715e+00 | 14 -0.00954 -1.22668e+00 | 15  0.07672 -3.23225e+00
 16  0.02326 -3.33152e+00 | 17 -0.05190 -3.61689e+00 | 18 -0.00079 -1.02216e+01
 19 -0.02569 -9.36454e+00 | 20  0.04796  2.63160e-01 | 21  0.04771  1.95228e+00
 22 -0.06232  3.18906e-01 | 23 -0.04016  8.25210e-01 | 24 -0.09939  3.11836e-02
 25  0.01409  1.45376e+00 | 26 -0.01176  1.24606e+01 | 27 -0.00996  2.05239e+01
 28  0.06319 -4.28396e+00 | 29  0.00777  2.44353e-01 | 30  0.04943  3.88511e+00
 31 -0.02159  4.10747e+00 | 32  0.03413  1.55447e+00 | 33  0.04070 -1.31814e+00
 34  0.03696  4.23657e-01 | 35  0.03605 -1.68774e+00 | 36  0.00674 -4.11167e+00
 37  0.02239 -8.78442e+00 | 38 -0.00858 -2.48731e+00 | 39  0.25752  6.80752e+01
 40  0.25781  1.05779e+01 | 41  0.27301  1.12531e+01 | 42  0.21314 -4.03842e+00
 43 -0.34884 -3.83527e+00 | 44 -0.68666 -4.55639e-02 | 45  0.78185  8.99718e-03
 46 -0.71102  2.08496e-02 | 47 -0.64726 -3.04712e+00 | 48 -0.68119  3.77395e+00
 49 -0.93877 -3.40519e+01 | 50 -0.92473  2.76359e+01 | 51 -0.30461 -2.53008e+01
 52  0.46256 -2.87704e-01 | 53 -0.09937 -4.97232e-01 | 54 -0.07203  1.94221e-01
 55  0.71806  3.79367e-03 | 56  0.59126  2.12706e-03 | 57 -0.61803 -9.64134e-03
Maximum number of function evaluations exceeded

 - final statistics:
57 variables; iteration 75; function evaluation 100
Function value 1.3784e+02; maximum gradient component mag -1.4030e+00
Exit code = 3;  converg criter 1.0000e+00
Var    Value     Gradient |Var    Value     Gradient |Var    Value     Gradient
  1  0.13548 -1.40297e+00 |  2 -0.15727  2.63103e-03 |  3  0.00075 -1.91464e-02
  4 -0.02672 -9.35946e-03 |  5  0.01741 -7.91985e-03 |  6 -0.05950  5.37899e-03
  7 -0.10648  1.92288e-02 |  8 -0.05365  1.74798e-02 |  9 -0.07100  2.47187e-02
 10  0.04124  3.00739e-03 | 11  0.01579 -4.68489e-03 | 12  0.06429 -4.31697e-02
 13  0.00341  8.20016e-04 | 14 -0.01113  2.59881e-02 | 15  0.07737  2.21201e-02
 16  0.02415  2.36390e-02 | 17 -0.05183  3.74502e-02 | 18 -0.00008 -2.47070e-02
 19 -0.02524  8.54730e-04 | 20  0.04815  2.30414e-02 | 21  0.04695  2.69926e-02
 22 -0.06333  3.65737e-02 | 23 -0.04116 -9.06436e-03 | 24 -0.09865 -3.71354e-02
 25  0.01498 -1.75211e-01 | 26 -0.01247 -4.90143e-02 | 27 -0.01006 -3.52316e-02
 28  0.06415  4.25228e-01 | 29  0.00842  8.81429e-02 | 30  0.04880  7.64690e-02
 31 -0.02169  5.21613e-02 | 32  0.03373  2.58145e-02 | 33  0.04075  2.07047e-02
 34  0.03532 -1.91544e-02 | 35  0.03502 -7.43920e-02 | 36  0.00786 -9.82310e-02
 37  0.02319 -2.43842e-01 | 38 -0.00801  1.85198e-02 | 39  0.26078  2.12088e-01
 40  0.25800  2.55521e-01 | 41  0.27309  7.12969e-02 | 42  0.21326  1.03310e-01
 43 -0.35000  2.76739e-01 | 44 -0.53258  4.34152e-04 | 45  0.45794  2.75587e-03
 46 -0.78660 -9.00497e-03 | 47 -0.69189  1.91385e-01 | 48 -0.72145 -2.09626e-01
 49 -0.93842 -7.96777e-01 | 50 -0.92462  5.98280e-01 | 51 -0.28736 -1.40873e-01
 52  0.46566  2.60578e-03 | 53 -0.09938  1.22527e-01 | 54 -0.07215 -1.72586e-01
 55  0.63806 -5.14295e-04 | 56  0.56159  1.10464e-03 | 57  0.31814  5.18698e-04

Initial statistics: 59 variables; iteration 0; function evaluation 0; phase 4
Function value 1.3784011e+02; maximum gradient component mag 2.2675e+02
Var    Value     Gradient |Var    Value     Gradient |Var    Value     Gradient
  1  0.13548 -1.40297e+00 |  2 -0.15727  2.63103e-03 |  3  0.00075 -1.91464e-02
  4 -0.02672 -9.35946e-03 |  5  0.01741 -7.91985e-03 |  6 -0.05950  4.58395e-04
  7 -0.10648  1.43556e-02 |  8 -0.05365  1.25552e-02 |  9 -0.07100  1.98072e-02
 10  0.04124 -1.92440e-03 | 11  0.01579 -9.62554e-03 | 12  0.06429 -4.80866e-02
 13  0.00341 -4.12207e-03 | 14 -0.01113  2.10467e-02 | 15  0.07737  1.72144e-02
 16  0.02415  1.87004e-02 | 17 -0.05183  3.25244e-02 | 18 -0.00008 -2.96491e-02
 19 -0.02524 -4.08355e-03 | 20  0.04815  1.81134e-02 | 21  0.04695  2.20638e-02
 22 -0.06333  3.16559e-02 | 23 -0.04116 -1.39962e-02 | 24 -0.09865 -4.20183e-02
 25  0.01498 -1.80152e-01 | 26 -0.01247 -5.39555e-02 | 27 -0.01006 -4.01732e-02
 28  0.06415  4.20310e-01 | 29  0.00842  8.32011e-02 | 30  0.04880  7.15413e-02
 31 -0.02169  4.72220e-02 | 32  0.03373  2.08792e-02 | 33  0.04074  1.57726e-02
 34  0.03532 -2.40890e-02 | 35  0.03502 -7.93267e-02 | 36  0.00786 -1.03173e-01
 37  0.02319 -2.48781e-01 | 38 -0.00801  1.35780e-02 | 39  0.26078  2.12088e-01
 40  0.25800  2.55521e-01 | 41  0.27309  7.12969e-02 | 42  0.21326  1.03310e-01
 43 -0.35000  2.76739e-01 | 44 -0.53258  4.34152e-04 | 45  0.45794  2.75587e-03
 46 -0.78660 -9.00497e-03 | 47 -0.69189  1.91385e-01 | 48 -0.72145 -2.09626e-01
 49 -0.93842 -7.96777e-01 | 50 -0.92462  5.98280e-01 | 51 -0.28736 -1.40873e-01
 52  0.46566  2.60578e-03 | 53 -0.09938  1.22527e-01 | 54 -0.07215 -1.72586e-01
 55  0.63806 -5.14295e-04 | 56  0.56159  1.10464e-03 | 57  0.31814  5.18698e-04
 58 -0.05795  2.26754e+02 | 59 -0.17585 -2.18947e+02 |

Intermediate statistics: 59 variables; iteration 20; function evaluation 30; phase 4
Function value 1.3397401e+02; maximum gradient component mag 3.4959e+02
Var    Value     Gradient |Var    Value     Gradient |Var    Value     Gradient
  1  0.13579  3.49593e+02 |  2 -0.15727  1.59194e+00 |  3  0.00055  1.22789e+01
  4 -0.02689  1.69651e+01 |  5  0.01741  3.24655e+01 |  6 -0.05961  8.65629e+00
  7 -0.10662  8.68865e+00 |  8 -0.05374  1.82082e+01 |  9 -0.07115 -3.12522e+00
 10  0.04108 -2.82334e+00 | 11  0.01549 -2.79343e+00 | 12  0.06388 -3.16910e+00
 13  0.00337 -3.70539e+00 | 14 -0.01078 -6.00737e+00 | 15  0.07791 -1.05885e+01
 16  0.02506 -1.74908e+01 | 17 -0.05007 -2.63276e+01 | 18 -0.00292 -3.37096e-01
 19 -0.02163 -3.41416e+00 | 20  0.04522  5.26261e-01 | 21  0.04534  4.16531e+00
 22 -0.06174  7.12024e+00 | 23 -0.04185  1.43472e+01 | 24 -0.10059  1.69728e+01
 25  0.01648  6.05378e+01 | 26 -0.01444 -5.91907e+01 | 27 -0.01960 -1.11092e+02
 28  0.06046 -1.19178e+02 | 29  0.00879 -1.93135e+01 | 30  0.05017  4.24047e-01
 31 -0.02178  1.82821e+00 | 32  0.03632  8.63790e+00 | 33  0.04259  1.25968e+01
 34  0.03550  1.88585e+01 | 35  0.03595  3.54593e+01 | 36  0.00727  5.07110e+01
 37  0.02261  9.92034e+01 | 38  0.00219  1.85352e+01 | 39  0.25949 -8.57726e+01
 40  0.25571  3.76211e+01 | 41  0.27375  8.37587e+01 | 42  0.21317  5.00171e+01
 43 -0.35047  6.30020e+00 | 44 -0.53258  8.76093e-02 | 45  0.45794  2.75587e-03
 46 -0.78659 -9.00158e-03 | 47 -0.69155  2.04079e+01 | 48 -0.72172 -2.27052e+01
 49 -0.93826  6.36488e+01 | 50 -0.92462 -5.21601e+01 | 51 -0.29099  1.85040e+01
 52  0.46563  8.73964e-02 | 53 -0.11672 -1.03041e+02 | 54 -0.08739  3.71170e+01
 55  0.63806 -3.98409e-04 | 56  0.56158  1.12188e-03 | 57  0.31814  6.50743e-04
 58 -0.07934  1.05291e+02 | 59 -0.16926 -2.03502e+02 |
59 variables; iteration 40; function evaluation 59; phase 4
Function value 1.3245729e+02; maximum gradient component mag -8.0066e+01
Var    Value     Gradient |Var    Value     Gradient |Var    Value     Gradient
  1  0.13570  3.39230e+01 |  2 -0.16775 -3.78721e+00 |  3 -0.00060  2.59046e+00
  4 -0.02724  5.61092e+00 |  5  0.01805  1.50219e+01 |  6 -0.05917  8.52751e+00
  7 -0.10460  1.16713e+01 |  8 -0.05508  1.05414e+01 |  9 -0.07367 -3.29411e+00
 10  0.04290  3.75613e+00 | 11  0.01722  3.00211e+00 | 12  0.06272 -4.49524e+00
 13  0.00323 -8.99428e-01 | 14 -0.00929  3.22155e+00 | 15  0.07674 -2.39376e+00
 16  0.02450 -2.12826e+00 | 17 -0.04760  2.80731e-01 | 18 -0.00411  1.14281e+00
 19 -0.02059  5.73833e+00 | 20  0.04523  9.74509e-01 | 21  0.04504 -3.22680e+00
 22 -0.06600 -1.02008e+01 | 23 -0.04141  1.18031e+00 | 24 -0.10114 -9.01535e-01
 25  0.01588  1.37537e+01 | 26 -0.01319 -2.02157e+01 | 27 -0.01836 -4.38747e+01
 28  0.06183 -9.57030e+00 | 29  0.00969  5.65039e+00 | 30  0.05034  2.84170e+00
 31 -0.02203 -1.67346e+00 | 32  0.03500 -5.93669e+00 | 33  0.04185 -2.53453e+00
 34  0.03516 -3.23517e-01 | 35  0.03720  1.43863e+01 | 36  0.00728  1.16046e+01
 37  0.02132  1.58661e+01 | 38  0.00254  4.66621e+00 | 39  0.26001 -3.79318e+01
 40  0.25540 -8.00665e+01 | 41  0.27323  2.11847e+01 | 42  0.21284  7.56378e+00
 43 -0.35007  6.70989e+00 | 44 -0.52958  9.15482e-02 | 45  0.45576  2.73742e-03
 46 -0.77950 -8.66773e-03 | 47 -0.66363  1.48535e+01 | 48 -0.69640 -1.64176e+01
 49 -0.91667  4.43887e+01 | 50 -0.89832 -3.63904e+01 | 51 -0.28989  8.51960e+00
 52  0.43607  3.87523e-02 | 53 -0.14736  3.22501e+01 | 54 -0.09080 -1.70920e+01
 55  0.63866 -7.73239e-04 | 56  0.56078  1.02313e-03 | 57  0.31778  5.45522e-04
 58 -0.06205  3.74537e+01 | 59 -0.13668 -4.39556e+00 |
59 variables; iteration 60; function evaluation 88; phase 4
Function value 1.3187955e+02; maximum gradient component mag 3.1420e+01
Var    Value     Gradient |Var    Value     Gradient |Var    Value     Gradient
  1  0.13571  3.14202e+01 |  2 -0.15753 -4.63691e-02 |  3  0.00027 -1.37251e-01
  4 -0.02721 -3.08658e-01 |  5  0.01694 -3.14653e-01 |  6 -0.05988 -6.02173e-01
  7 -0.10687 -5.73007e-01 |  8 -0.05408 -7.40465e-01 |  9 -0.07130 -4.80737e-01
 10  0.04099 -4.04331e-01 | 11  0.01537 -5.08198e-01 | 12  0.06386 -4.94898e-01
 13  0.00332 -4.12119e-01 | 14 -0.01089 -2.60832e-01 | 15  0.07729  1.00299e-01
 16  0.02485  5.42890e-01 | 17 -0.04779  4.36980e-01 | 18 -0.00426  8.36060e-03
 19 -0.02066  2.02862e-01 | 20  0.04445 -3.35859e-01 | 21  0.04531 -1.34423e-01
 22 -0.06227 -2.81895e-01 | 23 -0.04185  1.91807e-01 | 24 -0.10040  3.93778e-01
 25  0.01494  1.87222e+00 | 26 -0.01299  8.17070e-01 | 27 -0.01679  1.27299e+00
 28  0.06145 -1.38758e+00 | 29  0.00894 -8.50464e-01 | 30  0.05046 -6.69228e-01
 31 -0.02143 -3.73422e-01 | 32  0.03620 -4.27711e-01 | 33  0.04257 -1.86659e-01
 34  0.03585  1.94976e-02 | 35  0.03587  2.67489e-01 | 36  0.00682  9.97438e-01
 37  0.02165  2.30085e+00 | 38  0.00052 -3.59371e-01 | 39  0.25978 -2.74815e+00
 40  0.25521 -3.00426e+00 | 41  0.27284  8.69001e-01 | 42  0.21282  1.33034e+00
 43 -0.35235  1.83100e-01 | 44 -0.41754  7.57994e-04 | 45  0.39282  2.32705e-03
 46 -0.73620 -3.07944e-03 | 47 -0.70840 -6.98421e+00 | 48 -0.73641  7.74005e+00
 49 -0.88028  1.08897e+01 | 50 -0.85343 -8.90861e+00 | 51 -0.29174  7.94793e-01
 52  0.53777  7.12595e-03 | 53 -0.12031  9.07000e+00 | 54 -0.12086 -7.32980e+00
 55  0.65145  3.47003e-05 | 56  0.54236  2.65188e-04 | 57  0.30849  2.62428e-04
 58 -0.14103  1.18211e+00 | 59 -0.18818  7.67367e+00 |
59 variables; iteration 80; function evaluation 130; phase 4
Function value 1.3183578e+02; maximum gradient component mag -1.0418e+01
Var    Value     Gradient |Var    Value     Gradient |Var    Value     Gradient
  1  0.13572 -3.08543e+00 |  2 -0.15758 -3.10333e-02 |  3  0.00049 -7.17833e-02
  4 -0.02724 -6.82564e-03 |  5  0.01685 -1.96146e-02 |  6 -0.05980  1.28107e-03
  7 -0.10688  3.76298e-02 |  8 -0.05415  3.57970e-02 |  9 -0.07135 -2.14730e-02
 10  0.04096  3.20395e-03 | 11  0.01542 -2.77146e-02 | 12  0.06379 -6.12423e-02
 13  0.00350 -9.26635e-02 | 14 -0.01066  5.13028e-03 | 15  0.07726 -2.01767e-01
 16  0.02477 -2.41448e-01 | 17 -0.04786 -1.90090e-01 | 18 -0.00420 -1.14388e-01
 19 -0.02074 -6.31109e-02 | 20  0.04449 -1.23023e-01 | 21  0.04530 -7.53997e-02
 22 -0.06224 -3.12776e-02 | 23 -0.04169  5.94522e-02 | 24 -0.10046  8.19053e-03
 25  0.01484  8.49790e-02 | 26 -0.01289  8.34971e-02 | 27 -0.01693  9.43788e-02
 28  0.06147  2.81498e-01 | 29  0.00894 -7.52288e-02 | 30  0.05056  1.07342e-02
 31 -0.02144 -4.00969e-02 | 32  0.03627  6.08165e-03 | 33  0.04259  4.20025e-02
 34  0.03592  5.04502e-02 | 35  0.03598  1.77165e-01 | 36  0.00674  9.43495e-02
 37  0.02160  3.08761e-01 | 38  0.00014  1.77621e-02 | 39  0.25961 -1.83883e+00
 40  0.25516 -1.03942e+00 | 41  0.27280  1.37944e-01 | 42  0.21280  2.11941e-01
 43 -0.35931  7.20284e-02 | 44 -0.07166  1.25632e-03 | 45 -0.02002  8.69191e-05
 46 -0.71838  1.75682e-05 | 47 -0.69544 -1.34462e-01 | 48 -0.72481  1.45454e-01
 49 -0.60546 -1.04177e+01 | 50 -0.51476  8.41736e+00 | 51 -0.29088  3.36785e-01
 52  0.25682  3.57519e-03 | 53 -0.10304  2.75842e+00 | 54 -0.16804 -7.62229e-01
 55  0.64309 -4.85625e-04 | 56  0.53431 -8.09477e-05 | 57  0.28022 -3.83070e-04
 58 -0.23780 -1.54288e+00 | 59 -0.24471  4.12521e+00 |
59 variables; iteration 100; function evaluation 174; phase 4
Function value 1.3180914e+02; maximum gradient component mag 4.3081e+03
Var    Value     Gradient |Var    Value     Gradient |Var    Value     Gradient
  1  0.13570  2.83042e+01 |  2 -0.15810 -9.28957e-02 |  3  0.00033 -1.37738e-01
  4 -0.02724 -1.30936e-01 |  5  0.01695 -2.11259e-01 |  6 -0.05995 -4.89340e-01
  7 -0.10694 -5.56555e-01 |  8 -0.05402 -5.91510e-01 |  9 -0.07149 -6.39558e-01
 10  0.04093 -6.24312e-01 | 11  0.01562 -7.11180e-01 | 12  0.06424 -1.00628e+00
 13  0.00335 -6.37419e-01 | 14 -0.01068 -3.06514e-01 | 15  0.07717 -6.03954e-01
 16  0.02475 -6.00365e-01 | 17 -0.04777 -4.38425e-01 | 18 -0.00418  3.18463e-02
 19 -0.02068  2.33515e-01 | 20  0.04436 -8.20808e-01 | 21  0.04522 -5.48761e-01
 22 -0.06235 -4.47570e-01 | 23 -0.04167 -8.73752e-02 | 24 -0.10042 -1.25379e-01
 25  0.01492  1.30881e+00 | 26 -0.01288  1.00064e+00 | 27 -0.01683  1.29646e+00
 28  0.06153  1.89318e+00 | 29  0.00888 -7.77502e-01 | 30  0.05055 -4.30167e-01
 31 -0.02144 -5.20901e-01 | 32  0.03621 -5.22882e-01 | 33  0.04258 -3.82338e-02
 34  0.03591  3.28227e-01 | 35  0.03594  9.38433e-01 | 36  0.00678  1.58546e+00
 37  0.02175  3.59470e+00 | 38 -0.00018 -6.45510e-01 | 39  0.25964 -5.85387e+00
 40  0.25515 -4.03728e+00 | 41  0.27282  7.16941e-01 | 42  0.21284  1.79624e+00
 43 -0.35306  1.03413e+00 | 44 -0.36979  1.65970e-02 | 45  0.35176  2.09456e-03
 46 -0.72981 -7.11420e-04 | 47 -0.73342 -4.47821e+00 | 48 -0.75902  4.95179e+00
 49 -0.57431 -3.96855e+00 | 50 -0.48160  3.33732e+00 | 51 -0.29273  8.49549e-01
 52  0.63414  8.25355e-03 | 53 -0.12009 -3.31407e+03 | 54 -0.17575  4.30806e+03
 55  0.71019  3.25779e-03 | 56  0.51930 -7.58872e-04 | 57  0.35512  1.11771e-03
 58 -0.23287 -2.00259e+03 | 59 -0.23296 -1.14806e+03 |
59 variables; iteration 120; function evaluation 194; phase 4
Function value 1.3180183e+02; maximum gradient component mag -3.1940e+01
Var    Value     Gradient |Var    Value     Gradient |Var    Value     Gradient
  1  0.13570 -1.63536e+00 |  2 -0.15808 -3.61395e-03 |  3  0.00024 -4.16285e-03
  4 -0.02725 -4.66780e-03 |  5  0.01699 -1.77698e-03 |  6 -0.06004  1.73542e-02
  7 -0.10695  2.00291e-02 |  8 -0.05395  1.88653e-02 |  9 -0.07130  1.92973e-02
 10  0.04112  2.00805e-02 | 11  0.01591  2.19392e-02 | 12  0.06466  1.91176e-02
 13  0.00312  6.15475e-03 | 14 -0.01088  8.36307e-03 | 15  0.07712 -3.04135e-02
 16  0.02477 -3.96021e-02 | 17 -0.04775 -3.12028e-02 | 18 -0.00425 -2.64206e-03
 19 -0.02066 -1.09219e-02 | 20  0.04428 -2.76921e-03 | 21  0.04510 -3.36331e-03
 22 -0.06244  1.11133e-02 | 23 -0.04183  9.85049e-03 | 24 -0.10043  1.27087e-02
 25  0.01499 -6.84910e-03 | 26 -0.01298  1.15966e-02 | 27 -0.01681  7.03513e-04
 28  0.06150 -6.77254e-02 | 29  0.00891 -1.27854e-03 | 30  0.05044  1.26549e-02
 31 -0.02148  1.37921e-02 | 32  0.03614  5.00627e-03 | 33  0.04248  9.58372e-03
 34  0.03578  8.46660e-03 | 35  0.03585 -3.40444e-03 | 36  0.00678 -1.50391e-02
 37  0.02171 -3.33194e-02 | 38  0.00033  2.72904e-03 | 39  0.25979 -4.57776e-01
 40  0.25523 -7.31696e-02 | 41  0.27286  2.72605e-03 | 42  0.21283 -7.35914e-03
 43 -0.35700 -7.85875e-02 | 44 -0.16954 -2.45903e-03 | 45  0.01034  2.44941e-04
 46 -0.71895  2.48996e-04 | 47 -0.69102  9.80870e-02 | 48 -0.72086 -1.07738e-01
 49 -0.56569 -1.82736e-01 | 50 -0.47337  1.54691e-01 | 51 -0.28848  1.33756e-01
 52 -0.04161  6.70828e-04 | 53 -0.12028 -3.19397e+01 | 54 -0.17508  3.06939e+01
 55  0.62299 -1.83553e-03 | 56  0.54780  4.82834e-04 | 57  0.23120 -1.92520e-03
 58 -0.23154 -6.89403e+00 | 59 -0.23222 -2.34895e+01 |
59 variables; iteration 140; function evaluation 214; phase 4
Function value 1.3180168e+02; maximum gradient component mag 6.4400e+01
Var    Value     Gradient |Var    Value     Gradient |Var    Value     Gradient
  1  0.13570  5.84596e-01 |  2 -0.15808 -7.24502e-04 |  3  0.00024 -6.09786e-03
  4 -0.02725 -6.18619e-03 |  5  0.01699 -1.00187e-02 |  6 -0.06005 -1.56500e-02
  7 -0.10695 -1.31233e-02 |  8 -0.05394 -1.70419e-02 |  9 -0.07129 -6.32506e-03
 10  0.04113 -4.04740e-03 | 11  0.01592 -9.39340e-04 | 12  0.06467  1.06395e-02
 13  0.00311 -3.83767e-03 | 14 -0.01089 -4.07377e-03 | 15  0.07712  1.44931e-02
 16  0.02477  2.59082e-02 | 17 -0.04774  2.35835e-02 | 18 -0.00426  4.29232e-04
 19 -0.02066  7.50705e-03 | 20  0.04427 -7.87059e-03 | 21  0.04510 -7.98425e-03
 22 -0.06244 -1.01343e-02 | 23 -0.04184 -8.23689e-03 | 24 -0.10044 -4.15141e-03
 25  0.01500 -1.15542e-04 | 26 -0.01298  5.82399e-03 | 27 -0.01681  1.82975e-02
 28  0.06151  1.10981e-02 | 29  0.00890 -1.54171e-02 | 30  0.05044 -1.26564e-02
 31 -0.02148 -8.44453e-03 | 32  0.03614 -3.16917e-03 | 33  0.04248 -1.27829e-03
 34  0.03577 -3.53957e-03 | 35  0.03585  4.36624e-03 | 36  0.00678  5.37663e-03
 37  0.02171  1.37467e-02 | 38  0.00038  5.69298e-03 | 39  0.25980  1.51389e-01
 40  0.25524  6.73540e-02 | 41  0.27286  8.98397e-03 | 42  0.21283  2.34094e-02
 43 -0.35932 -1.25390e-02 | 44 -0.06032 -5.24486e-04 | 45 -0.04942 -6.20914e-05
 46 -0.71782 -3.48857e-05 | 47 -0.69126 -4.73740e-02 | 48 -0.72108  5.35593e-02
 49 -0.56546 -4.53674e-02 | 50 -0.47317  3.62315e-02 | 51 -0.28850 -1.88238e-02
 52 -0.03548 -2.73992e-04 | 53 -0.12040  6.44000e+01 | 54 -0.17507 -6.03158e+01
 55  0.64459 -3.95335e-04 | 56  0.54392  3.25483e-04 | 57  0.30842  2.74948e-04
 58 -0.23140  1.20829e+01 | 59 -0.23208  4.91801e+01 |
59 variables; iteration 160; function evaluation 234; phase 4
Function value 1.3180166e+02; maximum gradient component mag -4.6797e+00
Var    Value     Gradient |Var    Value     Gradient |Var    Value     Gradient
  1  0.13570 -2.18668e-01 |  2 -0.15808 -2.48534e-04 |  3  0.00023 -7.86739e-04
  4 -0.02725 -7.40850e-04 |  5  0.01699 -8.51222e-04 |  6 -0.06005  2.59932e-03
  7 -0.10695  2.60812e-03 |  8 -0.05394  2.37389e-03 |  9 -0.07129  2.59590e-03
 10  0.04112  2.47846e-03 | 11  0.01592  1.78330e-03 | 12  0.06467  9.40227e-06
 13  0.00311  7.69693e-04 | 14 -0.01089  1.05839e-03 | 15  0.07712 -4.06970e-03
 16  0.02477 -6.95690e-03 | 17 -0.04774 -6.98558e-03 | 18 -0.00426 -1.52322e-03
 19 -0.02066 -2.61872e-03 | 20  0.04427  2.26532e-03 | 21  0.04510  2.45252e-03
 22 -0.06244  2.00173e-03 | 23 -0.04184  1.96738e-03 | 24 -0.10044  1.29678e-03
 25  0.01500 -3.46120e-03 | 26 -0.01298 -2.99414e-03 | 27 -0.01681 -5.99722e-03
 28  0.06151 -2.21634e-03 | 29  0.00890  1.41638e-03 | 30  0.05044  3.04994e-03
 31 -0.02148  2.44599e-03 | 32  0.03614  2.94012e-03 | 33  0.04248  2.51022e-03
 34  0.03578  1.49972e-03 | 35  0.03585  6.80008e-04 | 36  0.00678 -1.61500e-03
 37  0.02171 -5.49883e-03 | 38  0.00035  2.92147e-03 | 39  0.25979 -2.27327e-03
 40  0.25524  6.76591e-03 | 41  0.27286 -2.99900e-03 | 42  0.21283 -2.81882e-03
 43 -0.36041  7.01840e-04 | 44 -0.00960  1.58213e-05 | 45 -0.03731  2.21807e-08
 46 -0.71807  7.81878e-06 | 47 -0.69206  8.08281e-03 | 48 -0.72180 -9.08713e-03
 49 -0.56535 -3.67847e-03 | 50 -0.47306  3.33928e-03 | 51 -0.28871 -6.53192e-04
 52 -0.00515 -3.62359e-06 | 53 -0.12031  2.51301e+00 | 54 -0.17502 -4.67972e+00
 55  0.65093 -3.46191e-06 | 56  0.53634  6.98409e-06 | 57  0.29581  1.56323e-06
 58 -0.23140  3.11797e+00 | 59 -0.23213 -7.28067e-01 |
59 variables; iteration 180; function evaluation 254; phase 4
Function value 1.3180166e+02; maximum gradient component mag -8.9177e+00
Var    Value     Gradient |Var    Value     Gradient |Var    Value     Gradient
  1  0.13570 -2.14929e-01 |  2 -0.15808 -3.10221e-05 |  3  0.00023  1.46265e-04
  4 -0.02725  4.65055e-05 |  5  0.01699  4.12537e-04 |  6 -0.06005  3.28537e-03
  7 -0.10695  3.05246e-03 |  8 -0.05394  3.27462e-03 |  9 -0.07129  2.85146e-03
 10  0.04113  2.62575e-03 | 11  0.01592  2.34225e-03 | 12  0.06467  1.25049e-03
 13  0.00311  1.19822e-03 | 14 -0.01089  1.93265e-04 | 15  0.07712 -6.49763e-03
 16  0.02477 -1.08427e-02 | 17 -0.04774 -1.07183e-02 | 18 -0.00426  4.13036e-04
 19 -0.02066 -8.92694e-04 | 20  0.04427  2.66758e-03 | 21  0.04510  2.72204e-03
 22 -0.06244  2.35271e-03 | 23 -0.04184  2.34478e-03 | 24 -0.10044  1.64067e-03
 25  0.01500 -4.16810e-03 | 26 -0.01298 -2.33247e-03 | 27 -0.01681 -5.10593e-03
 28  0.06151 -1.16221e-03 | 29  0.00890  3.32420e-03 | 30  0.05044  3.84847e-03
 31 -0.02148  2.98470e-03 | 32  0.03614  2.18247e-03 | 33  0.04248  1.86000e-03
 34  0.03578  1.32931e-03 | 35  0.03585 -4.44202e-04 | 36  0.00678 -1.38911e-03
 37  0.02171 -5.10899e-03 | 38  0.00035  7.08581e-04 | 39  0.25979 -2.70384e-03
 40  0.25524 -1.40704e-02 | 41  0.27286 -2.99675e-03 | 42  0.21283 -3.06774e-03
 43 -0.36046 -4.48282e-04 | 44 -0.00757  1.03720e-06 | 45 -0.03419  1.47760e-05
 46 -0.71822 -2.49364e-05 | 47 -0.69200  1.54517e-02 | 48 -0.72174 -1.71914e-02
 49 -0.56535 -1.41617e-03 | 50 -0.47306  1.23851e-03 | 51 -0.28870 -4.78348e-04
 52 -0.00634 -8.55636e-06 | 53 -0.12037  5.29872e+00 | 54 -0.17492 -8.91771e+00
 55  0.65093 -3.33707e-06 | 56  0.53657  1.65249e-05 | 57  0.29599  5.48662e-06
 58 -0.23117  5.49606e+00 | 59 -0.23199 -4.54567e-01 |
59 variables; iteration 200; function evaluation 275; phase 4
Function value 1.3180162e+02; maximum gradient component mag -2.7669e+00
Var    Value     Gradient |Var    Value     Gradient |Var    Value     Gradient
  1  0.13570  7.09942e-02 |  2 -0.15808 -1.53961e-04 |  3  0.00023 -4.75342e-04
  4 -0.02725 -3.83426e-04 |  5  0.01699 -3.28128e-04 |  6 -0.06005 -1.38142e-03
  7 -0.10695 -1.43073e-03 |  8 -0.05394 -1.63466e-03 |  9 -0.07129 -1.24717e-03
 10  0.04113 -1.13020e-03 | 11  0.01592 -1.39196e-03 | 12  0.06467 -1.63149e-03
 13  0.00311 -9.66181e-04 | 14 -0.01089  5.11577e-04 | 15  0.07712  3.26438e-03
 16  0.02477  5.63254e-03 | 17 -0.04774  5.27459e-03 | 18 -0.00426 -1.01142e-03
 19 -0.02066 -6.98299e-04 | 20  0.04428 -1.00038e-03 | 21  0.04510 -2.54436e-04
 22 -0.06244 -1.09957e-03 | 23 -0.04184  5.25952e-04 | 24 -0.10044  4.02270e-04
 25  0.01500  8.20615e-04 | 26 -0.01298  1.80093e-03 | 27 -0.01681  3.19090e-03
 28  0.06150 -3.05479e-03 | 29  0.00891 -6.33048e-03 | 30  0.05044 -1.32513e-03
 31 -0.02148 -1.53210e-03 | 32  0.03614  1.52648e-03 | 33  0.04248  1.19051e-03
 34  0.03578  4.02758e-04 | 35  0.03585  2.11731e-03 | 36  0.00678 -1.48027e-03
 37  0.02172 -2.58028e-03 | 38  0.00034  4.31106e-03 | 39  0.25979  2.95184e-04
 40  0.25523  6.13879e-02 | 41  0.27286  9.88092e-04 | 42  0.21283  9.34417e-04
 43 -0.36040  2.75048e-03 | 44 -0.01033  5.66416e-05 | 45 -0.03638  5.24511e-06
 46 -0.71806  2.76840e-05 | 47 -0.69202 -1.15266e-02 | 48 -0.72176  1.27509e-02
 49 -0.56535 -1.42351e-03 | 50 -0.47305  1.34251e-03 | 51 -0.28871 -1.93840e-04
 52 -0.00503 -7.79125e-08 | 53 -0.11856 -2.23748e+00 | 54 -0.16370  1.17860e+00
 55  0.65100  1.01410e-06 | 56  0.53620  9.74404e-07 | 57  0.29577  5.66203e-07
 58 -0.21416  6.32593e-01 | 59 -0.22478 -2.76689e+00 |
59 variables; iteration 220; function evaluation 296; phase 4
Function value 1.3180156e+02; maximum gradient component mag -1.0419e-01
Var    Value     Gradient |Var    Value     Gradient |Var    Value     Gradient
  1  0.13570 -1.88289e-04 |  2 -0.15808 -7.11042e-07 |  3  0.00023 -1.97560e-06
  4 -0.02725 -2.20251e-06 |  5  0.01699 -2.69014e-06 |  6 -0.06005  3.94091e-07
  7 -0.10695  1.01342e-06 |  8 -0.05394  8.85212e-07 |  9 -0.07129  1.45834e-06
 10  0.04113  8.70192e-07 | 11  0.01592  5.69479e-07 | 12  0.06467 -2.28012e-06
 13  0.00311 -1.09205e-06 | 14 -0.01089 -5.51180e-07 | 15  0.07712 -7.93341e-06
 16  0.02477 -1.12914e-05 | 17 -0.04774 -9.32822e-06 | 18 -0.00426 -8.99950e-07
 19 -0.02066 -1.81984e-06 | 20  0.04427 -4.41198e-07 | 21  0.04510  6.74992e-07
 22 -0.06244  1.00956e-06 | 23 -0.04184  2.94896e-06 | 24 -0.10044  3.45632e-06
 25  0.01500 -5.72538e-07 | 26 -0.01298  2.53693e-06 | 27 -0.01681  3.22487e-06
 28  0.06150  3.98570e-06 | 29  0.00890  3.45236e-06 | 30  0.05044  6.07712e-07
 31 -0.02148  7.81728e-07 | 32  0.03614 -3.40907e-06 | 33  0.04248 -8.45448e-07
 34  0.03578  5.61641e-07 | 35  0.03585 -7.72462e-07 | 36  0.00678  6.04931e-06
 37  0.02171  1.27246e-05 | 38  0.00035 -6.27225e-06 | 39  0.25979 -4.68798e-05
 40  0.25524 -1.03216e-04 | 41  0.27286 -5.16232e-07 | 42  0.21283  3.22051e-06
 43 -0.36041 -8.75570e-06 | 44 -0.00973 -2.46941e-07 | 45 -0.03727  1.04157e-08
 46 -0.71809 -1.73820e-08 | 47 -0.69198 -5.58884e-06 | 48 -0.72172  6.23678e-06
 49 -0.56535  7.87704e-06 | 50 -0.47305 -5.86733e-06 | 51 -0.28871  8.15209e-06
 52 -0.00525  8.62446e-08 | 53 -0.11218  1.02848e-01 | 54 -0.13944 -1.04186e-01
 55  0.65099  7.61533e-09 | 56  0.53618 -1.21745e-09 | 57  0.29574  1.14372e-08
 58 -0.18015  2.84257e-02 | 59 -0.21174  6.93126e-02 |
59 variables; iteration 240; function evaluation 316; phase 4
Function value 1.3180155e+02; maximum gradient component mag -3.5673e-01
Var    Value     Gradient |Var    Value     Gradient |Var    Value     Gradient
  1  0.13570 -3.56727e-01 |  2 -0.15808 -8.29956e-04 |  3  0.00023 -2.57637e-03
  4 -0.02725 -3.02364e-03 |  5  0.01699 -3.89809e-03 |  6 -0.06005  1.54169e-03
  7 -0.10695  2.89440e-03 |  8 -0.05394  1.98100e-03 |  9 -0.07129  4.15988e-03
 10  0.04113  3.52683e-03 | 11  0.01592  3.27957e-03 | 12  0.06467  3.94756e-04
 13  0.00311  3.24741e-04 | 14 -0.01089  2.96592e-04 | 15  0.07712 -8.80704e-03
 16  0.02477 -1.30252e-02 | 17 -0.04774 -1.08417e-02 | 18 -0.00426 -1.79379e-03
 19 -0.02066 -2.62719e-03 | 20  0.04427  2.11930e-04 | 21  0.04510 -3.24885e-04
 22 -0.06244  2.55439e-03 | 23 -0.04184  1.08013e-03 | 24 -0.10044  2.59569e-03
 25  0.01500 -1.81657e-03 | 26 -0.01298 -3.79442e-04 | 27 -0.01681 -1.23274e-03
 28  0.06150 -7.82389e-04 | 29  0.00890  6.53731e-04 | 30  0.05044  1.13608e-03
 31 -0.02148  1.96078e-03 | 32  0.03614  2.55886e-03 | 33  0.04248  2.78674e-03
 34  0.03578  2.22883e-03 | 35  0.03585  1.37310e-03 | 36  0.00678  3.05124e-04
 37  0.02171 -1.40588e-03 | 38  0.00035  4.94657e-03 | 39  0.25979 -4.68567e-02
 40  0.25524  2.27535e-03 | 41  0.27286 -2.27943e-03 | 42  0.21283  5.86071e-04
 43 -0.36041 -2.06658e-02 | 44 -0.00996 -4.49894e-04 | 45 -0.03748  1.42744e-06
 46 -0.71791  9.03500e-05 | 47 -0.69180  4.00859e-04 | 48 -0.72157 -2.28943e-04
 49 -0.56534 -7.70103e-05 | 50 -0.47305  2.07688e-04 | 51 -0.28872  1.08747e-02
 52 -0.00395  7.63452e-05 | 53 -0.11232  1.99029e-01 | 54 -0.13937 -1.82269e-01
 55  0.65104  3.41531e-06 | 56  0.53607 -4.56872e-06 | 57  0.29599  5.56725e-06
 58 -0.17988  3.19731e-02 | 59 -0.21153  1.58193e-01 |
59 variables; iteration 260; function evaluation 337; phase 4
Function value 1.3180153e+02; maximum gradient component mag 4.4625e-01
Var    Value     Gradient |Var    Value     Gradient |Var    Value     Gradient
  1  0.13570  3.10686e-01 |  2 -0.15808  5.92612e-04 |  3  0.00023  2.01632e-03
  4 -0.02725  2.46263e-03 |  5  0.01699  3.32748e-03 |  6 -0.06005 -1.64068e-03
  7 -0.10695 -2.57792e-03 |  8 -0.05394 -1.88905e-03 |  9 -0.07129 -3.72449e-03
 10  0.04113 -3.09855e-03 | 11  0.01592 -2.95433e-03 | 12  0.06467 -6.14820e-04
 13  0.00311 -6.50899e-04 | 14 -0.01089 -3.25314e-04 | 15  0.07712  7.45452e-03
 16  0.02477  1.14816e-02 | 17 -0.04774  9.81549e-03 | 18 -0.00426  1.09099e-03
 19 -0.02066  1.90269e-03 | 20  0.04427 -1.15040e-03 | 21  0.04510 -9.21806e-04
 22 -0.06244 -2.44802e-03 | 23 -0.04184 -1.89973e-03 | 24 -0.10044 -2.75971e-03
 25  0.01500  3.90813e-03 | 26 -0.01298  9.20196e-04 | 27 -0.01681  1.61591e-03
 28  0.06150  3.09122e-03 | 29  0.00890  6.70083e-03 | 30  0.05044 -1.08343e-03
 31 -0.02148 -1.39824e-03 | 32  0.03614 -7.42244e-03 | 33  0.04248 -5.74556e-03
 34  0.03578 -3.58030e-03 | 35  0.03585 -4.56901e-03 | 36  0.00678  4.34009e-03
 37  0.02171  1.23679e-02 | 38  0.00035 -1.40484e-02 | 39  0.25979  2.88152e-02
 40  0.25523 -1.25482e-01 | 41  0.27286  2.86270e-03 | 42  0.21283  2.97261e-04
 43 -0.36041  1.72007e-02 | 44 -0.00959  3.74051e-04 | 45 -0.03735 -1.74101e-06
 46 -0.71818 -4.87348e-05 | 47 -0.69207 -4.63392e-03 | 48 -0.72181  5.03342e-03
 49 -0.56535 -4.27387e-04 | 50 -0.47306  2.64688e-04 | 51 -0.28870 -6.68129e-03
 52 -0.00607 -4.69109e-05 | 53 -0.12785  4.03663e-01 | 54 -0.13946 -2.68075e-01
 55  0.65097 -7.01887e-07 | 56  0.53622  1.66355e-06 | 57  0.29559 -3.58065e-06
 58 -0.16421 -5.55676e-02 | 59 -0.19553  4.46251e-01 |
59 variables; iteration 280; function evaluation 360; phase 4
Function value 1.3180151e+02; maximum gradient component mag -6.1307e-01
Var    Value     Gradient |Var    Value     Gradient |Var    Value     Gradient
  1  0.13570 -9.80982e-02 |  2 -0.15808 -2.74174e-04 |  3  0.00023 -8.57884e-04
  4 -0.02725 -9.62307e-04 |  5  0.01699 -1.14812e-03 |  6 -0.06005  4.45140e-04
  7 -0.10695  6.88282e-04 |  8 -0.05394  4.40920e-04 |  9 -0.07129  1.07410e-03
 10  0.04113  1.05337e-03 | 11  0.01592  9.17238e-04 | 12  0.06467  4.25303e-04
 13  0.00311 -2.19094e-04 | 14 -0.01089 -3.33031e-04 | 15  0.07712 -4.04129e-03
 16  0.02477 -5.82335e-03 | 17 -0.04774 -5.29019e-03 | 18 -0.00426 -5.39687e-04
 19 -0.02066 -7.35671e-04 | 20  0.04427  9.37910e-04 | 21  0.04510  2.26697e-03
 22 -0.06244  4.29804e-04 | 23 -0.04184  3.83029e-03 | 24 -0.10044  3.30353e-03
 25  0.01500 -5.03851e-03 | 26 -0.01298  1.62691e-03 | 27 -0.01681  3.43723e-03
 28  0.06150 -7.19931e-04 | 29  0.00890  3.29176e-03 | 30  0.05044  7.88170e-04
 31 -0.02148  1.02388e-03 | 32  0.03614 -3.27700e-03 | 33  0.04248 -1.69661e-03
 34  0.03578 -6.83030e-04 | 35  0.03585 -2.32384e-03 | 36  0.00678  3.63116e-03
 37  0.02171  7.93236e-03 | 38  0.00035 -7.00029e-03 | 39  0.25979 -1.37561e-02
 40  0.25524 -1.21720e-01 | 41  0.27286 -9.21143e-04 | 42  0.21283  5.74371e-04
 43 -0.36041 -3.18483e-03 | 44 -0.00956 -6.83332e-05 | 45 -0.03730  2.21180e-06
 46 -0.71792  8.54990e-05 | 47 -0.69192 -1.02066e-03 | 48 -0.72168  1.19729e-03
 49 -0.56535 -7.59167e-04 | 50 -0.47305  7.25617e-04 | 51 -0.28871  3.19699e-03
 52 -0.00525  2.05451e-05 | 53 -0.14858  5.93757e-01 | 54 -0.14094 -6.13065e-01
 55  0.65095 -2.33983e-06 | 56  0.53616 -7.85195e-07 | 57  0.29582  1.82829e-06
 58 -0.14579  1.67991e-01 | 59 -0.17559  4.20389e-01 |
59 variables; iteration 300; function evaluation 384; phase 4
Function value 1.3180150e+02; maximum gradient component mag 1.4940e-01
Var    Value     Gradient |Var    Value     Gradient |Var    Value     Gradient
  1  0.13570 -8.10863e-02 |  2 -0.15808 -1.16257e-04 |  3  0.00023 -3.33821e-04
  4 -0.02725 -3.53981e-04 |  5  0.01699 -3.77279e-04 |  6 -0.06005  9.12325e-04
  7 -0.10695  9.16128e-04 |  8 -0.05394  8.20640e-04 |  9 -0.07129  1.01556e-03
 10  0.04113  1.12956e-03 | 11  0.01592  1.00400e-03 | 12  0.06467  9.70227e-04
 13  0.00311  2.95014e-04 | 14 -0.01089  7.64111e-05 | 15  0.07712 -2.46699e-03
 16  0.02477 -3.79273e-03 | 17 -0.04774 -3.65726e-03 | 18 -0.00426 -1.11405e-04
 19 -0.02066 -4.32375e-04 | 20  0.04427 -4.48321e-05 | 21  0.04510 -8.42119e-04
 22 -0.06244  5.76276e-04 | 23 -0.04184 -1.57549e-03 | 24 -0.10044 -1.30102e-03
 25  0.01500  2.06746e-03 | 26 -0.01298 -2.40343e-03 | 27 -0.01681 -5.53318e-03
 28  0.06150  2.23261e-03 | 29  0.00890  2.52913e-03 | 30  0.05044  9.90613e-04
 31 -0.02148  8.38824e-04 | 32  0.03614  6.25387e-04 | 33  0.04248  8.55532e-04
 34  0.03578  8.03683e-04 | 35  0.03585  7.73348e-04 | 36  0.00678  1.00014e-03
 37  0.02171  1.36389e-03 | 38  0.00035  2.96533e-04 | 39  0.25979 -6.90804e-03
 40  0.25524  3.68231e-03 | 41  0.27286 -4.57389e-04 | 42  0.21283  5.37957e-04
 43 -0.36042 -3.29745e-04 | 44 -0.00946 -5.87627e-06 | 45 -0.03733  2.20223e-06
 46 -0.71791  9.03896e-05 | 47 -0.69195 -5.98717e-04 | 48 -0.72170  7.00917e-04
 49 -0.56535 -1.01454e-03 | 50 -0.47305  9.22972e-04 | 51 -0.28871  1.58466e-03
 52 -0.00554  8.71157e-06 | 53 -0.16551 -8.03967e-02 | 54 -0.13934  1.49396e-01
 55  0.65093 -3.58080e-06 | 56  0.53618  5.79090e-08 | 57  0.29578  9.28356e-07
 58 -0.12636 -9.95562e-02 | 59 -0.15732  1.72208e-02 |
59 variables; iteration 320; function evaluation 406; phase 4
Function value 1.3180149e+02; maximum gradient component mag 2.1004e-01
Var    Value     Gradient |Var    Value     Gradient |Var    Value     Gradient
  1  0.13570 -3.76932e-02 |  2 -0.15808 -6.82980e-05 |  3  0.00023 -2.14856e-04
  4 -0.02725 -2.43695e-04 |  5  0.01699 -2.73007e-04 |  6 -0.06005  3.71328e-04
  7 -0.10695  3.65742e-04 |  8 -0.05394  3.17051e-04 |  9 -0.07129  4.53529e-04
 10  0.04113  5.02615e-04 | 11  0.01592  4.43939e-04 | 12  0.06467  4.35399e-04
 13  0.00311  2.83040e-05 | 14 -0.01089 -1.07768e-04 | 15  0.07712 -1.61111e-03
 16  0.02477 -2.39474e-03 | 17 -0.04774 -2.29550e-03 | 18 -0.00426 -4.95094e-05
 19 -0.02066 -1.68380e-04 | 20  0.04427  2.64709e-04 | 21  0.04510  3.86095e-04
 22 -0.06244  2.03032e-04 | 23 -0.04184  4.90899e-04 | 24 -0.10044  3.60591e-04
 25  0.01500 -7.39878e-04 | 26 -0.01298 -2.98370e-04 | 27 -0.01681 -7.51403e-04
 28  0.06150  9.75961e-04 | 29  0.00890  2.89285e-03 | 30  0.05044  5.59894e-04
 31 -0.02148  5.92915e-04 | 32  0.03614 -1.59496e-03 | 33  0.04248 -8.37011e-04
 34  0.03578 -2.94498e-04 | 35  0.03585 -1.05045e-03 | 36  0.00678  1.96576e-03
 37  0.02171  4.21654e-03 | 38  0.00035 -3.68363e-03 | 39  0.25979 -3.90176e-03
 40  0.25524 -5.30380e-02 | 41  0.27286 -3.50446e-04 | 42  0.21283  2.94769e-04
 43 -0.36041  2.75226e-05 | 44 -0.00958  1.29080e-06 | 45 -0.03728  1.53075e-06
 46 -0.71798  5.73180e-05 | 47 -0.69196 -2.40959e-05 | 48 -0.72171  4.66357e-05
 49 -0.56535 -4.82143e-04 | 50 -0.47305  4.41066e-04 | 51 -0.28871  9.06691e-04
 52 -0.00542  4.99489e-06 | 53 -0.18028  2.10038e-01 | 54 -0.14012 -1.81606e-01
 55  0.65095 -2.18291e-06 | 56  0.53618  9.49525e-08 | 57  0.29577  4.90563e-07
 58 -0.11315  1.59845e-02 | 59 -0.14330  1.97052e-01 |
59 variables; iteration 340; function evaluation 430; phase 4
Function value 1.3180149e+02; maximum gradient component mag -6.6761e-02
Var    Value     Gradient |Var    Value     Gradient |Var    Value     Gradient
  1  0.13570 -2.73369e-02 |  2 -0.15808 -4.60932e-05 |  3  0.00023 -1.35528e-04
  4 -0.02725 -1.55600e-04 |  5  0.01699 -1.65648e-04 |  6 -0.06005  2.82677e-04
  7 -0.10695  2.77100e-04 |  8 -0.05394  2.38113e-04 |  9 -0.07129  3.32530e-04
 10  0.04113  3.70430e-04 | 11  0.01592  3.25128e-04 | 12  0.06467  3.10238e-04
 13  0.00311  1.72396e-05 | 14 -0.01089 -8.98373e-05 | 15  0.07712 -1.20197e-03
 16  0.02477 -1.78841e-03 | 17 -0.04774 -1.71882e-03 | 18 -0.00426  7.81550e-06
 19 -0.02066 -7.28272e-05 | 20  0.04427  2.71898e-04 | 21  0.04510  4.55134e-04
 22 -0.06244  1.46252e-04 | 23 -0.04184  6.32037e-04 | 24 -0.10044  4.72336e-04
 25  0.01500 -8.72759e-04 | 26 -0.01298 -9.91551e-05 | 27 -0.01681 -2.81417e-04
 28  0.06150 -6.26465e-05 | 29  0.00890  4.35602e-04 | 30  0.05044  3.42662e-04
 31 -0.02148  2.94051e-04 | 32  0.03614 -1.51935e-04 | 33  0.04248  4.84996e-05
 34  0.03578  1.24028e-04 | 35  0.03585 -3.12855e-05 | 36  0.00678  5.53246e-04
 37  0.02171  1.02902e-03 | 38  0.00035 -6.31192e-04 | 39  0.25979 -2.88213e-03
 40  0.25524 -1.39372e-02 | 41  0.27286 -2.39056e-04 | 42  0.21283  2.09959e-04
 43 -0.36041 -7.46009e-05 | 44 -0.00961 -1.08035e-06 | 45 -0.03729  1.09904e-06
 46 -0.71800  4.26310e-05 | 47 -0.69196  1.01861e-04 | 48 -0.72171 -9.85689e-05
 49 -0.56535 -3.70539e-04 | 50 -0.47305  3.37981e-04 | 51 -0.28871  6.71967e-04
 52 -0.00539  3.66389e-06 | 53 -0.19292  5.80944e-02 | 54 -0.14018 -6.67609e-02
 55  0.65096 -1.65902e-06 | 56  0.53618  9.12231e-08 | 57  0.29576  3.61676e-07
 58 -0.10097  2.36554e-02 | 59 -0.13096  3.59875e-02 |
59 variables; iteration 360; function evaluation 456; phase 4
Function value 1.3180149e+02; maximum gradient component mag 2.6165e-02
Var    Value     Gradient |Var    Value     Gradient |Var    Value     Gradient
  1  0.13570 -7.79314e-03 |  2 -0.15808 -9.56518e-06 |  3  0.00023 -2.72387e-05
  4 -0.02725 -3.36259e-05 |  5  0.01699 -3.50127e-05 |  6 -0.06005  9.09041e-05
  7 -0.10695  8.67441e-05 |  8 -0.05394  7.74437e-05 |  9 -0.07129  1.00049e-04
 10  0.04113  1.09191e-04 | 11  0.01592  9.82315e-05 | 12  0.06467  9.48597e-05
 13  0.00311  1.68358e-05 | 14 -0.01089 -1.93700e-05 | 15  0.07712 -3.20954e-04
 16  0.02477 -4.85758e-04 | 17 -0.04774 -4.69136e-04 | 18 -0.00426  1.14267e-05
 19 -0.02066 -1.86762e-05 | 20  0.04427  4.88891e-05 | 21  0.04510  3.94277e-05
 22 -0.06244  5.06731e-05 | 23 -0.04184  3.35482e-05 | 24 -0.10044  1.65348e-05
 25  0.01500 -6.96551e-05 | 26 -0.01298 -1.21162e-04 | 27 -0.01681 -2.88454e-04
 28  0.06150  1.79340e-04 | 29  0.00890  4.68044e-04 | 30  0.05044  1.17809e-04
 31 -0.02148  1.12427e-04 | 32  0.03614 -1.80387e-04 | 33  0.04248 -7.82138e-05
 34  0.03578 -6.84573e-06 | 35  0.03585 -1.10217e-04 | 36  0.00678  2.89981e-04
 37  0.02171  5.91722e-04 | 38  0.00035 -4.71930e-04 | 39  0.25979 -7.31535e-04
 40  0.25524 -6.91694e-03 | 41  0.27286 -6.53922e-05 | 42  0.21283  5.22090e-05
 43 -0.36041 -8.07633e-07 | 44 -0.00969  1.37623e-07 | 45 -0.03728  2.90611e-07
 46 -0.71806  1.18001e-05 | 47 -0.69197  1.25491e-04 | 48 -0.72172 -1.35653e-04
 49 -0.56535 -8.24400e-05 | 50 -0.47305  7.47312e-05 | 51 -0.28871  1.71789e-04
 52 -0.00530  9.11998e-07 | 53 -0.20079  2.47619e-02 | 54 -0.14008 -1.94429e-02
 55  0.65098 -4.63060e-07 | 56  0.53618  3.90473e-08 | 57  0.29575  9.30011e-08
 58 -0.09323 -6.27264e-04 | 59 -0.12323  2.61651e-02 |

 - final statistics:
59 variables; iteration 372; function evaluation 470
Function value 1.3180e+02; maximum gradient component mag -1.3228e-05
Exit code = 1;  converg criter 1.0000e-04
Var    Value     Gradient |Var    Value     Gradient |Var    Value     Gradient
  1  0.13570 -7.20691e-06 |  2 -0.15808 -7.74034e-09 |  3  0.00023 -2.27949e-08
  4 -0.02725 -2.84914e-08 |  5  0.01699 -3.08314e-08 |  6 -0.06005  8.55487e-08
  7 -0.10695  8.19186e-08 |  8 -0.05394  7.46263e-08 |  9 -0.07129  9.33533e-08
 10  0.04113  1.00990e-07 | 11  0.01592  9.26419e-08 | 12  0.06467  9.19200e-08
 13  0.00311  2.37336e-08 | 14 -0.01089 -9.25216e-09 | 15  0.07712 -2.65404e-07
 16  0.02477 -4.06459e-07 | 17 -0.04774 -3.91846e-07 | 18 -0.00426  1.80722e-08
 19 -0.02066 -7.42534e-09 | 20  0.04427  4.81184e-08 | 21  0.04510  3.52589e-08
 22 -0.06244  5.02068e-08 | 23 -0.04184  2.34010e-08 | 24 -0.10044  1.00011e-08
 25  0.01500 -5.79785e-08 | 26 -0.01298 -1.29500e-07 | 27 -0.01681 -2.94655e-07
 28  0.06150 -1.91405e-09 | 29  0.00890 -7.40322e-08 | 30  0.05044  8.06728e-08
 31 -0.02148  5.79484e-08 | 32  0.03614  1.79819e-07 | 33  0.04248  1.53436e-07
 34  0.03578  1.08654e-07 | 35  0.03585  1.47823e-07 | 36  0.00678 -3.47565e-08
 37  0.02171 -1.61768e-07 | 38  0.00035  2.71222e-07 | 39  0.25979 -6.11441e-07
 40  0.25524  2.66792e-06 | 41  0.27286 -5.76130e-08 | 42  0.21283  4.35526e-08
 43 -0.36041 -4.77724e-08 | 44 -0.00972 -9.05770e-10 | 45 -0.03727  2.48590e-10
 46 -0.71809  1.00769e-08 | 47 -0.69198  1.11042e-07 | 48 -0.72172 -1.20214e-07
 49 -0.56535 -8.26747e-08 | 50 -0.47305  7.52114e-08 | 51 -0.28871  1.43667e-07
 52 -0.00526  7.60228e-10 | 53 -0.20189 -1.32280e-05 | 54 -0.14012  1.14796e-05
 55  0.65099 -3.94315e-10 | 56  0.53618  3.54234e-11 | 57  0.29574  7.77003e-11
 58 -0.09224 -9.42844e-07 | 59 -0.12220 -1.27300e-05 |
Estimating row 1 out of 59 for hessian
Estimating row 2 out of 59 for hessian
Estimating row 3 out of 59 for hessian
Estimating row 4 out of 59 for hessian
Estimating row 5 out of 59 for hessian
Estimating row 6 out of 59 for hessian
Estimating row 7 out of 59 for hessian
Estimating row 8 out of 59 for hessian
Estimating row 9 out of 59 for hessian
Estimating row 10 out of 59 for hessian
Estimating row 11 out of 59 for hessian
Estimating row 12 out of 59 for hessian
Estimating row 13 out of 59 for hessian
Estimating row 14 out of 59 for hessian
Estimating row 15 out of 59 for hessian
Estimating row 16 out of 59 for hessian
Estimating row 17 out of 59 for hessian
Estimating row 18 out of 59 for hessian
Estimating row 19 out of 59 for hessian
Estimating row 20 out of 59 for hessian
Estimating row 21 out of 59 for hessian
Estimating row 22 out of 59 for hessian
Estimating row 23 out of 59 for hessian
Estimating row 24 out of 59 for hessian
Estimating row 25 out of 59 for hessian
Estimating row 26 out of 59 for hessian
Estimating row 27 out of 59 for hessian
Estimating row 28 out of 59 for hessian
Estimating row 29 out of 59 for hessian
Estimating row 30 out of 59 for hessian
Estimating row 31 out of 59 for hessian
Estimating row 32 out of 59 for hessian
Estimating row 33 out of 59 for hessian
Estimating row 34 out of 59 for hessian
Estimating row 35 out of 59 for hessian
Estimating row 36 out of 59 for hessian
Estimating row 37 out of 59 for hessian
Estimating row 38 out of 59 for hessian
Estimating row 39 out of 59 for hessian
Estimating row 40 out of 59 for hessian
Estimating row 41 out of 59 for hessian
Estimating row 42 out of 59 for hessian
Estimating row 43 out of 59 for hessian
Estimating row 44 out of 59 for hessian
Estimating row 45 out of 59 for hessian
Estimating row 46 out of 59 for hessian
Estimating row 47 out of 59 for hessian
Estimating row 48 out of 59 for hessian
Estimating row 49 out of 59 for hessian
Estimating row 50 out of 59 for hessian
Estimating row 51 out of 59 for hessian
Estimating row 52 out of 59 for hessian
Estimating row 53 out of 59 for hessian
Estimating row 54 out of 59 for hessian
Estimating row 55 out of 59 for hessian
Estimating row 56 out of 59 for hessian
Estimating row 57 out of 59 for hessian
Estimating row 58 out of 59 for hessian
Estimating row 59 out of 59 for hessian
size of file gradfil1.tmp = 0
size of file gradfil2.tmp = 0
size of file varssave.tmp = 0
size of file cmpdiff.tmp = 0
