
Initial statistics: 3 variables; iteration 0; function evaluation 0; phase 1
Function value 5.2637536e+03; maximum gradient component mag 3.5260e+04
Var    Value     Gradient |Var    Value     Gradient |Var    Value     Gradient
  1  0.39650  3.52601e+04 |  2  0.21635  2.93274e+04 |  3  0.21635  1.46106e+04

 - final statistics:
3 variables; iteration 8; function evaluation 17
Function value 6.5558e+02; maximum gradient component mag 2.5774e+00
Exit code = 1;  converg criter 1.0000e+01
Var    Value     Gradient |Var    Value     Gradient |Var    Value     Gradient
  1  0.17839  2.57737e+00 |  2  0.22104  1.84621e+00 |  3  0.20254 -1.38074e+00

Initial statistics: 50 variables; iteration 0; function evaluation 0; phase 2
Function value 6.5558450e+02; maximum gradient component mag 3.0750e+03
Var    Value     Gradient |Var    Value     Gradient |Var    Value     Gradient
  1  0.17839  2.57737e+00 |  2  0.00000  4.99900e+01 |  3  0.00000 -1.11121e+02
  4  0.00000  3.77828e+01 |  5  0.00000 -7.02489e+01 |  6  0.00000 -2.52981e+01
  7  0.00000  5.34912e+01 |  8  0.00000  6.23439e+00 |  9  0.00000  1.08753e+01
 10  0.00000 -7.64541e+01 | 11  0.00000  7.91274e+00 | 12  0.00000 -5.36485e+01
 13  0.00000 -7.57927e+00 | 14  0.00000 -4.87325e+00 | 15  0.00000 -8.40115e+01
 16  0.00000  1.07076e+01 | 17  0.00000  1.01937e+02 | 18  0.00000  1.79522e+00
 19  0.00000  2.42572e+01 | 20  0.00000 -1.38265e+02 | 21  0.00000 -1.35708e+02
 22  0.00000  1.25384e+02 | 23  0.00000  2.54631e+01 | 24  0.00000  2.60476e+02
 25  0.00000  8.42875e+01 | 26  0.00000 -1.81791e+00 | 27  0.00000  8.17386e+00
 28  0.00000 -9.84302e+01 | 29  0.00000  1.53514e+02 | 30  0.00000 -3.20046e+02
 31  0.00000  1.80008e+02 | 32  0.00000 -3.27543e+02 | 33  0.00000  1.12881e+01
 34  0.00000 -2.30335e+02 | 35  0.00000  3.66158e+01 | 36  0.00000  2.08448e+02
 37  0.00000  1.09501e+01 | 38  0.00000  1.82191e+02 | 39  0.22104  1.84621e+00
 40  0.21635  3.07505e+03 | 41  0.20254 -1.38074e+00 | 42 -1.00000 -1.08293e-07
 43  0.00000  1.19184e-04 | 44  0.00000  3.53973e-01 | 45 -0.53989  7.46994e+00
 46 -1.00000 -1.08293e-07 | 47 -0.53989  1.30708e+01 | 48 -1.00000 -1.08293e-07
 49 -0.53989  3.66294e+00 | 50 -0.17585 -5.87194e+02 |

Intermediate statistics: 50 variables; iteration 20; function evaluation 31; phase 2
Function value 4.3022516e+02; maximum gradient component mag 2.2990e+03
Var    Value     Gradient |Var    Value     Gradient |Var    Value     Gradient
  1  0.20938  1.12416e+03 |  2 -0.18398 -3.38515e+01 |  3  0.21477  2.09514e+02
  4  0.01114 -1.04566e+02 |  5  0.12576  8.60798e+01 |  6  0.05773 -2.05985e+01
  7 -0.05580 -1.17252e+02 |  8 -0.00534 -4.49902e+01 |  9  0.01132 -5.98772e+01
 10  0.13376  9.20114e+01 | 11  0.01713 -8.19135e+01 | 12  0.07695  4.01124e+01
 13  0.01555 -4.26515e+01 | 14  0.02944 -2.78391e+01 | 15  0.09591  1.07463e+02
 16 -0.00590 -2.08297e+01 | 17 -0.09922 -9.51360e+01 | 18  0.00982  3.86674e+01
 19 -0.01825 -1.88835e+01 | 20  0.15218  2.21480e+02 | 21  0.11516  1.54470e+02
 22 -0.04962 -1.55822e+01 | 23 -0.08115 -1.41219e+02 | 24 -0.19950 -1.19455e+02
 25 -0.11655 -1.19108e+02 | 26 -0.04103 -2.35139e+01 | 27 -0.01074 -2.80430e+00
 28  0.05597  2.42252e+02 | 29 -0.00826  4.75872e+01 | 30 -0.00001 -3.34490e+02
 31  0.01196  2.16090e+02 | 32  0.03873 -1.78685e+02 | 33 -0.01564 -1.12720e+02
 34 -0.04135 -3.64973e+02 | 35  0.01010  9.05073e+01 | 36  0.00127  2.30868e+02
 37 -0.03405 -8.15404e+01 | 38 -0.06779 -6.30423e+01 | 39  0.19414 -7.93495e+02
 40  0.19372  2.29899e+03 | 41  0.17945 -7.96270e+02 | 42 -1.53724 -1.40630e+01
 43 -0.00094  1.54989e+00 | 44 -0.00651  1.01656e-02 | 45 -0.68038  3.12839e-01
 46 -1.35270  2.34331e+02 | 47 -0.61804  2.22639e+02 | 48 -1.17287  2.08050e+01
 49 -0.46878  1.43892e+01 | 50 -0.15243 -2.07680e+02 |
50 variables; iteration 40; function evaluation 56; phase 2
Function value 3.0152384e+02; maximum gradient component mag 5.8911e+02
Var    Value     Gradient |Var    Value     Gradient |Var    Value     Gradient
  1  0.18165  5.89109e+02 |  2 -0.08284  1.89048e+01 |  3  0.02370  2.33703e+01
  4 -0.03584  8.14783e+00 |  5  0.01556  4.89359e+01 |  6 -0.04922 -4.63428e+01
  7 -0.11926 -6.71249e+01 |  8 -0.10154 -6.99862e+01 |  9 -0.10125 -9.70317e+01
 10  0.05038 -7.39435e-01 | 11  0.02335 -1.62670e+01 | 12  0.07151  2.11249e+01
 13  0.03418 -1.85545e+01 | 14  0.05236  1.15043e+01 | 15  0.05301 -4.06075e+01
 16  0.00426 -2.33877e+01 | 17 -0.07886 -8.94753e+01 | 18  0.02936 -1.51485e+01
 19  0.00182 -3.65783e+01 | 20  0.13576  7.14471e+01 | 21  0.11769  7.30037e+01
 22 -0.04967 -7.88238e+01 | 23 -0.01556 -5.40617e+01 | 24 -0.16897 -1.35771e+02
 25 -0.04179 -5.86780e+01 | 26 -0.04059 -6.72155e+01 | 27  0.01153  1.59635e+01
 28  0.05800  1.84398e+02 | 29 -0.00296 -3.04652e+01 | 30  0.06590 -5.15012e+01
 31 -0.02564 -1.18826e+02 | 32  0.09897  1.04634e+02 | 33  0.00706 -1.56432e+02
 34  0.04230 -5.39017e+01 | 35  0.00688  5.11575e+00 | 36 -0.02029  7.12776e+01
 37 -0.01491 -5.79778e+01 | 38 -0.06071 -1.24041e+02 | 39  0.20844 -5.28235e+02
 40  0.18853 -4.31351e+02 | 41  0.20780  2.85280e+02 | 42 -1.48241 -6.88766e-04
 43 -0.93938 -2.69716e-02 | 44 -0.13458 -4.55232e-04 | 45 -1.27224 -1.65313e-03
 46 -1.41652  1.36385e+02 | 47 -0.57377  1.59060e+02 | 48 -0.96743 -2.19733e+02
 49 -1.12405 -5.74916e+01 | 50 -0.08627  1.86063e+02 |
50 variables; iteration 60; function evaluation 90; phase 2
Function value 2.4111324e+02; maximum gradient component mag 1.6782e+02
Var    Value     Gradient |Var    Value     Gradient |Var    Value     Gradient
  1  0.15768 -4.69962e+01 |  2 -0.15773 -3.50173e+00 |  3 -0.01920  1.69303e+00
  4 -0.06020  2.83436e+00 |  5 -0.01677 -2.24370e+00 |  6 -0.06781  3.47312e+00
  7 -0.11240  1.95583e+00 |  8 -0.07169  2.58075e+00 |  9 -0.06200  4.30119e+00
 10  0.01871 -4.15354e+00 | 11  0.00016  3.09178e+00 | 12  0.03526 -1.50909e+00
 13 -0.00192  2.60070e-01 | 14 -0.00572  5.69665e-01 | 15  0.05429  1.87320e+00
 16  0.00382  3.96226e+00 | 17 -0.04700  3.81918e+00 | 18  0.02486  2.93908e+00
 19  0.00838  4.30102e-01 | 20  0.08095 -4.86349e+00 | 21  0.07568  1.92662e+00
 22 -0.03177  2.87801e+00 | 23 -0.01248 -5.50589e-01 | 24 -0.09686  3.61849e+00
 25 -0.00726  2.04949e+00 | 26 -0.01229  5.58061e+00 | 27  0.00538 -1.86524e+00
 28  0.03369 -1.02080e+01 | 29 -0.00834  2.98984e+00 | 30  0.07112  2.05751e+00
 31 -0.00086  2.99329e+00 | 32  0.06372 -7.67877e+00 | 33  0.02782  3.88934e+00
 34  0.05531  7.10485e+00 | 35  0.00552 -1.48791e+00 | 36 -0.02928 -4.77607e+00
 37  0.01529 -1.21466e+00 | 38 -0.01211  1.41408e+00 | 39  0.23045 -4.74016e+01
 40  0.20680 -1.67679e+01 | 41  0.22788 -2.68532e+01 | 42 -1.37941 -2.03295e-01
 43  0.56543  3.14409e-02 | 44 -0.50544 -2.27202e-03 | 45 -1.31491 -3.97951e-02
 46 -1.34117 -2.19127e+01 | 47 -0.67540 -2.28270e+01 | 48 -0.96563  1.67822e+02
 49 -1.05091  1.13361e+02 | 50 -0.05711 -1.13318e+01 |

 - final statistics:
50 variables; iteration 65; function evaluation 95
Function value 2.4097e+02; maximum gradient component mag -5.0777e+00
Exit code = 1;  converg criter 1.0000e+01
Var    Value     Gradient |Var    Value     Gradient |Var    Value     Gradient
  1  0.15767 -1.60360e+00 |  2 -0.14863 -2.93726e-02 |  3 -0.01869  1.86489e-02
  4 -0.06093  2.07234e-01 |  5 -0.01532  2.19140e-01 |  6 -0.06764  3.28305e-01
  7 -0.11210  1.26951e-01 |  8 -0.07202  2.18883e-01 |  9 -0.06327  6.29590e-02
 10  0.02216 -1.93004e-01 | 11 -0.00000 -3.03547e-02 | 12  0.03641 -1.71141e-01
 13 -0.00110 -2.07638e-01 | 14 -0.00443  4.26861e-02 | 15  0.05412 -6.73839e-02
 16  0.00304  2.90801e-01 | 17 -0.04821  1.15891e-01 | 18  0.02433  1.20343e-01
 19  0.00865 -3.10509e-02 | 20  0.08270 -3.69839e-01 | 21  0.07534  8.86066e-02
 22 -0.03259  1.89427e-01 | 23 -0.01200 -3.09062e-02 | 24 -0.09809  1.97812e-01
 25 -0.00755  2.71386e-01 | 26 -0.01463  3.54920e-01 | 27  0.00534  2.27882e-01
 28  0.03474  3.06010e-01 | 29 -0.00889  2.15082e-01 | 30  0.07058  3.65167e-01
 31 -0.00142  7.85380e-02 | 32  0.06447 -2.99933e-01 | 33  0.02712  6.57192e-02
 34  0.05412 -4.57176e-02 | 35  0.00551 -2.79593e-01 | 36 -0.02865 -4.18851e-01
 37  0.01537 -2.58879e-01 | 38 -0.01193  2.52160e-01 | 39  0.23063 -5.07772e+00
 40  0.20694 -7.58759e-02 | 41  0.22835 -2.14644e+00 | 42 -1.37718 -1.87428e-01
 43  0.54447  3.06139e-02 | 44 -0.48094 -2.40866e-03 | 45 -1.30553 -2.09738e-02
 46 -1.33997  2.26972e-01 | 47 -0.67565  5.07305e-01 | 48 -0.96584 -3.89648e+00
 49 -1.05142 -2.51180e+00 | 50 -0.05592 -3.00595e-01 |

Initial statistics: 55 variables; iteration 0; function evaluation 0; phase 3
Function value 2.4096959e+02; maximum gradient component mag -1.2207e+03
Var    Value     Gradient |Var    Value     Gradient |Var    Value     Gradient
  1  0.15767 -1.60360e+00 |  2 -0.14863 -2.93726e-02 |  3 -0.01869  1.86489e-02
  4 -0.06093  2.07234e-01 |  5 -0.01532  2.19140e-01 |  6 -0.06764  2.82462e-01
  7 -0.11210  8.15597e-02 |  8 -0.07202  1.73073e-01 |  9 -0.06327  1.70826e-02
 10  0.02216 -2.39080e-01 | 11 -0.00001 -7.64586e-02 | 12  0.03641 -2.17169e-01
 13 -0.00110 -2.53742e-01 | 14 -0.00444 -3.41663e-03 | 15  0.05412 -1.13321e-01
 16  0.00304  2.44698e-01 | 17 -0.04821  6.99188e-02 | 18  0.02433  7.42727e-02
 19  0.00865 -7.71505e-02 | 20  0.08270 -4.15554e-01 | 21  0.07534  4.28252e-02
 22 -0.03259  1.43383e-01 | 23 -0.01200 -7.70018e-02 | 24 -0.09809  1.52255e-01
 25 -0.00755  2.25286e-01 | 26 -0.01463  3.08828e-01 | 27  0.00534  1.81780e-01
 28  0.03474  2.59974e-01 | 29 -0.00889  1.68983e-01 | 30  0.07058  3.19346e-01
 31 -0.00142  3.24343e-02 | 32  0.06447 -3.45801e-01 | 33  0.02712  1.96572e-02
 34  0.05412 -9.16550e-02 | 35  0.00551 -3.25696e-01 | 36 -0.02865 -4.64908e-01
 37  0.01537 -3.04969e-01 | 38 -0.01193  2.06065e-01 | 39  0.23063 -5.07772e+00
 40  0.20694 -7.58759e-02 | 41  0.22835 -2.14644e+00 | 42 -0.62282  1.87428e-01
 43  0.54447  3.06139e-02 | 44 -0.48094 -2.40866e-03 | 45 -0.69447  2.09738e-02
 46 -0.66003 -2.26972e-01 | 47 -0.67565  5.07305e-01 | 48 -0.96584 -3.89648e+00
 49 -0.94858  2.51180e+00 | 50 -0.32288  3.73496e+01 | 51  0.21635  1.15157e+00
 52 -0.17585 -1.22067e+03 | 53 -0.12819  3.96520e-03 | 54 -0.05592 -3.00595e-01
 55  0.05795  3.66515e+01 |

Intermediate statistics: 55 variables; iteration 20; function evaluation 27; phase 3
Function value 2.0322050e+02; maximum gradient component mag 9.2240e+02
Var    Value     Gradient |Var    Value     Gradient |Var    Value     Gradient
  1  0.15310  4.48265e+02 |  2 -0.14383  1.13165e-01 |  3 -0.01220 -1.45745e-01
  4 -0.05230  3.08272e+00 |  5 -0.01158 -6.27886e+00 |  6 -0.06383 -9.09849e+00
  7 -0.11206 -1.51969e+01 |  8 -0.07160 -1.32614e+01 |  9 -0.06928 -1.79468e+01
 10  0.02452 -1.29561e+01 | 11  0.00453 -1.35065e+01 | 12  0.03970 -2.11585e+01
 13 -0.00154 -2.38088e+01 | 14 -0.00747 -1.85884e+01 | 15  0.05285 -2.72952e+01
 16  0.00149 -1.63593e+01 | 17 -0.06022 -9.43149e+00 | 18  0.00682  3.22305e+01
 19  0.00785 -6.48628e-01 | 20  0.06303  3.02192e+01 | 21  0.06491  1.16347e+01
 22 -0.03152 -1.88317e+01 | 23 -0.02620  2.94738e+00 | 24 -0.11015 -1.92981e+01
 25  0.00630 -2.75999e+01 | 26 -0.01977  5.44051e-01 | 27 -0.00345  2.71352e+01
 28  0.04369 -2.00157e+01 | 29 -0.00723 -3.71229e+00 | 30  0.06988  3.88197e+00
 31 -0.00265  5.35652e+00 | 32  0.06478 -3.79023e+01 | 33  0.03083 -1.18922e+01
 34  0.05729  3.40780e+00 | 35  0.00755 -1.78634e+01 | 36 -0.02574 -9.77784e+00
 37  0.02495  3.08595e+01 | 38  0.03476 -6.97194e+00 | 39  0.23084 -5.64827e+02
 40  0.24069  9.22402e+02 | 41  0.22954  1.82275e+02 | 42 -0.62357  1.24676e-01
 43  0.54434  2.18685e-02 | 44 -0.48092 -2.47077e-03 | 45 -0.69459  1.79432e-02
 46 -0.66228 -1.93207e+02 | 47 -0.67418  2.00999e+02 | 48 -0.98213  5.38966e+02
 49 -0.97466 -3.80159e+02 | 50 -0.34456  6.38959e+01 | 51  0.20832  3.07739e+00
 52 -0.10287  3.21090e+02 | 53 -0.11556 -3.89611e+02 | 54 -0.10271 -7.79186e+01
 55 -0.02783  4.26992e+01 |
55 variables; iteration 40; function evaluation 53; phase 3
Function value 1.9496692e+02; maximum gradient component mag 1.5698e+02
Var    Value     Gradient |Var    Value     Gradient |Var    Value     Gradient
  1  0.15375 -6.15288e+01 |  2 -0.14307  9.19877e-01 |  3 -0.01405 -6.14053e-01
  4 -0.05630 -2.83267e+00 |  5 -0.01641 -1.89983e+01 |  6 -0.06806 -2.07147e+00
  7 -0.11169  6.66128e-01 |  8 -0.06772  4.54834e+00 |  9 -0.06215  3.18663e+00
 10  0.02338 -2.18668e-01 | 11 -0.00045 -3.98529e+00 | 12  0.03905  2.24950e+00
 13  0.00093  3.06837e+00 | 14 -0.00892 -2.84349e+00 | 15  0.05675  1.16567e+01
 16  0.00574  1.66455e+01 | 17 -0.05971 -2.07067e+00 | 18 -0.00120 -4.22025e+00
 19  0.00417 -2.44454e+00 | 20  0.05559 -2.81899e+00 | 21  0.06409  2.90611e+00
 22 -0.02812 -4.21186e+00 | 23 -0.02201  5.21593e+00 | 24 -0.10371 -4.35019e-01
 25  0.00928  4.20417e-01 | 26 -0.02109 -1.78746e+00 | 27 -0.00853  2.63466e+00
 28  0.04634 -8.50726e+00 | 29 -0.00269  1.68268e+01 | 30  0.07070 -1.10666e+01
 31 -0.00353 -6.12768e+00 | 32  0.07307 -1.99301e+00 | 33  0.03690  1.11532e+01
 34  0.05648 -1.15595e+01 | 35  0.00492 -2.93208e+01 | 36 -0.02833 -1.66173e+01
 37  0.02195  1.57597e+00 | 38  0.02709  2.89399e+00 | 39  0.22874 -2.73859e+01
 40  0.23279  1.40576e+01 | 41  0.22682  1.17756e+01 | 42 -0.71367  1.50957e-02
 43  0.52590  8.34169e-03 | 44 -0.47788 -2.75903e-03 | 45 -0.70923  2.55695e-03
 46 -0.59684 -3.34911e+01 | 47 -0.61799  3.97279e+01 | 48 -0.98298  1.56975e+02
 49 -0.97545 -1.08976e+02 | 50 -0.33883  5.36569e+00 | 51 -0.74956  2.45989e-01
 52 -0.11450  7.72845e+01 | 53 -0.11561 -7.86341e+01 | 54 -0.10675 -1.08994e+01
 55 -0.03345  9.95138e+00 |
55 variables; iteration 60; function evaluation 87; phase 3
Function value 1.9424773e+02; maximum gradient component mag 1.8647e+01
Var    Value     Gradient |Var    Value     Gradient |Var    Value     Gradient
  1  0.15388  3.41745e+00 |  2 -0.14633  8.55728e-04 |  3 -0.01516  3.48094e-01
  4 -0.05648  5.35860e-01 |  5 -0.01119  2.01362e-01 |  6 -0.06722 -1.39330e-01
  7 -0.11306  3.17583e-02 |  8 -0.07258  2.38098e-02 |  9 -0.06775 -4.66327e-01
 10  0.02249 -2.97377e-02 | 11  0.00105 -3.63954e-01 | 12  0.03823 -4.21636e-01
 13  0.00085  7.16243e-01 | 14 -0.00659 -4.00030e-01 | 15  0.05394  6.05356e-02
 16  0.00083  2.84156e-01 | 17 -0.05823 -4.54169e-01 | 18  0.00122 -1.34641e-01
 19  0.00478 -1.13094e-01 | 20  0.05731 -2.21505e-01 | 21  0.06394 -1.25671e-01
 22 -0.02631 -2.05551e-01 | 23 -0.02260  5.58183e-01 | 24 -0.10352  6.62708e-02
 25  0.00859 -3.38098e-01 | 26 -0.02026 -2.87919e-01 | 27 -0.00851  6.75585e-01
 28  0.04732  8.65973e-01 | 29 -0.00493 -2.92837e-01 | 30  0.07308  2.83172e-01
 31 -0.00129 -1.77968e-01 | 32  0.07381  7.33607e-01 | 33  0.03560 -1.99786e-01
 34  0.05887  5.09489e-01 | 35  0.00969  5.19511e-01 | 36 -0.02532  3.22111e-01
 37  0.02088  3.05029e-02 | 38  0.02489 -5.87231e-01 | 39  0.22810 -5.42342e+00
 40  0.23183  2.36835e+00 | 41  0.22531 -5.40995e+00 | 42 -0.79248 -5.77398e-03
 43  0.39127  3.77778e-03 | 44 -0.41956 -2.30643e-03 | 45 -0.71534 -2.56040e-04
 46 -0.67953 -1.83183e+00 | 47 -0.69719  1.99446e+00 | 48 -0.98323  6.13263e+00
 49 -0.97561 -4.36513e+00 | 50 -0.36573  5.97266e-01 | 51 -0.89005  3.37978e-03
 52 -0.11724 -2.66073e+00 | 53 -0.11573  2.70011e+00 | 54 -0.13210  1.86466e+01
 55 -0.08303 -8.34446e+00 |
55 variables; iteration 80; function evaluation 143; phase 3
Function value 1.9422672e+02; maximum gradient component mag -1.4534e+02
Var    Value     Gradient |Var    Value     Gradient |Var    Value     Gradient
  1  0.15394 -1.38376e-01 |  2 -0.14644 -9.86160e-03 |  3 -0.01546 -4.65432e-02
  4 -0.05684 -3.17445e-02 |  5 -0.01125 -2.26288e-02 |  6 -0.06714  1.04835e-02
  7 -0.11298 -1.07218e-02 |  8 -0.07241 -2.26451e-02 |  9 -0.06711  3.71339e-02
 10  0.02266  6.81548e-03 | 11  0.00130  3.12894e-02 | 12  0.03831  4.20947e-02
 13  0.00040 -9.51147e-02 | 14 -0.00642  4.22949e-02 | 15  0.05379 -1.87600e-02
 16  0.00058 -3.38757e-02 | 17 -0.05807  5.70511e-02 | 18  0.00118  1.24032e-02
 19  0.00468  4.70808e-03 | 20  0.05731  1.13115e-03 | 21  0.06390 -3.37249e-03
 22 -0.02627  9.97514e-03 | 23 -0.02286 -7.61287e-02 | 24 -0.10364 -2.01871e-02
 25  0.00870  5.60002e-02 | 26 -0.02006  6.12992e-02 | 27 -0.00872 -2.68686e-02
 28  0.04729  4.19903e-02 | 29 -0.00494  1.19218e-03 | 30  0.07303 -2.76287e-02
 31 -0.00140 -5.29757e-02 | 32  0.07387  9.56595e-03 | 33  0.03562 -6.79037e-03
 34  0.05882  2.26639e-02 | 35  0.00960 -1.65461e-02 | 36 -0.02545 -9.92640e-03
 37  0.02081  5.36222e-02 | 38  0.02482 -6.89618e-02 | 39  0.22803 -8.19397e-01
 40  0.23179 -2.19236e-01 | 41  0.22520 -1.92578e-01 | 42 -0.64730 -8.94219e-04
 43 -0.06297  1.14575e-03 | 44 -0.18638 -7.75232e-04 | 45 -0.72020  7.96494e-05
 46 -0.82400  4.72638e-01 | 47 -0.83358 -5.23614e-01 | 48 -0.97818  2.49434e+00
 49 -0.96825 -1.83280e+00 | 50 -0.43134  3.27355e-02 | 51 -0.64500  7.75080e-04
 52 -0.11949  3.55959e-01 | 53 -0.11812 -2.77041e-01 | 54 -0.17563 -1.45342e+02
 55 -0.17538  6.75038e+01 |
55 variables; iteration 100; function evaluation 201; phase 3
Function value 1.9422360e+02; maximum gradient component mag -4.7346e+02
Var    Value     Gradient |Var    Value     Gradient |Var    Value     Gradient
  1  0.15394 -5.03780e-01 |  2 -0.14643 -1.10016e-02 |  3 -0.01545 -3.85967e-02
  4 -0.05683 -2.52824e-02 |  5 -0.01126 -3.48012e-02 |  6 -0.06715  1.01387e-02
  7 -0.11299 -2.08176e-02 |  8 -0.07243 -2.79020e-02 |  9 -0.06714  2.06379e-02
 10  0.02265  7.61043e-03 | 11  0.00129  2.43661e-02 | 12  0.03831  4.13457e-02
 13  0.00041 -7.28964e-02 | 14 -0.00642  4.58620e-02 | 15  0.05379 -6.86424e-03
 16  0.00058 -1.76348e-02 | 17 -0.05807  5.67904e-02 | 18  0.00118  1.48581e-02
 19  0.00468  9.79033e-03 | 20  0.05731  2.31157e-02 | 21  0.06391  1.25301e-02
 22 -0.02627  1.22183e-02 | 23 -0.02285 -4.94079e-02 | 24 -0.10363 -1.30453e-02
 25  0.00870  3.94369e-02 | 26 -0.02006  5.38828e-02 | 27 -0.00872 -3.23747e-02
 28  0.04729 -2.82859e-02 | 29 -0.00494  1.85976e-02 | 30  0.07304 -4.63974e-02
 31 -0.00140 -2.24196e-02 | 32  0.07388 -3.18003e-02 | 33  0.03563  2.46766e-03
 34  0.05882 -2.02951e-02 | 35  0.00960 -3.94684e-02 | 36 -0.02544 -1.31154e-02
 37  0.02081  2.94518e-02 | 38  0.02482 -3.06445e-02 | 39  0.22803 -1.17381e-01
 40  0.23179 -2.33439e-01 | 41  0.22519 -1.18003e-01 | 42 -0.52507  1.88438e-04
 43 -0.61712 -3.97606e-03 | 44  0.18654  1.13594e-03 | 45 -0.73040 -1.83694e-05
 46 -0.79483 -3.97851e-02 | 47 -0.80601  2.21855e-02 | 48 -0.95120  9.65332e-01
 49 -0.92899 -7.18430e-01 | 50 -0.43485  1.44263e-02 | 51 -0.71770 -4.09550e-03
 52 -0.12049  3.38912e-01 | 53 -0.11913 -2.72444e-01 | 54 -0.17567 -4.73456e+02
 55 -0.17547  2.19819e+02 |
55 variables; iteration 120; function evaluation 222; phase 3
Function value 1.9421734e+02; maximum gradient component mag -5.5947e+01
Var    Value     Gradient |Var    Value     Gradient |Var    Value     Gradient
  1  0.15395 -1.19518e+00 |  2 -0.14642 -1.53026e-02 |  3 -0.01544 -8.31703e-02
  4 -0.05684 -7.60106e-02 |  5 -0.01125 -3.49203e-02 |  6 -0.06713 -3.93266e-02
  7 -0.11295 -2.66748e-02 |  8 -0.07239 -3.30995e-02 |  9 -0.06706  5.68873e-02
 10  0.02265 -3.22033e-03 | 11  0.00130  2.57674e-02 | 12  0.03831  6.49806e-02
 13  0.00040 -9.04000e-02 | 14 -0.00641  4.58015e-02 | 15  0.05378 -5.61695e-03
 16  0.00056 -6.78191e-02 | 17 -0.05806  4.89331e-02 | 18  0.00117 -6.08708e-03
 19  0.00468  3.20514e-02 | 20  0.05729 -1.12247e-02 | 21  0.06390  1.34631e-02
 22 -0.02626  4.71674e-02 | 23 -0.02287 -1.03996e-01 | 24 -0.10363 -4.29822e-03
 25  0.00870  7.61341e-02 | 26 -0.02006  5.57588e-02 | 27 -0.00873 -1.92207e-02
 28  0.04729  4.80154e-02 | 29 -0.00494  4.05975e-03 | 30  0.07303 -3.94574e-02
 31 -0.00140 -4.01722e-02 | 32  0.07387 -4.32834e-02 | 33  0.03562 -2.32139e-02
 34  0.05882  5.55593e-02 | 35  0.00960 -1.36897e-02 | 36 -0.02545  9.87941e-03
 37  0.02079  1.16948e-02 | 38  0.02480 -4.07870e-02 | 39  0.22803  5.62087e-01
 40  0.23178 -1.32345e-01 | 41  0.22518 -9.09553e-01 | 42 -0.62406  2.11901e-04
 43 -0.12718  9.44484e-04 | 44  0.06457  4.97088e-04 | 45 -0.72784 -4.40301e-04
 46 -0.69034 -3.21919e+00 | 47 -0.70728  3.42853e+00 | 48 -0.87303  3.71241e-01
 49 -0.81491 -2.74795e-01 | 50 -0.45495  1.83435e-02 | 51 -0.56197  6.70539e-04
 52 -0.12364  5.19577e-01 | 53 -0.12236 -4.76916e-01 | 54 -0.17510 -5.59470e+01
 55 -0.17424  2.59807e+01 |
55 variables; iteration 140; function evaluation 242; phase 3
Function value 1.9421517e+02; maximum gradient component mag -1.1221e+02
Var    Value     Gradient |Var    Value     Gradient |Var    Value     Gradient
  1  0.15393  2.16094e+00 |  2 -0.14642  1.04671e-02 |  3 -0.01545  5.95780e-02
  4 -0.05681  5.43203e-02 |  5 -0.01126  5.15309e-02 |  6 -0.06719  4.52759e-04
  7 -0.11303 -1.67028e-02 |  8 -0.07245 -6.39434e-03 |  9 -0.06723 -4.25691e-02
 10  0.02261 -1.40446e-02 | 11  0.00126 -3.27825e-02 | 12  0.03829 -1.98944e-02
 13  0.00045  2.47866e-02 | 14 -0.00646 -2.38703e-02 | 15  0.05381  1.44789e-02
 16  0.00061  3.26399e-02 | 17 -0.05809 -2.85799e-02 | 18  0.00119 -9.71559e-03
 19  0.00469 -1.97893e-02 | 20  0.05732 -6.82107e-03 | 21  0.06392 -1.16627e-02
 22 -0.02627 -3.39653e-02 | 23 -0.02282  2.03139e-02 | 24 -0.10362 -1.41197e-02
 25  0.00868 -2.01309e-02 | 26 -0.02010 -1.40479e-02 | 27 -0.00868  2.44731e-02
 28  0.04733  7.61705e-02 | 29 -0.00493 -1.84814e-02 | 30  0.07306  6.22320e-02
 31 -0.00138 -2.52878e-02 | 32  0.07391  8.14925e-02 | 33  0.03565 -1.36496e-02
 34  0.05884  1.73316e-02 | 35  0.00963  4.11286e-02 | 36 -0.02542  7.70908e-04
 37  0.02083  3.78781e-03 | 38  0.02482 -6.88640e-02 | 39  0.22804  1.31851e-01
 40  0.23180 -1.30531e-01 | 41  0.22520  3.06467e-01 | 42 -0.57762  7.44461e-04
 43 -0.31344 -4.04662e-04 | 44 -0.03627 -3.30602e-07 | 45 -0.72469 -2.12674e-04
 46 -0.69596 -2.68474e-02 | 47 -0.71271  3.30331e-02 | 48 -0.80280  2.40298e+00
 49 -0.71212 -1.64276e+00 | 50 -0.49327  1.08144e-02 | 51 -0.42824  1.44313e-03
 52 -0.12707 -1.10469e-01 | 53 -0.12586  1.20893e-01 | 54 -0.17487 -1.12212e+02
 55 -0.17373  5.21155e+01 |
55 variables; iteration 160; function evaluation 262; phase 3
Function value 1.9421447e+02; maximum gradient component mag -6.7985e+01
Var    Value     Gradient |Var    Value     Gradient |Var    Value     Gradient
  1  0.15394  1.00862e-01 |  2 -0.14640 -9.89706e-04 |  3 -0.01542  1.57813e-03
  4 -0.05682  1.83281e-03 |  5 -0.01125 -9.71086e-03 |  6 -0.06714 -2.30394e-03
  7 -0.11297 -3.03224e-03 |  8 -0.07241 -5.44834e-03 |  9 -0.06714 -6.49570e-03
 10  0.02264 -4.37044e-03 | 11  0.00128 -5.80826e-03 | 12  0.03829 -5.91744e-03
 13  0.00044 -7.42361e-04 | 14 -0.00644 -1.44143e-03 | 15  0.05380 -4.42312e-03
 16  0.00059 -2.41803e-03 | 17 -0.05809  3.81119e-04 | 18  0.00118 -5.33676e-03
 19  0.00468 -4.17150e-03 | 20  0.05731  3.20279e-04 | 21  0.06391 -1.94215e-03
 22 -0.02627 -3.88450e-03 | 23 -0.02283  1.93753e-03 | 24 -0.10363 -1.01680e-03
 25  0.00868 -3.98333e-03 | 26 -0.02008  5.07724e-03 | 27 -0.00871  8.40087e-03
 28  0.04729  3.02519e-02 | 29 -0.00494 -1.77598e-03 | 30  0.07304  9.24091e-03
 31 -0.00139 -1.51373e-02 | 32  0.07387  2.83265e-02 | 33  0.03563  1.92659e-03
 34  0.05882  7.69272e-03 | 35  0.00961  5.37545e-03 | 36 -0.02544 -5.59083e-03
 37  0.02081  2.99256e-03 | 38  0.02484 -1.15944e-02 | 39  0.22803  7.04789e-02
 40  0.23179 -2.58419e-02 | 41  0.22520 -8.81788e-02 | 42 -0.59556 -1.46162e-04
 43 -0.25562 -1.28085e-04 | 44  0.01847  2.73583e-04 | 45 -0.72615 -1.96163e-04
 46 -0.69932  1.49869e-01 | 47 -0.71587 -1.58930e-01 | 48 -0.78158  8.43682e-03
 49 -0.68041 -2.16818e-03 | 50 -0.52303  8.92921e-04 | 51 -0.43369 -1.12344e-03
 52 -0.12971  2.11708e-02 | 53 -0.12857 -1.48323e-02 | 54 -0.17514 -6.79846e+01
 55 -0.17433  3.15793e+01 |
55 variables; iteration 180; function evaluation 282; phase 3
Function value 1.9421434e+02; maximum gradient component mag -2.1709e+01
Var    Value     Gradient |Var    Value     Gradient |Var    Value     Gradient
  1  0.15394  5.18727e-01 |  2 -0.14639  4.73209e-03 |  3 -0.01540  2.56673e-02
  4 -0.05680  2.22218e-02 |  5 -0.01124  2.56100e-02 |  6 -0.06713 -4.75703e-03
  7 -0.11296 -3.41110e-03 |  8 -0.07240  9.97924e-04 |  9 -0.06714 -1.62352e-02
 10  0.02264 -7.82220e-03 | 11  0.00127 -1.42563e-02 | 12  0.03829 -8.35492e-03
 13  0.00045  2.04503e-02 | 14 -0.00644 -1.06550e-02 | 15  0.05380  5.20775e-03
 16  0.00060  9.25124e-03 | 17 -0.05810 -1.39620e-02 | 18  0.00118 -7.98061e-03
 19  0.00468 -5.47137e-03 | 20  0.05730 -7.52319e-03 | 21  0.06390 -4.34081e-03
 22 -0.02628 -6.96518e-03 | 23 -0.02283  1.33740e-02 | 24 -0.10362  3.31859e-03
 25  0.00868 -8.58748e-03 | 26 -0.02009 -1.09911e-02 | 27 -0.00871  1.10804e-02
 28  0.04728  1.96889e-02 | 29 -0.00495 -8.03503e-03 | 30  0.07303  1.62162e-02
 31 -0.00139 -1.95219e-03 | 32  0.07385  1.20532e-02 | 33  0.03562 -9.80211e-03
 34  0.05881  1.00371e-02 | 35  0.00960  2.16621e-02 | 36 -0.02544  9.53521e-03
 37  0.02081 -1.36775e-03 | 38  0.02486 -1.19160e-02 | 39  0.22803  1.41261e-01
 40  0.23179 -5.51671e-02 | 41  0.22521 -1.19113e-02 | 42 -0.59343  4.76556e-04
 43 -0.24925  6.59239e-05 | 44 -0.05343 -8.18849e-05 | 45 -0.72392 -3.62591e-05
 46 -0.70099 -4.31746e-03 | 47 -0.71744  2.68540e-03 | 48 -0.78392  2.42576e-02
 49 -0.68387 -1.60670e-02 | 50 -0.56284  4.26390e-04 | 51 -0.30656  6.11109e-05
 52 -0.13277 -1.95116e-02 | 53 -0.13171  2.05534e-02 | 54 -0.17528 -2.17093e+01
 55 -0.17462  1.00859e+01 |
55 variables; iteration 200; function evaluation 302; phase 3
Function value 1.9421434e+02; maximum gradient component mag -3.7403e+00
Var    Value     Gradient |Var    Value     Gradient |Var    Value     Gradient
  1  0.15394 -3.33827e-02 |  2 -0.14640 -2.90361e-04 |  3 -0.01541 -1.73650e-03
  4 -0.05681 -1.35294e-03 |  5 -0.01124 -1.60081e-03 |  6 -0.06713  7.15678e-05
  7 -0.11296  1.08248e-04 |  8 -0.07240 -1.08028e-04 |  9 -0.06713  8.56865e-04
 10  0.02265  4.34765e-04 | 11  0.00129  7.10093e-04 | 12  0.03830  4.85145e-04
 13  0.00044 -1.07184e-03 | 14 -0.00644  5.27521e-04 | 15  0.05380 -1.46236e-04
 16  0.00060 -3.92753e-04 | 17 -0.05809  6.75501e-04 | 18  0.00118  4.26246e-04
 19  0.00468  4.02397e-04 | 20  0.05730  4.99093e-04 | 21  0.06390  3.21368e-04
 22 -0.02628  3.46603e-04 | 23 -0.02284 -6.91149e-04 | 24 -0.10363 -1.63591e-04
 25  0.00869  1.97870e-04 | 26 -0.02009  3.93426e-04 | 27 -0.00871 -6.09859e-04
 28  0.04728 -1.54881e-03 | 29 -0.00495  5.32001e-04 | 30  0.07303 -8.68825e-04
 31 -0.00139  3.45162e-04 | 32  0.07384 -8.09396e-04 | 33  0.03562  3.74359e-04
 34  0.05881 -8.05305e-04 | 35  0.00960 -1.21361e-03 | 36 -0.02544 -4.13429e-04
 37  0.02081 -2.15960e-04 | 38  0.02487  8.77268e-04 | 39  0.22803 -4.59708e-04
 40  0.23180  6.98441e-04 | 41  0.22522  3.88057e-03 | 42 -0.59750 -2.69846e-05
 43 -0.24398 -8.55314e-06 | 44 -0.03842 -5.35180e-06 | 45 -0.72426 -8.28427e-07
 46 -0.69917 -1.19155e-02 | 47 -0.71573  1.28094e-02 | 48 -0.78419 -2.69878e-03
 49 -0.68428  1.81520e-03 | 50 -0.57017 -1.32012e-04 | 51 -0.29654 -1.48906e-05
 52 -0.13344  1.87705e-03 | 53 -0.13239 -8.91638e-04 | 54 -0.17535 -3.74027e+00
 55 -0.17477  1.73685e+00 |
55 variables; iteration 220; function evaluation 322; phase 3
Function value 1.9421434e+02; maximum gradient component mag -2.5424e+00
Var    Value     Gradient |Var    Value     Gradient |Var    Value     Gradient
  1  0.15394  6.77874e-04 |  2 -0.14640  5.21609e-06 |  3 -0.01541  1.68438e-05
  4 -0.05681  2.31502e-05 |  5 -0.01124  3.43120e-05 |  6 -0.06713 -2.87750e-05
  7 -0.11296 -1.29671e-05 |  8 -0.07240 -3.34944e-06 |  9 -0.06713 -2.66738e-05
 10  0.02265 -1.66180e-05 | 11  0.00129 -2.60176e-05 | 12  0.03830 -1.20408e-05
 13  0.00044  3.46706e-05 | 14 -0.00644 -2.51155e-05 | 15  0.05380  1.31006e-05
 16  0.00060  1.26601e-05 | 17 -0.05809 -3.40536e-05 | 18  0.00118 -1.59374e-05
 19  0.00468 -2.93675e-06 | 20  0.05730 -1.45876e-05 | 21  0.06390 -4.47320e-06
 22 -0.02628 -8.71588e-06 | 23 -0.02284  1.98100e-05 | 24 -0.10363  8.09640e-06
 25  0.00869 -2.23591e-05 | 26 -0.02009 -3.16533e-05 | 27 -0.00871  2.99893e-05
 28  0.04728  4.67466e-05 | 29 -0.00495 -1.42690e-05 | 30  0.07303  2.86304e-05
 31 -0.00139  5.46065e-06 | 32  0.07384  2.46653e-05 | 33  0.03562 -2.33312e-05
 34  0.05881  2.29465e-05 | 35  0.00960  4.43802e-05 | 36 -0.02544  4.08532e-05
 37  0.02081 -8.98234e-06 | 38  0.02487 -3.18482e-05 | 39  0.22803  6.80347e-04
 40  0.23180  2.11654e-06 | 41  0.22521 -1.57330e-04 | 42 -0.59739  1.29479e-06
 43 -0.24375 -2.09545e-07 | 44 -0.03753 -8.89384e-07 | 45 -0.72429 -4.55907e-07
 46 -0.69931 -1.02238e-03 | 47 -0.71585  1.09315e-03 | 48 -0.78418 -2.58030e-04
 49 -0.68427  1.71983e-04 | 50 -0.56826  3.78854e-07 | 51 -0.29935 -5.44469e-07
 52 -0.13513 -8.20767e-05 | 53 -0.13412 -8.36787e-06 | 54 -0.17529 -2.54236e+00
 55 -0.17465  1.18021e+00 |
55 variables; iteration 240; function evaluation 342; phase 3
Function value 1.9421433e+02; maximum gradient component mag -5.3076e+00
Var    Value     Gradient |Var    Value     Gradient |Var    Value     Gradient
  1  0.15394 -7.68452e-02 |  2 -0.14640 -2.27358e-04 |  3 -0.01542 -7.96000e-04
  4 -0.05681 -1.00902e-03 |  5 -0.01124 -1.51037e-03 |  6 -0.06713  1.71709e-03
  7 -0.11296  1.15244e-03 |  8 -0.07240  7.85345e-04 |  9 -0.06713  1.68809e-03
 10  0.02265  1.29272e-03 | 11  0.00129  1.67941e-03 | 12  0.03830  1.07344e-03
 13  0.00044 -6.61090e-04 | 14 -0.00644  1.59016e-03 | 15  0.05380  1.06691e-04
 16  0.00060  1.23103e-04 | 17 -0.05809  1.92110e-03 | 18  0.00118  1.22165e-03
 19  0.00468  7.63815e-04 | 20  0.05730  1.19584e-03 | 21  0.06390  8.00043e-04
 22 -0.02628  1.01006e-03 | 23 -0.02284 -1.90133e-04 | 24 -0.10363  2.00292e-04
 25  0.00869  8.44542e-04 | 26 -0.02009  6.58818e-04 | 27 -0.00871 -3.03035e-03
 28  0.04728 -9.25561e-03 | 29 -0.00495  1.68956e-03 | 30  0.07303 -2.74193e-03
 31 -0.00139  3.20116e-03 | 32  0.07384 -6.19436e-03 | 33  0.03562  1.49830e-03
 34  0.05881 -3.31401e-03 | 35  0.00960 -3.48662e-03 | 36 -0.02544 -1.83870e-03
 37  0.02081 -4.87680e-04 | 38  0.02487  6.22671e-03 | 39  0.22803 -2.66775e-02
 40  0.23180  4.47103e-03 | 41  0.22521  4.00510e-02 | 42 -0.59841 -5.58750e-05
 43 -0.24081  9.72849e-06 | 44 -0.03116  3.14939e-05 | 45 -0.72443  1.52014e-05
 46 -0.69954  4.01917e-02 | 47 -0.71608 -4.28937e-02 | 48 -0.78412  7.54278e-03
 49 -0.68417 -5.02139e-03 | 50 -0.56905 -2.22973e-05 | 51 -0.29738  1.13920e-05
 52 -0.13506  1.47453e-03 | 53 -0.13405 -1.49550e-03 | 54 -0.17402 -5.30758e+00
 55 -0.17191  2.46676e+00 |
55 variables; iteration 260; function evaluation 363; phase 3
Function value 1.9421429e+02; maximum gradient component mag -1.8419e-01
Var    Value     Gradient |Var    Value     Gradient |Var    Value     Gradient
  1  0.15394 -6.55877e-03 |  2 -0.14640 -5.77939e-06 |  3 -0.01541  2.49478e-05
  4 -0.05681 -8.48181e-06 |  5 -0.01124 -1.34422e-05 |  6 -0.06713  7.76291e-05
  7 -0.11296  1.17469e-04 |  8 -0.07240  1.04758e-04 |  9 -0.06713  9.80563e-05
 10  0.02265  9.20793e-05 | 11  0.00129  1.10858e-04 | 12  0.03830  6.84206e-05
 13  0.00044  1.19854e-04 | 14 -0.00644  7.75313e-05 | 15  0.05380  1.29588e-04
 16  0.00060  1.16905e-04 | 17 -0.05809  9.00559e-05 | 18  0.00118  1.23455e-04
 19  0.00468  6.56158e-05 | 20  0.05730  6.94071e-05 | 21  0.06390  7.63870e-05
 22 -0.02628  4.93248e-05 | 23 -0.02284  9.34528e-05 | 24 -0.10363  1.67888e-05
 25  0.00869 -1.65478e-05 | 26 -0.02009 -6.96810e-05 | 27 -0.00871 -2.14529e-04
 28  0.04728 -9.88553e-04 | 29 -0.00495  9.84715e-05 | 30  0.07303 -1.94360e-04
 31 -0.00139  4.12151e-04 | 32  0.07384 -6.44480e-04 | 33  0.03562  5.75306e-05
 34  0.05881 -2.92032e-04 | 35  0.00960 -2.32028e-04 | 36 -0.02544 -8.61131e-05
 37  0.02081 -1.47818e-04 | 38  0.02487  5.28579e-04 | 39  0.22803 -1.32381e-03
 40  0.23180 -9.97133e-04 | 41  0.22521  4.59065e-03 | 42 -0.59743 -4.59616e-07
 43 -0.24363  3.57791e-07 | 44 -0.03720  9.11268e-07 | 45 -0.72429  5.57355e-06
 46 -0.69932  1.42331e-03 | 47 -0.71587 -1.51477e-03 | 48 -0.78418  1.09317e-04
 49 -0.68427 -7.44731e-05 | 50 -0.56830  1.39311e-09 | 51 -0.29923  5.22117e-07
 52 -0.13494  6.66831e-03 | 53 -0.13393 -6.50657e-03 | 54 -0.15514 -1.84193e-01
 55 -0.13147  8.58853e-02 |

 - final statistics:
55 variables; iteration 266; function evaluation 369
Function value 1.9421e+02; maximum gradient component mag -2.5342e-05
Exit code = 1;  converg criter 1.0000e-04
Var    Value     Gradient |Var    Value     Gradient |Var    Value     Gradient
  1  0.15394 -3.39237e-06 |  2 -0.14640 -1.54416e-08 |  3 -0.01541 -3.54336e-07
  4 -0.05681 -1.44651e-07 |  5 -0.01124 -1.21923e-07 |  6 -0.06713  1.54624e-08
  7 -0.11296 -1.42264e-07 |  8 -0.07240 -6.95772e-08 |  9 -0.06713  3.22437e-08
 10  0.02265 -3.93673e-08 | 11  0.00129 -3.61526e-08 | 12  0.03830  8.31825e-08
 13  0.00044 -3.73006e-07 | 14 -0.00644  2.85728e-08 | 15  0.05380 -3.43953e-07
 16  0.00060 -2.76127e-07 | 17 -0.05809  1.65342e-08 | 18  0.00118 -2.10811e-07
 19  0.00468 -1.82583e-08 | 20  0.05730 -5.70995e-08 | 21  0.06390 -9.22316e-08
 22 -0.02628  1.20705e-07 | 23 -0.02284 -2.45371e-07 | 24 -0.10363  1.57857e-07
 25  0.00869  1.74933e-07 | 26 -0.02009  1.83767e-07 | 27 -0.00871  5.43913e-09
 28  0.04728  8.84285e-07 | 29 -0.00495 -1.64792e-08 | 30  0.07303 -1.35001e-07
 31 -0.00139 -4.12899e-07 | 32  0.07384  5.07271e-07 | 33  0.03562 -7.24052e-08
 34  0.05881  1.29234e-07 | 35  0.00960  1.80465e-07 | 36 -0.02544  1.65549e-07
 37  0.02081  2.10361e-07 | 38  0.02487 -1.35653e-07 | 39  0.22803 -3.04767e-06
 40  0.23180  4.17506e-06 | 41  0.22522 -7.52399e-06 | 42 -0.59741 -1.27282e-09
 43 -0.24369 -1.88685e-09 | 44 -0.03736 -2.81783e-09 | 45 -0.72429 -1.92476e-08
 46 -0.69931 -4.62734e-06 | 47 -0.71586  4.95300e-06 | 48 -0.78418 -1.30372e-06
 49 -0.68427  8.59236e-07 | 50 -0.56828 -4.92099e-09 | 51 -0.29928 -2.77602e-09
 52 -0.13494 -2.53423e-05 | 53 -0.13394  2.47537e-05 | 54 -0.15433  3.72724e-06
 55 -0.12975 -1.74895e-06 |
Estimating row 1 out of 55 for hessian
Estimating row 2 out of 55 for hessian
Estimating row 3 out of 55 for hessian
Estimating row 4 out of 55 for hessian
Estimating row 5 out of 55 for hessian
Estimating row 6 out of 55 for hessian
Estimating row 7 out of 55 for hessian
Estimating row 8 out of 55 for hessian
Estimating row 9 out of 55 for hessian
Estimating row 10 out of 55 for hessian
Estimating row 11 out of 55 for hessian
Estimating row 12 out of 55 for hessian
Estimating row 13 out of 55 for hessian
Estimating row 14 out of 55 for hessian
Estimating row 15 out of 55 for hessian
Estimating row 16 out of 55 for hessian
Estimating row 17 out of 55 for hessian
Estimating row 18 out of 55 for hessian
Estimating row 19 out of 55 for hessian
Estimating row 20 out of 55 for hessian
Estimating row 21 out of 55 for hessian
Estimating row 22 out of 55 for hessian
Estimating row 23 out of 55 for hessian
Estimating row 24 out of 55 for hessian
Estimating row 25 out of 55 for hessian
Estimating row 26 out of 55 for hessian
Estimating row 27 out of 55 for hessian
Estimating row 28 out of 55 for hessian
Estimating row 29 out of 55 for hessian
Estimating row 30 out of 55 for hessian
Estimating row 31 out of 55 for hessian
Estimating row 32 out of 55 for hessian
Estimating row 33 out of 55 for hessian
Estimating row 34 out of 55 for hessian
Estimating row 35 out of 55 for hessian
Estimating row 36 out of 55 for hessian
Estimating row 37 out of 55 for hessian
Estimating row 38 out of 55 for hessian
Estimating row 39 out of 55 for hessian
Estimating row 40 out of 55 for hessian
Estimating row 41 out of 55 for hessian
Estimating row 42 out of 55 for hessian
Estimating row 43 out of 55 for hessian
Estimating row 44 out of 55 for hessian
Estimating row 45 out of 55 for hessian
Estimating row 46 out of 55 for hessian
Estimating row 47 out of 55 for hessian
Estimating row 48 out of 55 for hessian
Estimating row 49 out of 55 for hessian
Estimating row 50 out of 55 for hessian
Estimating row 51 out of 55 for hessian
Estimating row 52 out of 55 for hessian
Estimating row 53 out of 55 for hessian
Estimating row 54 out of 55 for hessian
Estimating row 55 out of 55 for hessian
size of file gradfil1.tmp = 0
size of file gradfil2.tmp = 0
size of file varssave.tmp = 0
size of file cmpdiff.tmp = 0
