
Initial statistics: 3 variables; iteration 0; function evaluation 0; phase 1
Function value 4.5428842e+03; maximum gradient component mag 3.2807e+04
Var    Value     Gradient |Var    Value     Gradient |Var    Value     Gradient
  1  0.04247 -1.01056e+03 |  2  0.39650  3.28073e+04 |  3  0.21635  1.42769e+04

 - final statistics:
3 variables; iteration 10; function evaluation 20
Function value 5.3855e+02; maximum gradient component mag 1.2361e+00
Exit code = 1;  converg criter 1.0000e+01
Var    Value     Gradient |Var    Value     Gradient |Var    Value     Gradient
  1  0.26947 -8.46042e-01 |  2  0.19970  1.23609e+00 |  3  0.18798 -6.27229e-01

Initial statistics: 53 variables; iteration 0; function evaluation 0; phase 2
Function value 5.3854972e+02; maximum gradient component mag 2.4693e+03
Var    Value     Gradient |Var    Value     Gradient |Var    Value     Gradient
  1  0.26947 -8.46042e-01 |  2  0.19970  1.23609e+00 |  3  0.00000  2.38645e+01
  4  0.00000 -1.21691e+02 |  5  0.00000  3.53986e+01 |  6  0.00000 -7.74968e+01
  7  0.00000 -3.74473e+01 |  8  0.00000  4.40345e+01 |  9  0.00000 -9.58878e-01
 10  0.00000  5.18306e+00 | 11  0.00000 -7.71017e+01 | 12  0.00000  9.68692e+00
 13  0.00000 -5.46954e+01 | 14  0.00000 -1.63933e+01 | 15  0.00000 -1.51678e+01
 16  0.00000 -9.06186e+01 | 17  0.00000  9.02952e-01 | 18  0.00000  9.12930e+01
 19  0.00000  1.01282e+01 | 20  0.00000  3.93881e+01 | 21  0.00000 -1.47685e+02
 22  0.00000 -1.66680e+02 | 23  0.00000  3.77910e+01 | 24  0.00000  1.68969e+01
 25  0.00000  2.21283e+02 | 26  0.00000 -3.16443e+01 | 27  0.00000 -1.58450e+01
 28  0.00000  5.00145e+01 | 29  0.00000 -1.24040e+02 | 30  0.00000  5.92946e+01
 31  0.00000 -1.01111e+02 | 32  0.00000  1.22059e+02 | 33  0.00000  4.50856e+00
 34  0.00000 -1.73674e+01 | 35  0.00000 -1.78107e+02 | 36  0.00000 -1.56618e+01
 37  0.00000  8.55868e+01 | 38  0.00000  7.97888e+01 | 39  0.00000  2.12684e+02
 40  0.21635  1.11998e+01 | 41  0.21635  2.46930e+03 | 42  0.21635 -7.18472e+02
 43  0.18798 -6.27229e-01 | 44 -1.00000 -1.08293e-07 | 45  0.00000  2.67401e-05
 46  0.00000  1.78377e-01 | 47 -0.53989  3.76070e+00 | 48 -1.00000 -1.08293e-07
 49 -0.53989  1.37565e+01 | 50 -1.00000 -1.08293e-07 | 51 -0.53989  4.18699e+00
 52 -0.32288  5.97588e-01 | 53  0.21635  1.95358e-02 |

Intermediate statistics: 53 variables; iteration 20; function evaluation 40; phase 2
Function value 2.6580037e+02; maximum gradient component mag -2.8943e+03
Var    Value     Gradient |Var    Value     Gradient |Var    Value     Gradient
  1  1.48532  3.72494e+01 |  2  0.25586  3.17366e+02 |  3 -0.07706 -2.19021e+01
  4  0.36157  9.01841e+01 |  5  0.24974  5.78960e+01 |  6  0.23641  4.24564e+01
  7  0.13952  6.54778e+01 |  8 -0.01101 -3.47884e+00 |  9 -0.03245 -3.27408e+01
 10  0.07980  7.65040e+01 | 11  0.16234  8.79576e+01 | 12  0.09693  8.33812e+01
 13  0.05916  2.43767e+01 | 14  0.04451  6.24418e+01 | 15  0.05411  5.89058e+01
 16  0.05881  3.68374e+01 | 17  0.01033  7.00359e+01 | 18 -0.06894  3.36711e+01
 19 -0.03252  3.97123e+01 | 20 -0.02047  8.59278e+01 | 21 -0.04416 -1.76527e+02
 22 -0.03686 -1.82723e+02 | 23  0.00755  1.19939e+02 | 24  0.00634  6.30279e+01
 25 -0.00686  2.59521e+02 | 26  0.00857  7.51813e+01 | 27  0.02628  7.46051e+01
 28 -0.02232  5.66065e+01 | 29 -0.02746 -5.88580e+01 | 30 -0.03090  9.36734e+01
 31 -0.01138 -1.88836e+01 | 32 -0.13276 -1.45896e+02 | 33 -0.01630  5.29572e+01
 34  0.01067  1.51707e+02 | 35  0.07918  2.87975e+02 | 36 -0.03044 -9.07795e-01
 37 -0.06852  4.21380e+01 | 38 -0.08132  4.32792e+01 | 39 -0.12784  6.58357e+01
 40  0.17271 -2.89426e+03 | 41  0.18981  2.11759e+03 | 42  0.20421  4.45184e+02
 43  0.17675  9.15721e+02 | 44 -1.19914  9.29242e-03 | 45 -0.00000  3.03254e-04
 46 -0.00965 -2.04854e-05 | 47 -0.74542 -6.35089e-03 | 48 -1.37304  3.10075e+02
 49 -0.61091  3.01589e+02 | 50 -1.19054 -4.07691e+01 | 51 -0.68943 -2.47157e+01
 52 -0.40728  6.81103e+01 | 53  0.16208  7.21439e+00 |
53 variables; iteration 40; function evaluation 62; phase 2
Function value 2.2132159e+02; maximum gradient component mag -2.8415e+03
Var    Value     Gradient |Var    Value     Gradient |Var    Value     Gradient
  1  1.30852  1.00277e+01 |  2  0.26071 -1.12561e+03 |  3 -0.06511 -1.96808e+01
  4  0.34788  1.06749e+02 |  5  0.18912  1.49428e+01 |  6  0.19155  4.35174e+01
  7  0.08643  6.85243e+01 |  8 -0.06750 -3.92449e+00 |  9 -0.06776 -4.20175e+00
 10  0.03760  8.21384e+01 | 11  0.12614  1.07674e+02 | 12  0.03519  3.96038e+01
 13  0.06823  6.98482e+01 | 14  0.06663  7.77990e+01 | 15  0.11453  1.18284e+02
 16  0.11263  1.15707e+02 | 17  0.01353  5.93301e+01 | 18 -0.07443  2.64971e+01
 19 -0.02580  3.43812e+01 | 20 -0.05134  1.37585e+01 | 21  0.01282 -9.45256e+01
 22  0.01674 -1.00101e+02 | 23  0.00208  9.18942e+01 | 24  0.00176  2.50895e+01
 25 -0.03010  1.92421e+02 | 26 -0.00402  6.85627e+01 | 27  0.01666  6.63175e+01
 28 -0.02642  2.10974e+01 | 29  0.00423 -1.44262e+01 | 30 -0.03742  3.27606e+01
 31  0.02347  1.31015e+01 | 32 -0.11825 -1.59547e+02 | 33 -0.01396  1.98697e+01
 34  0.02014  1.08939e+02 | 35  0.09557  2.53438e+02 | 36 -0.01707 -1.65925e+01
 37 -0.06899  8.21782e-01 | 38 -0.07084  2.43075e+01 | 39 -0.14396  8.89222e+00
 40  0.16739 -2.84148e+03 | 41  0.17554  5.71502e+02 | 42  0.19868  2.88946e+02
 43  0.16283 -1.49326e+02 | 44 -1.60088 -3.25470e+01 | 45 -0.29221  2.00419e+00
 46 -0.61530  3.56892e-01 | 47 -1.60319 -1.05862e+01 | 48 -1.34292  3.25876e+02
 49 -0.64481  3.15226e+02 | 50 -1.06548  2.87964e+02 | 51 -0.86732  1.41699e+02
 52 -0.32762  1.84254e+02 | 53 -1.17223 -5.10958e+00 |
53 variables; iteration 60; function evaluation 93; phase 2
Function value 1.2913202e+02; maximum gradient component mag -6.2967e+02
Var    Value     Gradient |Var    Value     Gradient |Var    Value     Gradient
  1  1.12425  5.46318e-01 |  2  0.26483 -4.19947e+02 |  3 -0.05856 -5.10125e+00
  4  0.05852  1.22944e+01 |  5  0.00520  1.29063e+00 |  6  0.07303 -6.31152e+00
  7  0.06497  3.27360e+01 |  8 -0.02659 -5.75626e+00 |  9 -0.00688  3.05298e+00
 10  0.02285  9.99238e+00 | 11  0.07805  1.15793e+01 | 12  0.01966  1.69226e+01
 13  0.01842 -6.29179e+00 | 14  0.00568  1.09961e+01 | 15  0.01099 -1.99895e+00
 16  0.04356  6.58042e+00 | 17 -0.01823  2.23439e+00 | 18 -0.06898 -5.91268e+00
 19  0.01174  3.08213e+01 | 20 -0.02897  2.57154e+00 | 21  0.08747  1.15230e+01
 22  0.08855  1.39523e+00 | 23 -0.00681  1.47610e+01 | 24  0.00344 -6.19912e+00
 25 -0.11231 -1.76309e+01 | 26 -0.01250  7.41481e+00 | 27  0.00509  1.17809e+00
 28 -0.01004  6.28963e+00 | 29  0.02279 -2.38716e+01 | 30 -0.03761 -1.48224e+01
 31  0.03793 -5.09404e+00 | 32 -0.04547 -2.59147e+01 | 33 -0.00252 -1.77984e+01
 34 -0.00212 -1.91966e+01 | 35  0.05767  1.85508e+01 | 36  0.00519 -3.11426e+00
 37 -0.04193  1.20558e+01 | 38 -0.05644 -1.36703e+01 | 39 -0.10687 -2.73361e+01
 40  0.17264 -6.29671e+02 | 41  0.16574 -1.38359e+02 | 42  0.19056  2.63771e+01
 43  0.15698 -1.54794e+02 | 44 -1.58394 -2.26902e+01 | 45 -2.10858 -1.40260e+00
 46 -1.59444 -4.97390e-02 | 47 -1.43207 -1.57090e+00 | 48 -1.16612 -4.79788e+02
 49 -0.84308 -5.08259e+02 | 50 -1.06004  1.41089e+02 | 51 -0.90147  8.58210e+01
 52 -0.39491  1.27561e+01 | 53 -0.09200  1.55583e+00 |
Maximum number of function evaluations exceeded

 - final statistics:
53 variables; iteration 66; function evaluation 100
Function value 1.2356e+02; maximum gradient component mag 1.2189e+02
Exit code = 3;  converg criter 1.0000e+01
Var    Value     Gradient |Var    Value     Gradient |Var    Value     Gradient
  1  1.05702 -1.95210e-01 |  2  0.24022  1.21892e+02 |  3 -0.05016 -4.17479e-01
  4  0.04495  9.85749e-02 |  5 -0.00354  9.18689e-01 |  6  0.06691  1.05280e+00
  7  0.04115  3.26162e-01 |  8 -0.02644 -9.29062e-01 |  9 -0.00656 -6.93643e-01
 10  0.01528 -2.72757e-01 | 11  0.06870  5.55146e-02 | 12  0.01173  8.91107e-01
 13  0.02689  1.49453e-01 | 14  0.00359  1.33914e+00 | 15  0.01662  1.31309e+00
 16  0.04149  2.20939e-01 | 17 -0.01674  2.31624e+00 | 18 -0.06487  4.10785e-01
 19 -0.00341  1.13974e+00 | 20 -0.03154  2.36649e+00 | 21  0.08083  2.95783e+00
 22  0.08500  1.37741e+00 | 23 -0.01541  4.63242e-01 | 24  0.00580  1.59214e+00
 25 -0.09862  1.32426e+00 | 26 -0.01181  6.12671e-01 | 27  0.00545  3.58406e-02
 28 -0.01410  1.25951e+00 | 29  0.03260  3.31276e+00 | 30 -0.03042  5.06031e-01
 31  0.03876  4.85305e+00 | 32 -0.03625  2.68236e+00 | 33  0.00517  1.87311e+00
 34  0.00564  2.33177e+00 | 35  0.05149  4.15126e+00 | 36  0.00462  2.21024e+00
 37 -0.04772  1.11252e+00 | 38 -0.05006 -1.99836e-01 | 39 -0.08579  1.12052e+00
 40  0.18865  7.96639e+01 | 41  0.17953  4.68544e+01 | 42  0.20446  3.51151e+01
 43  0.16981  1.14502e+00 | 44 -1.54684 -2.64804e-01 | 45 -1.45757 -2.48505e-02
 46 -1.65998 -7.37061e-05 | 47 -1.25798 -4.06841e-02 | 48 -1.15176  5.32180e+00
 49 -0.85325  5.46836e+00 | 50 -1.08600  1.03826e+02 | 51 -0.86388  6.45009e+01
 52 -0.40286 -1.13429e+00 | 53  0.06262 -1.28415e-01 |

Initial statistics: 55 variables; iteration 0; function evaluation 0; phase 3
Function value 1.2355550e+02; maximum gradient component mag -7.0124e+02
Var    Value     Gradient |Var    Value     Gradient |Var    Value     Gradient
  1  0.94298  3.93563e-01 |  2  0.24022  1.34798e+02 |  3 -0.05016 -1.59819e+00
  4  0.04495  1.38302e+00 |  5 -0.00354  4.88045e-01 |  6  0.06691  1.81355e+00
  7  0.04111 -8.41910e-01 |  8 -0.02647 -1.46934e+00 |  9 -0.00659 -1.19961e+00
 10  0.01525 -1.34331e+00 | 11  0.06866 -1.44246e+00 | 12  0.01170 -1.06536e+00
 13  0.02686 -1.18388e+00 | 14  0.00355  2.73873e-01 | 15  0.01658  9.87583e-01
 16  0.04145 -1.41517e+00 | 17 -0.01677  5.08498e-01 | 18 -0.06491 -1.08852e+00
 19 -0.00345 -1.16371e+00 | 20 -0.03158  1.16479e+00 | 21  0.08079  1.15607e+00
 22  0.08496 -2.95808e-01 | 23 -0.01545 -5.20413e-01 | 24  0.00576  1.01285e+00
 25 -0.09865  7.76007e-01 | 26 -0.01185 -1.41813e+00 | 27  0.00541 -1.28184e+00
 28 -0.01414 -2.45767e+00 | 29  0.03257  3.26049e+00 | 30 -0.03046 -1.35218e+00
 31  0.03872  3.16846e+00 | 32 -0.03628  4.56840e+00 | 33  0.00513 -4.95542e-01
 34  0.00560  1.42987e+00 | 35  0.05145  2.50134e+00 | 36  0.00458  1.61075e+00
 37 -0.04776 -1.68053e+00 | 38 -0.05010 -2.37871e+00 | 39 -0.08583  1.65258e+00
 40  0.18865  1.09104e+02 | 41  0.17953  4.41312e+01 | 42  0.20446  3.07997e+01
 43  0.16981 -2.68265e+00 | 44 -0.45316  3.16864e-01 | 45 -0.54243  3.05419e-02
 46 -0.34002 -1.85473e-03 | 47 -0.74202 -6.95274e-03 | 48 -0.84824 -1.75402e+01
 49 -0.85325  1.81181e+01 | 50 -0.91400 -8.97981e+01 | 51 -0.86388  5.65704e+01
 52 -0.40286 -1.84655e+00 | 53  0.06262 -2.09706e-01 | 54 -0.17585 -7.01243e+02
 55 -0.12819 -3.71760e+02 |

Intermediate statistics: 55 variables; iteration 20; function evaluation 40; phase 3
Function value 1.0530359e+02; maximum gradient component mag -9.6684e+02
Var    Value     Gradient |Var    Value     Gradient |Var    Value     Gradient
  1  0.84019  6.19092e+00 |  2  0.19415 -9.15006e+02 |  3 -0.03469  3.53164e+00
  4  0.04630  2.05892e+00 |  5 -0.00333  4.80812e+00 |  6  0.05528 -4.89371e+00
  7  0.02581  1.38555e+01 |  8 -0.03640  1.43899e+01 |  9 -0.00162  1.90235e+01
 10  0.03283  2.59942e+01 | 11  0.10304  2.96607e+01 | 12  0.05017  3.21535e+01
 13  0.05514  2.27301e+01 | 14  0.00985  1.24011e+01 | 15  0.01897  1.88170e+01
 16  0.05012  2.83547e+00 | 17 -0.00868  8.16577e+00 | 18 -0.07257  1.21225e+01
 19 -0.02524  1.09323e+01 | 20 -0.04135 -2.58969e+00 | 21  0.05714  6.45439e+00
 22  0.06466  1.27369e+00 | 23 -0.03024  1.89592e-01 | 24 -0.01485  9.37246e+00
 25 -0.11565  1.63646e+01 | 26 -0.02483 -2.79626e+00 | 27 -0.01909  1.15095e+01
 28 -0.03082  1.18074e+01 | 29  0.03171  1.83627e+01 | 30 -0.02957 -3.08492e+00
 31  0.04838 -1.18806e+01 | 32 -0.04400 -2.98242e+01 | 33  0.02461 -2.64066e+00
 34  0.01873 -1.12373e+01 | 35  0.05932 -9.06707e-01 | 36  0.00463 -2.52000e+01
 37 -0.04348 -7.43278e+00 | 38 -0.04727 -2.58718e+01 | 39 -0.06466  7.63691e+00
 40  0.21183 -9.66839e+02 | 41  0.22010  1.34697e+02 | 42  0.23137 -3.92852e+02
 43  0.18936 -3.97971e+02 | 44 -0.45338  1.49675e-02 | 45 -0.54228 -1.69821e-03
 46 -0.33993 -1.85637e-03 | 47 -0.74166 -7.05085e-03 | 48 -0.92151  7.15163e+01
 49 -0.92614 -7.60663e+01 | 50 -0.96589 -4.60378e+01 | 51 -0.95157  3.23383e+01
 52 -0.40678  1.99760e+01 | 53  0.06011  2.36143e+00 | 54 -0.13917 -9.51282e+01
 55 -0.12268 -2.30864e+02 |
55 variables; iteration 40; function evaluation 67; phase 3
Function value 9.9823581e+01; maximum gradient component mag -6.1503e+02
Var    Value     Gradient |Var    Value     Gradient |Var    Value     Gradient
  1  0.46918  6.66214e-01 |  2  0.17984 -6.15032e+02 |  3 -0.00351  1.51398e+01
  4  0.07305  2.87135e+01 |  5 -0.00496 -1.20115e+01 |  6  0.05620 -3.63398e+00
  7  0.02862  1.24301e+01 |  8 -0.03313  9.44941e+00 |  9 -0.00325  1.16851e+01
 10  0.02269  1.44475e+01 | 11  0.09678  2.89015e+01 | 12  0.03549  1.00342e+01
 13  0.04901  8.23872e+00 | 14  0.00883  1.20386e+01 | 15  0.00791  2.85904e+00
 16  0.05994  1.60990e+01 | 17  0.00316  2.13859e+01 | 18 -0.08191 -1.27572e+01
 19 -0.03027 -1.37516e+01 | 20 -0.03798  1.67285e+00 | 21  0.04572 -2.66668e+01
 22  0.05544 -1.90418e+01 | 23 -0.03707 -4.82515e+00 | 24 -0.02151 -9.14336e+00
 25 -0.10883  2.33881e+01 | 26 -0.02491 -7.95417e+00 | 27 -0.02849 -4.17716e+00
 28 -0.03391 -1.02069e+01 | 29  0.03647  1.52957e+01 | 30 -0.02784 -6.66785e+00
 31  0.03956 -4.38144e+01 | 32 -0.03274  8.52449e+00 | 33  0.03362  1.55744e+01
 34  0.03051  2.24274e+01 | 35  0.06331  2.79487e+01 | 36  0.01120 -1.35813e+01
 37 -0.03972 -1.63153e+01 | 38 -0.04080 -4.31848e+01 | 39 -0.04434  3.34427e+01
 40  0.22135 -5.48706e+02 | 41  0.22793 -6.58793e+01 | 42  0.24203 -2.87784e+02
 43  0.19750 -1.80915e+02 | 44 -0.44950 -4.13235e-02 | 45 -0.53977 -7.56289e-03
 46 -0.33873 -1.84289e-03 | 47 -0.73713 -6.65457e-03 | 48 -0.91922  4.16828e+02
 49 -0.92530 -4.50879e+02 | 50 -0.94248 -2.45621e+02 | 51 -0.91882  1.73869e+02
 52 -0.40738  1.05287e+01 | 53  0.03059  1.28919e+00 | 54 -0.13410 -1.48618e+02
 55 -0.11492 -1.03591e+02 |
Maximum number of function evaluations exceeded

 - final statistics:
55 variables; iteration 60; function evaluation 100
Function value 9.0983e+01; maximum gradient component mag 3.3809e+02
Exit code = 3;  converg criter 1.0000e+00
Var    Value     Gradient |Var    Value     Gradient |Var    Value     Gradient
  1  0.34645  4.76255e-01 |  2  0.16410  3.17750e+02 |  3 -0.08955 -5.77326e+00
  4  0.03189  9.36032e+00 |  5 -0.01864  1.32676e+00 |  6  0.03713 -4.42359e+00
  7  0.00527 -2.57411e+00 |  8 -0.05610 -1.35281e+01 |  9 -0.01652 -3.87791e+00
 10  0.00678 -9.49844e-01 | 11  0.08127  5.37564e-01 | 12  0.03478 -6.11050e+00
 13  0.05471 -1.05583e+01 | 14  0.00945 -4.10783e+00 | 15  0.01216 -3.03048e+00
 16  0.06478  1.70368e+00 | 17  0.00482 -8.21774e+00 | 18 -0.06576 -7.62332e+00
 19 -0.02141 -1.35731e+01 | 20 -0.03891 -1.93180e+00 | 21  0.05189 -1.42391e+01
 22  0.05714 -1.24094e+01 | 23 -0.04137 -6.77126e+00 | 24 -0.02101 -1.72136e+01
 25 -0.11224 -1.26589e+00 | 26 -0.01881 -7.06631e+00 | 27 -0.02064 -5.04969e+00
 28 -0.02495 -1.25762e+01 | 29  0.03601 -1.01802e+01 | 30 -0.02422 -1.12237e+01
 31  0.04820 -5.77317e+00 | 32 -0.03807 -3.82259e+00 | 33  0.03378  8.41680e+00
 34  0.02908  1.12086e+01 | 35  0.05254 -5.35141e+00 | 36  0.01870  6.42755e+00
 37 -0.02890  1.52239e+01 | 38 -0.02299  5.40589e+01 | 39 -0.05167  1.76625e+01
 40  0.23329  1.48778e+02 | 41  0.24046 -1.32692e+02 | 42  0.25887  1.80441e+01
 43  0.20766  5.44799e+01 | 44 -0.75423 -7.72628e-03 | 45 -0.55238 -3.70735e-03
 46 -0.32770 -1.64897e-03 | 47 -0.70569 -8.23435e-04 | 48 -0.88739  8.58702e+01
 49 -0.89743 -9.43542e+01 | 50 -0.95658  3.38086e+02 | 51 -0.94511 -2.67454e+02
 52 -0.43504 -1.91460e+00 | 53  0.06112 -2.82133e-01 | 54 -0.11407 -6.28129e+01
 55 -0.09285  1.06298e+01 |

Initial statistics: 57 variables; iteration 0; function evaluation 0; phase 4
Function value 9.0981089e+01; maximum gradient component mag 3.3809e+02
Var    Value     Gradient |Var    Value     Gradient |Var    Value     Gradient
  1  0.34645  4.76255e-01 |  2  0.16410  3.17750e+02 |  3 -0.08955 -5.77326e+00
  4  0.03189  9.36032e+00 |  5 -0.01864  1.32676e+00 |  6  0.03713 -4.42359e+00
  7  0.00533 -3.31280e-01 |  8 -0.05604 -1.12940e+01 |  9 -0.01646 -1.63577e+00
 10  0.00684  1.29293e+00 | 11  0.08133  2.76218e+00 | 12  0.03484 -3.87092e+00
 13  0.05477 -8.32360e+00 | 14  0.00951 -1.86517e+00 | 15  0.01222 -7.87991e-01
 16  0.06484  3.93494e+00 | 17  0.00488 -5.97490e+00 | 18 -0.06570 -5.39243e+00
 19 -0.02135 -1.13315e+01 | 20 -0.03885  3.06917e-01 | 21  0.05195 -1.20036e+01
 22  0.05720 -1.01755e+01 | 23 -0.04131 -4.53312e+00 | 24 -0.02095 -1.49720e+01
 25 -0.11218  9.42260e-01 | 26 -0.01875 -4.82440e+00 | 27 -0.02058 -2.80798e+00
 28 -0.02489 -1.03351e+01 | 29  0.03607 -7.94084e+00 | 30 -0.02416 -8.98241e+00
 31  0.04826 -3.53667e+00 | 32 -0.03801 -1.58370e+00 | 33  0.03384  1.06565e+01
 34  0.02914  1.34491e+01 | 35  0.05260 -3.11611e+00 | 36  0.01876  8.66946e+00
 37 -0.02884  1.74645e+01 | 38 -0.02293  5.63005e+01 | 39 -0.05161  1.98982e+01
 40  0.23329  1.48778e+02 | 41  0.24046 -1.32692e+02 | 42  0.25887  1.80441e+01
 43  0.20766  5.44799e+01 | 44 -0.75423 -7.72628e-03 | 45 -0.55238 -3.70735e-03
 46 -0.32770 -1.64897e-03 | 47 -0.70569 -8.23435e-04 | 48 -0.88739  8.58702e+01
 49 -0.89743 -9.43542e+01 | 50 -0.95658  3.38086e+02 | 51 -0.94511 -2.67454e+02
 52 -0.43504 -1.91460e+00 | 53  0.06112 -2.82133e-01 | 54 -0.11407 -6.28129e+01
 55 -0.09285  1.06298e+01 | 56 -0.05795  1.21646e+02 | 57 -0.17585 -1.78936e+02

Intermediate statistics: 57 variables; iteration 20; function evaluation 27; phase 4
Function value 8.8124035e+01; maximum gradient component mag -2.6309e+02
Var    Value     Gradient |Var    Value     Gradient |Var    Value     Gradient
  1  0.31668 -1.73032e+00 |  2  0.16295  7.36442e+01 |  3 -0.07565 -5.98119e-01
  4  0.02974  2.72453e+00 |  5 -0.01932  7.06380e-01 |  6  0.03579 -3.43388e+00
  7 -0.00046 -1.98303e-01 |  8 -0.05849 -4.41470e+00 |  9 -0.02143  1.56395e+00
 10 -0.00123  3.05279e+00 | 11  0.07541  3.89953e+00 | 12  0.03444  1.62402e+00
 13  0.05760 -9.09083e-02 | 14  0.00990  6.28193e-01 | 15  0.01089  1.01443e+00
 16  0.06399  1.21175e+00 | 17  0.00659 -3.85151e+00 | 18 -0.06470 -3.10996e+00
 19 -0.02090 -7.25527e+00 | 20 -0.03688  6.14922e+00 | 21  0.05162 -8.25914e+00
 22  0.05721 -4.39836e+00 | 23 -0.04191 -1.76993e+00 | 24 -0.02114 -1.08358e+01
 25 -0.11459 -1.80632e+00 | 26 -0.01585  4.18645e+00 | 27 -0.02061 -1.80566e+00
 28 -0.02398 -3.14037e+00 | 29  0.03865  3.95974e+00 | 30 -0.02008 -5.82882e+00
 31  0.05067 -9.87919e+00 | 32 -0.03589 -3.23169e+00 | 33  0.03700  5.44065e+00
 34  0.02978  1.58628e+00 | 35  0.05343 -1.18854e+01 | 36  0.02095  7.76049e+00
 37 -0.02733  1.63987e+01 | 38 -0.02083  5.89433e+01 | 39 -0.05072  1.61432e+01
 40  0.23346  9.02377e+01 | 41  0.23996 -2.63094e+02 | 42  0.25941  4.38404e+01
 43  0.20658 -8.51603e+01 | 44 -0.75409 -7.72120e-03 | 45 -0.55231 -3.70652e-03
 46 -0.32767 -1.64643e-03 | 47 -0.70567 -7.26523e-04 | 48 -0.89832 -1.34917e+02
 49 -0.90680  1.47196e+02 | 50 -0.98341 -2.16259e+02 | 51 -0.97860  1.67412e+02
 52 -0.42907 -1.49706e+00 | 53  0.06194 -2.10735e-01 | 54 -0.12723  2.80257e+01
 55 -0.09438 -5.24871e+01 | 56 -0.06873  7.39279e+01 | 57 -0.15800 -4.43641e+01
57 variables; iteration 40; function evaluation 49; phase 4
Function value 8.7240050e+01; maximum gradient component mag -2.6357e+02
Var    Value     Gradient |Var    Value     Gradient |Var    Value     Gradient
  1  0.32763  1.86435e+00 |  2  0.16216 -4.86746e+00 |  3 -0.07917 -1.57659e+00
  4  0.02677  1.31944e+00 |  5 -0.02302 -1.67311e+00 |  6  0.03243 -4.18020e+00
  7 -0.00757 -5.32477e+00 |  8 -0.06181 -2.14888e+00 |  9 -0.02321  5.81785e+00
 10 -0.00904  4.31206e-01 | 11  0.06579 -4.38501e+00 | 12  0.03137  1.50710e+00
 13  0.05617 -5.53597e+00 | 14  0.00748 -6.11493e+00 | 15  0.00758 -1.92735e+00
 16  0.06492 -1.51003e+00 | 17  0.01042  1.53593e+00 | 18 -0.06235  4.98544e-01
 19 -0.02171 -9.76136e+00 | 20 -0.03357  1.22388e+01 | 21  0.05285 -6.39488e+00
 22  0.05867 -3.57993e+00 | 23 -0.04056 -1.05269e+00 | 24 -0.01877 -4.54281e+00
 25 -0.11514 -2.95430e+00 | 26 -0.01391  7.95082e+00 | 27 -0.01849  1.02020e+00
 28 -0.02453 -8.02896e+00 | 29  0.04023  6.11994e+00 | 30 -0.01965 -1.07945e+01
 31  0.05261 -1.18837e+01 | 32 -0.03272  4.31820e+00 | 33  0.03710 -6.04561e+00
 34  0.03170 -6.21327e-01 | 35  0.05643 -7.14057e+00 | 36  0.02340  7.97901e+00
 37 -0.02336  2.02358e+01 | 38 -0.01984  4.68482e+01 | 39 -0.05009  9.80937e+00
 40  0.23375 -2.07207e+01 | 41  0.24077 -2.63570e+02 | 42  0.25948  5.27502e+01
 43  0.20698 -2.85793e+01 | 44 -0.75050 -7.59844e-03 | 45 -0.55059 -3.68640e-03
 46 -0.32690 -1.64411e-03 | 47 -0.70523 -8.39582e-04 | 48 -0.98592 -4.15430e+01
 49 -0.98715  4.52660e+01 | 50 -0.97696 -1.33673e+02 | 51 -0.97041  1.03935e+02
 52 -0.39831 -1.05621e-01 | 53  0.07129 -1.08328e-02 | 54 -0.21863  8.09850e+01
 55 -0.09103 -7.73824e+01 | 56  0.01095  4.18498e+01 | 57 -0.06025  4.39546e+01
57 variables; iteration 60; function evaluation 79; phase 4
Function value 8.6448873e+01; maximum gradient component mag 4.9303e+01
Var    Value     Gradient |Var    Value     Gradient |Var    Value     Gradient
  1  0.31858 -6.30554e-01 |  2  0.16212  4.93027e+01 |  3 -0.07432 -3.53345e-02
  4  0.02808  2.45356e-01 |  5 -0.01901  2.62628e-02 |  6  0.03983  5.43094e-01
  7  0.00375  8.31309e-01 |  8 -0.05400 -9.02622e-01 |  9 -0.02394 -2.51717e+00
 10 -0.00563 -3.87827e-01 | 11  0.07120 -6.74341e-01 | 12  0.03269 -7.80568e-01
 13  0.05888 -3.30083e-01 | 14  0.01048 -4.95345e-01 | 15  0.00996 -1.59699e+00
 16  0.06484 -7.57178e-01 | 17  0.00887 -1.08617e+00 | 18 -0.06404 -1.11060e+00
 19 -0.02095 -1.09746e+00 | 20 -0.03821 -1.03912e+00 | 21  0.05134 -2.23782e+00
 22  0.05685 -8.55101e-01 | 23 -0.04196  2.14248e-01 | 24 -0.02102 -1.31310e+00
 25 -0.11633 -4.37303e-01 | 26 -0.01691 -6.97395e-01 | 27 -0.02089 -1.17113e+00
 28 -0.02393  3.42255e-01 | 29  0.03637 -1.10787e+00 | 30 -0.01856 -1.50042e-01
 31  0.05269  2.38230e-01 | 32 -0.03552  1.86372e-02 | 33  0.03620 -8.56682e-01
 34  0.02913 -9.78860e-01 | 35  0.05662  1.12391e+00 | 36  0.02154  3.98118e-01
 37 -0.02513  3.07063e+00 | 38 -0.01951  1.24909e+01 | 39 -0.05528  4.83525e-01
 40  0.23458 -1.88287e+01 | 41  0.24198  1.45440e+00 | 42  0.25992  1.86453e+01
 43  0.20765  3.43502e+00 | 44 -0.70553 -6.30119e-03 | 45 -0.52780 -3.43207e-03
 46 -0.31672 -1.55238e-03 | 47 -0.70336  1.70911e-04 | 48 -0.98250 -1.32486e+01
 49 -0.98401  1.42830e+01 | 50 -0.97151 -7.01130e+00 | 51 -0.96354  5.37196e+00
 52 -0.39023  1.87451e-01 | 53  0.13696  1.83713e-02 | 54 -0.18783 -1.85100e+00
 55 -0.10195  6.86340e+00 | 56 -0.04793 -1.09043e+00 | 57 -0.10047 -8.30371e-01
57 variables; iteration 80; function evaluation 124; phase 4
Function value 8.5506505e+01; maximum gradient component mag 1.2167e+02
Var    Value     Gradient |Var    Value     Gradient |Var    Value     Gradient
  1  0.30217 -5.63216e-02 |  2  0.15967  1.57514e+01 |  3 -0.08183  5.08373e-02
  4  0.02339 -1.37162e-01 |  5 -0.02324  1.55982e-01 |  6  0.03304 -4.16277e-02
  7 -0.00684 -4.71493e-01 |  8 -0.06135 -2.58452e-01 |  9 -0.02805  2.24135e-01
 10 -0.01168 -4.11939e-01 | 11  0.06773 -2.44532e-01 | 12  0.03251 -9.87058e-02
 13  0.05936 -2.37621e-01 | 14  0.00983 -2.93534e-01 | 15  0.00890  2.19106e-02
 16  0.06606 -4.09642e-02 | 17  0.01086 -6.45941e-02 | 18 -0.06266 -2.93128e-01
 19 -0.01984 -7.73580e-02 | 20 -0.03644  1.81807e-02 | 21  0.05142  6.64573e-02
 22  0.05577 -2.00038e-01 | 23 -0.04282 -3.14698e-01 | 24 -0.02195 -2.85991e-02
 25 -0.11408 -3.94144e-01 | 26 -0.01510  1.23687e-01 | 27 -0.02084 -9.73229e-02
 28 -0.02269 -5.87163e-01 | 29  0.03884  3.67471e-01 | 30 -0.01667 -9.49304e-02
 31  0.05294 -9.39027e-02 | 32 -0.03415 -1.47163e-01 | 33  0.03671 -2.53875e-02
 34  0.03065  8.16573e-02 | 35  0.05638 -7.40535e-02 | 36  0.02285  4.22349e-01
 37 -0.02113  1.05877e+00 | 38 -0.01396  2.43167e+00 | 39 -0.05084  3.65273e-01
 40  0.23849  3.64984e+00 | 41  0.24351  2.64075e-02 | 42  0.26129  1.52193e+00
 43  0.20843 -5.93744e-01 | 44 -0.36977  2.35539e-01 | 45  0.06646  6.87475e-03
 46 -0.14579 -5.61253e-04 | 47 -0.70683 -9.11621e-05 | 48 -0.93847 -1.11046e+02
 49 -0.94387  1.21670e+02 | 50 -0.94958  4.49676e+00 | 51 -0.93628 -3.61882e+00
 52 -0.36373 -2.12223e-01 | 53  0.40306 -7.72993e-03 | 54 -0.13831 -3.30771e+00
 55 -0.14266  3.89996e+00 | 56 -0.16033 -1.41228e+00 | 57 -0.18474 -1.84946e+00
57 variables; iteration 100; function evaluation 144; phase 4
Function value 8.5492983e+01; maximum gradient component mag 1.1670e+01
Var    Value     Gradient |Var    Value     Gradient |Var    Value     Gradient
  1  0.29945 -1.03051e-01 |  2  0.15944  7.00248e+00 |  3 -0.08242  2.22883e-02
  4  0.02305  2.24080e-01 |  5 -0.02368 -2.74801e-02 |  6  0.03281  2.17844e-01
  7 -0.00717  1.46045e-01 |  8 -0.06196 -1.06310e-01 |  9 -0.02891 -1.83566e-01
 10 -0.01218 -8.24043e-02 | 11  0.06757 -4.32498e-02 | 12  0.03242 -2.76853e-02
 13  0.05950 -4.45608e-02 | 14  0.00982 -6.00850e-02 | 15  0.00856 -2.00491e-01
 16  0.06621 -2.50359e-02 | 17  0.01101  5.47727e-03 | 18 -0.06258 -1.08106e-01
 19 -0.01979  3.64948e-02 | 20 -0.03643 -2.84749e-01 | 21  0.05128 -3.21431e-02
 22  0.05579  9.82177e-02 | 23 -0.04272  6.82629e-02 | 24 -0.02195  2.11363e-01
 25 -0.11401 -4.24335e-02 | 26 -0.01508 -1.01871e-01 | 27 -0.02092 -2.04213e-02
 28 -0.02239  7.78727e-02 | 29  0.03886 -2.02753e-01 | 30 -0.01656 -4.15703e-02
 31  0.05304  1.26020e-01 | 32 -0.03408 -9.12495e-02 | 33  0.03673 -2.38896e-02
 34  0.03065 -1.19686e-01 | 35  0.05656  2.17850e-01 | 36  0.02299  1.63440e-02
 37 -0.02091  1.94010e-01 | 38 -0.01324  5.07355e-01 | 39 -0.05043 -2.08368e-01
 40  0.23847 -5.79901e+00 | 41  0.24372  4.74290e+00 | 42  0.26144  1.15229e-01
 43  0.20851  8.04233e-01 | 44 -0.36718 -6.84623e-03 | 45 -0.01547 -2.07969e-04
 46  0.13332  8.64287e-04 | 47 -0.71394  2.72290e-04 | 48 -0.83326 -1.33261e+00
 49 -0.84829  1.44030e+00 | 50 -0.90469  1.16704e+01 | 51 -0.87978 -9.27500e+00
 52 -0.32694  7.19610e-01 | 53 -0.28120  3.64038e-02 | 54 -0.10169 -2.61156e+00
 55 -0.15222  4.16662e+00 | 56 -0.21345 -2.57973e+00 | 57 -0.23120  7.91739e-02
57 variables; iteration 120; function evaluation 168; phase 4
Function value 8.5489525e+01; maximum gradient component mag 7.9189e+00
Var    Value     Gradient |Var    Value     Gradient |Var    Value     Gradient
  1  0.30030 -2.20566e-02 |  2  0.15951  3.03948e+00 |  3 -0.08228 -1.95069e-03
  4  0.02319  5.43244e-03 |  5 -0.02354 -2.74287e-02 |  6  0.03287  1.39353e-02
  7 -0.00706 -1.59720e-02 |  8 -0.06174 -5.42896e-02 |  9 -0.02866 -7.34142e-02
 10 -0.01196 -3.78869e-02 | 11  0.06763 -4.07723e-02 | 12  0.03241 -4.29794e-02
 13  0.05946 -2.04403e-02 | 14  0.00982 -1.86406e-02 | 15  0.00862 -6.36788e-02
 16  0.06615  8.56259e-03 | 17  0.01097 -9.94747e-03 | 18 -0.06259 -4.04049e-02
 19 -0.01980 -3.38324e-02 | 20 -0.03639 -5.68316e-03 | 21  0.05133 -2.02306e-02
 22  0.05577  1.87431e-02 | 23 -0.04280 -2.20784e-03 | 24 -0.02203 -1.67608e-02
 25 -0.11396 -2.51395e-02 | 26 -0.01507 -7.30167e-02 | 27 -0.02089 -4.64678e-02
 28 -0.02243  4.43416e-02 | 29  0.03890  5.66229e-03 | 30 -0.01658  1.91386e-02
 31  0.05299  1.19359e-02 | 32 -0.03409 -1.48900e-02 | 33  0.03673  1.01946e-02
 34  0.03065 -1.99916e-02 | 35  0.05644  1.44580e-02 | 36  0.02290  4.16654e-02
 37 -0.02097  1.20865e-01 | 38 -0.01346  3.29349e-01 | 39 -0.05059 -9.41955e-03
 40  0.23865  2.71550e+00 | 41  0.24364  1.54500e-01 | 42  0.26139  1.23637e-01
 43  0.20848  3.74531e-02 | 44 -0.36482  1.95684e-02 | 45 -0.10624  5.24277e-05
 46  0.24537  1.45416e-03 | 47 -0.71803 -1.83138e-04 | 48 -0.71592 -7.19527e+00
 49 -0.74159  7.91887e+00 | 50 -0.82374 -1.25175e+00 | 51 -0.77693  9.67938e-01
 52 -0.31116 -3.24102e-01 | 53 -0.62615 -1.46511e-02 | 54 -0.08573  1.53997e+00
 55 -0.16777 -1.80087e+00 | 56 -0.25616  6.45495e-01 | 57 -0.26238  7.78822e-01
57 variables; iteration 140; function evaluation 205; phase 4
Function value 8.5135040e+01; maximum gradient component mag 3.0632e+02
Var    Value     Gradient |Var    Value     Gradient |Var    Value     Gradient
  1  0.34101  7.31356e-01 |  2  0.16190 -9.60514e+01 |  3 -0.07818  1.59996e-02
  4  0.02666 -4.79235e-01 |  5 -0.02119 -3.84642e-01 |  6  0.03682 -3.79597e-01
  7 -0.00085  1.04402e+00 |  8 -0.05602  1.26136e+00 |  9 -0.02389  1.60925e+00
 10 -0.00689  1.31223e+00 | 11  0.07005  1.33046e+00 | 12  0.03283  1.22168e+00
 13  0.05813  7.68864e-01 | 14  0.00997  6.64922e-01 | 15  0.00982  1.19155e+00
 16  0.06479  3.81536e-01 | 17  0.00929  3.41928e-01 | 18 -0.06376  6.23921e-01
 19 -0.02053  5.90605e-01 | 20 -0.03757  3.14799e-01 | 21  0.05198  7.88581e-01
 22  0.05646  6.48658e-01 | 23 -0.04196  8.39372e-01 | 24 -0.02134  9.15794e-01
 25 -0.11469  8.28888e-01 | 26 -0.01627  5.86600e-01 | 27 -0.02068  6.51690e-01
 28 -0.02373  2.82748e-01 | 29  0.03725  7.17357e-02 | 30 -0.01827  3.68772e-01
 31  0.05261 -3.23113e-02 | 32 -0.03503  2.04124e-01 | 33  0.03638  6.02987e-01
 34  0.02992  5.74728e-01 | 35  0.05621 -9.79923e-02 | 36  0.02169 -1.19879e+00
 37 -0.02347 -4.25626e+00 | 38 -0.01813 -1.36737e+01 | 39 -0.05458 -2.55972e-01
 40  0.23716 -2.30316e+01 | 41  0.24187 -6.16155e-01 | 42  0.25965 -4.74859e+00
 43  0.20758 -1.20372e+00 | 44 -0.36521 -4.79312e-01 | 45 -0.20144 -1.46916e-02
 46 -0.47047 -2.69169e-03 | 47 -0.69362  2.35814e-03 | 48 -0.53512 -8.91782e+00
 49 -0.57807  1.09918e+01 | 50 -0.55437 -3.58126e+01 | 51 -0.43196  2.73884e+01
 52 -0.30672  6.86647e+00 | 53 -0.81919  9.63237e-02 | 54 -0.06041 -3.04790e+02
 55 -0.17373  3.06319e+02 | 56 -0.29403 -6.91447e+01 | 57 -0.29570 -2.04679e+02
57 variables; iteration 160; function evaluation 226; phase 4
Function value 8.4717593e+01; maximum gradient component mag 3.0276e+01
Var    Value     Gradient |Var    Value     Gradient |Var    Value     Gradient
  1  0.41254  1.43475e-01 |  2  0.16479 -2.57096e+01 |  3 -0.07730 -1.11150e-01
  4  0.02605  1.02698e-01 |  5 -0.02189 -3.60282e-01 |  6  0.03785 -1.44555e-01
  7  0.00189  4.45094e-01 |  8 -0.05404  4.35348e-01 |  9 -0.02298  1.08130e-01
 10 -0.00515  3.66380e-01 | 11  0.07035  2.91744e-01 | 12  0.03158  2.90784e-01
 13  0.05604 -4.02244e-02 | 14  0.00947 -2.16365e-02 | 15  0.01023  8.63618e-02
 16  0.06308 -4.22895e-01 | 17  0.00683 -3.17849e-01 | 18 -0.06565  9.33900e-02
 19 -0.02176 -1.26398e-01 | 20 -0.03845 -1.80540e-01 | 21  0.05219 -5.85233e-01
 22  0.05757 -2.27860e-01 | 23 -0.03986  3.56275e-01 | 24 -0.02064 -1.81143e-01
 25 -0.11548  4.19226e-01 | 26 -0.01767  1.52668e-01 | 27 -0.02123 -1.27731e-01
 28 -0.02506  5.90571e-02 | 29  0.03534 -5.35729e-01 | 30 -0.01950 -3.25318e-01
 31  0.05292 -6.26344e-01 | 32 -0.03507 -1.25832e-02 | 33  0.03676 -2.84780e-01
 34  0.03042 -2.18182e-01 | 35  0.05715  1.19277e-01 | 36  0.02128  5.57285e-03
 37 -0.02462  1.72385e-01 | 38 -0.01736  2.26111e-01 | 39 -0.04890  1.88777e-01
 40  0.23495 -3.02286e+01 | 41  0.23985  1.70924e+00 | 42  0.25715  2.46745e+00
 43  0.20580  7.79517e-01 | 44 -0.39674 -2.81158e+00 | 45  0.85150 -9.68504e-03
 46 -5.01166  2.54727e-02 | 47 -0.70828 -4.53394e-03 | 48 -0.44643  3.02757e+01
 49 -0.51090 -2.88593e+01 | 50 -0.47254 -2.59561e+01 | 51 -0.35508  1.96737e+01
 52 -0.32017  4.82002e+00 | 53 -1.54207 -2.16671e-01 | 54 -0.00995  8.81299e+00
 55 -0.14263 -5.34660e+00 | 56 -0.29716 -2.62508e+00 | 57 -0.32330  1.02670e+01
57 variables; iteration 180; function evaluation 249; phase 4
Function value 8.3993312e+01; maximum gradient component mag -1.3683e+02
Var    Value     Gradient |Var    Value     Gradient |Var    Value     Gradient
  1  0.47307 -1.17464e+00 |  2  0.16601  1.08965e+02 |  3 -0.07771  1.77216e-02
  4  0.02438 -1.33841e-01 |  5 -0.02334 -1.09948e-01 |  6  0.03649 -4.19635e-01
  7  0.00110 -1.49169e+00 |  8 -0.05462 -1.32109e+00 |  9 -0.02349 -1.90550e+00
 10 -0.00560 -1.62170e+00 | 11  0.06978 -1.47581e+00 | 12  0.03052 -1.85693e+00
 13  0.05513 -9.84686e-01 | 14  0.00950 -7.60407e-01 | 15  0.01092 -1.25970e+00
 16  0.06245 -2.03463e-01 | 17  0.00601 -3.78440e-01 | 18 -0.06536 -8.88244e-01
 19 -0.02085 -9.55420e-01 | 20 -0.03858  4.49552e-01 | 21  0.05369 -1.86075e-01
 22  0.05957  2.77951e-01 | 23 -0.03758 -5.84918e-01 | 24 -0.01776 -7.21180e-01
 25 -0.11406 -9.63846e-01 | 26 -0.01786 -9.04822e-01 | 27 -0.02055 -1.64202e+00
 28 -0.02461  1.19617e-01 | 29  0.03531  8.95715e-01 | 30 -0.02037 -1.86784e+00
 31  0.05256 -2.74776e+00 | 32 -0.03500 -1.04904e+00 | 33  0.03433 -3.21662e+00
 34  0.02940 -1.97030e+00 | 35  0.05823 -5.78135e-01 | 36  0.02114  2.12717e+00
 37 -0.02525  7.60825e+00 | 38 -0.01697  2.02036e+01 | 39 -0.05142 -4.09806e-01
 40  0.23258  7.32966e+01 | 41  0.23783 -4.20243e+01 | 42  0.25618  1.50203e+01
 43  0.20522  7.77952e-01 | 44 -0.39140 -3.12290e+00 | 45  0.55933 -6.38195e-02
 46 -13.59640  1.58448e-03 | 47 -0.66736  2.36521e-02 | 48 -0.43175  2.20224e+01
 49 -0.50067 -2.30512e+01 | 50 -0.34311 -7.33972e+00 | 51 -0.27205  4.11573e+00
 52 -0.43765 -2.27384e+00 | 53  0.82180 -5.28840e-02 | 54 -0.01863 -1.25382e+02
 55 -0.14068  7.29578e+01 | 56 -0.28249  2.70293e+01 | 57 -0.31415 -1.36830e+02
57 variables; iteration 200; function evaluation 269; phase 4
Function value 8.3512929e+01; maximum gradient component mag 4.2119e+01
Var    Value     Gradient |Var    Value     Gradient |Var    Value     Gradient
  1  0.44087 -3.23019e-01 |  2  0.16356  4.21190e+01 |  3 -0.07928  9.59013e-02
  4  0.02444  3.14253e-01 |  5 -0.02335  2.76127e-01 |  6  0.03535  1.98826e-01
  7 -0.00173 -6.41959e-01 |  8 -0.05697 -5.18200e-01 |  9 -0.02445 -2.38433e-01
 10 -0.00720 -6.88406e-01 | 11  0.07006 -4.69430e-01 | 12  0.03271 -5.01745e-01
 13  0.05813 -3.94207e-01 | 14  0.01053 -3.14391e-01 | 15  0.01129 -3.27768e-01
 16  0.06378 -6.84571e-02 | 17  0.00786  1.58851e-01 | 18 -0.06402 -1.05408e-01
 19 -0.02138 -6.55255e-03 | 20 -0.03864 -1.03082e-01 | 21  0.05138  3.23090e-03
 22  0.05744 -1.58893e-01 | 23 -0.03915 -5.55897e-01 | 24 -0.01900 -6.94954e-02
 25 -0.11472 -5.85645e-01 | 26 -0.01706  2.75753e-02 | 27 -0.02056  6.03546e-03
 28 -0.02523 -4.19907e-01 | 29  0.03549  2.42042e-01 | 30 -0.01915 -6.29757e-02
 31  0.05323  1.44714e-01 | 32 -0.03528 -2.62613e-01 | 33  0.03587 -1.91906e-01
 34  0.03020 -2.95299e-01 | 35  0.05829 -1.75390e-01 | 36  0.02218  4.04198e-01
 37 -0.02510  1.51680e+00 | 38 -0.01761  5.03333e+00 | 39 -0.05148  4.48455e-02
 40  0.23237  1.16449e+01 | 41  0.24085 -7.20846e-01 | 42  0.25849 -1.65430e+00
 43  0.20651 -1.34271e-01 | 44 -0.37296  1.53875e-01 | 45  0.14266  5.05973e-03
 46 -12.79616 -9.02842e-03 | 47 -0.65735  2.62047e-02 | 48 -0.48302  6.52028e+00
 49 -0.53737 -1.15887e+01 | 50 -0.31797 -4.18987e-01 | 51 -0.26501  1.66469e-01
 52 -0.48861 -5.88253e-03 | 53  2.51609  4.07656e-03 | 54  0.04542 -1.18169e+01
 55 -0.11296  8.02041e+00 | 56 -0.30630  3.83293e+00 | 57 -0.35918 -1.36683e+01
57 variables; iteration 220; function evaluation 289; phase 4
Function value 8.3480298e+01; maximum gradient component mag -3.9209e+00
Var    Value     Gradient |Var    Value     Gradient |Var    Value     Gradient
  1  0.45730  7.07033e-02 |  2  0.16419 -3.00498e+00 |  3 -0.07909 -1.00720e-02
  4  0.02446  2.37703e-03 |  5 -0.02340 -2.29604e-02 |  6  0.03565 -2.33253e-02
  7 -0.00092  2.52790e-02 |  8 -0.05626  3.17653e-02 |  9 -0.02402  5.88102e-02
 10 -0.00640  4.09627e-02 | 11  0.07041  2.64587e-02 | 12  0.03292  1.90888e-02
 13  0.05831 -8.43862e-02 | 14  0.01062 -5.28734e-03 | 15  0.01147  4.02277e-02
 16  0.06330  1.23682e-02 | 17  0.00723  1.20305e-02 | 18 -0.06446  2.92079e-02
 19 -0.02187  7.47971e-03 | 20 -0.03889  7.61420e-03 | 21  0.05115  1.37185e-02
 22  0.05736 -7.60189e-03 | 23 -0.03882  7.73304e-03 | 24 -0.01917 -3.33405e-03
 25 -0.11486  3.18826e-02 | 26 -0.01747 -2.34535e-02 | 27 -0.02084  2.84841e-02
 28 -0.02568  1.26704e-03 | 29  0.03493 -8.31428e-02 | 30 -0.01941  6.60282e-03
 31  0.05320 -2.00619e-02 | 32 -0.03538  9.24827e-03 | 33  0.03599  9.92012e-03
 34  0.03031  1.35984e-02 | 35  0.05836 -1.84010e-02 | 36  0.02205 -3.34864e-03
 37 -0.02542 -3.49808e-02 | 38 -0.01768 -1.42894e-01 | 39 -0.05035  2.01815e-02
 40  0.23198 -1.44858e-01 | 41  0.24053 -6.41529e-01 | 42  0.25799 -7.50875e-01
 43  0.20615 -1.77664e-03 | 44 -0.36659  3.26100e-02 | 45 -0.09689  5.00284e-04
 46 -11.60056  2.28701e-03 | 47 -0.75714 -7.62566e-03 | 48 -0.46649  8.47974e-01
 49 -0.52416 -9.94920e-01 | 50 -0.31067 -8.11947e-02 | 51 -0.26008  8.44579e-02
 52 -0.48986 -1.19661e-02 | 53  2.35253  4.41992e-03 | 54  0.04474  1.42234e+00
 55 -0.12110 -3.92091e+00 | 56 -0.32020  3.64582e+00 | 57 -0.36598 -2.29948e+00
57 variables; iteration 240; function evaluation 312; phase 4
Function value 8.3474853e+01; maximum gradient component mag -1.6709e+01
Var    Value     Gradient |Var    Value     Gradient |Var    Value     Gradient
  1  0.45385 -3.50247e-01 |  2  0.16415  1.32861e+01 |  3 -0.07914  3.50714e-02
  4  0.02442 -6.51085e-03 |  5 -0.02333  1.09707e-01 |  6  0.03568  1.15427e-01
  7 -0.00091 -9.28025e-02 |  8 -0.05625 -1.20179e-01 |  9 -0.02418 -2.99337e-01
 10 -0.00653 -1.65197e-01 | 11  0.07026 -1.10370e-01 | 12  0.03275 -4.96506e-02
 13  0.05814  5.39752e-01 | 14  0.01055  3.46607e-02 | 15  0.01137 -2.13059e-01
 16  0.06333 -1.95442e-01 | 17  0.00725 -2.03269e-01 | 18 -0.06447 -1.95617e-01
 19 -0.02187 -1.18573e-01 | 20 -0.03887 -1.44906e-01 | 21  0.05115 -2.08653e-01
 22  0.05735 -6.78736e-02 | 23 -0.03890 -9.09142e-02 | 24 -0.01923 -1.05627e-01
 25 -0.11495 -2.09997e-01 | 26 -0.01747  3.16854e-02 | 27 -0.02087 -1.81102e-01
 28 -0.02560 -6.59321e-02 | 29  0.03497  1.79459e-01 | 30 -0.01935 -2.40986e-02
 31  0.05326  1.96805e-01 | 32 -0.03534 -2.05947e-02 | 33  0.03614  1.63527e-01
 34  0.03040  5.84369e-02 | 35  0.05836  1.72201e-01 | 36  0.02210  3.84933e-02
 37 -0.02531  1.96466e-01 | 38 -0.01754  9.90790e-01 | 39 -0.05004  9.90985e-02
 40  0.23208 -5.50654e+00 | 41  0.24056  6.46956e+00 | 42  0.25805  3.66460e+00
 43  0.20615  5.67575e-02 | 44 -0.36755  2.27095e-01 | 45 -0.06264  6.24341e-03
 46 -11.82433  8.94204e-04 | 47 -0.75920 -7.81436e-03 | 48 -0.46570  8.96784e-01
 49 -0.52360 -7.58614e-01 | 50 -0.31234 -6.67237e-01 | 51 -0.26090  4.11158e-01
 52 -0.48323 -7.65051e-02 | 53  1.99994  1.57880e-02 | 54  0.00694 -1.67091e+01
 55 -0.16310  1.39712e+01 | 56 -0.35238 -8.29934e-02 | 57 -0.36295 -1.39891e+01
57 variables; iteration 260; function evaluation 361; phase 4
Function value 8.3471198e+01; maximum gradient component mag 3.6685e+01
Var    Value     Gradient |Var    Value     Gradient |Var    Value     Gradient
  1  0.45630  9.82526e-02 |  2  0.16415 -4.82733e+00 |  3 -0.07911 -7.67588e-03
  4  0.02445  1.82255e-02 |  5 -0.02342 -3.18179e-02 |  6  0.03561 -2.56291e-02
  7 -0.00101  4.79151e-02 |  8 -0.05637  5.68246e-02 |  9 -0.02415  9.25649e-02
 10 -0.00660  5.56990e-02 | 11  0.07017  4.83158e-02 | 12  0.03259  1.89054e-02
 13  0.05781 -1.82228e-01 | 14  0.01043 -3.69719e-02 | 15  0.01129  5.64955e-02
 16  0.06337  1.17085e-02 | 17  0.00731  2.17169e-02 | 18 -0.06445  4.79630e-02
 19 -0.02179  4.34113e-02 | 20 -0.03881  9.37400e-03 | 21  0.05125  1.54885e-02
 22  0.05743 -5.30959e-03 | 23 -0.03886  2.35635e-02 | 24 -0.01919  1.78379e-02
 25 -0.11485  5.61534e-02 | 26 -0.01743  2.33162e-02 | 27 -0.02081  4.89905e-02
 28 -0.02555  5.77010e-03 | 29  0.03500 -7.59938e-02 | 30 -0.01933 -2.31412e-02
 31  0.05328 -7.31153e-02 | 32 -0.03528  6.31860e-03 | 33  0.03612 -4.86132e-02
 34  0.03042 -3.24713e-02 | 35  0.05838 -4.17068e-02 | 36  0.02210 -1.72856e-02
 37 -0.02525 -3.20256e-02 | 38 -0.01745 -1.23500e-01 | 39 -0.05003  2.01924e-02
 40  0.23221 -2.35653e+00 | 41  0.24051 -8.53477e-01 | 42  0.25799 -7.43398e-01
 43  0.20614  3.45189e-02 | 44 -0.36872 -9.04349e-03 | 45 -0.02186 -3.10031e-04
 46 -11.85967  9.50381e-04 | 47 -0.70613  1.97970e-03 | 48 -0.46515  2.65973e+00
 49 -0.52333 -2.96146e+00 | 50 -0.31342 -1.10558e+00 | 51 -0.26138  8.77917e-01
 52 -0.47977 -1.47197e-01 | 53  1.85427  2.52811e-02 | 54 -0.00253 -3.05752e+01
 55 -0.17554  3.66849e+01 | 56 -0.36371 -1.36891e+01 | 57 -0.36397 -1.20316e+01
57 variables; iteration 280; function evaluation 384; phase 4
Function value 8.3448432e+01; maximum gradient component mag -5.9065e+01
Var    Value     Gradient |Var    Value     Gradient |Var    Value     Gradient
  1  0.45401 -9.35952e-04 |  2  0.16403  2.24737e+00 |  3 -0.07913  5.42762e-03
  4  0.02450  6.20967e-03 |  5 -0.02335  1.14869e-03 |  6  0.03562  6.44016e-03
  7 -0.00105 -2.57487e-02 |  8 -0.05638 -3.48439e-02 |  9 -0.02414 -2.68645e-02
 10 -0.00657 -2.98197e-02 | 11  0.07029 -2.89076e-02 | 12  0.03284 -3.61465e-02
 13  0.05819 -4.50926e-02 | 14  0.01041 -1.28645e-02 | 15  0.01110 -1.95768e-02
 16  0.06346  2.64902e-02 | 17  0.00748  2.86423e-02 | 18 -0.06454 -3.28451e-03
 19 -0.02174 -2.18296e-03 | 20 -0.03874  1.65978e-02 | 21  0.05134  2.35462e-02
 22  0.05739  2.05762e-02 | 23 -0.03920 -8.91993e-03 | 24 -0.01940  9.91976e-03
 25 -0.11481 -1.24349e-02 | 26 -0.01740 -1.76174e-02 | 27 -0.02091 -4.42935e-03
 28 -0.02541  1.70423e-02 | 29  0.03520  6.05306e-02 | 30 -0.01924  4.90861e-02
 31  0.05319  7.45309e-02 | 32 -0.03531  1.58470e-02 | 33  0.03617  6.67630e-02
 34  0.03043  3.67827e-02 | 35  0.05806  1.55035e-02 | 36  0.02194  4.35957e-03
 37 -0.02502 -2.63608e-02 | 38 -0.01756 -1.10533e-01 | 39 -0.05035 -2.00759e-02
 40  0.23317  2.68100e+00 | 41  0.24061  8.36156e-01 | 42  0.25813 -1.07590e-01
 43  0.20623 -6.35988e-03 | 44 -0.36900  2.45545e-01 | 45 -0.00458  7.06120e-03
 46 -11.98859  2.58798e-04 | 47 -0.70514  5.59538e-04 | 48 -0.46842 -1.10141e-01
 49 -0.52558  1.17230e-01 | 50 -0.31303 -5.30196e-01 | 51 -0.26152  4.17966e-01
 52 -0.46453 -4.60793e-01 | 53  1.11466 -6.74495e-03 | 54 -0.00253 -5.90649e+01
 55 -0.17361  4.21233e+01 | 56 -0.36020  8.18083e+00 | 57 -0.36207 -5.79371e+01
57 variables; iteration 300; function evaluation 406; phase 4
Function value 8.3418927e+01; maximum gradient component mag -5.4052e+01
Var    Value     Gradient |Var    Value     Gradient |Var    Value     Gradient
  1  0.45942  6.13599e-01 |  2  0.16403 -3.82025e+01 |  3 -0.07912 -7.27272e-02
  4  0.02445 -1.37804e-01 |  5 -0.02340 -1.09939e-01 |  6  0.03564 -1.45294e-01
  7 -0.00101  4.21008e-01 |  8 -0.05632  5.00048e-01 |  9 -0.02395  5.53494e-01
 10 -0.00624  6.03007e-01 | 11  0.07068  3.88706e-01 | 12  0.03339  4.17205e-01
 13  0.05891 -2.21232e-01 | 14  0.01027 -1.88714e-02 | 15  0.01069  3.84666e-01
 16  0.06349 -3.32588e-01 | 17  0.00763 -3.75115e-01 | 18 -0.06503  9.26532e-02
 19 -0.02181 -4.55209e-02 | 20 -0.03870 -3.16542e-01 | 21  0.05153 -3.15696e-01
 22  0.05730 -4.59591e-01 | 23 -0.03989  7.85819e-02 | 24 -0.02000 -2.14944e-01
 25 -0.11486  2.43235e-01 | 26 -0.01753  7.42729e-02 | 27 -0.02122  2.42455e-01
 28 -0.02526 -2.86645e-01 | 29  0.03538 -7.20294e-01 | 30 -0.01912  2.66689e-01
 31  0.05307  5.22276e-01 | 32 -0.03538  1.88541e-01 | 33  0.03649  1.06512e+00
 34  0.03063  7.07047e-01 | 35  0.05737  2.67679e-01 | 36  0.02155 -1.92544e-01
 37 -0.02458 -1.28246e+00 | 38 -0.01766 -2.90936e+00 | 39 -0.05012  7.81980e-01
 40  0.23528 -3.41622e+01 | 41  0.24070  1.55516e+01 | 42  0.25817 -3.54085e+00
 43  0.20623 -3.89562e-01 | 44 -0.38748 -3.91551e-01 | 45  0.91285  1.91461e-02
 46 -11.58965  2.55580e-03 | 47 -0.71485  1.18019e-03 | 48 -0.46860  6.09796e-01
 49 -0.52580 -7.35582e-01 | 50 -0.31023  3.61240e-01 | 51 -0.26036 -4.57141e-02
 52 -0.38873  1.37280e+00 | 53  1.25571 -4.40961e-02 | 54  0.00796 -5.40523e+01
 55 -0.16085  5.11720e+01 | 56 -0.34963 -7.64553e+00 | 57 -0.36198 -3.80016e+01
57 variables; iteration 320; function evaluation 426; phase 4
Function value 8.3404695e+01; maximum gradient component mag 3.4158e+01
Var    Value     Gradient |Var    Value     Gradient |Var    Value     Gradient
  1  0.45579  4.13749e-04 |  2  0.16398  2.16460e+00 |  3 -0.07906 -3.62405e-03
  4  0.02455 -9.43923e-03 |  5 -0.02330 -3.70827e-03 |  6  0.03569 -5.27182e-03
  7 -0.00098 -3.53866e-02 |  8 -0.05632 -3.05322e-02 |  9 -0.02406 -3.58821e-02
 10 -0.00644 -2.75890e-02 | 11  0.07052 -3.55451e-02 | 12  0.03315 -2.72449e-02
 13  0.05862 -1.93082e-02 | 14  0.00998 -3.08014e-03 | 15  0.01025 -1.92560e-02
 16  0.06359  2.30255e-02 | 17  0.00784  1.91780e-02 | 18 -0.06515 -5.71591e-03
 19 -0.02155 -1.49024e-02 | 20 -0.03852  1.92352e-02 | 21  0.05192  2.30129e-02
 22  0.05749  1.43731e-02 | 23 -0.04018  1.33334e-03 | 24 -0.02008 -4.87336e-04
 25 -0.11472 -1.86573e-03 | 26 -0.01745 -3.63325e-02 | 27 -0.02125 -1.82014e-02
 28 -0.02487  2.70299e-02 | 29  0.03574  5.05524e-02 | 30 -0.01901  4.49480e-02
 31  0.05298  6.35966e-02 | 32 -0.03528  1.99600e-02 | 33  0.03649  7.22150e-02
 34  0.03065  5.04422e-02 | 35  0.05703  1.52292e-02 | 36  0.02134  5.20754e-03
 37 -0.02414 -1.32804e-02 | 38 -0.01753 -1.04761e-01 | 39 -0.05035 -2.07329e-02
 40  0.23643  3.42599e+00 | 41  0.24061  6.88171e-01 | 42  0.25820 -4.38869e-02
 43  0.20627 -1.76499e-02 | 44 -0.37360 -3.28645e-02 | 45  0.15889 -5.73220e-05
 46 -11.97962  2.84566e-04 | 47 -0.70677 -8.46841e-05 | 48 -0.46831 -6.80947e-02
 49 -0.52556  8.24312e-02 | 50 -0.31218 -5.26431e-02 | 51 -0.26134  5.05327e-02
 52 -0.36149 -2.31489e-01 | 53  1.56917  7.63210e-03 | 54  0.00789 -3.06228e+01
 55 -0.16122  3.41583e+01 | 56 -0.35026 -1.06558e+01 | 57 -0.36224 -1.52728e+01
57 variables; iteration 340; function evaluation 447; phase 4
Function value 8.3404137e+01; maximum gradient component mag 2.7966e+01
Var    Value     Gradient |Var    Value     Gradient |Var    Value     Gradient
  1  0.45608  1.81900e-04 |  2  0.16400 -1.94106e-01 |  3 -0.07904 -4.26682e-04
  4  0.02456 -7.88783e-04 |  5 -0.02329 -2.41784e-04 |  6  0.03571  1.98036e-05
  7 -0.00095  2.71870e-03 |  8 -0.05629  3.08171e-03 |  9 -0.02404  1.58048e-03
 10 -0.00642  2.97260e-03 | 11  0.07053  2.04750e-03 | 12  0.03314  2.61297e-03
 13  0.05860  5.16027e-04 | 14  0.01000 -1.61529e-03 | 15  0.01029  3.97253e-04
 16  0.06358 -6.25314e-03 | 17  0.00781 -6.22783e-03 | 18 -0.06514 -1.50270e-03
 19 -0.02155 -1.92194e-03 | 20 -0.03853 -5.22362e-03 | 21  0.05193 -6.30041e-03
 22  0.05751 -5.45597e-03 | 23 -0.04013  1.01900e-03 | 24 -0.02003 -2.07086e-03
 25 -0.11472  1.90177e-03 | 26 -0.01746  2.96619e-03 | 27 -0.02124 -6.61510e-04
 28 -0.02489 -4.37759e-03 | 29  0.03572 -2.48324e-03 | 30 -0.01904  8.29207e-05
 31  0.05298  1.02680e-03 | 32 -0.03529 -2.98287e-04 | 33  0.03646  4.56095e-03
 34  0.03062  2.43531e-03 | 35  0.05706  2.70196e-03 | 36  0.02135 -5.20160e-04
 37 -0.02418 -1.67062e-03 | 38 -0.01755  4.89526e-03 | 39 -0.05041  7.36009e-03
 40  0.23632 -4.19940e-01 | 41  0.24058  1.69046e-01 | 42  0.25818  1.39722e-02
 43  0.20626  3.14161e-04 | 44 -0.36829 -1.41014e-02 | 45 -0.02895 -4.88213e-04
 46 -12.02542  5.41993e-05 | 47 -0.70558 -1.45066e-04 | 48 -0.46811 -6.42464e-02
 49 -0.52540  7.10436e-02 | 50 -0.31202 -4.75625e-02 | 51 -0.26121  3.68089e-02
 52 -0.34232  2.25489e-02 | 53  1.95749 -1.57300e-03 | 54  0.01135 -2.61147e+01
 55 -0.15721  2.79658e+01 | 56 -0.34713 -7.63657e+00 | 57 -0.36241 -1.44804e+01
57 variables; iteration 360; function evaluation 467; phase 4
Function value 8.3403573e+01; maximum gradient component mag -1.6813e+01
Var    Value     Gradient |Var    Value     Gradient |Var    Value     Gradient
  1  0.45542 -2.67003e-02 |  2  0.16397  7.42341e-01 |  3 -0.07907  2.43380e-03
  4  0.02455  2.51868e-03 |  5 -0.02329  5.01491e-03 |  6  0.03569  6.35620e-03
  7 -0.00099 -5.36606e-03 |  8 -0.05633 -6.96366e-03 |  9 -0.02407 -1.50358e-02
 10 -0.00646 -1.30647e-02 | 11  0.07050 -4.46915e-03 | 12  0.03313 -4.45197e-03
 13  0.05860  2.55440e-02 | 14  0.00999  7.00660e-04 | 15  0.01026 -1.18398e-02
 16  0.06359 -6.07759e-03 | 17  0.00784 -4.32770e-03 | 18 -0.06513 -8.44997e-03
 19 -0.02154 -2.08683e-03 | 20 -0.03851 -4.23548e-03 | 21  0.05191 -6.71369e-03
 22  0.05750  3.16240e-03 | 23 -0.04013  2.77684e-03 | 24 -0.02004  6.42553e-03
 25 -0.11469 -3.39604e-03 | 26 -0.01742  1.48646e-02 | 27 -0.02124 -1.12592e-02
 28 -0.02489 -4.63459e-03 | 29  0.03577  2.56001e-02 | 30 -0.01902 -1.89918e-02
 31  0.05296 -3.21894e-02 | 32 -0.03529 -1.37921e-02 | 33  0.03645 -4.75900e-02
 34  0.03062 -3.34726e-02 | 35  0.05705 -6.97241e-03 | 36  0.02135  2.59371e-03
 37 -0.02415  4.44841e-02 | 38 -0.01750  1.39013e-01 | 39 -0.05039 -1.25620e-02
 40  0.23637 -2.24824e-01 | 41  0.24061 -2.77637e-01 | 42  0.25820  2.36957e-01
 43  0.20627  2.00270e-02 | 44 -0.36557  1.82698e-02 | 45 -0.12391 -5.42063e-05
 46 -12.04153 -1.28459e-05 | 47 -0.70403  3.27756e-04 | 48 -0.46826 -3.85806e-02
 49 -0.52552  5.07906e-02 | 50 -0.31233 -8.86321e-02 | 51 -0.26141  5.99147e-02
 52 -0.35268  2.24912e-02 | 53  1.76235 -2.49500e-03 | 54  0.00975 -1.68126e+01
 55 -0.15578  1.54263e+01 | 56 -0.34255 -1.73807e+00 | 57 -0.35909 -1.25033e+01
57 variables; iteration 380; function evaluation 488; phase 4
Function value 8.3402825e+01; maximum gradient component mag 1.5967e-01
Var    Value     Gradient |Var    Value     Gradient |Var    Value     Gradient
  1  0.45523 -6.70444e-05 |  2  0.16395  1.64659e-02 |  3 -0.07910  1.29819e-06
  4  0.02453  1.68756e-05 |  5 -0.02331  1.59706e-05 |  6  0.03566  3.63688e-07
  7 -0.00103 -2.29638e-04 |  8 -0.05636 -2.43693e-04 |  9 -0.02409 -2.24451e-04
 10 -0.00648 -2.42621e-04 | 11  0.07052 -2.22499e-04 | 12  0.03317 -2.15101e-04
 13  0.05867 -1.34391e-04 | 14  0.01000 -6.20024e-05 | 15  0.01027 -1.48388e-04
 16  0.06360  1.20355e-04 | 17  0.00785  1.20789e-04 | 18 -0.06515 -4.74774e-05
 19 -0.02160 -4.17259e-05 | 20 -0.03852  1.34199e-04 | 21  0.05183  1.04650e-04
 22  0.05743  7.67251e-05 | 23 -0.04017 -1.26902e-04 | 24 -0.02012 -3.77032e-05
 25 -0.11473 -9.12488e-05 | 26 -0.01742 -1.91956e-04 | 27 -0.02128 -9.78358e-05
 28 -0.02495  1.31526e-04 | 29  0.03576  2.39042e-04 | 30 -0.01900  1.51161e-04
 31  0.05298  2.53896e-04 | 32 -0.03530  1.09391e-04 | 33  0.03652  2.00165e-04
 34  0.03067  1.55630e-04 | 35  0.05704  2.08490e-05 | 36  0.02138  8.63818e-05
 37 -0.02413  2.53029e-04 | 38 -0.01748  3.54464e-04 | 39 -0.05020 -1.11820e-04
 40  0.23639  1.84680e-02 | 41  0.24069  1.22128e-03 | 42  0.25823  4.30869e-05
 43  0.20628  1.08656e-05 | 44 -0.36870 -4.09723e-04 | 45 -0.01158 -1.12834e-05
 46 -12.03686  9.89899e-07 | 47 -0.70491 -3.82408e-06 | 48 -0.46846 -9.93890e-04
 49 -0.52570  1.08049e-03 | 50 -0.31229 -6.86567e-05 | 51 -0.26149 -6.46423e-05
 52 -0.33830 -2.26466e-03 | 53  2.02446  1.47634e-04 | 54  0.00464  2.31040e-02
 55 -0.15898 -1.52369e-01 | 56 -0.34227  1.59668e-01 | 57 -0.35613 -1.41810e-01
57 variables; iteration 400; function evaluation 508; phase 4
Function value 8.3402823e+01; maximum gradient component mag 8.2733e-01
Var    Value     Gradient |Var    Value     Gradient |Var    Value     Gradient
  1  0.45520 -7.21197e-03 |  2  0.16395  5.91215e-01 |  3 -0.07910  1.56401e-04
  4  0.02452 -5.13182e-04 |  5 -0.02331  5.17997e-04 |  6  0.03566  2.17309e-03
  7 -0.00104 -5.64617e-03 |  8 -0.05637 -7.80022e-03 |  9 -0.02410 -1.24474e-02
 10 -0.00648 -7.59260e-03 | 11  0.07052 -6.71962e-03 | 12  0.03318 -5.67225e-03
 13  0.05868  6.86677e-03 | 14  0.01000  3.21056e-03 | 15  0.01027 -6.12246e-03
 16  0.06360  7.84435e-03 | 17  0.00785  7.26192e-03 | 18 -0.06515 -1.52434e-03
 19 -0.02160  3.76045e-04 | 20 -0.03852  6.03615e-03 | 21  0.05183  8.78365e-03
 22  0.05743  1.08993e-02 | 23 -0.04017  2.77317e-03 | 24 -0.02012  6.31490e-03
 25 -0.11473 -4.53282e-04 | 26 -0.01742 -5.96907e-03 | 27 -0.02128 -4.74940e-03
 28 -0.02495  1.20824e-02 | 29  0.03577  1.62609e-02 | 30 -0.01900  4.95154e-03
 31  0.05298  5.40966e-03 | 32 -0.03530  1.78173e-03 | 33  0.03652  8.72124e-04
 34  0.03067  7.77146e-04 | 35  0.05704  1.06556e-03 | 36  0.02138 -3.63276e-03
 37 -0.02413 -3.52823e-03 | 38 -0.01748 -2.41696e-02 | 39 -0.05020 -1.51917e-02
 40  0.23639  8.27335e-01 | 41  0.24069 -6.32687e-03 | 42  0.25823  4.65774e-02
 43  0.20628  4.21745e-03 | 44 -0.36858  2.25311e-02 | 45 -0.01572  6.22235e-04
 46 -12.04227 -2.01415e-05 | 47 -0.70427  2.04960e-04 | 48 -0.46844  2.70439e-02
 49 -0.52568 -2.25722e-02 | 50 -0.31228  8.58502e-03 | 51 -0.26149 -6.73512e-03
 52 -0.33899 -9.10255e-02 | 53  2.01222  5.03309e-03 | 54  0.00434  8.57995e-02
 55 -0.15843 -2.27510e-01 | 56 -0.34094  1.87683e-01 | 57 -0.35524 -1.16166e-01
57 variables; iteration 420; function evaluation 530; phase 4
Function value 8.3402699e+01; maximum gradient component mag 1.3676e-01
Var    Value     Gradient |Var    Value     Gradient |Var    Value     Gradient
  1  0.45522 -1.32492e-05 |  2  0.16395  2.58517e-04 |  3 -0.07910  1.10263e-06
  4  0.02453 -1.52046e-07 |  5 -0.02331 -2.95513e-07 |  6  0.03566  7.73471e-06
  7 -0.00104  7.09974e-06 |  8 -0.05637 -3.07070e-06 |  9 -0.02409 -1.66385e-05
 10 -0.00648 -2.23106e-07 | 11  0.07052  1.11746e-06 | 12  0.03317  1.48442e-06
 13  0.05867  2.73205e-05 | 14  0.01000  1.49421e-05 | 15  0.01027 -4.37667e-06
 16  0.06360  1.73736e-05 | 17  0.00785  1.59945e-05 | 18 -0.06515  3.17776e-06
 19 -0.02160  1.11687e-05 | 20 -0.03852  1.27335e-05 | 21  0.05183  2.03905e-05
 22  0.05743  2.98605e-05 | 23 -0.04017  1.50774e-05 | 24 -0.02012  2.24988e-05
 25 -0.11473  8.29743e-06 | 26 -0.01742 -5.10113e-06 | 27 -0.02128 -1.87851e-06
 28 -0.02495  3.36458e-05 | 29  0.03576  2.18744e-05 | 30 -0.01899  2.76427e-06
 31  0.05298 -6.73005e-06 | 32 -0.03530  5.94273e-07 | 33  0.03653 -2.00503e-05
 34  0.03067 -1.37375e-05 | 35  0.05704 -2.40053e-06 | 36  0.02138 -2.17871e-05
 37 -0.02413 -3.45623e-05 | 38 -0.01748 -1.21449e-04 | 39 -0.05019 -4.16353e-05
 40  0.23639  1.03888e-03 | 41  0.24069 -3.23746e-04 | 42  0.25823  1.06559e-04
 43  0.20628  1.52916e-05 | 44 -0.36870  6.93006e-05 | 45 -0.01161  2.21336e-06
 46 -12.03706  1.10554e-07 | 47 -0.70489  6.50255e-07 | 48 -0.46846 -2.38643e-05
 49 -0.52570  4.92694e-05 | 50 -0.31230 -1.27939e-04 | 51 -0.26150  9.95228e-05
 52 -0.33862 -1.55462e-04 | 53  2.01882  2.36168e-06 | 54  0.00328  1.36764e-01
 55 -0.13565 -9.65268e-02 | 56 -0.29957 -1.97288e-02 | 57 -0.33174  1.34438e-01
57 variables; iteration 440; function evaluation 550; phase 4
Function value 8.3402699e+01; maximum gradient component mag 1.3293e-01
Var    Value     Gradient |Var    Value     Gradient |Var    Value     Gradient
  1  0.45523  1.56830e-03 |  2  0.16395  1.52803e-02 |  3 -0.07910 -3.29678e-05
  4  0.02453  2.92562e-04 |  5 -0.02331  5.48253e-05 |  6  0.03566 -1.07205e-03
  7 -0.00104 -1.73471e-03 |  8 -0.05636 -3.36451e-04 |  9 -0.02409  2.03512e-03
 10 -0.00648 -8.38700e-04 | 11  0.07052 -6.87135e-04 | 12  0.03317 -6.74332e-04
 13  0.05867 -3.75628e-03 | 14  0.01000 -2.12099e-03 | 15  0.01027  3.46748e-04
 16  0.06360 -1.82663e-03 | 17  0.00785 -1.32320e-03 | 18 -0.06515 -4.41846e-04
 19 -0.02160 -1.54936e-03 | 20 -0.03852 -1.30316e-03 | 21  0.05183 -2.27054e-03
 22  0.05743 -3.75797e-03 | 23 -0.04017 -2.65017e-03 | 24 -0.02012 -3.14988e-03
 25 -0.11473 -1.91661e-03 | 26 -0.01742  2.96609e-04 | 27 -0.02128  2.26516e-04
 28 -0.02495 -4.66296e-03 | 29  0.03576 -2.55498e-03 | 30 -0.01899 -1.47552e-04
 31  0.05298  1.24078e-03 | 32 -0.03530 -1.28939e-04 | 33  0.03653  2.61969e-03
 34  0.03067  1.73236e-03 | 35  0.05704  1.14724e-04 | 36  0.02138  3.54506e-03
 37 -0.02413  6.22908e-03 | 38 -0.01748  1.86148e-02 | 39 -0.05019  5.06379e-03
 40  0.23638 -8.56114e-02 | 41  0.24069  2.87316e-02 | 42  0.25823 -1.86465e-02
 43  0.20628 -2.16771e-03 | 44 -0.36876 -9.66228e-03 | 45 -0.00966 -2.65801e-04
 46 -12.03546  6.80815e-06 | 47 -0.70504 -4.40220e-05 | 48 -0.46847 -1.39650e-02
 49 -0.52570  1.18216e-02 | 50 -0.31231 -5.54650e-03 | 51 -0.26150  3.76127e-03
 52 -0.33889  6.24533e-03 | 53  2.01441 -3.76279e-04 | 54  0.00315  1.32932e-01
 55 -0.13558 -9.79908e-02 | 56 -0.29928 -1.36493e-02 | 57 -0.33152  1.25225e-01
57 variables; iteration 460; function evaluation 573; phase 4
Function value 8.3402617e+01; maximum gradient component mag 1.5228e+00
Var    Value     Gradient |Var    Value     Gradient |Var    Value     Gradient
  1  0.45525  2.08647e-03 |  2  0.16395 -4.29927e-01 |  3 -0.07910  1.14092e-04
  4  0.02453  6.26986e-04 |  5 -0.02331  1.90750e-04 |  6  0.03566 -8.18869e-04
  7 -0.00103  5.02483e-03 |  8 -0.05636  6.04036e-03 |  9 -0.02409  8.45651e-03
 10 -0.00648  5.52946e-03 | 11  0.07052  6.03981e-03 | 12  0.03317  5.93837e-03
 13  0.05867  3.92405e-03 | 14  0.01000  4.77069e-03 | 15  0.01027  6.77975e-03
 16  0.06360  4.87362e-03 | 17  0.00785  5.48577e-03 | 18 -0.06515  6.08829e-03
 19 -0.02160  5.44912e-03 | 20 -0.03852  5.41759e-03 | 21  0.05183  4.39168e-03
 22  0.05743  3.30935e-03 | 23 -0.04017  7.30801e-04 | 24 -0.02012  6.67293e-04
 25 -0.11473 -5.12434e-04 | 26 -0.01742  2.28511e-03 | 27 -0.02128  6.11036e-03
 28 -0.02495  1.42699e-03 | 29  0.03576 -1.54020e-02 | 30 -0.01900 -1.34703e-02
 31  0.05298 -2.52516e-02 | 32 -0.03530 -5.38574e-03 | 33  0.03652 -3.20602e-02
 34  0.03067 -1.96180e-02 | 35  0.05704 -1.05644e-02 | 36  0.02138  1.75553e-03
 37 -0.02413  1.17297e-02 | 38 -0.01748  2.37979e-02 | 39 -0.05020 -9.81344e-03
 40  0.23638 -8.97708e-02 | 41  0.24068 -6.85562e-01 | 42  0.25823 -1.55455e-02
 43  0.20628 -1.40725e-03 | 44 -0.36875 -5.74857e-03 | 45 -0.01026 -1.57094e-04
 46 -12.03554  6.53711e-06 | 47 -0.70503 -4.08736e-05 | 48 -0.46846 -1.42549e-02
 49 -0.52569  1.23080e-02 | 50 -0.31230 -4.13214e-03 | 51 -0.26149  2.08115e-03
 52 -0.33864  8.85863e-03 | 53  2.01858 -5.00890e-04 | 54 -0.03433  1.52284e+00
 55 -0.14714 -1.46290e+00 | 56 -0.27752  2.32798e-01 | 57 -0.29996  1.12716e+00
57 variables; iteration 480; function evaluation 594; phase 4
Function value 8.3402524e+01; maximum gradient component mag -5.9050e-01
Var    Value     Gradient |Var    Value     Gradient |Var    Value     Gradient
  1  0.45515  2.19702e-03 |  2  0.16394 -5.90504e-01 |  3 -0.07911 -9.09389e-04
  4  0.02452 -3.89104e-03 |  5 -0.02331 -9.50799e-04 |  6  0.03566  5.74998e-04
  7 -0.00104  9.46905e-03 |  8 -0.05637  9.39430e-03 |  9 -0.02410  2.51471e-03
 10 -0.00648  1.10735e-02 | 11  0.07052  6.27084e-03 | 12  0.03317  7.03527e-03
 13  0.05867  3.13903e-03 | 14  0.01000  3.99012e-03 | 15  0.01027  4.42289e-03
 16  0.06360 -1.11588e-03 | 17  0.00785 -3.46470e-03 | 18 -0.06514  2.94697e-03
 19 -0.02160  1.73339e-03 | 20 -0.03852 -8.35050e-04 | 21  0.05183 -1.44156e-03
 22  0.05742  5.84396e-04 | 23 -0.04016  9.51203e-03 | 24 -0.02012  2.64277e-03
 25 -0.11473  8.62219e-03 | 26 -0.01742  3.01955e-03 | 27 -0.02128  1.99250e-03
 28 -0.02495  4.97899e-03 | 29  0.03576 -4.13494e-03 | 30 -0.01899 -1.03144e-03
 31  0.05298 -5.88475e-03 | 32 -0.03530 -8.74524e-04 | 33  0.03653 -3.43728e-03
 34  0.03067 -2.23278e-03 | 35  0.05704  6.57994e-04 | 36  0.02138 -6.99277e-03
 37 -0.02413 -1.96585e-02 | 38 -0.01747 -4.73917e-02 | 39 -0.05019 -3.07596e-03
 40  0.23638 -3.29979e-01 | 41  0.24069 -6.05390e-02 | 42  0.25823  3.95051e-02
 43  0.20628 -4.37933e-03 | 44 -0.36875 -2.28783e-02 | 45 -0.01025 -6.45755e-04
 46 -12.03201  2.18662e-05 | 47 -0.70532 -1.21579e-04 | 48 -0.46848  2.51606e-02
 49 -0.52571 -2.17831e-02 | 50 -0.31231 -2.59019e-03 | 51 -0.26151  8.47203e-03
 52 -0.33930  2.80648e-02 | 53  2.00794 -1.62651e-03 | 54 -0.05339  2.98704e-01
 55 -0.13914 -2.13633e-01 | 56 -0.24332 -5.15005e-02 | 57 -0.27140  3.21039e-01
57 variables; iteration 500; function evaluation 618; phase 4
Function value 8.3402449e+01; maximum gradient component mag 8.2075e-01
Var    Value     Gradient |Var    Value     Gradient |Var    Value     Gradient
  1  0.45522  9.87026e-04 |  2  0.16395 -4.01057e-01 |  3 -0.07910 -1.42845e-04
  4  0.02453 -5.38181e-04 |  5 -0.02331 -1.81938e-04 |  6  0.03566  1.62824e-04
  7 -0.00104  6.06535e-03 |  8 -0.05637  5.85067e-03 |  9 -0.02409  4.76823e-03
 10 -0.00648  6.16448e-03 | 11  0.07052  5.48053e-03 | 12  0.03317  5.52558e-03
 13  0.05867  4.93402e-03 | 14  0.01000  5.14486e-03 | 15  0.01027  5.13696e-03
 16  0.06360  4.48707e-03 | 17  0.00785  4.14792e-03 | 18 -0.06515  4.93459e-03
 19 -0.02160  4.89058e-03 | 20 -0.03852  4.42175e-03 | 21  0.05183  4.42441e-03
 22  0.05743  4.89868e-03 | 23 -0.04017  4.34126e-03 | 24 -0.02012  3.39781e-03
 25 -0.11473  3.03141e-03 | 26 -0.01742  2.10356e-03 | 27 -0.02128  4.28513e-03
 28 -0.02495  4.89182e-03 | 29  0.03576 -8.18275e-03 | 30 -0.01900 -8.59073e-03
 31  0.05298 -1.85587e-02 | 32 -0.03530 -3.59330e-03 | 33  0.03652 -2.35115e-02
 34  0.03067 -1.44485e-02 | 35  0.05704 -7.06106e-03 | 36  0.02138 -2.56675e-03
 37 -0.02413 -3.90665e-04 | 38 -0.01748 -7.18071e-03 | 39 -0.05019 -1.07543e-02
 40  0.23639 -4.19592e-02 | 41  0.24069 -4.77938e-01 | 42  0.25823  5.62696e-03
 43  0.20628 -1.33368e-04 | 44 -0.36870 -2.40088e-03 | 45 -0.01159 -6.81450e-05
 46 -12.03667  1.73948e-06 | 47 -0.70493 -1.04413e-05 | 48 -0.46846  4.82370e-03
 49 -0.52570 -4.14325e-03 | 50 -0.31229  2.89040e-04 | 51 -0.26149  7.64464e-04
 52 -0.33860  3.76912e-03 | 53  2.01919 -2.14418e-04 | 54 -0.08426  8.20754e-01
 55 -0.13738 -7.71920e-01 | 56 -0.20767  1.00872e-01 | 57 -0.23648  6.70421e-01
57 variables; iteration 520; function evaluation 641; phase 4
Function value 8.3402395e+01; maximum gradient component mag -2.2952e-01
Var    Value     Gradient |Var    Value     Gradient |Var    Value     Gradient
  1  0.45524 -1.68154e-04 |  2  0.16395 -9.02560e-03 |  3 -0.07910  1.00457e-04
  4  0.02453  2.58353e-04 |  5 -0.02331  2.30287e-04 |  6  0.03566  1.86584e-05
  7 -0.00103  5.63170e-06 |  8 -0.05636  2.06354e-04 |  9 -0.02409  6.44819e-04
 10 -0.00648 -3.38979e-06 | 11  0.07052  2.89596e-04 | 12  0.03317  4.69744e-04
 13  0.05867  1.28587e-03 | 14  0.01000  6.69306e-04 | 15  0.01027  4.48901e-04
 16  0.06360  5.81398e-04 | 17  0.00785  7.93570e-04 | 18 -0.06515  4.73882e-04
 19 -0.02160  3.93135e-04 | 20 -0.03852  6.18316e-04 | 21  0.05183  4.25472e-04
 22  0.05743  2.71105e-04 | 23 -0.04017 -1.17033e-03 | 24 -0.02012 -1.04131e-03
 25 -0.11473 -2.11644e-03 | 26 -0.01742 -9.99035e-04 | 27 -0.02128  5.63561e-04
 28 -0.02495  1.23843e-04 | 29  0.03576 -4.31229e-03 | 30 -0.01900 -2.02131e-03
 31  0.05298 -2.22231e-03 | 32 -0.03530 -5.96639e-04 | 33  0.03653 -3.19535e-03
 34  0.03067 -1.97775e-03 | 35  0.05704 -8.20863e-04 | 36  0.02138  1.24929e-03
 37 -0.02413  3.61606e-03 | 38 -0.01748  8.74524e-03 | 39 -0.05019 -6.32835e-04
 40  0.23639  6.11405e-03 | 41  0.24069 -1.00045e-01 | 42  0.25823 -1.68909e-04
 43  0.20628 -1.24249e-04 | 44 -0.36869  1.10315e-03 | 45 -0.01200  2.97481e-05
 46 -12.03700  7.14696e-07 | 47 -0.70487  1.20147e-05 | 48 -0.46845 -2.33464e-03
 49 -0.52569  1.57931e-03 | 50 -0.31229 -7.76837e-04 | 51 -0.26149  1.58388e-04
 52 -0.33856 -5.77640e-04 | 53  2.01981  3.07389e-05 | 54 -0.11673  2.07212e-01
 55 -0.13970 -2.29515e-01 | 56 -0.17784  6.95567e-02 | 57 -0.20447  1.29934e-01
57 variables; iteration 540; function evaluation 664; phase 4
Function value 8.3402359e+01; maximum gradient component mag -9.3340e-02
Var    Value     Gradient |Var    Value     Gradient |Var    Value     Gradient
  1  0.45524  4.91495e-05 |  2  0.16395 -1.95049e-02 |  3 -0.07910  2.24901e-05
  4  0.02453  9.54584e-05 |  5 -0.02331 -5.06159e-06 |  6  0.03566 -6.09864e-06
  7 -0.00103  2.89705e-04 |  8 -0.05636  2.43422e-04 |  9 -0.02409  3.78182e-04
 10 -0.00648  2.33484e-04 | 11  0.07052  3.34973e-04 | 12  0.03317  3.01707e-04
 13  0.05867  3.82596e-04 | 14  0.01000  3.83195e-04 | 15  0.01027  3.44147e-04
 16  0.06360  5.27676e-04 | 17  0.00785  5.51173e-04 | 18 -0.06515  3.91397e-04
 19 -0.02160  4.29307e-04 | 20 -0.03852  4.90683e-04 | 21  0.05183  4.88440e-04
 22  0.05743  4.94254e-04 | 23 -0.04017 -2.28731e-04 | 24 -0.02012 -1.19591e-04
 25 -0.11473 -5.34853e-04 | 26 -0.01742 -4.50036e-04 | 27 -0.02128  3.57392e-04
 28 -0.02495  5.30171e-04 | 29  0.03576 -1.76254e-03 | 30 -0.01900 -7.45533e-04
 31  0.05298 -9.96782e-04 | 32 -0.03530 -7.95655e-05 | 33  0.03652 -1.43479e-03
 34  0.03067 -8.34657e-04 | 35  0.05704 -4.23527e-04 | 36  0.02138  7.10934e-05
 37 -0.02413  5.51194e-04 | 38 -0.01748  5.74742e-04 | 39 -0.05019 -6.13281e-04
 40  0.23639  9.22379e-03 | 41  0.24069 -4.50924e-02 | 42  0.25823 -9.03224e-04
 43  0.20628  1.57135e-04 | 44 -0.36870  5.24273e-04 | 45 -0.01162  1.51273e-05
 46 -12.03717 -4.68074e-07 | 47 -0.70489 -2.57414e-07 | 48 -0.46846 -4.16040e-04
 49 -0.52569  4.13537e-04 | 50 -0.31229  1.80104e-04 | 51 -0.26149 -2.65688e-04
 52 -0.33852 -7.41733e-04 | 53  2.02050  4.32763e-05 | 54 -0.14545  7.94862e-02
 55 -0.13778 -9.33403e-02 | 56 -0.14572  3.41445e-02 | 57 -0.17338  4.39533e-02
57 variables; iteration 560; function evaluation 690; phase 4
Function value 8.3402342e+01; maximum gradient component mag 1.4371e-01
Var    Value     Gradient |Var    Value     Gradient |Var    Value     Gradient
  1  0.45524  7.51711e-05 |  2  0.16395 -4.75876e-02 |  3 -0.07910  1.41957e-05
  4  0.02453  5.81252e-05 |  5 -0.02331  1.31947e-05 |  6  0.03566 -1.96899e-05
  7 -0.00103  6.63456e-04 |  8 -0.05636  6.69256e-04 |  9 -0.02409  7.89810e-04
 10 -0.00648  6.47290e-04 | 11  0.07052  7.13835e-04 | 12  0.03317  7.00966e-04
 13  0.05867  7.35141e-04 | 14  0.01000  7.54180e-04 | 15  0.01027  7.61264e-04
 16  0.06360  8.47873e-04 | 17  0.00785  8.91555e-04 | 18 -0.06515  7.87881e-04
 19 -0.02160  8.17210e-04 | 20 -0.03852  8.61184e-04 | 21  0.05183  8.76139e-04
 22  0.05743  8.23710e-04 | 23 -0.04017  8.73747e-04 | 24 -0.02012  1.00615e-03
 25 -0.11473  1.02263e-03 | 26 -0.01742  1.04946e-03 | 27 -0.02128  6.95243e-04
 28 -0.02495  3.72732e-04 | 29  0.03576  3.31759e-04 | 30 -0.01900 -1.59253e-03
 31  0.05298 -4.03035e-03 | 32 -0.03530 -9.42466e-04 | 33  0.03652 -5.22425e-03
 34  0.03067 -3.26221e-03 | 35  0.05704 -1.79353e-03 | 36  0.02138 -3.12985e-04
 37 -0.02413  8.80499e-04 | 38 -0.01748  1.06065e-03 | 39 -0.05020 -2.33884e-03
 40  0.23639  6.20599e-03 | 41  0.24069 -8.55248e-02 | 42  0.25823 -7.28698e-04
 43  0.20628  2.75118e-05 | 44 -0.36870  2.51268e-04 | 45 -0.01167  7.13052e-06
 46 -12.03716 -3.90126e-07 | 47 -0.70488  1.74191e-06 | 48 -0.46846 -4.13183e-04
 49 -0.52569  3.43821e-04 | 50 -0.31229  2.77193e-05 | 51 -0.26149 -1.29264e-04
 52 -0.33853 -5.57650e-04 | 53  2.02030  3.20280e-05 | 54 -0.16989  1.30752e-01
 55 -0.13724 -1.04426e-01 | 56 -0.12066 -1.24215e-02 | 57 -0.14845  1.43710e-01
57 variables; iteration 580; function evaluation 714; phase 4
Function value 8.3402336e+01; maximum gradient component mag 9.5169e-02
Var    Value     Gradient |Var    Value     Gradient |Var    Value     Gradient
  1  0.45524  5.68670e-05 |  2  0.16395 -3.37232e-02 |  3 -0.07910  8.72204e-06
  4  0.02453  2.97623e-05 |  5 -0.02331  1.24311e-05 |  6  0.03566 -5.96541e-06
  7 -0.00103  4.74515e-04 |  8 -0.05636  4.82433e-04 |  9 -0.02409  5.41492e-04
 10 -0.00648  4.68164e-04 | 11  0.07052  5.01200e-04 | 12  0.03317  5.04158e-04
 13  0.05867  5.46607e-04 | 14  0.01000  5.29971e-04 | 15  0.01027  5.23850e-04
 16  0.06360  5.57349e-04 | 17  0.00785  5.80503e-04 | 18 -0.06515  5.30843e-04
 19 -0.02160  5.37004e-04 | 20 -0.03852  5.62555e-04 | 21  0.05183  5.54882e-04
 22  0.05743  5.35234e-04 | 23 -0.04017  4.17886e-04 | 24 -0.02012  4.61386e-04
 25 -0.11473  3.76169e-04 | 26 -0.01742  4.32275e-04 | 27 -0.02128  4.75376e-04
 28 -0.02495  3.30606e-04 | 29  0.03576 -4.38087e-04 | 30 -0.01900 -1.08917e-03
 31  0.05298 -2.45295e-03 | 32 -0.03530 -5.47461e-04 | 33  0.03652 -3.18673e-03
 34  0.03067 -1.97760e-03 | 35  0.05704 -1.04853e-03 | 36  0.02138 -1.29489e-04
 37 -0.02413  6.09929e-04 | 38 -0.01748  7.91109e-04 | 39 -0.05019 -1.38109e-03
 40  0.23639  2.34386e-03 | 41  0.24069 -5.88719e-02 | 42  0.25823 -2.54603e-04
 43  0.20628  5.39004e-06 | 44 -0.36870  1.24575e-04 | 45 -0.01167  3.47939e-06
 46 -12.03710 -1.17871e-07 | 47 -0.70489  1.03288e-06 | 48 -0.46846 -2.23425e-04
 49 -0.52569  1.71495e-04 | 50 -0.31229 -1.77210e-05 | 51 -0.26149 -3.77187e-05
 52 -0.33854 -2.09290e-04 | 53  2.02016  1.19520e-05 | 54 -0.18882  9.51689e-02
 55 -0.13773 -8.65721e-02 | 56 -0.10296  4.18613e-03 | 57 -0.13024  9.31086e-02
57 variables; iteration 600; function evaluation 736; phase 4
Function value 8.3402335e+01; maximum gradient component mag -2.0806e-03
Var    Value     Gradient |Var    Value     Gradient |Var    Value     Gradient
  1  0.45523  2.70264e-06 |  2  0.16395 -9.25736e-04 |  3 -0.07910 -4.03871e-07
  4  0.02453 -1.46797e-06 |  5 -0.02331 -5.10124e-07 |  6  0.03566  2.40716e-07
  7 -0.00103  1.39101e-05 |  8 -0.05636  1.35234e-05 |  9 -0.02409  1.08459e-05
 10 -0.00648  1.43033e-05 | 11  0.07052  1.24902e-05 | 12  0.03317  1.26440e-05
 13  0.05867  1.07988e-05 | 14  0.01000  1.15055e-05 | 15  0.01027  1.17453e-05
 16  0.06360  9.86595e-06 | 17  0.00785  8.98387e-06 | 18 -0.06515  1.11703e-05
 19 -0.02160  1.09554e-05 | 20 -0.03852  9.76535e-06 | 21  0.05183  9.63982e-06
 22  0.05743  1.08529e-05 | 23 -0.04017  5.69567e-06 | 24 -0.02012  3.05114e-06
 25 -0.11473  1.76290e-07 | 26 -0.01742 -1.89328e-06 | 27 -0.02128  9.73163e-06
 28 -0.02495  1.33091e-05 | 29  0.03576 -3.25512e-05 | 30 -0.01900 -1.88663e-05
 31  0.05298 -3.43727e-05 | 32 -0.03530 -5.30973e-06 | 33  0.03652 -4.33602e-05
 34  0.03067 -2.60023e-05 | 35  0.05704 -1.19785e-05 | 36  0.02138 -4.38587e-06
 37 -0.02413 -1.71872e-06 | 38 -0.01748 -1.85899e-05 | 39 -0.05019 -1.93026e-05
 40  0.23639 -1.09818e-04 | 41  0.24069 -1.06407e-03 | 42  0.25823  1.30540e-05
 43  0.20628 -7.28898e-07 | 44 -0.36870 -7.94519e-06 | 45 -0.01166 -2.24155e-07
 46 -12.03707  6.65398e-09 | 47 -0.70489 -4.56207e-08 | 48 -0.46846  1.04164e-05
 49 -0.52569 -8.44418e-06 | 50 -0.31229  2.06716e-07 | 51 -0.26149  2.48179e-06
 52 -0.33855  9.62882e-06 | 53  2.02009 -5.51358e-07 | 54 -0.19986  1.92741e-03
 55 -0.13792 -2.08061e-03 | 56 -0.09259  5.22373e-04 | 57 -0.11966  1.47123e-03

 - final statistics:
57 variables; iteration 603; function evaluation 739
Function value 8.3402e+01; maximum gradient component mag 3.8095e-05
Exit code = 1;  converg criter 1.0000e-04
Var    Value     Gradient |Var    Value     Gradient |Var    Value     Gradient
  1  0.45523 -5.57216e-08 |  2  0.16395  3.23090e-06 |  3 -0.07910  2.67082e-08
  4  0.02453  9.39215e-08 |  5 -0.02331  3.69622e-08 |  6  0.03566 -1.23959e-08
  7 -0.00103 -8.00495e-08 |  8 -0.05636 -5.63165e-08 |  9 -0.02409  1.14242e-07
 10 -0.00648 -1.02903e-07 | 11  0.07052  4.52493e-09 | 12  0.03317  4.64734e-09
 13  0.05867  1.32482e-07 | 14  0.01000  7.73303e-08 | 15  0.01027  5.66463e-08
 16  0.06360  1.64057e-07 | 17  0.00785  2.24345e-07 | 18 -0.06515  8.80790e-08
 19 -0.02160  1.03108e-07 | 20 -0.03852  1.75843e-07 | 21  0.05183  1.69122e-07
 22  0.05743  9.86680e-08 | 23 -0.04017  2.19010e-07 | 24 -0.02012  3.70575e-07
 25 -0.11473  4.16895e-07 | 26 -0.01742  5.65295e-07 | 27 -0.02128  9.23765e-08
 28 -0.02495 -2.26371e-07 | 29  0.03576  9.51310e-07 | 30 -0.01900 -3.64706e-07
 31  0.05298 -1.18277e-06 | 32 -0.03530 -3.71725e-07 | 33  0.03652 -1.58694e-06
 34  0.03067 -1.02855e-06 | 35  0.05704 -6.18408e-07 | 36  0.02138  4.70671e-08
 37 -0.02413  7.32462e-07 | 38 -0.01748  1.68708e-06 | 39 -0.05019 -6.60648e-07
 40  0.23639  6.44738e-06 | 41  0.24069 -1.74990e-05 | 42  0.25823 -7.64985e-07
 43  0.20628  3.70404e-08 | 44 -0.36870  4.52569e-07 | 45 -0.01166  1.27252e-08
 46 -12.03708 -4.03772e-10 | 47 -0.70489  3.33740e-09 | 48 -0.46846 -6.37650e-07
 49 -0.52569  4.83477e-07 | 50 -0.31229 -4.81055e-08 | 51 -0.26149 -1.27689e-07
 52 -0.33855 -5.71215e-07 | 53  2.02010  3.26347e-08 | 54 -0.19992  1.91148e-05
 55 -0.13791 -3.46087e-06 | 56 -0.09253 -1.84675e-05 | 57 -0.11961  3.80948e-05
Estimating row 1 out of 57 for hessian
Estimating row 2 out of 57 for hessian
Estimating row 3 out of 57 for hessian
Estimating row 4 out of 57 for hessian
Estimating row 5 out of 57 for hessian
Estimating row 6 out of 57 for hessian
Estimating row 7 out of 57 for hessian
Estimating row 8 out of 57 for hessian
Estimating row 9 out of 57 for hessian
Estimating row 10 out of 57 for hessian
Estimating row 11 out of 57 for hessian
Estimating row 12 out of 57 for hessian
Estimating row 13 out of 57 for hessian
Estimating row 14 out of 57 for hessian
Estimating row 15 out of 57 for hessian
Estimating row 16 out of 57 for hessian
Estimating row 17 out of 57 for hessian
Estimating row 18 out of 57 for hessian
Estimating row 19 out of 57 for hessian
Estimating row 20 out of 57 for hessian
Estimating row 21 out of 57 for hessian
Estimating row 22 out of 57 for hessian
Estimating row 23 out of 57 for hessian
Estimating row 24 out of 57 for hessian
Estimating row 25 out of 57 for hessian
Estimating row 26 out of 57 for hessian
Estimating row 27 out of 57 for hessian
Estimating row 28 out of 57 for hessian
Estimating row 29 out of 57 for hessian
Estimating row 30 out of 57 for hessian
Estimating row 31 out of 57 for hessian
Estimating row 32 out of 57 for hessian
Estimating row 33 out of 57 for hessian
Estimating row 34 out of 57 for hessian
Estimating row 35 out of 57 for hessian
Estimating row 36 out of 57 for hessian
Estimating row 37 out of 57 for hessian
Estimating row 38 out of 57 for hessian
Estimating row 39 out of 57 for hessian
Estimating row 40 out of 57 for hessian
Estimating row 41 out of 57 for hessian
Estimating row 42 out of 57 for hessian
Estimating row 43 out of 57 for hessian
Estimating row 44 out of 57 for hessian
Estimating row 45 out of 57 for hessian
Estimating row 46 out of 57 for hessian
Estimating row 47 out of 57 for hessian
Estimating row 48 out of 57 for hessian
Estimating row 49 out of 57 for hessian
Estimating row 50 out of 57 for hessian
Estimating row 51 out of 57 for hessian
Estimating row 52 out of 57 for hessian
Estimating row 53 out of 57 for hessian
Estimating row 54 out of 57 for hessian
Estimating row 55 out of 57 for hessian
Estimating row 56 out of 57 for hessian
Estimating row 57 out of 57 for hessian
size of file gradfil1.tmp = 0
size of file gradfil2.tmp = 0
size of file varssave.tmp = 0
size of file cmpdiff.tmp = 0
