
Initial statistics: 4 variables; iteration 0; function evaluation 0; phase 1
Function value 4.7887363e+03; maximum gradient component mag 3.2148e+04
Var    Value     Gradient |Var    Value     Gradient |Var    Value     Gradient
  1  0.39650  3.21484e+04 |  2  0.21635  2.80025e+04 |  3  0.21635  2.10189e+04
  4  0.21635  7.88896e+03 |

 - final statistics:
4 variables; iteration 15; function evaluation 28
Function value 6.1559e+02; maximum gradient component mag -1.0948e+00
Exit code = 1;  converg criter 1.0000e+01
Var    Value     Gradient |Var    Value     Gradient |Var    Value     Gradient
  1  0.18301 -1.09480e+00 |  2  0.21745 -3.85861e-01 |  3  0.19781 -6.42129e-02
  4  0.22628 -1.50665e-01 |

Initial statistics: 50 variables; iteration 0; function evaluation 0; phase 2
Function value 6.1558758e+02; maximum gradient component mag -6.9167e+02
Var    Value     Gradient |Var    Value     Gradient |Var    Value     Gradient
  1  0.18301 -1.09480e+00 |  2  0.00000  5.08364e+01 |  3  0.00000 -1.08771e+02
  4  0.00000  3.97528e+01 |  5  0.00000 -6.78085e+01 |  6  0.00000 -2.53016e+01
  7  0.00000  5.34108e+01 |  8  0.00000  6.79165e+00 |  9  0.00000  1.08538e+01
 10  0.00000 -7.47869e+01 | 11  0.00000  1.09612e+01 | 12  0.00000 -4.89339e+01
 13  0.00000 -4.42683e+00 | 14  0.00000 -5.36160e+00 | 15  0.00000 -8.32702e+01
 16  0.00000  7.54068e+00 | 17  0.00000  8.64319e+01 | 18  0.00000 -2.41129e+01
 19  0.00000  3.31876e+01 | 20  0.00000 -1.71989e+02 | 21  0.00000 -1.39022e+02
 22  0.00000  1.13589e+02 | 23  0.00000  6.93210e+00 | 24  0.00000  2.31155e+02
 25  0.00000  8.78625e+01 | 26  0.00000  1.81585e+00 | 27  0.00000  1.93031e+01
 28  0.00000 -6.43128e+01 | 29  0.00000  1.74870e+02 | 30  0.00000 -2.92841e+02
 31  0.00000  2.07043e+02 | 32  0.00000 -3.31300e+02 | 33  0.00000  4.18712e+01
 34  0.00000 -1.76561e+02 | 35  0.00000  5.21805e+01 | 36  0.00000  2.12311e+02
 37  0.00000  8.41096e+01 | 38  0.21745 -3.85861e-01 | 39  0.19781 -6.42129e-02
 40  0.22628 -1.50665e-01 | 41 -1.00000 -1.08293e-07 | 42  0.00000  1.29382e-04
 43  0.00000  3.78193e-01 | 44 -0.53989  7.98150e+00 | 45 -1.00000 -1.08293e-07
 46 -0.53989  1.29023e+01 | 47 -1.00000 -1.08293e-07 | 48 -0.53989  3.54626e+00
 49 -0.32288  2.49496e+01 | 50 -0.17585 -6.91672e+02 |

Intermediate statistics: 50 variables; iteration 20; function evaluation 43; phase 2
Function value 4.0255001e+02; maximum gradient component mag -3.5700e+03
Var    Value     Gradient |Var    Value     Gradient |Var    Value     Gradient
  1  0.17740 -1.78736e+03 |  2 -0.28547 -5.04975e+01 |  3  0.25762  1.39080e+02
  4  0.15552  3.55100e+01 |  5  0.19487  7.60536e+01 |  6  0.13395  2.09344e+02
  7  0.03062  1.42327e+02 |  8  0.04236  1.53495e+02 |  9  0.07859  1.93219e+02
 10  0.16200  2.57341e+02 | 11  0.10685  2.34566e+02 | 12  0.10500  2.38337e+02
 13  0.04862  1.97225e+02 | 14  0.04985  2.01818e+02 | 15  0.05602  1.71780e+02
 16 -0.00840  1.56373e+02 | 17 -0.08869  1.10834e+02 | 18 -0.03456  7.90822e+01
 19 -0.06669  3.76082e+01 | 20  0.02122 -8.95743e+00 | 21 -0.00673 -2.04827e+01
 22 -0.06480  1.38679e+02 | 23 -0.06730  5.96381e+01 | 24 -0.15258  1.27210e+02
 25 -0.04593  1.83751e+02 | 26 -0.04317  1.64448e+02 | 27  0.00762  2.62138e+02
 28  0.01558  2.87358e+02 | 29  0.00126  2.96016e+02 | 30  0.10761  5.92860e+02
 31 -0.05206  1.30682e+01 | 32  0.03975  1.99261e+02 | 33 -0.07151 -1.73175e+02
 34  0.04354  2.72977e+02 | 35 -0.04141  2.56068e+01 | 36 -0.04058  3.43183e+02
 37 -0.13146 -4.79312e+01 | 38  0.20392 -3.57000e+03 | 39  0.20907  4.56180e+02
 40  0.23572 -3.45672e+02 | 41 -1.10747  1.82077e-02 | 42 -0.00000  2.36988e-04
 43 -0.00654  7.20832e-03 | 44 -0.68019  2.20326e-01 | 45 -0.67129 -5.40021e+02
 46 -0.63512  4.87483e+02 | 47 -1.17103  2.76944e+01 | 48 -0.65025  1.33840e+01
 49 -0.51968  7.55872e+00 | 50 -0.05125  4.78177e+02 |
50 variables; iteration 40; function evaluation 70; phase 2
Function value 3.3983289e+02; maximum gradient component mag -3.3428e+03
Var    Value     Gradient |Var    Value     Gradient |Var    Value     Gradient
  1  0.16750 -2.53843e+03 |  2 -0.32229 -5.36579e+01 |  3  0.20781  1.48794e+02
  4  0.10398  2.61149e+01 |  5  0.13257  3.23772e+01 |  6  0.10815  2.34506e+02
  7 -0.01522  1.03206e+02 |  8  0.00518  1.32052e+02 |  9  0.03001  1.50892e+02
 10  0.12820  2.34882e+02 | 11  0.07135  1.90840e+02 | 12  0.08091  1.97657e+02
 13  0.03249  1.62661e+02 | 14  0.04533  1.83628e+02 | 15  0.06420  1.54090e+02
 16  0.00111  1.34895e+02 | 17 -0.09283  6.83840e+01 | 18 -0.02881  4.04704e+01
 19 -0.05825  2.38346e+01 | 20  0.05413  3.75898e+01 | 21  0.01694  1.45447e+00
 22 -0.07573  9.07663e+01 | 23 -0.05116  5.43833e+01 | 24 -0.14878  9.25271e+01
 25 -0.03108  1.64888e+02 | 26 -0.04503  9.31676e+01 | 27  0.01368  1.61540e+02
 28  0.01312  6.13183e+01 | 29  0.02040  3.40611e+02 | 30  0.08012  2.46776e+02
 31 -0.01412  1.79221e+02 | 32  0.02418 -7.33396e+01 | 33 -0.03414 -7.59693e+01
 34  0.04639  1.20469e+02 | 35 -0.00826  1.04212e+02 | 36 -0.01836  3.86378e+02
 37 -0.11002  9.70991e+00 | 38  0.20945 -3.34276e+03 | 39  0.20895 -2.45326e+02
 40  0.24310 -2.23109e+02 | 41 -1.17038  1.10700e-02 | 42 -0.00020  3.26895e-04
 43 -0.51975  1.78134e-01 | 44 -1.46754 -5.99341e+00 | 45 -0.68277 -4.67527e+02
 46 -0.66084  4.37036e+02 | 47 -1.14828 -1.99590e+01 | 48 -0.74302 -1.14267e+01
 49 -0.54082  4.66262e+00 | 50 -0.10195 -2.24585e+02 |
Maximum number of function evaluations exceeded

 - final statistics:
50 variables; iteration 58; function evaluation 100
Function value 2.0988e+02; maximum gradient component mag -5.7878e+02
Exit code = 3;  converg criter 1.0000e+01
Var    Value     Gradient |Var    Value     Gradient |Var    Value     Gradient
  1  0.14995 -5.78778e+02 |  2 -0.14628 -2.07895e+00 |  3 -0.01204 -8.33350e+00
  4 -0.05356 -9.17029e+00 |  5  0.00058  6.71592e+00 |  6 -0.05456  1.70031e+01
  7 -0.10278  1.03610e+01 |  8 -0.06371  1.12968e+01 |  9 -0.06090  5.78468e+00
 10  0.02907  8.69231e+00 | 11  0.00269 -2.60572e+00 | 12  0.04194 -3.78125e+00
 13  0.00081 -6.81633e+00 | 14  0.00041  1.48209e+01 | 15  0.06090  9.03726e+00
 16  0.00805  5.50880e+00 | 17 -0.05147  1.24629e+00 | 18  0.01172  7.60409e+00
 19 -0.02677 -8.43331e+00 | 20  0.07630  7.07876e+00 | 21  0.05875  6.45210e+00
 22 -0.05478  4.23370e+00 | 23 -0.01818  4.06839e+00 | 24 -0.11270  1.62570e+00
 25 -0.02422  1.93399e+00 | 26 -0.00992  6.71779e+00 | 27  0.01110 -1.53850e+00
 28  0.04092 -3.34047e+01 | 29 -0.00096 -1.64250e+01 | 30  0.07450 -6.73642e+00
 31 -0.01377  1.16493e+01 | 32  0.07847  1.37322e-01 | 33  0.03422 -8.60040e+00
 34  0.06222 -6.80048e+00 | 35  0.02010 -2.09907e+01 | 36 -0.02164 -8.78250e+00
 37  0.00314 -3.05822e+01 | 38  0.23041 -2.41360e+01 | 39  0.21395 -1.19326e+02
 40  0.25178 -6.90187e+01 | 41 -1.35198  1.05179e-03 | 42 -0.01184  1.30354e-03
 43 -1.13044  1.44136e-02 | 44 -1.30614 -8.79109e-03 | 45 -0.72044 -1.24422e+02
 46 -0.73507  1.31500e+02 | 47 -1.11143  7.52904e+01 | 48 -0.83880  5.18778e+01
 49 -0.51252  3.86789e-01 | 50 -0.06855  2.31537e+01 |

Initial statistics: 54 variables; iteration 0; function evaluation 0; phase 3
Function value 2.0988440e+02; maximum gradient component mag -1.2460e+03
Var    Value     Gradient |Var    Value     Gradient |Var    Value     Gradient
  1  0.14995 -5.78778e+02 |  2 -0.14628 -2.07895e+00 |  3 -0.01204 -8.33350e+00
  4 -0.05356 -9.17029e+00 |  5  0.00058  6.71592e+00 |  6 -0.05454  1.76249e+01
  7 -0.10277  1.09770e+01 |  8 -0.06369  1.19178e+01 |  9 -0.06088  6.40593e+00
 10  0.02909  9.31574e+00 | 11  0.00270 -1.98164e+00 | 12  0.04196 -3.15851e+00
 13  0.00083 -6.19224e+00 | 14  0.00042  1.54450e+01 | 15  0.06092  9.65847e+00
 16  0.00807  6.13284e+00 | 17 -0.05145  1.86834e+00 | 18  0.01174  8.22807e+00
 19 -0.02675 -7.80978e+00 | 20  0.07632  7.69835e+00 | 21  0.05877  7.07351e+00
 22 -0.05477  4.85549e+00 | 23 -0.01816  4.69223e+00 | 24 -0.11269  2.24005e+00
 25 -0.02420  2.55762e+00 | 26 -0.00991  7.34181e+00 | 27  0.01112 -9.14503e-01
 28  0.04094 -3.27818e+01 | 29 -0.00095 -1.58009e+01 | 30  0.07452 -6.11658e+00
 31 -0.01376  1.22733e+01 | 32  0.07848  7.56672e-01 | 33  0.03424 -7.97720e+00
 34  0.06224 -6.17936e+00 | 35  0.02012 -2.03669e+01 | 36 -0.02163 -8.15878e+00
 37  0.00316 -2.99581e+01 | 38  0.23041 -2.41360e+01 | 39  0.21395 -1.19326e+02
 40  0.25178 -6.90187e+01 | 41 -0.64802 -1.05179e-03 | 42 -0.01184  1.30354e-03
 43 -0.86956 -1.44136e-02 | 44 -0.69386  8.79109e-03 | 45 -0.72044 -1.24422e+02
 46 -0.73507  1.31500e+02 | 47 -0.88857 -7.52904e+01 | 48 -0.83880  5.18778e+01
 49 -0.51252  3.86789e-01 | 50  0.21635  7.86602e-02 | 51 -0.17585 -1.24596e+03
 52 -0.12819  4.44524e-03 | 53 -0.06855  2.31537e+01 | 54  0.05795  9.86587e+01

Intermediate statistics: 54 variables; iteration 20; function evaluation 29; phase 3
Function value 1.5132202e+02; maximum gradient component mag 8.5512e+02
Var    Value     Gradient |Var    Value     Gradient |Var    Value     Gradient
  1  0.14423  8.55123e+02 |  2 -0.14179  1.12792e-01 |  3 -0.00670  4.02697e+00
  4 -0.04448  2.15521e+00 |  5  0.00230  3.00748e+00 |  6 -0.06170 -6.47040e+00
  7 -0.10969 -3.68017e+00 |  8 -0.06872 -6.85962e+00 |  9 -0.07182 -5.20899e+00
 10  0.02716 -9.64798e+00 | 11  0.00886 -8.00050e+00 | 12  0.04921 -7.67989e+00
 13  0.00526  4.12283e-01 | 14 -0.00625 -6.06941e+00 | 15  0.06109 -1.53127e+01
 16  0.00739 -2.43432e+01 | 17 -0.05958 -2.05131e+01 | 18 -0.01780 -5.11825e+01
 19 -0.02754 -1.92061e+01 | 20  0.04248 -3.10969e+01 | 21  0.04145 -4.47361e+00
 22 -0.05397  1.48252e+01 | 23 -0.03081  1.07382e+01 | 24 -0.11427  1.09947e+01
 25 -0.00821  2.86610e+01 | 26 -0.02080 -9.50000e+00 | 27 -0.01060 -1.67457e+01
 28  0.06229  4.73222e+01 | 29  0.00930  3.88005e+01 | 30  0.07419  4.76209e+01
 31 -0.02290  1.14517e+01 | 32  0.09365  5.94721e+01 | 33  0.04981  4.61846e+01
 34  0.06702  3.06739e+01 | 35  0.03587  2.14349e+01 | 36 -0.00339 -9.27389e+00
 37  0.05497 -1.43694e+01 | 38  0.23965  7.64310e+02 | 39  0.24364 -1.79551e+02
 40  0.26389  2.24366e+02 | 41 -0.64800 -5.98969e-03 | 42 -0.01184 -3.62014e-04
 43 -0.86949 -1.44260e-02 | 44 -0.69388  5.29870e-03 | 45 -0.70831  2.06000e+02
 46 -0.73831 -2.30437e+02 | 47 -0.87654 -2.39873e+01 | 48 -0.83613  1.80043e+01
 49 -0.51369 -1.64481e+00 | 50  0.21611 -3.27416e-01 | 51 -0.10557 -5.62650e+01
 52 -0.10871  5.97065e+01 | 53 -0.13669 -4.03026e+01 | 54 -0.08927  2.21226e+01
54 variables; iteration 40; function evaluation 52; phase 3
Function value 1.4890066e+02; maximum gradient component mag 2.4951e+02
Var    Value     Gradient |Var    Value     Gradient |Var    Value     Gradient
  1  0.14323 -2.12655e+02 |  2 -0.12821  4.00523e+00 |  3 -0.00664 -1.02134e+01
  4 -0.04851 -2.21610e+01 |  5  0.00481 -1.62436e+01 |  6 -0.06465 -4.18604e-01
  7 -0.12006 -7.33556e+00 |  8 -0.06749  1.21830e+01 |  9 -0.09319 -8.90850e+00
 10  0.02231 -1.04120e+00 | 11  0.01008  5.45759e+00 | 12  0.05369  4.22124e+00
 13  0.00707  4.25322e+00 | 14 -0.00211  9.17268e+00 | 15  0.06200 -7.79186e+00
 16  0.01243 -1.83747e+00 | 17 -0.05991 -8.51444e+00 | 18 -0.00982 -4.59262e+00
 19 -0.02334 -5.18142e-01 | 20  0.04741 -5.94005e+00 | 21  0.04494  2.38435e+00
 22 -0.05752  9.99935e-02 | 23 -0.03094 -2.34811e+00 | 24 -0.11063  7.35363e+00
 25 -0.00762 -2.35560e+01 | 26 -0.01976 -1.35659e+01 | 27 -0.00641 -8.19163e+00
 28  0.06201  1.91173e+01 | 29  0.00680  4.86030e+00 | 30  0.07405  2.07908e+01
 31 -0.02328 -1.78510e+00 | 32  0.08971  3.99722e+01 | 33  0.04505  1.58572e+01
 34  0.06793  1.98836e+01 | 35  0.03677  2.21005e+01 | 36  0.00011  1.09588e+01
 37  0.05597 -5.13580e+00 | 38  0.23770  2.49513e+02 | 39  0.24515 -1.32046e+01
 40  0.26106  1.40089e+00 | 41 -0.64447 -6.97361e-03 | 42 -0.01178 -7.03328e-04
 43 -0.85971 -1.34787e-02 | 44 -0.69785  2.79332e-03 | 45 -0.53055  4.75398e+01
 46 -0.57694 -4.39474e+01 | 47 -0.88187 -7.55336e+01 | 48 -0.84247  5.64908e+01
 49 -0.68810 -1.92040e-02 | 50  0.18213 -5.39513e-03 | 51 -0.10480 -8.05453e+01
 52 -0.10766  8.43804e+01 | 53 -0.13652  6.73196e+01 | 54 -0.09210 -2.85500e+01
54 variables; iteration 60; function evaluation 90; phase 3
Function value 1.4758291e+02; maximum gradient component mag -3.4373e+01
Var    Value     Gradient |Var    Value     Gradient |Var    Value     Gradient
  1  0.14423 -3.43734e+01 |  2 -0.13941  6.16450e-01 |  3 -0.00600  1.07828e+00
  4 -0.04397  2.68306e-01 |  5  0.00242  1.27482e+00 |  6 -0.06124  2.79121e+00
  7 -0.11119  1.16677e+00 |  8 -0.06876  2.02300e+00 |  9 -0.07424  7.76726e-01
 10  0.02817  1.06016e+00 | 11  0.00993  3.21307e-01 | 12  0.05092  2.09067e-01
 13  0.00494  6.94721e-01 | 14 -0.00651  1.20760e+00 | 15  0.06380  2.32060e+00
 16  0.01058  2.04838e+00 | 17 -0.05816  1.02261e+00 | 18 -0.01168  4.15787e-01
 19 -0.02437  7.17455e-01 | 20  0.04850 -2.83165e-02 | 21  0.04362 -1.17252e+00
 22 -0.05706 -1.50497e+00 | 23 -0.03244 -4.70211e+00 | 24 -0.11782 -5.80363e+00
 25 -0.01301 -1.95583e+01 | 26 -0.01777 -1.65144e+00 | 27 -0.00450  1.25188e+00
 28  0.05836  3.07271e+00 | 29  0.00580  1.55489e+00 | 30  0.07161  2.51920e+00
 31 -0.02275  2.70258e-01 | 32  0.08340  6.30919e-01 | 33  0.04186  4.25067e-01
 34  0.06535  1.89605e+00 | 35  0.03380  1.79121e+00 | 36 -0.00118  4.13957e-01
 37  0.06112  1.91840e-01 | 38  0.23631  5.58863e+00 | 39  0.24541  3.08689e+00
 40  0.26092  3.48058e+00 | 41 -0.43444 -2.33640e-01 | 42  0.01715 -1.91041e-02
 43 -0.65310 -5.08307e-03 | 44 -0.70453  6.34061e-05 | 45 -0.64637  6.02651e+00
 46 -0.67690 -6.46326e+00 | 47 -0.88084 -2.85863e+00 | 48 -0.84197  2.12594e+00
 49 -0.78473 -7.83482e-03 | 50  0.07779  1.32718e-03 | 51 -0.10396 -4.43636e+00
 52 -0.10922  5.00834e+00 | 53 -0.15166  1.02659e+01 | 54 -0.12414 -4.77692e+00
54 variables; iteration 80; function evaluation 113; phase 3
Function value 1.4748983e+02; maximum gradient component mag 2.1849e+00
Var    Value     Gradient |Var    Value     Gradient |Var    Value     Gradient
  1  0.14424  2.18493e+00 |  2 -0.14090  2.44426e-02 |  3 -0.00643  5.96820e-02
  4 -0.04401 -2.45270e-02 |  5  0.00209 -6.30254e-02 |  6 -0.06245  3.85019e-02
  7 -0.11212 -9.95540e-02 |  8 -0.06989 -1.70183e-01 |  9 -0.07595 -2.00388e-02
 10  0.02746 -9.48670e-03 | 11  0.00987 -6.79985e-02 | 12  0.05113 -7.09419e-02
 13  0.00503 -6.25981e-03 | 14 -0.00663  1.46417e-02 | 15  0.06357  1.60315e-01
 16  0.01044  1.30993e-01 | 17 -0.05803  5.42148e-02 | 18 -0.01142 -3.40664e-02
 19 -0.02410  1.05971e-02 | 20  0.04863 -2.67293e-02 | 21  0.04389 -3.71831e-02
 22 -0.05651 -4.50670e-02 | 23 -0.03208 -3.89500e-02 | 24 -0.11666 -1.18012e-01
 25 -0.01051 -2.34478e-01 | 26 -0.01776 -2.53471e-02 | 27 -0.00481 -5.57952e-02
 28  0.05814  8.42632e-02 | 29  0.00581  1.44678e-02 | 30  0.07165  1.16424e-01
 31 -0.02238 -9.04886e-02 | 32  0.08360 -9.36539e-02 | 33  0.04209 -7.89138e-02
 34  0.06535 -1.73201e-02 | 35  0.03369 -8.62481e-03 | 36 -0.00111 -8.01804e-02
 37  0.06119 -8.20987e-02 | 38  0.23623  4.87766e-01 | 39  0.24529 -5.47507e-02
 40  0.26056 -5.67382e-02 | 41 -0.42629  1.62461e-01 | 42  0.05755  1.23836e-02
 43 -0.18369 -7.56690e-04 | 44 -0.71400  2.34255e-04 | 45 -0.68483  2.10515e-01
 46 -0.71165 -2.30464e-01 | 47 -0.83204  8.29209e-01 | 48 -0.77705 -6.39222e-01
 49 -0.60284 -2.37344e-03 | 50 -0.25027 -3.65588e-04 | 51 -0.10535 -1.16038e-01
 52 -0.11063  3.16636e-01 | 53 -0.15510  5.16533e-01 | 54 -0.13140 -2.36100e-01
54 variables; iteration 100; function evaluation 133; phase 3
Function value 1.4748776e+02; maximum gradient component mag 5.4583e-01
Var    Value     Gradient |Var    Value     Gradient |Var    Value     Gradient
  1  0.14427  5.45831e-01 |  2 -0.14090 -4.67496e-03 |  3 -0.00644 -1.73285e-02
  4 -0.04402 -3.90612e-02 |  5  0.00206 -9.38055e-02 |  6 -0.06241  4.18314e-02
  7 -0.11201  2.81077e-02 |  8 -0.06975  7.29837e-02 |  9 -0.07577 -1.47704e-02
 10  0.02748 -2.38557e-03 | 11  0.00987 -6.77201e-04 | 12  0.05111  9.34977e-03
 13  0.00502  1.36978e-02 | 14 -0.00661  1.68033e-03 | 15  0.06351  1.66152e-03
 16  0.01039  7.42124e-03 | 17 -0.05808 -2.39420e-03 | 18 -0.01143  4.31717e-03
 19 -0.02412  5.46434e-03 | 20  0.04864  6.92278e-03 | 21  0.04392  1.23287e-02
 22 -0.05651 -4.49758e-03 | 23 -0.03207 -4.61465e-03 | 24 -0.11665 -1.04907e-02
 25 -0.01041 -5.99373e-03 | 26 -0.01779 -9.51028e-04 | 27 -0.00486 -3.86655e-03
 28  0.05808 -2.90027e-04 | 29  0.00577 -4.25105e-03 | 30  0.07163 -5.72140e-04
 31 -0.02238 -5.61580e-03 | 32  0.08359  4.33377e-03 | 33  0.04206 -7.65444e-03
 34  0.06532 -2.05149e-03 | 35  0.03363 -6.00589e-03 | 36 -0.00117 -1.11699e-02
 37  0.06113 -1.21427e-02 | 38  0.23620  7.14991e-02 | 39  0.24526 -1.98672e-01
 40  0.26052  2.03782e-02 | 41 -0.42125  8.49206e-04 | 42 -0.06180 -5.65543e-05
 43 -0.00723  1.51147e-04 | 44 -0.71923  2.75612e-05 | 45 -0.69121  1.29421e-02
 46 -0.71742 -1.94821e-02 | 47 -0.75553  3.90715e-01 | 48 -0.67454 -2.89706e-01
 49 -0.59326 -5.38461e-04 | 50 -0.21443  5.33645e-04 | 51 -0.10807  1.22474e-01
 52 -0.11314  1.62428e-03 | 53 -0.15452  3.67497e-02 | 54 -0.13013 -8.06986e-03
54 variables; iteration 120; function evaluation 153; phase 3
Function value 1.4748735e+02; maximum gradient component mag 2.7192e+00
Var    Value     Gradient |Var    Value     Gradient |Var    Value     Gradient
  1  0.14430  2.71915e+00 |  2 -0.14092 -1.77153e-02 |  3 -0.00644  2.23115e-02
  4 -0.04402  4.35847e-02 |  5  0.00206  3.70710e-02 |  6 -0.06238  2.57462e-02
  7 -0.11193  9.18316e-02 |  8 -0.06969  1.34767e-01 |  9 -0.07564 -1.37324e-02
 10  0.02750 -1.20207e-02 | 11  0.00988  3.50033e-02 | 12  0.05109  7.52442e-02
 13  0.00501  2.14318e-02 | 14 -0.00660 -2.31673e-02 | 15  0.06346 -6.48272e-02
 16  0.01035 -1.22234e-02 | 17 -0.05812 -3.19220e-02 | 18 -0.01142  8.55408e-02
 19 -0.02414  2.06900e-02 | 20  0.04866  4.95775e-02 | 21  0.04393  4.64031e-02
 22 -0.05650 -1.15583e-02 | 23 -0.03205  1.91830e-02 | 24 -0.11664  1.63055e-02
 25 -0.01033  1.51062e-01 | 26 -0.01780  4.61556e-02 | 27 -0.00489  3.09670e-02
 28  0.05803  2.71286e-02 | 29  0.00574  3.57762e-04 | 30  0.07161 -2.38367e-03
 31 -0.02237  3.81827e-02 | 32  0.08358  6.29371e-03 | 33  0.04205  3.40813e-03
 34  0.06530  3.27424e-02 | 35  0.03359 -1.76615e-02 | 36 -0.00121 -2.66762e-02
 37  0.06109  4.66300e-05 | 38  0.23618 -8.64217e-01 | 39  0.24523 -2.05105e-01
 40  0.26049  5.68179e-01 | 41 -0.42666 -1.10381e-02 | 42 -0.00502 -6.87667e-04
 43 -0.03931 -8.51718e-06 | 44 -0.71830  6.20992e-05 | 45 -0.68555  2.13973e-01
 46 -0.71223 -2.34721e-01 | 47 -0.75506 -4.57544e-02 | 48 -0.67375  3.57532e-02
 49 -0.55894 -1.40469e-04 | 50 -0.31501 -2.61768e-04 | 51 -0.11260  3.29205e-01
 52 -0.11733 -2.87561e-01 | 53 -0.16283 -4.72052e-01 | 54 -0.14788  2.19347e-01
  ic > imax  in fminim is answer attained ?
Var    Value     Gradient |Var    Value     Gradient |Var    Value     Gradient
  1  0.14427  2.78136e-02 |  2 -0.14089 -1.62046e-03 |  3 -0.00643  4.58748e-03
  4 -0.04400  9.47062e-03 |  5  0.00208  1.63853e-02 |  6 -0.06241  5.69460e-03
  7 -0.11201  1.22594e-02 |  8 -0.06977  1.82478e-02 |  9 -0.07577  3.67159e-05
 10  0.02748  1.23198e-04 | 11  0.00987  2.99771e-03 | 12  0.05111  4.54268e-03
 13  0.00502  1.83203e-03 | 14 -0.00661 -5.31745e-04 | 15  0.06351 -1.43744e-03
 16  0.01039 -5.04858e-04 | 17 -0.05808  8.69765e-04 | 18 -0.01143  3.57516e-03
 19 -0.02412  1.32240e-03 | 20  0.04864  3.66809e-03 | 21  0.04392  1.74504e-03
 22 -0.05650  2.52934e-03 | 23 -0.03206  4.66945e-03 | 24 -0.11664  6.79040e-03
 25 -0.01039  2.13848e-02 | 26 -0.01778 -2.68174e-04 | 27 -0.00486 -7.63283e-03
 28  0.05807 -3.56482e-02 | 29  0.00577 -3.26911e-04 | 30  0.07163 -1.38893e-02
 31 -0.02238  1.38558e-02 | 32  0.08359 -2.75295e-02 | 33  0.04206  1.66614e-03
 34  0.06532 -9.61820e-03 | 35  0.03363 -6.86875e-03 | 36 -0.00117  5.77105e-03
 37  0.06114  1.70068e-02 | 38  0.23620 -2.60677e-03 | 39  0.24525 -3.35796e-02
 40  0.26051  1.88658e-02 | 41 -0.42657 -4.23481e-03 | 42  0.00499 -1.09059e-04
 43  0.03151  3.43678e-04 | 44 -0.72035  5.75806e-06 | 45 -0.68309  1.27732e-02
 46 -0.71001 -1.12992e-02 | 47 -0.75649 -2.88301e-03 | 48 -0.67576  2.26708e-03
 49 -0.56819 -1.25864e-04 | 50 -0.28322  3.65728e-05 | 51 -0.12025  4.28755e-02
 52 -0.12441 -3.06337e-02 | 53 -0.17538 -1.16213e+01 | 54 -0.17483  5.39705e+00
Function minimizer not making progress ... is minimum attained?
Minimprove criterion = 0.0000e+00

 - final statistics:
54 variables; iteration 136; function evaluation 203
Function value 1.4749e+02; maximum gradient component mag -1.1621e+01
Exit code = 1;  converg criter 1.0000e-04
Var    Value     Gradient |Var    Value     Gradient |Var    Value     Gradient
  1  0.14427  2.78136e-02 |  2 -0.14089 -1.62046e-03 |  3 -0.00643  4.58748e-03
  4 -0.04400  9.47062e-03 |  5  0.00208  1.63853e-02 |  6 -0.06241  5.69460e-03
  7 -0.11201  1.22594e-02 |  8 -0.06977  1.82478e-02 |  9 -0.07577  3.67159e-05
 10  0.02748  1.23198e-04 | 11  0.00987  2.99771e-03 | 12  0.05111  4.54268e-03
 13  0.00502  1.83203e-03 | 14 -0.00661 -5.31745e-04 | 15  0.06351 -1.43744e-03
 16  0.01039 -5.04858e-04 | 17 -0.05808  8.69765e-04 | 18 -0.01143  3.57516e-03
 19 -0.02412  1.32240e-03 | 20  0.04864  3.66809e-03 | 21  0.04392  1.74504e-03
 22 -0.05650  2.52934e-03 | 23 -0.03206  4.66945e-03 | 24 -0.11664  6.79040e-03
 25 -0.01039  2.13848e-02 | 26 -0.01778 -2.68174e-04 | 27 -0.00486 -7.63283e-03
 28  0.05807 -3.56482e-02 | 29  0.00577 -3.26911e-04 | 30  0.07163 -1.38893e-02
 31 -0.02238  1.38558e-02 | 32  0.08359 -2.75295e-02 | 33  0.04206  1.66614e-03
 34  0.06532 -9.61820e-03 | 35  0.03363 -6.86875e-03 | 36 -0.00117  5.77105e-03
 37  0.06114  1.70068e-02 | 38  0.23620 -2.60677e-03 | 39  0.24525 -3.35796e-02
 40  0.26051  1.88658e-02 | 41 -0.42657 -4.23481e-03 | 42  0.00499 -1.09059e-04
 43  0.03151  3.43678e-04 | 44 -0.72035  5.75806e-06 | 45 -0.68309  1.27732e-02
 46 -0.71001 -1.12992e-02 | 47 -0.75649 -2.88301e-03 | 48 -0.67576  2.26708e-03
 49 -0.56819 -1.25864e-04 | 50 -0.28322  3.65728e-05 | 51 -0.12025  4.28755e-02
 52 -0.12441 -3.06337e-02 | 53 -0.17538 -1.16213e+01 | 54 -0.17483  5.39705e+00
Estimating row 1 out of 54 for hessian
Estimating row 2 out of 54 for hessian
Estimating row 3 out of 54 for hessian
Estimating row 4 out of 54 for hessian
Estimating row 5 out of 54 for hessian
Estimating row 6 out of 54 for hessian
Estimating row 7 out of 54 for hessian
Estimating row 8 out of 54 for hessian
Estimating row 9 out of 54 for hessian
Estimating row 10 out of 54 for hessian
Estimating row 11 out of 54 for hessian
Estimating row 12 out of 54 for hessian
Estimating row 13 out of 54 for hessian
Estimating row 14 out of 54 for hessian
Estimating row 15 out of 54 for hessian
Estimating row 16 out of 54 for hessian
Estimating row 17 out of 54 for hessian
Estimating row 18 out of 54 for hessian
Estimating row 19 out of 54 for hessian
Estimating row 20 out of 54 for hessian
Estimating row 21 out of 54 for hessian
Estimating row 22 out of 54 for hessian
Estimating row 23 out of 54 for hessian
Estimating row 24 out of 54 for hessian
Estimating row 25 out of 54 for hessian
Estimating row 26 out of 54 for hessian
Estimating row 27 out of 54 for hessian
Estimating row 28 out of 54 for hessian
Estimating row 29 out of 54 for hessian
Estimating row 30 out of 54 for hessian
Estimating row 31 out of 54 for hessian
Estimating row 32 out of 54 for hessian
Estimating row 33 out of 54 for hessian
Estimating row 34 out of 54 for hessian
Estimating row 35 out of 54 for hessian
Estimating row 36 out of 54 for hessian
Estimating row 37 out of 54 for hessian
Estimating row 38 out of 54 for hessian
Estimating row 39 out of 54 for hessian
Estimating row 40 out of 54 for hessian
Estimating row 41 out of 54 for hessian
Estimating row 42 out of 54 for hessian
Estimating row 43 out of 54 for hessian
Estimating row 44 out of 54 for hessian
Estimating row 45 out of 54 for hessian
Estimating row 46 out of 54 for hessian
Estimating row 47 out of 54 for hessian
Estimating row 48 out of 54 for hessian
Estimating row 49 out of 54 for hessian
Estimating row 50 out of 54 for hessian
Estimating row 51 out of 54 for hessian
Estimating row 52 out of 54 for hessian
Estimating row 53 out of 54 for hessian
Estimating row 54 out of 54 for hessian
size of file gradfil1.tmp = 0
size of file gradfil2.tmp = 0
size of file varssave.tmp = 0
size of file cmpdiff.tmp = 0
