
Initial statistics: 7 variables; iteration 0; function evaluation 0; phase 1
Function value 5.2198395e+03; maximum gradient component mag 3.3425e+04
Var    Value     Gradient |Var    Value     Gradient |Var    Value     Gradient
  1  0.00000 -1.88800e+03 |  2  0.39650  3.34252e+04 |  3  0.21635  2.81623e+04
  4  0.21635  2.09750e+04 |  5  0.21635  1.42496e+04 |  6 -0.17585 -2.05311e+03
  7  0.05795 -1.43057e+01 |

Intermediate statistics: 7 variables; iteration 20; function evaluation 32; phase 1
Function value 8.9078821e+02; maximum gradient component mag -3.7017e+02
Var    Value     Gradient |Var    Value     Gradient |Var    Value     Gradient
  1  0.52985  1.44482e+01 |  2  0.22787 -3.70167e+02 |  3  0.19905 -1.19452e+02
  4  0.18491 -8.26321e+01 |  5  0.19331 -6.59073e+01 |  6 -0.06070 -1.16297e+02
  7  0.05878  5.71128e+01 |

 - final statistics:
7 variables; iteration 28; function evaluation 40
Function value 8.8762e+02; maximum gradient component mag 7.8666e+00
Exit code = 1;  converg criter 1.0000e+01
Var    Value     Gradient |Var    Value     Gradient |Var    Value     Gradient
  1  0.57654  1.29934e+00 |  2  0.23219  7.86664e+00 |  3  0.19728  2.43274e+00
  4  0.18309 -1.36235e+00 |  5  0.20470  7.85061e+00 |  6  0.05401 -3.68519e+00
  7  0.16251  2.51897e+00 |

Initial statistics: 57 variables; iteration 0; function evaluation 0; phase 2
Function value 8.8761863e+02; maximum gradient component mag -7.4248e+03
Var    Value     Gradient |Var    Value     Gradient |Var    Value     Gradient
  1  0.57654  1.29934e+00 |  2  0.23219  7.86664e+00 |  3  0.00000  2.23400e+01
  4  0.00000 -1.09664e+02 |  5  0.00000  4.36749e+01 |  6  0.00000 -6.59233e+01
  7  0.00000 -3.50762e+01 |  8  0.00000  4.56825e+01 |  9  0.00000  2.78787e+00
 10  0.00000  5.16706e+00 | 11  0.00000 -7.04814e+01 | 12  0.00000  2.20155e+01
 13  0.00000 -3.40835e+01 | 14  0.00000  1.19315e-01 | 15  0.00000 -1.08095e+01
 16  0.00000 -7.26937e+01 | 17  0.00000  2.14128e+01 | 18  0.00000  1.22386e+02
 19  0.00000 -3.54182e+01 | 20  0.00000  1.59534e+02 | 21  0.00000 -2.52764e+02
 22  0.00000 -2.21554e+02 | 23  0.00000  2.00606e+01 | 24  0.00000  7.49963e+01
 25  0.00000  3.26118e+02 | 26  0.00000 -1.00379e+02 | 27  0.00000  4.64913e+01
 28  0.00000  4.19462e+02 | 29  0.00000 -4.02833e+02 | 30  0.00000 -5.28430e+01
 31  0.00000 -4.21648e+02 | 32  0.00000  3.24400e+02 | 33  0.00000 -5.23015e+02
 34  0.00000  1.77129e+01 | 35  0.00000 -1.08838e+02 | 36  0.00000  2.14676e+02
 37  0.00000  2.22656e+02 | 38  0.00000  2.10166e+02 | 39  0.00000  8.65933e+01
 40  0.19728  2.43274e+00 | 41  0.18309 -1.36235e+00 | 42  0.21635  1.06120e+03
 43  0.20470  7.85061e+00 | 44 -1.00000 -1.08293e-07 | 45  0.00000  4.37836e-05
 46  0.00000  1.49307e-01 | 47 -0.53989  3.14623e+00 | 48 -1.00000 -1.08293e-07
 49 -0.53989  1.33838e+01 | 50 -1.00000 -1.08293e-07 | 51 -0.53989  3.42516e+00
 52 -0.32288  2.20752e+01 | 53  0.21635  6.80101e-01 | 54 -0.17585 -2.62411e+03
 55 -0.12819 -7.42485e+03 | 56  0.05401 -3.68519e+00 | 57  0.16251  2.51897e+00

Intermediate statistics: 57 variables; iteration 20; function evaluation 35; phase 2
Function value 5.8838904e+02; maximum gradient component mag -8.3386e+03
Var    Value     Gradient |Var    Value     Gradient |Var    Value     Gradient
  1  0.71099  3.63985e+01 |  2  0.17400 -7.51615e+02 |  3 -0.05967 -1.76045e+01
  4  0.29981  1.37665e+02 |  5  0.07435 -9.66938e+01 |  6  0.17893  6.29475e+01
  7  0.10270 -4.74793e+00 |  8 -0.06477 -1.39537e+02 |  9 -0.02627 -8.44381e+01
 10  0.03079 -4.61969e+01 | 11  0.15299  3.80280e+01 | 12  0.02714 -1.02432e+02
 13  0.05992 -4.70700e+01 | 14  0.01021 -7.44152e+01 | 15  0.04109 -3.14117e+01
 16  0.10106  1.37234e+01 | 17 -0.02344 -1.76981e+02 | 18 -0.13143 -2.38475e+02
 19 -0.05988 -1.79756e+02 | 20 -0.02111 -2.58370e+01 | 21  0.08923 -2.38333e+01
 22  0.10961  5.82712e+01 | 23 -0.05689 -1.94861e+02 | 24 -0.13297 -3.84417e+02
 25 -0.19802 -2.80474e+02 | 26  0.03841 -3.35483e+01 | 27 -0.13058 -2.43009e+02
 28 -0.01691  3.69925e+02 | 29  0.05616  8.05624e+01 | 30 -0.00914 -1.73649e+02
 31  0.05742  2.92555e+02 | 32 -0.01450 -7.82965e+01 | 33  0.03588 -3.13578e+02
 34  0.01871 -1.70303e+01 | 35 -0.01269 -7.34813e+02 | 36  0.05382  5.49129e+02
 37  0.00722  3.87180e+02 | 38 -0.05609  1.12337e+02 | 39 -0.09328 -2.02529e+02
 40  0.23332 -2.92865e+02 | 41  0.23123 -4.12617e+02 | 42  0.24713 -3.94894e-03
 43  0.26960  1.89300e+03 | 44 -0.84679 -1.27096e-02 | 45 -0.00000  7.14249e-05
 46 -0.00156  1.23458e-01 | 47 -0.57314  2.83019e+00 | 48 -0.62388 -8.94439e+02
 49 -0.54692  7.72889e+02 | 50 -0.75190 -8.31465e+01 | 51 -0.59149  4.97366e+01
 52 -0.30674 -1.36852e+02 | 53  0.21089 -2.54992e+00 | 54 -0.14463  1.95347e+03
 55 -0.12666 -8.33864e+03 | 56  0.11883 -3.75972e+02 | 57  0.16648  1.59763e+02
57 variables; iteration 40; function evaluation 60; phase 2
Function value 4.6193020e+02; maximum gradient component mag -6.7731e+03
Var    Value     Gradient |Var    Value     Gradient |Var    Value     Gradient
  1  1.42956  1.33274e+01 |  2  0.17815 -1.69069e+03 |  3  0.04449  6.87943e-01
  4  0.44173  1.79364e+02 |  5  0.14838 -1.27990e+02 |  6  0.32717  1.03435e+02
  7  0.24665  1.31366e+01 |  8  0.06368 -1.22392e+02 |  9  0.04851 -1.00534e+02
 10  0.07919 -4.64599e+01 | 11  0.11379 -3.07076e+01 | 12 -0.00897 -1.39974e+02
 13  0.02244 -9.41577e+01 | 14 -0.03066 -1.03559e+02 | 15 -0.02620 -9.09731e+01
 16  0.08075  3.11978e+01 | 17 -0.02993 -1.17022e+02 | 18 -0.09065 -9.95404e+01
 19 -0.05475 -1.33281e+02 | 20 -0.05365 -1.05095e+02 | 21  0.11395  1.04082e+02
 22  0.09148 -2.31220e+01 | 23 -0.07583 -2.86890e+02 | 24 -0.09296 -4.83231e+02
 25 -0.23167 -5.79159e+02 | 26 -0.01768 -5.22616e+02 | 27 -0.12118 -5.93152e+02
 28 -0.08285  1.48748e+02 | 29  0.04516  1.40093e+02 | 30 -0.02252 -1.11506e+02
 31  0.04749  3.57276e+02 | 32 -0.01147  4.82272e+01 | 33  0.03425 -1.32823e+02
 34  0.00226 -1.77597e+02 | 35  0.00354 -3.14556e+02 | 36  0.01583  2.17343e+02
 37 -0.01029  3.20690e+02 | 38 -0.06764 -1.43303e+02 | 39 -0.07072 -1.96735e+02
 40  0.24459  3.70744e+02 | 41  0.23177 -2.60846e+02 | 42  0.24140 -6.49917e+02
 43  0.28381  1.21856e+03 | 44 -0.36860  1.29255e+02 | 45 -0.24867  4.15933e+00
 46 -0.11721  4.15542e+00 | 47 -2.63636 -1.03766e+01 | 48 -0.64422 -4.06824e+02
 49 -0.64652  4.11072e+02 | 50 -0.84415  9.69583e+01 | 51 -0.77727 -6.75055e+01
 52 -0.27586  7.12084e+02 | 53 -0.43863 -5.10131e+00 | 54 -0.13298  2.95703e+03
 55 -0.11558 -6.77308e+03 | 56  0.22880 -1.76413e+02 | 57  0.17954  1.20290e+01
57 variables; iteration 60; function evaluation 85; phase 2
Function value 2.4354441e+02; maximum gradient component mag -1.0871e+03
Var    Value     Gradient |Var    Value     Gradient |Var    Value     Gradient
  1  1.56090  2.54853e+01 |  2  0.16747 -3.86597e+02 |  3 -0.08113 -6.99489e+00
  4  0.07412  4.24180e+01 |  5  0.01115  2.52693e+01 |  6  0.02664 -1.84922e+01
  7 -0.01325  1.42492e+01 |  8 -0.10377 -4.02120e+01 |  9 -0.03688  6.02630e+00
 10  0.00066  1.52941e+01 | 11  0.10391  5.92206e+01 | 12  0.02456 -1.01325e+01
 13  0.03747 -2.69098e+01 | 14 -0.03395 -5.62080e+01 | 15 -0.01084  9.72225e+00
 16  0.06809  3.66179e+01 | 17  0.01502  4.47369e+01 | 18 -0.05730  2.80431e+01
 19  0.00165  6.36391e+01 | 20 -0.02423  5.84843e+01 | 21  0.08471  4.45264e+01
 22  0.08963  3.36412e+01 | 23 -0.03579 -2.10633e+01 | 24 -0.06924 -5.10088e+01
 25 -0.14563 -6.12648e+01 | 26  0.00192  1.24403e+01 | 27 -0.06136 -4.68090e+01
 28 -0.07796 -1.46094e+01 | 29  0.05737  3.99789e+01 | 30 -0.00096  4.02354e+01
 31  0.02886 -1.31221e+02 | 32 -0.01253  1.37657e+00 | 33  0.07943  8.44467e+01
 34  0.05507  1.31583e+02 | 35  0.04714 -4.79428e+01 | 36  0.03359  7.42744e+01
 37 -0.01066 -4.80276e+01 | 38 -0.03088 -7.95698e+01 | 39  0.00009  1.14503e+01
 40  0.24463  2.05013e+02 | 41  0.23311 -4.09697e+02 | 42  0.24456 -3.54782e+02
 43  0.25725 -7.53537e+02 | 44 -0.40416  9.54973e+00 | 45  0.35532  3.72161e-01
 46 -1.08899 -6.47195e-02 | 47 -1.85413 -5.31110e+00 | 48 -0.56029 -9.64625e+01
 49 -0.58770  1.06527e+02 | 50 -0.70304 -7.04337e+00 | 51 -0.58837  4.45773e+00
 52 -0.27952  6.97108e+02 | 53 -0.94932 -3.50538e-01 | 54 -0.10743  6.52795e+02
 55 -0.07912 -1.08706e+03 | 56  0.19243  1.49479e+02 | 57  0.18702 -6.57579e+01
Maximum number of function evaluations exceeded

 - final statistics:
57 variables; iteration 76; function evaluation 100
Function value 2.1053e+02; maximum gradient component mag -2.3655e+02
Exit code = 3;  converg criter 1.0000e+01
Var    Value     Gradient |Var    Value     Gradient |Var    Value     Gradient
  1  1.66622 -8.74944e+00 |  2  0.15478 -2.36553e+02 |  3 -0.09048 -1.83279e+00
  4  0.02351  1.49286e-01 |  5 -0.02075  2.67074e+00 |  6  0.03524  1.60361e+00
  7 -0.00476  7.10288e+00 |  8 -0.05898  7.18882e+00 |  9 -0.02636  8.23155e+00
 10 -0.01417  2.62851e+00 | 11  0.06669  4.47494e+00 | 12  0.03311  6.18853e+00
 13  0.05877  4.03362e+00 | 14  0.00446  2.95202e+00 | 15  0.00125  7.94687e+00
 16  0.06512  9.10917e-01 | 17  0.01595  4.51743e+00 | 18 -0.06003  1.49843e+00
 19 -0.01625  4.92167e+00 | 20 -0.04344  5.06389e+00 | 21  0.06027 -3.10263e+00
 22  0.07181  4.70609e+00 | 23 -0.04009  1.06804e+01 | 24 -0.05249  1.01863e+01
 25 -0.11218  7.86686e+00 | 26 -0.00971 -1.86287e+01 | 27 -0.03683 -3.91273e+01
 28 -0.05898 -6.69463e+01 | 29  0.05068 -3.13935e+01 | 30 -0.00809 -1.58217e+01
 31  0.02669 -2.58639e+01 | 32 -0.02703 -5.60275e+00 | 33  0.04606  3.96359e+00
 34  0.02630  1.03706e+01 | 35  0.04001 -9.38129e+00 | 36  0.02701  1.40485e+01
 37 -0.00253  2.97756e+01 | 38 -0.01647  7.11386e+01 | 39 -0.00509  2.20946e+01
 40  0.25765 -9.17237e+01 | 41  0.24982 -2.88955e+01 | 42  0.26401 -2.35132e+01
 43  0.28039 -6.71849e+00 | 44 -0.39781 -9.13880e+00 | 45  1.03914 -1.39909e-02
 46 -1.58752 -3.11153e-03 | 47 -1.38498 -1.85441e-01 | 48 -0.55950  1.17527e+01
 49 -0.60161 -1.42792e+01 | 50 -0.49155 -2.26340e+01 | 51 -0.37644  1.93419e+01
 52 -0.27623  7.99600e+01 | 53 -1.02078  7.82139e-02 | 54 -0.09413 -6.71587e+01
 55 -0.06540  6.59168e+01 | 56  0.15256  8.24022e-01 | 57  0.12239  4.37958e+00

Initial statistics: 57 variables; iteration 0; function evaluation 0; phase 3
Function value 2.1053017e+02; maximum gradient component mag -2.3655e+02
Var    Value     Gradient |Var    Value     Gradient |Var    Value     Gradient
  1  0.33378  8.74944e+00 |  2  0.15478 -2.36553e+02 |  3 -0.09048 -1.83279e+00
  4  0.02351  1.49286e-01 |  5 -0.02075  2.67074e+00 |  6  0.03524  1.60361e+00
  7 -0.00479  5.99722e+00 |  8 -0.05901  6.08785e+00 |  9 -0.02639  7.12680e+00
 10 -0.01420  1.52309e+00 | 11  0.06666  3.37533e+00 | 12  0.03308  5.08436e+00
 13  0.05874  2.93266e+00 | 14  0.00444  1.84636e+00 | 15  0.00122  6.84119e+00
 16  0.06510 -1.88989e-01 | 17  0.01592  3.41210e+00 | 18 -0.06006  3.97656e-01
 19 -0.01628  3.81634e+00 | 20 -0.04347  3.96076e+00 | 21  0.06024 -4.20338e+00
 22  0.07178  3.60745e+00 | 23 -0.04012  9.57685e+00 | 24 -0.05252  9.08436e+00
 25 -0.11221  6.77824e+00 | 26 -0.00974 -1.97342e+01 | 27 -0.03686 -4.02311e+01
 28 -0.05901 -6.80469e+01 | 29  0.05065 -3.24958e+01 | 30 -0.00812 -1.69273e+01
 31  0.02666 -2.69686e+01 | 32 -0.02706 -6.70743e+00 | 33  0.04604  2.86080e+00
 34  0.02627  9.26591e+00 | 35  0.03998 -1.04848e+01 | 36  0.02698  1.29438e+01
 37 -0.00256  2.86699e+01 | 38 -0.01650  7.00332e+01 | 39 -0.00512  2.09890e+01
 40  0.25765 -9.17237e+01 | 41  0.24982 -2.88955e+01 | 42  0.26401 -2.35132e+01
 43  0.28039 -6.71849e+00 | 44 -0.39781 -9.13880e+00 | 45  0.96086  1.39909e-02
 46 -0.41248  3.11153e-03 | 47 -0.61502  1.85441e-01 | 48 -0.55950  1.17527e+01
 49 -0.60161 -1.42792e+01 | 50 -0.49155 -2.26340e+01 | 51 -0.37644  1.93419e+01
 52 -0.27623  7.99600e+01 | 53 -0.97922 -7.82139e-02 | 54 -0.09413 -6.71587e+01
 55 -0.06540  6.59168e+01 | 56  0.15256  8.24022e-01 | 57  0.12239  4.37958e+00

Intermediate statistics: 57 variables; iteration 20; function evaluation 22; phase 3
Function value 2.0972392e+02; maximum gradient component mag -1.5463e+02
Var    Value     Gradient |Var    Value     Gradient |Var    Value     Gradient
  1  0.28861  1.23820e+00 |  2  0.15219 -1.54633e+02 |  3 -0.09164  5.97048e-01
  4  0.01879  1.90025e-01 |  5 -0.02600  1.45942e+00 |  6  0.02636  4.83809e-01
  7 -0.02120  2.63912e+00 |  8 -0.07299  5.26960e+00 |  9 -0.03388  1.18641e+01
 10 -0.02552  1.17742e+00 | 11  0.06193  4.85531e+00 | 12  0.03390  9.36400e+00
 13  0.06041  4.79723e+00 | 14  0.00439  2.85401e+00 | 15  0.00131  1.06039e+01
 16  0.06679  2.14713e+00 | 17  0.01898  6.82806e+00 | 18 -0.05758 -5.90827e-01
 19 -0.01456  2.01244e+00 | 20 -0.04217  2.75473e-01 | 21  0.06027 -2.42707e-02
 22  0.07020  1.11526e+00 | 23 -0.04270  5.47818e+00 | 24 -0.05357 -1.66722e-01
 25 -0.11134 -1.14812e+00 | 26 -0.00705 -4.06820e+00 | 27 -0.03179 -1.64822e+01
 28 -0.05130 -2.98245e+01 | 29  0.05335 -2.55619e+01 | 30 -0.00405  4.49622e+00
 31  0.02986 -1.17376e+00 | 32 -0.02538 -4.64168e+00 | 33  0.04653  3.39696e+00
 34  0.02761  1.05525e+01 | 35  0.04299  5.44563e+00 | 36  0.03055  2.54262e+01
 37  0.00186  2.31155e+01 | 38 -0.01185  2.26915e+01 | 39 -0.00184  9.03171e+00
 40  0.25963 -1.99672e+01 | 41  0.25078 -7.52508e+01 | 42  0.26540 -3.00622e+01
 43  0.28054  2.22502e+01 | 44 -0.38030 -3.65225e+00 | 45  0.96066  2.78797e-02
 46 -0.41250  1.95196e-03 | 47 -0.61617  1.45812e-01 | 48 -0.55954  5.11732e+00
 49 -0.60260 -4.33683e+00 | 50 -0.46203 -5.86179e+00 | 51 -0.36515  1.69465e+00
 52 -0.27572  7.61462e+01 | 53 -0.97892 -8.00918e-02 | 54 -0.09407 -1.02366e+02
 55 -0.06522  1.21587e+02 | 56  0.14428  3.09530e-01 | 57  0.11704 -1.98719e+00
57 variables; iteration 40; function evaluation 45; phase 3
Function value 2.0959541e+02; maximum gradient component mag -2.2999e+02
Var    Value     Gradient |Var    Value     Gradient |Var    Value     Gradient
  1  0.28712  1.45717e+00 |  2  0.15179 -2.29986e+02 |  3 -0.09333  1.03770e-01
  4  0.01922  1.16880e-01 |  5 -0.02595  1.13455e+00 |  6  0.02669  1.39522e+00
  7 -0.02110  5.80873e+00 |  8 -0.07528  5.36083e+00 |  9 -0.03931  6.89849e+00
 10 -0.02873  3.25234e+00 | 11  0.06011  6.07414e+00 | 12  0.03100  6.57470e+00
 13  0.06130  7.16838e+00 | 14  0.00565  5.68909e+00 | 15  0.00023  8.96622e+00
 16  0.06717  1.33306e+00 | 17  0.01926  4.34493e+00 | 18 -0.05718 -1.84007e+00
 19 -0.01368  4.20923e+00 | 20 -0.04120  2.77948e+00 | 21  0.06039 -2.08358e-02
 22  0.07066  2.55486e+00 | 23 -0.04219  6.71002e+00 | 24 -0.05226  4.33841e+00
 25 -0.11003  1.31868e+00 | 26 -0.00511 -1.60491e+00 | 27 -0.03272 -2.61645e+01
 28 -0.05096 -3.61590e+01 | 29  0.05407 -2.49713e+01 | 30 -0.00334  7.36154e+00
 31  0.03005 -1.09083e+01 | 32 -0.02413  6.32972e+00 | 33  0.04655 -7.98216e-01
 34  0.02811  1.22279e+01 | 35  0.04417  1.86417e+01 | 36  0.03110  2.28080e+01
 37  0.00207  1.38467e+01 | 38 -0.01124  1.62449e+01 | 39 -0.00134  9.90352e+00
 40  0.25984 -1.99232e+01 | 41  0.25095 -7.27847e+01 | 42  0.26536 -3.17910e+01
 43  0.28020  2.22817e+01 | 44 -0.38064 -5.13697e+00 | 45  0.95951  2.49552e-02
 46 -0.41255  1.37304e-03 | 47 -0.62025  1.27179e-01 | 48 -0.57960  4.92449e+00
 49 -0.62011 -4.58181e+00 | 50 -0.42822 -8.14776e+00 | 51 -0.33855  8.44429e+00
 52 -0.27564  8.21298e+01 | 53 -0.97742 -8.65051e-02 | 54 -0.09389 -9.70849e+01
 55 -0.06521  1.19968e+02 | 56  0.14069  1.85076e-02 | 57  0.11491 -5.76680e+00
57 variables; iteration 60; function evaluation 71; phase 3
Function value 2.0933392e+02; maximum gradient component mag 2.8338e+00
Var    Value     Gradient |Var    Value     Gradient |Var    Value     Gradient
  1  0.27694  5.35463e-02 |  2  0.15125  2.83381e+00 |  3 -0.09642 -7.19866e-02
  4  0.01739 -1.58838e-01 |  5 -0.02780 -8.51787e-02 |  6  0.02460 -8.49573e-02
  7 -0.02352 -1.41363e-02 |  8 -0.07656 -1.67234e-02 |  9 -0.04013 -3.41449e-02
 10 -0.02746 -6.02381e-02 | 11  0.05999  6.43975e-03 | 12  0.03092  6.23746e-02
 13  0.06133  2.72226e-01 | 14  0.00497  1.07972e-01 | 15 -0.00283 -7.31558e-02
 16  0.06830 -2.33190e-01 | 17  0.01904  2.02820e-01 | 18 -0.05521  1.42027e-01
 19 -0.01406  1.45121e-01 | 20 -0.04121 -6.59961e-02 | 21  0.06023 -5.14276e-02
 22  0.06991 -6.70462e-02 | 23 -0.04396 -2.73062e-02 | 24 -0.05343  6.62924e-02
 25 -0.11038  3.04686e-01 | 26 -0.00619  1.24138e+00 | 27 -0.02986  3.36212e-02
 28 -0.04915 -1.22292e-01 | 29  0.05497 -2.61770e-01 | 30 -0.00337 -6.86223e-02
 31  0.03069 -3.17039e-01 | 32 -0.02449 -3.03773e-02 | 33  0.04661 -1.92131e-01
 34  0.02769  2.21003e-02 | 35  0.04379  8.66818e-02 | 36  0.03116  1.41379e-01
 37  0.00269  6.74413e-02 | 38 -0.01058  2.84531e-01 | 39 -0.00016  1.00375e-01
 40  0.26026  1.27407e+00 | 41  0.25199 -1.41339e+00 | 42  0.26632 -5.81671e-01
 43  0.27981  4.35802e-01 | 44 -0.37448 -4.29707e-01 | 45  0.71458  2.29040e-03
 46 -0.38255 -1.79773e-03 | 47 -0.67651  8.76440e-03 | 48 -0.64756 -1.13344e+00
 49 -0.68147  1.28156e+00 | 50 -0.40916  3.26924e-01 | 51 -0.32970 -3.87138e-01
 52 -0.27541 -2.48789e+00 | 53 -0.84026 -2.94706e-03 | 54 -0.09295 -1.55252e+00
 55 -0.06537  1.97824e+00 | 56  0.13747  4.04703e-02 | 57  0.11351 -1.74547e-01

 - final statistics:
57 variables; iteration 61; function evaluation 72
Function value 2.0933e+02; maximum gradient component mag -7.0802e-01
Exit code = 1;  converg criter 1.0000e+00
Var    Value     Gradient |Var    Value     Gradient |Var    Value     Gradient
  1  0.27647  2.06808e-02 |  2  0.15123 -4.42287e-01 |  3 -0.09631 -2.05042e-02
  4  0.01739 -1.28206e-01 |  5 -0.02778 -5.22829e-02 |  6  0.02463 -1.38030e-02
  7 -0.02353 -1.23915e-02 |  8 -0.07653  3.30576e-02 |  9 -0.04009  2.73125e-02
 10 -0.02743 -2.01333e-02 | 11  0.05997 -4.03564e-03 | 12  0.03089  7.78508e-02
 13  0.06127  2.32438e-01 | 14  0.00491  2.30101e-02 | 15 -0.00289 -8.07779e-02
 16  0.06841  4.17973e-02 | 17  0.01899  2.87521e-03 | 18 -0.05522  3.47234e-02
 19 -0.01410 -7.29190e-03 | 20 -0.04118  3.92436e-02 | 21  0.06022 -7.51951e-03
 22  0.06990 -8.39030e-03 | 23 -0.04399  6.53188e-03 | 24 -0.05345 -1.46457e-02
 25 -0.11042  1.52309e-02 | 26 -0.00634 -7.04742e-02 | 27 -0.02979 -7.01690e-02
 28 -0.04907 -1.71046e-01 | 29  0.05499 -4.96000e-02 | 30 -0.00336 -2.95868e-02
 31  0.03071 -2.54517e-02 | 32 -0.02449  1.12098e-03 | 33  0.04661 -2.49747e-02
 34  0.02769 -8.33416e-03 | 35  0.04379 -3.26158e-03 | 36  0.03118  7.22589e-02
 37  0.00272  5.92111e-02 | 38 -0.01054  1.32945e-01 | 39 -0.00013 -3.02150e-02
 40  0.26028 -9.63497e-02 | 41  0.25202 -2.64375e-01 | 42  0.26635 -1.25206e-01
 43  0.27979 -2.60887e-02 | 44 -0.37371 -2.04851e-01 | 45  0.65872  2.94018e-03
 46 -0.37203 -1.71965e-03 | 47 -0.67687  8.69193e-03 | 48 -0.65854  6.41612e-01
 49 -0.69139 -7.08023e-01 | 50 -0.41008 -1.53863e-02 | 51 -0.33030 -6.66169e-02
 52 -0.27534 -1.42962e-01 | 53 -0.82359 -1.03186e-02 | 54 -0.09293 -2.52199e-01
 55 -0.06537  2.81148e-01 | 56  0.13734  3.38094e-02 | 57  0.11345  8.50932e-04

Initial statistics: 59 variables; iteration 0; function evaluation 0; phase 4
Function value 2.0933294e+02; maximum gradient component mag 2.9257e+02
Var    Value     Gradient |Var    Value     Gradient |Var    Value     Gradient
  1  0.27647  2.06808e-02 |  2  0.15123 -4.42287e-01 |  3 -0.09631 -2.05042e-02
  4  0.01739 -1.28206e-01 |  5 -0.02778 -5.22829e-02 |  6  0.02463 -1.38030e-02
  7 -0.02353 -1.73129e-02 |  8 -0.07653  2.81684e-02 |  9 -0.04009  2.23976e-02
 10 -0.02743 -2.50535e-02 | 11  0.05997 -8.93853e-03 | 12  0.03089  7.29318e-02
 13  0.06127  2.27536e-01 | 14  0.00491  1.80855e-02 | 15 -0.00289 -8.57026e-02
 16  0.06841  3.69010e-02 | 17  0.01899 -2.04732e-03 | 18 -0.05522  2.98172e-02
 19 -0.01410 -1.22154e-02 | 20 -0.04118  3.43291e-02 | 21  0.06022 -1.24222e-02
 22  0.06990 -1.32854e-02 | 23 -0.04399  1.61891e-03 | 24 -0.05345 -1.95531e-02
 25 -0.11042  1.03801e-02 | 26 -0.00634 -7.53986e-02 | 27 -0.02979 -7.50884e-02
 28 -0.04907 -1.75956e-01 | 29  0.05499 -5.45064e-02 | 30 -0.00336 -3.45114e-02
 31  0.03071 -3.03707e-02 | 32 -0.02449 -3.80010e-03 | 33  0.04661 -2.98862e-02
 34  0.02769 -1.32542e-02 | 35  0.04379 -8.17465e-03 | 36  0.03118  6.73400e-02
 37  0.00272  5.42865e-02 | 38 -0.01054  1.28021e-01 | 39 -0.00013 -3.51398e-02
 40  0.26028 -9.63497e-02 | 41  0.25202 -2.64375e-01 | 42  0.26635 -1.25206e-01
 43  0.27979 -2.60887e-02 | 44 -0.37371 -2.04851e-01 | 45  0.65872  2.94018e-03
 46 -0.37203 -1.71965e-03 | 47 -0.67687  8.69193e-03 | 48 -0.65854  6.41612e-01
 49 -0.69139 -7.08023e-01 | 50 -0.41008 -1.53863e-02 | 51 -0.33030 -6.66169e-02
 52 -0.27534 -1.42962e-01 | 53 -0.82359 -1.03186e-02 | 54 -0.09293 -2.52199e-01
 55 -0.06537  2.81148e-01 | 56  0.13734  3.38094e-02 | 57  0.11345  8.50932e-04
 58 -0.05795  2.92570e+02 | 59 -0.17585 -2.82895e+02 |

Intermediate statistics: 59 variables; iteration 20; function evaluation 26; phase 4
Function value 2.0632267e+02; maximum gradient component mag -5.4316e+02
Var    Value     Gradient |Var    Value     Gradient |Var    Value     Gradient
  1  0.24836  2.62455e+00 |  2  0.15104 -2.74569e+02 |  3 -0.09677  4.80120e-01
  4  0.01672  5.41802e-02 |  5 -0.02845 -1.42071e-01 |  6  0.02380 -1.48314e-01
  7 -0.02416  2.41926e+00 |  8 -0.07666  2.35968e+00 |  9 -0.04022  1.99708e+00
 10 -0.02758  2.22573e+00 | 11  0.05871  7.51327e-01 | 12  0.02922 -9.09772e-01
 13  0.05948 -6.16256e+00 | 14  0.00456  4.27278e-01 | 15 -0.00259  3.68340e+00
 16  0.06763  3.55402e+00 | 17  0.01825  3.18302e+00 | 18 -0.05343  3.51520e+00
 19 -0.01896 -3.41135e+00 | 20 -0.03914  1.01654e+00 | 21  0.06082  1.45328e+01
 22  0.06546 -2.02708e+00 | 23 -0.03916  8.09377e+00 | 24 -0.05350 -1.80450e+00
 25 -0.11529 -1.79395e+01 | 26 -0.00634 -3.14776e+01 | 27 -0.02547 -1.98547e+01
 28 -0.05263 -6.97361e+01 | 29  0.05510 -9.33906e+00 | 30 -0.00180  4.72746e+01
 31  0.03258  3.22898e+01 | 32 -0.02301  1.23826e+01 | 33  0.04766  2.38053e+00
 34  0.02852 -6.13567e-02 | 35  0.04391 -1.55969e+01 | 36  0.03070 -3.48748e+01
 37  0.00230 -1.20976e+01 | 38 -0.01052  1.36989e+00 | 39  0.00290 -2.64153e+00
 40  0.25939  2.29574e+02 | 41  0.25059  9.06091e+01 | 42  0.26583 -3.48704e+01
 43  0.27704 -2.54635e+01 | 44 -0.37904 -3.21552e+00 | 45  0.65863 -3.68886e-02
 46 -0.37202 -1.67959e-03 | 47 -0.67693  1.02753e-02 | 48 -0.65792  8.57278e+01
 49 -0.69160 -9.55135e+01 | 50 -0.41076  1.56174e+00 | 51 -0.32873  1.57918e+00
 52 -0.27742 -5.43164e+02 | 53 -0.82158  1.50640e+00 | 54 -0.10281  8.02790e+01
 55 -0.07458 -2.61643e+01 | 56  0.12534  8.87840e+00 | 57  0.10934 -9.18035e+00
 58 -0.07255  9.21013e+01 | 59 -0.17101 -1.09585e+01 |
59 variables; iteration 40; function evaluation 47; phase 4
Function value 2.0611196e+02; maximum gradient component mag -4.9071e+02
Var    Value     Gradient |Var    Value     Gradient |Var    Value     Gradient
  1  0.23290  6.45201e-01 |  2  0.15049 -2.50976e+02 |  3 -0.09655  1.24818e+00
  4  0.01658  1.34758e+00 |  5 -0.02889  3.47977e-01 |  6  0.02138 -1.97760e+00
  7 -0.02868  1.90351e+00 |  8 -0.08020  3.07857e+00 |  9 -0.04118  3.90625e+00
 10 -0.02656  7.40547e+00 | 11  0.05955  4.70804e+00 | 12  0.03011  3.76386e+00
 13  0.05827 -2.35559e+00 | 14  0.00463  3.66329e+00 | 15 -0.00190  7.23639e+00
 16  0.06740  2.79754e+00 | 17  0.01811  1.63479e+00 | 18 -0.05271  4.45870e+00
 19 -0.01889 -2.26002e+00 | 20 -0.03826  3.82404e+00 | 21  0.05937  1.13672e+01
 22  0.06522  3.25205e+00 | 23 -0.03838  1.50907e+01 | 24 -0.05340  1.88151e+00
 25 -0.11447 -1.42737e+01 | 26 -0.00504 -2.28517e+01 | 27 -0.02524 -1.98763e+01
 28 -0.05142 -6.92380e+01 | 29  0.05578 -1.09575e+00 | 30 -0.00190  3.89106e+01
 31  0.03284  3.47669e+01 | 32 -0.02311  1.24667e+01 | 33  0.04711  1.50221e+00
 34  0.02840  2.95593e+00 | 35  0.04405 -1.38214e+01 | 36  0.03106 -3.17890e+01
 37  0.00345  2.33356e-01 | 38 -0.00956  3.16216e+00 | 39  0.00507  1.72430e+00
 40  0.25985  2.06033e+02 | 41  0.25081  7.99322e+01 | 42  0.26613 -3.26703e+01
 43  0.27674 -2.07992e+01 | 44 -0.37361  3.31895e+00 | 45  0.65854  4.35816e-02
 46 -0.37189 -1.70778e-03 | 47 -0.67811  9.15334e-03 | 48 -0.65336  7.75357e+01
 49 -0.68748 -8.63704e+01 | 50 -0.42887 -5.59821e-01 | 51 -0.34371  1.26616e-01
 52 -0.27707 -4.90708e+02 | 53 -0.78738  1.70072e+00 | 54 -0.10495  7.54537e+01
 55 -0.07529 -1.94703e+01 | 56  0.12058  7.48848e+00 | 57  0.10648 -1.04351e+01
 58 -0.07201  8.43957e+01 | 59 -0.16918 -8.15192e+00 |
59 variables; iteration 60; function evaluation 74; phase 4
Function value 2.0432346e+02; maximum gradient component mag 9.0167e+01
Var    Value     Gradient |Var    Value     Gradient |Var    Value     Gradient
  1  0.22923 -4.73037e-01 |  2  0.15057 -3.81597e+01 |  3 -0.09943  3.16237e-01
  4  0.01454 -2.13512e+00 |  5 -0.02881  8.84566e-01 |  6  0.02304  2.26242e+00
  7 -0.02787 -3.24239e-01 |  8 -0.07981  1.16151e+00 |  9 -0.04355 -3.19384e-01
 10 -0.03152  7.75234e-01 | 11  0.05732  1.00246e+00 | 12  0.02874 -4.97372e-01
 13  0.06076  3.74390e-01 | 14  0.00431 -7.30755e-01 | 15 -0.00287  1.36636e+00
 16  0.06902  1.59991e+00 | 17  0.01888 -1.10638e+00 | 18 -0.05099  2.15668e+00
 19 -0.01875 -9.29904e-01 | 20 -0.03673  5.68179e-01 | 21  0.05996 -7.16559e-01
 22  0.06506 -1.92389e+00 | 23 -0.03779  9.35766e-01 | 24 -0.05287 -1.88730e+00
 25 -0.11366 -2.56281e+00 | 26 -0.00563  3.72364e+00 | 27 -0.02459  7.54256e-01
 28 -0.04929 -1.21738e+00 | 29  0.05474 -1.10503e+00 | 30 -0.00314 -2.87790e+00
 31  0.03180 -2.40533e+00 | 32 -0.02342 -6.47323e-01 | 33  0.04771 -3.94624e-01
 34  0.02878  1.67933e-01 | 35  0.04468  6.72881e-01 | 36  0.03227  3.26729e+00
 37  0.00314  2.88344e-02 | 38 -0.00994 -1.51808e+00 | 39  0.00486  2.72718e+00
 40  0.25974 -1.27099e+01 | 41  0.24822 -2.36741e+01 | 42  0.26638  1.15780e+00
 43  0.27649  1.23369e+00 | 44 -0.37540 -4.84084e-01 | 45  0.63975 -1.17882e-03
 46 -0.36215 -1.90031e-03 | 47 -0.70167 -1.41968e-03 | 48 -0.67188 -4.39496e+00
 49 -0.70339  4.87460e+00 | 50 -0.42416  1.44564e-01 | 51 -0.34038  1.28970e-01
 52 -0.27573  1.65478e+01 | 53 -0.77743 -8.47390e-02 | 54 -0.15079 -6.94981e+01
 55 -0.09191  9.01668e+01 | 56  0.11891  3.74042e-01 | 57  0.10658  1.88712e-01
 58 -0.06008 -1.22770e+01 | 59 -0.13672 -5.78034e+01 |
59 variables; iteration 80; function evaluation 96; phase 4
Function value 2.0411444e+02; maximum gradient component mag -9.4889e+00
Var    Value     Gradient |Var    Value     Gradient |Var    Value     Gradient
  1  0.22659 -6.57440e-03 |  2  0.15057  1.05306e+00 |  3 -0.10018 -7.45232e-03
  4  0.01567  3.21673e-03 |  5 -0.02918 -4.48142e-03 |  6  0.02208 -1.77805e-02
  7 -0.02784 -1.94602e-02 |  8 -0.08029 -1.81335e-02 |  9 -0.04317 -1.28719e-02
 10 -0.03166 -1.64069e-02 | 11  0.05704 -8.99513e-03 | 12  0.02923  2.71451e-02
 13  0.06061  1.22599e-01 | 14  0.00471  3.40171e-02 | 15 -0.00328 -2.42899e-02
 16  0.06859 -1.77023e-02 | 17  0.01943 -4.37699e-03 | 18 -0.05124 -1.78267e-02
 19 -0.01917  2.06965e-03 | 20 -0.03638  2.68506e-03 | 21  0.05999  7.47006e-03
 22  0.06476  1.12682e-02 | 23 -0.03720 -1.84321e-02 | 24 -0.05298  3.67680e-02
 25 -0.11411  4.22648e-02 | 26 -0.00565 -1.53959e-01 | 27 -0.02428  1.43433e-02
 28 -0.04962  8.22644e-02 | 29  0.05475 -2.38682e-02 | 30 -0.00302  2.41632e-02
 31  0.03194  1.20795e-02 | 32 -0.02325 -1.20199e-02 | 33  0.04792  6.30989e-03
 34  0.02895 -2.90999e-03 | 35  0.04474 -2.89703e-02 | 36  0.03223 -6.99607e-02
 37  0.00311  1.14648e-02 | 38 -0.01000  7.63185e-02 | 39  0.00474 -6.91272e-02
 40  0.25966  4.43305e-01 | 41  0.24791 -2.02911e-01 | 42  0.26631 -1.50173e-02
 43  0.27602 -6.43264e-03 | 44 -0.36667 -7.59432e-02 | 45  0.15466 -9.20612e-04
 46 -0.12665 -4.53030e-04 | 47 -0.70453  1.72527e-04 | 48 -0.67779  1.23486e-01
 49 -0.70870 -1.46226e-01 | 50 -0.42782 -4.53906e-02 | 51 -0.34274  2.21611e-02
 52 -0.27344 -7.02084e-01 | 53 -0.45401  4.26353e-03 | 54 -0.12237  8.49906e+00
 55 -0.15144 -9.48887e+00 | 56  0.11673  4.33686e-03 | 57  0.10587 -9.74986e-03
 58 -0.18882  3.31864e+00 | 59 -0.21155  4.90308e+00 |
59 variables; iteration 100; function evaluation 117; phase 4
Function value 2.0411414e+02; maximum gradient component mag -9.3651e-01
Var    Value     Gradient |Var    Value     Gradient |Var    Value     Gradient
  1  0.22660  1.90334e-03 |  2  0.15057  4.84136e-02 |  3 -0.10018 -3.22210e-04
  4  0.01566  9.24662e-04 |  5 -0.02918  1.16267e-03 |  6  0.02208  1.35371e-03
  7 -0.02785  5.03821e-04 |  8 -0.08030 -5.68725e-04 |  9 -0.04318 -6.34115e-04
 10 -0.03167 -6.83748e-04 | 11  0.05702  8.79064e-04 | 12  0.02921  1.63023e-03
 13  0.06058  8.03598e-03 | 14  0.00470  2.92853e-03 | 15 -0.00328 -5.00492e-05
 16  0.06859  2.78597e-03 | 17  0.01943  1.98489e-03 | 18 -0.05123  3.96340e-04
 19 -0.01917  2.44732e-03 | 20 -0.03637  2.05448e-03 | 21  0.05999  2.79761e-03
 22  0.06476  1.45323e-03 | 23 -0.03720  3.67458e-04 | 24 -0.05298  1.76825e-04
 25 -0.11410 -1.65414e-03 | 26 -0.00564  7.04264e-03 | 27 -0.02427 -5.28918e-04
 28 -0.04961 -6.06048e-03 | 29  0.05475 -6.17880e-03 | 30 -0.00302 -3.46592e-03
 31  0.03194 -6.15404e-03 | 32 -0.02324  6.82466e-04 | 33  0.04792 -2.53513e-03
 34  0.02895 -1.23920e-03 | 35  0.04475 -2.89875e-03 | 36  0.03224 -3.00762e-03
 37  0.00312 -2.79408e-03 | 38 -0.00999 -4.74839e-04 | 39  0.00475  1.32631e-03
 40  0.25966  1.00075e-01 | 41  0.24791  1.42240e-02 | 42  0.26631  9.43908e-04
 43  0.27602  1.08706e-03 | 44 -0.36092  2.31188e-02 | 45 -0.08839  1.46746e-04
 46  0.00831  2.24848e-04 | 47 -0.70895 -7.76051e-05 | 48 -0.66071 -9.59194e-03
 49 -0.69333  1.09013e-02 | 50 -0.42751 -1.46587e-03 | 51 -0.34253  2.50356e-04
 52 -0.27270 -2.53999e-01 | 53 -0.38276  5.82625e-04 | 54 -0.12258 -9.36515e-01
 55 -0.16603  6.84527e-01 | 56  0.11674 -9.07641e-04 | 57  0.10588 -9.30327e-04
 58 -0.21353  1.49465e-02 | 59 -0.22274 -9.12862e-01 |
59 variables; iteration 120; function evaluation 154; phase 4
Function value 2.0411397e+02; maximum gradient component mag -1.5798e+02
Var    Value     Gradient |Var    Value     Gradient |Var    Value     Gradient
  1  0.22660  3.99840e-03 |  2  0.15057  2.02124e-01 |  3 -0.10018 -1.15941e-03
  4  0.01567 -2.78216e-05 |  5 -0.02918  9.60954e-04 |  6  0.02208 -1.34959e-03
  7 -0.02785 -1.29452e-03 |  8 -0.08030 -3.39560e-03 |  9 -0.04318 -3.20759e-03
 10 -0.03167 -3.25502e-03 | 11  0.05702 -1.62551e-03 | 12  0.02921 -2.47372e-03
 13  0.06058 -3.23194e-03 | 14  0.00470 -2.00750e-03 | 15 -0.00328 -2.44380e-03
 16  0.06859  1.15470e-03 | 17  0.01943  2.40584e-03 | 18 -0.05123 -2.99200e-03
 19 -0.01917  1.09288e-03 | 20 -0.03637  2.35540e-04 | 21  0.05999  2.51643e-03
 22  0.06476 -1.02474e-03 | 23 -0.03720  6.23576e-04 | 24 -0.05298 -2.62537e-03
 25 -0.11410 -2.65325e-03 | 26 -0.00564  4.20335e-02 | 27 -0.02427  9.80252e-03
 28 -0.04961  8.86519e-03 | 29  0.05475 -9.47403e-03 | 30 -0.00302 -1.60619e-02
 31  0.03194 -2.39508e-02 | 32 -0.02324 -4.02119e-03 | 33  0.04792 -8.47584e-03
 34  0.02895 -2.01834e-03 | 35  0.04475 -6.42703e-03 | 36  0.03224 -2.79893e-03
 37  0.00312  3.57856e-03 | 38 -0.00999  1.93959e-02 | 39  0.00475  1.22074e-02
 40  0.25966  1.72350e-01 | 41  0.24791  8.82111e-02 | 42  0.26631 -5.66327e-03
 43  0.27602  5.15822e-03 | 44 -0.36297  3.42139e-02 | 45 -0.00090  8.52374e-04
 46 -0.08706 -2.58517e-04 | 47 -0.70648 -1.94954e-04 | 48 -0.66063 -2.26107e-01
 49 -0.69325  2.51612e-01 | 50 -0.42749  1.98433e-03 | 51 -0.34252 -1.73466e-03
 52 -0.27150 -2.81014e-01 | 53 -0.27832  1.83700e-03 | 54 -0.12485 -1.57984e+02
 55 -0.17564  1.28580e+02 | 56  0.11675 -5.10609e-03 | 57  0.10588  5.53230e-03
 58 -0.22768 -1.14416e+01 | 59 -0.22788 -1.39424e+02 |
59 variables; iteration 140; function evaluation 183; phase 4
Function value 2.0411386e+02; maximum gradient component mag 9.9509e+01
Var    Value     Gradient |Var    Value     Gradient |Var    Value     Gradient
  1  0.22660 -2.81153e-03 |  2  0.15057  1.86830e-01 |  3 -0.10018 -6.65442e-04
  4  0.01566 -3.51296e-03 |  5 -0.02918 -1.29904e-03 |  6  0.02208 -1.31292e-03
  7 -0.02785 -3.71560e-03 |  8 -0.08030 -3.37126e-03 |  9 -0.04318 -4.04398e-03
 10 -0.03167 -2.05448e-03 | 11  0.05702 -3.62500e-03 | 12  0.02921 -6.31576e-03
 13  0.06057 -9.54259e-03 | 14  0.00470 -7.55738e-03 | 15 -0.00328 -3.73640e-03
 16  0.06859 -7.22889e-03 | 17  0.01943 -9.23755e-03 | 18 -0.05123 -5.65845e-03
 19 -0.01917 -9.31334e-03 | 20 -0.03637 -7.61426e-03 | 21  0.06000 -5.71489e-03
 22  0.06476 -5.32446e-03 | 23 -0.03720 -2.44387e-03 | 24 -0.05297 -5.27049e-04
 25 -0.11410 -2.66889e-04 | 26 -0.00565  9.22044e-03 | 27 -0.02427  9.52988e-03
 28 -0.04961  1.89596e-02 | 29  0.05475  1.80281e-02 | 30 -0.00302  2.42284e-02
 31  0.03194  1.11601e-02 | 32 -0.02324  4.78599e-04 | 33  0.04792  2.83186e-03
 34  0.02895 -1.47929e-03 | 35  0.04475  8.29854e-04 | 36  0.03224 -1.16591e-02
 37  0.00312  7.66414e-03 | 38 -0.00999  2.18693e-02 | 39  0.00475 -1.37306e-02
 40  0.25966 -1.05717e-01 | 41  0.24791 -7.54088e-02 | 42  0.26631 -8.96258e-03
 43  0.27602 -4.80111e-03 | 44 -0.36534 -5.90414e-03 | 45  0.09918  4.05859e-04
 46  0.05064  4.08816e-04 | 47 -0.71239 -1.02141e-03 | 48 -0.66117 -1.24626e-01
 49 -0.69375  1.38342e-01 | 50 -0.42749 -4.73490e-05 | 51 -0.34252  1.01798e-03
 52 -0.27001  3.16319e-03 | 53 -0.15756 -1.01637e-03 | 54 -0.12491 -3.92095e+01
 55 -0.17568  9.95094e+01 | 56  0.11675  1.98470e-03 | 57  0.10588 -5.91574e-04
 58 -0.22768 -7.47101e+01 | 59 -0.22784  3.72578e+01 |
59 variables; iteration 160; function evaluation 227; phase 4
Function value 2.0411241e+02; maximum gradient component mag -8.0868e+02
Var    Value     Gradient |Var    Value     Gradient |Var    Value     Gradient
  1  0.22656 -4.84264e-03 |  2  0.15055 -2.37038e+00 |  3 -0.10024 -2.33432e-02
  4  0.01568  5.70890e-03 |  5 -0.02917 -1.49717e-03 |  6  0.02208 -2.58660e-02
  7 -0.02787  2.95737e-02 |  8 -0.08032  2.98429e-02 |  9 -0.04320  2.69588e-02
 10 -0.03170  2.98651e-02 | 11  0.05702  3.35097e-02 | 12  0.02922  2.17442e-02
 13  0.06059 -2.81334e-02 | 14  0.00469 -2.42469e-03 | 15 -0.00331 -2.16412e-03
 16  0.06860 -6.73769e-02 | 17  0.01946 -5.89945e-02 | 18 -0.05121 -2.88633e-02
 19 -0.01917 -4.23224e-02 | 20 -0.03636 -6.04896e-02 | 21  0.05999 -3.79000e-02
 22  0.06474 -2.04337e-02 | 23 -0.03720 -2.35116e-03 | 24 -0.05297  7.94035e-03
 25 -0.11407  8.41742e-03 | 26 -0.00561 -7.36775e-02 | 27 -0.02424  1.28693e-02
 28 -0.04957  8.84393e-02 | 29  0.05474  9.14129e-02 | 30 -0.00302 -1.50074e-01
 31  0.03192  8.38518e-02 | 32 -0.02327 -2.09080e-02 | 33  0.04786  4.55068e-02
 34  0.02891  4.23706e-02 | 35  0.04472  8.48658e-02 | 36  0.03223  1.93135e-01
 37  0.00313 -8.12745e-02 | 38 -0.00994 -3.49107e-01 | 39  0.00484  1.79509e-01
 40  0.25972 -3.01105e+00 | 41  0.24793  8.94719e-01 | 42  0.26633 -5.05156e-02
 43  0.27608 -4.96990e-02 | 44 -0.36522 -2.16375e-01 | 45  0.09490 -4.54401e-03
 46  0.16611  1.08420e-03 | 47 -0.70950  1.98647e-03 | 48 -0.66120 -2.60162e-01
 49 -0.69377  2.89609e-01 | 50 -0.42744 -2.42624e-02 | 51 -0.34256  3.44896e-02
 52 -0.26222  3.96993e+00 | 53  0.45995 -4.71326e-02 | 54 -0.12468 -8.08684e+02
 55 -0.17548  7.65148e+02 | 56  0.11685  1.32128e-02 | 57  0.10583 -4.23308e-02
 58 -0.22758 -1.72303e+02 | 59 -0.22793 -5.99899e+02 |
59 variables; iteration 180; function evaluation 259; phase 4
Function value 2.0411004e+02; maximum gradient component mag 6.7845e+01
Var    Value     Gradient |Var    Value     Gradient |Var    Value     Gradient
  1  0.22666 -2.12007e-04 |  2  0.15057  1.05489e-02 |  3 -0.10017  1.66797e-04
  4  0.01566 -9.24270e-05 |  5 -0.02918  6.77082e-05 |  6  0.02208  3.76269e-04
  7 -0.02785 -9.93442e-05 |  8 -0.08030 -1.38521e-04 |  9 -0.04318 -1.10537e-04
 10 -0.03167 -1.25861e-04 | 11  0.05702 -1.55673e-04 | 12  0.02921 -2.92755e-05
 13  0.06058  2.51083e-04 | 14  0.00470 -1.05053e-04 | 15 -0.00328 -4.25447e-05
 16  0.06859  8.83737e-07 | 17  0.01943 -2.91387e-04 | 18 -0.05123  8.09436e-05
 19 -0.01917  2.45040e-05 | 20 -0.03637 -9.90666e-05 | 21  0.06000 -3.61179e-04
 22  0.06476 -5.49869e-04 | 23 -0.03720 -3.52488e-04 | 24 -0.05297 -8.16101e-04
 25 -0.11409 -9.37136e-04 | 26 -0.00565  3.36366e-04 | 27 -0.02427 -9.23634e-04
 28 -0.04961 -2.09345e-03 | 29  0.05475  8.81773e-04 | 30 -0.00302  2.93965e-03
 31  0.03194  1.09184e-03 | 32 -0.02325  5.92962e-04 | 33  0.04792  5.98614e-04
 34  0.02895  9.22214e-05 | 35  0.04474  3.29161e-04 | 36  0.03224 -1.31879e-03
 37  0.00312  9.15927e-04 | 38 -0.00999  2.73097e-03 | 39  0.00475 -2.20196e-03
 40  0.25968 -5.54499e-03 | 41  0.24791 -1.00995e-02 | 42  0.26631  4.80930e-04
 43  0.27603  5.98757e-04 | 44 -0.36275  1.30529e-03 | 45 -0.01034  2.78100e-05
 46 -0.03746 -2.27692e-06 | 47 -0.70749 -1.79867e-05 | 48 -0.66094  6.55839e-03
 49 -0.69354 -7.27588e-03 | 50 -0.42744 -1.17521e-04 | 51 -0.34248  1.32576e-04
 52 -0.26001 -2.17243e-03 | 53  0.78496  3.09580e-06 | 54 -0.12358 -4.66812e+01
 55 -0.17445  6.78450e+01 | 56  0.11678 -3.41741e-04 | 57  0.10588  6.30046e-04
 58 -0.22696 -3.51155e+01 | 59 -0.22828 -9.46215e+00 |
59 variables; iteration 200; function evaluation 279; phase 4
Function value 2.0411004e+02; maximum gradient component mag 9.5048e+00
Var    Value     Gradient |Var    Value     Gradient |Var    Value     Gradient
  1  0.22665 -1.74003e-04 |  2  0.15057  9.46764e-03 |  3 -0.10017 -5.67258e-07
  4  0.01567 -2.17351e-05 |  5 -0.02918  2.49434e-05 |  6  0.02209  6.27983e-07
  7 -0.02785 -1.35209e-04 |  8 -0.08030 -1.33055e-04 |  9 -0.04318 -1.47914e-04
 10 -0.03167 -1.32268e-04 | 11  0.05702 -1.32933e-04 | 12  0.02921 -1.50461e-04
 13  0.06058 -1.25809e-04 | 14  0.00470 -1.57651e-04 | 15 -0.00328 -1.39171e-04
 16  0.06859 -1.60748e-04 | 17  0.01943 -2.04993e-04 | 18 -0.05123 -1.55660e-04
 19 -0.01917 -2.05913e-04 | 20 -0.03637 -1.51486e-04 | 21  0.06000 -8.46740e-05
 22  0.06476  1.46714e-04 | 23 -0.03720 -1.30196e-04 | 24 -0.05298  5.68000e-04
 25 -0.11410  5.92713e-04 | 26 -0.00564 -8.46313e-04 | 27 -0.02427  4.69835e-04
 28 -0.04961  1.17528e-03 | 29  0.05475 -8.02281e-05 | 30 -0.00302  4.23073e-04
 31  0.03194  3.33284e-04 | 32 -0.02325  6.70597e-05 | 33  0.04791  7.12184e-05
 34  0.02895 -8.53284e-05 | 35  0.04474 -4.04991e-05 | 36  0.03224 -5.44310e-04
 37  0.00312  1.51112e-04 | 38 -0.00999  6.22246e-04 | 39  0.00476 -7.27070e-04
 40  0.25969 -8.31474e-04 | 41  0.24791 -4.19994e-03 | 42  0.26631 -5.08427e-05
 43  0.27603 -4.04075e-05 | 44 -0.36276  7.50212e-06 | 45 -0.00983 -3.14808e-07
 46 -0.03701  7.42318e-07 | 47 -0.70745  7.96053e-06 | 48 -0.66101  9.03847e-05
 49 -0.69360 -9.56741e-05 | 50 -0.42744 -1.36803e-05 | 51 -0.34249  2.05862e-05
 52 -0.26001  1.45082e-04 | 53  0.78511  3.67393e-06 | 54 -0.12398 -8.50128e+00
 55 -0.17486  9.50476e+00 | 56  0.11678 -3.68896e-05 | 57  0.10588  7.14491e-05
 58 -0.22724 -3.36610e+00 | 59 -0.22818 -4.75195e+00 |
59 variables; iteration 220; function evaluation 299; phase 4
Function value 2.0411003e+02; maximum gradient component mag 7.7877e+00
Var    Value     Gradient |Var    Value     Gradient |Var    Value     Gradient
  1  0.22665  3.53457e-03 |  2  0.15057 -1.63074e-01 |  3 -0.10017  8.92373e-05
  4  0.01567  3.06321e-04 |  5 -0.02918  8.65588e-05 |  6  0.02209  6.21683e-04
  7 -0.02785  2.32674e-03 |  8 -0.08030  2.47344e-03 |  9 -0.04318  2.64943e-03
 10 -0.03167  2.34856e-03 | 11  0.05702  2.48009e-03 | 12  0.02921  3.12671e-03
 13  0.06058  3.97981e-03 | 14  0.00470  3.40969e-03 | 15 -0.00328  2.86782e-03
 16  0.06859  3.91128e-03 | 17  0.01943  4.11318e-03 | 18 -0.05123  3.48076e-03
 19 -0.01917  4.62321e-03 | 20 -0.03637  3.37548e-03 | 21  0.06000  1.49565e-03
 22  0.06476 -4.32781e-03 | 23 -0.03720  1.94741e-03 | 24 -0.05298 -1.47476e-02
 25 -0.11410 -1.63981e-02 | 26 -0.00564  1.54917e-02 | 27 -0.02427 -1.37019e-02
 28 -0.04961 -3.28030e-02 | 29  0.05475  5.85942e-03 | 30 -0.00302  4.72867e-03
 31  0.03194 -2.37338e-03 | 32 -0.02325  1.23020e-03 | 33  0.04792  2.94667e-04
 34  0.02895  1.89424e-03 | 35  0.04474  6.76570e-04 | 36  0.03224  4.17609e-03
 37  0.00312 -1.86205e-04 | 38 -0.00999 -3.17849e-03 | 39  0.00476  5.68951e-03
 40  0.25969  4.29099e-02 | 41  0.24791  4.74606e-02 | 42  0.26631  1.73147e-03
 43  0.27603  1.52514e-03 | 44 -0.36273  6.09446e-04 | 45 -0.01123  6.95150e-06
 46 -0.03626  2.17224e-06 | 47 -0.70765 -7.27350e-05 | 48 -0.66098  2.80550e-02
 49 -0.69358 -3.11604e-02 | 50 -0.42744 -1.28303e-06 | 51 -0.34249 -2.47308e-04
 52 -0.26000 -2.40999e-02 | 53  0.78576  1.57494e-04 | 54 -0.11761 -6.31145e+00
 55 -0.16815  7.78772e+00 | 56  0.11678 -2.20376e-04 | 57  0.10588 -6.16413e-05
 58 -0.22237 -3.27203e+00 | 59 -0.22961 -2.75110e+00 |
59 variables; iteration 240; function evaluation 319; phase 4
Function value 2.0410998e+02; maximum gradient component mag -1.2108e-01
Var    Value     Gradient |Var    Value     Gradient |Var    Value     Gradient
  1  0.22665  2.26692e-07 |  2  0.15057 -3.07830e-05 |  3 -0.10017 -1.61470e-08
  4  0.01567 -4.37027e-08 |  5 -0.02918  7.90270e-09 |  6  0.02209  3.37368e-07
  7 -0.02785  4.48983e-07 |  8 -0.08030  4.06533e-07 |  9 -0.04318  3.78514e-07
 10 -0.03167  4.75334e-07 | 11  0.05702  4.70352e-07 | 12  0.02921  5.51804e-07
 13  0.06058  7.88695e-07 | 14  0.00470  4.21053e-07 | 15 -0.00328  4.54638e-07
 16  0.06859  3.63624e-07 | 17  0.01943 -2.62413e-08 | 18 -0.05123  4.63785e-07
 19 -0.01917  4.35700e-07 | 20 -0.03637  2.20576e-07 | 21  0.05999  3.63931e-07
 22  0.06476  7.28935e-07 | 23 -0.03720  8.96633e-08 | 24 -0.05298  1.09896e-06
 25 -0.11410  9.59778e-07 | 26 -0.00564 -2.98384e-06 | 27 -0.02427 -2.64736e-08
 28 -0.04961  6.15363e-07 | 29  0.05475 -1.65969e-06 | 30 -0.00302 -2.95207e-06
 31  0.03194 -8.68162e-07 | 32 -0.02325 -3.55965e-07 | 33  0.04791 -9.12585e-08
 34  0.02895  2.75308e-07 | 35  0.04474  1.82835e-07 | 36  0.03224  1.58541e-06
 37  0.00312 -1.07787e-06 | 38 -0.00999 -3.56742e-06 | 39  0.00476  1.72804e-06
 40  0.25969 -5.89570e-06 | 41  0.24791  6.38353e-06 | 42  0.26631  8.93980e-08
 43  0.27603 -2.00239e-07 | 44 -0.36277 -1.17104e-06 | 45 -0.00973 -2.81707e-08
 46 -0.03711 -2.45499e-10 | 47 -0.70746  1.17352e-08 | 48 -0.66102  1.06037e-05
 49 -0.69362 -1.17800e-05 | 50 -0.42744 -2.81021e-07 | 51 -0.34249  3.02824e-07
 52 -0.26001  3.50159e-06 | 53  0.78506 -2.46785e-08 | 54 -0.08972 -1.08263e-01
 55 -0.13913  6.40907e-02 | 56  0.11678 -1.85969e-08 | 57  0.10588 -2.29151e-08
 58 -0.20151  1.76966e-02 | 59 -0.23614 -1.21078e-01 |
  ic > imax  in fminim is answer attained ?
Var    Value     Gradient |Var    Value     Gradient |Var    Value     Gradient
  1  0.22665  2.26692e-07 |  2  0.15057 -3.07830e-05 |  3 -0.10017 -1.61470e-08
  4  0.01567 -4.37027e-08 |  5 -0.02918  7.90270e-09 |  6  0.02209  3.37368e-07
  7 -0.02785  4.48983e-07 |  8 -0.08030  4.06533e-07 |  9 -0.04318  3.78514e-07
 10 -0.03167  4.75334e-07 | 11  0.05702  4.70352e-07 | 12  0.02921  5.51804e-07
 13  0.06058  7.88695e-07 | 14  0.00470  4.21053e-07 | 15 -0.00328  4.54638e-07
 16  0.06859  3.63624e-07 | 17  0.01943 -2.62413e-08 | 18 -0.05123  4.63785e-07
 19 -0.01917  4.35700e-07 | 20 -0.03637  2.20576e-07 | 21  0.05999  3.63931e-07
 22  0.06476  7.28935e-07 | 23 -0.03720  8.96633e-08 | 24 -0.05298  1.09896e-06
 25 -0.11410  9.59778e-07 | 26 -0.00564 -2.98384e-06 | 27 -0.02427 -2.64736e-08
 28 -0.04961  6.15363e-07 | 29  0.05475 -1.65969e-06 | 30 -0.00302 -2.95207e-06
 31  0.03194 -8.68162e-07 | 32 -0.02325 -3.55965e-07 | 33  0.04791 -9.12585e-08
 34  0.02895  2.75308e-07 | 35  0.04474  1.82835e-07 | 36  0.03224  1.58541e-06
 37  0.00312 -1.07787e-06 | 38 -0.00999 -3.56742e-06 | 39  0.00476  1.72804e-06
 40  0.25969 -5.89570e-06 | 41  0.24791  6.38353e-06 | 42  0.26631  8.93980e-08
 43  0.27603 -2.00239e-07 | 44 -0.36277 -1.17104e-06 | 45 -0.00973 -2.81707e-08
 46 -0.03711 -2.45499e-10 | 47 -0.70746  1.17352e-08 | 48 -0.66102  1.06037e-05
 49 -0.69362 -1.17800e-05 | 50 -0.42744 -2.81021e-07 | 51 -0.34249  3.02824e-07
 52 -0.26001  3.50159e-06 | 53  0.78506 -2.46785e-08 | 54 -0.08972 -1.08263e-01
 55 -0.13913  6.40907e-02 | 56  0.11678 -1.85969e-08 | 57  0.10588 -2.29151e-08
 58 -0.20151  1.76966e-02 | 59 -0.23614 -1.21078e-01 |
Function minimizer not making progress ... is minimum attained?
Minimprove criterion = 0.0000e+00

 - final statistics:
59 variables; iteration 241; function evaluation 349
Function value 2.0411e+02; maximum gradient component mag -1.2108e-01
Exit code = 1;  converg criter 1.0000e-04
Var    Value     Gradient |Var    Value     Gradient |Var    Value     Gradient
  1  0.22665  2.26692e-07 |  2  0.15057 -3.07830e-05 |  3 -0.10017 -1.61470e-08
  4  0.01567 -4.37027e-08 |  5 -0.02918  7.90270e-09 |  6  0.02209  3.37368e-07
  7 -0.02785  4.48983e-07 |  8 -0.08030  4.06533e-07 |  9 -0.04318  3.78514e-07
 10 -0.03167  4.75334e-07 | 11  0.05702  4.70352e-07 | 12  0.02921  5.51804e-07
 13  0.06058  7.88695e-07 | 14  0.00470  4.21053e-07 | 15 -0.00328  4.54638e-07
 16  0.06859  3.63624e-07 | 17  0.01943 -2.62413e-08 | 18 -0.05123  4.63785e-07
 19 -0.01917  4.35700e-07 | 20 -0.03637  2.20576e-07 | 21  0.05999  3.63931e-07
 22  0.06476  7.28935e-07 | 23 -0.03720  8.96633e-08 | 24 -0.05298  1.09896e-06
 25 -0.11410  9.59778e-07 | 26 -0.00564 -2.98384e-06 | 27 -0.02427 -2.64736e-08
 28 -0.04961  6.15363e-07 | 29  0.05475 -1.65969e-06 | 30 -0.00302 -2.95207e-06
 31  0.03194 -8.68162e-07 | 32 -0.02325 -3.55965e-07 | 33  0.04791 -9.12585e-08
 34  0.02895  2.75308e-07 | 35  0.04474  1.82835e-07 | 36  0.03224  1.58541e-06
 37  0.00312 -1.07787e-06 | 38 -0.00999 -3.56742e-06 | 39  0.00476  1.72804e-06
 40  0.25969 -5.89570e-06 | 41  0.24791  6.38353e-06 | 42  0.26631  8.93980e-08
 43  0.27603 -2.00239e-07 | 44 -0.36277 -1.17104e-06 | 45 -0.00973 -2.81707e-08
 46 -0.03711 -2.45499e-10 | 47 -0.70746  1.17352e-08 | 48 -0.66102  1.06037e-05
 49 -0.69362 -1.17800e-05 | 50 -0.42744 -2.81021e-07 | 51 -0.34249  3.02824e-07
 52 -0.26001  3.50159e-06 | 53  0.78506 -2.46785e-08 | 54 -0.08972 -1.08263e-01
 55 -0.13913  6.40907e-02 | 56  0.11678 -1.85969e-08 | 57  0.10588 -2.29151e-08
 58 -0.20151  1.76966e-02 | 59 -0.23614 -1.21078e-01 |
Estimating row 1 out of 59 for hessian
Estimating row 2 out of 59 for hessian
Estimating row 3 out of 59 for hessian
Estimating row 4 out of 59 for hessian
Estimating row 5 out of 59 for hessian
Estimating row 6 out of 59 for hessian
Estimating row 7 out of 59 for hessian
Estimating row 8 out of 59 for hessian
Estimating row 9 out of 59 for hessian
Estimating row 10 out of 59 for hessian
Estimating row 11 out of 59 for hessian
Estimating row 12 out of 59 for hessian
Estimating row 13 out of 59 for hessian
Estimating row 14 out of 59 for hessian
Estimating row 15 out of 59 for hessian
Estimating row 16 out of 59 for hessian
Estimating row 17 out of 59 for hessian
Estimating row 18 out of 59 for hessian
Estimating row 19 out of 59 for hessian
Estimating row 20 out of 59 for hessian
Estimating row 21 out of 59 for hessian
Estimating row 22 out of 59 for hessian
Estimating row 23 out of 59 for hessian
Estimating row 24 out of 59 for hessian
Estimating row 25 out of 59 for hessian
Estimating row 26 out of 59 for hessian
Estimating row 27 out of 59 for hessian
Estimating row 28 out of 59 for hessian
Estimating row 29 out of 59 for hessian
Estimating row 30 out of 59 for hessian
Estimating row 31 out of 59 for hessian
Estimating row 32 out of 59 for hessian
Estimating row 33 out of 59 for hessian
Estimating row 34 out of 59 for hessian
Estimating row 35 out of 59 for hessian
Estimating row 36 out of 59 for hessian
Estimating row 37 out of 59 for hessian
Estimating row 38 out of 59 for hessian
Estimating row 39 out of 59 for hessian
Estimating row 40 out of 59 for hessian
Estimating row 41 out of 59 for hessian
Estimating row 42 out of 59 for hessian
Estimating row 43 out of 59 for hessian
Estimating row 44 out of 59 for hessian
Estimating row 45 out of 59 for hessian
Estimating row 46 out of 59 for hessian
Estimating row 47 out of 59 for hessian
Estimating row 48 out of 59 for hessian
Estimating row 49 out of 59 for hessian
Estimating row 50 out of 59 for hessian
Estimating row 51 out of 59 for hessian
Estimating row 52 out of 59 for hessian
Estimating row 53 out of 59 for hessian
Estimating row 54 out of 59 for hessian
Estimating row 55 out of 59 for hessian
Estimating row 56 out of 59 for hessian
Estimating row 57 out of 59 for hessian
Estimating row 58 out of 59 for hessian
Estimating row 59 out of 59 for hessian
Warning -- Hessian does not appear to be positive definite
Hessian does not appear to be positive definite.
size of file gradfil1.tmp = 0
size of file gradfil2.tmp = 0
size of file varssave.tmp = 0
size of file cmpdiff.tmp = 0
