
Initial statistics: 2 variables; iteration 0; function evaluation 0; phase 1
Function value 3.6546545e+03; maximum gradient component mag 2.7404e+04
Var    Value     Gradient |Var    Value     Gradient |Var    Value     Gradient
  1  0.39650  2.74044e+04 |  2  0.21635  1.07224e+04 |

 - final statistics:
2 variables; iteration 7; function evaluation 14
Function value 5.0566e+02; maximum gradient component mag -2.0180e+00
Exit code = 1;  converg criter 1.0000e+01
Var    Value     Gradient |Var    Value     Gradient |Var    Value     Gradient
  1  0.20455 -2.01803e+00 |  2  0.18964 -1.53299e+00 |

Initial statistics: 50 variables; iteration 0; function evaluation 0; phase 2
Function value 5.0565713e+02; maximum gradient component mag 2.1119e+03
Var    Value     Gradient |Var    Value     Gradient |Var    Value     Gradient
  1  0.20455 -2.01803e+00 |  2  0.00000  1.97653e+01 |  3  0.00000 -1.21375e+02
  4  0.00000  3.61010e+01 |  5  0.00000 -7.73905e+01 |  6  0.00000 -3.88873e+01
  7  0.00000  4.29179e+01 |  8  0.00000 -1.74709e+00 |  9  0.00000  4.41393e+00
 10  0.00000 -7.64371e+01 | 11  0.00000  1.18262e+01 | 12  0.00000 -5.04048e+01
 13  0.00000 -1.12271e+01 | 14  0.00000 -1.31044e+01 | 15  0.00000 -8.38187e+01
 16  0.00000  7.63267e+00 | 17  0.00000  9.49037e+01 | 18  0.00000  1.87882e+01
 19  0.00000  5.51860e+01 | 20  0.00000 -1.34836e+02 | 21  0.00000 -1.56377e+02
 22  0.00000  4.27963e+01 | 23  0.00000  2.42150e+01 | 24  0.00000  2.34258e+02
 25  0.00000 -2.99870e+01 | 26  0.00000 -1.50010e+01 | 27  0.00000  7.05334e+01
 28  0.00000 -1.03535e+02 | 29  0.00000  8.36037e+01 | 30  0.00000 -7.37140e+01
 31  0.00000  1.58895e+02 | 32  0.00000  2.30801e+01 | 33  0.00000  1.32835e+01
 34  0.00000 -1.60431e+02 | 35  0.00000 -1.90691e+01 | 36  0.00000  8.22430e+01
 37  0.21635  1.53726e+02 | 38  0.21635  2.11186e+03 | 39  0.21635 -6.02873e+02
 40  0.18964 -1.53299e+00 | 41 -1.00000 -1.08293e-07 | 42  0.00000  1.81063e-05
 43  0.00000  1.21603e-01 | 44 -0.53989  2.56201e+00 | 45 -1.00000 -1.08293e-07
 46 -0.53989  1.30938e+01 | 47 -1.00000 -1.08293e-07 | 48 -0.53989  4.04217e+00
 49 -0.32288 -1.62545e+01 | 50  0.21635 -5.00016e-01 |

Intermediate statistics: 50 variables; iteration 20; function evaluation 34; phase 2
Function value 3.5417608e+02; maximum gradient component mag -3.1077e+03
Var    Value     Gradient |Var    Value     Gradient |Var    Value     Gradient
  1  0.22485 -9.68389e+02 |  2 -0.03389 -1.49627e+01 |  3  0.46196  9.29883e+01
  4  0.33205  7.81030e+01 |  5  0.28684  4.25268e+01 |  6  0.18630  3.55288e+02
  7  0.02423  2.94744e+02 |  8 -0.02719  2.30794e+02 |  9  0.10537  3.87123e+02
 10  0.16757  3.90848e+02 | 11  0.06647  3.53615e+02 | 12 -0.00229  2.43503e+02
 13  0.01201  3.19383e+02 | 14  0.03424  3.46835e+02 | 15  0.03685  2.81922e+02
 16 -0.01704  3.02498e+02 | 17 -0.09446  2.74951e+02 | 18 -0.01491  3.26658e+02
 19  0.00553  3.74432e+02 | 20 -0.01170  1.30530e+02 | 21 -0.00982  1.11043e+02
 22  0.02872  4.07435e+02 | 23 -0.00318  2.79393e+02 | 24  0.04161  6.35319e+02
 25  0.00411  3.13412e+02 | 26  0.00703  3.15807e+02 | 27  0.01413  3.90428e+02
 28 -0.00805  1.93998e+02 | 29  0.01358  5.02036e+02 | 30 -0.01230  2.47048e+02
 31 -0.09678  2.00946e+02 | 32  0.02725  3.95034e+02 | 33  0.00886  4.16297e+02
 34  0.02106  3.26299e+02 | 35 -0.07503  2.38130e+02 | 36 -0.18147  2.55896e+02
 37  0.18990 -3.10771e+03 | 38  0.20051  8.91377e+02 | 39  0.20897 -5.00696e+02
 40  0.20778  1.45639e+03 | 41 -1.19791  9.38647e-03 | 42 -0.00001  2.83269e-04
 43 -0.01124 -5.52603e-05 | 44 -0.77706 -8.57910e-03 | 45 -1.34980  6.97993e+02
 46 -0.59567  6.09784e+02 | 47 -1.08692 -1.08734e+02 | 48 -0.86311 -6.89101e+01
 49 -0.35222  2.24702e+02 | 50  0.10662  1.37655e+01 |
50 variables; iteration 40; function evaluation 57; phase 2
Function value 2.9141787e+02; maximum gradient component mag -2.5541e+03
Var    Value     Gradient |Var    Value     Gradient |Var    Value     Gradient
  1  0.23615 -1.16424e+03 |  2 -0.05615 -1.88316e+01 |  3  0.46637  1.00979e+02
  4  0.31985  6.20052e+01 |  5  0.29203  6.81883e+01 |  6  0.17220  3.43925e+02
  7 -0.01886  2.30967e+02 |  8 -0.02888  2.39724e+02 |  9  0.08739  3.68810e+02
 10  0.14304  3.65211e+02 | 11  0.04742  3.11708e+02 | 12  0.04013  3.03741e+02
 13  0.00828  2.96493e+02 | 14  0.02399  3.14208e+02 | 15  0.06064  3.24202e+02
 16 -0.03650  2.58199e+02 | 17 -0.11199  2.37446e+02 | 18 -0.01053  3.14950e+02
 19 -0.00477  3.52943e+02 | 20  0.04321  2.22867e+02 | 21  0.04652  2.17929e+02
 22  0.00701  3.50210e+02 | 23  0.00601  2.90874e+02 | 24 -0.01594  4.78671e+02
 25 -0.01138  3.15110e+02 | 26 -0.02096  2.71500e+02 | 27  0.00466  3.50072e+02
 28  0.01841  2.58600e+02 | 29 -0.00684  3.73447e+02 | 30  0.02471  2.86939e+02
 31 -0.12307  7.68983e+01 | 32  0.02119  3.49366e+02 | 33  0.02244  3.77866e+02
 34  0.05894  3.81508e+02 | 35 -0.03157  2.40036e+02 | 36 -0.18034  1.79502e+02
 37  0.18161 -2.55412e+03 | 38  0.18803  4.21845e+02 | 39  0.20827  1.95706e+01
 40  0.18285  9.07413e+01 | 41 -1.32196  2.94176e-04 | 42 -0.02847  1.98485e-03
 43 -0.52297  1.02964e+00 | 44 -1.86185 -1.28478e+01 | 45 -1.35435  6.36001e+02
 46 -0.59761  5.66232e+02 | 47 -1.04013  1.62429e+02 | 48 -0.93043  9.35691e+01
 49 -0.32976  1.60765e+02 | 50 -0.70681  7.09417e+00 |
50 variables; iteration 60; function evaluation 89; phase 2
Function value 1.3271500e+02; maximum gradient component mag 3.8208e+02
Var    Value     Gradient |Var    Value     Gradient |Var    Value     Gradient
  1  0.36797 -9.39363e+01 |  2 -0.08485 -4.54652e+00 |  3  0.02024  8.88593e+00
  4 -0.04275 -2.49478e+01 |  5  0.05017  8.86967e+00 |  6  0.02494  2.23074e+01
  7 -0.02607  2.92297e+01 |  8  0.01917  6.11089e+01 |  9  0.02015  2.68082e+01
 10  0.06544  2.33999e+01 | 11  0.03071  6.39362e+01 | 12  0.02257  3.30770e+01
 13 -0.00405  3.07546e+01 | 14  0.01306  3.24923e+01 | 15  0.05011  6.94391e+01
 16 -0.02034  4.33153e+01 | 17 -0.07936  2.79534e+01 | 18 -0.05012 -3.02426e+01
 19 -0.04608  1.86250e+01 | 20  0.09058  6.71527e+01 | 21  0.08570  5.12461e+01
 22 -0.00441  6.58878e+01 | 23 -0.00129  4.66791e+01 | 24 -0.12490  5.40509e+00
 25 -0.02917  2.27385e+01 | 26 -0.00581  3.55176e+01 | 27 -0.03338  2.76419e+00
 28  0.03084  6.16587e+01 | 29 -0.05213 -1.52516e+01 | 30  0.02912  2.38771e+01
 31 -0.04807 -3.41665e+00 | 32  0.00689  4.36249e+01 | 33  0.01388  5.57861e+01
 34  0.04958  3.64436e+01 | 35  0.01593 -1.52042e+00 | 36 -0.01949  1.79853e+01
 37  0.12916  1.83786e+02 | 38  0.11733 -1.48452e+02 | 39  0.14019  7.95412e+01
 40  0.10496 -3.46315e+02 | 41 -0.40183  2.49085e+01 | 42 -0.34846  1.60277e+00
 43 -0.58331  1.94621e-01 | 44 -1.51561 -6.63254e+00 | 45 -1.20203 -4.91785e+01
 46 -0.80421 -5.07905e+01 | 47 -1.05252  3.82082e+02 | 48 -0.90247  2.05436e+02
 49 -0.35455 -2.40669e+00 | 50  1.18168  2.06613e-02 |
Maximum number of function evaluations exceeded

 - final statistics:
50 variables; iteration 71; function evaluation 100
Function value 1.2280e+02; maximum gradient component mag -1.0591e+02
Exit code = 3;  converg criter 1.0000e+01
Var    Value     Gradient |Var    Value     Gradient |Var    Value     Gradient
  1  0.33991 -5.79442e+01 |  2 -0.07543 -1.92927e+00 |  3  0.02015  9.79230e-01
  4 -0.02210 -1.77185e+00 |  5  0.04634 -2.98187e+00 |  6  0.02863  1.19744e+01
  7 -0.03184  1.24442e+01 |  8 -0.01371  1.13313e+01 |  9  0.00566  9.21512e+00
 10  0.05382  1.23538e+01 | 11 -0.00158  1.29857e+01 | 12  0.01267  1.16523e+01
 13 -0.00421  1.16337e+01 | 14  0.00771  9.58002e+00 | 15  0.02892  9.88221e+00
 16 -0.02861  7.85466e+00 | 17 -0.06887  9.60008e+00 | 18 -0.01258  5.07658e+00
 19 -0.03327  8.79344e+00 | 20  0.07462  1.15763e+01 | 21  0.07653  8.07365e+00
 22 -0.01894  1.05017e+01 | 23 -0.00296  1.07485e+01 | 24 -0.10582  8.62855e+00
 25 -0.01327  1.27562e+01 | 26  0.00566  1.63811e+01 | 27 -0.01774  8.53397e+00
 28  0.02374  1.02410e+01 | 29 -0.03311  6.78833e+00 | 30  0.03310  1.00065e+01
 31 -0.03809  5.02319e+00 | 32  0.00464  1.49278e+01 | 33  0.00246  6.60298e+00
 34  0.05370  1.47239e+01 | 35  0.02806  9.34016e+00 | 36 -0.00747  9.21148e+00
 37  0.13669 -1.05915e+02 | 38  0.13008 -3.51020e+01 | 39  0.15116  7.38388e+00
 40  0.11952 -2.36200e+01 | 41 -0.51515  7.22691e-03 | 42 -1.37205  3.12777e-03
 43 -1.16948  1.12513e-02 | 44 -0.73544 -6.54350e-03 | 45 -1.21858  4.58301e+00
 46 -0.78725  4.69297e+00 | 47 -1.10688  2.82131e+01 | 48 -0.82734  1.73759e+01
 49 -0.43249  1.44222e+00 | 50  2.00908 -2.24380e-01 |

Initial statistics: 52 variables; iteration 0; function evaluation 0; phase 3
Function value 1.2276240e+02; maximum gradient component mag -5.5820e+02
Var    Value     Gradient |Var    Value     Gradient |Var    Value     Gradient
  1  0.33991 -5.79442e+01 |  2 -0.07543 -1.92927e+00 |  3  0.02015  9.79230e-01
  4 -0.02210 -1.77185e+00 |  5  0.04634 -2.98187e+00 |  6  0.02837  1.69509e+00
  7 -0.03210  2.16730e+00 |  8 -0.01397  1.04400e+00 |  9  0.00540 -1.07419e+00
 10  0.05356  2.10093e+00 | 11 -0.00184  2.69601e+00 | 12  0.01241  1.36462e+00
 13 -0.00447  1.34420e+00 | 14  0.00745 -7.08938e-01 | 15  0.02866 -3.96895e-01
 16 -0.02887 -2.42461e+00 | 17 -0.06913 -6.29453e-01 | 18 -0.01284 -5.21107e+00
 19 -0.03353 -1.48219e+00 | 20  0.07436  1.35729e+00 | 21  0.07626 -2.14192e+00
 22 -0.01920  2.16511e-01 | 23 -0.00322  4.58859e-01 | 24 -0.10608 -1.51924e+00
 25 -0.01353  2.46870e+00 | 26  0.00541  6.09185e+00 | 27 -0.01800 -1.75173e+00
 28  0.02348 -4.15084e-02 | 29 -0.03336 -3.48740e+00 | 30  0.03284 -2.69344e-01
 31 -0.03835 -5.24798e+00 | 32  0.00438  4.63838e+00 | 33  0.00220 -3.68666e+00
 34  0.05344  4.47097e+00 | 35  0.02780 -9.39576e-01 | 36 -0.00773 -1.07751e+00
 37  0.13669 -1.05915e+02 | 38  0.13008 -3.51020e+01 | 39  0.15116  7.38388e+00
 40  0.11952 -2.36200e+01 | 41 -0.51515  7.22691e-03 | 42 -0.62795 -3.12777e-03
 43 -0.83052 -1.12513e-02 | 44 -0.73544 -6.54350e-03 | 45 -0.78142 -4.58301e+00
 46 -0.78725  4.69297e+00 | 47 -0.89312 -2.82131e+01 | 48 -0.82734  1.73759e+01
 49 -0.43249  1.44222e+00 | 50 -0.00908  2.24380e-01 | 51 -0.17585 -5.58205e+02
 52 -0.12819 -3.71506e+02 |

Intermediate statistics: 52 variables; iteration 20; function evaluation 31; phase 3
Function value 1.0861025e+02; maximum gradient component mag -8.8729e+02
Var    Value     Gradient |Var    Value     Gradient |Var    Value     Gradient
  1  0.24615 -7.01152e+02 |  2 -0.04511  5.93122e+00 |  3  0.03405 -2.19937e+00
  4 -0.00612  2.79498e+00 |  5  0.06281  1.43620e+00 |  6  0.04451  5.45646e+01
  7 -0.01608  5.43387e+01 |  8  0.00327  5.52443e+01 |  9  0.01970  5.45764e+01
 10  0.06148  4.88710e+01 | 11  0.00394  4.86911e+01 | 12  0.01622  4.31811e+01
 13 -0.00630  4.08853e+01 | 14  0.00509  4.55959e+01 | 15  0.03081  3.55212e+01
 16 -0.02899  3.69974e+01 | 17 -0.08334  3.42478e+01 | 18 -0.02988  3.58516e+01
 19 -0.04507  2.89298e+01 | 20  0.06299  4.48511e+01 | 21  0.06477  3.67744e+01
 22 -0.03528  2.71143e+01 | 23 -0.01557  4.47818e+01 | 24 -0.13056  2.49278e+01
 25 -0.03809  2.84153e+01 | 26 -0.02645  3.33889e+01 | 27 -0.03134  4.05061e+01
 28  0.02162  4.23139e+01 | 29 -0.02243  4.25569e+01 | 30  0.04975  3.19232e+01
 31 -0.04040  1.30890e+00 | 32  0.02333  2.71074e+01 | 33  0.01781  1.44633e+01
 34  0.06837  4.15117e+01 | 35  0.04801  3.78709e+01 | 36  0.03796  7.53709e+01
 37  0.18142 -8.87285e+02 | 38  0.18568 -2.36941e+02 | 39  0.20077 -8.13846e+01
 40  0.15895 -2.66234e+02 | 41 -0.51587  4.15851e-03 | 42 -0.62754 -3.58466e-03
 43 -0.82914 -1.11609e-02 | 44 -0.73463 -6.55969e-03 | 45 -0.78452 -1.05557e+02
 46 -0.79128  1.09019e+02 | 47 -0.94809 -1.17277e+02 | 48 -0.91951  7.55340e+01
 49 -0.44966  4.86553e+00 | 50 -0.01421  8.57732e-01 | 51 -0.14502 -8.06274e+01
 52 -0.12357 -2.54843e+02 |
52 variables; iteration 40; function evaluation 59; phase 3
Function value 1.0184603e+02; maximum gradient component mag -8.9608e+02
Var    Value     Gradient |Var    Value     Gradient |Var    Value     Gradient
  1  0.21951 -8.96077e+02 |  2 -0.05134  2.45215e+00 |  3  0.04546  1.20561e+01
  4 -0.00985 -1.15473e+00 |  5  0.04929 -1.19362e+01 |  6  0.03687  1.66433e+01
  7 -0.01186  2.62251e+01 |  8  0.01538  3.28926e+01 |  9  0.02187  1.68272e+01
 10  0.06597  1.11088e+01 | 11  0.01629  2.32255e+01 | 12  0.02231  9.27520e+00
 13 -0.01214  1.80273e+00 | 14 -0.00617  2.94548e+00 | 15  0.03048 -2.16893e+00
 16 -0.02896  7.15188e-02 | 17 -0.09255 -1.11502e+01 | 18 -0.03437 -1.18300e+01
 19 -0.04268 -4.65299e+00 | 20  0.05250 -1.26570e+01 | 21  0.05625 -1.95526e+01
 22 -0.03670 -9.45681e+00 | 23 -0.02472 -1.46895e+01 | 24 -0.13049 -1.08401e+01
 25 -0.03194 -6.50073e+00 | 26 -0.02650  1.09220e+00 | 27 -0.04046 -2.01089e+01
 28  0.01507 -3.11470e+01 | 29 -0.02929  1.11995e-01 | 30  0.04850 -3.02753e+00
 31 -0.03206 -4.18832e+00 | 32  0.03780  3.05733e+01 | 33  0.02966  1.69101e+01
 34  0.06174 -1.08043e+01 | 35  0.04843  2.18654e+01 | 36  0.02257  2.84479e+01
 37  0.19671 -8.34248e+02 | 38  0.20029 -4.33056e+02 | 39  0.21331 -3.35437e+02
 40  0.17423 -1.39970e+02 | 41 -0.52370 -3.10850e-05 | 42 -0.62200 -4.09928e-03
 43 -0.81143 -1.01008e-02 | 44 -0.72432 -5.55887e-03 | 45 -0.82314 -1.90705e+01
 46 -0.83141  1.99939e+01 | 47 -0.92421 -9.68429e+01 | 48 -0.88598  6.42421e+01
 49 -0.48278  1.65417e+00 | 50 -0.05279  3.71950e-01 | 51 -0.13618 -1.19704e+02
 52 -0.10775 -6.69400e+01 |
52 variables; iteration 60; function evaluation 95; phase 3
Function value 8.6783843e+01; maximum gradient component mag -2.1004e+02
Var    Value     Gradient |Var    Value     Gradient |Var    Value     Gradient
  1  0.17559 -8.83718e+01 |  2 -0.06468  5.74578e-01 |  3  0.02816 -6.77716e-01
  4 -0.01631  2.88547e+00 |  5  0.04465 -1.97362e+00 |  6  0.01505  8.04042e+00
  7 -0.03920  1.41988e+01 |  8 -0.01036  1.46108e+01 |  9  0.00623  1.06508e+01
 10  0.07153  6.25559e+00 | 11  0.03221  1.81182e+01 | 12  0.04614  6.02941e+00
 13  0.00666  1.61861e+01 | 14  0.00502  5.04735e+00 | 15  0.05480  1.20579e+01
 16 -0.00525  7.01722e+00 | 17 -0.07267  8.34442e+00 | 18 -0.02291  1.47658e+01
 19 -0.04637  3.03765e+00 | 20  0.05292  1.05902e+01 | 21  0.05795  7.77630e+00
 22 -0.04136  6.30889e+00 | 23 -0.01984  1.21199e+01 | 24 -0.12138  8.78074e+00
 25 -0.02483  8.22593e+00 | 26 -0.02504  1.06597e+01 | 27 -0.03055  7.34661e+00
 28  0.02935  1.40241e+01 | 29 -0.03065  1.06694e+01 | 30  0.04239  2.73591e+00
 31 -0.04593 -3.23610e-01 | 32  0.02464  2.74332e-01 | 33  0.01879  1.57452e+00
 34  0.05348  4.97941e+00 | 35  0.02828  1.05669e+01 | 36 -0.00271  1.32302e+01
 37  0.22604 -1.40683e+02 | 38  0.23816 -2.10041e+02 | 39  0.24991  2.44799e+01
 40  0.20246  4.63551e-01 | 41 -0.46332 -8.79076e-02 | 42 -0.49039 -1.34190e-02
 43 -0.56961 -3.84274e-03 | 44 -0.70387 -1.91533e-03 | 45 -0.66324 -2.96753e+01
 46 -0.68927  3.22576e+01 | 47 -0.85204  3.20281e+01 | 48 -0.80473 -2.42062e+01
 49 -0.64598  5.39958e-02 | 50  0.34680  2.03309e-02 | 51 -0.09330  1.40344e+02
 52 -0.08387 -1.27961e+02 |
Maximum number of function evaluations exceeded

 - final statistics:
52 variables; iteration 62; function evaluation 100
Function value 8.5798e+01; maximum gradient component mag -3.1801e+02
Exit code = 3;  converg criter 1.0000e+00
Var    Value     Gradient |Var    Value     Gradient |Var    Value     Gradient
  1  0.17012 -3.18014e+02 |  2 -0.06822  3.44991e-01 |  3  0.02346 -4.35413e+00
  4 -0.02105 -6.92405e-01 |  5  0.04254 -1.56348e+00 |  6  0.01175  1.12338e+01
  7 -0.04475  1.32088e+01 |  8 -0.01537  1.22776e+01 |  9  0.00424  1.33076e+01
 10  0.07259  8.60146e+00 | 11  0.03133  1.37816e+01 | 12  0.04987  6.34647e+00
 13  0.00630  1.26025e+01 | 14  0.00566  6.86751e+00 | 15  0.05686  6.62608e+00
 16 -0.00197  1.23501e+00 | 17 -0.07109  4.29406e+00 | 18 -0.02263  6.12501e+00
 19 -0.04526 -1.13751e+00 | 20  0.05265  7.61686e+00 | 21  0.05820  5.90871e+00
 22 -0.04174  5.10557e+00 | 23 -0.02029  5.56795e+00 | 24 -0.12006  5.71393e+00
 25 -0.02274  4.49624e+00 | 26 -0.02626  5.50743e+00 | 27 -0.02884  1.70550e+00
 28  0.03148  3.95448e+00 | 29 -0.02993  6.86516e+00 | 30  0.04258 -7.98315e-01
 31 -0.04539 -2.62154e+00 | 32  0.02310 -4.83415e-01 | 33  0.01859  1.90310e+00
 34  0.05335  3.55722e+00 | 35  0.02598  9.03582e+00 | 36 -0.00385  1.42956e+01
 37  0.22958 -1.52487e+02 | 38  0.24235 -2.44792e+02 | 39  0.25365 -3.26540e+01
 40  0.20548 -6.69918e+00 | 41 -0.38278 -9.23496e+00 | 42 -0.46355 -4.15005e-01
 43 -0.53866 -3.45620e-03 | 44 -0.69909 -9.85219e-04 | 45 -0.69307 -1.65546e+01
 46 -0.71934  1.81475e+01 | 47 -0.84457 -1.68651e+01 | 48 -0.79714  1.28570e+01
 49 -0.67352  4.46721e-02 | 50  0.40265  1.85052e-02 | 51 -0.09074  1.08512e+02
 52 -0.07812 -5.96383e+01 |

Initial statistics: 54 variables; iteration 0; function evaluation 0; phase 4
Function value 8.5782699e+01; maximum gradient component mag -3.1815e+02
Var    Value     Gradient |Var    Value     Gradient |Var    Value     Gradient
  1  0.17012 -3.18153e+02 |  2 -0.06822  3.46632e-01 |  3  0.02346 -4.35526e+00
  4 -0.02105 -6.94823e-01 |  5  0.04254 -1.56099e+00 |  6  0.01159  5.01286e+00
  7 -0.04491  6.99576e+00 |  8 -0.01552  6.05067e+00 |  9  0.00408  7.08314e+00
 10  0.07244  2.41857e+00 | 11  0.03117  7.55789e+00 | 12  0.04971  1.40734e-01
 13  0.00614  6.37385e+00 | 14  0.00550  6.42773e-01 | 15  0.05670  4.20932e-01
 16 -0.00212 -4.99524e+00 | 17 -0.07125 -1.89800e+00 | 18 -0.02278 -1.04499e-01
 19 -0.04541 -7.35235e+00 | 20  0.05249  1.41074e+00 | 21  0.05805 -2.90113e-01
 22 -0.04190 -1.10995e+00 | 23 -0.02045 -6.58805e-01 | 24 -0.12022 -4.08282e-01
 25 -0.02290 -1.72856e+00 | 26 -0.02642 -7.17354e-01 | 27 -0.02900 -4.52086e+00
 28  0.03132 -2.27178e+00 | 29 -0.03009  6.41888e-01 | 30  0.04243 -7.01189e+00
 31 -0.04554 -8.83564e+00 | 32  0.02294 -6.70607e+00 | 33  0.01844 -4.32154e+00
 34  0.05319 -2.64881e+00 | 35  0.02582  2.80993e+00 | 36 -0.00401  8.06958e+00
 37  0.22958 -1.52498e+02 | 38  0.24235 -2.44828e+02 | 39  0.25365 -3.27067e+01
 40  0.20548 -6.70599e+00 | 41 -0.38278 -9.25902e+00 | 42 -0.46355 -4.15227e-01
 43 -0.53866 -3.45588e-03 | 44 -0.69909 -9.84566e-04 | 45 -0.69307 -1.65369e+01
 46 -0.71934  1.81282e+01 | 47 -0.84457 -1.69127e+01 | 48 -0.79714  1.28935e+01
 49 -0.67352  4.46653e-02 | 50  0.40265  1.85040e-02 | 51 -0.09074  1.08488e+02
 52 -0.07812 -5.95834e+01 | 53 -0.05795  1.41287e+02 | 54 -0.17585 -3.10522e+01

Intermediate statistics: 54 variables; iteration 20; function evaluation 24; phase 4
Function value 8.3745508e+01; maximum gradient component mag -1.8255e+02
Var    Value     Gradient |Var    Value     Gradient |Var    Value     Gradient
  1  0.16872 -1.70860e+02 |  2 -0.07164  8.17862e-02 |  3  0.02412 -3.95103e-01
  4 -0.02220 -2.65173e-01 |  5  0.03977  2.73847e-01 |  6  0.00530  1.55719e+00
  7 -0.05286  1.37865e+00 |  8 -0.02232  1.79003e+00 |  9 -0.00286  2.06497e+00
 10  0.07081  1.73553e+00 | 11  0.02949  2.00666e+00 | 12  0.05297  2.34655e+00
 13  0.00701  2.75806e+00 | 14  0.00860  1.13896e+00 | 15  0.05950  2.65168e+00
 16  0.00201  2.28800e+00 | 17 -0.07027 -1.23288e+00 | 18 -0.02604 -4.41910e+00
 19 -0.04353 -7.72664e+00 | 20  0.04754 -7.47819e+00 | 21  0.05400 -9.18071e+00
 22 -0.04267 -5.69923e+00 | 23 -0.02436 -6.88217e+00 | 24 -0.12075 -2.87022e+00
 25 -0.02122 -1.54029e+00 | 26 -0.02607 -3.99575e-01 | 27 -0.03104 -7.79155e+00
 28  0.03028 -6.72574e+00 | 29 -0.02538  7.87617e+00 | 30  0.04785  9.08729e+00
 31 -0.04088  1.98218e+00 | 32  0.02821 -2.22218e+00 | 33  0.02312 -1.46538e+00
 34  0.05660  1.72302e+00 | 35  0.02811 -3.02105e+00 | 36 -0.00224  2.62293e+00
 37  0.23002 -1.82549e+02 | 38  0.24322 -1.14438e+02 | 39  0.25410 -5.17750e+01
 40  0.20517 -1.54028e+01 | 41 -0.36262  5.01209e+00 | 42 -0.46237  1.28156e-01
 43 -0.53860 -3.45968e-03 | 44 -0.69907 -1.22756e-03 | 45 -0.69202 -3.86234e+00
 46 -0.71925  4.23546e+00 | 47 -0.84254  1.70394e+01 | 48 -0.79702 -1.31925e+01
 49 -0.67342  5.59489e-02 | 50  0.40262  2.21328e-02 | 51 -0.09480  8.65057e+01
 52 -0.07523 -5.92518e+01 | 53 -0.06924  7.73401e+01 | 54 -0.16319  9.35716e+00
54 variables; iteration 40; function evaluation 49; phase 4
Function value 8.2616625e+01; maximum gradient component mag -1.2510e+02
Var    Value     Gradient |Var    Value     Gradient |Var    Value     Gradient
  1  0.16561 -1.18867e+02 |  2 -0.06572  2.08011e+00 |  3  0.02518 -1.05011e+00
  4 -0.02119  2.48622e-01 |  5  0.03906 -2.81704e-02 |  6  0.00210  1.31934e-01
  7 -0.05647 -1.37608e+00 |  8 -0.02157  2.26692e+00 |  9  0.00041  5.20536e+00
 10  0.07476  3.95489e+00 | 11  0.03119  2.69934e-01 | 12  0.05565  3.31086e+00
 13  0.00621  1.53140e+00 | 14  0.00864  2.79345e+00 | 15  0.06012  1.48619e+00
 16  0.00377  1.75169e+00 | 17 -0.06912  2.84195e-01 | 18 -0.02662 -3.83877e+00
 19 -0.04366 -3.79611e+00 | 20  0.04663 -1.33042e+00 | 21  0.05212 -5.63070e+00
 22 -0.04433 -1.17945e+00 | 23 -0.02524 -2.13889e+00 | 24 -0.12138 -1.67494e+00
 25 -0.01912  5.78871e+00 | 26 -0.02586 -6.73102e-01 | 27 -0.03074 -3.95729e+00
 28  0.03071 -2.80659e+00 | 29 -0.02677 -3.77471e+00 | 30  0.04676 -2.68606e+00
 31 -0.04099  1.50925e+00 | 32  0.02889 -1.51110e+00 | 33  0.02430  2.36078e+00
 34  0.05525 -3.72496e-01 | 35  0.02824  2.99180e+00 | 36 -0.00434  2.28875e+00
 37  0.23313  3.32044e+00 | 38  0.24407 -1.25097e+02 | 39  0.25794  1.18600e+00
 40  0.20737  9.97500e+00 | 41 -0.36136 -1.53464e+00 | 42 -0.42585 -4.13812e-02
 43 -0.53371 -3.40231e-03 | 44 -0.69680 -1.08941e-03 | 45 -0.66939 -7.14241e+00
 46 -0.70006  7.87704e+00 | 47 -0.82804 -7.75406e+00 | 48 -0.78015  6.02399e+00
 49 -0.66440 -8.88182e-03 | 50  0.39975  1.19995e-03 | 51 -0.15026  3.39255e+01
 52 -0.07485 -4.57084e+00 | 53 -0.03848  1.67548e+01 | 54 -0.10839  1.78456e+01
54 variables; iteration 60; function evaluation 89; phase 4
Function value 8.2050460e+01; maximum gradient component mag -8.4657e+01
Var    Value     Gradient |Var    Value     Gradient |Var    Value     Gradient
  1  0.16591 -8.46568e+01 |  2 -0.06871  1.44075e+00 |  3  0.02382 -2.90449e+00
  4 -0.02148 -8.14426e-02 |  5  0.03888 -6.62918e-01 |  6  0.00361  1.28208e+00
  7 -0.05494 -9.44612e-01 |  8 -0.02268  8.91660e-01 |  9 -0.00330  1.05899e+00
 10  0.07362  3.82274e+00 | 11  0.03106  1.50794e-01 | 12  0.05435  2.67760e-01
 13  0.00658  4.74051e-01 | 14  0.00914  2.16950e+00 | 15  0.05952 -9.24858e-01
 16  0.00244 -2.59332e+00 | 17 -0.06942 -2.97885e-01 | 18 -0.02690  6.20114e-01
 19 -0.04320 -3.89991e+00 | 20  0.04546 -2.35974e-01 | 21  0.05230 -5.70448e-01
 22 -0.04375 -1.24925e+00 | 23 -0.02615 -2.37131e-01 | 24 -0.12061  4.60502e-01
 25 -0.01935  2.46316e+00 | 26 -0.02478  1.51298e+00 | 27 -0.03127  1.12189e+00
 28  0.03028 -2.32848e+00 | 29 -0.02567 -4.52534e+00 | 30  0.04766 -2.95122e+00
 31 -0.04009  5.64783e-02 | 32  0.02964 -2.12650e+00 | 33  0.02469 -9.84527e-02
 34  0.05625 -5.17279e-01 | 35  0.02894  9.52583e-01 | 36 -0.00404  1.04376e+00
 37  0.23322 -4.50565e+01 | 38  0.24242 -1.93479e+01 | 39  0.25741 -4.89286e+00
 40  0.20691  8.70423e-02 | 41 -0.36079 -3.82589e+00 | 42 -0.48145 -9.55067e-02
 43 -0.38116 -2.01462e-03 | 44 -0.69778 -4.00799e-04 | 45 -0.48744 -4.81679e+01
 46 -0.53889  5.72393e+01 | 47 -0.78944  2.78504e+00 | 48 -0.73074 -2.17942e+00
 49 -0.45927  4.96860e-01 | 50  0.31304  6.52777e-02 | 51 -0.06420  3.81677e+01
 52 -0.13834 -4.64840e+01 | 53 -0.22837  1.69152e+01 | 54 -0.25795  1.86518e+01
54 variables; iteration 80; function evaluation 129; phase 4
Function value 8.1741135e+01; maximum gradient component mag 4.5561e+02
Var    Value     Gradient |Var    Value     Gradient |Var    Value     Gradient
  1  0.16444 -1.30303e+01 |  2 -0.07572  6.26564e-02 |  3  0.02320 -1.68512e-01
  4 -0.02292  5.26892e-02 |  5  0.03712 -1.95922e-01 |  6  0.00074  3.77940e-01
  7 -0.05627  9.60118e-03 |  8 -0.02475  1.80104e-01 |  9 -0.00643  1.76818e-01
 10  0.07024  3.39148e-01 | 11  0.03083  1.43662e-01 | 12  0.05513  1.77581e-01
 13  0.00654  1.83321e-01 | 14  0.00781  1.74917e-01 | 15  0.06080  3.45835e-02
 16  0.00438  8.14034e-03 | 17 -0.06876 -6.56095e-04 | 18 -0.02664  1.62642e-01
 19 -0.04186 -4.72469e-02 | 20  0.04534  1.28872e-01 | 21  0.05229  1.30231e-01
 22 -0.04309  1.01794e-01 | 23 -0.02579  2.61231e-01 | 24 -0.12015  2.02324e-01
 25 -0.01928  3.86769e-01 | 26 -0.02508  1.07890e-01 | 27 -0.03076  1.76687e-01
 28  0.03137  3.32280e-02 | 29 -0.02402 -5.33167e-01 | 30  0.04834 -7.99443e-01
 31 -0.03982 -1.99521e-01 | 32  0.03024 -8.40496e-01 | 33  0.02513 -5.15491e-01
 34  0.05667 -4.23770e-01 | 35  0.02928 -4.45425e-03 | 36 -0.00288  2.26734e-01
 37  0.23377 -4.75250e+00 | 38  0.24346 -8.21423e+00 | 39  0.25866  1.14405e-01
 40  0.20752 -1.28691e+00 | 41 -0.35884  9.53403e-01 | 42 -0.41896  1.96512e-02
 43 -0.20380 -8.67327e-04 | 44 -0.69872  2.99516e-04 | 45 -0.43517 -2.20655e+00
 46 -0.50637  3.40391e+00 | 47 -0.70827 -3.19382e+00 | 48 -0.62792  2.16524e+00
 49 -0.52826 -4.27471e-03 | 50  0.19692  8.19843e-04 | 51 -0.05505  4.35385e+02
 52 -0.17548 -3.19333e+02 | 53 -0.30299 -6.72725e+01 | 54 -0.30329  4.55610e+02
54 variables; iteration 100; function evaluation 161; phase 4
Function value 7.9345513e+01; maximum gradient component mag -9.5605e+01
Var    Value     Gradient |Var    Value     Gradient |Var    Value     Gradient
  1  0.16253 -4.95771e+01 |  2 -0.07855  5.19409e-01 |  3  0.02119 -1.73473e+00
  4 -0.02544 -4.57224e-03 |  5  0.03325 -7.49860e-01 |  6 -0.00464  9.64730e-01
  7 -0.06116 -8.18215e-02 |  8 -0.02775  4.38744e-01 |  9 -0.01015  5.64507e-01
 10  0.06938  1.29397e+00 | 11  0.03133 -8.43904e-02 | 12  0.05624 -2.19879e+00
 13  0.00691 -6.48512e-01 | 14  0.00785  1.18810e+00 | 15  0.06217  3.56578e-02
 16  0.00641 -6.35579e-01 | 17 -0.06703 -5.79600e-02 | 18 -0.02556 -4.31593e-01
 19 -0.04137 -9.95666e-01 | 20  0.04466 -9.74598e-01 | 21  0.05180 -7.88175e-01
 22 -0.04388 -3.92814e-01 | 23 -0.02514 -1.31064e+00 | 24 -0.11934 -9.83075e-01
 25 -0.01848 -2.77001e+00 | 26 -0.02470 -5.69139e-01 | 27 -0.02965 -2.80443e-01
 28  0.03302  8.22624e-02 | 29 -0.02281  2.56227e-01 | 30  0.04916  8.20766e-01
 31 -0.03922  1.04615e+00 | 32  0.03092  1.52400e+00 | 33  0.02599  1.70642e+00
 34  0.05708  6.44136e-01 | 35  0.02981  8.91538e-01 | 36 -0.00234  9.49448e-01
 37  0.23475 -2.12414e+01 | 38  0.24490  1.44057e+01 | 39  0.26030  1.98998e+00
 40  0.20839 -1.90197e+00 | 41 -0.36051 -6.16799e-01 | 42 -0.23094 -1.63112e-02
 43 -0.15125 -6.36521e-04 | 44 -0.70248 -1.72226e-03 | 45 -0.57474 -2.78776e+00
 46 -0.61741  1.16355e+00 | 47 -0.31497 -6.53329e+00 | 48 -0.27066  9.83758e+00
 49 -0.83483 -1.17347e-02 | 50  0.08440  5.16781e-04 | 51 -0.04136 -9.56052e+01
 52 -0.16140  8.95976e+01 | 53 -0.29379 -1.02154e+01 | 54 -0.30521 -7.48863e+01
54 variables; iteration 120; function evaluation 190; phase 4
Function value 7.8394420e+01; maximum gradient component mag 2.2834e+01
Var    Value     Gradient |Var    Value     Gradient |Var    Value     Gradient
  1  0.16206  1.25246e+00 |  2 -0.08505 -6.13624e-02 |  3  0.01890 -2.50704e-02
  4 -0.02795 -4.51490e-02 |  5  0.03008 -3.46995e-02 |  6 -0.00920 -8.90742e-02
  7 -0.06356  4.76648e-02 |  8 -0.02956 -3.80147e-02 |  9 -0.01205 -1.54447e-02
 10  0.06818 -1.25236e-01 | 11  0.03308  6.41701e-02 | 12  0.06047  3.93159e-01
 13  0.00800  2.16807e-02 | 14  0.00812 -1.29466e-01 | 15  0.06192 -1.51948e-01
 16  0.00638 -1.21618e-01 | 17 -0.06714 -7.67622e-02 | 18 -0.02564 -1.03068e-01
 19 -0.04095  3.01839e-02 | 20  0.04423 -9.33145e-02 | 21  0.05107 -5.56220e-02
 22 -0.04354  4.79124e-02 | 23 -0.02533 -3.18141e-02 | 24 -0.11876  8.04352e-02
 25 -0.01715  3.00353e-02 | 26 -0.02409  1.01388e-02 | 27 -0.02951  3.90917e-02
 28  0.03414  4.03222e-01 | 29 -0.02249  9.37006e-02 | 30  0.04902 -6.19174e-02
 31 -0.03913 -8.60886e-02 | 32  0.03112 -1.23285e-02 | 33  0.02625 -5.96413e-02
 34  0.05718 -2.22241e-02 | 35  0.03036 -1.58297e-01 | 36 -0.00187  1.13919e-02
 37  0.23507 -2.57627e+00 | 38  0.24536  1.55760e+00 | 39  0.26054  3.03135e-01
 40  0.20861 -1.34658e-01 | 41 -0.36952 -2.99111e-01 | 42  0.19068 -6.19041e-03
 43  0.05452  4.66647e-04 | 44 -0.69978  3.26376e-04 | 45 -0.41510  2.90150e-01
 46 -0.49607 -4.62426e-01 | 47 -0.30887 -3.27174e-01 | 48 -0.27218  4.19339e-01
 49 -0.69372 -6.06561e-03 | 50 -0.14724 -7.74042e-04 | 51 -0.02032  1.55848e+01
 52 -0.15965 -6.16887e+00 | 53 -0.31430 -9.36087e+00 | 54 -0.32710  2.28337e+01
54 variables; iteration 140; function evaluation 228; phase 4
Function value 7.8388077e+01; maximum gradient component mag -1.4654e+01
Var    Value     Gradient |Var    Value     Gradient |Var    Value     Gradient
  1  0.16204 -1.08303e+01 |  2 -0.08476  3.39698e-02 |  3  0.01898  1.80885e-02
  4 -0.02785  3.26543e-02 |  5  0.03017  3.74880e-02 |  6 -0.00911  2.00344e-01
  7 -0.06358  1.32154e-01 |  8 -0.02951  1.71725e-01 |  9 -0.01198  1.62238e-01
 10  0.06835  2.17849e-01 | 11  0.03313  1.34126e-01 | 12  0.06040 -5.68327e-02
 13  0.00793 -5.21242e-03 | 14  0.00805  1.64666e-01 | 15  0.06197 -1.02893e-01
 16  0.00646 -1.26648e-01 | 17 -0.06720 -6.41765e-03 | 18 -0.02555  1.31307e-02
 19 -0.04096 -1.88255e-01 | 20  0.04436 -1.71394e-01 | 21  0.05109 -1.75584e-01
 22 -0.04375 -3.07218e-02 | 23 -0.02541 -3.26331e-02 | 24 -0.11875  5.48600e-02
 25 -0.01713  5.40524e-01 | 26 -0.02414  7.95230e-02 | 27 -0.02943 -3.02568e-01
 28  0.03412 -7.46982e-01 | 29 -0.02251 -1.85672e-01 | 30  0.04897 -7.92858e-02
 31 -0.03913 -2.87168e-02 | 32  0.03107  4.81293e-02 | 33  0.02624  4.82817e-02
 34  0.05702  4.77894e-02 | 35  0.03045  9.17592e-02 | 36 -0.00194  1.35734e-01
 37  0.23567 -1.46543e+01 | 38  0.24532  4.99987e-01 | 39  0.26056 -5.70071e-02
 40  0.20863 -4.35210e-02 | 41 -0.35951 -3.29892e-03 | 42 -0.21037 -1.11150e-03
 43 -0.15890 -7.92440e-04 | 44 -0.73062 -6.54846e-03 | 45 -0.41530 -2.88428e-01
 46 -0.49616  3.12954e-01 | 47 -0.30924  6.12168e-02 | 48 -0.27255 -9.28247e-02
 49 -0.40076  1.69365e-01 | 50 -0.10283  2.17830e-02 | 51 -0.02472 -4.94619e+00
 52 -0.16079  1.04088e+01 | 53 -0.31131 -7.74225e+00 | 54 -0.32326  3.33487e+00
54 variables; iteration 160; function evaluation 248; phase 4
Function value 7.8384567e+01; maximum gradient component mag 4.7249e+00
Var    Value     Gradient |Var    Value     Gradient |Var    Value     Gradient
  1  0.16201  1.28621e+00 |  2 -0.08486 -3.28809e-04 |  3  0.01896 -2.88156e-03
  4 -0.02788 -2.81528e-03 |  5  0.03013 -4.19472e-04 |  6 -0.00917 -2.27511e-02
  7 -0.06360 -2.00048e-02 |  8 -0.02954 -2.10723e-02 |  9 -0.01202 -1.93594e-02
 10  0.06831 -2.04404e-02 | 11  0.03315 -1.95652e-02 | 12  0.06047 -2.80190e-02
 13  0.00775 -5.29658e-03 | 14  0.00769 -1.04636e-02 | 15  0.06201  1.54017e-02
 16  0.00660  1.38198e-02 | 17 -0.06735 -1.36544e-03 | 18 -0.02548 -1.16011e-03
 19 -0.04085  9.74852e-03 | 20  0.04454  1.75256e-02 | 21  0.05115  1.05600e-02
 22 -0.04400  1.48248e-03 | 23 -0.02558  7.87538e-03 | 24 -0.11863  2.93886e-03
 25 -0.01700  8.14306e-03 | 26 -0.02420 -6.92411e-03 | 27 -0.02928  9.36673e-03
 28  0.03429  1.41063e-02 | 29 -0.02242  9.45549e-03 | 30  0.04891  2.11652e-02
 31 -0.03910  7.43557e-03 | 32  0.03113  1.54220e-02 | 33  0.02629  1.20032e-02
 34  0.05678  2.93857e-03 | 35  0.03058  4.86765e-03 | 36 -0.00189 -2.34996e-02
 37  0.23675  1.73627e+00 | 38  0.24533  9.31318e-02 | 39  0.26058 -1.57602e-02
 40  0.20864 -1.31267e-02 | 41 -0.36047 -7.73533e-02 | 42 -0.16926 -2.66595e-03
 43 -0.13460 -4.96432e-04 | 44 -0.69461  1.36294e-04 | 45 -0.41514 -1.32429e-02
 46 -0.49610  1.07941e-02 | 47 -0.30951  6.80369e-03 | 48 -0.27272 -7.09688e-03
 49 -0.36582 -5.73134e-02 | 50 -0.12645 -5.68472e-03 | 51 -0.02621 -2.32431e+00
 52 -0.16172  4.72492e+00 | 53 -0.31121 -3.41312e+00 | 54 -0.32249  1.34301e+00
54 variables; iteration 180; function evaluation 268; phase 4
Function value 7.8384356e+01; maximum gradient component mag 4.2273e-01
Var    Value     Gradient |Var    Value     Gradient |Var    Value     Gradient
  1  0.16201  2.36383e-02 |  2 -0.08487  5.43314e-04 |  3  0.01896  2.29023e-03
  4 -0.02788  1.03995e-03 |  5  0.03013  1.13302e-03 |  6 -0.00917  1.41992e-03
  7 -0.06361  6.74270e-04 |  8 -0.02955  5.55515e-04 |  9 -0.01203 -4.92416e-04
 10  0.06831 -4.93536e-04 | 11  0.03315  5.50499e-04 | 12  0.06048  8.43491e-03
 13  0.00777  8.61464e-04 | 14  0.00772 -2.52767e-03 | 15  0.06201 -1.22778e-03
 16  0.00659 -2.00619e-04 | 17 -0.06733 -7.48566e-04 | 18 -0.02549 -1.09002e-04
 19 -0.04085  2.98712e-04 | 20  0.04452 -1.07562e-03 | 21  0.05115  2.50501e-03
 22 -0.04397 -1.03772e-03 | 23 -0.02556  2.42831e-05 | 24 -0.11862 -2.28447e-03
 25 -0.01700 -1.07110e-03 | 26 -0.02419  1.45534e-03 | 27 -0.02930 -7.95295e-05
 28  0.03430  5.60967e-03 | 29 -0.02242  2.06346e-03 | 30  0.04891  2.02989e-03
 31 -0.03910 -6.06793e-04 | 32  0.03111 -3.59820e-03 | 33  0.02627 -4.77105e-03
 34  0.05680 -1.15195e-03 | 35  0.03055 -8.36336e-03 | 36 -0.00190  1.39427e-03
 37  0.23666 -1.40327e-01 | 38  0.24534 -1.75471e-02 | 39  0.26058  1.63755e-02
 40  0.20864 -3.31753e-03 | 41 -0.36411  8.91344e-02 | 42 -0.01895  2.17477e-03
 43 -0.04235 -2.26348e-05 | 44 -0.69729  1.48131e-04 | 45 -0.41513 -2.47013e-03
 46 -0.49609  5.91906e-03 | 47 -0.30950 -6.74338e-03 | 48 -0.27271  5.67189e-03
 49 -0.37486  8.43002e-03 | 50 -0.04899  7.64066e-04 | 51 -0.02714 -3.12353e-01
 52 -0.16231  4.22732e-01 | 53 -0.31118 -1.94090e-01 | 54 -0.32202 -8.44610e-02
54 variables; iteration 200; function evaluation 288; phase 4
Function value 7.8384354e+01; maximum gradient component mag -1.9565e-01
Var    Value     Gradient |Var    Value     Gradient |Var    Value     Gradient
  1  0.16201 -5.81505e-04 |  2 -0.08487  2.44158e-06 |  3  0.01896 -5.54584e-06
  4 -0.02788  4.81127e-06 |  5  0.03013 -8.67043e-06 |  6 -0.00917  1.41278e-05
  7 -0.06361  4.28043e-06 |  8 -0.02954  1.02153e-05 |  9 -0.01203  7.15897e-06
 10  0.06831  1.09062e-05 | 11  0.03315  3.43331e-06 | 12  0.06047  1.00725e-06
 13  0.00777 -3.51118e-06 | 14  0.00772  9.92523e-07 | 15  0.06201 -2.55701e-05
 16  0.00659 -2.76352e-05 | 17 -0.06733 -6.68442e-06 | 18 -0.02549 -5.54471e-06
 19 -0.04085 -2.49408e-05 | 20  0.04452 -1.78098e-05 | 21  0.05115 -1.61442e-05
 22 -0.04396 -7.13888e-06 | 23 -0.02556 -8.42680e-06 | 24 -0.11862  3.38614e-06
 25 -0.01700 -4.19476e-06 | 26 -0.02420  2.78501e-07 | 27 -0.02930 -1.53130e-05
 28  0.03430 -1.64418e-05 | 29 -0.02242  3.52634e-06 | 30  0.04891  2.15566e-05
 31 -0.03911  6.76410e-06 | 32  0.03111  3.56199e-05 | 33  0.02627  2.25063e-05
 34  0.05680  1.55509e-05 | 35  0.03055  1.48127e-06 | 36 -0.00190  1.08376e-05
 37  0.23665 -1.31248e-03 | 38  0.24534  8.66904e-04 | 39  0.26058 -1.72704e-05
 40  0.20864  3.26563e-07 | 41 -0.36436  2.26080e-05 | 42 -0.01005 -9.24263e-08
 43 -0.03679  8.94631e-07 | 44 -0.69784 -5.32248e-08 | 45 -0.41513  6.62037e-05
 46 -0.49609 -6.74798e-05 | 47 -0.30949 -4.88720e-05 | 48 -0.27271  3.64311e-05
 49 -0.37588  5.27707e-05 | 50 -0.04078  5.24216e-06 | 51 -0.02719 -1.95651e-01
 52 -0.16235  1.74007e-01 | 53 -0.31118 -9.03106e-03 | 54 -0.32199 -1.65641e-01
54 variables; iteration 220; function evaluation 308; phase 4
Function value 7.8384350e+01; maximum gradient component mag 6.7596e-01
Var    Value     Gradient |Var    Value     Gradient |Var    Value     Gradient
  1  0.16201 -3.84730e-01 |  2 -0.08487  1.39300e-05 |  3  0.01896  1.85044e-03
  4 -0.02788  1.20984e-03 |  5  0.03013 -3.43633e-04 |  6 -0.00917  6.23927e-03
  7 -0.06361  5.52090e-03 |  8 -0.02954  6.43595e-03 |  9 -0.01203  6.16191e-03
 10  0.06831  5.99370e-03 | 11  0.03315  5.23213e-03 | 12  0.06048  7.75536e-03
 13  0.00777  3.49022e-03 | 14  0.00772  3.77461e-03 | 15  0.06201 -9.97646e-04
 16  0.00659 -9.25813e-04 | 17 -0.06733  1.91430e-03 | 18 -0.02549  9.41564e-04
 19 -0.04085  4.66488e-04 | 20  0.04452 -1.46526e-03 | 21  0.05115  3.69086e-04
 22 -0.04396  1.97826e-03 | 23 -0.02556  2.36479e-04 | 24 -0.11862  1.10438e-03
 25 -0.01700 -6.59762e-03 | 26 -0.02419  1.83779e-03 | 27 -0.02930 -6.27802e-04
 28  0.03430 -6.24088e-03 | 29 -0.02242 -3.87586e-03 | 30  0.04891 -1.19587e-02
 31 -0.03911 -2.55314e-03 | 32  0.03111 -1.27627e-02 | 33  0.02627 -8.61523e-03
 34  0.05680 -4.11708e-03 | 35  0.03055 -7.36084e-04 | 36 -0.00190  7.22604e-03
 37  0.23665 -2.89680e-01 | 38  0.24534 -1.72800e-01 | 39  0.26058  1.19971e-03
 40  0.20864  5.62391e-03 | 41 -0.36482  9.04880e-03 | 42  0.00832  3.15846e-04
 43 -0.05373 -8.51934e-05 | 44 -0.69740 -2.84216e-05 | 45 -0.41513  7.53805e-03
 46 -0.49609 -1.24550e-03 | 47 -0.30949 -3.38349e-03 | 48 -0.27271  3.75214e-03
 49 -0.37450  1.16447e-02 | 50 -0.05575  1.03991e-03 | 51 -0.03174  6.24236e-01
 52 -0.16423 -4.36358e-01 | 53 -0.30938 -1.31886e-01 | 54 -0.31866  6.75963e-01
54 variables; iteration 240; function evaluation 331; phase 4
Function value 7.8384320e+01; maximum gradient component mag 2.8042e+00
Var    Value     Gradient |Var    Value     Gradient |Var    Value     Gradient
  1  0.16201 -1.95849e-01 |  2 -0.08487  2.65916e-04 |  3  0.01896 -1.43480e-03
  4 -0.02788 -5.89839e-04 |  5  0.03013  1.96370e-04 |  6 -0.00917  3.43387e-03
  7 -0.06361  3.25364e-03 |  8 -0.02954  2.65328e-03 |  9 -0.01203  2.90657e-03
 10  0.06831  3.11424e-03 | 11  0.03315  3.16140e-03 | 12  0.06047 -4.19794e-04
 13  0.00777  2.30605e-03 | 14  0.00772  3.98276e-03 | 15  0.06201  4.20179e-03
 16  0.00659  4.50420e-03 | 17 -0.06733  3.85442e-03 | 18 -0.02549  4.74361e-03
 19 -0.04085  2.55918e-03 | 20  0.04452  3.30041e-03 | 21  0.05115  2.31011e-03
 22 -0.04396  2.33112e-03 | 23 -0.02556  3.30121e-03 | 24 -0.11862  2.96567e-03
 25 -0.01700  1.35528e-02 | 26 -0.02420  3.90317e-03 | 27 -0.02930  6.60654e-04
 28  0.03430 -7.60115e-03 | 29 -0.02242 -1.03846e-02 | 30  0.04891 -1.56033e-02
 31 -0.03911 -3.92571e-03 | 32  0.03111 -2.11913e-02 | 33  0.02627 -1.25317e-02
 34  0.05680 -6.32871e-03 | 35  0.03055 -2.39384e-03 | 36 -0.00190  2.19220e-03
 37  0.23665 -2.41467e-02 | 38  0.24534 -3.47372e-01 | 39  0.26058 -2.12077e-04
 40  0.20864 -2.86802e-03 | 41 -0.36441  2.39890e-03 | 42 -0.00818  6.84395e-05
 43 -0.03786 -3.81731e-06 | 44 -0.69775  2.22393e-05 | 45 -0.41513 -5.50507e-03
 46 -0.49610 -5.59302e-04 | 47 -0.30949  2.28170e-03 | 48 -0.27271 -2.58180e-03
 49 -0.37579  8.55968e-04 | 50 -0.04189  7.67900e-05 | 51 -0.04704  2.80415e+00
 52 -0.16885 -2.58368e+00 | 53 -0.30033  2.02563e-01 | 54 -0.30586  2.28881e+00
54 variables; iteration 260; function evaluation 355; phase 4
Function value 7.8384271e+01; maximum gradient component mag -1.8591e+00
Var    Value     Gradient |Var    Value     Gradient |Var    Value     Gradient
  1  0.16201 -1.43528e-01 |  2 -0.08487 -6.98556e-05 |  3  0.01896  1.58596e-04
  4 -0.02788 -3.81906e-05 |  5  0.03013 -1.31241e-04 |  6 -0.00917  2.11473e-03
  7 -0.06361  2.20942e-03 |  8 -0.02954  2.25660e-03 |  9 -0.01203  2.23480e-03
 10  0.06831  2.12319e-03 | 11  0.03315  2.18509e-03 | 12  0.06048  2.71465e-03
 13  0.00777  2.28754e-03 | 14  0.00772  2.03880e-03 | 15  0.06201  1.98150e-03
 16  0.00659  1.93061e-03 | 17 -0.06733  2.02874e-03 | 18 -0.02549  1.88118e-03
 19 -0.04085  2.22439e-03 | 20  0.04452  2.09549e-03 | 21  0.05114  2.30793e-03
 22 -0.04396  1.02981e-03 | 23 -0.02556  7.43944e-04 | 24 -0.11862 -4.85702e-05
 25 -0.01700 -1.70939e-03 | 26 -0.02420  1.73484e-03 | 27 -0.02930  2.17455e-03
 28  0.03430 -5.13574e-03 | 29 -0.02242 -4.23297e-03 | 30  0.04891 -8.22077e-03
 31 -0.03911 -1.55709e-03 | 32  0.03111 -1.08008e-02 | 33  0.02627 -6.65578e-03
 34  0.05680 -3.32426e-03 | 35  0.03055 -7.82122e-04 | 36 -0.00190  2.33619e-03
 37  0.23665  3.63092e-03 | 38  0.24534 -2.04449e-01 | 39  0.26058  3.96882e-04
 40  0.20864  3.66935e-04 | 41 -0.36436 -4.91958e-04 | 42 -0.01019 -1.35914e-05
 43 -0.03686  4.49751e-07 | 44 -0.69784 -2.63024e-06 | 45 -0.41513  7.59076e-04
 46 -0.49609  1.98475e-04 | 47 -0.30949 -3.10532e-04 | 48 -0.27271  3.16954e-04
 49 -0.37589 -1.27948e-04 | 50 -0.04070 -1.17339e-05 | 51 -0.05989  1.81813e+00
 52 -0.16762 -1.85905e+00 | 53 -0.28389  3.63161e-01 | 54 -0.29032  1.27542e+00
54 variables; iteration 280; function evaluation 378; phase 4
Function value 7.8384147e+01; maximum gradient component mag -6.5661e-01
Var    Value     Gradient |Var    Value     Gradient |Var    Value     Gradient
  1  0.16201 -4.40819e-02 |  2 -0.08487 -2.19970e-04 |  3  0.01896  3.05656e-04
  4 -0.02788 -1.64362e-04 |  5  0.03013 -6.31824e-04 |  6 -0.00917  3.45985e-04
  7 -0.06361  6.14381e-04 |  8 -0.02954  7.52103e-04 |  9 -0.01203  7.70039e-04
 10  0.06831  4.85359e-04 | 11  0.03315  5.33245e-04 | 12  0.06048  2.47194e-03
 13  0.00777  9.77374e-04 | 14  0.00772  1.85891e-04 | 15  0.06201  3.49878e-04
 16  0.00659  3.38140e-04 | 17 -0.06733  3.78214e-04 | 18 -0.02549 -3.88625e-04
 19 -0.04085  7.76108e-04 | 20  0.04452  2.68591e-04 | 21  0.05115  9.44472e-04
 22 -0.04396 -2.33399e-03 | 23 -0.02556 -3.30048e-03 | 24 -0.11862 -5.10728e-03
 25 -0.01700 -1.10349e-02 | 26 -0.02419  5.54071e-07 | 27 -0.02930  2.88388e-03
 28  0.03430 -7.86841e-03 | 29 -0.02242  1.13471e-03 | 30  0.04891  3.92201e-03
 31 -0.03911  2.22234e-03 | 32  0.03110  3.79092e-03 | 33  0.02627  2.48043e-03
 34  0.05680  1.81336e-03 | 35  0.03055  1.06282e-03 | 36 -0.00191  1.15957e-03
 37  0.23666  1.37119e-02 | 38  0.24534 -4.49110e-02 | 39  0.26058  1.44321e-03
 40  0.20865  1.32598e-03 | 41 -0.36434 -1.17706e-03 | 42 -0.01086 -3.39910e-05
 43 -0.03627  3.36964e-06 | 44 -0.69786 -5.20084e-06 | 45 -0.41512  2.38404e-03
 46 -0.49609  1.06418e-03 | 47 -0.30949 -1.98311e-03 | 48 -0.27271  1.68664e-03
 49 -0.37595 -5.11211e-04 | 50 -0.04005 -4.52881e-05 | 51 -0.06679 -1.30470e-02
 52 -0.13971 -4.87914e-01 | 53 -0.22861  6.53587e-01 | 54 -0.25619 -6.56611e-01
54 variables; iteration 300; function evaluation 398; phase 4
Function value 7.8384119e+01; maximum gradient component mag -4.5780e-02
Var    Value     Gradient |Var    Value     Gradient |Var    Value     Gradient
  1  0.16201  8.51739e-03 |  2 -0.08487 -1.43901e-05 |  3  0.01896  5.16389e-06
  4 -0.02788 -7.17725e-06 |  5  0.03013  2.70191e-05 |  6 -0.00917 -1.42096e-04
  7 -0.06361 -1.10318e-04 |  8 -0.02954 -1.37995e-04 |  9 -0.01203 -1.34677e-04
 10  0.06831 -1.47998e-04 | 11  0.03315 -8.83058e-05 | 12  0.06048 -3.57777e-05
 13  0.00777 -9.92181e-05 | 14  0.00772 -1.42739e-04 | 15  0.06201 -9.40055e-05
 16  0.00659 -9.07030e-05 | 17 -0.06733 -1.11655e-04 | 18 -0.02549 -1.14218e-04
 19 -0.04085 -8.59473e-05 | 20  0.04452 -1.09185e-04 | 21  0.05114 -1.14993e-04
 22 -0.04396 -6.90406e-05 | 23 -0.02556 -7.04487e-05 | 24 -0.11862 -2.97931e-05
 25 -0.01700  4.06359e-05 | 26 -0.02420 -1.00142e-04 | 27 -0.02930 -9.79348e-05
 28  0.03430  3.02799e-04 | 29 -0.02242  2.25590e-04 | 30  0.04891  3.88942e-04
 31 -0.03911  9.26577e-06 | 32  0.03111  6.18731e-04 | 33  0.02627  3.65956e-04
 34  0.05680  1.74257e-04 | 35  0.03055  1.11497e-05 | 36 -0.00190 -1.37638e-04
 37  0.23665  2.67020e-04 | 38  0.24534  1.06851e-02 | 39  0.26058  8.94864e-05
 40  0.20864 -1.27432e-04 | 41 -0.36437  4.89744e-05 | 42 -0.00992  1.18821e-06
 43 -0.03694  1.55430e-07 | 44 -0.69783  3.45220e-07 | 45 -0.41513 -1.34585e-04
 46 -0.49609  6.56839e-05 | 47 -0.30949 -6.18330e-05 | 48 -0.27271  5.22919e-05
 49 -0.37588 -8.59558e-06 | 50 -0.04078 -6.99143e-07 | 51 -0.06607  4.16033e-02
 52 -0.13480 -4.57799e-02 | 53 -0.22114  1.44413e-02 | 54 -0.25231  2.22906e-02
54 variables; iteration 320; function evaluation 421; phase 4
Function value 7.8384092e+01; maximum gradient component mag 5.0154e-01
Var    Value     Gradient |Var    Value     Gradient |Var    Value     Gradient
  1  0.16201  7.64527e-02 |  2 -0.08487 -1.67432e-03 |  3  0.01896  7.63052e-04
  4 -0.02788 -1.56622e-03 |  5  0.03013  3.10856e-03 |  6 -0.00917 -3.16554e-03
  7 -0.06360  1.00068e-03 |  8 -0.02954 -1.99450e-03 |  9 -0.01203 -1.80475e-03
 10  0.06831 -3.31889e-03 | 11  0.03315  3.23405e-03 | 12  0.06048  9.57728e-03
 13  0.00777  1.69616e-03 | 14  0.00772 -2.68752e-03 | 15  0.06201  3.63746e-04
 16  0.00659 -2.11242e-04 | 17 -0.06733 -5.03251e-04 | 18 -0.02549  8.07670e-04
 19 -0.04085  3.48863e-03 | 20  0.04452  1.79410e-03 | 21  0.05114  1.91586e-03
 22 -0.04396  3.69232e-03 | 23 -0.02556  2.47622e-03 | 24 -0.11862  4.36652e-03
 25 -0.01700  8.14088e-03 | 26 -0.02420  1.31950e-03 | 27 -0.02930  6.26370e-04
 28  0.03430  1.57786e-02 | 29 -0.02242 -4.53426e-03 | 30  0.04891 -1.62971e-02
 31 -0.03911 -1.07324e-02 | 32  0.03111 -1.01569e-02 | 33  0.02627 -8.15196e-03
 34  0.05680 -5.33358e-03 | 35  0.03055 -6.41542e-03 | 36 -0.00190 -2.50725e-03
 37  0.23666  4.45092e-02 | 38  0.24534 -9.14843e-02 | 39  0.26058  1.56430e-02
 40  0.20864 -1.84525e-02 | 41 -0.36431  3.45323e-03 | 42 -0.01231  7.42804e-05
 43 -0.03436  1.36733e-05 | 44 -0.69786  1.89100e-05 | 45 -0.41514 -1.51005e-02
 46 -0.49610  9.78962e-03 | 47 -0.30948 -8.63669e-04 | 48 -0.27271  2.32101e-04
 49 -0.37595 -1.45303e-03 | 50 -0.03957 -1.33380e-04 | 51 -0.07924  5.01544e-01
 52 -0.13527 -4.55552e-01 | 53 -0.20805  2.08916e-02 | 54 -0.23862  4.47921e-01
54 variables; iteration 340; function evaluation 444; phase 4
Function value 7.8384034e+01; maximum gradient component mag -5.3473e-01
Var    Value     Gradient |Var    Value     Gradient |Var    Value     Gradient
  1  0.16201 -1.59137e-02 |  2 -0.08487 -1.05276e-03 |  3  0.01896  5.62505e-04
  4 -0.02788 -7.76027e-04 |  5  0.03013  2.13743e-03 |  6 -0.00917 -9.03554e-04
  7 -0.06360  1.77392e-03 |  8 -0.02954 -2.49180e-04 |  9 -0.01203 -3.18438e-05
 10  0.06831 -1.11104e-03 | 11  0.03315  3.18882e-03 | 12  0.06048  6.86932e-03
 13  0.00777  2.25868e-03 | 14  0.00772 -5.33616e-04 | 15  0.06201  2.31423e-03
 16  0.00659  2.40174e-03 | 17 -0.06733  1.30537e-03 | 18 -0.02549  1.57792e-03
 19 -0.04085  3.43783e-03 | 20  0.04452  2.04918e-03 | 21  0.05114  1.85960e-03
 22 -0.04396  2.04520e-03 | 23 -0.02556  1.55304e-03 | 24 -0.11862  2.13224e-03
 25 -0.01700  5.70279e-03 | 26 -0.02420  1.27229e-03 | 27 -0.02930  7.59151e-04
 28  0.03430  4.66222e-03 | 29 -0.02242 -5.22017e-03 | 30  0.04891 -1.39591e-02
 31 -0.03911 -8.08308e-03 | 32  0.03111 -1.04540e-02 | 33  0.02627 -7.44414e-03
 34  0.05680 -4.74949e-03 | 35  0.03055 -4.01125e-03 | 36 -0.00190 -3.84674e-04
 37  0.23666  2.62850e-02 | 38  0.24534 -1.59857e-01 | 39  0.26058  8.23518e-03
 40  0.20864 -9.82733e-03 | 41 -0.36433  1.92193e-03 | 42 -0.01134  4.08713e-05
 43 -0.03540  8.47072e-06 | 44 -0.69782  2.00553e-05 | 45 -0.41514 -9.05536e-03
 46 -0.49610  4.70312e-03 | 47 -0.30948 -4.26731e-04 | 48 -0.27271  5.34279e-04
 49 -0.37592 -8.42533e-04 | 50 -0.04006 -7.72208e-05 | 51 -0.11453  5.06152e-01
 52 -0.13711 -5.34731e-01 | 53 -0.17459  1.15950e-01 | 54 -0.20324  3.72736e-01
54 variables; iteration 360; function evaluation 469; phase 4
Function value 7.8383995e+01; maximum gradient component mag -2.1738e-01
Var    Value     Gradient |Var    Value     Gradient |Var    Value     Gradient
  1  0.16201  8.63999e-02 |  2 -0.08487 -8.01646e-04 |  3  0.01896  3.95903e-04
  4 -0.02788 -6.38903e-04 |  5  0.03013  1.70569e-03 |  6 -0.00917 -2.21532e-03
  7 -0.06360 -1.31769e-04 |  8 -0.02954 -1.71516e-03 |  9 -0.01203 -1.56261e-03
 10  0.06831 -2.33097e-03 | 11  0.03315  1.01381e-03 | 12  0.06048  3.84066e-03
 13  0.00777  2.85819e-04 | 14  0.00772 -1.88265e-03 | 15  0.06201  3.32128e-04
 16  0.00659  3.72262e-04 | 17 -0.06733 -4.79744e-04 | 18 -0.02549 -2.44430e-04
 19 -0.04085  1.14765e-03 | 20  0.04452  1.02949e-04 | 21  0.05114 -9.96068e-05
 22 -0.04396  3.86638e-04 | 23 -0.02556  6.04951e-05 | 24 -0.11862  7.61951e-04
 25 -0.01700  4.12026e-03 | 26 -0.02420 -1.79238e-04 | 27 -0.02930 -4.54450e-04
 28  0.03430  5.98488e-03 | 29 -0.02242 -8.41160e-04 | 30  0.04891 -4.14901e-03
 31 -0.03911 -4.78207e-03 | 32  0.03111  4.05195e-04 | 33  0.02627 -5.26650e-04
 34  0.05680 -9.34670e-04 | 35  0.03055 -2.35293e-03 | 36 -0.00190 -1.88115e-03
 37  0.23666  2.14635e-02 | 38  0.24534  1.37637e-02 | 39  0.26058  6.31775e-03
 40  0.20864 -7.88128e-03 | 41 -0.36434  1.68657e-03 | 42 -0.01108  3.63304e-05
 43 -0.03567  6.98718e-06 | 44 -0.69783  1.65187e-05 | 45 -0.41514 -7.46895e-03
 46 -0.49610  3.68636e-03 | 47 -0.30948 -2.42536e-04 | 48 -0.27271  2.63944e-04
 49 -0.37592 -7.03723e-04 | 50 -0.04017 -6.44235e-05 | 51 -0.14706  1.83674e-01
 52 -0.13667 -2.17381e-01 | 53 -0.14102  7.21640e-02 | 54 -0.16958  1.09843e-01
54 variables; iteration 380; function evaluation 490; phase 4
Function value 7.8383979e+01; maximum gradient component mag 5.2604e-02
Var    Value     Gradient |Var    Value     Gradient |Var    Value     Gradient
  1  0.16201  1.82693e-02 |  2 -0.08487 -1.97092e-04 |  3  0.01896  8.61588e-05
  4 -0.02788 -1.87577e-04 |  5  0.03013  4.12865e-04 |  6 -0.00917 -5.23785e-04
  7 -0.06361 -2.00768e-05 |  8 -0.02954 -3.87229e-04 |  9 -0.01203 -3.75936e-04
 10  0.06831 -5.20686e-04 | 11  0.03315  2.90398e-04 | 12  0.06048  1.10419e-03
 13  0.00777  1.04455e-04 | 14  0.00772 -4.41962e-04 | 15  0.06201 -5.78808e-05
 16  0.00659 -1.24252e-04 | 17 -0.06733 -1.62628e-04 | 18 -0.02549  5.19518e-05
 19 -0.04085  3.23604e-04 | 20  0.04452  1.80650e-04 | 21  0.05114  1.48418e-04
 22 -0.04396  6.57076e-04 | 23 -0.02556  5.82284e-04 | 24 -0.11862  9.94098e-04
 25 -0.01700  1.52377e-03 | 26 -0.02420  6.19569e-05 | 27 -0.02930 -1.34654e-04
 28  0.03430  3.12919e-03 | 29 -0.02242 -4.52072e-04 | 30  0.04891 -2.19135e-03
 31 -0.03911 -1.50297e-03 | 32  0.03111 -1.33372e-03 | 33  0.02627 -1.08855e-03
 34  0.05680 -7.93611e-04 | 35  0.03055 -8.93058e-04 | 36 -0.00190 -4.71252e-04
 37  0.23665  6.12604e-03 | 38  0.24534  1.34402e-06 | 39  0.26058  1.95405e-03
 40  0.20864 -2.47021e-03 | 41 -0.36436  4.17860e-04 | 42 -0.01025  8.77300e-06
 43 -0.03659  1.95951e-06 | 44 -0.69783  2.46120e-06 | 45 -0.41513 -1.92038e-03
 46 -0.49609  1.19267e-03 | 47 -0.30949 -7.26728e-05 | 48 -0.27271 -3.16021e-05
 49 -0.37589 -2.09790e-04 | 50 -0.04062 -1.91972e-05 | 51 -0.17164  3.58144e-02
 52 -0.13566 -1.94751e-02 | 53 -0.11508 -1.69692e-02 | 54 -0.14412  5.26042e-02
54 variables; iteration 400; function evaluation 513; phase 4
Function value 7.8383974e+01; maximum gradient component mag 5.8412e-02
Var    Value     Gradient |Var    Value     Gradient |Var    Value     Gradient
  1  0.16201 -6.37338e-03 |  2 -0.08487 -1.02865e-04 |  3  0.01896  5.00112e-05
  4 -0.02788 -9.15164e-05 |  5  0.03013  2.10797e-04 |  6 -0.00917 -2.25778e-05
  7 -0.06361  2.38545e-04 |  8 -0.02954  4.80154e-05 |  9 -0.01203  5.75848e-05
 10  0.06831 -2.93804e-05 | 11  0.03315  3.90549e-04 | 12  0.06048  7.88859e-04
 13  0.00777  2.98361e-04 | 14  0.00772  1.60341e-05 | 15  0.06201  2.40730e-04
 16  0.00659  2.21120e-04 | 17 -0.06733  1.70552e-04 | 18 -0.02549  2.51350e-04
 19 -0.04085  4.06164e-04 | 20  0.04452  3.13083e-04 | 21  0.05114  2.96031e-04
 22 -0.04396  4.38316e-04 | 23 -0.02556  3.95852e-04 | 24 -0.11862  5.29272e-04
 25 -0.01700  8.29036e-04 | 26 -0.02420  2.21742e-04 | 27 -0.02930  1.06012e-04
 28  0.03430  9.56237e-04 | 29 -0.02242 -7.44578e-04 | 30  0.04891 -2.05810e-03
 31 -0.03911 -9.77274e-04 | 32  0.03111 -1.89677e-03 | 33  0.02627 -1.29461e-03
 34  0.05680 -7.82263e-04 | 35  0.03055 -5.37251e-04 | 36 -0.00190  1.45518e-05
 37  0.23665  2.97105e-03 | 38  0.24534 -2.31626e-02 | 39  0.26058  9.21131e-04
 40  0.20864 -1.14788e-03 | 41 -0.36436  1.90426e-04 | 42 -0.01008  3.94365e-06
 43 -0.03679  9.48024e-07 | 44 -0.69783  1.52725e-06 | 45 -0.41513 -9.50520e-04
 46 -0.49609  5.49904e-04 | 47 -0.30949 -4.24246e-05 | 48 -0.27271  9.59112e-06
 49 -0.37588 -9.96738e-05 | 50 -0.04072 -9.12342e-06 | 51 -0.19091  5.79829e-02
 52 -0.13610 -5.34406e-02 | 53 -0.09705  1.00002e-03 | 54 -0.12560  5.84120e-02

 - final statistics:
54 variables; iteration 417; function evaluation 531
Function value 7.8384e+01; maximum gradient component mag 5.6200e-06
Exit code = 1;  converg criter 1.0000e-04
Var    Value     Gradient |Var    Value     Gradient |Var    Value     Gradient
  1  0.16201  5.61998e-06 |  2 -0.08487 -2.55156e-08 |  3  0.01896  5.13067e-09
  4 -0.02788 -3.16788e-08 |  5  0.03013  4.54489e-08 |  6 -0.00917 -1.13511e-07
  7 -0.06361 -5.10035e-08 |  8 -0.02954 -1.01419e-07 |  9 -0.01203 -9.96469e-08
 10  0.06831 -1.16613e-07 | 11  0.03315 -1.65356e-08 | 12  0.06047  7.93990e-08
 13  0.00777 -4.11737e-08 | 14  0.00772 -1.04486e-07 | 15  0.06201 -5.34814e-08
 16  0.00659 -6.04997e-08 | 17 -0.06733 -7.26136e-08 | 18 -0.02549 -5.78467e-08
 19 -0.04085 -1.11731e-08 | 20  0.04452 -3.84949e-08 | 21  0.05114 -4.52071e-08
 22 -0.04396  4.06287e-08 | 23 -0.02556  2.42328e-08 | 24 -0.11862  8.78110e-08
 25 -0.01700  1.67022e-07 | 26 -0.02420 -4.13729e-08 | 27 -0.02930 -7.21487e-08
 28  0.03430  4.65723e-07 | 29 -0.02242  7.15481e-08 | 30  0.04891 -3.04349e-08
 31 -0.03911 -1.36564e-07 | 32  0.03111  1.57009e-07 | 33  0.02627  6.57900e-08
 34  0.05680  5.41521e-09 | 35  0.03055 -7.47712e-08 | 36 -0.00190 -1.10906e-07
 37  0.23665  6.92026e-07 | 38  0.24534  5.06421e-06 | 39  0.26058  2.26915e-07
 40  0.20864 -2.87304e-07 | 41 -0.36437  5.08003e-08 | 42 -0.00992  1.07513e-09
 43 -0.03697  2.27560e-10 | 44 -0.69783  4.46511e-10 | 45 -0.41513 -2.46596e-07
 46 -0.49609  1.64114e-07 | 47 -0.30949 -8.54220e-09 | 48 -0.27271 -7.74132e-09
 49 -0.37588 -2.33981e-08 | 50 -0.04081 -2.14084e-09 | 51 -0.19788 -3.44452e-06
 52 -0.13632  5.19048e-06 | 53 -0.09068 -2.75223e-06 | 54 -0.11902 -8.23290e-07
Estimating row 1 out of 54 for hessian
Estimating row 2 out of 54 for hessian
Estimating row 3 out of 54 for hessian
Estimating row 4 out of 54 for hessian
Estimating row 5 out of 54 for hessian
Estimating row 6 out of 54 for hessian
Estimating row 7 out of 54 for hessian
Estimating row 8 out of 54 for hessian
Estimating row 9 out of 54 for hessian
Estimating row 10 out of 54 for hessian
Estimating row 11 out of 54 for hessian
Estimating row 12 out of 54 for hessian
Estimating row 13 out of 54 for hessian
Estimating row 14 out of 54 for hessian
Estimating row 15 out of 54 for hessian
Estimating row 16 out of 54 for hessian
Estimating row 17 out of 54 for hessian
Estimating row 18 out of 54 for hessian
Estimating row 19 out of 54 for hessian
Estimating row 20 out of 54 for hessian
Estimating row 21 out of 54 for hessian
Estimating row 22 out of 54 for hessian
Estimating row 23 out of 54 for hessian
Estimating row 24 out of 54 for hessian
Estimating row 25 out of 54 for hessian
Estimating row 26 out of 54 for hessian
Estimating row 27 out of 54 for hessian
Estimating row 28 out of 54 for hessian
Estimating row 29 out of 54 for hessian
Estimating row 30 out of 54 for hessian
Estimating row 31 out of 54 for hessian
Estimating row 32 out of 54 for hessian
Estimating row 33 out of 54 for hessian
Estimating row 34 out of 54 for hessian
Estimating row 35 out of 54 for hessian
Estimating row 36 out of 54 for hessian
Estimating row 37 out of 54 for hessian
Estimating row 38 out of 54 for hessian
Estimating row 39 out of 54 for hessian
Estimating row 40 out of 54 for hessian
Estimating row 41 out of 54 for hessian
Estimating row 42 out of 54 for hessian
Estimating row 43 out of 54 for hessian
Estimating row 44 out of 54 for hessian
Estimating row 45 out of 54 for hessian
Estimating row 46 out of 54 for hessian
Estimating row 47 out of 54 for hessian
Estimating row 48 out of 54 for hessian
Estimating row 49 out of 54 for hessian
Estimating row 50 out of 54 for hessian
Estimating row 51 out of 54 for hessian
Estimating row 52 out of 54 for hessian
Estimating row 53 out of 54 for hessian
Estimating row 54 out of 54 for hessian
size of file gradfil1.tmp = 0
size of file gradfil2.tmp = 0
size of file varssave.tmp = 0
size of file cmpdiff.tmp = 0
