
Initial statistics: 2 variables; iteration 0; function evaluation 0; phase 1
Function value 4.7887363e+03; maximum gradient component mag 3.2148e+04
Var    Value     Gradient |Var    Value     Gradient |Var    Value     Gradient
  1  0.39650  3.21484e+04 |  2  0.21635  1.27089e+04 |

 - final statistics:
2 variables; iteration 8; function evaluation 14
Function value 6.3694e+02; maximum gradient component mag -1.5506e+00
Exit code = 1;  converg criter 1.0000e+01
Var    Value     Gradient |Var    Value     Gradient |Var    Value     Gradient
  1  0.18219 -1.55057e+00 |  2  0.20261  1.30797e+00 |

Initial statistics: 51 variables; iteration 0; function evaluation 0; phase 2
Function value 6.3693755e+02; maximum gradient component mag 2.9034e+03
Var    Value     Gradient |Var    Value     Gradient |Var    Value     Gradient
  1  0.18219 -1.55057e+00 |  2  0.00000  5.06956e+01 |  3  0.00000 -1.09165e+02
  4  0.00000  3.94304e+01 |  5  0.00000 -6.82085e+01 |  6  0.00000 -2.52839e+01
  7  0.00000  5.34208e+01 |  8  0.00000  6.64865e+00 |  9  0.00000  1.06810e+01
 10  0.00000 -7.55859e+01 | 11  0.00000  9.09405e+00 | 12  0.00000 -5.28162e+01
 13  0.00000 -9.30534e+00 | 14  0.00000 -7.95364e+00 | 15  0.00000 -8.66921e+01
 16  0.00000  9.66645e+00 | 17  0.00000  1.02614e+02 | 18  0.00000  8.58573e+00
 19  0.00000  2.78914e+01 | 20  0.00000 -1.34680e+02 | 21  0.00000 -1.35005e+02
 22  0.00000  1.29258e+02 | 23  0.00000  2.34975e+01 | 24  0.00000  2.65496e+02
 25  0.00000  9.55725e+01 | 26  0.00000  1.55532e+00 | 27  0.00000  1.76003e+01
 28  0.00000 -7.00756e+01 | 29  0.00000  1.73885e+02 | 30  0.00000 -2.96505e+02
 31  0.00000  1.99313e+02 | 32  0.00000 -3.12414e+02 | 33  0.00000  2.76043e+01
 34  0.00000 -2.11299e+02 | 35  0.00000  2.63715e+01 | 36  0.00000  1.67593e+02
 37  0.00000  6.12653e+01 | 38  0.21635 -4.11867e+02 | 39  0.21635  2.90344e+03
 40  0.21635 -7.78245e+02 | 41  0.20261  1.30797e+00 | 42 -1.00000 -1.08293e-07
 43  0.00000  1.27164e-04 | 44  0.00000  3.71895e-01 | 45 -0.53989  7.84852e+00
 46 -1.00000 -1.08293e-07 | 47 -0.53989  1.28720e+01 | 48 -1.00000 -1.08293e-07
 49 -0.53989  3.55781e+00 | 50 -0.32288  6.83437e+01 | 51 -0.17585 -5.47691e+02

Intermediate statistics: 51 variables; iteration 20; function evaluation 32; phase 2
Function value 4.1481110e+02; maximum gradient component mag -3.2397e+03
Var    Value     Gradient |Var    Value     Gradient |Var    Value     Gradient
  1  0.18763 -6.96857e+02 |  2 -0.20912 -3.96523e+01 |  3  0.23592  1.52242e+02
  4  0.12353  2.20186e+01 |  5  0.16793  9.14823e+01 |  6  0.07448 -2.05429e+02
  7 -0.01195 -2.36782e+02 |  8  0.00559 -2.19835e+02 |  9  0.03443 -2.00288e+02
 10  0.12745 -1.30564e+02 | 11  0.09044 -1.41334e+02 | 12  0.11911 -8.03175e+01
 13  0.05789 -1.48835e+02 | 14  0.02947 -2.15514e+02 | 15  0.10022 -5.66611e+01
 16  0.02400 -1.18215e+02 | 17 -0.08562 -2.29048e+02 | 18 -0.04038 -2.20193e+02
 19 -0.06120 -2.54671e+02 | 20  0.06351 -1.61504e+02 | 21  0.02620 -2.48257e+02
 22 -0.10025 -2.42123e+02 | 23 -0.10194 -3.35396e+02 | 24 -0.14869 -2.00788e+02
 25 -0.09297 -2.66811e+02 | 26 -0.08294 -2.63744e+02 | 27 -0.03746 -2.36424e+02
 28  0.00268 -1.59901e+02 | 29 -0.02093 -5.72259e+00 | 30  0.03738 -1.19403e+02
 31 -0.06863 -2.38631e+02 | 32 -0.02650 -5.01582e+02 | 33 -0.08146 -4.24812e+02
 34  0.01108 -2.80649e+02 | 35 -0.01810 -1.77108e+02 | 36 -0.01070 -2.55718e+00
 37  0.01684 -1.19640e+02 | 38  0.20132 -3.23968e+03 | 39  0.21311  1.65023e+03
 40  0.22526 -7.98680e+02 | 41  0.22221  1.36028e+03 | 42 -1.29052  1.06480e-04
 43 -0.00001  2.83879e-03 | 44 -0.00753  2.06702e-03 | 45 -0.70230  6.45709e-02
 46 -1.34349  3.66842e+02 | 47 -0.62877  3.42751e+02 | 48 -1.14462  1.56592e+01
 49 -0.71212  7.75448e+00 | 50 -0.35309  2.23432e+02 | 51 -0.13347 -6.88451e+02
51 variables; iteration 40; function evaluation 59; phase 2
Function value 3.1326038e+02; maximum gradient component mag -4.4321e+03
Var    Value     Gradient |Var    Value     Gradient |Var    Value     Gradient
  1  0.15010 -4.43208e+03 |  2 -0.18568 -2.41378e+01 |  3  0.07564  9.90870e+01
  4  0.00558  3.27344e+01 |  5  0.06662  1.39612e+02 |  6 -0.04531 -1.02725e+02
  7 -0.20586 -2.44349e+02 |  8 -0.08344 -1.75920e+02 |  9  0.00005 -2.24359e+01
 10  0.10517  2.60482e+00 | 11  0.06432 -2.93166e+01 | 12  0.08934  8.09000e+00
 13  0.01580 -7.99067e+01 | 14  0.02695 -6.36464e+01 | 15  0.10295  3.16553e+01
 16  0.01448 -7.16985e+01 | 17 -0.09866 -1.68311e+02 | 18 -0.01255 -1.76389e+02
 19 -0.07315 -2.15735e+02 | 20  0.10300 -4.19802e+01 | 21  0.06993 -7.94124e+01
 22 -0.14975 -2.38870e+02 | 23 -0.08560 -2.77469e+02 | 24 -0.14241 -1.52864e+02
 25 -0.01710 -9.73035e+01 | 26 -0.02953 -2.07431e+02 | 27  0.00628 -2.14915e+02
 28  0.01901 -3.53661e+02 | 29 -0.01387 -1.77848e+02 | 30  0.07599 -5.76520e+01
 31 -0.07160 -3.18180e+02 | 32  0.04633 -2.71945e+02 | 33 -0.03827 -4.29526e+02
 34  0.05494 -2.11418e+02 | 35  0.02338 -1.41460e+02 | 36  0.02739  4.49871e+01
 37  0.09782 -2.13471e+01 | 38  0.22519 -2.58193e+03 | 39  0.21526 -7.64871e+02
 40  0.25793 -3.15162e+02 | 41  0.22590 -1.16150e+03 | 42 -1.48052 -1.36221e-01
 43 -0.22060  2.52178e-02 | 44 -0.40461  6.91497e-01 | 45 -2.46585  6.24935e-01
 46 -1.30320  1.47063e+02 | 47 -0.71014  1.54108e+02 | 48 -1.16877  1.81738e+02
 49 -0.70766  1.03670e+02 | 50 -0.35339  1.81832e+02 | 51 -0.05345 -1.06409e+02
51 variables; iteration 60; function evaluation 89; phase 2
Function value 1.9449007e+02; maximum gradient component mag -8.5462e+02
Var    Value     Gradient |Var    Value     Gradient |Var    Value     Gradient
  1  0.14223  5.64738e+02 |  2 -0.17453 -1.38910e+01 |  3  0.03166  8.26070e+01
  4 -0.05197 -2.27751e+01 |  5  0.02097  6.55185e+01 |  6 -0.06090 -1.13313e+01
  7 -0.08419  4.35421e+01 |  8 -0.05895  1.94573e+01 |  9 -0.06069  1.04410e+01
 10  0.03016  1.35066e+01 | 11 -0.00314 -1.65349e+01 | 12  0.05581  2.13742e+01
 13  0.02224  5.12088e+01 | 14  0.00558  2.85556e+01 | 15  0.07798  6.90394e+01
 16  0.02323  5.13871e+01 | 17 -0.05122  7.61491e+00 | 18  0.01120  1.98792e+00
 19 -0.02813  2.14723e+00 | 20  0.05813 -5.84035e+01 | 21  0.05473  2.20761e+01
 22 -0.07218 -6.35123e+00 | 23 -0.01230  6.11520e+01 | 24 -0.13697 -2.01998e+01
 25  0.00624  1.39752e+02 | 26 -0.01101  1.61727e+01 | 27  0.01267  3.69575e+01
 28  0.04424  7.54840e+01 | 29 -0.00648 -3.46141e+01 | 30  0.07336  1.04694e+02
 31 -0.02604 -2.17268e+01 | 32  0.06150  3.71378e+01 | 33  0.01539 -5.71750e+01
 34  0.05597  7.60355e+00 | 35  0.01489 -4.69383e+01 | 36 -0.02675 -5.46740e+01
 37  0.02812  2.51228e+01 | 38  0.24333  3.65722e+00 | 39  0.21778 -7.55724e+02
 40  0.26646  2.72820e+02 | 41  0.24445 -8.54621e+02 | 42 -1.41120  4.16750e-03
 43  3.07240 -2.39428e-02 | 44 -1.82848 -9.16567e-01 | 45 -3.93002  3.29864e+00
 46 -1.24085  1.25011e+02 | 47 -0.77628  1.34786e+02 | 48 -1.10786  1.61345e+01
 49 -0.85413  1.18802e+01 | 50 -0.33425  1.63159e+01 | 51 -0.01165  1.47025e+02
Maximum number of function evaluations exceeded

 - final statistics:
51 variables; iteration 71; function evaluation 100
Function value 1.7251e+02; maximum gradient component mag 1.3149e+03
Exit code = 3;  converg criter 1.0000e+01
Var    Value     Gradient |Var    Value     Gradient |Var    Value     Gradient
  1  0.14018  1.31491e+03 |  2 -0.13184  2.38843e+00 |  3  0.00788  2.16345e+01
  4 -0.03198  1.62635e+01 |  5  0.01517  2.87103e+01 |  6 -0.04839 -9.48239e+00
  7 -0.09327 -5.56490e+00 |  8 -0.04597  1.06632e+01 |  9 -0.05520 -1.84691e+01
 10  0.03591 -1.84327e+01 | 11  0.01340 -2.43049e+01 | 12  0.05523 -2.21311e+01
 13  0.00331 -2.09065e+01 | 14 -0.00858 -1.18900e+01 | 15  0.07151  6.67963e+00
 16  0.02118  8.21174e+00 | 17 -0.04265  7.90270e+00 | 18  0.01000  2.66261e+00
 19 -0.02653  3.48541e-01 | 20  0.06701 -1.47680e+01 | 21  0.04707 -1.12474e+01
 22 -0.07025 -8.57945e+00 | 23 -0.02380  1.57542e+01 | 24 -0.11839  3.01532e+00
 25 -0.00018  1.08212e+02 | 26 -0.01036 -2.26603e+00 | 27  0.00769  1.13683e+01
 28  0.03670  3.06485e+01 | 29 -0.00313  1.13097e+01 | 30  0.05733  2.02397e+01
 31 -0.02291  1.25745e-01 | 32  0.03870 -7.50506e+00 | 33  0.00938 -2.97804e+01
 34  0.04507 -3.27393e+01 | 35  0.01581 -2.00498e+01 | 36 -0.01643 -7.19712e+00
 37  0.04979  1.98243e+01 | 38  0.24694  9.31311e+00 | 39  0.22573 -3.14570e+01
 40  0.26887  3.92523e+01 | 41  0.26779 -3.26491e+00 | 42 -1.37375  3.97680e-02
 43  4.32966 -5.53339e-03 | 44 -1.97390  1.19601e-04 | 45 -4.74680 -7.08983e-03
 46 -1.21914  3.77860e+01 | 47 -0.80110  4.16848e+01 | 48 -1.13786  4.72011e+00
 49 -0.82250  3.63465e+00 | 50 -0.34013  5.96025e+00 | 51  0.02603  4.65294e+00

Initial statistics: 55 variables; iteration 0; function evaluation 0; phase 3
Function value 1.7250909e+02; maximum gradient component mag -1.3513e+03
Var    Value     Gradient |Var    Value     Gradient |Var    Value     Gradient
  1  0.14018  1.31491e+03 |  2 -0.13184  2.38843e+00 |  3  0.00788  2.16345e+01
  4 -0.03198  1.62635e+01 |  5  0.01517  2.87103e+01 |  6 -0.04839 -9.21609e+00
  7 -0.09326 -5.30069e+00 |  8 -0.04596  1.09296e+01 |  9 -0.05519 -1.82030e+01
 10  0.03591 -1.81661e+01 | 11  0.01341 -2.40379e+01 | 12  0.05523 -2.18650e+01
 13  0.00332 -2.06394e+01 | 14 -0.00857 -1.16230e+01 | 15  0.07152  6.94502e+00
 16  0.02119  8.47866e+00 | 17 -0.04264  8.16918e+00 | 18  0.01001  2.92966e+00
 19 -0.02652  6.15387e-01 | 20  0.06701 -1.45024e+01 | 21  0.04707 -1.09811e+01
 22 -0.07024 -8.31400e+00 | 23 -0.02379  1.60211e+01 | 24 -0.11838  3.27780e+00
 25 -0.00018  1.08479e+02 | 26 -0.01035 -1.99899e+00 | 27  0.00770  1.16354e+01
 28  0.03670  3.09151e+01 | 29 -0.00312  1.15768e+01 | 30  0.05733  2.05056e+01
 31 -0.02291  3.92649e-01 | 32  0.03871 -7.23848e+00 | 33  0.00939 -2.95133e+01
 34  0.04507 -3.24729e+01 | 35  0.01581 -1.97828e+01 | 36 -0.01643 -6.93014e+00
 37  0.04980  2.00906e+01 | 38  0.24694  9.31311e+00 | 39  0.22573 -3.14570e+01
 40  0.26887  3.92523e+01 | 41  0.26779 -3.26491e+00 | 42 -0.62625 -3.97680e-02
 43  0.32966 -5.53339e-03 | 44 -0.02610 -1.19601e-04 | 45 -0.74680 -7.08983e-03
 46 -0.78086 -3.77860e+01 | 47 -0.80110  4.16848e+01 | 48 -0.86214 -4.72011e+00
 49 -0.82250  3.63465e+00 | 50 -0.34013  5.96025e+00 | 51  0.21635  2.64332e-01
 52 -0.17585 -1.35130e+03 | 53 -0.12819  4.54319e-03 | 54  0.02603  4.65294e+00
 55  0.05795  3.87952e+00 |

Intermediate statistics: 55 variables; iteration 20; function evaluation 29; phase 3
Function value 1.1251130e+02; maximum gradient component mag -2.7447e+03
Var    Value     Gradient |Var    Value     Gradient |Var    Value     Gradient
  1  0.13561 -2.74472e+03 |  2 -0.13276 -6.45983e-01 |  3  0.00406 -6.59628e+00
  4 -0.02872 -4.79286e+00 |  5  0.01683 -9.81799e+00 |  6 -0.04952  3.99180e+01
  7 -0.10058  3.82800e+01 |  8 -0.05448  4.05268e+01 |  9 -0.07266  3.77504e+01
 10  0.03611  3.60636e+01 | 11  0.02035  3.15518e+01 | 12  0.06246  1.20464e+01
 13  0.00689  1.16619e+01 | 14 -0.00839  1.65053e+01 | 15  0.07197 -3.47878e+01
 16  0.02396 -5.70574e+01 | 17 -0.05219 -4.85827e+01 | 18 -0.00609 -2.96437e+01
 19 -0.02235 -2.94311e+01 | 20  0.04558  2.32964e+01 | 21  0.04220  2.74835e+01
 22 -0.06060  3.65094e+01 | 23 -0.03298  1.70050e+01 | 24 -0.10965  2.29438e+01
 25  0.01535 -2.09942e+01 | 26 -0.00936 -4.92426e+00 | 27 -0.00688 -3.15502e+01
 28  0.05504 -1.07319e+02 | 29  0.00191 -2.16123e+00 | 30  0.06066  4.24868e+00
 31 -0.02651  1.84527e+01 | 32  0.04906  1.51520e+01 | 33  0.01711  8.32469e+00
 34  0.05010 -3.20058e+01 | 35  0.02326 -4.32378e+01 | 36 -0.00963 -3.69484e+01
 37  0.03908  3.98458e+01 | 38  0.25019 -1.40904e+02 | 39  0.25647 -1.26289e+02
 40  0.27292 -8.46550e+01 | 41  0.27140 -8.33695e+01 | 42 -0.62609 -9.66471e-02
 43  0.32968 -1.74102e-02 | 44 -0.02610 -1.20662e-04 | 45 -0.74678 -7.13180e-03
 46 -0.77951  9.03925e+01 | 47 -0.80162 -1.00683e+02 | 48 -0.86010 -7.15023e+01
 49 -0.82716  5.77276e+01 | 50 -0.34773  1.58533e+01 | 51  0.21592  7.96505e-01
 52 -0.11315 -2.17226e+02 | 53 -0.11383  2.19966e+02 | 54  0.03548 -1.90353e+01
 55  0.06283  3.62621e+01 |
55 variables; iteration 40; function evaluation 54; phase 3
Function value 1.1159213e+02; maximum gradient component mag -1.6093e+03
Var    Value     Gradient |Var    Value     Gradient |Var    Value     Gradient
  1  0.13549 -1.60932e+03 |  2 -0.12453  3.96044e+00 |  3  0.00188 -4.58947e+00
  4 -0.02792  2.13106e+00 |  5  0.01742  4.75627e-01 |  6 -0.04929  3.06990e+01
  7 -0.10224  2.33704e+01 |  8 -0.05315  3.31826e+01 |  9 -0.07076  2.41877e+01
 10  0.03651  2.19982e+01 | 11  0.02066  1.88173e+01 | 12  0.06200  1.23554e+00
 13  0.00798  8.36279e+00 | 14 -0.01165  3.55808e+00 | 15  0.07299 -2.73187e+01
 16  0.02258 -4.48957e+01 | 17 -0.04882 -2.55538e+01 | 18 -0.00714 -2.78967e+01
 19 -0.02117 -2.36593e+01 | 20  0.04484  1.78698e+01 | 21  0.04237  2.31283e+01
 22 -0.06353  2.02889e+01 | 23 -0.03391  1.41320e+01 | 24 -0.11007  2.03714e+01
 25  0.01718  1.28074e+01 | 26 -0.00900  7.60310e+00 | 27 -0.00724 -1.38355e+01
 28  0.05637 -5.22569e+01 | 29  0.00172 -3.80453e+00 | 30  0.06007  2.65401e-02
 31 -0.02684  1.35189e+01 | 32  0.04860  1.01030e+01 | 33  0.01521 -6.97993e+00
 34  0.05066 -2.27716e+01 | 35  0.02402 -3.50387e+01 | 36 -0.00877 -3.54944e+01
 37  0.03927  2.30142e+01 | 38  0.25029 -1.16368e+02 | 39  0.25781 -7.48336e+01
 40  0.27364 -4.46244e+01 | 41  0.27407 -4.12081e+01 | 42 -0.60581 -1.50765e-01
 43  0.33322 -2.56475e-02 | 44 -0.02607 -1.20278e-04 | 45 -0.74509 -7.06918e-03
 46 -0.73086  4.38415e+01 | 47 -0.75833 -4.89854e+01 | 48 -0.94028  1.94172e+02
 49 -0.92806 -1.61203e+02 | 50 -0.34826  1.26550e+01 | 51  0.18270  6.68716e-01
 52 -0.11121 -1.45577e+02 | 53 -0.11473  1.54149e+02 | 54  0.04788 -1.44182e+01
 55  0.06951  3.14208e+01 |
55 variables; iteration 60; function evaluation 97; phase 3
Function value 1.0900713e+02; maximum gradient component mag -2.5223e+02
Var    Value     Gradient |Var    Value     Gradient |Var    Value     Gradient
  1  0.13497 -2.52232e+02 |  2 -0.14116 -1.14909e+00 |  3  0.00321  1.74143e-01
  4 -0.02906  1.59232e+00 |  5  0.01938  5.48292e+00 |  6 -0.05333  1.80816e+01
  7 -0.10495  1.58445e+01 |  8 -0.05370  3.92094e+01 |  9 -0.07793  1.33412e+00
 10  0.03452  4.61402e+00 | 11  0.01776 -2.81251e+00 | 12  0.06381 -4.75365e+00
 13  0.00990  2.83042e+00 | 14 -0.00772  1.36187e+00 | 15  0.07420 -7.59899e+00
 16  0.02525 -1.14922e+01 | 17 -0.04997 -1.59410e+01 | 18 -0.00567 -5.73957e+00
 19 -0.02020 -7.92058e+00 | 20  0.04259  4.05956e+00 | 21  0.03896  2.24616e+00
 22 -0.06236  2.10503e+00 | 23 -0.03424  2.63219e-01 | 24 -0.10822  1.65788e+00
 25  0.01875 -3.88919e+00 | 26 -0.01038 -4.85195e+00 | 27 -0.00560 -5.21535e+00
 28  0.05798 -1.62197e+01 | 29  0.00226 -7.31421e-01 | 30  0.05996 -8.98743e-01
 31 -0.02704  3.43842e+00 | 32  0.04757  2.39123e+00 | 33  0.01646 -3.59249e-01
 34  0.05120 -2.77873e+00 | 35  0.02573 -5.97689e+00 | 36 -0.00629 -4.13644e+00
 37  0.03994  3.55032e+00 | 38  0.24918  1.21860e+01 | 39  0.25993  7.19388e+00
 40  0.27444 -1.03443e+01 | 41  0.27671 -7.60156e+00 | 42 -0.36785  1.09381e+00
 43  0.48907  1.92113e-02 | 44 -0.02557  3.77076e-04 | 45 -0.69161  1.04368e-02
 46 -0.73923  1.16961e+01 | 47 -0.76612 -1.30938e+01 | 48 -0.91744 -1.75829e+00
 49 -0.89974  1.40746e+00 | 50 -0.36139 -1.05925e+00 | 51  0.00624 -8.15634e-02
 52 -0.10851 -1.29448e+01 | 53 -0.11681  1.47648e+01 | 54  0.05870  3.90137e-02
 55  0.07311  4.23844e+00 |
55 variables; iteration 80; function evaluation 118; phase 3
Function value 1.0892079e+02; maximum gradient component mag 1.7510e+00
Var    Value     Gradient |Var    Value     Gradient |Var    Value     Gradient
  1  0.13506  1.75098e+00 |  2 -0.13785  6.01368e-02 |  3  0.00358  1.05846e-01
  4 -0.02911  2.11170e-01 |  5  0.01884  4.66104e-02 |  6 -0.05339 -4.51817e-02
  7 -0.10314 -2.20672e-02 |  8 -0.05680 -1.56669e-01 |  9 -0.07688 -4.53436e-02
 10  0.03382 -3.15437e-02 | 11  0.02020 -1.66083e-03 | 12  0.06466 -2.15271e-01
 13  0.00852  2.82572e-02 | 14 -0.00857 -1.31321e-01 | 15  0.07439 -2.39126e-01
 16  0.02472 -2.73894e-01 | 17 -0.04920 -2.28086e-01 | 18 -0.00572  3.05546e-01
 19 -0.02028  3.30151e-01 | 20  0.04248  2.50388e-02 | 21  0.03907  1.73429e-02
 22 -0.06225 -1.79631e-02 | 23 -0.03398 -4.13578e-03 | 24 -0.10847 -9.58099e-02
 25  0.01842 -9.42628e-02 | 26 -0.00997  4.22137e-02 | 27 -0.00606 -5.24431e-02
 28  0.05806  1.68386e-02 | 29  0.00227  6.82412e-03 | 30  0.05998 -1.07044e-01
 31 -0.02715 -2.43965e-02 | 32  0.04765  1.32824e-01 | 33  0.01677  9.62639e-02
 34  0.05115  1.38317e-01 | 35  0.02580  1.55572e-01 | 36 -0.00650  3.31320e-01
 37  0.03960  1.00845e-01 | 38  0.24934  3.15096e-01 | 39  0.25982  2.45848e-01
 40  0.27446 -1.33855e-01 | 41  0.27619 -3.90231e-01 | 42 -0.35374  3.27700e-01
 43 -0.29429  4.57602e-03 | 44 -0.04254 -6.10777e-05 | 45 -0.70993 -1.18513e-03
 46 -0.70506  6.64872e-02 | 47 -0.73557 -8.54785e-02 | 48 -0.75301  1.47667e+00
 49 -0.69911 -1.21886e+00 | 50 -0.34934 -3.65302e-02 | 51 -0.09729 -2.94755e-03
 52 -0.10860  5.75096e-01 | 53 -0.11717 -6.46287e-01 | 54  0.05601  1.78301e-01
 55  0.07169 -1.38823e-01 |
55 variables; iteration 100; function evaluation 153; phase 3
Function value 1.0883535e+02; maximum gradient component mag -2.5012e+00
Var    Value     Gradient |Var    Value     Gradient |Var    Value     Gradient
  1  0.13508 -2.50125e+00 |  2 -0.13865  6.76427e-02 |  3  0.00346 -1.74524e-02
  4 -0.02922  2.46725e-01 |  5  0.01883 -6.87546e-02 |  6 -0.05371 -1.76285e-01
  7 -0.10328 -6.37738e-02 |  8 -0.05668 -2.73565e-01 |  9 -0.07675 -9.06348e-03
 10  0.03426  2.01653e-02 | 11  0.02123  7.94794e-02 | 12  0.06625 -9.27023e-02
 13  0.00808  3.98961e-02 | 14 -0.00853 -2.42916e-01 | 15  0.07404 -4.70061e-01
 16  0.02459 -5.41227e-01 | 17 -0.04919 -3.77360e-01 | 18 -0.00578  3.80675e-01
 19 -0.02032  4.82988e-01 | 20  0.04223 -1.25328e-03 | 21  0.03877  1.85458e-02
 22 -0.06251 -3.93910e-03 | 23 -0.03403 -3.24726e-02 | 24 -0.10854 -9.71165e-02
 25  0.01843 -6.95933e-02 | 26 -0.01001 -1.79899e-02 | 27 -0.00612  3.98255e-03
 28  0.05802  8.43502e-02 | 29  0.00216  3.22035e-02 | 30  0.05988 -3.22870e-01
 31 -0.02728 -9.31122e-02 | 32  0.04754  2.30352e-01 | 33  0.01663  1.49531e-01
 34  0.05102  1.70221e-01 | 35  0.02573  2.06641e-01 | 36 -0.00651  6.04628e-01
 37  0.03955  2.64028e-01 | 38  0.24937  1.01145e-01 | 39  0.25987  5.48838e-01
 40  0.27450 -1.82407e-01 | 41  0.27628 -5.75755e-01 | 42 -0.34679  7.74190e-01
 43 -0.82303 -6.41656e-03 | 44 -0.06082 -1.26632e-04 | 45 -0.70695 -2.50103e-04
 46 -0.70742  4.06429e-02 | 47 -0.73766 -5.73834e-02 | 48 -0.56074 -8.75514e-01
 49 -0.47184  7.73061e-01 | 50 -0.33985 -6.32232e-02 | 51 -0.23023 -5.26717e-03
 52 -0.10863  7.73236e-01 | 53 -0.11722 -8.74323e-01 | 54  0.05632  3.77293e-01
 55  0.07179 -2.99838e-01 |
55 variables; iteration 120; function evaluation 175; phase 3
Function value 1.0883234e+02; maximum gradient component mag 7.5812e-01
Var    Value     Gradient |Var    Value     Gradient |Var    Value     Gradient
  1  0.13509  7.58117e-01 |  2 -0.13882  2.93365e-03 |  3  0.00346  1.47052e-02
  4 -0.02931  1.56887e-02 |  5  0.01887  2.26862e-02 |  6 -0.05370  8.60755e-03
  7 -0.10331  3.51469e-03 |  8 -0.05666  1.28993e-02 |  9 -0.07670 -7.53222e-03
 10  0.03429 -3.63532e-03 | 11  0.02124  1.92680e-03 | 12  0.06636  1.33250e-02
 13  0.00801  3.73524e-03 | 14 -0.00847 -5.61686e-03 | 15  0.07405 -1.66853e-03
 16  0.02460  2.66087e-03 | 17 -0.04921 -4.85057e-04 | 18 -0.00580  7.55884e-03
 19 -0.02034  4.73207e-03 | 20  0.04225 -2.34717e-03 | 21  0.03876  6.45268e-04
 22 -0.06254 -5.90779e-03 | 23 -0.03404  2.40798e-03 | 24 -0.10851 -4.57818e-03
 25  0.01841  1.67732e-02 | 26 -0.01002  5.89873e-03 | 27 -0.00612  3.74778e-04
 28  0.05801  1.10229e-02 | 29  0.00215 -5.77239e-03 | 30  0.05989 -3.01537e-04
 31 -0.02727 -5.50666e-03 | 32  0.04752 -8.13963e-03 | 33  0.01662 -1.08270e-02
 34  0.05101 -6.13368e-03 | 35  0.02572 -6.88372e-03 | 36 -0.00653 -1.19823e-02
 37  0.03953 -9.47042e-03 | 38  0.24944 -1.54083e-01 | 39  0.25985 -5.58898e-03
 40  0.27450  5.63134e-03 | 41  0.27626 -4.04483e-03 | 42 -0.35923  8.23635e-02
 43 -0.01230  1.69537e-03 | 44 -0.02072  8.88803e-05 | 45 -0.70700  2.33053e-04
 46 -0.68881  1.00542e-02 | 47 -0.72104 -9.78239e-03 | 48 -0.55944  3.03673e-02
 49 -0.47068 -2.98306e-02 | 50 -0.34808  2.18976e-02 | 51 -0.09708  1.17816e-03
 52 -0.10878 -2.74526e-04 | 53 -0.11733  1.26127e-02 | 54  0.05616  5.91351e-03
 55  0.07172 -8.88871e-03 |
55 variables; iteration 140; function evaluation 195; phase 3
Function value 1.0883233e+02; maximum gradient component mag -5.1659e-01
Var    Value     Gradient |Var    Value     Gradient |Var    Value     Gradient
  1  0.13509 -5.16594e-01 |  2 -0.13882 -5.02678e-04 |  3  0.00346 -2.23048e-03
  4 -0.02931 -2.40038e-03 |  5  0.01887 -2.39391e-03 |  6 -0.05370  7.99987e-03
  7 -0.10331  8.25981e-03 |  8 -0.05666  1.02422e-02 |  9 -0.07670  7.32054e-03
 10  0.03429  5.33309e-03 | 11  0.02123  3.24907e-03 | 12  0.06635 -2.07521e-03
 13  0.00801  6.22944e-04 | 14 -0.00847  5.48559e-03 | 15  0.07405 -2.81464e-04
 16  0.02459 -8.03670e-04 | 17 -0.04921  3.23427e-03 | 18 -0.00580 -3.38442e-03
 19 -0.02034 -4.53135e-03 | 20  0.04225 -2.43870e-03 | 21  0.03876 -1.56012e-03
 22 -0.06254  2.68445e-03 | 23 -0.03404 -2.28814e-03 | 24 -0.10851  5.74107e-06
 25  0.01841 -1.26771e-02 | 26 -0.01002 -4.67340e-03 | 27 -0.00612 -1.06693e-02
 28  0.05801 -2.21491e-02 | 29  0.00215 -3.92988e-03 | 30  0.05989 -3.62534e-03
 31 -0.02727  2.62550e-03 | 32  0.04752 -3.26542e-04 | 33  0.01662  2.23060e-03
 34  0.05101  3.21902e-03 | 35  0.02572  3.96525e-03 | 36 -0.00653  3.20332e-03
 37  0.03953  6.24312e-03 | 38  0.24944 -2.21437e-01 | 39  0.25985 -3.17230e-02
 40  0.27450 -5.57154e-03 | 41  0.27626  3.01404e-03 | 42 -0.35947 -3.56825e-03
 43 -0.00169 -3.86668e-05 | 44 -0.05439 -8.68872e-05 | 45 -0.70653  3.21015e-06
 46 -0.68995 -1.10637e-02 | 47 -0.72206  1.23831e-02 | 48 -0.55945 -4.80838e-03
 49 -0.47068  5.58049e-03 | 50 -0.35140  2.20441e-02 | 51 -0.05093  1.44328e-03
 52 -0.10889  3.98157e-03 | 53 -0.11743  7.53025e-03 | 54  0.05615 -4.85265e-03
 55  0.07171  6.42858e-03 |
55 variables; iteration 160; function evaluation 215; phase 3
Function value 1.0883232e+02; maximum gradient component mag -6.1578e-01
Var    Value     Gradient |Var    Value     Gradient |Var    Value     Gradient
  1  0.13509 -6.15778e-01 |  2 -0.13882 -1.77289e-03 |  3  0.00346 -6.50596e-03
  4 -0.02931 -8.56239e-03 |  5  0.01887 -5.65235e-03 |  6 -0.05370  1.20254e-02
  7 -0.10331  1.25441e-02 |  8 -0.05666  1.98898e-02 |  9 -0.07669  9.30355e-03
 10  0.03429  4.05546e-03 | 11  0.02123 -7.91712e-04 | 12  0.06636 -7.06300e-03
 13  0.00802  1.50822e-03 | 14 -0.00846  1.40653e-02 | 15  0.07405  1.79287e-02
 16  0.02459  1.62510e-02 | 17 -0.04921  1.38570e-02 | 18 -0.00580 -1.39120e-02
 19 -0.02034 -1.20366e-02 | 20  0.04225  1.67775e-03 | 21  0.03876  2.48177e-03
 22 -0.06254  4.59216e-03 | 23 -0.03404 -7.30988e-03 | 24 -0.10851 -3.56657e-03
 25  0.01841 -3.91012e-02 | 26 -0.01002 -1.79318e-02 | 27 -0.00612 -2.71563e-02
 28  0.05800 -5.28576e-02 | 29  0.00215  1.80006e-03 | 30  0.05989  9.14016e-03
 31 -0.02726  1.19189e-02 | 32  0.04752  5.26955e-03 | 33  0.01662  4.68752e-03
 34  0.05101  7.63199e-03 | 35  0.02572  9.09395e-03 | 36 -0.00654  2.89834e-03
 37  0.03953  2.38454e-03 | 38  0.24943  7.70412e-02 | 39  0.25985 -6.21138e-02
 40  0.27450 -9.50568e-03 | 41  0.27626  1.95271e-02 | 42 -0.35950  6.12504e-03
 43 -0.00004  1.71316e-04 | 44 -0.07761 -2.23824e-04 | 45 -0.70746 -6.71768e-04
 46 -0.68957 -2.92747e-02 | 47 -0.72172  3.32634e-02 | 48 -0.55942 -7.22548e-03
 49 -0.47065  1.03917e-02 | 50 -0.35193 -5.69702e-03 | 51 -0.04484 -4.87551e-04
 52 -0.11050 -2.16614e-02 | 53 -0.11883  3.39701e-02 | 54  0.05615 -1.89991e-02
 55  0.07171  2.13888e-02 |

 - final statistics:
55 variables; iteration 171; function evaluation 226
Function value 1.0883e+02; maximum gradient component mag -9.9530e-05
Exit code = 1;  converg criter 1.0000e-04
Var    Value     Gradient |Var    Value     Gradient |Var    Value     Gradient
  1  0.13509 -9.95298e-05 |  2 -0.13882 -7.87243e-07 |  3  0.00346 -2.52827e-06
  4 -0.02931 -3.51619e-06 |  5  0.01886 -1.20406e-06 |  6 -0.05370  8.16957e-07
  7 -0.10331  1.30002e-06 |  8 -0.05666  2.62857e-06 |  9 -0.07670  1.05225e-06
 10  0.03429 -1.04390e-07 | 11  0.02123 -1.83884e-06 | 12  0.06635 -2.55050e-06
 13  0.00802 -1.30082e-06 | 14 -0.00846  3.74800e-06 | 15  0.07405  7.64468e-06
 16  0.02459  7.68299e-06 | 17 -0.04921  6.59080e-06 | 18 -0.00580 -2.75641e-06
 19 -0.02034 -2.22691e-06 | 20  0.04225  3.04554e-06 | 21  0.03876  2.64186e-06
 22 -0.06254  1.66571e-06 | 23 -0.03404  7.31133e-07 | 24 -0.10851  1.80102e-06
 25  0.01841 -2.82839e-06 | 26 -0.01002 -1.60558e-06 | 27 -0.00612  1.10192e-08
 28  0.05801 -2.63149e-06 | 29  0.00215  2.09654e-06 | 30  0.05989  3.65824e-06
 31 -0.02727  3.67838e-06 | 32  0.04752 -1.85895e-06 | 33  0.01662 -3.26499e-06
 34  0.05101 -4.98050e-06 | 35  0.02572 -6.14328e-06 | 36 -0.00654 -9.80820e-06
 37  0.03953 -5.50454e-06 | 38  0.24943  5.98514e-05 | 39  0.25985 -5.87878e-06
 40  0.27450  2.05071e-06 | 41  0.27626  5.04093e-06 | 42 -0.35932 -5.46005e-06
 43 -0.00884 -1.03663e-07 | 44 -0.03712 -2.62690e-08 | 45 -0.70704  5.04189e-07
 46 -0.68995  2.44969e-05 | 47 -0.72205 -2.75951e-05 | 48 -0.55946 -6.30996e-06
 49 -0.47069  6.82742e-06 | 50 -0.35311 -3.36348e-06 | 51 -0.02816 -2.38099e-07
 52 -0.12109  6.06055e-07 | 53 -0.12807 -5.63440e-07 | 54  0.05615 -4.95731e-06
 55  0.07171  5.62476e-06 |
Estimating row 1 out of 55 for hessian
Estimating row 2 out of 55 for hessian
Estimating row 3 out of 55 for hessian
Estimating row 4 out of 55 for hessian
Estimating row 5 out of 55 for hessian
Estimating row 6 out of 55 for hessian
Estimating row 7 out of 55 for hessian
Estimating row 8 out of 55 for hessian
Estimating row 9 out of 55 for hessian
Estimating row 10 out of 55 for hessian
Estimating row 11 out of 55 for hessian
Estimating row 12 out of 55 for hessian
Estimating row 13 out of 55 for hessian
Estimating row 14 out of 55 for hessian
Estimating row 15 out of 55 for hessian
Estimating row 16 out of 55 for hessian
Estimating row 17 out of 55 for hessian
Estimating row 18 out of 55 for hessian
Estimating row 19 out of 55 for hessian
Estimating row 20 out of 55 for hessian
Estimating row 21 out of 55 for hessian
Estimating row 22 out of 55 for hessian
Estimating row 23 out of 55 for hessian
Estimating row 24 out of 55 for hessian
Estimating row 25 out of 55 for hessian
Estimating row 26 out of 55 for hessian
Estimating row 27 out of 55 for hessian
Estimating row 28 out of 55 for hessian
Estimating row 29 out of 55 for hessian
Estimating row 30 out of 55 for hessian
Estimating row 31 out of 55 for hessian
Estimating row 32 out of 55 for hessian
Estimating row 33 out of 55 for hessian
Estimating row 34 out of 55 for hessian
Estimating row 35 out of 55 for hessian
Estimating row 36 out of 55 for hessian
Estimating row 37 out of 55 for hessian
Estimating row 38 out of 55 for hessian
Estimating row 39 out of 55 for hessian
Estimating row 40 out of 55 for hessian
Estimating row 41 out of 55 for hessian
Estimating row 42 out of 55 for hessian
Estimating row 43 out of 55 for hessian
Estimating row 44 out of 55 for hessian
Estimating row 45 out of 55 for hessian
Estimating row 46 out of 55 for hessian
Estimating row 47 out of 55 for hessian
Estimating row 48 out of 55 for hessian
Estimating row 49 out of 55 for hessian
Estimating row 50 out of 55 for hessian
Estimating row 51 out of 55 for hessian
Estimating row 52 out of 55 for hessian
Estimating row 53 out of 55 for hessian
Estimating row 54 out of 55 for hessian
Estimating row 55 out of 55 for hessian
size of file gradfil1.tmp = 0
size of file gradfil2.tmp = 0
size of file varssave.tmp = 0
size of file cmpdiff.tmp = 0
