
Initial statistics: 2 variables; iteration 0; function evaluation 0; phase 1
Function value 4.9441771e+03; maximum gradient component mag 3.4432e+04
Var    Value     Gradient |Var    Value     Gradient |Var    Value     Gradient
  1  0.39650  3.44317e+04 |  2  0.21635  1.42772e+04 |

 - final statistics:
2 variables; iteration 8; function evaluation 14
Function value 5.2468e+02; maximum gradient component mag -4.3927e+00
Exit code = 1;  converg criter 1.0000e+01
Var    Value     Gradient |Var    Value     Gradient |Var    Value     Gradient
  1  0.18273 -4.39271e+00 |  2  0.19736 -3.54445e+00 |

Initial statistics: 52 variables; iteration 0; function evaluation 0; phase 2
Function value 5.2468499e+02; maximum gradient component mag 1.9028e+03
Var    Value     Gradient |Var    Value     Gradient |Var    Value     Gradient
  1  0.18273 -4.39271e+00 |  2  0.00000  5.07878e+01 |  3  0.00000 -1.08907e+02
  4  0.00000  3.96415e+01 |  5  0.00000 -6.79473e+01 |  6  0.00000 -2.54461e+01
  7  0.00000  5.32570e+01 |  8  0.00000  6.56758e+00 |  9  0.00000  1.05690e+01
 10  0.00000 -7.54220e+01 | 11  0.00000  9.62665e+00 | 12  0.00000 -5.16465e+01
 13  0.00000 -7.90936e+00 | 14  0.00000 -7.10250e+00 | 15  0.00000 -8.49670e+01
 16  0.00000  1.13193e+01 | 17  0.00000  1.03387e+02 | 18  0.00000  8.66170e+00
 19  0.00000  2.55400e+01 | 20  0.00000 -1.43576e+02 | 21  0.00000 -1.47783e+02
 22  0.00000  6.60754e+01 | 23  0.00000  3.06981e+01 | 24  0.00000  2.07483e+02
 25  0.00000 -9.11697e+00 | 26  0.00000 -1.89495e+00 | 27  0.00000  2.66186e+01
 28  0.00000 -1.17968e+02 | 29  0.00000  6.29528e+01 | 30  0.00000 -1.04798e+02
 31  0.00000  8.61566e+01 | 32  0.00000 -3.15472e+01 | 33  0.00000 -3.89614e+01
 34  0.00000 -1.51609e+02 | 35  0.00000 -2.29419e+01 | 36  0.00000  7.49648e+01
 37  0.00000  5.53683e+01 | 38  0.00000  1.83444e+02 | 39  0.21635 -4.28406e+02
 40  0.21635  1.90280e+03 | 41  0.21635 -7.39396e+02 | 42  0.19736 -3.54445e+00
 43 -1.00000 -1.08293e-07 | 44  0.00000  1.39796e-04 | 45  0.00000  4.34106e-01
 46 -0.53989  9.16232e+00 | 47 -1.00000 -1.08293e-07 | 48 -0.53989  1.33912e+01
 49 -1.00000 -1.08293e-07 | 50 -0.53989  3.55040e+00 | 51 -0.32288  6.64756e+01
 52  0.21635  2.05010e+00 |

Intermediate statistics: 52 variables; iteration 20; function evaluation 34; phase 2
Function value 2.9494117e+02; maximum gradient component mag -2.7755e+03
Var    Value     Gradient |Var    Value     Gradient |Var    Value     Gradient
  1  0.15749 -2.77552e+03 |  2 -0.27711 -4.90713e+01 |  3  0.21386  9.99408e+01
  4  0.16825  1.11723e+02 |  5  0.15936  4.50080e+01 |  6  0.09492  2.23137e+01
  7  0.01904  4.51451e+00 |  8  0.01224 -2.98822e+01 |  9  0.06382  4.55616e+01
 10  0.12700  5.51685e+01 | 11  0.11338  1.19500e+02 | 12  0.10177  1.00684e+02
 13  0.06120  1.10092e+02 | 14  0.05017  7.79340e+01 | 15  0.06195  9.91902e+01
 16  0.02794  1.49404e+02 | 17 -0.03025  1.19349e+02 | 18 -0.03477  1.44308e+01
 19 -0.04733  7.29143e+00 | 20 -0.00487 -1.79386e+02 | 21 -0.04520 -2.52550e+02
 22 -0.03453  1.08971e+02 | 23 -0.04990  9.60097e-02 | 24 -0.03050  2.83508e+02
 25 -0.04971 -7.80391e+00 | 26 -0.03325 -2.24329e+00 | 27 -0.03040 -2.42098e+00
 28  0.00486 -1.38588e+02 | 29 -0.00195  7.44230e+01 | 30 -0.03104 -2.30118e+02
 31 -0.05425 -4.17208e+01 | 32 -0.00926 -4.68466e+00 | 33 -0.00298  5.03276e+01
 34  0.02352 -6.27876e+01 | 35 -0.02515 -2.18320e+02 | 36 -0.05692 -3.32102e+02
 37 -0.02162 -6.36899e+02 | 38 -0.18863 -5.67318e+01 | 39  0.23573 -8.30112e+01
 40  0.24003  8.22906e+02 | 41  0.26426  8.91180e+01 | 42  0.23445  1.39416e+03
 43 -0.90322 -2.03642e-02 | 44 -0.00000  9.20488e-05 | 45 -0.00988 -2.86996e-05
 46 -0.75301 -6.85843e-03 | 47 -0.59338 -4.56696e+02 | 48 -0.54961  4.63670e+02
 49 -0.79583 -8.00971e+01 | 50 -0.64841  4.58757e+01 | 51 -0.44572  3.73574e+00
 52  0.18251  5.19839e-01 |
52 variables; iteration 40; function evaluation 61; phase 2
Function value 2.5362617e+02; maximum gradient component mag -2.0877e+03
Var    Value     Gradient |Var    Value     Gradient |Var    Value     Gradient
  1  0.15821 -2.08772e+03 |  2 -0.26364 -4.80822e+01 |  3  0.28013  1.63714e+02
  4  0.18805  9.19336e+01 |  5  0.16757  2.47022e+01 |  6  0.10291  2.11113e-01
  7  0.04029  1.86473e+01 |  8  0.02408 -1.55669e+01 |  9  0.01715 -4.10584e+01
 10  0.13333  7.83460e+01 | 11  0.09977  8.34435e+01 | 12  0.09621  7.55380e+01
 13  0.06522  1.02267e+02 | 14  0.05233  6.33515e+01 | 15  0.06005  6.82941e+01
 16  0.00947  7.35186e+01 | 17 -0.04805  5.63105e+01 | 18 -0.05091 -6.02715e+01
 19 -0.04011  1.00010e+00 | 20  0.02789 -7.74057e+01 | 21 -0.01373 -1.65209e+02
 22 -0.04815  3.64337e+01 | 23 -0.04294 -2.08925e+01 | 24 -0.08572  8.50755e+01
 25 -0.04012 -2.26205e+01 | 26 -0.03596 -1.69087e+01 | 27 -0.03555 -2.81870e+01
 28  0.03621 -7.50685e+00 | 29 -0.03340  9.37552e+00 | 30  0.01487 -6.07451e+01
 31 -0.07604 -1.13801e+02 | 32  0.01760  5.67180e+01 | 33 -0.00605  1.06674e+01
 34  0.03551 -2.30189e+01 | 35 -0.02661 -1.87786e+02 | 36 -0.04440 -2.34506e+02
 37 -0.03087 -4.40939e+02 | 38 -0.19697 -9.81825e+01 | 39  0.23046 -7.07095e+02
 40  0.23318  1.95053e+02 | 41  0.25763 -2.01543e+02 | 42  0.22619  6.05270e+02
 43 -1.27650  4.39664e-03 | 44 -0.00018  1.14774e-03 | 45 -0.60515  2.08482e-02
 46 -1.39085 -1.20280e+00 | 47 -0.60237 -3.49989e+02 | 48 -0.57689  3.58629e+02
 49 -0.77650  1.57502e+01 | 50 -0.63806 -9.39535e+00 | 51 -0.40272  4.03807e-01
 52 -0.84985  1.47606e-02 |
52 variables; iteration 60; function evaluation 91; phase 2
Function value 1.3923466e+02; maximum gradient component mag -1.2611e+03
Var    Value     Gradient |Var    Value     Gradient |Var    Value     Gradient
  1  0.13888 -1.26108e+03 |  2 -0.13984 -3.92532e+00 |  3  0.00645 -5.09799e+00
  4 -0.02302  1.74475e+01 |  5  0.01090 -1.03734e+01 |  6 -0.04997  8.33283e+00
  7 -0.09869  1.16826e+01 |  8 -0.06324 -3.95873e-01 |  9 -0.06379  1.46223e+01
 10  0.03724  1.09759e+01 | 11  0.02215  1.58781e+01 | 12  0.06235  1.95437e+01
 13  0.01318  1.45003e+01 | 14  0.00688  1.97953e+01 | 15  0.06444 -7.62985e+00
 16  0.01933  5.17101e+00 | 17 -0.03995  2.95989e+01 | 18  0.00283  1.66394e+01
 19 -0.01740  4.11710e+01 | 20  0.07276  5.51047e+01 | 21  0.05826  3.53989e+01
 22 -0.04812  1.28354e+01 | 23 -0.01401  1.51701e+01 | 24 -0.09804  1.50511e+01
 25 -0.00340  1.72486e+01 | 26 -0.00436  2.61473e+01 | 27  0.00597  4.40007e+01
 28  0.06549  5.85934e+01 | 29 -0.00860  1.35085e+01 | 30  0.05088  1.25675e+01
 31 -0.02332 -9.71313e+00 | 32  0.01693 -2.08487e+01 | 33  0.01912 -3.10317e+01
 34  0.04535 -1.06312e+02 | 35  0.01988 -1.11723e+02 | 36 -0.02095 -1.64227e+02
 37  0.02544 -3.38277e+02 | 38 -0.06203  1.85677e+01 | 39  0.24221  2.39040e+01
 40  0.23641  8.21279e+01 | 41  0.26673  3.51895e+00 | 42  0.22066  7.35190e+01
 43 -0.48637 -4.45814e-01 | 44 -0.09929 -6.34844e-02 | 45 -0.99921 -1.46126e-02
 46 -1.36575 -1.79852e-01 | 47 -0.61261 -4.00832e+01 | 48 -0.64121  4.66277e+01
 49 -0.74524 -9.51399e+01 | 50 -0.65495  6.95356e+01 | 51 -0.53370 -1.52487e-01
 52 -2.53271  1.60245e-02 |
Maximum number of function evaluations exceeded

 - final statistics:
52 variables; iteration 68; function evaluation 100
Function value 1.3495e+02; maximum gradient component mag 1.1013e+02
Exit code = 3;  converg criter 1.0000e+01
Var    Value     Gradient |Var    Value     Gradient |Var    Value     Gradient
  1  0.13634  1.10129e+02 |  2 -0.13212  8.76977e-01 |  3  0.00632 -2.24286e+00
  4 -0.02930 -4.39838e+00 |  5  0.01826 -1.10883e+01 |  6 -0.05452 -5.23869e+00
  7 -0.10358 -9.84643e-01 |  8 -0.06207 -5.39183e+00 |  9 -0.07673 -1.45256e+00
 10  0.03390 -1.21141e+00 | 11  0.01906 -1.79541e+00 | 12  0.06511  7.12759e+00
 13  0.01187  3.83468e+00 | 14 -0.00200  3.65605e+00 | 15  0.07440  9.31194e+00
 16  0.02528  1.15896e+01 | 17 -0.04184  9.57447e+00 | 18  0.00608  4.42455e+00
 19 -0.02061  4.34256e+00 | 20  0.06385  6.09723e+00 | 21  0.05293  1.97898e+00
 22 -0.04930  4.50678e-01 | 23 -0.01275  1.42121e+01 | 24 -0.09465  1.38891e+01
 25  0.00187  3.71412e+01 | 26 -0.00578  1.27499e+00 | 27  0.00379  4.47248e-02
 28  0.06290 -2.11451e+00 | 29 -0.00420 -2.90914e+00 | 30  0.05264  1.07639e+00
 31 -0.01763  9.23594e-01 | 32  0.02030 -3.10235e+00 | 33  0.02157 -3.92933e+00
 34  0.05476 -9.88192e+00 | 35  0.02400 -1.44625e+01 | 36 -0.00974 -1.48578e+01
 37  0.03418 -5.44880e+01 | 38 -0.07359 -3.89320e+00 | 39  0.24409  2.78955e+01
 40  0.23856  3.11776e+01 | 41  0.26905  1.02338e+01 | 42  0.22062  2.32928e+01
 43 -0.38299  3.79087e+00 | 44  0.73651  4.90109e-02 | 45 -0.70359  1.08796e-02
 46 -1.42937 -9.61391e-01 | 47 -0.58977  1.00013e+01 | 48 -0.62876 -8.29667e+00
 49 -0.71059 -8.30682e+00 | 50 -0.63148  6.47492e+00 | 51 -0.56317 -1.31077e-01
 52 -2.56198  1.42181e-02 |

Initial statistics: 54 variables; iteration 0; function evaluation 0; phase 3
Function value 1.3494780e+02; maximum gradient component mag -9.6756e+02
Var    Value     Gradient |Var    Value     Gradient |Var    Value     Gradient
  1  0.13634  1.10129e+02 |  2 -0.13212  8.76977e-01 |  3  0.00632 -2.24286e+00
  4 -0.02930 -4.39838e+00 |  5  0.01826 -1.10883e+01 |  6 -0.05453 -5.39971e+00
  7 -0.10359 -1.14413e+00 |  8 -0.06207 -5.55268e+00 |  9 -0.07674 -1.61301e+00
 10  0.03389 -1.37280e+00 | 11  0.01905 -1.95696e+00 | 12  0.06510  6.96681e+00
 13  0.01186  3.67309e+00 | 14 -0.00200  3.49443e+00 | 15  0.07439  9.15143e+00
 16  0.02528  1.14281e+01 | 17 -0.04185  9.41319e+00 | 18  0.00607  4.26293e+00
 19 -0.02062  4.18103e+00 | 20  0.06384  5.93642e+00 | 21  0.05293  1.81792e+00
 22 -0.04930  2.89541e-01 | 23 -0.01276  1.40505e+01 | 24 -0.09466  1.37293e+01
 25  0.00187  3.69796e+01 | 26 -0.00578  1.11338e+00 | 27  0.00379 -1.16893e-01
 28  0.06290 -2.27535e+00 | 29 -0.00420 -3.07076e+00 | 30  0.05264  9.15324e-01
 31 -0.01763  7.62035e-01 | 32  0.02030 -3.26389e+00 | 33  0.02156 -4.09086e+00
 34  0.05475 -1.00430e+01 | 35  0.02400 -1.46241e+01 | 36 -0.00975 -1.50194e+01
 37  0.03418 -5.46494e+01 | 38 -0.07360 -4.05374e+00 | 39  0.24409  2.78955e+01
 40  0.23856  3.11776e+01 | 41  0.26905  1.02338e+01 | 42  0.22062  2.32928e+01
 43 -0.38299  3.79087e+00 | 44  0.73651  4.90109e-02 | 45 -0.70359  1.08796e-02
 46 -0.57063  9.61391e-01 | 47 -0.58977  1.00013e+01 | 48 -0.62876 -8.29667e+00
 49 -0.71059 -8.30682e+00 | 50 -0.63148  6.47492e+00 | 51 -0.56317 -1.31077e-01
 52  0.56198 -1.42181e-02 | 53 -0.17585 -9.67559e+02 | 54 -0.12819 -3.68157e+02

Intermediate statistics: 54 variables; iteration 20; function evaluation 26; phase 3
Function value 1.1223622e+02; maximum gradient component mag -1.1861e+03
Var    Value     Gradient |Var    Value     Gradient |Var    Value     Gradient
  1  0.13555 -1.18610e+03 |  2 -0.13442  1.37060e+00 |  3  0.00457  2.37255e+00
  4 -0.02980  2.12576e+00 |  5  0.01709  2.95143e+00 |  6 -0.05288  2.43121e+01
  7 -0.10305  2.47550e+01 |  8 -0.05785  3.07153e+01 |  9 -0.07672  1.69049e+01
 10  0.03396  1.73923e+01 | 11  0.02014  1.76777e+01 | 12  0.06407  1.79745e+01
 13  0.00985  1.80199e+01 | 14 -0.00609  1.60443e+01 | 15  0.07342  1.05523e+01
 16  0.02460  9.07116e+00 | 17 -0.04457  1.14408e+01 | 18 -0.00610 -1.57299e+01
 19 -0.01614  1.43565e+01 | 20  0.04353 -2.22151e+01 | 21  0.04092 -1.56140e+01
 22 -0.05528  2.97489e+00 | 23 -0.03281 -1.95842e+01 | 24 -0.10695  1.94262e-02
 25  0.01581  3.98628e+01 | 26 -0.00924  7.51351e+00 | 27 -0.01034 -1.19216e+01
 28  0.06604  2.42266e+01 | 29 -0.00504 -2.30577e+01 | 30  0.05600 -6.94698e+01
 31 -0.02468 -4.17067e+01 | 32  0.03872 -7.04968e+00 | 33  0.03077 -1.09252e+00
 34  0.05270 -1.81380e+01 | 35  0.02845 -3.99463e+00 | 36 -0.00983 -1.90530e+01
 37  0.03130 -6.77738e+01 | 38 -0.01363  2.51944e+01 | 39  0.24611  1.71047e+00
 40  0.25139 -8.38909e+02 | 41  0.27028 -1.09041e+02 | 42  0.22123  2.35806e+02
 43 -0.37675 -4.86924e+00 | 44  0.73656 -3.96088e-02 | 45 -0.70361  5.40794e-03
 46 -0.57233  6.55345e-01 | 47 -0.59299  3.81060e+01 | 48 -0.63394 -3.95982e+01
 49 -0.70583 -2.58365e+00 | 50 -0.63550  2.02533e+00 | 51 -0.56302 -1.22037e-01
 52  0.56199 -1.29186e-02 | 53 -0.13577  3.38339e+02 | 54 -0.12963 -6.53058e+02
54 variables; iteration 40; function evaluation 50; phase 3
Function value 1.0675492e+02; maximum gradient component mag 3.4621e+02
Var    Value     Gradient |Var    Value     Gradient |Var    Value     Gradient
  1  0.13553  3.46214e+02 |  2 -0.13138  2.19318e+00 |  3  0.00406 -4.28879e+00
  4 -0.03092 -1.04654e+01 |  5  0.01643 -2.19031e+01 |  6 -0.04970  4.99636e+00
  7 -0.10162 -3.66271e+00 |  8 -0.06093 -1.29221e+01 |  9 -0.07195 -1.73132e+00
 10  0.03549 -6.53876e+00 | 11  0.02578  3.19283e+00 | 12  0.06276 -7.25097e+00
 13  0.00623 -1.09830e+01 | 14 -0.01266 -1.39261e+01 | 15  0.07688  2.03056e+00
 16  0.02588 -2.58326e+00 | 17 -0.04806 -1.51987e+01 | 18 -0.00114 -1.90077e+00
 19 -0.02204 -2.88305e+01 | 20  0.04765 -4.77291e+00 | 21  0.03897 -2.33189e+01
 22 -0.05866 -1.58696e+01 | 23 -0.03497 -1.87685e+01 | 24 -0.10551  4.65609e+00
 25  0.01749  7.67107e+01 | 26 -0.01219 -3.85824e+00 | 27 -0.00842 -1.01900e-01
 28  0.06446  2.34273e+01 | 29 -0.00550 -1.40266e+01 | 30  0.05678 -1.19805e+01
 31 -0.02027  4.24492e-01 | 32  0.03910  1.66993e+01 | 33  0.02977  2.15047e+00
 34  0.05190 -6.45410e+00 | 35  0.02951  1.29690e+01 | 36 -0.00914  7.40179e+00
 37  0.03247  2.67717e+00 | 38 -0.02017  4.87659e+00 | 39  0.24607 -1.09764e+02
 40  0.25525  3.82763e+01 | 41  0.27120 -3.15540e+01 | 42  0.21962  5.60835e+01
 43 -0.36792  1.67602e+01 | 44  0.72912  1.38239e-01 | 45 -0.70499 -6.25613e-03
 46 -0.91099 -2.22135e-02 | 47 -0.60899  8.08948e+00 | 48 -0.64852 -7.72974e+00
 49 -0.77789  2.98860e+01 | 50 -0.72741 -2.42386e+01 | 51 -0.49378  4.67821e-01
 52  0.56863  4.98618e-02 | 53 -0.13286 -1.25899e+02 | 54 -0.11921 -1.52583e+02
54 variables; iteration 60; function evaluation 79; phase 3
Function value 1.0216909e+02; maximum gradient component mag 5.5905e+01
Var    Value     Gradient |Var    Value     Gradient |Var    Value     Gradient
  1  0.13531  5.59051e+01 |  2 -0.13723 -2.79028e-01 |  3  0.00497 -8.18394e-02
  4 -0.02908  9.78902e-01 |  5  0.01758  6.57867e-01 |  6 -0.05274 -6.42723e-01
  7 -0.10306 -1.00868e-01 |  8 -0.05777  1.11582e+00 |  9 -0.07651 -9.14129e-01
 10  0.03382 -1.78557e+00 | 11  0.02052 -1.17119e+00 | 12  0.06457 -1.68430e+00
 13  0.00954 -1.60637e+00 | 14 -0.00707 -1.14593e+00 | 15  0.07458 -2.85432e-01
 16  0.02592  9.87734e-01 | 17 -0.04549  1.17924e-01 | 18 -0.00200 -1.01620e+00
 19 -0.01943 -9.97507e-01 | 20  0.04843 -1.72533e+00 | 21  0.04320 -1.02359e+00
 22 -0.05625 -4.54328e-01 | 23 -0.02820 -9.02952e-01 | 24 -0.10319 -1.17899e-02
 25  0.01295 -2.59388e+00 | 26 -0.00962  1.45167e+00 | 27 -0.00745  4.14535e+00
 28  0.05996  1.72192e+01 | 29 -0.00293 -2.55964e-01 | 30  0.05797 -1.47774e+00
 31 -0.02173 -1.44995e+00 | 32  0.03338 -9.73080e-01 | 33  0.02831  4.32451e-01
 34  0.05312  4.58334e-01 | 35  0.02798 -8.49436e-01 | 36 -0.00809 -2.05154e-01
 37  0.03319 -3.90174e-01 | 38 -0.02655  2.62831e-02 | 39  0.24859 -2.58838e+01
 40  0.25788  2.67206e+01 | 41  0.27196  1.18719e-01 | 42  0.21939 -3.63751e+00
 43 -0.37738 -3.63821e+00 | 44  0.79450 -1.83572e-02 | 45 -0.61317 -4.51275e-03
 46 -0.77234 -8.40027e-03 | 47 -0.78322 -2.51243e+01 | 48 -0.80375  2.77825e+01
 49 -0.63983 -1.13003e+01 | 50 -0.55256  9.06966e+00 | 51 -0.39558  7.05801e-01
 52  0.60756  3.56459e-02 | 53 -0.10471 -1.99949e+01 | 54 -0.08677  1.69473e+01
54 variables; iteration 80; function evaluation 100; phase 3
Function value 1.0209308e+02; maximum gradient component mag 2.5662e+00
Var    Value     Gradient |Var    Value     Gradient |Var    Value     Gradient
  1  0.13519  2.56616e+00 |  2 -0.13767 -1.87845e-03 |  3  0.00463  4.46995e-04
  4 -0.02930  7.39221e-02 |  5  0.01813  2.01133e-01 |  6 -0.05298  8.85689e-03
  7 -0.10302 -1.96120e-02 |  8 -0.05743 -3.43397e-03 |  9 -0.07652 -2.80239e-02
 10  0.03422 -1.05891e-02 | 11  0.02081 -4.71913e-03 | 12  0.06500  5.35351e-02
 13  0.00896 -2.97091e-02 | 14 -0.00768 -1.79520e-02 | 15  0.07458  1.60328e-03
 16  0.02598 -6.89707e-02 | 17 -0.04534 -1.07334e-01 | 18 -0.00199 -1.16164e-01
 19 -0.01936 -1.15135e-01 | 20  0.04828 -3.62286e-02 | 21  0.04260 -4.79397e-02
 22 -0.05739 -4.06910e-02 | 23 -0.02886 -9.23085e-02 | 24 -0.10321 -5.09177e-02
 25  0.01388  1.21328e-01 | 26 -0.00985 -2.62930e-02 | 27 -0.00689  3.07112e-02
 28  0.05989  2.28768e-02 | 29 -0.00272 -3.98173e-02 | 30  0.05782 -9.39988e-02
 31 -0.02172  1.89572e-02 | 32  0.03359  8.49448e-02 | 33  0.02807  4.18348e-02
 34  0.05225  8.48414e-02 | 35  0.02797  1.14231e-01 | 36 -0.00709  1.52823e-01
 37  0.03339  5.41243e-02 | 38 -0.02596  2.00188e-02 | 39  0.25053  1.39413e+00
 40  0.25811  1.28835e-01 | 41  0.27217  9.05705e-02 | 42  0.21947  3.69015e-01
 43 -0.36784  2.02912e-02 | 44  0.34056  2.32334e-03 | 45 -0.30677 -1.57183e-03
 46 -0.71469 -3.37980e-03 | 47 -0.76462 -4.14224e-02 | 48 -0.78731  2.79092e-02
 49 -0.57212 -3.13738e-01 | 50 -0.47820  2.77092e-01 | 51 -0.36227  3.72235e-02
 52  0.48334  4.58926e-03 | 53 -0.10423 -7.15210e-01 | 54 -0.08750  3.76814e-01
Maximum number of function evaluations exceeded

 - final statistics:
54 variables; iteration 81; function evaluation 100
Function value 1.0209e+02; maximum gradient component mag 2.5662e+00
Exit code = 3;  converg criter 1.0000e+00
Var    Value     Gradient |Var    Value     Gradient |Var    Value     Gradient
  1  0.13519  2.56616e+00 |  2 -0.13767 -1.87845e-03 |  3  0.00463  4.46995e-04
  4 -0.02930  7.39221e-02 |  5  0.01813  2.01133e-01 |  6 -0.05298  8.85689e-03
  7 -0.10302 -1.96120e-02 |  8 -0.05743 -3.43397e-03 |  9 -0.07652 -2.80239e-02
 10  0.03422 -1.05891e-02 | 11  0.02081 -4.71913e-03 | 12  0.06500  5.35351e-02
 13  0.00896 -2.97091e-02 | 14 -0.00768 -1.79520e-02 | 15  0.07458  1.60328e-03
 16  0.02598 -6.89707e-02 | 17 -0.04534 -1.07334e-01 | 18 -0.00199 -1.16164e-01
 19 -0.01936 -1.15135e-01 | 20  0.04828 -3.62286e-02 | 21  0.04260 -4.79397e-02
 22 -0.05739 -4.06910e-02 | 23 -0.02886 -9.23085e-02 | 24 -0.10321 -5.09177e-02
 25  0.01388  1.21328e-01 | 26 -0.00985 -2.62930e-02 | 27 -0.00689  3.07112e-02
 28  0.05989  2.28768e-02 | 29 -0.00272 -3.98173e-02 | 30  0.05782 -9.39988e-02
 31 -0.02172  1.89572e-02 | 32  0.03359  8.49448e-02 | 33  0.02807  4.18348e-02
 34  0.05225  8.48414e-02 | 35  0.02797  1.14231e-01 | 36 -0.00709  1.52823e-01
 37  0.03339  5.41243e-02 | 38 -0.02596  2.00188e-02 | 39  0.25053  1.39413e+00
 40  0.25811  1.28835e-01 | 41  0.27217  9.05705e-02 | 42  0.21947  3.69015e-01
 43 -0.36784  2.02912e-02 | 44  0.34056  2.32334e-03 | 45 -0.30677 -1.57183e-03
 46 -0.71469 -3.37980e-03 | 47 -0.76462 -4.14224e-02 | 48 -0.78731  2.79092e-02
 49 -0.57212 -3.13738e-01 | 50 -0.47820  2.77092e-01 | 51 -0.36227  3.72235e-02
 52  0.48334  4.58926e-03 | 53 -0.10423 -7.15210e-01 | 54 -0.08750  3.76814e-01

Initial statistics: 56 variables; iteration 0; function evaluation 0; phase 4
Function value 1.0209308e+02; maximum gradient component mag 1.2881e+02
Var    Value     Gradient |Var    Value     Gradient |Var    Value     Gradient
  1  0.13519  2.56616e+00 |  2 -0.13767 -1.87845e-03 |  3  0.00463  4.46995e-04
  4 -0.02930  7.39221e-02 |  5  0.01813  2.01133e-01 |  6 -0.05298  1.30983e-02
  7 -0.10302 -1.54114e-02 |  8 -0.05743  8.04886e-04 |  9 -0.07652 -2.37984e-02
 10  0.03422 -6.33903e-03 | 11  0.02081 -4.65235e-04 | 12  0.06500  5.77691e-02
 13  0.00896 -2.54534e-02 | 14 -0.00768 -1.36962e-02 | 15  0.07458  5.83027e-03
 16  0.02598 -6.47181e-02 | 17 -0.04534 -1.03089e-01 | 18 -0.00199 -1.11908e-01
 19 -0.01936 -1.10880e-01 | 20  0.04828 -3.19847e-02 | 21  0.04260 -4.36930e-02
 22 -0.05739 -3.64521e-02 | 23 -0.02886 -8.80567e-02 | 24 -0.10321 -4.67173e-02
 25  0.01388  1.25583e-01 | 26 -0.00985 -2.20374e-02 | 27 -0.00689  3.49671e-02
 28  0.05989  2.71141e-02 | 29 -0.00272 -3.55612e-02 | 30  0.05782 -8.97602e-02
 31 -0.02172  2.32109e-02 | 32  0.03359  8.91950e-02 | 33  0.02807  4.60869e-02
 34  0.05225  8.90832e-02 | 35  0.02797  1.18483e-01 | 36 -0.00709  1.57079e-01
 37  0.03339  5.83746e-02 | 38 -0.02596  2.42714e-02 | 39  0.25053  1.39413e+00
 40  0.25811  1.28835e-01 | 41  0.27217  9.05705e-02 | 42  0.21947  3.69015e-01
 43 -0.36784  2.02912e-02 | 44  0.34056  2.32334e-03 | 45 -0.30677 -1.57183e-03
 46 -0.71469 -3.37980e-03 | 47 -0.76462 -4.14224e-02 | 48 -0.78731  2.79092e-02
 49 -0.57212 -3.13738e-01 | 50 -0.47820  2.77092e-01 | 51 -0.36227  3.72235e-02
 52  0.48334  4.58926e-03 | 53 -0.10423 -7.15210e-01 | 54 -0.08750  3.76814e-01
 55 -0.05795  1.28813e+02 | 56 -0.17585 -1.25143e+02 |

Intermediate statistics: 56 variables; iteration 20; function evaluation 28; phase 4
Function value 9.9444790e+01; maximum gradient component mag 5.6493e+02
Var    Value     Gradient |Var    Value     Gradient |Var    Value     Gradient
  1  0.13542  5.64933e+02 |  2 -0.13785  1.59023e+00 |  3  0.00429  1.06370e+01
  4 -0.02937  1.49616e+01 |  5  0.01843  2.98789e+01 |  6 -0.05315  4.50985e+00
  7 -0.10314  4.97659e+00 |  8 -0.05722  1.40997e+01 |  9 -0.07680 -5.79188e+00
 10  0.03394 -4.96070e+00 | 11  0.02054 -3.89109e+00 | 12  0.06497 -2.36767e-01
 13  0.00877 -1.87978e+00 | 14 -0.00803 -3.47813e+00 | 15  0.07437  2.26285e+00
 16  0.02579  5.60278e+00 | 17 -0.04577  4.10218e+00 | 18 -0.00394 -3.00565e-01
 19 -0.01885  2.53962e+00 | 20  0.04667 -2.31053e+00 | 21  0.04178 -1.93952e+00
 22 -0.05744 -2.89899e+00 | 23 -0.03031 -3.23805e+00 | 24 -0.10404 -2.87777e+00
 25  0.01407  1.74926e+00 | 26 -0.00954  8.28593e+00 | 27 -0.00776  1.45650e+01
 28  0.06011  3.41396e+01 | 29 -0.00201 -1.17673e+01 | 30  0.05770 -2.43091e+01
 31 -0.02214 -1.59211e+01 | 32  0.03531 -1.41796e+01 | 33  0.02906 -1.13548e+01
 34  0.05188 -6.43560e+00 | 35  0.02789  5.06379e+00 | 36 -0.00718  1.49649e+01
 37  0.03281  2.37954e+01 | 38 -0.01853 -3.56063e+00 | 39  0.25025  1.22116e+01
 40  0.25617 -1.25211e+02 | 41  0.27225  1.96144e+01 | 42  0.21842 -7.70153e+01
 43 -0.36767  4.21127e+00 | 44  0.34055  8.11116e-02 | 45 -0.30675 -1.58906e-03
 46 -0.71466 -4.10526e-03 | 47 -0.76290  1.75758e+01 | 48 -0.78637 -1.95685e+01
 49 -0.57191  3.08430e+00 | 50 -0.47860 -2.91895e+00 | 51 -0.36499 -9.24140e-01
 52  0.48321 -3.55005e-02 | 53 -0.11601  7.07449e+01 | 54 -0.09429 -8.41043e+01
 55 -0.08128  6.00344e+01 | 56 -0.16398  1.10319e+01 |
56 variables; iteration 40; function evaluation 54; phase 4
Function value 9.8725699e+01; maximum gradient component mag -1.0820e+02
Var    Value     Gradient |Var    Value     Gradient |Var    Value     Gradient
  1  0.13531 -1.05450e+02 |  2 -0.13674  3.87858e-01 |  3  0.00397 -1.46565e+00
  4 -0.02971 -5.43781e-01 |  5  0.01804  4.98294e-01 |  6 -0.05367  1.23446e-01
  7 -0.10369  7.63654e-01 |  8 -0.05717  2.49741e+00 |  9 -0.07532  2.92118e+00
 10  0.03451  2.04971e+00 | 11  0.02071  1.70515e+00 | 12  0.06531  3.78779e+00
 13  0.00794 -2.45708e+00 | 14 -0.00766 -1.30836e+00 | 15  0.07493 -5.27332e+00
 16  0.02453 -1.37497e+01 | 17 -0.04541 -9.36213e+00 | 18 -0.00513 -1.24974e+01
 19 -0.01805 -1.65056e+00 | 20  0.04777  4.76678e+00 | 21  0.03970 -8.59814e+00
 22 -0.05748  1.12704e+00 | 23 -0.03079 -1.92000e+00 | 24 -0.10415  2.52018e+00
 25  0.01458  9.71337e+00 | 26 -0.00970 -5.95948e-01 | 27 -0.00792 -1.64476e+00
 28  0.05948 -1.85565e+00 | 29 -0.00200 -5.92968e+00 | 30  0.05802 -1.07424e+01
 31 -0.01939  9.31209e+00 | 32  0.03595 -4.13869e+00 | 33  0.03003  1.11441e-01
 34  0.05249  4.57100e-01 | 35  0.02649  2.21387e+00 | 36 -0.00681  2.01739e+01
 37  0.03307  1.77640e+01 | 38 -0.02182  1.93657e+00 | 39  0.24946 -1.60155e+01
 40  0.25550 -1.08195e+02 | 41  0.27206  4.81815e+00 | 42  0.21917  2.66164e-01
 43 -0.36710  1.33471e+00 | 44  0.33830  2.66765e-02 | 45 -0.30526 -1.53770e-03
 46 -0.71163 -2.31792e-03 | 47 -0.63545 -1.42802e+01 | 48 -0.67084  1.64000e+01
 49 -0.58131 -6.45272e+00 | 50 -0.48698  5.62758e+00 | 51 -0.37601  3.53035e-01
 52  0.47563  2.01377e-02 | 53 -0.15114 -2.46761e+00 | 54 -0.09331  2.28724e+01
 55 -0.06894 -2.10714e+00 | 56 -0.12930 -4.10867e-01 |
56 variables; iteration 60; function evaluation 81; phase 4
Function value 9.8449865e+01; maximum gradient component mag -1.8486e+01
Var    Value     Gradient |Var    Value     Gradient |Var    Value     Gradient
  1  0.13527 -1.84857e+01 |  2 -0.13775  1.67514e-02 |  3  0.00439 -1.65828e-01
  4 -0.02944 -2.27965e-03 |  5  0.01795 -9.09723e-02 |  6 -0.05318  1.71495e-01
  7 -0.10313  2.93255e-01 |  8 -0.05758  1.37728e-01 |  9 -0.07656  2.75097e-01
 10  0.03392 -4.01907e-01 | 11  0.02054 -7.68522e-01 | 12  0.06470 -2.40394e+00
 13  0.00884 -7.85136e-01 | 14 -0.00771  1.65205e-01 | 15  0.07442 -2.95866e-01
 16  0.02566 -7.52673e-01 | 17 -0.04573 -4.30773e-01 | 18 -0.00428 -4.14882e-01
 19 -0.01853 -1.44436e-01 | 20  0.04557  3.00733e-01 | 21  0.04113  4.46714e-02
 22 -0.05810  2.19623e-01 | 23 -0.03088  8.33556e-02 | 24 -0.10452  2.99342e-01
 25  0.01473  5.30601e-01 | 26 -0.00958  1.51285e-01 | 27 -0.00811  4.36080e-01
 28  0.05958  3.12874e-01 | 29 -0.00142  1.45964e-01 | 30  0.05907 -1.07579e-01
 31 -0.02144  5.21800e-01 | 32  0.03697  1.49199e-01 | 33  0.03009  3.63087e-01
 34  0.05263  3.33385e-01 | 35  0.02777  1.21601e-01 | 36 -0.00795  7.07511e-01
 37  0.03294  5.40357e-01 | 38 -0.02059  3.02967e-01 | 39  0.25017 -1.21644e+00
 40  0.25606 -2.37236e+00 | 41  0.27210 -1.64349e-02 | 42  0.21914 -7.29032e-02
 43 -0.36739 -1.98366e-01 | 44  0.31108 -2.11394e-03 | 45 -0.28387 -1.33433e-03
 46 -0.70506  4.95174e-04 | 47 -0.70923  6.28199e-01 | 48 -0.73737 -7.09995e-01
 49 -0.56977  4.42837e-01 | 50 -0.47597 -2.73870e-01 | 51 -0.36596  1.50153e-01
 52  0.46583  9.50582e-03 | 53 -0.15280 -3.11493e-01 | 54 -0.11704  4.56490e-01
 55 -0.10243  1.07446e+00 | 56 -0.14755 -1.37200e+00 |
56 variables; iteration 80; function evaluation 102; phase 4
Function value 9.8443135e+01; maximum gradient component mag 7.4771e-01
Var    Value     Gradient |Var    Value     Gradient |Var    Value     Gradient
  1  0.13528  7.47713e-01 |  2 -0.13778 -9.15128e-05 |  3  0.00445 -1.47810e-04
  4 -0.02948 -1.11231e-03 |  5  0.01791  7.32646e-04 |  6 -0.05317 -1.11618e-02
  7 -0.10318 -1.16125e-02 |  8 -0.05760 -8.21294e-03 |  9 -0.07666 -8.36498e-03
 10  0.03407  1.72090e-03 | 11  0.02065  1.22729e-02 | 12  0.06482  5.24106e-02
 13  0.00889  1.37816e-02 | 14 -0.00768 -1.40952e-02 | 15  0.07437 -1.23544e-02
 16  0.02568 -1.65168e-02 | 17 -0.04578 -1.12085e-02 | 18 -0.00426  4.29763e-03
 19 -0.01856  1.04928e-02 | 20  0.04551 -6.68307e-03 | 21  0.04115 -4.57406e-03
 22 -0.05807 -6.72855e-03 | 23 -0.03084 -1.07900e-03 | 24 -0.10458 -4.19778e-03
 25  0.01468  8.31524e-03 | 26 -0.00953 -2.94436e-03 | 27 -0.00819 -1.68202e-03
 28  0.05955  1.52690e-02 | 29 -0.00143  3.34411e-03 | 30  0.05912  3.25903e-03
 31 -0.02152 -1.01867e-02 | 32  0.03701  9.93158e-04 | 33  0.03006 -2.11456e-03
 34  0.05266 -6.26216e-04 | 35  0.02783  1.20147e-03 | 36 -0.00807  5.82547e-04
 37  0.03291  6.00452e-03 | 38 -0.02058 -3.67399e-03 | 39  0.25006  2.09808e-01
 40  0.25606  1.29359e-01 | 41  0.27210  1.38458e-03 | 42  0.21914  3.55484e-03
 43 -0.36044 -1.63351e-02 | 44 -0.01930 -4.06827e-04 | 45 -0.02546  5.94839e-05
 46 -0.71299  2.40442e-05 | 47 -0.69068  1.27469e-02 | 48 -0.72065 -1.45985e-02
 49 -0.57109 -1.47890e-02 | 50 -0.47727  1.02505e-02 | 51 -0.34245 -9.49847e-04
 52  0.00253  6.92117e-05 | 53 -0.14705 -2.21025e-01 | 54 -0.14529  1.94268e-01
 55 -0.15453 -5.28804e-03 | 56 -0.17812 -2.13934e-01 |
56 variables; iteration 100; function evaluation 122; phase 4
Function value 9.8443111e+01; maximum gradient component mag -4.8353e-01
Var    Value     Gradient |Var    Value     Gradient |Var    Value     Gradient
  1  0.13528 -4.83526e-01 |  2 -0.13778 -5.01700e-05 |  3  0.00445  1.10389e-03
  4 -0.02948 -5.17615e-04 |  5  0.01791 -1.95092e-03 |  6 -0.05317  6.75398e-03
  7 -0.10318  6.45182e-03 |  8 -0.05760  3.83664e-03 |  9 -0.07666  6.41219e-03
 10  0.03406  3.63579e-03 | 11  0.02064  1.29379e-03 | 12  0.06482 -6.98390e-03
 13  0.00890  4.15604e-03 | 14 -0.00767  8.13071e-03 | 15  0.07437  9.50055e-03
 16  0.02568  6.95100e-03 | 17 -0.04578  3.53524e-03 | 18 -0.00426 -2.05906e-03
 19 -0.01857 -5.23147e-03 | 20  0.04551  5.99739e-03 | 21  0.04116  5.98678e-03
 22 -0.05806  5.32350e-03 | 23 -0.03083  4.68414e-03 | 24 -0.10458  2.85237e-03
 25  0.01467 -8.54294e-03 | 26 -0.00953  4.21729e-03 | 27 -0.00819  2.98614e-03
 28  0.05955 -5.47095e-03 | 29 -0.00144 -6.37775e-03 | 30  0.05912 -1.51591e-02
 31 -0.02151 -1.12019e-03 | 32  0.03701 -1.19294e-02 | 33  0.03006 -5.26437e-03
 34  0.05267 -4.12618e-03 | 35  0.02783 -4.25292e-03 | 36 -0.00807 -3.59459e-03
 37  0.03291 -8.85106e-03 | 38 -0.02059 -3.86451e-03 | 39  0.25003 -2.29071e-02
 40  0.25606 -2.29225e-01 | 41  0.27210 -5.45090e-03 | 42  0.21914 -2.00388e-03
 43 -0.36077  2.84991e-03 | 44 -0.00414  8.87922e-05 | 45 -0.04360 -3.33644e-05
 46 -0.71262 -4.10467e-05 | 47 -0.68994  1.09512e-01 | 48 -0.71998 -1.21245e-01
 49 -0.57104  1.78605e-03 | 50 -0.47721 -8.33124e-04 | 51 -0.34141  2.73204e-03
 52 -0.01900  1.77436e-04 | 53 -0.15777  3.52733e-01 | 54 -0.14058 -3.15901e-01
 55 -0.13612  8.41816e-03 | 56 -0.16317  3.42925e-01 |
56 variables; iteration 120; function evaluation 142; phase 4
Function value 9.8443102e+01; maximum gradient component mag 2.6111e-02
Var    Value     Gradient |Var    Value     Gradient |Var    Value     Gradient
  1  0.13528  2.17241e-02 |  2 -0.13778 -1.48933e-04 |  3  0.00445 -1.89485e-04
  4 -0.02948 -4.01100e-04 |  5  0.01791 -6.40131e-04 |  6 -0.05317 -4.71985e-04
  7 -0.10318 -5.89190e-04 |  8 -0.05760 -6.73178e-04 |  9 -0.07666 -5.20295e-04
 10  0.03406  1.78774e-04 | 11  0.02064  2.39593e-04 | 12  0.06482  1.34392e-03
 13  0.00890  3.23748e-04 | 14 -0.00767 -3.19938e-04 | 15  0.07437 -5.78686e-04
 16  0.02568 -1.11697e-04 | 17 -0.04578 -4.87455e-04 | 18 -0.00426  8.47346e-04
 19 -0.01857  8.58800e-04 | 20  0.04551 -5.42539e-04 | 21  0.04116 -3.55986e-04
 22 -0.05806 -2.89518e-04 | 23 -0.03083 -2.74219e-04 | 24 -0.10458 -1.61000e-04
 25  0.01467  1.35687e-04 | 26 -0.00953 -2.19548e-05 | 27 -0.00819 -3.59456e-04
 28  0.05955  2.62551e-04 | 29 -0.00144  1.21434e-04 | 30  0.05912  8.67786e-04
 31 -0.02151 -1.36574e-04 | 32  0.03701  1.07674e-03 | 33  0.03006  2.14454e-04
 34  0.05267 -2.18139e-05 | 35  0.02783  2.24330e-04 | 36 -0.00807 -5.54367e-04
 37  0.03291 -7.12059e-04 | 38 -0.02059  2.63357e-04 | 39  0.25003 -2.30067e-03
 40  0.25606  1.33670e-02 | 41  0.27210 -3.74289e-04 | 42  0.21914  4.30090e-04
 43 -0.36040  5.65678e-04 | 44 -0.02090 -4.48238e-05 | 45 -0.02133  7.94612e-05
 46 -0.71316 -1.83691e-06 | 47 -0.69068 -2.41793e-03 | 48 -0.72065  2.25463e-03
 49 -0.57105 -3.51558e-04 | 50 -0.47723  1.75472e-04 | 51 -0.34088  2.54798e-04
 52 -0.02818 -1.34642e-05 | 53 -0.17286 -2.37312e-02 | 54 -0.13719  2.61112e-02
 55 -0.11571 -3.62155e-03 | 56 -0.14519 -2.08257e-02 |
56 variables; iteration 140; function evaluation 163; phase 4
Function value 9.8443097e+01; maximum gradient component mag -1.7426e-01
Var    Value     Gradient |Var    Value     Gradient |Var    Value     Gradient
  1  0.13528 -1.74256e-01 |  2 -0.13778 -5.06504e-05 |  3  0.00445  4.09122e-04
  4 -0.02948 -2.64654e-04 |  5  0.01791 -8.32433e-04 |  6 -0.05317  2.40743e-03
  7 -0.10318  2.28814e-03 |  8 -0.05760  1.25248e-03 |  9 -0.07666  2.26807e-03
 10  0.03406  1.39640e-03 | 11  0.02064  6.11582e-04 | 12  0.06482 -2.03056e-03
 13  0.00890  1.92013e-03 | 14 -0.00767  3.20923e-03 | 15  0.07437  4.17953e-03
 16  0.02568  3.34292e-03 | 17 -0.04578  1.54758e-03 | 18 -0.00426 -9.21696e-05
 19 -0.01857 -1.15542e-03 | 20  0.04551  2.74025e-03 | 21  0.04116  2.62725e-03
 22 -0.05806  2.17935e-03 | 23 -0.03083  1.93082e-03 | 24 -0.10458  1.18343e-03
 25  0.01467 -3.22820e-03 | 26 -0.00953  1.64314e-03 | 27 -0.00819  1.24634e-03
 28  0.05955 -2.00255e-03 | 29 -0.00144 -3.07126e-03 | 30  0.05912 -6.86612e-03
 31 -0.02151 -9.00651e-04 | 32  0.03701 -5.63943e-03 | 33  0.03006 -2.69840e-03
 34  0.05267 -2.08826e-03 | 35  0.02783 -1.57268e-03 | 36 -0.00807 -1.14279e-03
 37  0.03291 -3.24124e-03 | 38 -0.02059 -2.42213e-03 | 39  0.25003  1.02168e-02
 40  0.25606 -1.05894e-01 | 41  0.27210 -2.23329e-03 | 42  0.21914 -7.79760e-04
 43 -0.36061  1.46346e-03 | 44 -0.01137  2.24053e-05 | 45 -0.03903 -8.96218e-06
 46 -0.71264  9.14784e-06 | 47 -0.69021  4.12221e-02 | 48 -0.72022 -4.56755e-02
 49 -0.57105  5.32894e-04 | 50 -0.47722 -2.27215e-04 | 51 -0.34130 -9.33611e-04
 52 -0.02087 -4.63842e-05 | 53 -0.18060  1.55750e-01 | 54 -0.13896 -1.35156e-01
 55 -0.11102 -3.11106e-03 | 56 -0.13909  1.61147e-01 |
56 variables; iteration 160; function evaluation 185; phase 4
Function value 9.8443093e+01; maximum gradient component mag 5.6616e-02
Var    Value     Gradient |Var    Value     Gradient |Var    Value     Gradient
  1  0.13528 -3.00802e-02 |  2 -0.13778 -8.24762e-06 |  3  0.00445  1.52923e-05
  4 -0.02948 -5.47033e-05 |  5  0.01791 -9.49420e-05 |  6 -0.05317  4.14758e-04
  7 -0.10318  4.02769e-04 |  8 -0.05760  3.24947e-04 |  9 -0.07666  4.12855e-04
 10  0.03406  3.90797e-04 | 11  0.02064  3.48946e-04 | 12  0.06482  2.83338e-04
 13  0.00890  4.81088e-04 | 14 -0.00767  4.98736e-04 | 15  0.07437  6.34279e-04
 16  0.02568  5.62278e-04 | 17 -0.04578  4.11613e-04 | 18 -0.00426  3.51874e-04
 19 -0.01857  2.75387e-04 | 20  0.04551  4.97109e-04 | 21  0.04116  4.56023e-04
 22 -0.05806  2.92537e-04 | 23 -0.03083  2.76583e-04 | 24 -0.10458  1.90687e-04
 25  0.01467 -2.15719e-04 | 26 -0.00953  3.09032e-04 | 27 -0.00819  2.85456e-04
 28  0.05955 -7.59914e-04 | 29 -0.00144 -1.10135e-03 | 30  0.05912 -1.93058e-03
 31 -0.02151 -5.51331e-04 | 32  0.03701 -1.77864e-03 | 33  0.03006 -9.12000e-04
 34  0.05267 -4.92169e-04 | 35  0.02783 -7.44821e-05 | 36 -0.00807  2.42853e-04
 37  0.03291  2.63924e-04 | 38 -0.02059 -8.16511e-04 | 39  0.25003  3.44023e-03
 40  0.25606 -3.33978e-02 | 41  0.27210 -1.69706e-04 | 42  0.21914 -5.15843e-05
 43 -0.36063  7.93905e-05 | 44 -0.01023 -2.24267e-06 | 45 -0.03905 -9.17303e-06
 46 -0.71265  5.39548e-06 | 47 -0.69031  2.57487e-03 | 48 -0.72031 -2.83910e-03
 49 -0.57105  1.32645e-05 | 50 -0.47722 -3.14162e-06 | 51 -0.34122 -3.31511e-04
 52 -0.02233 -1.84718e-05 | 53 -0.19708  5.66158e-02 | 54 -0.13903 -5.65721e-02
 55 -0.09516  8.06940e-03 | 56 -0.12306  5.02768e-02 |
56 variables; iteration 180; function evaluation 206; phase 4
Function value 9.8443093e+01; maximum gradient component mag -3.2550e-04
Var    Value     Gradient |Var    Value     Gradient |Var    Value     Gradient
  1  0.13528 -3.25501e-04 |  2 -0.13778 -2.20446e-07 |  3  0.00445  1.08285e-06
  4 -0.02948 -1.11543e-06 |  5  0.01791 -3.13525e-06 |  6 -0.05317  4.10233e-06
  7 -0.10318  3.84107e-06 |  8 -0.05760  3.90371e-07 |  9 -0.07666  3.88029e-06
 10  0.03406  1.37646e-06 | 11  0.02064 -7.27347e-07 | 12  0.06482 -7.87916e-06
 13  0.00890  3.17933e-06 | 14 -0.00767  6.67243e-06 | 15  0.07437  9.63448e-06
 16  0.02568  7.18665e-06 | 17 -0.04578  1.46431e-06 | 18 -0.00426 -2.95006e-06
 19 -0.01857 -6.27876e-06 | 20  0.04551  5.49526e-06 | 21  0.04116  5.38332e-06
 22 -0.05806  4.87601e-06 | 23 -0.03083  4.25526e-06 | 24 -0.10458  2.05871e-06
 25  0.01467 -1.06882e-05 | 26 -0.00953  2.97005e-06 | 27 -0.00819  2.02876e-06
 28  0.05955 -2.15666e-09 | 29 -0.00144 -5.04343e-07 | 30  0.05912 -6.02704e-06
 31 -0.02151  1.88850e-06 | 32  0.03701 -2.92990e-06 | 33  0.03006 -9.47280e-07
 34  0.05267 -3.13914e-06 | 35  0.02783 -5.02711e-06 | 36 -0.00807 -6.88203e-06
 37  0.03291 -1.60209e-05 | 38 -0.02059 -1.24809e-06 | 39  0.25003  1.97624e-05
 40  0.25606 -5.93307e-05 | 41  0.27210 -6.92440e-06 | 42  0.21914 -2.48589e-06
 43 -0.36065  5.06989e-06 | 44 -0.00945  3.93631e-08 | 45 -0.03721 -1.12215e-07
 46 -0.71271 -2.58489e-07 | 47 -0.69032  1.25948e-04 | 48 -0.72032 -1.39477e-04
 49 -0.57105  1.01753e-06 | 50 -0.47722 -2.32637e-07 | 51 -0.34121 -1.46593e-06
 52 -0.02251 -6.26846e-08 | 53 -0.20009 -6.86956e-06 | 54 -0.13899  7.20869e-05
 55 -0.09221 -8.61444e-05 | 56 -0.12011  7.84948e-05 |

 - final statistics:
56 variables; iteration 181; function evaluation 207
Function value 9.8443e+01; maximum gradient component mag -2.3698e-05
Exit code = 1;  converg criter 1.0000e-04
Var    Value     Gradient |Var    Value     Gradient |Var    Value     Gradient
  1  0.13528 -2.36982e-05 |  2 -0.13778 -4.46290e-08 |  3  0.00445  6.55495e-08
  4 -0.02948 -2.40220e-07 |  5  0.01791 -4.53087e-07 |  6 -0.05317  2.32300e-07
  7 -0.10318  1.95908e-07 |  8 -0.05760 -1.58453e-07 |  9 -0.07666  2.25835e-07
 10  0.03406  1.07759e-07 | 11  0.02064 -7.76325e-08 | 12  0.06482 -4.90404e-07
 13  0.00890  3.50235e-07 | 14 -0.00767  4.32824e-07 | 15  0.07437  6.59270e-07
 16  0.02568  3.73609e-07 | 17 -0.04578 -6.48059e-08 | 18 -0.00426 -1.05851e-07
 19 -0.01857 -4.03422e-07 | 20  0.04551  4.24209e-07 | 21  0.04116  3.71204e-07
 22 -0.05806  2.19770e-07 | 23 -0.03083  1.86557e-07 | 24 -0.10458 -5.69725e-08
 25  0.01467 -1.28771e-06 | 26 -0.00953  3.99418e-07 | 27 -0.00819  4.36541e-07
 28  0.05955  3.48768e-09 | 29 -0.00144  2.56009e-07 | 30  0.05912  1.07384e-07
 31 -0.02151  3.16790e-07 | 32  0.03701  3.62131e-07 | 33  0.03006  2.47106e-07
 34  0.05267 -1.36754e-07 | 35  0.02783 -5.16090e-07 | 36 -0.00807 -9.49520e-07
 37  0.03291 -1.85079e-06 | 38 -0.02059  1.38265e-07 | 39  0.25003  2.95780e-06
 40  0.25606  6.42613e-07 | 41  0.27210 -6.33311e-07 | 42  0.21914 -1.99137e-07
 43 -0.36065  3.47075e-07 | 44 -0.00943 -2.67239e-09 | 45 -0.03720 -2.49414e-08
 46 -0.71271 -1.69154e-08 | 47 -0.69032  1.15750e-05 | 48 -0.72033 -1.27915e-05
 49 -0.57105  6.45860e-08 | 50 -0.47722 -2.23497e-08 | 51 -0.34121 -1.97780e-07
 52 -0.02251 -1.11781e-08 | 53 -0.20008 -9.74701e-06 | 54 -0.13899  7.56939e-06
 55 -0.09221  1.33818e-06 | 56 -0.12011 -1.13869e-05 |
Estimating row 1 out of 56 for hessian
Estimating row 2 out of 56 for hessian
Estimating row 3 out of 56 for hessian
Estimating row 4 out of 56 for hessian
Estimating row 5 out of 56 for hessian
Estimating row 6 out of 56 for hessian
Estimating row 7 out of 56 for hessian
Estimating row 8 out of 56 for hessian
Estimating row 9 out of 56 for hessian
Estimating row 10 out of 56 for hessian
Estimating row 11 out of 56 for hessian
Estimating row 12 out of 56 for hessian
Estimating row 13 out of 56 for hessian
Estimating row 14 out of 56 for hessian
Estimating row 15 out of 56 for hessian
Estimating row 16 out of 56 for hessian
Estimating row 17 out of 56 for hessian
Estimating row 18 out of 56 for hessian
Estimating row 19 out of 56 for hessian
Estimating row 20 out of 56 for hessian
Estimating row 21 out of 56 for hessian
Estimating row 22 out of 56 for hessian
Estimating row 23 out of 56 for hessian
Estimating row 24 out of 56 for hessian
Estimating row 25 out of 56 for hessian
Estimating row 26 out of 56 for hessian
Estimating row 27 out of 56 for hessian
Estimating row 28 out of 56 for hessian
Estimating row 29 out of 56 for hessian
Estimating row 30 out of 56 for hessian
Estimating row 31 out of 56 for hessian
Estimating row 32 out of 56 for hessian
Estimating row 33 out of 56 for hessian
Estimating row 34 out of 56 for hessian
Estimating row 35 out of 56 for hessian
Estimating row 36 out of 56 for hessian
Estimating row 37 out of 56 for hessian
Estimating row 38 out of 56 for hessian
Estimating row 39 out of 56 for hessian
Estimating row 40 out of 56 for hessian
Estimating row 41 out of 56 for hessian
Estimating row 42 out of 56 for hessian
Estimating row 43 out of 56 for hessian
Estimating row 44 out of 56 for hessian
Estimating row 45 out of 56 for hessian
Estimating row 46 out of 56 for hessian
Estimating row 47 out of 56 for hessian
Estimating row 48 out of 56 for hessian
Estimating row 49 out of 56 for hessian
Estimating row 50 out of 56 for hessian
Estimating row 51 out of 56 for hessian
Estimating row 52 out of 56 for hessian
Estimating row 53 out of 56 for hessian
Estimating row 54 out of 56 for hessian
Estimating row 55 out of 56 for hessian
Estimating row 56 out of 56 for hessian
size of file gradfil1.tmp = 0
size of file gradfil2.tmp = 0
size of file varssave.tmp = 0
size of file cmpdiff.tmp = 0
