
Initial statistics: 12 variables; iteration 0; function evaluation 0; phase 1
Function value 5.2503528e+03; maximum gradient component mag 3.4604e+04
Var    Value     Gradient |Var    Value     Gradient |Var    Value     Gradient
  1  0.39650  3.46038e+04 |  2  0.21635  1.46112e+04 |  3  0.00000 -8.11597e+01
  4  0.00000  3.13848e+01 |  5  0.00000 -1.20660e+02 |  6  0.00000  3.69612e+01
  7  0.00000  3.07557e+02 |  8  0.00000 -2.96186e+02 |  9  0.00000  5.27726e+00
 10  0.00000  9.65529e+01 | 11  0.00000 -1.05458e+02 | 12  0.00000  7.37029e+00

Intermediate statistics: 12 variables; iteration 20; function evaluation 35; phase 1
Function value 3.1977642e+02; maximum gradient component mag 6.8208e+01
Var    Value     Gradient |Var    Value     Gradient |Var    Value     Gradient
  1  0.18324 -5.24673e+01 |  2  0.20057  6.82077e+01 |  3  0.65428 -2.42556e-02
  4 -0.34176 -9.80097e-01 |  5  1.89965  1.80218e+01 |  6 -1.58478 -2.00699e+00
  7 -1.49606  7.21019e+00 |  8  0.51979 -1.18803e-01 |  9 -0.60216 -2.70403e-01
 10 -0.28252  1.68961e+01 | 11  0.79596  2.15481e-03 | 12 -9.26636 -1.53870e-01

 - final statistics:
12 variables; iteration 25; function evaluation 40
Function value 3.1816e+02; maximum gradient component mag 8.0682e+00
Exit code = 1;  converg criter 1.0000e+01
Var    Value     Gradient |Var    Value     Gradient |Var    Value     Gradient
  1  0.18364  5.41447e+00 |  2  0.19977  8.06816e+00 |  3  0.84878  6.88829e-03
  4 -0.33561  4.20926e-01 |  5  1.65120  1.19003e+00 |  6 -1.56952  1.73155e-01
  7 -1.49812 -5.10678e-01 |  8  0.58921 -6.51617e-02 |  9 -0.58141  4.49009e-02
 10 -0.28508  3.47927e+00 | 11  0.71089 -6.29237e-03 | 12 -8.86398 -2.89871e-03

Initial statistics: 55 variables; iteration 0; function evaluation 0; phase 2
Function value 3.1815882e+02; maximum gradient component mag 1.9547e+03
Var    Value     Gradient |Var    Value     Gradient |Var    Value     Gradient
  1  0.18364  5.41447e+00 |  2  0.00000  5.67725e+01 |  3  0.00000 -4.23653e+01
  4  0.00000  5.69900e+01 |  5  0.00000 -5.61591e+01 |  6  0.00000 -1.65754e+01
  7  0.00000  5.96193e+01 |  8  0.00000  1.15693e+01 |  9  0.00000  1.64796e+01
 10  0.00000 -6.89063e+01 | 11  0.00000  1.79632e+01 | 12  0.00000 -4.33130e+01
 13  0.00000  1.51242e+01 | 14  0.00000  6.55278e+00 | 15  0.00000 -8.75054e+01
 16  0.00000  2.91544e+01 | 17  0.00000  1.28913e+02 | 18  0.00000  2.61489e+01
 19  0.00000  4.59431e+01 | 20  0.00000 -1.32535e+02 | 21  0.00000 -1.43765e+02
 22  0.00000  7.75454e+01 | 23  0.00000  4.15237e+01 | 24  0.00000  2.27351e+02
 25  0.00000  1.35338e+01 | 26  0.00000  3.01796e+01 | 27  0.00000  3.21454e+01
 28  0.00000 -2.20448e+02 | 29  0.00000  1.22782e+02 | 30  0.00000 -2.99404e+02
 31  0.00000  2.18474e+02 | 32  0.00000 -3.29047e+02 | 33  0.00000  9.03431e+00
 34  0.00000 -2.33535e+02 | 35  0.00000  4.03920e+01 | 36  0.00000  2.32806e+02
 37  0.00000  3.05482e+01 | 38  0.00000  1.41250e+02 | 39  0.21635 -4.45611e+02
 40  0.21635  1.95471e+03 | 41  0.21635 -7.39122e+02 | 42  0.19977  8.06816e+00
 43  0.84878  6.88829e-03 | 44 -0.33561  4.20926e-01 | 45  0.34880 -1.19003e+00
 46 -0.43048 -1.73155e-01 | 47 -0.50188  5.10678e-01 | 48  0.58921 -6.51617e-02
 49 -0.58141  4.49009e-02 | 50 -0.28508  3.47927e+00 | 51  0.71089 -6.29237e-03
 52 -0.86398 -2.89871e-03 | 53 -0.32288  6.69946e+01 | 54  0.21635  2.06612e+00
 55 -0.17585 -6.33298e+02 |

Intermediate statistics: 55 variables; iteration 20; function evaluation 35; phase 2
Function value 1.9203443e+02; maximum gradient component mag -1.0457e+03
Var    Value     Gradient |Var    Value     Gradient |Var    Value     Gradient
  1  0.15483 -9.83731e+02 |  2 -0.13692 -8.94619e+00 |  3  0.00402 -1.76990e+01
  4 -0.03833 -8.59965e+00 |  5  0.01869 -1.39822e+01 |  6 -0.01300  2.35305e+01
  7 -0.05769  2.42489e+01 |  8 -0.02938  1.94724e+01 |  9 -0.01814  2.16226e+01
 10  0.03797 -1.16233e+00 | 11  0.00072 -1.69724e+01 | 12  0.02983 -4.28424e+01
 13  0.00078 -1.83777e+01 | 14  0.00445  1.08749e+01 | 15  0.04800 -4.63057e+01
 16 -0.00409 -3.23737e+01 | 17 -0.04968  2.97062e+01 | 18 -0.00149  3.99107e+01
 19 -0.01666  4.91142e+01 | 20  0.07295  2.83880e+01 | 21  0.06526  3.60866e+01
 22 -0.02642  5.21152e+01 | 23 -0.01135  4.22609e+01 | 24 -0.08821  5.79098e+01
 25 -0.01711  3.00257e+01 | 26 -0.01309  8.71179e+00 | 27 -0.00954 -5.12319e+01
 28  0.02016 -2.42786e+02 | 29  0.00056  1.11912e+02 | 30  0.04755 -1.45553e+01
 31 -0.00556  1.91033e+02 | 32  0.03454 -1.09062e+02 | 33  0.01486  5.15310e+01
 34  0.02549 -1.45375e+02 | 35 -0.00384 -1.01080e+02 | 36 -0.02986  4.03571e+00
 37 -0.00412 -6.02928e+01 | 38 -0.00007  1.93282e+02 | 39  0.23046 -1.04565e+03
 40  0.22741  7.07635e+02 | 41  0.25521  3.09456e+02 | 42  0.24138  8.06023e+02
 43  0.84870  1.28330e-02 | 44 -0.35690 -1.14271e+01 | 45  0.36515 -5.27224e-01
 46 -0.44614 -6.88280e+00 | 47 -0.51464  9.99271e+01 | 48  0.59013 -6.46842e-02
 49 -0.58413 -1.39736e+00 | 50 -0.28758  1.90179e+02 | 51  0.71097 -2.59972e-02
 52 -0.86379 -6.36410e-02 | 53 -0.34963  9.30627e+01 | 54  0.19758  4.92360e+00
 55 -0.07663 -6.83978e+02 |
55 variables; iteration 40; function evaluation 63; phase 2
Function value 1.5270853e+02; maximum gradient component mag -1.2139e+03
Var    Value     Gradient |Var    Value     Gradient |Var    Value     Gradient
  1  0.14647 -1.21393e+03 |  2 -0.13031 -6.76520e+00 |  3  0.02375  1.91861e+01
  4 -0.02207  1.07409e+01 |  5  0.02568  3.96715e+00 |  6 -0.01827  2.25169e+01
  7 -0.05832  4.54934e+01 |  8 -0.05201  3.58232e+00 |  9 -0.04514  7.38135e+00
 10  0.04489  1.28908e+01 | 11  0.02357  1.43929e+01 | 12  0.04555 -2.03699e+01
 13  0.00030 -1.29995e+01 | 14  0.00274  1.92478e+01 | 15  0.06659  1.35625e+00
 16  0.00938 -8.15764e+00 | 17 -0.05789  9.14873e-01 | 18  0.01122  5.69501e+01
 19 -0.02766  1.10776e+01 | 20  0.07829  4.16899e+01 | 21  0.07384  6.09197e+01
 22 -0.04886 -1.04755e-01 | 23 -0.00479  5.17578e+01 | 24 -0.12213 -1.89901e+01
 25 -0.00708  3.67871e+01 | 26 -0.01543  1.41292e+01 | 27 -0.00445 -7.18769e+00
 28  0.04507 -5.61301e+01 | 29 -0.00379  1.86658e+01 | 30  0.05133 -3.50439e+01
 31 -0.03416 -1.44562e+01 | 32  0.04938 -3.66259e-01 | 33  0.01067 -9.91991e+00
 34  0.04724 -3.74555e+01 | 35  0.01253 -4.70103e+01 | 36 -0.02477 -6.70183e+01
 37  0.00520 -1.09257e+02 | 38 -0.05291  4.39128e+01 | 39  0.23579 -3.54915e+02
 40  0.22961  7.75121e+00 | 41  0.25923 -6.43147e+01 | 42  0.24533 -3.41781e+02
 43  0.84219  1.26477e-02 | 44 -0.24036  3.78293e+00 | 45  1.18043 -2.62584e-03
 46 -1.11053  2.36240e+00 | 47 -0.55395  1.25152e+01 | 48  0.63802 -2.15122e-02
 49 -0.49552 -6.29448e-01 | 50 -0.33195  5.58945e+01 | 51  0.71424 -3.78820e-03
 52 -0.84820 -5.59254e-02 | 53 -0.32634  2.86236e+01 | 54 -0.83758  7.21982e-01
 55 -0.03076 -9.47626e+01 |
55 variables; iteration 60; function evaluation 91; phase 2
Function value 1.4134759e+02; maximum gradient component mag 2.7730e+02
Var    Value     Gradient |Var    Value     Gradient |Var    Value     Gradient
  1  0.14129  2.77300e+02 |  2 -0.12113 -3.82257e-01 |  3  0.00899  7.21378e-02
  4 -0.03204 -1.56168e+00 |  5  0.01722  1.04327e+00 |  6 -0.04247 -4.58409e+00
  7 -0.09259 -4.35394e+00 |  8 -0.05383 -4.34941e+00 |  9 -0.05304 -4.68139e+00
 10  0.04261 -6.36955e+00 | 11  0.02412 -2.84032e+00 | 12  0.06143 -1.11970e+00
 13  0.00873 -3.40067e+00 | 14 -0.00137 -5.35813e+00 | 15  0.07117 -1.72768e+00
 16  0.01986 -1.64044e+00 | 17 -0.04847 -1.88163e+00 | 18  0.00124 -4.74484e+00
 19 -0.02390 -3.22522e+00 | 20  0.06773 -5.13013e+00 | 21  0.05843 -4.18322e+00
 22 -0.04524 -2.48168e+00 | 23 -0.01616 -5.10351e+00 | 24 -0.10200 -2.54196e+00
 25 -0.00871 -1.65661e+00 | 26 -0.01465 -1.14065e-01 | 27 -0.00218  2.35649e+00
 28  0.04971  1.00280e+01 | 29 -0.00403 -3.28097e-02 | 30  0.05370  5.18072e+00
 31 -0.02754 -2.53066e+00 | 32  0.03985  1.70661e+00 | 33  0.00907 -2.92986e-01
 34  0.04840  9.06014e+00 | 35  0.01766  1.45325e+01 | 36 -0.01411  2.01072e+01
 37  0.02000  1.28756e+01 | 38 -0.04387 -4.25025e+00 | 39  0.24170  1.14717e+01
 40  0.23469 -1.01182e+01 | 41  0.26582 -7.61383e-01 | 42  0.26139  8.55927e+00
 43  0.74811  1.32816e-02 | 44 -0.21791  4.40135e-01 | 45  1.36273  2.47979e-02
 46 -1.69376  8.30602e-01 | 47 -0.57560  3.44219e+00 | 48  0.75832 -3.93258e-03
 49 -0.40246  4.81247e-01 | 50 -0.36249 -3.49632e+00 | 51  0.68063  6.14162e-03
 52 -0.72024  9.11004e-04 | 53 -0.32445  7.26104e-01 | 54 -0.86030  1.83793e-03
 55  0.00807  1.62394e+01 |

 - final statistics:
55 variables; iteration 63; function evaluation 94
Function value 1.4130e+02; maximum gradient component mag -6.5065e+00
Exit code = 1;  converg criter 1.0000e+01
Var    Value     Gradient |Var    Value     Gradient |Var    Value     Gradient
  1  0.14127 -6.50647e+00 |  2 -0.12019  7.73694e-03 |  3  0.00898 -1.48147e-01
  4 -0.03109  3.36805e-01 |  5  0.01703  1.32379e-01 |  6 -0.04186  4.74831e-02
  7 -0.09168  2.64580e-01 |  8 -0.05282  2.09097e-01 |  9 -0.05097  1.04918e-01
 10  0.04467  3.00424e-02 | 11  0.02428  5.70378e-01 | 12  0.06051  9.30286e-02
 13  0.00881  1.98516e-01 | 14 -0.00039  1.16533e-01 | 15  0.07060  6.39655e-02
 16  0.01946  1.57902e-01 | 17 -0.04918  6.14093e-02 | 18  0.00148  3.63933e-01
 19 -0.02436  6.07742e-02 | 20  0.06766  4.05071e-02 | 21  0.05820  4.77704e-01
 22 -0.04615  2.89678e-01 | 23 -0.01593 -6.51026e-02 | 24 -0.10262 -7.21197e-02
 25 -0.00853  2.73673e-01 | 26 -0.01483  1.47218e-01 | 27 -0.00247  4.50551e-01
 28  0.04928 -1.04477e+00 | 29 -0.00408 -5.17637e-01 | 30  0.05315 -1.69443e+00
 31 -0.02774 -3.19742e-01 | 32  0.03948 -7.91555e-01 | 33  0.00893  1.20546e-01
 34  0.04803  9.83873e-02 | 35  0.01729  3.13467e-01 | 36 -0.01471  4.34341e-01
 37  0.02022  8.47951e-02 | 38 -0.04408  4.55539e-02 | 39  0.24165 -4.12213e+00
 40  0.23491  2.93483e+00 | 41  0.26605  8.68866e-01 | 42  0.26144  3.27698e+00
 43  0.70519  1.45877e-02 | 44 -0.21912  1.03725e-01 | 45  1.30194  1.17906e-02
 46 -1.70415  1.39680e-01 | 47 -0.57572 -7.14242e-01 | 48  0.77409 -2.52044e-03
 49 -0.40397  2.54113e-01 | 50 -0.36216 -5.40771e-01 | 51  0.66284  5.33877e-03
 52 -0.71825 -1.15811e-03 | 53 -0.32622  1.58976e+00 | 54 -0.86552  2.00336e-02
 55  0.00735 -5.79084e-01 |

Initial statistics: 58 variables; iteration 0; function evaluation 0; phase 3
Function value 1.4129908e+02; maximum gradient component mag -9.8418e+02
Var    Value     Gradient |Var    Value     Gradient |Var    Value     Gradient
  1  0.14127 -6.50647e+00 |  2 -0.12019  7.73694e-03 |  3  0.00898 -1.48147e-01
  4 -0.03109  3.36805e-01 |  5  0.01703  1.32379e-01 |  6 -0.04186  2.90062e-02
  7 -0.09168  2.46254e-01 |  8 -0.05282  1.90644e-01 |  9 -0.05097  8.64606e-02
 10  0.04467  1.15711e-02 | 11  0.02428  5.51875e-01 | 12  0.06050  7.45952e-02
 13  0.00881  1.80001e-01 | 14 -0.00040  9.80159e-02 | 15  0.07060  4.55623e-02
 16  0.01946  1.39394e-01 | 17 -0.04918  4.29476e-02 | 18  0.00147  3.45417e-01
 19 -0.02436  4.22708e-02 | 20  0.06766  2.20947e-02 | 21  0.05819  4.59265e-01
 22 -0.04615  2.71209e-01 | 23 -0.01593 -8.36137e-02 | 24 -0.10262 -9.03966e-02
 25 -0.00853  2.55158e-01 | 26 -0.01483  1.28706e-01 | 27 -0.00247  4.32034e-01
 28  0.04928 -1.06323e+00 | 29 -0.00408 -5.36154e-01 | 30  0.05315 -1.71288e+00
 31 -0.02774 -3.38241e-01 | 32  0.03948 -8.10036e-01 | 33  0.00893  1.02031e-01
 34  0.04803  7.99230e-02 | 35  0.01729  2.94957e-01 | 36 -0.01471  4.15829e-01
 37  0.02022  6.62875e-02 | 38 -0.04409  2.70813e-02 | 39  0.24165 -4.12213e+00
 40  0.23491  2.93483e+00 | 41  0.26605  8.68866e-01 | 42  0.26144  3.27698e+00
 43  0.70519  1.45877e-02 | 44 -0.21912  1.03725e-01 | 45  0.69806 -1.17906e-02
 46 -0.29585 -1.39680e-01 | 47 -0.57572 -7.14242e-01 | 48  0.77409 -2.52044e-03
 49 -0.40397  2.54113e-01 | 50 -0.36216 -5.40771e-01 | 51  0.66284  5.33877e-03
 52 -0.71825 -1.15811e-03 | 53 -0.32622  1.58976e+00 | 54 -0.86552  2.00336e-02
 55 -0.17585 -9.84180e+02 | 56 -0.12819 -3.69897e+02 | 57  0.00735 -5.79084e-01
 58  0.05795  2.42146e+01 |

Intermediate statistics: 58 variables; iteration 20; function evaluation 31; phase 3
Function value 1.1264397e+02; maximum gradient component mag 1.3508e+03
Var    Value     Gradient |Var    Value     Gradient |Var    Value     Gradient
  1  0.13846  1.35075e+03 |  2 -0.11980  7.41785e-01 |  3  0.00682 -4.48918e+00
  4 -0.03041 -2.37979e+00 |  5  0.01903  4.24758e+00 |  6 -0.04878 -2.48799e+01
  7 -0.09960 -2.12166e+01 |  8 -0.05832 -2.16126e+01 |  9 -0.06334 -1.76591e+01
 10  0.04264 -1.64312e+01 | 11  0.02450 -1.61380e+01 | 12  0.06551 -1.03216e+01
 13  0.00759 -1.51620e+01 | 14 -0.01014 -2.83539e+01 | 15  0.07470 -1.78885e+01
 16  0.02265 -2.65343e+01 | 17 -0.05159 -3.25001e+01 | 18 -0.00797 -4.90625e+01
 19 -0.02422 -4.73721e+01 | 20  0.04827 -4.70721e+01 | 21  0.04167 -4.76668e+01
 22 -0.05730 -2.32579e+01 | 23 -0.03146 -1.72527e+01 | 24 -0.10832 -2.07133e-01
 25  0.01170  8.17508e+01 | 26 -0.01529  7.65426e+00 | 27 -0.01001  7.23721e+00
 28  0.05638  6.94446e+01 | 29 -0.00061  6.84526e-02 | 30  0.05794  6.66748e+00
 31 -0.02681 -1.43659e+01 | 32  0.04702 -2.03298e+00 | 33  0.01634  8.33879e+00
 34  0.05157  3.65518e+01 | 35  0.02305  5.85539e+01 | 36 -0.00784  9.39567e+01
 37  0.02596  1.66044e+02 | 38  0.00506  2.11037e+01 | 39  0.24772  5.83483e+01
 40  0.25084 -7.36227e+01 | 41  0.26955  6.98794e+00 | 42  0.26268  2.00807e+02
 43  0.70503  1.81390e-02 | 44 -0.19369 -6.58726e-01 | 45  0.69814 -1.01951e-02
 46 -0.26782  6.83732e-02 | 47 -0.58939  1.47591e+01 | 48  0.77413  4.22256e-03
 49 -0.39228  3.45914e-01 | 50 -0.38028 -2.60591e+01 | 51  0.66277  1.33267e-02
 52 -0.71797 -2.91272e-02 | 53 -0.30740 -1.29358e+01 | 54 -0.86501 -1.73666e-01
 55 -0.13307 -2.50968e+02 | 56 -0.11304 -7.44648e+00 | 57 -0.00743 -4.92288e+01
 58  0.03796  2.23493e+01 |
58 variables; iteration 40; function evaluation 54; phase 3
Function value 1.1181894e+02; maximum gradient component mag 9.0293e+02
Var    Value     Gradient |Var    Value     Gradient |Var    Value     Gradient
  1  0.13794  9.02929e+02 |  2 -0.11675  2.85970e+00 |  3  0.00734 -2.65697e+00
  4 -0.02781  4.24399e+00 |  5  0.01879  6.87497e+00 |  6 -0.04977 -2.06395e+01
  7 -0.10402 -2.45178e+01 |  8 -0.05645 -1.40416e+01 |  9 -0.06278 -1.10882e+01
 10  0.04047 -1.33466e+01 | 11  0.02104 -1.67879e+01 | 12  0.06595 -6.27048e+00
 13  0.00937 -9.76750e+00 | 14 -0.00693 -2.08708e+01 | 15  0.07357 -1.95882e+01
 16  0.02198 -3.01844e+01 | 17 -0.05099 -3.22070e+01 | 18 -0.00788 -4.89509e+01
 19 -0.02383 -4.61827e+01 | 20  0.04808 -3.84139e+01 | 21  0.04191 -3.99469e+01
 22 -0.05627 -1.88102e+01 | 23 -0.03189 -2.31470e+01 | 24 -0.10980 -1.22820e+01
 25  0.01045  3.47792e+01 | 26 -0.01507  1.31681e+00 | 27 -0.00932  1.20595e+01
 28  0.05703  6.43481e+01 | 29  0.00032  6.49188e+00 | 30  0.05809  2.70742e+00
 31 -0.02677 -1.06273e+01 | 32  0.04764  2.34253e+00 | 33  0.01708  1.07872e+01
 34  0.05105  2.26592e+01 | 35  0.02285  4.28734e+01 | 36 -0.00724  8.08851e+01
 37  0.02598  1.23217e+02 | 38  0.00446  1.82985e+01 | 39  0.24788  8.14885e+01
 40  0.25203 -4.35312e+01 | 41  0.26993 -2.05905e+01 | 42  0.26417  1.29768e+02
 43  0.70122  1.87862e-02 | 44 -0.16467  2.44098e-01 | 45  0.69994 -8.93220e-03
 46 -0.21679  1.62038e+00 | 47 -0.58559  1.94514e+01 | 48  0.77516  6.55861e-04
 49 -0.26619  3.86127e+00 | 50 -0.37953 -1.65852e+01 | 51  0.66103  1.18119e-02
 52 -0.70586 -6.15395e-02 | 53 -0.30887 -1.81001e+01 | 54 -0.86260 -2.54027e-01
 55 -0.13077 -2.08980e+02 | 56 -0.11247 -2.52400e+01 | 57  0.00408 -3.54543e+01
 58  0.04637  1.88613e+01 |
58 variables; iteration 60; function evaluation 82; phase 3
Function value 1.0796669e+02; maximum gradient component mag -2.1051e+01
Var    Value     Gradient |Var    Value     Gradient |Var    Value     Gradient
  1  0.13958  1.59398e+01 |  2 -0.12024  1.66201e-01 |  3  0.00995  6.07026e-01
  4 -0.02941  5.83023e-01 |  5  0.01803 -2.13964e-02 |  6 -0.04264 -5.76698e-01
  7 -0.09223  7.27339e-01 |  8 -0.05259  1.14412e+00 |  9 -0.05344 -4.78400e-01
 10  0.04433 -7.72591e-01 | 11  0.02541  9.01457e-01 | 12  0.06235 -1.77395e-01
 13  0.00764 -2.17258e+00 | 14 -0.00210  3.76072e-01 | 15  0.07069 -2.37365e+00
 16  0.02080  2.05088e-01 | 17 -0.05134 -1.54319e-01 | 18 -0.00673  3.74499e-01
 19 -0.02286  2.18107e+00 | 20  0.05236 -7.01241e-01 | 21  0.04686 -1.43947e+00
 22 -0.05558 -2.32290e+00 | 23 -0.02956 -3.58914e+00 | 24 -0.11040 -6.03115e+00
 25  0.00367 -1.38359e+01 | 26 -0.01671 -3.29855e+00 | 27 -0.00961 -1.12410e+00
 28  0.05211  7.73538e-01 | 29 -0.00275  2.46168e-01 | 30  0.05600  1.17086e+00
 31 -0.02844  8.57399e-01 | 32  0.04630  1.32018e+00 | 33  0.01439  6.30643e-01
 34  0.04888  1.29085e+00 | 35  0.02059  3.68084e+00 | 36 -0.01101  6.11633e+00
 37  0.02120  2.57758e+00 | 38 -0.00658 -1.11289e+00 | 39  0.24520 -2.10515e+01
 40  0.25423  3.81631e+00 | 41  0.26897  6.02997e+00 | 42  0.26087  1.44084e-01
 43  0.39424  1.69985e-01 | 44 -0.19621  1.59300e-01 | 45  0.76514 -1.56032e-03
 46 -0.27451 -5.20770e-01 | 47 -0.58044 -2.07962e-01 | 48  0.80624 -2.90244e-04
 49 -0.38285 -9.80404e-02 | 50 -0.37036  3.68146e-01 | 51  0.58170  7.17608e-03
 52 -0.70457 -1.27668e-02 | 53 -0.31549  3.36693e+00 | 54 -0.81105  6.38923e-02
 55 -0.10358 -2.85414e+00 | 56 -0.08654  2.52986e+00 | 57 -0.00691  1.20945e+00
 58  0.03903 -2.49568e+00 |
Maximum number of function evaluations exceeded

 - final statistics:
58 variables; iteration 65; function evaluation 100
Function value 1.0688e+02; maximum gradient component mag 1.5263e+02
Exit code = 3;  converg criter 1.0000e+00
Var    Value     Gradient |Var    Value     Gradient |Var    Value     Gradient
  1  0.13836  1.52634e+02 |  2 -0.12565  2.49690e-01 |  3  0.00803  3.28242e-01
  4 -0.03032  1.52747e+00 |  5  0.01774  3.17463e+00 |  6 -0.04720 -3.61828e-01
  7 -0.09801 -1.77247e+00 |  8 -0.05702 -6.45392e-01 |  9 -0.06278 -2.63933e+00
 10  0.04051 -1.99216e+00 | 11  0.02292 -3.16100e+00 | 12  0.06286 -1.34835e+00
 13  0.00888  1.55406e+00 | 14 -0.00500 -3.04208e+00 | 15  0.07272  1.31515e+00
 16  0.02176 -2.04197e-01 | 17 -0.04991 -1.77436e+00 | 18 -0.00536 -1.43973e+00
 19 -0.02301 -4.82561e+00 | 20  0.05174 -1.69261e-01 | 21  0.04596  1.30268e+00
 22 -0.05490  4.22957e-01 | 23 -0.03026  2.92291e+00 | 24 -0.10637  4.84162e+00
 25  0.00685  1.63826e+01 | 26 -0.01531  2.40151e+00 | 27 -0.00835 -2.86494e+00
 28  0.05447 -6.69141e+00 | 29 -0.00146 -2.47183e+00 | 30  0.05684 -1.12068e+00
 31 -0.02809 -2.65587e+00 | 32  0.04609 -2.32097e+00 | 33  0.01495 -1.84716e+00
 34  0.04982  2.49068e-01 | 35  0.02235  1.35361e+00 | 36 -0.00810  2.01819e+00
 37  0.02364  1.21882e-01 | 38 -0.00212 -1.57198e+00 | 39  0.24667  4.50951e+01
 40  0.25539  4.31241e+00 | 41  0.26970 -6.13825e+00 | 42  0.26381 -2.76604e+00
 43 -0.06897 -2.06024e-01 | 44 -0.21620  3.44158e-01 | 45  0.77703  4.18827e-04
 46 -0.23727  7.45184e-01 | 47 -0.58268  2.23342e+00 | 48  0.81015 -5.90449e-04
 49 -0.34501  2.70381e-01 | 50 -0.37488 -7.49324e-01 | 51  0.50350  1.60893e-02
 52 -0.66771  1.86017e-02 | 53 -0.31185 -8.69492e+00 | 54 -0.87944 -1.29437e-01
 55 -0.10254  6.82245e+00 | 56 -0.08685 -4.79352e+00 | 57  0.00753 -7.46337e-01
 58  0.04841  1.45267e+00 |

Initial statistics: 60 variables; iteration 0; function evaluation 0; phase 4
Function value 1.0688391e+02; maximum gradient component mag 1.5263e+02
Var    Value     Gradient |Var    Value     Gradient |Var    Value     Gradient
  1  0.13836  1.52634e+02 |  2 -0.12565  2.49690e-01 |  3  0.00803  3.28242e-01
  4 -0.03032  1.52747e+00 |  5  0.01774  3.17463e+00 |  6 -0.04719 -5.83064e-02
  7 -0.09800 -1.47172e+00 |  8 -0.05701 -3.42255e-01 |  9 -0.06277 -2.33645e+00
 10  0.04052 -1.68842e+00 | 11  0.02292 -2.85683e+00 | 12  0.06287 -1.04547e+00
 13  0.00889  1.85839e+00 | 14 -0.00499 -2.73773e+00 | 15  0.07273  1.61753e+00
 16  0.02177  9.99830e-02 | 17 -0.04990 -1.47094e+00 | 18 -0.00535 -1.13539e+00
 19 -0.02300 -4.52145e+00 | 20  0.05175  1.34093e-01 | 21  0.04596  1.60624e+00
 22 -0.05489  7.26184e-01 | 23 -0.03025  3.22693e+00 | 24 -0.10636  5.14175e+00
 25  0.00686  1.66869e+01 | 26 -0.01530  2.70578e+00 | 27 -0.00834 -2.56061e+00
 28  0.05448 -6.38816e+00 | 29 -0.00145 -2.16748e+00 | 30  0.05685 -8.17534e-01
 31 -0.02808 -2.35181e+00 | 32  0.04610 -2.01740e+00 | 33  0.01496 -1.54288e+00
 34  0.04983  5.52493e-01 | 35  0.02236  1.65778e+00 | 36 -0.00810  2.32252e+00
 37  0.02364  4.26030e-01 | 38 -0.00211 -1.26762e+00 | 39  0.24667  4.50951e+01
 40  0.25539  4.31241e+00 | 41  0.26970 -6.13825e+00 | 42  0.26381 -2.76604e+00
 43 -0.06897 -2.06024e-01 | 44 -0.21620  3.44158e-01 | 45  0.77703  4.18827e-04
 46 -0.23727  7.45184e-01 | 47 -0.58268  2.23342e+00 | 48  0.81015 -5.90449e-04
 49 -0.34501  2.70381e-01 | 50 -0.37488 -7.49324e-01 | 51  0.50350  1.60893e-02
 52 -0.66771  1.86017e-02 | 53 -0.31185 -8.69492e+00 | 54 -0.87944 -1.29437e-01
 55 -0.10254  6.82245e+00 | 56 -0.08685 -4.79352e+00 | 57  0.00753 -7.46337e-01
 58  0.04841  1.45267e+00 | 59  0.12819  5.86123e+01 | 60 -0.12819 -5.55337e+01

Intermediate statistics: 60 variables; iteration 20; function evaluation 30; phase 4
Function value 1.0413618e+02; maximum gradient component mag -3.1696e+02
Var    Value     Gradient |Var    Value     Gradient |Var    Value     Gradient
  1  0.13825 -3.16956e+02 |  2 -0.12544  5.91250e-01 |  3  0.00871  3.39373e+00
  4 -0.02934  5.42458e+00 |  5  0.01918  1.08024e+01 |  6 -0.04680  7.56041e+00
  7 -0.09779  5.94275e+00 |  8 -0.05737  6.68814e+00 |  9 -0.06311  4.61842e+00
 10  0.04059  5.63999e+00 | 11  0.02324  4.78471e+00 | 12  0.06321  6.47198e+00
 13  0.00831  8.37414e+00 | 14 -0.00560  4.21089e+00 | 15  0.07275  6.72322e+00
 16  0.02213  5.40595e+00 | 17 -0.05063  3.00220e+00 | 18 -0.00702 -4.37511e-01
 19 -0.02211  1.94127e+00 | 20  0.04974 -2.06991e+00 | 21  0.04438 -1.55503e+00
 22 -0.05634 -1.86221e-01 | 23 -0.03221 -1.16048e+01 | 24 -0.10714 -1.09036e+01
 25  0.00696 -4.36261e+01 | 26 -0.01566  7.22350e+00 | 27 -0.00929  1.80887e+01
 28  0.05587  5.06813e+01 | 29 -0.00045  1.61278e+01 | 30  0.05785  1.60217e+01
 31 -0.02657  1.34958e+01 | 32  0.04739  1.70004e+00 | 33  0.01628  3.40555e+00
 34  0.05043 -7.71067e-01 | 35  0.02241 -2.07367e+01 | 36 -0.00827 -4.67316e+01
 37  0.02312 -6.60270e+01 | 38  0.00111  6.25753e+00 | 39  0.24842  2.32394e+01
 40  0.25324 -1.29295e+02 | 41  0.27018  2.28753e+01 | 42  0.26404  9.51636e+01
 43 -0.07036 -3.71935e-02 | 44 -0.21624  1.89781e-02 | 45  0.77703  5.47041e-04
 46 -0.23801 -2.07889e-01 | 47 -0.58373 -1.10943e+01 | 48  0.81015 -2.65711e-03
 49 -0.34509 -5.48458e-01 | 50 -0.37605 -4.24156e+00 | 51  0.50343  1.97161e-02
 52 -0.66777  1.33414e-02 | 53 -0.30422 -2.57144e+00 | 54 -0.87934 -4.07766e-02
 55 -0.11710  1.32001e+01 | 56 -0.08865 -9.53923e+00 | 57  0.00566 -2.88618e+01
 58  0.04812  2.11499e+01 | 59  0.08776  2.60992e+01 | 60 -0.09499 -2.00210e+01
60 variables; iteration 40; function evaluation 52; phase 4
Function value 1.0336586e+02; maximum gradient component mag -1.1030e+02
Var    Value     Gradient |Var    Value     Gradient |Var    Value     Gradient
  1  0.13810 -1.10295e+02 |  2 -0.12576  3.94002e-01 |  3  0.00962  4.57587e+00
  4 -0.03011  2.02563e+00 |  5  0.01724  1.95227e+00 |  6 -0.04914  9.37960e-01
  7 -0.09922  2.27056e+00 |  8 -0.05715  4.72202e+00 |  9 -0.06503 -1.19465e-01
 10  0.04180  3.39940e+00 | 11  0.02607  5.01831e+00 | 12  0.06190 -3.13772e+00
 13  0.00757  5.06872e-01 | 14 -0.00276  6.11683e+00 | 15  0.07305  5.27325e+00
 16  0.02193  2.31219e+00 | 17 -0.05088 -7.55019e-01 | 18 -0.00743 -3.50362e+00
 19 -0.02201 -3.23704e+00 | 20  0.04774 -7.37011e+00 | 21  0.04391 -1.25579e+00
 22 -0.05677  4.54804e-01 | 23 -0.03214  1.63156e-01 | 24 -0.10794  2.43134e-01
 25  0.00919  7.34724e+00 | 26 -0.01751 -7.54473e+00 | 27 -0.00960 -3.42571e+00
 28  0.05604  3.13537e+00 | 29 -0.00028  7.76779e-01 | 30  0.05789  1.09079e-01
 31 -0.02651  4.76181e+00 | 32  0.04742 -5.61326e+00 | 33  0.01651 -4.52167e-01
 34  0.05043  3.97391e-01 | 35  0.02289 -1.86608e+00 | 36 -0.00750 -7.08218e+00
 37  0.02395 -9.50152e+00 | 38  0.00283  3.70619e+00 | 39  0.24803  1.78298e+01
 40  0.25367 -7.95324e+01 | 41  0.26999 -7.46715e-01 | 42  0.26352  2.08698e+01
 43 -0.07529 -8.56988e-01 | 44 -0.20951  8.45508e-01 | 45  0.77694  7.14529e-04
 46 -0.23738  8.41934e-02 | 47 -0.58507 -3.99350e+00 | 48  0.81106 -7.12559e-04
 49 -0.35756 -4.03911e-01 | 50 -0.37641 -2.81468e-01 | 51  0.48777  1.95582e-02
 52 -0.68081 -1.33671e-02 | 53 -0.30646 -2.76475e+00 | 54 -0.87331 -4.60331e-02
 55 -0.08798  1.04148e+01 | 56 -0.08940  9.80269e+00 | 57  0.00549 -1.00689e+01
 58  0.04703  8.09313e+00 | 59 -0.01512  3.94418e+00 | 60 -0.15411  8.09279e-01
60 variables; iteration 60; function evaluation 79; phase 4
Function value 1.0310910e+02; maximum gradient component mag 1.9225e+01
Var    Value     Gradient |Var    Value     Gradient |Var    Value     Gradient
  1  0.13802  1.94448e+00 |  2 -0.12573  1.58548e-01 |  3  0.00815 -6.05988e-01
  4 -0.03019  1.46827e-02 |  5  0.01769  1.22526e-01 |  6 -0.04865 -3.79924e-01
  7 -0.09937 -4.41854e-01 |  8 -0.05848 -8.87259e-01 |  9 -0.06480  3.40669e-01
 10  0.03993 -3.56233e-01 | 11  0.02374  1.53468e-01 | 12  0.06399  1.45698e+00
 13  0.00755 -6.18217e-01 | 14 -0.00502 -3.20701e-01 | 15  0.07248 -5.98216e-01
 16  0.02207 -5.52142e-01 | 17 -0.05026 -4.54725e-02 | 18 -0.00733 -2.00757e-01
 19 -0.02138  3.40456e-01 | 20  0.04914  7.82770e-01 | 21  0.04393  9.51608e-03
 22 -0.05654 -3.99280e-01 | 23 -0.03219 -4.26260e-01 | 24 -0.10747 -2.73633e-01
 25  0.00877  9.07278e-01 | 26 -0.01533  5.44669e-01 | 27 -0.00965 -8.19894e-01
 28  0.05569 -2.60913e+00 | 29  0.00012  1.76796e-01 | 30  0.05827  1.40063e-01
 31 -0.02711 -1.35196e+00 | 32  0.04867  1.10623e+00 | 33  0.01701  2.35973e-01
 34  0.05047 -5.79905e-02 | 35  0.02297  1.14072e+00 | 36 -0.00743  2.21876e+00
 37  0.02429  3.10187e+00 | 38  0.00130 -5.76540e-01 | 39  0.24787  1.92245e+01
 40  0.25359 -8.18489e+00 | 41  0.27001 -7.04511e-01 | 42  0.26338 -7.51616e+00
 43 -0.07287  1.72138e-01 | 44 -0.21562 -1.00686e-01 | 45  0.77409  4.30543e-04
 46 -0.23755 -6.04658e-02 | 47 -0.58397  8.60744e-01 | 48  0.81426 -2.29150e-04
 49 -0.33850  9.37837e-02 | 50 -0.37652  1.50218e+00 | 51  0.32388  7.51339e-02
 52 -0.67228  1.39997e-03 | 53 -0.30710 -3.61566e+00 | 54 -0.86789 -5.76698e-02
 55 -0.10984  1.77188e+00 | 56 -0.10455  3.02360e+00 | 57  0.00683  2.25281e+00
 58  0.04811 -1.38632e+00 | 59 -0.02081  4.30020e-01 | 60 -0.13541  3.78029e-01
60 variables; iteration 80; function evaluation 110; phase 4
Function value 1.0252016e+02; maximum gradient component mag 1.7305e+01
Var    Value     Gradient |Var    Value     Gradient |Var    Value     Gradient
  1  0.13747  1.73053e+01 |  2 -0.12859  1.03750e-01 |  3  0.00816  1.19924e+00
  4 -0.02982  1.67101e+00 |  5  0.01861  3.63133e+00 |  6 -0.04890  1.81480e+00
  7 -0.09880  2.40163e+00 |  8 -0.05666  4.81751e+00 |  9 -0.06523 -2.17202e-01
 10  0.03981  1.94838e-01 | 11  0.02411  3.29205e-01 | 12  0.06439  6.40725e-01
 13  0.00762  2.28419e-01 | 14 -0.00566 -1.02599e-01 | 15  0.07259 -3.00472e-01
 16  0.02262 -4.59548e-01 | 17 -0.04984 -4.17939e-01 | 18 -0.00720 -7.20448e-01
 19 -0.02140 -6.45787e-01 | 20  0.04760 -7.47775e-01 | 21  0.04276 -3.21216e-01
 22 -0.05733 -1.08292e-01 | 23 -0.03235  2.69216e-02 | 24 -0.10702 -3.57834e-01
 25  0.01073 -6.93173e-01 | 26 -0.01535 -1.10444e+00 | 27 -0.01001 -1.24184e+00
 28  0.05418 -2.43182e+00 | 29  0.00046 -5.17451e-01 | 30  0.05807 -5.27280e-01
 31 -0.02693  1.11775e-01 | 32  0.04660 -5.71773e-01 | 33  0.01581 -6.07352e-02
 34  0.04983  2.23684e-01 | 35  0.02218  1.02497e+00 | 36 -0.01019  2.14452e+00
 37  0.02696 -2.90885e+00 | 38  0.00585 -5.53405e-03 | 39  0.24850 -9.59123e+00
 40  0.25457 -1.49734e+00 | 41  0.27100  3.01725e-01 | 42  0.26649  1.24649e+00
 43 -0.08173 -1.39322e-01 | 44 -0.20764  8.82996e-02 | 45  0.76592  1.23543e-04
 46 -0.21986  1.71640e-01 | 47 -0.58703 -1.93449e-01 | 48  0.80819  4.93944e-04
 49 -0.33004  2.03264e-02 | 50 -0.39572  9.37896e-01 | 51 -0.01629  9.02278e-02
 52 -0.68406  1.54437e-03 | 53 -0.30743  2.03471e+00 | 54 -1.14508 -1.36016e-02
 55 -0.11036 -8.86210e-01 | 56 -0.14748  2.92880e+00 | 57  0.01688 -1.03485e+00
 58  0.05155  1.00159e+00 | 59 -0.17161 -1.31175e+00 | 60 -0.21850  8.94697e-01
60 variables; iteration 100; function evaluation 131; phase 4
Function value 1.0250626e+02; maximum gradient component mag -5.1073e+00
Var    Value     Gradient |Var    Value     Gradient |Var    Value     Gradient
  1  0.13732 -5.10732e+00 |  2 -0.12856 -4.77838e-03 |  3  0.00821 -4.68189e-02
  4 -0.02967 -3.42183e-02 |  5  0.01871 -9.14805e-02 |  6 -0.04971  6.35860e-02
  7 -0.10015  5.36908e-02 |  8 -0.05836  4.18518e-02 |  9 -0.06753  6.09680e-02
 10  0.03931  5.37851e-02 | 11  0.02416  2.64953e-02 | 12  0.06509 -4.14319e-02
 13  0.00774 -4.80348e-03 | 14 -0.00566  3.59035e-02 | 15  0.07280 -3.41411e-02
 16  0.02292 -3.99540e-02 | 17 -0.04958  2.04085e-03 | 18 -0.00692 -3.17469e-02
 19 -0.02113 -2.70721e-02 | 20  0.04784 -1.53881e-02 | 21  0.04289  7.59581e-03
 22 -0.05726  3.56394e-02 | 23 -0.03231  4.62303e-02 | 24 -0.10669  3.45260e-02
 25  0.01109  5.65588e-02 | 26 -0.01509  5.30565e-02 | 27 -0.00974  1.29222e-01
 28  0.05453  2.65177e-01 | 29  0.00071  5.43011e-03 | 30  0.05828 -5.45628e-02
 31 -0.02676  3.02416e-02 | 32  0.04681 -1.86174e-02 | 33  0.01602 -9.80575e-03
 34  0.05004 -7.72520e-02 | 35  0.02244 -1.81535e-01 | 36 -0.00992 -2.99680e-01
 37  0.02733 -2.44857e-01 | 38  0.00612  7.18922e-02 | 39  0.24879 -2.43447e+00
 40  0.25463 -9.42773e-03 | 41  0.27103 -1.40198e-02 | 42  0.26666  2.75585e-02
 43 -0.08301  3.35298e-03 | 44 -0.20671 -1.37664e-03 | 45  0.76348 -2.85824e-04
 46 -0.21786 -3.28663e-03 | 47 -0.58731 -3.90937e-02 | 48  0.80537 -8.91133e-07
 49 -0.32697 -2.42317e-03 | 50 -0.39667  3.40720e-01 | 51 -0.01885 -1.98605e-02
 52 -0.68235  7.76196e-04 | 53 -0.31037  6.29147e-01 | 54 -1.33180 -1.22729e-02
 55 -0.11218  1.43454e-02 | 56 -0.14765 -2.54175e-02 | 57  0.01776 -3.25357e-02
 58  0.05204  2.71514e-02 | 59 -0.16783  6.19949e-03 | 60 -0.21464 -1.49623e-03
60 variables; iteration 120; function evaluation 155; phase 4
Function value 1.0250487e+02; maximum gradient component mag 4.5647e-01
Var    Value     Gradient |Var    Value     Gradient |Var    Value     Gradient
  1  0.13732  1.84453e-01 |  2 -0.12857 -3.22660e-03 |  3  0.00821 -1.46199e-02
  4 -0.02967 -1.63096e-02 |  5  0.01871 -4.09830e-02 |  6 -0.04971 -5.56856e-03
  7 -0.10015 -8.83405e-03 |  8 -0.05836 -1.24229e-02 |  9 -0.06753 -7.34566e-03
 10  0.03932  4.18459e-04 | 11  0.02418  1.61274e-03 | 12  0.06512  7.18659e-03
 13  0.00775  5.77488e-03 | 14 -0.00565  4.31886e-03 | 15  0.07279  1.67247e-02
 16  0.02291  1.41605e-02 | 17 -0.04958  8.18436e-03 | 18 -0.00692 -9.60605e-03
 19 -0.02113 -2.18254e-04 | 20  0.04783 -6.16959e-03 | 21  0.04289  4.69036e-03
 22 -0.05726  1.32169e-03 | 23 -0.03231  8.33826e-03 | 24 -0.10669 -3.67948e-03
 25  0.01109  9.99138e-03 | 26 -0.01508  1.37175e-02 | 27 -0.00974  6.79399e-02
 28  0.05452  5.32115e-02 | 29  0.00071  3.27289e-02 | 30  0.05828  3.42988e-02
 31 -0.02677  1.25814e-02 | 32  0.04681  1.27016e-02 | 33  0.01601  1.52882e-03
 34  0.05004 -1.44587e-02 | 35  0.02244 -4.25247e-02 | 36 -0.00992 -9.12498e-02
 37  0.02733 -1.14406e-01 | 38  0.00611 -6.06238e-03 | 39  0.24878  4.56470e-01
 40  0.25463  1.37847e-01 | 41  0.27103  1.30798e-02 | 42  0.26666  5.44049e-02
 43 -0.08301 -2.58244e-03 | 44 -0.20672  1.21355e-03 | 45  0.75662 -1.00826e-03
 46 -0.21790  5.14612e-04 | 47 -0.58731 -1.31914e-02 | 48  0.80540 -1.43464e-06
 49 -0.32703 -7.31298e-04 | 50 -0.39678  1.07223e-01 | 51 -0.01928 -5.12203e-03
 52 -0.68293  1.61276e-05 | 53 -0.33771 -2.23561e-02 | 54 -1.92247  1.56576e-03
 55 -0.10793 -2.01809e-01 | 56 -0.14310  1.63517e-01 | 57  0.01775  2.14792e-02
 58  0.05203 -6.49039e-02 | 59 -0.16090  6.61158e-03 | 60 -0.21524 -9.59004e-02
60 variables; iteration 140; function evaluation 175; phase 4
Function value 1.0250482e+02; maximum gradient component mag 7.9058e-01
Var    Value     Gradient |Var    Value     Gradient |Var    Value     Gradient
  1  0.13732 -5.06029e-01 |  2 -0.12858 -5.69777e-03 |  3  0.00821 -1.45174e-02
  4 -0.02967 -2.33879e-02 |  5  0.01871 -5.56910e-02 |  6 -0.04972  7.77876e-03
  7 -0.10015  3.67230e-03 |  8 -0.05836  8.29529e-03 |  9 -0.06753 -1.74741e-04
 10  0.03932  1.41787e-02 | 11  0.02419  1.82544e-02 | 12  0.06512  2.56605e-02
 13  0.00775  2.44236e-02 | 14 -0.00565  1.68590e-02 | 15  0.07279  2.98722e-02
 16  0.02291  2.17879e-02 | 17 -0.04959  1.04406e-02 | 18 -0.00692  9.06464e-03
 19 -0.02114  1.24194e-02 | 20  0.04783 -1.57213e-03 | 21  0.04289  9.97868e-03
 22 -0.05725  6.23015e-03 | 23 -0.03231  6.37835e-03 | 24 -0.10670 -2.40854e-03
 25  0.01109  5.78486e-03 | 26 -0.01508 -2.89270e-03 | 27 -0.00975  2.16271e-02
 28  0.05452  3.10160e-02 | 29  0.00071  1.24207e-02 | 30  0.05828  3.92233e-03
 31 -0.02677  5.46975e-03 | 32  0.04681 -3.26038e-02 | 33  0.01601 -1.55433e-02
 34  0.05004 -2.01952e-02 | 35  0.02244 -3.87378e-02 | 36 -0.00992 -8.25682e-02
 37  0.02733 -1.18630e-01 | 38  0.00611 -1.33378e-02 | 39  0.24876  5.34064e-01
 40  0.25463 -3.60807e-01 | 41  0.27103  1.48688e-02 | 42  0.26666  9.14008e-02
 43 -0.08301 -1.75845e-03 | 44 -0.20672  1.48559e-03 | 45  0.76518 -1.09615e-04
 46 -0.21790  1.95650e-04 | 47 -0.58731 -2.09497e-02 | 48  0.80499 -5.66537e-05
 49 -0.32704 -1.35262e-03 | 50 -0.39680  5.88378e-02 | 51 -0.01932  1.40490e-03
 52 -0.68302 -1.26092e-04 | 53 -0.34254 -4.75198e-02 | 54 -2.00252  2.65363e-03
 55 -0.11821  7.90584e-01 | 56 -0.14178 -7.70299e-01 | 57  0.01776 -3.63068e-02
 58  0.05204  2.27488e-02 | 59 -0.13328  4.50182e-02 | 60 -0.18916  3.04259e-01
60 variables; iteration 160; function evaluation 197; phase 4
Function value 1.0250475e+02; maximum gradient component mag 2.7753e-01
Var    Value     Gradient |Var    Value     Gradient |Var    Value     Gradient
  1  0.13732 -2.52997e-01 |  2 -0.12857  1.61452e-03 |  3  0.00821  8.25986e-04
  4 -0.02968  4.44850e-03 |  5  0.01871  1.09716e-02 |  6 -0.04972  2.84528e-03
  7 -0.10015  5.47638e-03 |  8 -0.05836  5.42350e-03 |  9 -0.06753  5.16826e-03
 10  0.03932  5.07142e-04 | 11  0.02419 -2.13794e-03 | 12  0.06512 -7.01848e-03
 13  0.00775 -3.76301e-03 | 14 -0.00565 -5.94014e-04 | 15  0.07279 -5.50998e-03
 16  0.02291 -2.70029e-03 | 17 -0.04958  1.02908e-03 | 18 -0.00692  1.92747e-03
 19 -0.02114 -2.10667e-04 | 20  0.04783  4.23924e-03 | 21  0.04289  8.43038e-04
 22 -0.05725  4.07348e-03 | 23 -0.03231 -6.34747e-06 | 24 -0.10669  5.78985e-03
 25  0.01108 -8.20570e-04 | 26 -0.01508  4.37594e-03 | 27 -0.00975 -7.88524e-04
 28  0.05452 -6.03728e-03 | 29  0.00071 -9.89493e-03 | 30  0.05828 -1.61803e-02
 31 -0.02677 -6.64415e-03 | 32  0.04681 -6.91103e-03 | 33  0.01601 -4.34978e-03
 34  0.05004 -1.54498e-03 | 35  0.02244  3.34588e-03 | 36 -0.00992  1.12489e-02
 37  0.02733  2.67048e-02 | 38  0.00611 -2.57465e-03 | 39  0.24875 -2.14277e-01
 40  0.25463 -1.41902e-01 | 41  0.27103 -8.17437e-03 | 42  0.26666 -2.26187e-02
 43 -0.08300  7.36626e-04 | 44 -0.20675 -7.57891e-04 | 45  0.76646  2.69053e-05
 46 -0.21794 -5.30588e-04 | 47 -0.58731  2.97469e-03 | 48  0.80679  1.93536e-04
 49 -0.32703  7.70169e-05 | 50 -0.39683  1.06048e-02 | 51 -0.01945 -1.61505e-03
 52 -0.68295  8.14291e-05 | 53 -0.34139  1.85655e-02 | 54 -1.98161 -1.10638e-03
 55 -0.14734  2.77535e-01 | 56 -0.14059 -2.28106e-01 | 57  0.01777  1.39320e-02
 58  0.05205 -1.12415e-02 | 59 -0.06561 -1.20402e-02 | 60 -0.12220  1.38517e-01
60 variables; iteration 180; function evaluation 219; phase 4
Function value 1.0250473e+02; maximum gradient component mag -3.2300e-02
Var    Value     Gradient |Var    Value     Gradient |Var    Value     Gradient
  1  0.13732 -3.22998e-02 |  2 -0.12857  7.65718e-04 |  3  0.00821 -1.74803e-04
  4 -0.02968  2.25238e-03 |  5  0.01871  4.95024e-03 |  6 -0.04972  8.09191e-05
  7 -0.10015  5.20282e-04 |  8 -0.05836 -2.28922e-04 |  9 -0.06753  1.28148e-03
 10  0.03932 -1.08247e-03 | 11  0.02419 -2.18534e-03 | 12  0.06513 -3.74456e-03
 13  0.00775 -3.23472e-03 | 14 -0.00565 -1.23115e-03 | 15  0.07279 -2.83617e-03
 16  0.02291 -1.77432e-03 | 17 -0.04958 -1.57175e-04 | 18 -0.00692 -4.78524e-04
 19 -0.02114  2.76989e-04 | 20  0.04783  2.98613e-03 | 21  0.04289  9.44397e-04
 22 -0.05725  4.36688e-04 | 23 -0.03231  7.46335e-04 | 24 -0.10669  1.60579e-03
 25  0.01109  2.60534e-04 | 26 -0.01508  3.38693e-03 | 27 -0.00975  4.83165e-03
 28  0.05452  1.13116e-02 | 29  0.00071 -1.63619e-03 | 30  0.05828 -4.77169e-03
 31 -0.02677 -5.79380e-04 | 32  0.04681  1.03425e-03 | 33  0.01601 -3.53103e-04
 34  0.05004 -2.84461e-03 | 35  0.02244 -4.39328e-03 | 36 -0.00992 -3.20007e-03
 37  0.02733  8.09477e-03 | 38  0.00611  6.22798e-04 | 39  0.24875 -2.21825e-02
 40  0.25463 -8.61428e-03 | 41  0.27103 -3.73354e-03 | 42  0.26666 -1.43832e-02
 43 -0.08300  3.76316e-04 | 44 -0.20674 -3.30480e-04 | 45  0.76634  1.45881e-05
 46 -0.21793 -2.18565e-04 | 47 -0.58731  1.27767e-03 | 48  0.80609  9.70373e-05
 49 -0.32702  9.33109e-05 | 50 -0.39683  1.00237e-02 | 51 -0.01945 -1.25374e-03
 52 -0.68296  5.51213e-05 | 53 -0.34112 -3.35324e-04 | 54 -1.97706  2.14429e-05
 55 -0.16723  1.45249e-02 | 56 -0.13908 -6.21167e-03 | 57  0.01777  4.43526e-03
 58  0.05205 -1.89495e-03 | 59 -0.01777 -4.15184e-03 | 60 -0.07633  1.08404e-02
60 variables; iteration 200; function evaluation 239; phase 4
Function value 1.0250473e+02; maximum gradient component mag 2.5867e-02
Var    Value     Gradient |Var    Value     Gradient |Var    Value     Gradient
  1  0.13732  6.35050e-03 |  2 -0.12857  1.28035e-04 |  3  0.00821  3.65751e-04
  4 -0.02968  3.47987e-04 |  5  0.01871  1.00732e-03 |  6 -0.04972 -1.50992e-05
  7 -0.10015  5.08978e-04 |  8 -0.05836  8.61284e-04 |  9 -0.06753  1.68406e-05
 10  0.03932 -2.35880e-04 | 11  0.02419 -4.43708e-04 | 12  0.06513 -8.96746e-04
 13  0.00775 -1.18877e-04 | 14 -0.00565 -1.84576e-04 | 15  0.07279 -1.16114e-04
 16  0.02291  1.88961e-04 | 17 -0.04958  6.34815e-05 | 18 -0.00692  3.77682e-04
 19 -0.02114 -6.99717e-05 | 20  0.04783  8.33091e-05 | 21  0.04289 -1.57484e-04
 22 -0.05725  5.52495e-04 | 23 -0.03231 -4.75786e-04 | 24 -0.10669  4.81576e-04
 25  0.01109 -7.74758e-04 | 26 -0.01508 -5.55068e-04 | 27 -0.00975 -1.92984e-03
 28  0.05452 -4.28292e-03 | 29  0.00071 -2.48864e-04 | 30  0.05828  1.73119e-04
 31 -0.02677 -4.42680e-04 | 32  0.04681  2.79915e-04 | 33  0.01601  1.61339e-04
 34  0.05004  6.42772e-04 | 35  0.02244  1.66470e-03 | 36 -0.00992  2.80477e-03
 37  0.02733  1.90951e-03 | 38  0.00611  1.15268e-04 | 39  0.24875 -1.09740e-02
 40  0.25463  8.33921e-03 | 41  0.27103 -6.61887e-04 | 42  0.26666 -4.95848e-04
 43 -0.08301  2.24835e-05 | 44 -0.20674 -7.21045e-05 | 45  0.76626  5.70645e-06
 46 -0.21793 -8.52934e-05 | 47 -0.58731  1.28606e-04 | 48  0.80513 -3.51989e-05
 49 -0.32703 -2.29337e-05 | 50 -0.39683 -1.51768e-03 | 51 -0.01946  4.92174e-05
 52 -0.68299  4.80258e-06 | 53 -0.34114  1.29558e-03 | 54 -1.97794 -7.81535e-05
 55 -0.17066 -1.68880e-02 | 56 -0.13923  2.58665e-02 | 57  0.01777  8.29558e-04
 58  0.05205 -4.91007e-04 | 59 -0.01101 -6.66717e-03 | 60 -0.06930 -1.27793e-03

 - final statistics:
60 variables; iteration 207; function evaluation 246
Function value 1.0250e+02; maximum gradient component mag -7.1149e-05
Exit code = 1;  converg criter 1.0000e-04
Var    Value     Gradient |Var    Value     Gradient |Var    Value     Gradient
  1  0.13732  6.12201e-05 |  2 -0.12857 -2.66098e-07 |  3  0.00821  2.93434e-08
  4 -0.02968 -6.32974e-07 |  5  0.01871 -1.51281e-06 |  6 -0.04972 -8.40605e-07
  7 -0.10015 -1.05682e-06 |  8 -0.05836 -9.26585e-07 |  9 -0.06753 -1.10249e-06
 10  0.03932 -2.88051e-07 | 11  0.02419  5.83353e-08 | 12  0.06513  7.59567e-07
 13  0.00775  8.34449e-07 | 14 -0.00565  4.95388e-07 | 15  0.07279  2.75767e-06
 16  0.02291  3.61872e-06 | 17 -0.04958  2.94554e-06 | 18 -0.00692  1.15391e-06
 19 -0.02114  6.11546e-07 | 20  0.04783 -5.74210e-07 | 21  0.04289 -1.71676e-07
 22 -0.05725 -4.03141e-07 | 23 -0.03231 -1.25099e-07 | 24 -0.10669 -7.17994e-07
 25  0.01109 -7.03405e-07 | 26 -0.01508  1.37047e-07 | 27 -0.00975  1.94242e-06
 28  0.05452 -1.44045e-06 | 29  0.00071  3.16424e-07 | 30  0.05828  1.29704e-06
 31 -0.02677  8.77018e-07 | 32  0.04681  7.01897e-08 | 33  0.01601  8.31502e-08
 34  0.05004 -8.82601e-07 | 35  0.02244 -1.87379e-06 | 36 -0.00992 -2.50709e-06
 37  0.02733 -6.42463e-06 | 38  0.00611  8.55310e-07 | 39  0.24875  2.28569e-05
 40  0.25463  4.72876e-05 | 41  0.27103  1.29034e-06 | 42  0.26666  4.12224e-06
 43 -0.08301 -1.50626e-07 | 44 -0.20674  1.14157e-07 | 45  0.76620  7.71023e-10
 46 -0.21793  6.19758e-08 | 47 -0.58731 -6.65149e-07 | 48  0.80538 -5.99891e-08
 49 -0.32703 -6.01050e-08 | 50 -0.39683 -1.25076e-06 | 51 -0.01946  1.61782e-07
 52 -0.68299 -1.26888e-08 | 53 -0.34112 -1.69541e-06 | 54 -1.97745  9.76246e-08
 55 -0.17046 -7.11487e-05 | 56 -0.13931  6.77390e-05 | 57  0.01777 -4.89875e-06
 58  0.05205  6.61371e-06 | 59 -0.01172 -2.42161e-06 | 60 -0.06988 -3.09511e-05
Estimating row 1 out of 60 for hessian
Estimating row 2 out of 60 for hessian
Estimating row 3 out of 60 for hessian
Estimating row 4 out of 60 for hessian
Estimating row 5 out of 60 for hessian
Estimating row 6 out of 60 for hessian
Estimating row 7 out of 60 for hessian
Estimating row 8 out of 60 for hessian
Estimating row 9 out of 60 for hessian
Estimating row 10 out of 60 for hessian
Estimating row 11 out of 60 for hessian
Estimating row 12 out of 60 for hessian
Estimating row 13 out of 60 for hessian
Estimating row 14 out of 60 for hessian
Estimating row 15 out of 60 for hessian
Estimating row 16 out of 60 for hessian
Estimating row 17 out of 60 for hessian
Estimating row 18 out of 60 for hessian
Estimating row 19 out of 60 for hessian
Estimating row 20 out of 60 for hessian
Estimating row 21 out of 60 for hessian
Estimating row 22 out of 60 for hessian
Estimating row 23 out of 60 for hessian
Estimating row 24 out of 60 for hessian
Estimating row 25 out of 60 for hessian
Estimating row 26 out of 60 for hessian
Estimating row 27 out of 60 for hessian
Estimating row 28 out of 60 for hessian
Estimating row 29 out of 60 for hessian
Estimating row 30 out of 60 for hessian
Estimating row 31 out of 60 for hessian
Estimating row 32 out of 60 for hessian
Estimating row 33 out of 60 for hessian
Estimating row 34 out of 60 for hessian
Estimating row 35 out of 60 for hessian
Estimating row 36 out of 60 for hessian
Estimating row 37 out of 60 for hessian
Estimating row 38 out of 60 for hessian
Estimating row 39 out of 60 for hessian
Estimating row 40 out of 60 for hessian
Estimating row 41 out of 60 for hessian
Estimating row 42 out of 60 for hessian
Estimating row 43 out of 60 for hessian
Estimating row 44 out of 60 for hessian
Estimating row 45 out of 60 for hessian
Estimating row 46 out of 60 for hessian
Estimating row 47 out of 60 for hessian
Estimating row 48 out of 60 for hessian
Estimating row 49 out of 60 for hessian
Estimating row 50 out of 60 for hessian
Estimating row 51 out of 60 for hessian
Estimating row 52 out of 60 for hessian
Estimating row 53 out of 60 for hessian
Estimating row 54 out of 60 for hessian
Estimating row 55 out of 60 for hessian
Estimating row 56 out of 60 for hessian
Estimating row 57 out of 60 for hessian
Estimating row 58 out of 60 for hessian
Estimating row 59 out of 60 for hessian
Estimating row 60 out of 60 for hessian
size of file gradfil1.tmp = 0
size of file gradfil2.tmp = 0
size of file varssave.tmp = 0
size of file cmpdiff.tmp = 0
