
Initial statistics: 12 variables; iteration 0; function evaluation 0; phase 1
Function value 4.7367480e+03; maximum gradient component mag 3.2763e+04
Var    Value     Gradient |Var    Value     Gradient |Var    Value     Gradient
  1  0.39650  3.27626e+04 |  2  0.21635  1.40941e+04 |  3  0.00000 -4.90619e+01
  4  0.00000  4.42883e+00 |  5  0.00000 -5.97272e+01 |  6  0.00000  5.42766e+00
  7  0.00000  3.19421e+02 |  8  0.00000 -2.94233e+02 |  9  0.00000  2.35221e-01
 10  0.00000  1.13674e+02 | 11  0.00000 -1.01680e+02 | 12  0.00000  6.40948e-01

Intermediate statistics: 12 variables; iteration 20; function evaluation 43; phase 1
Function value 3.0165188e+02; maximum gradient component mag -4.3515e+01
Var    Value     Gradient |Var    Value     Gradient |Var    Value     Gradient
  1  0.19369 -1.40283e+01 |  2  0.19611 -4.35146e+01 |  3  1.07314 -2.50159e-02
  4  1.62653 -2.78297e-02 |  5  1.31600  2.82886e-02 |  6 -6.70738 -8.49009e-03
  7 -1.48675  1.84065e+01 |  8  1.60211  2.64224e-04 |  9 -0.29769  2.90831e-01
 10 -0.35094 -1.98758e+01 | 11 -0.12914  6.90985e+00 | 12 -1.57007 -2.91984e-01

 - final statistics:
12 variables; iteration 22; function evaluation 45
Function value 3.0155e+02; maximum gradient component mag -1.7193e+00
Exit code = 1;  converg criter 1.0000e+01
Var    Value     Gradient |Var    Value     Gradient |Var    Value     Gradient
  1  0.19372 -1.16910e+00 |  2  0.19648  8.37547e-01 |  3  1.08752 -2.00520e-02
  4  1.66079 -3.84682e-02 |  5  1.26876  1.62983e-02 |  6 -6.75620 -9.25131e-03
  7 -1.49135 -1.18705e-01 |  8  1.62328  5.80879e-02 |  9 -0.30913  8.22338e-03
 10 -0.34608 -1.71935e+00 | 11 -0.12549 -8.86739e-02 | 12 -1.50262  1.14768e-02

Initial statistics: 55 variables; iteration 0; function evaluation 0; phase 2
Function value 3.0155020e+02; maximum gradient component mag 2.3234e+03
Var    Value     Gradient |Var    Value     Gradient |Var    Value     Gradient
  1  0.19372 -1.16910e+00 |  2  0.00000  3.67197e+01 |  3  0.00000 -4.23161e+01
  4  0.00000  5.43495e+01 |  5  0.00000 -5.87101e+01 |  6  0.00000 -2.22949e+01
  7  0.00000  5.58432e+01 |  8  0.00000  9.73720e+00 |  9  0.00000  1.33592e+01
 10  0.00000 -6.91132e+01 | 11  0.00000  2.06482e+01 | 12  0.00000 -4.06479e+01
 13  0.00000  1.11881e+01 | 14  0.00000  1.57225e+00 | 15  0.00000 -8.73695e+01
 16  0.00000  2.39434e+01 | 17  0.00000  1.18151e+02 | 18  0.00000  3.16967e+01
 19  0.00000  6.03979e+01 | 20  0.00000 -1.32344e+02 | 21  0.00000 -1.58393e+02
 22  0.00000  5.02411e+01 | 23  0.00000  3.23606e+01 | 24  0.00000  2.38733e+02
 25  0.00000 -1.32633e+01 | 26  0.00000  3.96780e+00 | 27  0.00000  3.91621e+01
 28  0.00000 -2.27337e+02 | 29  0.00000  1.30162e+02 | 30  0.00000 -2.88598e+02
 31  0.00000  2.44724e+02 | 32  0.00000 -3.06631e+02 | 33  0.00000  2.17942e+01
 34  0.00000 -2.69888e+02 | 35  0.00000  3.47728e+01 | 36  0.00000  2.33886e+02
 37  0.00000  7.43763e+01 | 38  0.00000  1.65162e+02 | 39  0.21635 -1.72441e+02
 40  0.21635  2.32339e+03 | 41  0.21635 -6.94822e+02 | 42  0.19648  8.37547e-01
 43  0.91248  2.00520e-02 | 44  0.33921  3.84682e-02 | 45  0.73124 -1.62983e-02
 46  0.75620  9.25131e-03 | 47 -0.50865  1.18705e-01 | 48  0.37672 -5.80879e-02
 49 -0.30913  8.22338e-03 | 50 -0.34608 -1.71935e+00 | 51 -0.12549 -8.86739e-02
 52 -0.49738 -1.14768e-02 | 53 -0.32288  2.59297e+01 | 54  0.21635  8.00369e-01
 55 -0.17585 -7.13083e+02 |

Intermediate statistics: 55 variables; iteration 20; function evaluation 34; phase 2
Function value 1.7400830e+02; maximum gradient component mag 1.7107e+03
Var    Value     Gradient |Var    Value     Gradient |Var    Value     Gradient
  1  0.16395  5.87781e+02 |  2 -0.13631 -1.72589e+01 |  3  0.00737 -1.48660e+01
  4 -0.02382  9.57104e+00 |  5  0.02810 -1.35133e+01 |  6  0.00363 -1.04911e+01
  7 -0.04751 -7.66672e+00 |  8 -0.02392 -1.92578e+01 |  9  0.00139 -3.93111e+00
 10  0.05833 -2.19371e+01 | 11  0.01993 -1.48734e+01 | 12  0.02747 -5.60402e+01
 13  0.00349 -2.42689e+01 | 14  0.01206 -3.69436e+00 | 15  0.03872 -6.41003e+01
 16 -0.00236 -3.02870e+01 | 17 -0.04209  2.73608e+01 | 18 -0.00161  1.79050e+01
 19 -0.02021  2.23457e+01 | 20  0.05914 -2.45285e+01 | 21  0.06087 -2.94543e+01
 22 -0.02006  1.08773e+01 | 23 -0.00044  2.19083e+01 | 24 -0.07261  6.19965e+01
 25 -0.01006 -4.17196e+00 | 26 -0.00820 -2.30047e+00 | 27 -0.01021  1.33075e+01
 28  0.01043 -5.99991e+01 | 29 -0.02042  6.98543e+01 | 30  0.03748  1.30917e+01
 31 -0.00927  1.31702e+02 | 32  0.00712 -1.28741e+02 | 33  0.00464  5.38735e+01
 34  0.02321 -9.76159e+01 | 35 -0.01714 -6.82480e+01 | 36 -0.04479  2.46682e+01
 37 -0.02301 -1.20984e+02 | 38  0.00238  1.87504e+02 | 39  0.22974 -3.16095e+02
 40  0.22752  1.04263e+03 | 41  0.24699 -3.12339e+02 | 42  0.26080  1.71068e+03
 43  0.91221  2.19378e-02 | 44  0.33824 -5.58245e-03 | 45  0.73158 -1.07018e-02
 46  0.75606  8.21066e-03 | 47 -0.53085  4.77075e+01 | 48  0.37898 -1.82042e-01
 49 -0.31791 -1.55481e+00 | 50 -0.32410  5.34364e+01 | 51  0.06315  1.52985e-02
 52 -0.49668 -2.24324e-01 | 53 -0.40067  1.05482e+01 | 54  0.19799  1.00918e+00
 55 -0.02382 -6.27212e+02 |
55 variables; iteration 40; function evaluation 60; phase 2
Function value 1.4216691e+02; maximum gradient component mag 4.2545e+02
Var    Value     Gradient |Var    Value     Gradient |Var    Value     Gradient
  1  0.15525  1.54604e+02 |  2 -0.06264  6.80658e+00 |  3  0.01050 -1.79876e+01
  4 -0.02660 -5.05424e+00 |  5  0.04696  2.01889e+01 |  6  0.00809  2.27786e+01
  7 -0.08082 -2.23762e+01 |  8 -0.06409 -2.62458e+01 |  9 -0.05217 -1.60708e+01
 10  0.03654 -1.54772e+01 | 11  0.00547 -2.40257e+01 | 12  0.05306 -1.12381e+01
 13  0.01318 -1.40676e+01 | 14  0.03023  2.35482e+01 | 15  0.06073 -1.92279e+01
 16  0.02014  1.82952e+01 | 17 -0.05884 -1.25183e+01 | 18  0.00034  6.96227e+00
 19 -0.03109 -1.12644e+01 | 20  0.06722 -1.81357e+01 | 21  0.07415 -5.99042e-01
 22 -0.02377  7.54694e+00 | 23 -0.00885 -2.05873e+01 | 24 -0.07536  4.98752e+01
 25 -0.00497  1.29223e+01 | 26  0.00135  1.91563e+01 | 27 -0.00327  2.08244e+01
 28  0.02685  3.35047e+00 | 29 -0.01739 -1.25525e+01 | 30  0.04609  8.10581e+00
 31 -0.02395  1.24841e+00 | 32  0.03385 -1.52460e+01 | 33  0.01222  8.61519e+00
 34  0.04578  2.38325e+00 | 35  0.00180 -1.77749e+01 | 36 -0.03574 -2.06882e+00
 37 -0.00870 -2.15948e+01 | 38 -0.04906  4.51957e+01 | 39  0.23284 -1.35235e+02
 40  0.22837  3.73758e+02 | 41  0.25512 -1.47954e+02 | 42  0.25827  4.25453e+02
 43  0.89626  1.87186e-02 | 44  0.31649 -2.32059e-02 | 45  0.74559 -8.23261e-03
 46  0.74865  7.73552e-03 | 47 -0.54872  2.37480e+01 | 48  0.43990 -7.97759e-02
 49  0.61054  5.96648e-03 | 50 -0.35271 -4.15393e+00 | 51 -0.01029  9.56349e+00
 52 -0.39386 -5.08303e-02 | 53 -0.38735  1.88206e+00 | 54 -0.34020  2.42365e-01
 55  0.00333 -1.14472e+02 |
55 variables; iteration 60; function evaluation 86; phase 2
Function value 1.3505361e+02; maximum gradient component mag -5.1029e+01
Var    Value     Gradient |Var    Value     Gradient |Var    Value     Gradient
  1  0.15753 -5.10291e+01 |  2 -0.08211  6.86023e-01 |  3  0.01815 -6.41329e-01
  4 -0.02724  2.24602e-01 |  5  0.03057 -3.20860e-01 |  6 -0.00570  2.39203e-01
  7 -0.05888  1.38546e+00 |  8 -0.02763  4.77467e-01 |  9 -0.01026  1.09701e+00
 10  0.06417  7.82598e-01 | 11  0.02759  7.31173e-01 | 12  0.05240  6.75102e-01
 13  0.00846  1.19215e-01 | 14  0.00820  4.91665e-01 | 15  0.06222  7.70127e-01
 16  0.00806 -5.43025e-01 | 17 -0.05722  8.98636e-01 | 18 -0.00499 -1.51989e-02
 19 -0.03416  1.00091e+00 | 20  0.07123  1.20959e+00 | 21  0.07050  1.34824e+00
 22 -0.03342  4.02249e-01 | 23 -0.00298  1.07780e+00 | 24 -0.09980 -2.75708e-01
 25 -0.01648 -2.96574e-01 | 26 -0.01339 -1.66814e-01 | 27 -0.00933 -2.95655e-01
 28  0.02751 -4.71447e-01 | 29 -0.01624 -1.46809e-01 | 30  0.04506 -2.76364e-01
 31 -0.02745  8.13877e-01 | 32  0.03833  2.54380e-01 | 33  0.01202 -4.77150e-02
 34  0.04425 -1.15211e+00 | 35  0.00214 -1.47852e+00 | 36 -0.03882 -2.92014e+00
 37 -0.01336 -6.35451e+00 | 38 -0.07216  5.62287e-01 | 39  0.23250  6.19658e+00
 40  0.22552 -9.64641e+00 | 41  0.25669  1.14876e+00 | 42  0.25127 -2.11964e+01
 43  0.77262  6.85539e-03 | 44  0.43860 -4.59186e-03 | 45  0.79260 -1.07210e-03
 46  0.67520  6.06076e-03 | 47 -0.55261 -3.22563e-01 | 48  0.62489 -2.15949e-03
 49  0.43372  1.07849e-02 | 50 -0.40416  1.16417e+01 | 51 -0.17288 -4.05927e+00
 52 -0.45214 -6.53727e-02 | 53 -0.38505  7.19888e-03 | 54 -0.39591 -1.05853e-03
 55 -0.00266  3.35503e+00 |

 - final statistics:
55 variables; iteration 62; function evaluation 88
Function value 1.3502e+02; maximum gradient component mag 5.2737e+00
Exit code = 1;  converg criter 1.0000e+01
Var    Value     Gradient |Var    Value     Gradient |Var    Value     Gradient
  1  0.15723 -4.27970e+00 |  2 -0.08586 -2.98514e-01 |  3  0.01723 -1.68278e-01
  4 -0.02846 -3.69616e-01 |  5  0.02965  1.16589e-01 |  6 -0.00692  4.97122e-01
  7 -0.06122 -4.91371e-01 |  8 -0.02919 -1.31845e-01 |  9 -0.01235 -1.76139e-01
 10  0.06317  4.14138e-02 | 11  0.02725  1.39200e-01 | 12  0.05228 -4.52727e-01
 13  0.00905  3.68384e-01 | 14  0.00873  5.11589e-01 | 15  0.06207 -5.35677e-01
 16  0.00891  7.27605e-01 | 17 -0.05727 -4.76197e-02 | 18 -0.00449  7.41429e-01
 19 -0.03410 -9.05723e-02 | 20  0.07115  5.56664e-01 | 21  0.07045  3.43940e-01
 22 -0.03288  6.76098e-01 | 23 -0.00309  3.59946e-02 | 24 -0.09911  4.56580e-01
 25 -0.01578  7.37570e-01 | 26 -0.01280  5.04530e-01 | 27 -0.00888  6.29591e-01
 28  0.02773 -2.17220e-01 | 29 -0.01597  2.25450e-01 | 30  0.04524  6.24532e-01
 31 -0.02731  3.59129e-03 | 32  0.03836  9.36441e-02 | 33  0.01215 -1.37369e-01
 34  0.04457 -1.47506e-01 | 35  0.00245 -1.25270e+00 | 36 -0.03829 -1.44767e+00
 37 -0.01267 -3.74329e+00 | 38 -0.07139  5.88863e-01 | 39  0.23260  4.23619e+00
 40  0.22575  5.27374e+00 | 41  0.25680 -2.03881e+00 | 42  0.25173 -1.27701e+00
 43  0.73281  5.12210e-03 | 44  0.46592 -2.99412e-03 | 45  0.80139  1.94148e-04
 46  0.64268  5.53409e-03 | 47 -0.55292  6.96366e-01 | 48  0.64625 -8.47602e-04
 49  0.40651  1.28787e-02 | 50 -0.41156  2.32201e-01 | 51 -0.18097 -5.37759e-03
 52 -0.45240 -5.04647e-02 | 53 -0.38424  1.78022e-02 | 54 -0.42980  8.41160e-06
 55 -0.00211 -1.16280e+00 |

Initial statistics: 58 variables; iteration 0; function evaluation 0; phase 3
Function value 1.3502236e+02; maximum gradient component mag -9.0495e+02
Var    Value     Gradient |Var    Value     Gradient |Var    Value     Gradient
  1  0.15723 -4.27970e+00 |  2 -0.08586 -2.98514e-01 |  3  0.01723 -1.68278e-01
  4 -0.02846 -3.69616e-01 |  5  0.02965  1.16589e-01 |  6 -0.00692  5.08035e-01
  7 -0.06122 -4.80507e-01 |  8 -0.02919 -1.20943e-01 |  9 -0.01235 -1.65227e-01
 10  0.06317  5.22742e-02 | 11  0.02725  1.50104e-01 | 12  0.05228 -4.41850e-01
 13  0.00905  3.79297e-01 | 14  0.00873  5.22502e-01 | 15  0.06207 -5.24814e-01
 16  0.00891  7.38518e-01 | 17 -0.05727 -3.67497e-02 | 18 -0.00449  7.52342e-01
 19 -0.03410 -7.96738e-02 | 20  0.07115  5.67510e-01 | 21  0.07045  3.54787e-01
 22 -0.03288  6.86997e-01 | 23 -0.00309  4.69086e-02 | 24 -0.09911  4.67362e-01
 25 -0.01578  7.48481e-01 | 26 -0.01280  5.15442e-01 | 27 -0.00888  6.40504e-01
 28  0.02773 -2.06316e-01 | 29 -0.01597  2.36361e-01 | 30  0.04524  6.35418e-01
 31 -0.02731  1.44954e-02 | 32  0.03836  1.04538e-01 | 33  0.01215 -1.26456e-01
 34  0.04457 -1.36619e-01 | 35  0.00245 -1.24179e+00 | 36 -0.03829 -1.43678e+00
 37 -0.01267 -3.73237e+00 | 38 -0.07139  5.99709e-01 | 39  0.23260  4.23619e+00
 40  0.22575  5.27374e+00 | 41  0.25680 -2.03881e+00 | 42  0.25173 -1.27701e+00
 43  0.73281  5.12210e-03 | 44  0.46592 -2.99412e-03 | 45  0.80139  1.94148e-04
 46  0.64268  5.53409e-03 | 47 -0.55292  6.96366e-01 | 48  0.64625 -8.47602e-04
 49  0.40651  1.28787e-02 | 50 -0.41156  2.32201e-01 | 51 -0.18097 -5.37759e-03
 52 -0.45240 -5.04647e-02 | 53 -0.38424  1.78022e-02 | 54 -0.42980  8.41160e-06
 55 -0.17585 -9.04948e+02 | 56 -0.12819 -3.72069e+02 | 57 -0.00211 -1.16280e+00
 58  0.05795 -8.74193e+01 |

Intermediate statistics: 58 variables; iteration 20; function evaluation 30; phase 3
Function value 1.0253063e+02; maximum gradient component mag -2.1054e+02
Var    Value     Gradient |Var    Value     Gradient |Var    Value     Gradient
  1  0.15304  1.40227e+01 |  2 -0.08517  2.58776e-02 |  3  0.01764 -4.87653e-01
  4 -0.02835 -1.94611e+00 |  5  0.02916 -9.36281e-01 |  6 -0.00898 -1.73537e+00
  7 -0.06278 -2.42708e+00 |  8 -0.03019 -3.29580e+00 |  9 -0.01352 -1.86686e+00
 10  0.06367 -3.45160e+00 | 11  0.02877 -4.30839e+00 | 12  0.05519 -6.43624e+00
 13  0.00981 -3.27321e+00 | 14  0.00813 -2.21561e+00 | 15  0.06379 -5.99496e+00
 16  0.01003 -6.63922e+00 | 17 -0.06065 -2.43978e+00 | 18 -0.01796 -3.15474e+00
 19 -0.03531 -1.86005e+00 | 20  0.05361 -8.58443e-01 | 21  0.05649 -7.50017e-01
 22 -0.03884  5.15100e+00 | 23 -0.02090 -3.79943e+00 | 24 -0.11126  3.53088e-01
 25 -0.01483 -3.47345e+00 | 26 -0.01804  1.73790e-01 | 27 -0.02215 -9.27158e+00
 28  0.03617 -6.80951e+00 | 29 -0.01131  4.63327e+00 | 30  0.05268 -6.58279e+00
 31 -0.02967  1.40566e+01 | 32  0.05475 -1.16121e+00 | 33  0.02483  1.55100e+01
 34  0.04937 -1.25572e+01 | 35  0.01017 -1.79342e+01 | 36 -0.03136 -1.50837e+01
 37 -0.00823 -1.78328e+01 | 38 -0.04409  1.70192e+01 | 39  0.23601  1.78699e+01
 40  0.24336  1.99497e+02 | 41  0.26228  7.46424e+01 | 42  0.26448 -5.22873e+01
 43  0.73278  8.44359e-03 | 44  0.46595 -6.56814e-03 | 45  0.80138  2.49136e-03
 46  0.64266  4.72265e-03 | 47 -0.55835  1.31525e+01 | 48  0.64621  1.15866e-02
 49  0.40647  7.60788e-03 | 50 -0.42666 -6.56782e+00 | 51 -0.18584  6.55980e+00
 52 -0.45198 -8.75911e-02 | 53 -0.38372 -3.34218e-01 | 54 -0.42972 -4.43067e-02
 55 -0.13023 -2.10541e+02 | 56 -0.10961 -2.15442e+01 | 57  0.08996 -7.58528e+01
 58  0.12853  8.91327e+01 |
58 variables; iteration 40; function evaluation 55; phase 3
Function value 1.0015349e+02; maximum gradient component mag -2.9113e+02
Var    Value     Gradient |Var    Value     Gradient |Var    Value     Gradient
  1  0.15116 -2.91133e+02 |  2 -0.09720 -3.71854e+00 |  3  0.01505 -1.61311e+00
  4 -0.03108 -2.65031e+00 |  5  0.02319 -6.04117e+00 |  6 -0.02005 -2.63183e+00
  7 -0.06794  7.57949e+00 |  8 -0.03350  3.71948e+00 |  9 -0.01659  5.21893e+00
 10  0.06581  4.37323e+00 | 11  0.03528  9.04462e+00 | 12  0.06252  1.18071e+01
 13  0.00972  2.63801e+00 | 14  0.00840  4.39463e+00 | 15  0.06557 -5.30239e-01
 16  0.01265 -9.38946e-01 | 17 -0.06052 -2.71514e-02 | 18 -0.02235 -1.68142e+01
 19 -0.03145  9.26977e+00 | 20  0.05045 -2.59122e+00 | 21  0.05781  1.10457e+01
 22 -0.04404  7.03914e-01 | 23 -0.02055  5.41862e+00 | 24 -0.11255  4.35420e+00
 25 -0.01085  9.80123e+00 | 26 -0.01862  9.88442e-01 | 27 -0.02309 -1.38511e+01
 28  0.03628 -3.20661e+01 | 29 -0.01071  1.35323e+01 | 30  0.05189 -6.96995e+00
 31 -0.03529 -8.67831e+00 | 32  0.05091 -7.87553e+00 | 33  0.02083  8.03687e+00
 34  0.04983 -3.16592e+00 | 35  0.01129 -1.56287e+01 | 36 -0.02897 -1.30563e+01
 37 -0.00331 -1.07843e+01 | 38 -0.02869  3.94716e+01 | 39  0.23751 -6.14340e+01
 40  0.24638  1.57148e+02 | 41  0.26331 -9.35718e+00 | 42  0.27459  3.82730e+01
 43  0.72359  1.03640e-02 | 44  0.47285 -7.69042e-03 | 45  0.79860  3.22801e-03
 46  0.63723  4.16959e-03 | 47 -0.57040 -1.18085e+01 | 48  0.63552  2.05037e-02
 49  0.39795  5.03223e-03 | 50 -0.43080  1.64800e+01 | 51 -0.18987 -6.57983e+00
 52 -0.39925  9.19936e-02 | 53 -0.36815  9.25398e-01 | 54 -0.42605  9.54902e-02
 55 -0.12247 -1.31710e+02 | 56 -0.10413 -2.72517e+01 | 57  0.13201 -8.10957e+01
 58  0.14093  1.16104e+02 |
58 variables; iteration 60; function evaluation 81; phase 3
Function value 9.6658568e+01; maximum gradient component mag -4.5911e+01
Var    Value     Gradient |Var    Value     Gradient |Var    Value     Gradient
  1  0.15065 -4.59109e+01 |  2 -0.08525 -4.10984e-02 |  3  0.01856  1.69928e-02
  4 -0.02671 -3.31294e-01 |  5  0.02968  3.82278e-01 |  6 -0.01146  7.51831e-01
  7 -0.06574  4.28532e-01 |  8 -0.03162  6.87239e-01 |  9 -0.01615  1.76952e-01
 10  0.06607  3.61540e-01 | 11  0.03383 -8.00072e-01 | 12  0.06240 -6.03098e+00
 13  0.01112 -1.52013e+00 | 14  0.00866  1.53621e+00 | 15  0.06645  2.17511e-01
 16  0.01380  5.23228e-01 | 17 -0.05892  3.42460e-01 | 18 -0.01484  7.66446e-01
 19 -0.03446  6.58250e-01 | 20  0.05418  4.01328e-01 | 21  0.05705  4.19621e-01
 22 -0.04308  6.14405e-01 | 23 -0.01920  5.17854e-01 | 24 -0.11159  4.26662e-01
 25 -0.01298  5.86229e-01 | 26 -0.01977  3.88832e-01 | 27 -0.02113  4.95930e-01
 28  0.03559 -1.10099e-02 | 29 -0.01430  3.89898e-01 | 30  0.05043 -5.76016e-02
 31 -0.03581  4.63106e-01 | 32  0.04548 -1.61428e-01 | 33  0.01574  4.54862e-01
 34  0.04643 -2.26969e-01 | 35  0.01026 -4.43076e-01 | 36 -0.02862 -7.78901e-01
 37 -0.00110 -2.68158e+00 | 38 -0.03698  5.21225e-01 | 39  0.23870 -7.30575e+00
 40  0.24875 -5.94938e-01 | 41  0.26426  1.13989e-01 | 42  0.28927  2.07443e-01
 43  0.59318  1.54220e-02 | 44  0.52914 -2.85932e-03 | 45  0.77088  1.47017e-03
 46  0.59106  2.73204e-03 | 47 -0.56818  2.49073e-01 | 48  0.35466  1.07352e-01
 49  0.35799  9.95183e-05 | 50 -0.43299 -1.38764e+00 | 51 -0.18807 -2.07734e+00
 52 -0.41497  4.85813e-03 | 53 -0.36363 -4.05028e-01 | 54 -0.32249 -4.14753e-02
 55 -0.10195  1.45949e+00 | 56 -0.08329  2.61871e-01 | 57  0.19972 -1.44923e+00
 58  0.14873  2.33898e+00 |
Maximum number of function evaluations exceeded

 - final statistics:
58 variables; iteration 66; function evaluation 100
Function value 9.6410e+01; maximum gradient component mag -9.5821e+01
Exit code = 3;  converg criter 1.0000e+00
Var    Value     Gradient |Var    Value     Gradient |Var    Value     Gradient
  1  0.15103 -9.58208e+01 |  2 -0.08485  5.23713e-01 |  3  0.01786  1.41116e-01
  4 -0.02740 -5.34029e-01 |  5  0.02805 -1.94297e-01 |  6 -0.01313  9.54369e-02
  7 -0.06550  1.60585e+00 |  8 -0.03096  1.58882e+00 |  9 -0.01439  1.76811e+00
 10  0.06577  1.24724e+00 | 11  0.03364  2.31831e+00 | 12  0.06237  3.17424e+00
 13  0.01031  1.73851e+00 | 14  0.00575  2.23864e-01 | 15  0.06604  4.41762e-02
 16  0.01329 -3.52256e-02 | 17 -0.05982 -3.12534e-01 | 18 -0.01556 -7.71696e-01
 19 -0.03446  1.95214e-01 | 20  0.05449  4.49273e-01 | 21  0.05735  2.26029e+00
 22 -0.04331  1.59139e+00 | 23 -0.01999  7.69364e-01 | 24 -0.11073  2.38523e+00
 25 -0.01341  8.95960e-01 | 26 -0.02030  2.95350e-01 | 27 -0.02130  6.07124e-02
 28  0.03563  2.09828e+00 | 29 -0.01415  1.72103e+00 | 30  0.05054  5.90246e-01
 31 -0.03598 -2.45158e-01 | 32  0.04622  9.52133e-01 | 33  0.01617  4.72751e-01
 34  0.04635  4.39761e-01 | 35  0.01005 -1.59797e+00 | 36 -0.02852 -6.96575e+00
 37 -0.00018 -2.21942e+01 | 38 -0.03272 -3.02259e+00 | 39  0.24058 -3.72842e+01
 40  0.24808  1.22421e+00 | 41  0.26379  7.30667e+00 | 42  0.28931 -7.34718e+00
 43  0.09064  1.66659e-01 | 44  0.60048 -6.62529e-05 | 45  0.73455 -9.53337e-04
 46  0.52156  1.42672e-03 | 47 -0.57555  2.37487e+00 | 48  0.05069 -2.94424e-02
 49  0.35315  7.17116e-04 | 50 -0.43249 -2.03357e-01 | 51 -0.18824  1.34699e+00
 52 -0.41663  2.31368e-02 | 53 -0.35757  2.24706e+00 | 54  0.11596  1.70686e-01
 55 -0.10342 -6.38718e+00 | 56 -0.08440  1.70710e+00 | 57  0.20530  1.29006e+00
 58  0.15149 -3.96217e+00 |

Initial statistics: 60 variables; iteration 0; function evaluation 0; phase 4
Function value 9.6410382e+01; maximum gradient component mag -5.8272e+01
Var    Value     Gradient |Var    Value     Gradient |Var    Value     Gradient
  1  0.15103 -4.29400e+01 |  2 -0.08485  8.72746e-01 |  3  0.01786  6.52523e-01
  4 -0.02740  3.29142e-01 |  5  0.02805 -2.28569e-01 |  6 -0.01313 -4.74711e-02
  7 -0.06550  1.30899e+00 |  8 -0.03095  1.16299e+00 |  9 -0.01438  1.97359e+00
 10  0.06578  1.16428e+00 | 11  0.03365  2.87368e+00 | 12  0.06237  9.06875e+00
 13  0.01031  3.43736e+00 | 14  0.00576 -1.30934e+00 | 15  0.06604  6.79104e-01
 16  0.01329  3.43063e-01 | 17 -0.05981 -7.71520e-02 | 18 -0.01555 -1.01893e+00
 19 -0.03446  3.95403e-02 | 20  0.05450  8.41879e-01 | 21  0.05735  3.14529e+00
 22 -0.04330  1.18525e+00 | 23 -0.01998  1.30078e+00 | 24 -0.11072  2.01653e+00
 25 -0.01340  1.32772e+00 | 26 -0.02030  7.43723e-01 | 27 -0.02130 -2.43762e-01
 28  0.03564  3.95043e+00 | 29 -0.01415  2.52225e+00 | 30  0.05055  2.02313e+00
 31 -0.03597 -4.88361e-01 | 32  0.04623  1.36144e+00 | 33  0.01617 -1.07930e-01
 34  0.04636  1.34767e+00 | 35  0.01006 -1.49660e+00 | 36 -0.02851 -8.81634e+00
 37 -0.00017 -2.58149e+01 | 38 -0.03271 -4.51834e+00 | 39  0.24058 -3.80387e+01
 40  0.24808  2.58263e+00 | 41  0.26379  1.17372e+01 | 42  0.28931 -3.02683e+00
 43  0.09064  6.71405e-01 | 44  0.60048  1.25513e-03 | 45  0.73455 -2.12177e-03
 46  0.52156  6.19092e-04 | 47 -0.57555  2.89134e+00 | 48  0.05069 -1.19427e+00
 49  0.35315  8.59224e-04 | 50 -0.43249  4.10191e-01 | 51 -0.18824  3.63055e+00
 52 -0.41663  7.71384e-03 | 53 -0.35757  3.14437e+00 | 54  0.11596  2.06410e-01
 55 -0.10342 -7.07887e+00 | 56 -0.08440  2.16489e+00 | 57  0.20530  1.26293e+00
 58  0.15149 -5.77997e+00 | 59  0.12819  5.50776e+01 | 60 -0.12819 -5.82721e+01

Intermediate statistics: 60 variables; iteration 20; function evaluation 24; phase 4
Function value 9.4179576e+01; maximum gradient component mag -1.8955e+02
Var    Value     Gradient |Var    Value     Gradient |Var    Value     Gradient
  1  0.15070 -1.89547e+02 |  2 -0.08802 -2.92214e-01 |  3  0.01717 -1.35293e-01
  4 -0.02783 -1.23541e-01 |  5  0.02782 -1.88181e-01 |  6 -0.01417  9.96298e-01
  7 -0.06705  2.00614e+00 |  8 -0.03250  1.84698e+00 |  9 -0.01623  2.88614e+00
 10  0.06465  2.14539e+00 | 11  0.03291  4.64236e+00 | 12  0.06266  1.53688e+01
 13  0.01078  7.70331e+00 | 14  0.00601  7.63038e-01 | 15  0.06679  5.89442e+00
 16  0.01395  5.04162e+00 | 17 -0.06019  9.88390e-01 | 18 -0.01720 -4.60689e+00
 19 -0.03293  2.39005e+00 | 20  0.05176 -2.65801e+00 | 21  0.05566  4.93234e-01
 22 -0.04466 -1.77672e+00 | 23 -0.02216 -2.23682e+00 | 24 -0.11238 -1.48904e+00
 25 -0.01203 -3.37069e-01 | 26 -0.02022 -9.11517e-01 | 27 -0.02247 -6.83485e+00
 28  0.03584 -1.44701e+01 | 29 -0.01352 -3.53995e+00 | 30  0.05126 -9.77608e+00
 31 -0.03474 -2.37085e+00 | 32  0.04785 -1.07640e-01 | 33  0.01785  1.16526e+00
 34  0.04710 -5.84552e+00 | 35  0.01085 -6.40169e-01 | 36 -0.02764 -6.26138e+00
 37  0.00082 -2.28370e+01 | 38 -0.02772  2.75213e+00 | 39  0.24100  1.02385e+02
 40  0.24639 -1.02667e+02 | 41  0.26279 -8.19343e+01 | 42  0.28949 -8.02296e+00
 43  0.07816  8.12863e-01 | 44  0.60046  1.19730e-03 | 45  0.73458 -1.88207e-03
 46  0.52155  3.96157e-04 | 47 -0.57811  2.20224e+00 | 48  0.03869 -5.56513e-01
 49  0.35314  3.48474e-04 | 50 -0.42716  6.15755e+00 | 51 -0.17921  5.70266e+00
 52 -0.41619 -1.68043e-02 | 53 -0.36273 -6.80541e+00 | 54  0.11572 -4.76387e-01
 55 -0.11314 -1.34663e+01 | 56 -0.08302  1.83194e+01 | 57  0.20855 -1.25012e+00
 58  0.15361  7.30119e+00 | 59  0.09638  3.01747e+01 | 60 -0.10269 -3.62656e+01
60 variables; iteration 40; function evaluation 46; phase 4
Function value 9.3419971e+01; maximum gradient component mag -1.4100e+02
Var    Value     Gradient |Var    Value     Gradient |Var    Value     Gradient
  1  0.15031 -1.41003e+02 |  2 -0.08912  1.15960e-02 |  3  0.01822  4.33566e+00
  4 -0.03003 -2.17765e+00 |  5  0.02503 -2.28295e+00 |  6 -0.01728  5.63381e-02
  7 -0.06760  4.77385e+00 |  8 -0.03521 -6.28746e-01 |  9 -0.01786  1.38534e+00
 10  0.06956  1.03659e+01 | 11  0.03155 -6.49852e-02 | 12  0.06623  2.43808e+01
 13  0.00845  3.97238e+00 | 14  0.00346 -2.45165e+00 | 15  0.06733  6.14088e+00
 16  0.01415  4.89970e+00 | 17 -0.06006  1.10221e+00 | 18 -0.01835 -5.49550e+00
 19 -0.03289  3.55709e+00 | 20  0.05071 -3.00174e+00 | 21  0.05462  1.12720e-01
 22 -0.04556 -2.43463e+00 | 23 -0.02424 -5.95184e+00 | 24 -0.11130  2.66051e+00
 25 -0.01250  1.85670e+00 | 26 -0.01844  5.24710e+00 | 27 -0.02363 -8.08391e+00
 28  0.03608 -4.46266e+00 | 29 -0.01316 -1.88579e+00 | 30  0.05202 -2.12109e+00
 31 -0.03424  4.44725e-01 | 32  0.04744 -1.19999e+00 | 33  0.01793 -9.42162e-01
 34  0.04734 -4.28170e+00 | 35  0.01128 -3.39584e+00 | 36 -0.02659 -1.35663e+01
 37  0.00223 -2.34859e+01 | 38 -0.02196  1.82512e+00 | 39  0.24039  2.03476e+01
 40  0.24665 -1.11102e+02 | 41  0.26374 -3.28064e+01 | 42  0.29118  2.99356e+00
 43  0.01011 -8.94704e-01 | 44  0.59972  1.35087e-03 | 45  0.73567 -1.48232e-03
 46  0.52136  1.10786e-04 | 47 -0.58333 -2.69245e+00 | 48  0.01833 -1.98293e+00
 49  0.35309 -7.24174e-04 | 50 -0.43140  3.83625e+00 | 51 -0.18339  6.76928e+00
 52 -0.39719  6.39635e-02 | 53 -0.37356 -1.65788e+00 | 54  0.12012 -1.31189e-01
 55 -0.09653  1.59916e+00 | 56 -0.08265  1.49327e+01 | 57  0.21312  2.20795e+00
 58  0.15115 -9.05980e+00 | 59  0.03473  1.65586e+01 | 60 -0.13170 -1.55102e+01
60 variables; iteration 60; function evaluation 74; phase 4
Function value 9.2741388e+01; maximum gradient component mag -2.3410e+01
Var    Value     Gradient |Var    Value     Gradient |Var    Value     Gradient
  1  0.15035 -5.52562e+00 |  2 -0.09051 -4.49656e-01 |  3  0.01548 -7.17650e-01
  4 -0.02904 -2.32207e-01 |  5  0.02701  7.98337e-01 |  6 -0.01578 -2.42887e-01
  7 -0.06869  1.60373e-01 |  8 -0.03370  3.64914e-01 |  9 -0.01807  2.26515e-01
 10  0.06462  1.92376e-01 | 11  0.03464  3.05003e+00 | 12  0.06378  7.48415e+00
 13  0.01065  2.49991e+00 | 14  0.00709  2.48098e-01 | 15  0.06592 -8.88733e-01
 16  0.01326 -8.47347e-01 | 17 -0.06069 -2.51097e-01 | 18 -0.01798 -4.19177e-01
 19 -0.03400 -5.37904e-01 | 20  0.05035 -1.08413e+00 | 21  0.05346 -6.84195e-01
 22 -0.04535 -2.47354e-01 | 23 -0.02415 -8.12753e-01 | 24 -0.11361 -5.62109e-01
 25 -0.01351 -1.27388e+00 | 26 -0.02057 -4.05706e-01 | 27 -0.02247 -1.55090e+00
 28  0.03654 -3.02345e+00 | 29 -0.01222 -8.80950e-01 | 30  0.05305 -8.95018e-01
 31 -0.03410 -1.72308e-01 | 32  0.04986 -5.60400e-01 | 33  0.01947 -2.82842e-01
 34  0.04806 -4.74991e-01 | 35  0.01160 -2.27310e-01 | 36 -0.02636  1.35623e+00
 37  0.00229  2.48067e+00 | 38 -0.02365 -9.30179e-01 | 39  0.24154 -3.62468e+00
 40  0.24643 -2.34096e+01 | 41  0.26415  1.10739e+00 | 42  0.28992 -2.19193e+00
 43  0.03241  2.27168e-01 | 44  0.59049  8.26967e-04 | 45  0.74561 -5.24421e-04
 46  0.52007  9.29252e-05 | 47 -0.58274  5.50740e-01 | 48  0.02231  9.84751e-02
 49  0.35424 -1.49632e-04 | 50 -0.43353  2.60767e+00 | 51 -0.18714  2.36444e+00
 52 -0.39182  9.07458e-02 | 53 -0.35662  6.61311e-01 | 54  0.17373  4.08795e-02
 55 -0.09935  1.41092e+01 | 56 -0.10114 -8.33213e+00 | 57  0.21192 -3.49150e-01
 58  0.15419  2.43306e+00 | 59 -0.03997  9.76486e-01 | 60 -0.15455  5.35130e+00
60 variables; iteration 80; function evaluation 95; phase 4
Function value 9.2690020e+01; maximum gradient component mag -1.3726e-01
Var    Value     Gradient |Var    Value     Gradient |Var    Value     Gradient
  1  0.15032 -1.37264e-01 |  2 -0.08936  3.87297e-04 |  3  0.01591  4.60133e-04
  4 -0.02893  3.80209e-04 |  5  0.02652 -1.25602e-03 |  6 -0.01595  3.18498e-03
  7 -0.06901  1.91402e-03 |  8 -0.03411  1.52194e-03 |  9 -0.01842  1.65660e-03
 10  0.06459  1.96946e-03 | 11  0.03400 -6.44751e-04 | 12  0.06385 -1.90865e-03
 13  0.01058 -6.34724e-04 | 14  0.00699  6.87646e-04 | 15  0.06618  4.31105e-04
 16  0.01338  4.31525e-04 | 17 -0.06062  6.47669e-04 | 18 -0.01809  1.53778e-03
 19 -0.03389  4.37009e-04 | 20  0.05039  1.47836e-03 | 21  0.05350  1.03158e-03
 22 -0.04511  4.54817e-04 | 23 -0.02404  6.35922e-04 | 24 -0.11355  1.15404e-03
 25 -0.01329  1.52583e-03 | 26 -0.02056  3.82975e-04 | 27 -0.02249  3.37703e-04
 28  0.03657 -2.21508e-03 | 29 -0.01221 -1.79706e-03 | 30  0.05306 -1.49672e-03
 31 -0.03401 -2.91493e-05 | 32  0.04965 -4.44472e-05 | 33  0.01940  2.02752e-04
 34  0.04814 -1.82057e-03 | 35  0.01166 -2.81035e-03 | 36 -0.02635 -4.85582e-03
 37  0.00236 -6.99448e-03 | 38 -0.02292  1.75729e-03 | 39  0.24113 -1.05182e-01
 40  0.24637  2.39117e-02 | 41  0.26413 -6.58161e-03 | 42  0.29007 -1.17430e-03
 43  0.02642  2.44816e-04 | 44  0.56915 -1.16963e-04 | 45  0.75011 -8.33062e-05
 46  0.51768 -1.42656e-05 | 47 -0.58309 -9.04663e-04 | 48  0.02113 -1.62305e-03
 49  0.36247  3.53261e-05 | 50 -0.43414 -4.64012e-06 | 51 -0.18780 -1.43193e-03
 52 -0.40897 -1.62342e-05 | 53 -0.35208  5.32125e-03 | 54  0.01549  5.60326e-04
 55 -0.16721 -1.71180e-02 | 56 -0.14118  1.34902e-02 | 57  0.21193  3.13163e-04
 58  0.15363 -4.02651e-04 | 59 -0.02975  4.13816e-05 | 60 -0.08260 -8.19220e-03
60 variables; iteration 100; function evaluation 115; phase 4
Function value 9.2690013e+01; maximum gradient component mag -1.3209e-02
Var    Value     Gradient |Var    Value     Gradient |Var    Value     Gradient
  1  0.15032 -1.32088e-02 |  2 -0.08936  4.32108e-05 |  3  0.01590  6.88682e-05
  4 -0.02893  1.09298e-04 |  5  0.02652  2.85359e-06 |  6 -0.01595  3.59402e-04
  7 -0.06901  9.34746e-05 |  8 -0.03411  1.07776e-04 |  9 -0.01842  1.57881e-04
 10  0.06459  1.78788e-04 | 11  0.03400  6.71535e-05 | 12  0.06385  1.02089e-04
 13  0.01058 -1.69771e-05 | 14  0.00699  6.71814e-05 | 15  0.06618  1.52186e-05
 16  0.01338  3.08915e-05 | 17 -0.06062  9.95985e-05 | 18 -0.01809  2.33373e-04
 19 -0.03389 -3.17297e-05 | 20  0.05039  1.09568e-04 | 21  0.05350  1.01330e-04
 22 -0.04511  4.35274e-05 | 23 -0.02404  3.66286e-05 | 24 -0.11355  1.23585e-04
 25 -0.01329 -3.92252e-05 | 26 -0.02056  2.72041e-05 | 27 -0.02249 -8.88820e-05
 28  0.03657 -6.27907e-04 | 29 -0.01221 -4.33908e-04 | 30  0.05306 -4.91516e-04
 31 -0.03401 -4.88820e-05 | 32  0.04965 -4.72587e-04 | 33  0.01940 -2.00830e-04
 34  0.04814 -2.17441e-04 | 35  0.01166 -3.19768e-05 | 36 -0.02635  4.55234e-04
 37  0.00236  3.95578e-04 | 38 -0.02292 -1.60391e-04 | 39  0.24113 -9.34294e-03
 40  0.24637 -5.98931e-03 | 41  0.26413 -4.70269e-04 | 42  0.29007 -3.23289e-04
 43  0.02641 -1.62944e-04 | 44  0.57131 -1.34698e-05 | 45  0.75102  3.59741e-06
 46  0.51814  4.75032e-06 | 47 -0.58309  8.21957e-05 | 48  0.02116 -5.68670e-05
 49  0.35961 -4.46597e-05 | 50 -0.43414  1.33950e-04 | 51 -0.18780 -5.02470e-05
 52 -0.40897 -5.62264e-06 | 53 -0.34920  6.15704e-04 | 54 -0.02676  3.44830e-05
 55 -0.16494  6.48502e-03 | 56 -0.13864 -6.36075e-03 | 57  0.21193 -4.33897e-05
 58  0.15363  3.57541e-04 | 59 -0.02603  3.85189e-04 | 60 -0.08276  2.49140e-03
60 variables; iteration 120; function evaluation 136; phase 4
Function value 9.2690013e+01; maximum gradient component mag 2.8155e-02
Var    Value     Gradient |Var    Value     Gradient |Var    Value     Gradient
  1  0.15032 -1.15626e-02 |  2 -0.08936  4.15652e-05 |  3  0.01590  9.72935e-05
  4 -0.02893  8.51977e-05 |  5  0.02652 -4.82332e-05 |  6 -0.01595  3.01244e-04
  7 -0.06901  1.66501e-04 |  8 -0.03411  2.06464e-04 |  9 -0.01842  1.56987e-04
 10  0.06459  1.89006e-04 | 11  0.03400  1.99790e-04 | 12  0.06385  3.96456e-04
 13  0.01058  9.39391e-05 | 14  0.00699  1.87250e-04 | 15  0.06618  8.93249e-05
 16  0.01338  5.57369e-05 | 17 -0.06062  7.57271e-05 | 18 -0.01809  1.86885e-05
 19 -0.03389  8.60952e-05 | 20  0.05039 -4.29651e-05 | 21  0.05350  3.63384e-05
 22 -0.04511  5.13111e-05 | 23 -0.02404  1.07770e-04 | 24 -0.11355  1.12336e-04
 25 -0.01329  1.94726e-04 | 26 -0.02056  9.85918e-05 | 27 -0.02249 -4.57126e-05
 28  0.03657 -2.98178e-04 | 29 -0.01221 -4.90428e-04 | 30  0.05306 -8.44615e-04
 31 -0.03401 -1.69751e-04 | 32  0.04965 -9.53616e-04 | 33  0.01940 -5.48988e-04
 34  0.04814 -1.98082e-04 | 35  0.01166  4.77542e-04 | 36 -0.02635  9.11945e-04
 37  0.00236 -3.62208e-04 | 38 -0.02292 -3.69229e-04 | 39  0.24113 -7.13846e-03
 40  0.24637 -1.61574e-02 | 41  0.26413  1.18785e-05 | 42  0.29007  2.71593e-04
 43  0.02641 -5.96862e-05 | 44  0.57168  3.75531e-06 | 45  0.75084 -1.33089e-05
 46  0.52014  8.66309e-05 | 47 -0.58309  7.47339e-05 | 48  0.02116  2.20215e-04
 49  0.36192  1.98896e-05 | 50 -0.43414 -3.56007e-05 | 51 -0.18780  1.19978e-04
 52 -0.40897 -5.32658e-06 | 53 -0.34928  2.10385e-04 | 54 -0.02568  1.27562e-05
 55 -0.16931  2.81551e-02 | 56 -0.13854 -2.64160e-02 | 57  0.21193 -1.33097e-05
 58  0.15363 -2.07132e-04 | 59 -0.01641  1.29316e-03 | 60 -0.07322  1.18485e-02

 - final statistics:
60 variables; iteration 133; function evaluation 150
Function value 9.2690e+01; maximum gradient component mag -5.6363e-05
Exit code = 1;  converg criter 1.0000e-04
Var    Value     Gradient |Var    Value     Gradient |Var    Value     Gradient
  1  0.15032  2.85741e-05 |  2 -0.08936 -6.00980e-08 |  3  0.01590 -6.78683e-08
  4 -0.02893 -4.29058e-08 |  5  0.02652  1.59258e-07 |  6 -0.01595 -4.59178e-07
  7 -0.06901 -3.39293e-07 |  8 -0.03411 -4.52909e-07 |  9 -0.01842 -4.46123e-07
 10  0.06459 -4.75777e-07 | 11  0.03400 -3.02713e-07 | 12  0.06385 -1.22955e-07
 13  0.01058 -1.96923e-07 | 14  0.00699 -4.77985e-07 | 15  0.06618 -2.74188e-07
 16  0.01338 -2.06834e-07 | 17 -0.06062 -2.89116e-07 | 18 -0.01809 -1.93789e-07
 19 -0.03389 -2.58037e-07 | 20  0.05039 -1.59613e-07 | 21  0.05350 -2.15356e-07
 22 -0.04511 -2.59700e-07 | 23 -0.02404 -2.93930e-07 | 24 -0.11355 -1.88059e-07
 25 -0.01329 -1.72119e-07 | 26 -0.02056 -2.70146e-07 | 27 -0.02249 -4.80498e-09
 28  0.03657  7.55076e-07 | 29 -0.01221  8.89701e-07 | 30  0.05306  1.58073e-06
 31 -0.03401  2.73170e-07 | 32  0.04965  1.93443e-06 | 33  0.01940  1.09237e-06
 34  0.04814  4.43024e-07 | 35  0.01166 -2.57636e-07 | 36 -0.02635 -7.82234e-07
 37  0.00236 -5.46273e-07 | 38 -0.02292  7.34504e-07 | 39  0.24113  1.03077e-05
 40  0.24637  3.29234e-05 | 41  0.26413  5.05356e-08 | 42  0.29007 -3.14807e-08
 43  0.02641  5.71069e-08 | 44  0.57160 -2.65740e-09 | 45  0.75098  4.22330e-09
 46  0.51802 -2.91879e-08 | 47 -0.58309 -2.73534e-08 | 48  0.02116 -2.23270e-07
 49  0.36121 -5.59629e-09 | 50 -0.43414  1.15135e-07 | 51 -0.18780  6.42919e-08
 52 -0.40897 -4.24114e-10 | 53 -0.34929 -8.40697e-07 | 54 -0.02541 -5.59459e-08
 55 -0.17107 -5.63632e-05 | 56 -0.13851  5.23767e-05 | 57  0.21193  3.55255e-08
 58  0.15363  8.45680e-08 | 59 -0.01255 -2.28989e-06 | 60 -0.06939 -2.41370e-05
Estimating row 1 out of 60 for hessian
Estimating row 2 out of 60 for hessian
Estimating row 3 out of 60 for hessian
Estimating row 4 out of 60 for hessian
Estimating row 5 out of 60 for hessian
Estimating row 6 out of 60 for hessian
Estimating row 7 out of 60 for hessian
Estimating row 8 out of 60 for hessian
Estimating row 9 out of 60 for hessian
Estimating row 10 out of 60 for hessian
Estimating row 11 out of 60 for hessian
Estimating row 12 out of 60 for hessian
Estimating row 13 out of 60 for hessian
Estimating row 14 out of 60 for hessian
Estimating row 15 out of 60 for hessian
Estimating row 16 out of 60 for hessian
Estimating row 17 out of 60 for hessian
Estimating row 18 out of 60 for hessian
Estimating row 19 out of 60 for hessian
Estimating row 20 out of 60 for hessian
Estimating row 21 out of 60 for hessian
Estimating row 22 out of 60 for hessian
Estimating row 23 out of 60 for hessian
Estimating row 24 out of 60 for hessian
Estimating row 25 out of 60 for hessian
Estimating row 26 out of 60 for hessian
Estimating row 27 out of 60 for hessian
Estimating row 28 out of 60 for hessian
Estimating row 29 out of 60 for hessian
Estimating row 30 out of 60 for hessian
Estimating row 31 out of 60 for hessian
Estimating row 32 out of 60 for hessian
Estimating row 33 out of 60 for hessian
Estimating row 34 out of 60 for hessian
Estimating row 35 out of 60 for hessian
Estimating row 36 out of 60 for hessian
Estimating row 37 out of 60 for hessian
Estimating row 38 out of 60 for hessian
Estimating row 39 out of 60 for hessian
Estimating row 40 out of 60 for hessian
Estimating row 41 out of 60 for hessian
Estimating row 42 out of 60 for hessian
Estimating row 43 out of 60 for hessian
Estimating row 44 out of 60 for hessian
Estimating row 45 out of 60 for hessian
Estimating row 46 out of 60 for hessian
Estimating row 47 out of 60 for hessian
Estimating row 48 out of 60 for hessian
Estimating row 49 out of 60 for hessian
Estimating row 50 out of 60 for hessian
Estimating row 51 out of 60 for hessian
Estimating row 52 out of 60 for hessian
Estimating row 53 out of 60 for hessian
Estimating row 54 out of 60 for hessian
Estimating row 55 out of 60 for hessian
Estimating row 56 out of 60 for hessian
Estimating row 57 out of 60 for hessian
Estimating row 58 out of 60 for hessian
Estimating row 59 out of 60 for hessian
Estimating row 60 out of 60 for hessian
size of file gradfil1.tmp = 0
size of file gradfil2.tmp = 0
size of file varssave.tmp = 0
size of file cmpdiff.tmp = 0
