
Initial statistics: 7 variables; iteration 0; function evaluation 0; phase 1
Function value 5.6644645e+03; maximum gradient component mag 3.4903e+04
Var    Value     Gradient |Var    Value     Gradient |Var    Value     Gradient
  1 -0.08514 -2.88883e+03 |  2  0.39650  3.49028e+04 |  3  0.21635  2.95787e+04
  4  0.21635  2.17264e+04 |  5  0.21635  1.46925e+04 |  6 -0.17585 -1.68665e+03
  7  0.05795 -3.16479e+01 |

Intermediate statistics: 7 variables; iteration 20; function evaluation 37; phase 1
Function value 8.4838680e+02; maximum gradient component mag 2.6006e+02
Var    Value     Gradient |Var    Value     Gradient |Var    Value     Gradient
  1  0.68034  6.85805e-02 |  2  0.22777  2.60058e+02 |  3  0.19732  4.44044e+01
  4  0.18331 -1.15791e+01 |  5  0.19939  1.80464e+02 |  6  0.00729 -7.26568e+01
  7  0.15732  3.01579e+01 |

 - final statistics:
7 variables; iteration 29; function evaluation 46
Function value 8.4681e+02; maximum gradient component mag 3.9858e+00
Exit code = 1;  converg criter 1.0000e+01
Var    Value     Gradient |Var    Value     Gradient |Var    Value     Gradient
  1  0.73699  1.75111e-01 |  2  0.22467  7.67902e-01 |  3  0.19910 -2.00466e-01
  4  0.18523 -1.83614e+00 |  5  0.21099  3.98582e+00 |  6  0.10703  1.56182e-01
  7  0.22536 -1.00605e+00 |

Initial statistics: 57 variables; iteration 0; function evaluation 0; phase 2
Function value 8.4681084e+02; maximum gradient component mag -7.4473e+03
Var    Value     Gradient |Var    Value     Gradient |Var    Value     Gradient
  1  0.73699  1.75111e-01 |  2  0.22467  7.67902e-01 |  3  0.00000  2.48891e+01
  4  0.00000 -1.05412e+02 |  5  0.00000  4.37666e+01 |  6  0.00000 -6.59482e+01
  7  0.00000 -3.41592e+01 |  8  0.00000  4.62946e+01 |  9  0.00000  3.09918e+00
 10  0.00000  5.98300e+00 | 11  0.00000 -7.03559e+01 | 12  0.00000  2.19538e+01
 13  0.00000 -3.50132e+01 | 14  0.00000  7.44265e-01 | 15  0.00000 -9.72522e+00
 16  0.00000 -7.29282e+01 | 17  0.00000  2.13570e+01 | 18  0.00000  1.25864e+02
 19  0.00000 -3.45906e+01 | 20  0.00000  1.57168e+02 | 21  0.00000 -2.52890e+02
 22  0.00000 -2.20040e+02 | 23  0.00000  1.71725e+01 | 24  0.00000  8.16994e+01
 25  0.00000  3.28114e+02 | 26  0.00000 -1.03433e+02 | 27  0.00000  4.56816e+01
 28  0.00000  4.38307e+02 | 29  0.00000 -4.01242e+02 | 30  0.00000 -4.11535e+01
 31  0.00000 -4.22693e+02 | 32  0.00000  3.23512e+02 | 33  0.00000 -5.25656e+02
 34  0.00000  1.72160e+01 | 35  0.00000 -1.10583e+02 | 36  0.00000  2.03203e+02
 37  0.00000  2.25666e+02 | 38  0.00000  2.04948e+02 | 39  0.00000  6.64804e+01
 40  0.19910 -2.00466e-01 | 41  0.18523 -1.83614e+00 | 42  0.21635  9.53705e+02
 43  0.21099  3.98582e+00 | 44 -1.00000 -1.08293e-07 | 45  0.00000  7.80141e-05
 46  0.00000  1.68333e-01 | 47 -0.53989  3.54730e+00 | 48 -1.00000 -1.08293e-07
 49 -0.53989  1.29293e+01 | 50 -1.00000 -1.08293e-07 | 51 -0.53989  2.64523e+00
 52 -0.32288  1.17961e+02 | 53  0.21635  3.63259e+00 | 54 -0.17585 -2.24527e+03
 55 -0.12819 -7.44730e+03 | 56  0.10703  1.56182e-01 | 57  0.22536 -1.00605e+00

Intermediate statistics: 57 variables; iteration 20; function evaluation 36; phase 2
Function value 5.9563669e+02; maximum gradient component mag -7.0056e+03
Var    Value     Gradient |Var    Value     Gradient |Var    Value     Gradient
  1  0.83478  2.44672e+01 |  2  0.17223 -2.65964e+03 |  3 -0.07741 -2.13417e+01
  4  0.32858  1.15608e+02 |  5  0.14868 -3.66419e+01 |  6  0.20151  5.66466e+01
  7  0.11463 -3.54057e+01 |  8 -0.04979 -1.57531e+02 |  9 -0.03310 -1.32316e+02
 10  0.04937 -5.76110e+01 | 11  0.15795  6.46713e-02 | 12  0.05651 -9.18009e+01
 13  0.05429 -8.85818e+01 | 14  0.01291 -9.75325e+01 | 15  0.04780 -4.64324e+01
 16  0.07776 -4.89676e+01 | 17 -0.02922 -1.78623e+02 | 18 -0.10672 -1.90677e+02
 19 -0.07197 -2.20651e+02 | 20  0.00229  3.38532e+01 | 21  0.03886 -2.00706e+02
 22  0.05748 -1.25148e+02 | 23 -0.06697 -2.22413e+02 | 24 -0.11156 -2.42997e+02
 25 -0.13998 -8.94700e+00 | 26 -0.00399 -1.66894e+02 | 27 -0.09300 -1.74933e+02
 28 -0.00740  3.79723e+02 | 29  0.08201  3.01751e+02 | 30 -0.00605 -1.71574e+02
 31 -0.02141 -7.88371e+02 | 32 -0.05067 -2.65305e+02 | 33  0.04012 -2.44363e+02
 34  0.00383 -2.48815e+02 | 35  0.02600 -1.10227e+02 | 36  0.00012 -1.48846e+02
 37 -0.00183  2.61758e+02 | 38 -0.06410 -1.84431e+02 | 39 -0.06513 -8.06537e+01
 40  0.22447 -9.83385e+02 | 41  0.22786 -4.45206e+02 | 42  0.24087 -4.26199e+02
 43  0.26088  2.94624e+02 | 44 -0.85492 -1.34108e-02 | 45 -0.00000  1.17314e-04
 46 -0.00240  5.42342e-02 | 47 -0.59104  1.29974e+00 | 48 -0.69923 -1.03370e+03
 49 -0.58255  7.46012e+02 | 50 -0.74652 -1.05309e+01 | 51 -0.58072  5.78172e+00
 52 -0.36742 -6.04788e+01 | 53  0.19479 -4.09078e+00 | 54 -0.15260 -2.44139e+02
 55 -0.12656 -7.00564e+03 | 56  0.17813 -2.45230e+01 | 57  0.21751 -5.84312e+01
57 variables; iteration 40; function evaluation 62; phase 2
Function value 4.9150274e+02; maximum gradient component mag -4.6723e+03
Var    Value     Gradient |Var    Value     Gradient |Var    Value     Gradient
  1  1.49403  1.45225e+01 |  2  0.17615 -2.89942e+03 |  3  0.01920 -3.41160e+00
  4  0.40516  1.32630e+02 |  5  0.21185 -6.17058e+01 |  6  0.35764  1.23527e+02
  7  0.25448  1.16847e+02 |  8  0.06457 -3.83273e+01 |  9  0.12687  1.14089e+02
 10  0.10629  8.74477e+01 | 11  0.09581  5.89603e+01 | 12 -0.01088 -1.69027e+01
 13  0.03846  4.83971e+01 | 14 -0.01494 -7.86511e+00 | 15  0.03980  8.70115e+01
 16  0.10133  1.52221e+02 | 17 -0.01943 -1.47447e+00 | 18 -0.14326 -9.23602e+01
 19 -0.02171  8.94226e+01 | 20 -0.01672  1.28605e+02 | 21  0.08105  9.31139e+01
 22  0.08218  8.89212e+01 | 23 -0.08351 -8.68042e+01 | 24 -0.14116 -2.06066e+02
 25 -0.14369  1.09255e+02 | 26  0.00108  4.73210e+00 | 27 -0.12835 -1.21981e+02
 28 -0.06885  2.99564e+02 | 29  0.07339  3.87071e+02 | 30  0.00484  2.08321e+02
 31 -0.00884 -4.21664e+02 | 32 -0.05934 -1.71251e+02 | 33  0.02996 -1.07361e+02
 34 -0.01263 -2.26979e+02 | 35  0.03690  3.03545e+02 | 36 -0.01633 -1.67522e+02
 37 -0.02493  1.09076e+02 | 38 -0.08204 -2.61664e+02 | 39 -0.12401 -9.41602e+01
 40  0.21665 -2.05700e+03 | 41  0.22785 -2.75565e+02 | 42  0.24130 -2.89122e+02
 43  0.28069  2.02049e+02 | 44 -0.39480  5.13806e+01 | 45 -0.26351  2.93491e+00
 46 -0.12104  1.95861e+00 | 47 -2.74969 -2.25386e+00 | 48 -0.68679 -7.91818e+02
 49 -0.64629  6.98808e+02 | 50 -0.92563 -1.35370e+02 | 51 -0.86574  7.47635e+01
 52 -0.46748 -2.42276e-01 | 53 -0.32133 -5.93756e-02 | 54 -0.14747  3.77317e+02
 55 -0.11598 -4.67229e+03 | 56  0.32389  4.22974e+01 | 57  0.25589 -1.73347e+02
57 variables; iteration 60; function evaluation 89; phase 2
Function value 3.0272304e+02; maximum gradient component mag -2.5062e+03
Var    Value     Gradient |Var    Value     Gradient |Var    Value     Gradient
  1  1.57504  3.73865e+00 |  2  0.16706 -2.50620e+03 |  3 -0.28856 -4.79726e+01
  4  0.04248  3.68877e+01 |  5 -0.03610 -4.73965e+01 |  6  0.08132  3.58498e+01
  7  0.06411  1.32084e+02 |  8 -0.04652  3.81254e+01 |  9 -0.03419  2.86750e+01
 10  0.03308  9.51120e+01 | 11  0.12023  1.45110e+02 | 12  0.00371  1.45498e+01
 13  0.02714  2.71665e+01 | 14 -0.01476  1.17740e+01 | 15  0.01513  8.19284e+01
 16  0.06547  6.08438e+01 | 17 -0.00234  2.11398e+01 | 18 -0.12114 -7.01006e+01
 19 -0.02054  5.15851e+01 | 20 -0.02828  6.54814e+01 | 21  0.09547  1.15632e+02
 22  0.11708  1.72052e+02 | 23 -0.02895  5.49795e+01 | 24 -0.08555 -9.23022e+01
 25 -0.17297 -1.18415e+02 | 26  0.01622  1.71291e+02 | 27 -0.07814 -1.51662e+01
 28 -0.06015  1.10884e+02 | 29  0.08834  3.91618e+02 | 30  0.01290  1.50289e+02
 31  0.02671 -1.31920e+02 | 32 -0.04753 -2.74304e+02 | 33  0.07380  7.79504e+01
 34  0.02559 -1.66175e+02 | 35  0.06522  2.93227e+02 | 36  0.02017 -1.03675e+02
 37 -0.00629  7.28397e+01 | 38 -0.05472 -2.16809e+02 | 39 -0.03522  7.35167e+01
 40  0.22009 -1.25575e+03 | 41  0.22879 -3.26704e+02 | 42  0.23871 -5.06107e+02
 43  0.24873 -4.21697e+02 | 44 -0.43037  1.33926e+00 | 45 -0.59348  1.03428e-01
 46 -1.54554 -6.31467e-01 | 47 -2.24088 -2.52011e+00 | 48 -0.70474 -2.79480e+02
 49 -0.70934  2.84063e+02 | 50 -0.97496 -2.38935e+02 | 51 -0.96091  1.52963e+02
 52 -0.48881 -5.09857e-02 | 53 -1.49076  1.62481e-02 | 54 -0.11820 -1.66974e+01
 55 -0.07808 -2.29763e+02 | 56  0.18062  5.86958e+01 | 57  0.25445 -2.15582e+00
Maximum number of function evaluations exceeded

 - final statistics:
57 variables; iteration 71; function evaluation 100
Function value 2.3943e+02; maximum gradient component mag 3.2898e+02
Exit code = 3;  converg criter 1.0000e+01
Var    Value     Gradient |Var    Value     Gradient |Var    Value     Gradient
  1  1.66970  1.01120e+01 |  2  0.15639 -3.18927e+01 |  3 -0.10216 -1.88235e+00
  4  0.01793  1.05399e+01 |  5 -0.03382 -7.31826e+00 |  6  0.02410  4.19256e+00
  7 -0.01744  2.61929e+00 |  8 -0.07438 -5.63094e+00 |  9 -0.04155 -4.27355e+00
 10 -0.02286 -1.12215e+00 | 11  0.05802  4.75523e+00 | 12  0.02194 -2.93040e+00
 13  0.05096  2.25295e+00 | 14  0.01047  4.81743e+00 | 15  0.00551 -3.78093e+00
 16  0.06238  3.71936e+00 | 17  0.00215 -9.26490e+00 | 18 -0.06896 -1.17603e+01
 19 -0.01714 -9.04745e+00 | 20 -0.04128  6.81488e+00 | 21  0.06551 -4.51148e+00
 22  0.08159  8.25268e+00 | 23 -0.04038 -5.53997e+00 | 24 -0.04604  3.21973e+00
 25 -0.11070  1.93035e+00 | 26 -0.01418 -3.07072e-01 | 27 -0.04301 -1.22427e+01
 28 -0.04866  4.64088e+00 | 29  0.05922  3.93494e+01 | 30 -0.00212  5.74383e+00
 31  0.03813 -3.46115e+01 | 32 -0.01670 -2.86368e+01 | 33  0.06907  3.67417e+00
 34  0.04025 -1.64519e+01 | 35  0.05171  1.52995e+01 | 36  0.03243 -7.38552e+00
 37 -0.00479  2.59119e+01 | 38 -0.02849  8.83398e+00 | 39 -0.01125 -6.42247e-01
 40  0.23071 -9.02740e+01 | 41  0.23929 -4.68883e+01 | 42  0.25392 -3.74822e+01
 43  0.25344 -1.93922e+01 | 44 -0.44802  6.54381e-02 | 45 -0.86067 -1.08341e-02
 46 -0.97764 -1.61751e-02 | 47 -2.21643 -7.40268e-01 | 48 -0.74713 -5.57694e+01
 49 -0.76090  5.90481e+01 | 50 -0.98414  3.28978e+02 | 51 -0.97744 -2.31446e+02
 52 -0.56825 -2.32693e-02 | 53 -0.42376 -1.05740e-02 | 54 -0.10007 -9.12143e+00
 55 -0.06014  1.90185e+02 | 56  0.09299 -1.21476e+00 | 57  0.15525 -7.42205e-01

Initial statistics: 57 variables; iteration 0; function evaluation 0; phase 3
Function value 2.3943164e+02; maximum gradient component mag 3.2898e+02
Var    Value     Gradient |Var    Value     Gradient |Var    Value     Gradient
  1  0.33030 -1.01120e+01 |  2  0.15639 -3.18927e+01 |  3 -0.10216 -1.88235e+00
  4  0.01793  1.05399e+01 |  5 -0.03382 -7.31826e+00 |  6  0.02410  4.19256e+00
  7 -0.01743  3.10916e+00 |  8 -0.07437 -5.14425e+00 |  9 -0.04154 -3.78455e+00
 10 -0.02284 -6.32424e-01 | 11  0.05803  5.24323e+00 | 12  0.02196 -2.44065e+00
 13  0.05098  2.74142e+00 | 14  0.01048  5.30741e+00 | 15  0.00553 -3.29090e+00
 16  0.06239  4.20705e+00 | 17  0.00216 -8.77486e+00 | 18 -0.06894 -1.12731e+01
 19 -0.01713 -8.55759e+00 | 20 -0.04127  7.30391e+00 | 21  0.06552 -4.02402e+00
 22  0.08160  8.73868e+00 | 23 -0.04037 -5.05091e+00 | 24 -0.04603  3.70850e+00
 25 -0.11069  2.41301e+00 | 26 -0.01417  1.82853e-01 | 27 -0.04299 -1.17537e+01
 28 -0.04865  5.12950e+00 | 29  0.05923  3.98372e+01 | 30 -0.00210  6.23387e+00
 31  0.03815 -3.41222e+01 | 32 -0.01669 -2.81470e+01 | 33  0.06909  4.16132e+00
 34  0.04026 -1.59628e+01 | 35  0.05172  1.57879e+01 | 36  0.03244 -6.89611e+00
 37 -0.00478  2.64020e+01 | 38 -0.02847  9.32354e+00 | 39 -0.01123 -1.52277e-01
 40  0.23071 -9.02740e+01 | 41  0.23929 -4.68883e+01 | 42  0.25392 -3.74822e+01
 43  0.25344 -1.93922e+01 | 44 -0.44802  6.54381e-02 | 45 -0.86067 -1.08341e-02
 46 -0.97764 -1.61751e-02 | 47  0.21643  7.40268e-01 | 48 -0.74713 -5.57694e+01
 49 -0.76090  5.90481e+01 | 50 -0.98414  3.28978e+02 | 51 -0.97744 -2.31446e+02
 52 -0.56825 -2.32693e-02 | 53 -0.42376 -1.05740e-02 | 54 -0.10007 -9.12143e+00
 55 -0.06014  1.90185e+02 | 56  0.09299 -1.21476e+00 | 57  0.15525 -7.42205e-01

Intermediate statistics: 57 variables; iteration 20; function evaluation 23; phase 3
Function value 2.3863484e+02; maximum gradient component mag -1.4034e+02
Var    Value     Gradient |Var    Value     Gradient |Var    Value     Gradient
  1  0.36469 -3.76295e+00 |  2  0.15796 -9.25171e+01 |  3 -0.09603 -6.88467e-01
  4  0.01644  3.23260e+00 |  5 -0.03182 -6.14922e+00 |  6  0.02611  3.50375e-01
  7 -0.01170  3.86683e+00 |  8 -0.06662 -1.51432e+00 |  9 -0.03460 -1.02237e+00
 10 -0.01484  2.64235e+00 | 11  0.06051  4.77224e+00 | 12  0.02310 -1.10249e+00
 13  0.04868 -1.03042e+00 | 14  0.00830  8.03840e-01 | 15  0.00698  6.20776e-01
 16  0.05966  8.22950e-01 | 17  0.00389  8.94647e-01 | 18 -0.06596  3.18988e-01
 19 -0.01659 -4.02052e+00 | 20 -0.04483 -2.93631e+00 | 21  0.06413 -7.64020e+00
 22  0.07747 -5.77781e+00 | 23 -0.03664  2.29958e+00 | 24 -0.05037 -7.58361e+00
 25 -0.11918 -1.59574e+01 | 26 -0.01270  6.39986e+00 | 27 -0.04036  2.69297e+00
 28 -0.05440 -2.31422e+00 | 29  0.05739  2.28383e+01 | 30 -0.00214  7.02161e+00
 31  0.03967 -1.03618e+01 | 32 -0.01485 -1.34558e+01 | 33  0.06902  3.30528e+00
 34  0.04019 -1.05477e+01 | 35  0.04978  3.73927e+00 | 36  0.03091 -1.11487e+00
 37 -0.00681  3.01370e+01 | 38 -0.03099  1.65172e+01 | 39 -0.01591 -3.90549e+00
 40  0.23000 -1.22971e+02 | 41  0.23847 -1.55042e+01 | 42  0.25292 -5.51900e+01
 43  0.25501 -6.08376e+01 | 44 -0.44850  7.17549e-02 | 45 -0.86059 -1.05528e-02
 46 -0.97753 -1.84203e-02 | 47  0.20791  3.34390e-01 | 48 -0.74843 -9.70727e+01
 49 -0.76068  1.02156e+02 | 50 -0.99071 -1.40342e+02 | 51 -0.98650  9.62799e+01
 52 -0.56807 -2.31685e-02 | 53 -0.42368 -1.05254e-02 | 54 -0.10314 -3.04360e+01
 55 -0.06335  1.15849e+02 | 56  0.11287  1.77376e+01 | 57  0.16566 -1.89778e+01
57 variables; iteration 40; function evaluation 48; phase 3
Function value 2.3751532e+02; maximum gradient component mag -5.8089e+02
Var    Value     Gradient |Var    Value     Gradient |Var    Value     Gradient
  1  0.35384  9.37639e+00 |  2  0.15486 -5.80888e+02 |  3 -0.09199  7.02926e-01
  4  0.01500  3.25903e+00 |  5 -0.03721 -1.02640e+01 |  6  0.01226 -1.82048e+01
  7 -0.02781  2.81455e+00 |  8 -0.07843  5.51987e+00 |  9 -0.04556 -2.76228e+00
 10 -0.02084  1.17085e+01 | 11  0.06215  1.33007e+01 | 12  0.02524  5.87691e+00
 13  0.04969 -1.37542e+00 | 14  0.00904  3.66038e+00 | 15  0.01149  1.32371e+01
 16  0.06371  9.99465e+00 | 17  0.00586  3.10367e+00 | 18 -0.06161  9.66545e+00
 19 -0.01725 -7.27633e+00 | 20 -0.04650 -9.40142e+00 | 21  0.06178 -1.06487e+01
 22  0.07993  1.69931e+01 | 23 -0.03510  1.72335e+01 | 24 -0.05037 -2.13016e+00
 25 -0.11320  8.59575e+00 | 26 -0.01249  8.64784e-01 | 27 -0.03518  1.73411e+01
 28 -0.05305 -2.95967e-01 | 29  0.05864  4.13136e+00 | 30 -0.00083  5.10779e+00
 31  0.04162  9.92044e+00 | 32 -0.01327  8.65238e+00 | 33  0.06921  1.02780e+01
 34  0.04205  9.83373e+00 | 35  0.05146  3.20628e-01 | 36  0.03345 -1.68359e+01
 37 -0.00727 -5.75941e+01 | 38 -0.03123 -1.00226e+02 | 39 -0.01549  2.21518e+01
 40  0.23225 -1.92553e+01 | 41  0.24099  7.28983e+00 | 42  0.25646 -8.88857e+00
 43  0.25906 -1.34093e+01 | 44 -0.51432 -2.71872e-03 | 45 -0.85139 -1.27616e-02
 46 -0.96257 -1.10956e-02 | 47 -0.29115  5.12066e+00 | 48 -0.68828 -3.40076e+01
 49 -0.70634  3.61690e+01 | 50 -0.98912  3.86440e+02 | 51 -0.98471 -2.75138e+02
 52 -0.54623 -5.50851e-02 | 53 -0.41383 -2.17441e-02 | 54 -0.10273  8.28525e+00
 55 -0.06489  7.53331e+00 | 56  0.11756  2.51093e+00 | 57  0.16238  4.80674e+00
57 variables; iteration 60; function evaluation 92; phase 3
Function value 2.2500442e+02; maximum gradient component mag -1.2599e+03
Var    Value     Gradient |Var    Value     Gradient |Var    Value     Gradient
  1  0.38522 -7.54478e+00 |  2  0.15796 -5.06397e+02 |  3 -0.08225  3.99405e+00
  4  0.01330 -2.24214e+00 |  5 -0.02973  1.02151e+00 |  6  0.02037 -1.10908e+01
  7 -0.01590 -2.58492e+00 |  8 -0.05549  1.68831e+01 |  9 -0.02624  3.94376e+00
 10 -0.00064  1.73265e+01 | 11  0.06389  7.07551e+00 | 12  0.01889 -7.01064e+00
 13  0.04938 -7.04725e+00 | 14  0.00084 -1.80059e+01 | 15  0.00688  3.15685e+00
 16  0.06226 -1.35082e+01 | 17 -0.00044 -2.90901e+01 | 18 -0.06541 -1.99294e+00
 19 -0.01798 -9.43160e+00 | 20 -0.04640 -1.43906e+01 | 21  0.06453 -2.13957e+01
 22  0.07938 -3.22314e+00 | 23 -0.03900 -4.18875e+00 | 24 -0.05148 -3.68641e+00
 25 -0.11124  2.13500e+01 | 26 -0.01725 -1.07551e+01 | 27 -0.03910  1.29024e+01
 28 -0.05738  1.16535e+01 | 29  0.05208 -1.69236e+01 | 30 -0.00459 -4.84757e+00
 31  0.03808  3.34473e+01 | 32 -0.01499  4.21696e+00 | 33  0.06573  9.29483e+00
 34  0.03913  8.45713e+00 | 35  0.04753  2.56109e+01 | 36  0.02914  1.09307e+01
 37 -0.01114 -3.27988e+01 | 38 -0.03038 -2.36611e+01 | 39 -0.01348  1.43322e+01
 40  0.23321 -1.25993e+03 | 41  0.23921  1.31486e+01 | 42  0.25570  8.15506e+01
 43  0.25982  8.04603e+01 | 44 -1.24055  7.91098e-03 | 45 -0.68538 -5.80852e-03
 46 -0.80856  2.74563e-02 | 47 -0.48228  2.59602e+00 | 48 -0.46455 -9.33041e+00
 49 -0.50858  2.58646e+01 | 50 -0.97791  2.36434e+02 | 51 -0.96874 -1.67158e+02
 52 -0.32396  4.57579e-02 | 53  0.26157  8.08577e-03 | 54 -0.10455  4.49618e+01
 55 -0.06664 -1.40401e+02 | 56  0.12599 -1.98308e+01 | 57  0.16743  1.50867e+01
Maximum number of function evaluations exceeded

 - final statistics:
57 variables; iteration 64; function evaluation 100
Function value 2.2195e+02; maximum gradient component mag -9.4558e+02
Exit code = 3;  converg criter 1.0000e+00
Var    Value     Gradient |Var    Value     Gradient |Var    Value     Gradient
  1  0.39323 -7.56539e+00 |  2  0.15754 -2.25505e+02 |  3 -0.08716  1.68023e+00
  4  0.01641  2.86928e+00 |  5 -0.02798  2.02636e+00 |  6  0.02543 -3.44056e+00
  7 -0.01297 -2.15715e+00 |  8 -0.05968  8.20568e+00 |  9 -0.02803  3.75715e+00
 10 -0.00815  7.39371e+00 | 11  0.06258  3.47317e+00 | 12  0.02173 -4.44205e+00
 13  0.05033 -5.97823e+00 | 14  0.00258 -1.29240e+01 | 15  0.00509 -5.21678e-01
 16  0.06119 -1.35790e+01 | 17  0.00289 -1.88118e+01 | 18 -0.06595 -2.08525e+00
 19 -0.01735 -7.31675e+00 | 20 -0.04531 -1.05396e+01 | 21  0.06521 -1.67786e+01
 22  0.07830 -9.58593e+00 | 23 -0.03922 -5.61974e+00 | 24 -0.05174 -4.31955e+00
 25 -0.11348  8.28255e+00 | 26 -0.01485 -3.37279e+00 | 27 -0.03968  5.94704e+00
 28 -0.05769  2.70234e+00 | 29  0.05292 -6.17262e-01 | 30 -0.00481 -3.64464e+00
 31  0.03661  1.81456e+01 | 32 -0.01631 -2.75348e+00 | 33  0.06426  5.13701e+00
 34  0.03793  8.30080e-01 | 35  0.04692  1.55780e+01 | 36  0.02944  1.33868e+01
 37 -0.00819  6.81959e-01 | 38 -0.02660  1.39402e+01 | 39 -0.00844  8.12986e+00
 40  0.23546 -9.45578e+02 | 41  0.23978  4.81705e+00 | 42  0.25524  3.06939e+01
 43  0.26154  2.78312e+01 | 44 -1.55483 -1.87963e-01 | 45 -0.56884  1.44614e-02
 46 -0.72307  5.09055e-04 | 47 -0.59322  4.57281e-01 | 48 -0.45760  5.45757e+01
 49 -0.51022 -6.27317e+01 | 50 -0.96651  8.16864e+01 | 51 -0.95247 -5.76296e+01
 52 -0.32562 -3.15084e+01 | 53  0.53954 -5.88533e-01 | 54 -0.10348  1.70221e+01
 55 -0.06564 -5.24879e+01 | 56  0.13768 -7.63616e+00 | 57  0.17021  7.72658e+00

Initial statistics: 59 variables; iteration 0; function evaluation 0; phase 4
Function value 2.2195073e+02; maximum gradient component mag -9.4558e+02
Var    Value     Gradient |Var    Value     Gradient |Var    Value     Gradient
  1  0.39323 -7.56539e+00 |  2  0.15754 -2.25505e+02 |  3 -0.08716  1.68023e+00
  4  0.01641  2.86928e+00 |  5 -0.02798  2.02636e+00 |  6  0.02543 -3.44056e+00
  7 -0.01296 -1.87140e+00 |  8 -0.05967  8.49024e+00 |  9 -0.02803  4.04268e+00
 10 -0.00814  7.67950e+00 | 11  0.06259  3.75759e+00 | 12  0.02174 -4.15641e+00
 13  0.05034 -5.69331e+00 | 14  0.00258 -1.26382e+01 | 15  0.00509 -2.35880e-01
 16  0.06120 -1.32945e+01 | 17  0.00290 -1.85260e+01 | 18 -0.06594 -1.80098e+00
 19 -0.01735 -7.03105e+00 | 20 -0.04530 -1.02545e+01 | 21  0.06521 -1.64943e+01
 22  0.07831 -9.30227e+00 | 23 -0.03921 -5.33448e+00 | 24 -0.05173 -4.03469e+00
 25 -0.11347  8.56384e+00 | 26 -0.01485 -3.08706e+00 | 27 -0.03968  6.23230e+00
 28 -0.05768  2.98698e+00 | 29  0.05292 -3.32442e-01 | 30 -0.00480 -3.35884e+00
 31  0.03662  1.84309e+01 | 32 -0.01630 -2.46776e+00 | 33  0.06426  5.42136e+00
 34  0.03793  1.11538e+00 | 35  0.04693  1.58631e+01 | 36  0.02945  1.36723e+01
 37 -0.00818  9.67742e-01 | 38 -0.02659  1.42258e+01 | 39 -0.00843  8.41564e+00
 40  0.23546 -9.45578e+02 | 41  0.23978  4.81705e+00 | 42  0.25524  3.06939e+01
 43  0.26154  2.78312e+01 | 44 -0.44517  1.87963e-01 | 45 -0.56884  1.44614e-02
 46 -0.72307  5.09055e-04 | 47 -0.59322  4.57281e-01 | 48 -0.45760  5.45757e+01
 49 -0.51022 -6.27317e+01 | 50 -0.96651  8.16864e+01 | 51 -0.95247 -5.76296e+01
 52 -0.32562 -3.15084e+01 | 53  0.53954 -5.88533e-01 | 54 -0.10348  1.70221e+01
 55 -0.06564 -5.24879e+01 | 56  0.13768 -7.63616e+00 | 57  0.17021  7.72658e+00
 58 -0.05795  3.32212e+02 | 59 -0.17585 -3.04352e+02 |

Intermediate statistics: 59 variables; iteration 20; function evaluation 23; phase 4
Function value 2.1048209e+02; maximum gradient component mag -2.2724e+03
Var    Value     Gradient |Var    Value     Gradient |Var    Value     Gradient
  1  0.37828  3.62525e+01 |  2  0.15034 -2.27236e+03 |  3 -0.08965 -1.45608e-01
  4  0.01932  3.54006e-01 |  5 -0.02403 -3.66543e-01 |  6  0.03167  9.26810e-01
  7 -0.00942  2.63292e+01 |  8 -0.06481  2.34386e+01 |  9 -0.03231  2.31826e+01
 10 -0.01701  2.34277e+01 | 11  0.06320  2.28722e+01 | 12  0.02996  2.24638e+01
 13  0.05576  1.26422e+01 | 14  0.00442  1.41437e+01 | 15 -0.00040  1.78727e+01
 16  0.06450  5.88365e+00 | 17  0.01439  7.46078e+00 | 18 -0.05800  1.21779e+01
 19 -0.02112  1.71442e+00 | 20 -0.03803  5.58420e+00 | 21  0.06488  1.51344e+01
 22  0.06869 -3.48429e+00 | 23 -0.03336  1.82149e+01 | 24 -0.05485  3.41748e-01
 25 -0.12000 -2.67874e+00 | 26 -0.00928 -9.84860e+00 | 27 -0.02826 -2.14208e+01
 28 -0.06154 -8.28094e+01 | 29  0.04919 -1.71996e+02 | 30 -0.00593 -3.49225e+01
 31  0.03029 -4.43029e+01 | 32 -0.02375 -2.11537e+01 | 33  0.04957 -2.65665e+01
 34  0.02731 -3.39554e+01 | 35  0.04232 -2.97428e+01 | 36  0.02816 -2.83042e+01
 37 -0.00457 -4.98169e+01 | 38 -0.01854 -5.03938e+01 | 39 -0.00050  3.86730e+01
 40  0.24937 -7.08464e+02 | 41  0.24435 -2.21894e+02 | 42  0.26085 -1.81458e+02
 43  0.27147 -3.74209e+02 | 44 -0.44531 -1.06926e-01 | 45 -0.56884 -1.39697e-02
 46 -0.72308  4.56505e-05 | 47 -0.59520  4.29972e-01 | 48 -0.49850  8.67699e+00
 49 -0.54053 -1.41598e+00 | 50 -0.96449  2.61431e+02 | 51 -0.95244 -1.95266e+02
 52 -0.28426  4.48558e+01 | 53  0.54190  5.50218e-02 | 54 -0.11841 -1.26924e+02
 55 -0.08331  9.37093e+01 | 56  0.14988  4.36262e+01 | 57  0.14795  1.39294e+01
 58 -0.07836  7.64715e+01 | 59 -0.16818 -1.99053e+02 |
59 variables; iteration 40; function evaluation 47; phase 4
Function value 2.0917174e+02; maximum gradient component mag -2.2729e+03
Var    Value     Gradient |Var    Value     Gradient |Var    Value     Gradient
  1  0.31631  2.88220e+01 |  2  0.14782 -2.27288e+03 |  3 -0.10606 -4.27970e+00
  4  0.01540 -2.95875e+00 |  5 -0.02613 -3.73325e-01 |  6  0.02477 -5.81792e+00
  7 -0.01780  3.14289e+01 |  8 -0.07604  2.14317e+01 |  9 -0.03999  2.59510e+01
 10 -0.02966  2.33888e+01 | 11  0.05311  1.87259e+01 | 12  0.02661  2.29591e+01
 13  0.05716  1.36726e+01 | 14  0.00681  1.78925e+01 | 15  0.00180  2.34254e+01
 16  0.06783  1.13132e+01 | 17  0.01333 -2.76065e+00 | 18 -0.05563  1.11003e+01
 19 -0.01933  3.21951e+00 | 20 -0.03485  1.42789e+01 | 21  0.06602  2.82583e+01
 22  0.06833  4.19795e+00 | 23 -0.03449  2.48676e+01 | 24 -0.05267  1.33382e+01
 25 -0.11631  5.73198e+00 | 26 -0.00760 -1.89243e+01 | 27 -0.02609 -2.63067e+01
 28 -0.05651 -8.33662e+01 | 29  0.05223 -1.53130e+02 | 30 -0.00361 -6.96728e+00
 31  0.03241 -1.93711e+01 | 32 -0.02149  1.10004e+00 | 33  0.04942 -1.66853e+01
 34  0.02812 -2.59047e+01 | 35  0.04383 -2.99798e+01 | 36  0.02997 -5.35147e+01
 37 -0.00243 -7.50322e+01 | 38 -0.01413 -7.23215e+01 | 39  0.00467  2.36182e+01
 40  0.25136 -5.48220e+02 | 41  0.24557 -2.98281e+02 | 42  0.26224 -1.82781e+02
 43  0.26964 -3.20311e+02 | 44 -0.44420 -1.92943e-01 | 45 -0.56795 -2.20816e-02
 46 -0.72321 -6.63798e-03 | 47 -0.69485  1.30712e-03 | 48 -0.51279  2.69222e+01
 49 -0.55333 -1.66145e+01 | 50 -0.96374  1.45067e+02 | 51 -0.95177 -1.09124e+02
 52 -0.28336  1.70817e+01 | 53  0.68917  1.87459e-02 | 54 -0.19913  3.15565e+02
 55 -0.08472 -2.81964e+02 | 56  0.12330  2.81313e+01 | 57  0.13282  2.09434e+01
 58 -0.00157  1.16818e+02 | 59 -0.08609  2.12879e+02 |
59 variables; iteration 60; function evaluation 79; phase 4
Function value 2.0512007e+02; maximum gradient component mag -2.7273e+02
Var    Value     Gradient |Var    Value     Gradient |Var    Value     Gradient
  1  0.24308  2.65068e-01 |  2  0.14441 -2.72725e+02 |  3 -0.10106  5.95701e-01
  4  0.01384 -1.75928e+00 |  5 -0.02765 -4.90189e-01 |  6  0.02232 -2.55181e+00
  7 -0.02815  5.90025e+00 |  8 -0.08071  4.56904e+00 |  9 -0.04279  5.92991e+00
 10 -0.03202  5.97155e+00 | 11  0.05588  5.21239e+00 | 12  0.02867  5.55313e+00
 13  0.05923  3.54704e+00 | 14  0.00558  6.50201e+00 | 15 -0.00559  3.13864e+00
 16  0.06855  5.72717e+00 | 17  0.02028  6.74361e+00 | 18 -0.05185  4.06580e+00
 19 -0.01722  3.57166e+00 | 20 -0.03482  4.46781e+00 | 21  0.05899  3.71530e+00
 22  0.06357  1.30659e+00 | 23 -0.04139  9.49684e-01 | 24 -0.05466 -8.66115e+00
 25 -0.11393 -1.89952e+01 | 26 -0.00605 -6.22242e+01 | 27 -0.02116 -4.56038e+00
 28 -0.04653 -8.13930e-03 | 29  0.05668  1.30726e+01 | 30 -0.00194  7.13530e+00
 31  0.03264  3.38082e+00 | 32 -0.02282  4.89621e+00 | 33  0.04575  7.32096e+00
 34  0.02660  7.72966e+00 | 35  0.04371  7.43662e+00 | 36  0.03194  5.83501e+00
 37  0.00339  2.18807e+00 | 38 -0.00665 -1.27147e+01 | 39  0.00706 -4.37517e+00
 40  0.25847 -3.29541e+00 | 41  0.24911 -2.56349e+01 | 42  0.26764  7.92679e+00
 43  0.27710  3.24964e+01 | 44 -0.36358 -1.35209e+00 | 45 -0.57440 -3.71748e-02
 46 -0.70835 -6.33820e-03 | 47 -1.13517  1.45436e-02 | 48 -0.55404  2.48150e+01
 49 -0.59228 -1.93413e+01 | 50 -0.97866 -7.83440e+01 | 51 -0.97198  5.95287e+01
 52 -0.27114  7.29261e+00 | 53  0.83803 -6.21457e-03 | 54 -0.16928  4.28561e+00
 55 -0.09847  1.59791e+01 | 56  0.12377 -3.84896e+00 | 57  0.12167 -3.53025e+00
 58 -0.05565 -4.95322e+00 | 59 -0.12556  9.23138e+00 |
59 variables; iteration 80; function evaluation 100; phase 4
Function value 2.0480015e+02; maximum gradient component mag 4.2857e+00
Var    Value     Gradient |Var    Value     Gradient |Var    Value     Gradient
  1  0.23697 -8.20609e-03 |  2  0.14397  4.28575e+00 |  3 -0.10295  2.81403e-02
  4  0.01452  1.00405e-02 |  5 -0.02747 -4.04733e-02 |  6  0.02267  1.06757e-02
  7 -0.02994 -1.09732e-01 |  8 -0.08256 -5.97249e-02 |  9 -0.04552 -7.52642e-02
 10 -0.03613 -1.04085e-01 | 11  0.05408 -5.97059e-02 | 12  0.02777 -8.72030e-02
 13  0.06029 -5.77756e-02 | 14  0.00524 -2.13162e-02 | 15 -0.00472 -4.12958e-02
 16  0.06877 -3.21951e-02 | 17  0.02038  4.00404e-02 | 18 -0.05079 -2.61344e-02
 19 -0.01700 -1.69903e-01 | 20 -0.03413 -1.03640e-01 | 21  0.05888 -9.00136e-02
 22  0.06338 -1.27168e-01 | 23 -0.04106  6.93654e-03 | 24 -0.05454 -1.22244e-01
 25 -0.11298  2.33801e-03 | 26 -0.00472  5.67875e-01 | 27 -0.02096 -2.18738e-02
 28 -0.04631 -6.36372e-02 | 29  0.05716 -2.37108e-01 | 30 -0.00131 -2.16707e-01
 31  0.03326 -3.55831e-01 | 32 -0.02243 -1.68252e-01 | 33  0.04576 -1.76528e-01
 34  0.02668 -7.66492e-02 | 35  0.04407 -6.65193e-02 | 36  0.03234  2.11350e-01
 37  0.00382  5.06385e-01 | 38 -0.00593  1.00641e+00 | 39  0.00872  6.88563e-02
 40  0.25874  2.70735e+00 | 41  0.24931 -5.36118e-01 | 42  0.26775 -3.19572e-01
 43  0.27674 -3.42612e-01 | 44 -0.36903  1.13893e-01 | 45 -0.35774  1.83395e-03
 46 -0.30813 -1.61303e-03 | 47 -1.27851  4.88202e-03 | 48 -0.68496 -1.11181e+00
 49 -0.71103  1.21321e+00 | 50 -0.98832  3.43994e+00 | 51 -0.98474 -2.84513e+00
 52 -0.27514 -2.30877e+00 | 53 -0.01142  1.42383e-02 | 54 -0.14502 -1.43346e+00
 55 -0.14642  4.02338e+00 | 56  0.12164  5.66966e-02 | 57  0.12032 -9.35085e-03
 58 -0.15820 -3.23970e+00 | 59 -0.18524  1.79124e+00 |
59 variables; iteration 100; function evaluation 121; phase 4
Function value 2.0479279e+02; maximum gradient component mag 3.9093e+00
Var    Value     Gradient |Var    Value     Gradient |Var    Value     Gradient
  1  0.23708 -1.96992e-02 |  2  0.14397  3.90929e+00 |  3 -0.10294  3.38009e-02
  4  0.01448 -4.42642e-02 |  5 -0.02744  2.54296e-02 |  6  0.02267  2.39318e-03
  7 -0.02993 -8.10517e-02 |  8 -0.08254 -4.29792e-02 |  9 -0.04548 -5.09046e-02
 10 -0.03605 -4.99989e-02 | 11  0.05413 -1.18725e-02 | 12  0.02778 -7.59870e-02
 13  0.06028 -5.24994e-02 | 14  0.00521 -4.17484e-02 | 15 -0.00476 -7.08626e-02
 16  0.06878 -1.99246e-02 | 17  0.02037 -1.82310e-03 | 18 -0.05080 -5.66025e-02
 19 -0.01699 -4.38004e-02 | 20 -0.03413 -6.07251e-02 | 21  0.05889 -5.40198e-02
 22  0.06339 -3.75906e-02 | 23 -0.04108 -2.05667e-02 | 24 -0.05453 -1.43763e-02
 25 -0.11297  1.63016e-02 | 26 -0.00473  3.54902e-01 | 27 -0.02095  7.27478e-02
 28 -0.04631  1.08633e-01 | 29  0.05714  1.54283e-01 | 30 -0.00132 -1.44438e-02
 31  0.03324 -1.29473e-02 | 32 -0.02244 -2.86076e-02 | 33  0.04574 -4.06788e-02
 34  0.02666 -3.13363e-02 | 35  0.04405  1.55814e-02 | 36  0.03232  1.01676e-01
 37  0.00381  8.47898e-02 | 38 -0.00593  9.92630e-02 | 39  0.00872 -5.73635e-03
 40  0.25876  1.04822e+00 | 41  0.24932  2.19436e-01 | 42  0.26776  8.46872e-02
 43  0.27677  5.49091e-01 | 44 -0.39550  9.40648e-02 | 45  0.35173  5.22126e-03
 46  0.34970  2.17969e-03 | 47 -1.28217 -3.19971e-03 | 48 -0.66193 -7.42862e-01
 49 -0.68998  8.54078e-01 | 50 -0.91606  1.02827e+00 | 51 -0.89027 -8.21771e-01
 52 -0.27341  4.05372e-02 | 53  0.24846 -3.11012e-03 | 54 -0.13556 -1.55220e+00
 55 -0.13324  3.51246e+00 | 56  0.12173 -6.63874e-02 | 57  0.12033 -4.88464e-02
 58 -0.14591 -2.56297e+00 | 59 -0.18506  9.98944e-01 |
59 variables; iteration 120; function evaluation 141; phase 4
Function value 2.0478726e+02; maximum gradient component mag 7.1226e+00
Var    Value     Gradient |Var    Value     Gradient |Var    Value     Gradient
  1  0.23684 -2.33289e-02 |  2  0.14396  3.07347e+00 |  3 -0.10301  2.10507e-02
  4  0.01445 -1.63841e-02 |  5 -0.02747  1.35145e-02 |  6  0.02264  1.10445e-02
  7 -0.03000 -5.36366e-02 |  8 -0.08262 -2.65968e-02 |  9 -0.04555 -3.62281e-02
 10 -0.03615 -3.80260e-02 | 11  0.05408 -9.56513e-03 | 12  0.02778 -4.45091e-02
 13  0.06030 -2.97117e-02 | 14  0.00519 -3.41533e-02 | 15 -0.00478 -4.80491e-02
 16  0.06879 -1.65845e-02 | 17  0.02038 -9.58824e-03 | 18 -0.05078 -3.84255e-02
 19 -0.01698 -2.38424e-02 | 20 -0.03412 -3.86602e-02 | 21  0.05888 -3.82381e-02
 22  0.06338 -1.79759e-02 | 23 -0.04108 -2.49350e-02 | 24 -0.05454  2.42185e-02
 25 -0.11296  3.14230e-02 | 26 -0.00468  5.97710e-02 | 27 -0.02094  7.22474e-02
 28 -0.04627  1.36507e-01 | 29  0.05716  1.16830e-01 | 30 -0.00130  4.71858e-02
 31  0.03326  6.23078e-02 | 32 -0.02243 -2.00597e-03 | 33  0.04574 -1.06367e-02
 34  0.02666 -2.08178e-02 | 35  0.04407 -5.00469e-03 | 36  0.03234 -3.66687e-03
 37  0.00384  5.37619e-02 | 38 -0.00590  1.22403e-01 | 39  0.00879 -6.76852e-02
 40  0.25879  6.04655e-01 | 41  0.24933 -1.84559e-01 | 42  0.26777  8.46940e-02
 43  0.27678  2.92705e-01 | 44 -0.39016 -5.18656e-02 | 45  0.20010 -8.54461e-04
 46 -0.24752 -1.17256e-03 | 47 -1.28889  1.81607e-03 | 48 -0.68575 -1.20287e-01
 49 -0.71177  1.28160e-01 | 50 -0.81827  2.82662e+00 | 51 -0.76216 -2.16533e+00
 52 -0.27116 -2.01937e-01 | 53  0.72264 -1.19687e-03 | 54 -0.11679  7.12259e+00
 55 -0.12911 -6.89130e+00 | 56  0.12171 -2.76942e-02 | 57  0.12029 -3.33285e-02
 58 -0.15796  1.92476e+00 | 59 -0.20122  4.99683e+00 |
59 variables; iteration 140; function evaluation 171; phase 4
Function value 2.0472502e+02; maximum gradient component mag 1.0595e+02
Var    Value     Gradient |Var    Value     Gradient |Var    Value     Gradient
  1  0.23680 -1.40034e+00 |  2  0.14395  1.05951e+02 |  3 -0.10297  5.95684e-01
  4  0.01441  4.89555e-01 |  5 -0.02747  9.99583e-01 |  6  0.02261  9.63614e-01
  7 -0.03003 -5.45452e-01 |  8 -0.08264 -1.24260e+00 |  9 -0.04556 -1.10775e+00
 10 -0.03615 -1.38134e+00 | 11  0.05408 -8.71474e-01 | 12  0.02775 -1.34632e+00
 13  0.06030 -1.41576e-01 | 14  0.00519 -7.86242e-01 | 15 -0.00479 -1.30723e+00
 16  0.06879 -4.95837e-01 | 17  0.02039 -3.09826e-01 | 18 -0.05078 -1.37392e+00
 19 -0.01698 -4.55222e-01 | 20 -0.03412 -8.47487e-01 | 21  0.05888 -6.46157e-01
 22  0.06340  8.42417e-01 | 23 -0.04108 -9.37710e-01 | 24 -0.05453  5.97551e-01
 25 -0.11295 -3.47890e-01 | 26 -0.00469  2.68558e+00 | 27 -0.02094  3.18298e-01
 28 -0.04626  4.74384e-01 | 29  0.05717 -4.12521e-01 | 30 -0.00128  2.34067e+00
 31  0.03326  2.52777e-01 | 32 -0.02242  1.28216e+00 | 33  0.04575 -7.53423e-01
 34  0.02667 -1.34496e+00 | 35  0.04407  1.73090e+00 | 36  0.03234 -3.04272e-01
 37  0.00384  2.17610e+00 | 38 -0.00589  6.04543e+00 | 39  0.00877 -1.62969e+00
 40  0.25879  1.55529e+00 | 41  0.24933  1.04676e+00 | 42  0.26777  3.50096e+00
 43  0.27678  2.32527e+00 | 44 -0.35473  3.21059e+01 | 45 -0.71651  4.21293e-01
 46 -0.00173  2.46502e-04 | 47 -1.29098 -2.38991e-03 | 48 -0.66775 -3.29587e+00
 49 -0.69531  3.62842e+00 | 50 -0.62581 -8.67641e+00 | 51 -0.50847  4.37748e+00
 52 -0.27138 -2.02931e+00 | 53  0.64084  2.86685e-03 | 54 -0.10305  5.35578e+01
 55 -0.12914 -4.82858e+01 | 56  0.12168 -1.72176e-01 | 57  0.12028 -1.30074e+00
 58 -0.17199  1.01228e+01 | 59 -0.21550  4.12784e+01 |
59 variables; iteration 160; function evaluation 198; phase 4
Function value 2.0450359e+02; maximum gradient component mag 6.5990e+01
Var    Value     Gradient |Var    Value     Gradient |Var    Value     Gradient
  1  0.25104  1.67744e-01 |  2  0.14471 -1.23246e+01 |  3 -0.10146 -5.65285e-02
  4  0.01633  2.31637e-02 |  5 -0.02675 -1.11537e-01 |  6  0.02409 -6.45108e-02
  7 -0.02685  1.40689e-01 |  8 -0.07948  1.37280e-01 |  9 -0.04302  1.23097e-01
 10 -0.03266  1.52658e-01 | 11  0.05561  7.99338e-02 | 12  0.02839  2.04292e-01
 13  0.05969  2.48223e-02 | 14  0.00568  1.40703e-01 | 15 -0.00378  2.17829e-01
 16  0.06834  4.19012e-02 | 17  0.01979  7.55734e-02 | 18 -0.05154  1.51495e-01
 19 -0.01734  6.43725e-04 | 20 -0.03481  8.47838e-02 | 21  0.05927 -9.80935e-03
 22  0.06373 -2.87654e-01 | 23 -0.04069  8.66178e-02 | 24 -0.05466 -4.43323e-01
 25 -0.11415 -2.92266e-01 | 26 -0.00642  7.37008e-01 | 27 -0.02156 -2.06482e-01
 28 -0.04817 -6.70443e-01 | 29  0.05648 -3.12355e-01 | 30 -0.00215 -3.93670e-01
 31  0.03282 -4.22154e-01 | 32 -0.02264 -2.40433e-01 | 33  0.04604  9.90574e-03
 34  0.02669  1.18815e-01 | 35  0.04363 -6.55092e-02 | 36  0.03176  2.74510e-01
 37  0.00274  1.75035e-01 | 38 -0.00752  1.36410e-01 | 39  0.00638  1.84256e-01
 40  0.25808 -5.85509e+00 | 41  0.24887  2.21892e-02 | 42  0.26734 -5.97111e-01
 43  0.27657 -8.55201e-01 | 44 -0.36384 -5.52432e-02 | 45 -0.60090 -5.60958e-03
 46  1.62860 -2.14159e-03 | 47 -1.26468  4.42196e-03 | 48 -0.86766 -8.54364e+00
 49 -0.87833  9.26579e+00 | 50 -0.56688 -2.79519e+01 | 51 -0.43203  2.13699e+01
 52 -0.27188  1.80219e+00 | 53  0.90030  1.34875e-02 | 54 -0.11173 -2.81143e+01
 55 -0.17237  6.59899e+01 | 56  0.12413  4.01482e-02 | 57  0.12262  2.02028e-01
 58 -0.23595 -4.85006e+01 | 59 -0.23924  2.18403e+01 |
  ic > imax  in fminim is answer attained ?
Var    Value     Gradient |Var    Value     Gradient |Var    Value     Gradient
  1  0.25079  7.09253e-02 |  2  0.14469 -1.23615e+01 |  3 -0.10144 -7.60228e-04
  4  0.01628  1.14080e-01 |  5 -0.02679 -4.78744e-02 |  6  0.02404  4.71126e-03
  7 -0.02694  1.97585e-01 |  8 -0.07956  1.73139e-01 |  9 -0.04309  1.51820e-01
 10 -0.03275  1.66417e-01 | 11  0.05558  1.23450e-01 | 12  0.02837  2.11923e-01
 13  0.05970  6.78369e-02 | 14  0.00566  1.63236e-01 | 15 -0.00380  2.12445e-01
 16  0.06834 -3.09549e-02 | 17  0.01979  2.11662e-02 | 18 -0.05153  1.33278e-01
 19 -0.01732  9.30424e-02 | 20 -0.03481  8.13522e-02 | 21  0.05927  3.24310e-02
 22  0.06376 -2.89001e-02 | 23 -0.04070  6.63883e-02 | 24 -0.05462 -1.26046e-01
 25 -0.11410 -1.31339e-01 | 26 -0.00642 -7.58580e-02 | 27 -0.02155 -2.25939e-01
 28 -0.04811 -5.12530e-01 | 29  0.05648 -6.20622e-01 | 30 -0.00213 -4.27434e-01
 31  0.03284 -1.25530e-01 | 32 -0.02262 -9.99453e-03 | 33  0.04604  9.03938e-02
 34  0.02670  1.08261e-01 | 35  0.04364  1.32877e-01 | 36  0.03176  3.00160e-01
 37  0.00276 -1.90013e-01 | 38 -0.00750 -5.56946e-01 | 39  0.00643  3.37203e-01
 40  0.25809 -9.02389e+00 | 41  0.24887  1.23227e+00 | 42  0.26735 -3.91968e-01
 43  0.27657 -7.09153e-01 | 44 -0.36548  9.58267e-01 | 45 -0.51923  2.30987e-02
 46  1.74801 -1.46776e-03 | 47 -1.27698  1.38811e-03 | 48 -0.88434 -4.81345e+00
 49 -0.89368  5.20126e+00 | 50 -0.56698 -2.75671e+01 | 51 -0.43235  2.10040e+01
 52 -0.27181  3.36740e+00 | 53  0.88410  8.40880e-03 | 54 -0.11239 -8.25692e+03
 55 -0.17585  4.97417e+03 | 56  0.12406 -6.82867e-02 | 57  0.12259  3.21714e-01
 58 -0.24116  9.57184e+02 | 59 -0.24116 -8.74996e+03 |
Function minimizer not making progress ... is minimum attained?
Minimprove criterion = 0.0000e+00
Warning: the following parameters had issues
  selparm[5] is within 1% of lower bound: 0.0000e+00 < 3.2916e-02 < 4.0000e+00
  selparm[6] is within 1% of lower bound: 0.0000e+00 < 2.7828e-02 < 4.0000e+00
  selparm[10] is within 1% of upper bound: 1.0000e-01 < 3.9752e-01 < 4.0000e-01


 - final statistics:
59 variables; iteration 167; function evaluation 281
Function value 2.0450e+02; maximum gradient component mag -8.7500e+03
Exit code = 1;  converg criter 1.0000e-04
Var    Value     Gradient |Var    Value     Gradient |Var    Value     Gradient
  1  0.25079  7.09253e-02 |  2  0.14469 -1.23615e+01 |  3 -0.10144 -7.60228e-04
  4  0.01628  1.14080e-01 |  5 -0.02679 -4.78744e-02 |  6  0.02404  4.71126e-03
  7 -0.02694  1.97585e-01 |  8 -0.07956  1.73139e-01 |  9 -0.04309  1.51820e-01
 10 -0.03275  1.66417e-01 | 11  0.05558  1.23450e-01 | 12  0.02837  2.11923e-01
 13  0.05970  6.78369e-02 | 14  0.00566  1.63236e-01 | 15 -0.00380  2.12445e-01
 16  0.06834 -3.09549e-02 | 17  0.01979  2.11662e-02 | 18 -0.05153  1.33278e-01
 19 -0.01732  9.30424e-02 | 20 -0.03481  8.13522e-02 | 21  0.05927  3.24310e-02
 22  0.06376 -2.89001e-02 | 23 -0.04070  6.63883e-02 | 24 -0.05462 -1.26046e-01
 25 -0.11410 -1.31339e-01 | 26 -0.00642 -7.58580e-02 | 27 -0.02155 -2.25939e-01
 28 -0.04811 -5.12530e-01 | 29  0.05648 -6.20622e-01 | 30 -0.00213 -4.27434e-01
 31  0.03284 -1.25530e-01 | 32 -0.02262 -9.99453e-03 | 33  0.04604  9.03938e-02
 34  0.02670  1.08261e-01 | 35  0.04364  1.32877e-01 | 36  0.03176  3.00160e-01
 37  0.00276 -1.90013e-01 | 38 -0.00750 -5.56946e-01 | 39  0.00643  3.37203e-01
 40  0.25809 -9.02389e+00 | 41  0.24887  1.23227e+00 | 42  0.26735 -3.91968e-01
 43  0.27657 -7.09153e-01 | 44 -0.36548  9.58267e-01 | 45 -0.51923  2.30987e-02
 46  1.74801 -1.46776e-03 | 47 -1.27698  1.38811e-03 | 48 -0.88434 -4.81345e+00
 49 -0.89368  5.20126e+00 | 50 -0.56698 -2.75671e+01 | 51 -0.43235  2.10040e+01
 52 -0.27181  3.36740e+00 | 53  0.88410  8.40880e-03 | 54 -0.11239 -8.25692e+03
 55 -0.17585  4.97417e+03 | 56  0.12406 -6.82867e-02 | 57  0.12259  3.21714e-01
 58 -0.24116  9.57184e+02 | 59 -0.24116 -8.74996e+03 |
Estimating row 1 out of 59 for hessian
Estimating row 2 out of 59 for hessian
Estimating row 3 out of 59 for hessian
Estimating row 4 out of 59 for hessian
Estimating row 5 out of 59 for hessian
Estimating row 6 out of 59 for hessian
Estimating row 7 out of 59 for hessian
Estimating row 8 out of 59 for hessian
Estimating row 9 out of 59 for hessian
Estimating row 10 out of 59 for hessian
Estimating row 11 out of 59 for hessian
Estimating row 12 out of 59 for hessian
Estimating row 13 out of 59 for hessian
Estimating row 14 out of 59 for hessian
Estimating row 15 out of 59 for hessian
Estimating row 16 out of 59 for hessian
Estimating row 17 out of 59 for hessian
Estimating row 18 out of 59 for hessian
Estimating row 19 out of 59 for hessian
Estimating row 20 out of 59 for hessian
Estimating row 21 out of 59 for hessian
Estimating row 22 out of 59 for hessian
Estimating row 23 out of 59 for hessian
Estimating row 24 out of 59 for hessian
Estimating row 25 out of 59 for hessian
Estimating row 26 out of 59 for hessian
Estimating row 27 out of 59 for hessian
Estimating row 28 out of 59 for hessian
Estimating row 29 out of 59 for hessian
Estimating row 30 out of 59 for hessian
Estimating row 31 out of 59 for hessian
Estimating row 32 out of 59 for hessian
Estimating row 33 out of 59 for hessian
Estimating row 34 out of 59 for hessian
Estimating row 35 out of 59 for hessian
Estimating row 36 out of 59 for hessian
Estimating row 37 out of 59 for hessian
Estimating row 38 out of 59 for hessian
Estimating row 39 out of 59 for hessian
Estimating row 40 out of 59 for hessian
Estimating row 41 out of 59 for hessian
Estimating row 42 out of 59 for hessian
Estimating row 43 out of 59 for hessian
Estimating row 44 out of 59 for hessian
Estimating row 45 out of 59 for hessian
Estimating row 46 out of 59 for hessian
Estimating row 47 out of 59 for hessian
Estimating row 48 out of 59 for hessian
Estimating row 49 out of 59 for hessian
Estimating row 50 out of 59 for hessian
Estimating row 51 out of 59 for hessian
Estimating row 52 out of 59 for hessian
Estimating row 53 out of 59 for hessian
Estimating row 54 out of 59 for hessian
Estimating row 55 out of 59 for hessian
Estimating row 56 out of 59 for hessian
Estimating row 57 out of 59 for hessian
Estimating row 58 out of 59 for hessian
Estimating row 59 out of 59 for hessian
Warning -- Hessian does not appear to be positive definite
Hessian does not appear to be positive definite.
size of file gradfil1.tmp = 0
size of file gradfil2.tmp = 0
size of file varssave.tmp = 0
size of file cmpdiff.tmp = 0
