
Initial statistics: 4 variables; iteration 0; function evaluation 0; phase 1
Function value 4.5428842e+03; maximum gradient component mag 3.2807e+04
Var    Value     Gradient |Var    Value     Gradient |Var    Value     Gradient
  1  0.04247 -2.40263e+02 |  2  0.39650  3.28073e+04 |  3  0.21635  2.74992e+04
  4  0.21635  1.42769e+04 |

 - final statistics:
4 variables; iteration 13; function evaluation 23
Function value 5.3675e+02; maximum gradient component mag -8.9522e+00
Exit code = 1;  converg criter 1.0000e+01
Var    Value     Gradient |Var    Value     Gradient |Var    Value     Gradient
  1 -3.00182 -2.28366e-02 |  2  0.19668 -7.88834e+00 |  3  0.21668 -8.95219e+00
  4  0.18965  7.20735e-01 |

Initial statistics: 53 variables; iteration 0; function evaluation 0; phase 2
Function value 5.3675488e+02; maximum gradient component mag 2.3470e+03
Var    Value     Gradient |Var    Value     Gradient |Var    Value     Gradient
  1  0.99818 -2.28366e-02 |  2  0.19668 -7.88834e+00 |  3  0.00000  2.98753e+01
  4  0.00000 -1.19981e+02 |  5  0.00000  3.53541e+01 |  6  0.00000 -7.60409e+01
  7  0.00000 -3.53952e+01 |  8  0.00000  4.53706e+01 |  9  0.00000  2.17500e-01
 10  0.00000  6.25095e+00 | 11  0.00000 -7.67642e+01 | 12  0.00000  9.10551e+00
 13  0.00000 -5.43521e+01 | 14  0.00000 -1.46119e+01 | 15  0.00000 -1.40699e+01
 16  0.00000 -8.94883e+01 | 17  0.00000  2.60664e+00 | 18  0.00000  9.48856e+01
 19  0.00000  1.07904e+01 | 20  0.00000  3.59170e+01 | 21  0.00000 -1.47171e+02
 22  0.00000 -1.66211e+02 | 23  0.00000  4.38071e+01 | 24  0.00000  2.23357e+01
 25  0.00000  2.14621e+02 | 26  0.00000 -2.79466e+01 | 27  0.00000 -8.64495e+00
 28  0.00000  4.17263e+01 | 29  0.00000 -1.23067e+02 | 30  0.00000  5.94146e+01
 31  0.00000 -9.75953e+01 | 32  0.00000  1.17106e+02 | 33  0.00000 -3.67094e+00
 34  0.00000 -2.57245e+01 | 35  0.00000 -1.70202e+02 | 36  0.00000 -1.63729e+01
 37  0.00000  8.61967e+01 | 38  0.00000  7.28681e+01 | 39  0.00000  2.08070e+02
 40  0.21668 -8.95219e+00 | 41  0.21635  2.34702e+03 | 42  0.21635 -7.35758e+02
 43  0.18965  7.20735e-01 | 44 -1.00000 -1.08293e-07 | 45  0.00000  4.58090e-05
 46  0.00000  2.46246e-01 | 47 -0.53989  5.19262e+00 | 48 -1.00000 -1.08293e-07
 49 -0.53989  1.38141e+01 | 50 -1.00000 -1.08293e-07 | 51 -0.53989  4.27587e+00
 52 -0.32288  7.32465e+00 | 53  0.21635  2.26797e-01 |

Intermediate statistics: 53 variables; iteration 20; function evaluation 38; phase 2
Function value 2.7854864e+02; maximum gradient component mag -3.7306e+03
Var    Value     Gradient |Var    Value     Gradient |Var    Value     Gradient
  1  1.00009 -5.64245e-03 |  2  0.19221 -1.37254e+03 |  3 -0.18840 -3.95597e+01
  4  0.37467  9.13857e+01 |  5  0.31269  1.16044e+02 |  6  0.26656  4.74750e+01
  7  0.16365  1.43374e+02 |  8  0.03841  1.07421e+02 |  9  0.00941  6.88446e+01
 10  0.08650  1.69246e+02 | 11  0.15635  1.75844e+02 | 12  0.11194  1.98554e+02
 13  0.07360  1.30281e+02 | 14  0.03940  1.50963e+02 | 15  0.04580  1.57443e+02
 16  0.04268  9.59745e+01 | 17  0.00105  1.40657e+02 | 18 -0.05459  1.48402e+02
 19 -0.03250  1.07430e+02 | 20 -0.03246  1.06998e+02 | 21 -0.02630 -1.13158e+02
 22 -0.02756 -1.27307e+02 | 23 -0.01701  1.60049e+02 | 24 -0.02328  1.01800e+02
 25 -0.02993  3.16583e+02 | 26 -0.01629  1.41529e+02 | 27 -0.00122  1.50656e+02
 28 -0.02880  9.09376e+01 | 29 -0.02139 -5.64519e+01 | 30 -0.02575  1.71430e+02
 31  0.00862  8.59913e+01 | 32 -0.09449 -4.16042e+00 | 33 -0.01503  1.03207e+02
 34 -0.00559  1.67764e+02 | 35  0.04903  2.29406e+02 | 36 -0.03174  7.62505e+01
 37 -0.06080  1.24982e+02 | 38 -0.05036  1.53490e+02 | 39 -0.12479  1.70831e+02
 40  0.20572 -3.73061e+03 | 41  0.22055  1.01642e+03 | 42  0.23562 -3.11608e+02
 43  0.21151  1.09286e+03 | 44 -1.16672  1.15230e-02 | 45 -0.00001  1.64795e-04
 46 -0.01688 -8.35507e-05 | 47 -0.90133 -2.00285e-02 | 48 -1.33199  3.22828e+02
 49 -0.66148  3.17215e+02 | 50 -1.16990 -1.15202e+01 | 51 -0.73542 -7.34895e+00
 52 -0.38776  1.34025e+02 | 53  0.13546  1.22114e+01 |
53 variables; iteration 40; function evaluation 61; phase 2
Function value 2.4507485e+02; maximum gradient component mag -3.0422e+03
Var    Value     Gradient |Var    Value     Gradient |Var    Value     Gradient
  1  0.99491 -1.42526e-01 |  2  0.20058 -1.28520e+03 |  3 -0.16324 -3.57533e+01
  4  0.35197  7.06742e+01 |  5  0.31350  1.21182e+02 |  6  0.27976  6.90442e+01
  7  0.16551  1.32189e+02 |  8  0.02298  6.57931e+01 |  9  0.02690  9.32799e+01
 10  0.07121  1.47293e+02 | 11  0.12828  1.48899e+02 | 12  0.08072  1.56428e+02
 13  0.07540  1.30335e+02 | 14  0.06368  1.72892e+02 | 15  0.06259  1.54853e+02
 16  0.06027  1.23352e+02 | 17 -0.00719  1.20331e+02 | 18 -0.09225  7.82849e+01
 19 -0.02775  1.07029e+02 | 20 -0.03549  1.09856e+02 | 21  0.01706 -9.12712e+00
 22  0.01289 -2.30215e+01 | 23 -0.00670  1.75131e+02 | 24 -0.01584  1.00648e+02
 25 -0.05991  2.20539e+02 | 26 -0.01701  1.30889e+02 | 27  0.01213  1.64026e+02
 28 -0.03041  8.21887e+01 | 29  0.00478  3.62056e+01 | 30 -0.04931  9.11573e+01
 31  0.01859  9.19864e+01 | 32 -0.09530 -2.78101e+01 | 33 -0.02630  5.26328e+01
 34 -0.00201  1.40328e+02 | 35  0.06288  2.48631e+02 | 36 -0.03644  2.62237e+01
 37 -0.07361  6.39196e+01 | 38 -0.05957  1.00700e+02 | 39 -0.15583  8.56882e+01
 40  0.20127 -3.04218e+03 | 41  0.21024  5.12058e+02 | 42  0.23114  9.76551e+00
 43  0.20030  2.10794e+02 | 44 -1.44032 -1.87182e-01 | 45 -0.00045  4.04631e-02
 46 -0.79264  1.78196e-01 | 47 -1.54660 -1.12830e+01 | 48 -1.32615  2.71723e+02
 49 -0.66756  2.66989e+02 | 50 -1.12232  1.50860e+02 | 51 -0.77508  8.14229e+01
 52 -0.31871  3.17980e+02 | 53 -1.01058 -4.31166e-01 |
53 variables; iteration 60; function evaluation 96; phase 2
Function value 1.4845168e+02; maximum gradient component mag -9.2336e+02
Var    Value     Gradient |Var    Value     Gradient |Var    Value     Gradient
  1  1.11600  2.12584e+00 |  2  0.18117 -5.62222e+02 |  3 -0.13035 -2.06562e+01
  4  0.10543  6.68353e+01 |  5  0.02316 -1.08072e+01 |  6  0.09908  5.29610e+01
  7  0.03814  4.50830e+01 |  8 -0.03184  3.95895e+01 |  9 -0.01635  3.35012e+01
 10  0.01657  5.58914e+01 | 11  0.09147  7.41654e+01 | 12  0.04676  7.10601e+01
 13  0.04774  4.48154e+01 | 14  0.02723  7.81194e+01 | 15  0.02121  5.40077e+01
 16  0.04242  1.74435e+01 | 17  0.03604  1.41330e+02 | 18 -0.07248  1.95860e+01
 19 -0.02944 -1.21272e+01 | 20 -0.04195  1.32649e+01 | 21  0.08212  6.18695e+01
 22  0.07469  4.98776e+01 | 23 -0.04017  1.90682e+01 | 24  0.01492  9.42401e+01
 25 -0.09477  5.21933e+01 | 26 -0.00274  8.73253e+01 | 27 -0.01276  3.87197e+01
 28 -0.02163  8.19424e+00 | 29  0.04353  4.80062e+01 | 30 -0.03682  1.38079e+01
 31  0.04349  6.83345e+01 | 32 -0.04865 -1.13601e+01 | 33  0.01353  4.69683e+01
 34  0.00880  3.68525e+01 | 35  0.06045  9.38335e+01 | 36 -0.00098  1.01982e+01
 37 -0.05249 -6.15028e+00 | 38 -0.03907  1.53177e+01 | 39 -0.12999 -2.90225e+00
 40  0.21651 -9.23363e+02 | 41  0.21086 -3.04482e+02 | 42  0.23920 -7.81203e+01
 43  0.19986 -3.41514e+02 | 44 -1.06336  3.11363e-02 | 45 -0.02099 -6.32794e-05
 46 -2.71496 -2.77465e-02 | 47 -1.35635 -1.20666e+00 | 48 -1.36839  1.07951e+02
 49 -0.64359  1.13496e+02 | 50 -0.93690  1.03623e+02 | 51 -1.09182  7.11874e+01
 52 -0.35746  4.88541e+01 | 53 -0.21285  4.23047e+00 |
Maximum number of function evaluations exceeded

 - final statistics:
53 variables; iteration 65; function evaluation 100
Function value 1.2729e+02; maximum gradient component mag -1.8507e+02
Exit code = 3;  converg criter 1.0000e+01
Var    Value     Gradient |Var    Value     Gradient |Var    Value     Gradient
  1  1.01438  1.58602e-01 |  2  0.16493  5.13483e+01 |  3 -0.09142 -8.38300e-01
  4  0.03010  1.45442e+00 |  5 -0.01527  8.41577e+00 |  6  0.03428 -3.18867e+00
  7  0.00052 -4.81300e-01 |  8 -0.05131 -1.66906e-01 |  9 -0.02187  3.25356e-02
 10 -0.00926 -3.14612e+00 | 11  0.06071 -3.50506e+00 | 12  0.02338 -4.96143e+00
 13  0.04884 -7.78821e+00 | 14  0.01257  3.72519e+00 | 15  0.00984 -2.56323e+00
 16  0.06063 -2.56496e+00 | 17  0.00543 -4.07807e+00 | 18 -0.05683 -1.05354e+00
 19 -0.00355 -3.50024e+00 | 20 -0.03102 -1.05374e-01 | 21  0.07274  8.46604e-01
 22  0.06935 -2.46437e+00 | 23 -0.03212 -1.14492e+00 | 24 -0.00403 -2.96032e+00
 25 -0.09731  2.17957e+00 | 26 -0.01338 -4.59725e+00 | 27 -0.01125 -3.58011e+00
 28 -0.00705 -1.96593e+00 | 29  0.04794  1.31679e+00 | 30 -0.02271 -1.78382e+00
 31  0.03909  2.19917e+00 | 32 -0.03216  3.24647e+00 | 33  0.01273 -2.70123e+00
 34  0.01245 -1.24286e+00 | 35  0.04940 -4.93304e+00 | 36  0.01303  2.18627e+00
 37 -0.02759  2.43612e+00 | 38 -0.02030  3.67374e+00 | 39 -0.09816  4.24680e+00
 40  0.23147 -6.12537e+01 | 41  0.22293  3.59204e+01 | 42  0.25181 -5.34534e+01
 43  0.20927  7.18140e+01 | 44 -0.82488 -1.11330e-02 | 45 -0.05390 -2.79763e-04
 46 -3.75729  2.00728e-03 | 47 -1.29183 -1.98613e-02 | 48 -1.39688  4.27811e+00
 49 -0.63146  6.14910e+00 | 50 -0.75299 -1.85072e+02 | 51 -1.37575 -1.20208e+02
 52 -0.36884  5.44022e+00 | 53  0.20030  3.73200e-01 |

Initial statistics: 55 variables; iteration 0; function evaluation 0; phase 3
Function value 1.2728953e+02; maximum gradient component mag -8.5392e+02
Var    Value     Gradient |Var    Value     Gradient |Var    Value     Gradient
  1  0.98562 -1.58602e-01 |  2  0.16493  5.13483e+01 |  3 -0.09142 -8.38300e-01
  4  0.03010  1.45442e+00 |  5 -0.01527  8.41577e+00 |  6  0.03428 -3.18867e+00
  7  0.00055  5.85178e-01 |  8 -0.05128  8.96114e-01 |  9 -0.02184  1.09839e+00
 10 -0.00923 -2.07975e+00 | 11  0.06073 -2.44341e+00 | 12  0.02341 -3.89566e+00
 13  0.04887 -6.72484e+00 | 14  0.01260  4.79146e+00 | 15  0.00987 -1.49688e+00
 16  0.06066 -1.50331e+00 | 17  0.00546 -3.01163e+00 | 18 -0.05680  8.69340e-03
 19 -0.00353 -2.43378e+00 | 20 -0.03099  9.59841e-01 | 21  0.07277  1.90612e+00
 22  0.06938 -1.40420e+00 | 23 -0.03209 -7.98029e-02 | 24 -0.00400 -1.89387e+00
 25 -0.09728  3.23364e+00 | 26 -0.01335 -3.53102e+00 | 27 -0.01122 -2.51380e+00
 28 -0.00702 -8.99515e-01 | 29  0.04797  2.38024e+00 | 30 -0.02268 -7.18023e-01
 31  0.03912  3.26363e+00 | 32 -0.03213  4.31160e+00 | 33  0.01276 -1.63496e+00
 34  0.01248 -1.76582e-01 | 35  0.04943 -3.86976e+00 | 36  0.01306  3.25252e+00
 37 -0.02756  3.50161e+00 | 38 -0.02027  4.73968e+00 | 39 -0.09813  5.30066e+00
 40  0.23147 -6.12537e+01 | 41  0.22293  3.59204e+01 | 42  0.25181 -5.34534e+01
 43  0.20927  7.18140e+01 | 44 -0.82488 -1.11330e-02 | 45 -0.05390 -2.79763e-04
 46  0.24271  2.00728e-03 | 47 -0.70817  1.98613e-02 | 48 -0.60312 -4.27811e+00
 49 -0.63146  6.14910e+00 | 50 -0.75299 -1.85072e+02 | 51 -0.62425  1.20208e+02
 52 -0.36884  5.44022e+00 | 53  0.20030  3.73200e-01 | 54 -0.17585 -8.53918e+02
 55 -0.12819 -3.69288e+02 |

Intermediate statistics: 55 variables; iteration 20; function evaluation 32; phase 3
Function value 9.7960744e+01; maximum gradient component mag 6.9198e+02
Var    Value     Gradient |Var    Value     Gradient |Var    Value     Gradient
  1  0.98687 -8.96533e-02 |  2  0.15347  1.96789e+02 |  3 -0.10256 -1.35921e+00
  4  0.01192 -7.43499e+00 |  5 -0.03233 -6.11922e+00 |  6  0.01700 -9.47154e+00
  7 -0.03441  5.29411e+00 |  8 -0.08801  4.17684e+00 |  9 -0.04607  8.52846e+00
 10 -0.03316  1.19752e+01 | 11  0.05982  1.56150e+01 | 12  0.03136  1.58217e+01
 13  0.05529 -1.37262e+00 | 14  0.00759  1.29900e+01 | 15  0.00340  1.58124e+01
 16  0.06509  7.04936e+00 | 17  0.01134  1.49187e+00 | 18 -0.05706  1.98445e+01
 19 -0.01123  2.33097e+01 | 20 -0.03420 -1.03246e+01 | 21  0.06181  7.00917e+01
 22  0.06119  5.35759e+01 | 23 -0.04024  2.80577e+01 | 24 -0.01491  6.67182e+01
 25 -0.10630  2.96782e+01 | 26 -0.01479 -3.98389e+01 | 27 -0.01434  3.65803e+01
 28 -0.01291  4.23511e+01 | 29  0.04411 -8.60082e+00 | 30 -0.01674  2.08359e+01
 31  0.05284  3.69050e+01 | 32 -0.03031  1.63080e+01 | 33  0.03047  1.83636e+01
 34  0.02928  3.60266e+01 | 35  0.06411  6.43889e+01 | 36  0.02340  4.36889e+00
 37 -0.01647 -3.61072e+01 | 38 -0.00376 -1.10413e+02 | 39 -0.01264  5.55487e+01
 40  0.24938  6.79033e+02 | 41  0.25169  6.91978e+02 | 42  0.25744 -5.61898e+02
 43  0.21297  2.89121e+02 | 44 -0.82476 -1.12045e-02 | 45 -0.05390 -3.50165e-04
 46  0.24269  1.67770e-03 | 47 -0.70830  8.25936e-03 | 48 -0.60757  9.78760e+00
 49 -0.64598 -9.75564e+00 | 50 -0.73092 -4.09946e+01 | 51 -0.66233  3.23862e+01
 52 -0.31102 -1.00327e+02 | 53  0.20340 -2.22089e+00 | 54 -0.11260 -1.50248e+02
 55 -0.10057 -3.09145e+01 |
55 variables; iteration 40; function evaluation 59; phase 3
Function value 9.3168685e+01; maximum gradient component mag -4.9973e+02
Var    Value     Gradient |Var    Value     Gradient |Var    Value     Gradient
  1  1.04207  2.64404e-01 |  2  0.15307 -4.99730e+02 |  3 -0.11044 -6.93682e+00
  4  0.03639  2.02428e+01 |  5 -0.01328  1.19808e+01 |  6  0.03270  1.14498e+01
  7 -0.02071  1.35468e+01 |  8 -0.07736  8.10466e+00 |  9 -0.03079  2.23522e+01
 10 -0.00880  3.52657e+01 | 11  0.06350  1.85979e+01 | 12  0.03476  2.51179e+01
 13  0.05985  1.56948e+01 | 14  0.00479  1.42480e+01 | 15 -0.00586  7.24697e+00
 16  0.06450  3.26086e-01 | 17  0.01488  3.27120e+00 | 18 -0.06088  5.91823e+00
 19 -0.01426  1.13203e+01 | 20 -0.03160  8.22140e+00 | 21  0.05494  3.86532e+01
 22  0.05542  3.01528e+01 | 23 -0.05588  3.84132e-01 | 24 -0.01951  4.08592e+01
 25 -0.10759  3.18284e+01 | 26 -0.00562  2.03693e+01 | 27 -0.02054  1.51818e+01
 28 -0.02041  1.57428e+01 | 29  0.04955  2.67573e+01 | 30 -0.01635  2.05907e+01
 31  0.05399  4.39677e+01 | 32 -0.02864  3.53261e+01 | 33  0.02885  7.74303e+00
 34  0.02603  1.17556e+01 | 35  0.05091 -6.92677e+00 | 36  0.02641  1.24479e+01
 37 -0.01178 -1.34908e+01 | 38 -0.00255 -8.70005e+01 | 39 -0.03704  3.11224e+01
 40  0.24638  1.15373e+02 | 41  0.25013  2.71487e+02 | 42  0.26210 -2.35169e+02
 43  0.21207  7.77680e+01 | 44 -0.81641 -1.06833e-02 | 45 -0.05365 -3.53039e-04
 46  0.24137  1.48799e-03 | 47 -0.71672  1.87026e-03 | 48 -0.80751 -1.49253e+02
 49 -0.82360  1.63043e+02 | 50 -0.69703 -3.74020e+01 | 51 -0.61626  2.93080e+01
 52 -0.31820 -1.51834e+01 | 53  0.08707 -4.81553e-01 | 54 -0.11472 -9.47225e+01
 55 -0.09995 -3.23156e+01 |
55 variables; iteration 60; function evaluation 88; phase 3
Function value 9.0143259e+01; maximum gradient component mag 5.7160e+00
Var    Value     Gradient |Var    Value     Gradient |Var    Value     Gradient
  1  1.00548  3.78475e-02 |  2  0.15395 -3.57765e+00 |  3 -0.09751  2.63538e-02
  4  0.01743  1.10493e-02 |  5 -0.02695  1.46044e-02 |  6  0.02442 -5.73033e-02
  7 -0.02191 -1.20191e-01 |  8 -0.07366 -2.77192e-02 |  9 -0.03802 -1.21965e-01
 10 -0.02533 -1.76280e-01 | 11  0.05929 -7.77060e-02 | 12  0.02954 -7.22130e-02
 13  0.06087 -1.04561e-01 | 14  0.00972 -1.38873e-01 | 15  0.00572 -5.57532e-02
 16  0.06786  8.67905e-02 | 17  0.01451  6.17425e-02 | 18 -0.05790 -2.51047e-01
 19 -0.01275 -9.36087e-02 | 20 -0.03223 -5.87517e-02 | 21  0.05370 -3.14639e-01
 22  0.05581 -1.55123e-01 | 23 -0.04480  9.41198e-02 | 24 -0.02054 -1.89475e-01
 25 -0.11122 -2.87236e-01 | 26 -0.00955 -1.59310e-01 | 27 -0.01876 -2.70575e-01
 28 -0.01569 -1.02212e-01 | 29  0.04649 -5.31341e-02 | 30 -0.01559  4.44072e-02
 31  0.05048 -3.11076e-01 | 32 -0.03257 -1.64855e-01 | 33  0.03365 -1.30536e-01
 34  0.02790 -1.02064e-01 | 35  0.05450 -4.35015e-01 | 36  0.02463 -4.17066e-01
 37 -0.01511 -5.30834e-01 | 38 -0.00146 -1.08276e+00 | 39 -0.04808 -5.72373e-01
 40  0.24108  4.29866e+00 | 41  0.24887 -1.31163e+00 | 42  0.26382  2.55739e-01
 43  0.21116 -4.92211e-01 | 44 -0.71800 -7.47262e-03 | 45 -0.04908 -6.59416e-04
 46  0.22600  1.35042e-03 | 47 -0.72044 -7.72823e-06 | 48 -0.82900 -5.20224e+00
 49 -0.84489  5.71596e+00 | 50 -0.82888 -3.62033e-02 | 51 -0.78638  1.08050e-02
 52 -0.30820 -1.32040e-01 | 53 -0.75448 -1.04512e-02 | 54 -0.10194  7.62405e-01
 55 -0.08552 -1.10082e+00 |
Maximum number of function evaluations exceeded

 - final statistics:
55 variables; iteration 64; function evaluation 100
Function value 9.0092e+01; maximum gradient component mag 4.1637e+00
Exit code = 3;  converg criter 1.0000e+00
Var    Value     Gradient |Var    Value     Gradient |Var    Value     Gradient
  1  1.01436  1.36564e-02 |  2  0.15399  4.16372e+00 |  3 -0.09782 -1.27642e-02
  4  0.01752  7.15529e-02 |  5 -0.02697  4.34522e-02 |  6  0.02429  1.30050e-02
  7 -0.02212 -1.05567e-01 |  8 -0.07405 -1.36256e-01 |  9 -0.03823 -1.12559e-01
 10 -0.02539 -6.58352e-02 | 11  0.05920 -8.42884e-02 | 12  0.02933 -1.37389e-01
 13  0.06074 -8.21808e-02 | 14  0.00980 -8.70743e-02 | 15  0.00586 -9.58131e-02
 16  0.06777 -6.10120e-02 | 17  0.01444 -2.48111e-02 | 18 -0.05769 -5.57112e-02
 19 -0.01279 -8.68781e-02 | 20 -0.03229 -6.13639e-02 | 21  0.05373 -7.51220e-02
 22  0.05590 -6.46893e-02 | 23 -0.04462 -1.13834e-01 | 24 -0.02029 -3.69686e-02
 25 -0.11111 -2.46386e-02 | 26 -0.00967 -4.45669e-02 | 27 -0.01857 -6.28873e-02
 28 -0.01576 -5.17653e-02 | 29  0.04631 -1.13409e-01 | 30 -0.01570 -8.43061e-02
 31  0.05061 -1.12072e-01 | 32 -0.03260 -1.33659e-01 | 33  0.03364 -6.70073e-02
 34  0.02790 -6.80737e-02 | 35  0.05494 -3.24779e-02 | 36  0.02481  9.87638e-02
 37 -0.01527  3.12082e-01 | 38 -0.00155  7.35934e-01 | 39 -0.04761 -4.35463e-02
 40  0.24037  1.65551e+00 | 41  0.24880 -1.17771e-01 | 42  0.26374 -3.85246e-01
 43  0.21113  1.05914e-01 | 44 -0.47047 -8.00903e-03 | 45 -0.02125 -1.15429e-03
 46  0.18274  1.31168e-03 | 47 -0.71935 -2.87167e-05 | 48 -0.81854 -1.05970e+00
 49 -0.83546  1.14483e+00 | 50 -0.81597 -3.29321e-01 | 51 -0.77005  2.44896e-01
 52 -0.30864  2.56289e-01 | 53 -0.87491 -3.63515e-03 | 54 -0.10206  1.03525e-02
 55 -0.08545  3.81542e-01 |

Initial statistics: 57 variables; iteration 0; function evaluation 0; phase 4
Function value 9.0091678e+01; maximum gradient component mag 1.2508e+02
Var    Value     Gradient |Var    Value     Gradient |Var    Value     Gradient
  1  0.98564 -9.95340e-02 |  2  0.15399 -6.73033e+00 |  3 -0.09782 -4.44703e-02
  4  0.01752  3.53542e-01 |  5 -0.02697  2.04381e-01 |  6  0.02429 -1.08619e-02
  7 -0.02212  1.51122e-01 |  8 -0.07405 -7.13310e-02 |  9 -0.03823  3.70539e-02
 10 -0.02539  2.30206e-01 | 11  0.05920  2.06703e-01 | 12  0.02933 -1.08841e-01
 13  0.06074 -2.32636e-01 | 14  0.00980 -2.45220e-01 | 15  0.00586  2.90756e-02
 16  0.06777 -2.94720e-01 | 17  0.01444  2.11204e-02 | 18 -0.05769  7.66005e-02
 19 -0.01279 -1.69067e-01 | 20 -0.03229 -4.48383e-01 | 21  0.05373 -3.02720e-01
 22  0.05590 -2.77572e-01 | 23 -0.04462 -1.40924e-01 | 24 -0.02029 -2.80473e-02
 25 -0.11111  4.56339e-02 | 26 -0.00967 -4.22498e-01 | 27 -0.01857  1.85298e-01
 28 -0.01576 -4.31417e-01 | 29  0.04632 -8.86335e-01 | 30 -0.01570 -3.42897e-01
 31  0.05061 -1.62275e-01 | 32 -0.03260 -4.78532e-01 | 33  0.03364  3.15487e-02
 34  0.02790  7.25029e-02 | 35  0.05494  7.25836e-01 | 36  0.02481  3.27384e-01
 37 -0.01527  5.81292e-01 | 38 -0.00155  1.58057e+00 | 39 -0.04761  7.44070e-01
 40  0.24037 -2.16324e+01 | 41  0.24880  1.71878e+00 | 42  0.26374 -2.00705e+00
 43  0.21113  9.11469e-01 | 44 -0.47047 -1.79802e+00 | 45 -0.02125 -2.14328e-01
 46  0.18274  1.11418e-03 | 47 -0.71935 -4.39033e-05 | 48 -0.81854  1.29623e+00
 49 -0.83546 -1.45497e+00 | 50 -0.81597 -1.88043e+00 | 51 -0.77005  1.48226e+00
 52 -0.30864  4.61175e+00 | 53 -0.87491  4.03075e-02 | 54 -0.10206 -2.42083e+00
 55 -0.08545  1.65451e+00 | 56 -0.05795  1.25083e+02 | 57 -0.17585 -1.23202e+02

Intermediate statistics: 57 variables; iteration 20; function evaluation 39; phase 4
Function value 8.6959642e+01; maximum gradient component mag -1.9439e+02
Var    Value     Gradient |Var    Value     Gradient |Var    Value     Gradient
  1  0.99124 -5.56539e-02 |  2  0.15279 -4.58347e+01 |  3 -0.09885  1.90408e+00
  4  0.01460  3.61546e-01 |  5 -0.02958  7.62763e-01 |  6  0.02060  5.81062e-01
  7 -0.02945  1.84467e+00 |  8 -0.08203 -7.83637e-01 |  9 -0.04511 -7.34670e-01
 10 -0.03347 -2.23006e-01 | 11  0.05671  2.48637e+00 | 12  0.02897  3.67201e-01
 13  0.06106 -2.89954e-02 | 14  0.00832 -2.47203e+00 | 15  0.00236 -2.93532e+00
 16  0.06938  1.71758e+00 | 17  0.01617  3.43640e+00 | 18 -0.05676  9.17416e-01
 19 -0.01259  3.25956e+00 | 20 -0.03098  3.42497e+00 | 21  0.05112 -7.35840e+00
 22  0.05281 -8.76807e+00 | 23 -0.04654 -5.63870e+00 | 24 -0.02438 -1.30672e+01
 25 -0.11076 -3.54428e+00 | 26 -0.00747  9.17461e+00 | 27 -0.01992 -5.93740e+00
 28 -0.01536 -6.72199e+00 | 29  0.04390 -1.80634e+01 | 30 -0.01099  6.06634e+00
 31  0.05317  4.34622e+00 | 32 -0.03178 -2.79542e+00 | 33  0.04124  1.62295e+01
 34  0.03173 -8.11702e-01 | 35  0.05092 -2.51536e+01 | 36  0.02768  5.07676e+00
 37 -0.01345  4.38850e+00 | 38 -0.00013  1.17326e+01 | 39 -0.02493  2.49808e+01
 40  0.23999 -1.94391e+02 | 41  0.24890 -6.70846e+01 | 42  0.26519  1.54508e+01
 43  0.21038 -4.60656e+01 | 44 -0.36343 -5.45745e+00 | 45 -0.00730 -1.31648e-01
 46  0.18268  1.09467e-03 | 47 -0.71933 -7.31989e-04 | 48 -0.81243 -3.59623e+01
 49 -0.83036  3.97931e+01 | 50 -0.81454 -9.25599e+00 | 51 -0.77044  7.43237e+00
 52 -0.31104  3.30423e+01 | 53 -0.87416  4.21810e-01 | 54 -0.12978 -1.36647e+01
 55 -0.07575  5.47488e+01 | 56 -0.04529  7.07599e+01 | 57 -0.13601 -8.29631e+01
57 variables; iteration 40; function evaluation 68; phase 4
Function value 8.5699302e+01; maximum gradient component mag 1.8536e+02
Var    Value     Gradient |Var    Value     Gradient |Var    Value     Gradient
  1  1.01720  1.07521e-01 |  2  0.15235  1.85359e+02 |  3 -0.09252  4.39098e+00
  4  0.01589  1.90617e+00 |  5 -0.02925  7.38584e-01 |  6  0.01903 -2.34482e+00
  7 -0.03234 -4.88427e+00 |  8 -0.08382 -6.07140e+00 |  9 -0.04206 -5.81894e-01
 10 -0.02959 -2.48668e-02 | 11  0.05699 -1.83618e+00 | 12  0.02927 -2.84534e+00
 13  0.06146 -1.79972e+00 | 14  0.00790 -4.33820e+00 | 15  0.00018 -8.50323e+00
 16  0.06892 -2.58466e+00 | 17  0.01592 -1.64258e+00 | 18 -0.05903 -7.18955e+00
 19 -0.01256  5.34749e+00 | 20 -0.03145 -1.40296e+00 | 21  0.04881 -7.28194e+00
 22  0.05123 -9.03668e+00 | 23 -0.04733 -7.14421e+00 | 24 -0.02521 -9.03460e+00
 25 -0.11167 -3.96974e+00 | 26 -0.00755  5.23135e+00 | 27 -0.01926 -1.54295e+00
 28 -0.01471  8.33771e+00 | 29  0.04598  8.54104e+00 | 30 -0.01113  5.51542e+00
 31  0.05403  5.93294e+00 | 32 -0.02952  4.84842e+00 | 33  0.03943  4.17652e+00
 34  0.03250 -2.88911e-01 | 35  0.05505 -8.88567e+00 | 36  0.02717  1.35177e+00
 37 -0.01192  9.69975e+00 | 38  0.00087  1.44917e+01 | 39 -0.02704  1.49019e+01
 40  0.24044 -2.59842e+01 | 41  0.24912  2.24805e+01 | 42  0.26511 -2.21041e+00
 43  0.21080 -1.34741e+00 | 44 -0.36625 -3.81743e+00 | 45  0.16920 -8.46309e-02
 46  0.18149  1.08783e-03 | 47 -0.71895 -7.48370e-04 | 48 -0.70575 -4.46475e+01
 49 -0.73395  4.95317e+01 | 50 -0.80831 -5.75490e-01 | 51 -0.76372  4.48808e-01
 52 -0.31455 -9.89251e-02 | 53 -0.85936 -1.52560e-02 | 54 -0.16596 -9.39009e+00
 55 -0.07942  3.84470e+01 | 56 -0.03260  7.44608e+00 | 57 -0.09877 -1.69678e+01
57 variables; iteration 60; function evaluation 100; phase 4
Function value 8.5010961e+01; maximum gradient component mag 7.8926e+01
Var    Value     Gradient |Var    Value     Gradient |Var    Value     Gradient
  1  1.01471  8.68831e-02 |  2  0.15127  1.81577e+01 |  3 -0.10527 -3.55718e-01
  4  0.01491  3.36209e-01 |  5 -0.02934 -4.85714e-02 |  6  0.02025 -2.85926e-01
  7 -0.03276 -1.02559e+00 |  8 -0.08426 -5.37710e-01 |  9 -0.04736 -1.75969e+00
 10 -0.03769 -1.27640e+00 | 11  0.05418 -5.22364e-01 | 12  0.02947  3.68883e-01
 13  0.06285  6.88121e-01 | 14  0.00991  3.70016e-01 | 15  0.00470  3.26123e-01
 16  0.06965 -3.22446e-02 | 17  0.01686  3.24838e-01 | 18 -0.05654 -5.06916e-01
 19 -0.01406 -5.69981e-02 | 20 -0.03027  1.24324e+00 | 21  0.04951 -2.92506e-01
 22  0.05245  7.50836e-01 | 23 -0.04569  5.79026e-01 | 24 -0.02377  1.21842e+00
 25 -0.10988  1.27565e+00 | 26 -0.00659  7.25999e+00 | 27 -0.01834 -5.15133e-01
 28 -0.01641  7.12426e-04 | 29  0.04674 -1.53613e+00 | 30 -0.01066 -1.22552e+00
 31  0.05458 -1.05795e+00 | 32 -0.02918  9.91436e-01 | 33  0.03821 -1.80749e+00
 34  0.03293  2.40612e-01 | 35  0.05729 -1.87348e-01 | 36  0.02768 -2.57597e-01
 37 -0.01114  1.88387e-02 | 38  0.00510 -1.02386e+00 | 39 -0.03790 -1.94960e+00
 40  0.24280  7.89264e+01 | 41  0.24845 -5.33331e+01 | 42  0.26580 -1.94478e+00
 43  0.21141 -3.38937e+00 | 44 -0.36390  7.13893e-01 | 45  0.26777  1.46473e-02
 46  0.17001  1.05055e-03 | 47 -0.71591  1.02836e-04 | 48 -0.68650 -1.68479e+01
 49 -0.71754  1.87680e+01 | 50 -0.74363 -1.53753e+00 | 51 -0.68531  1.22705e+00
 52 -0.31352 -1.62099e+01 | 53 -0.60658 -5.58063e-01 | 54 -0.11897  1.47394e+01
 55 -0.10544 -1.22107e+01 | 56 -0.11723  5.44326e+00 | 57 -0.17013  9.12692e+00
57 variables; iteration 80; function evaluation 132; phase 4
Function value 8.4764076e+01; maximum gradient component mag -4.1387e+02
Var    Value     Gradient |Var    Value     Gradient |Var    Value     Gradient
  1  0.99787 -1.21261e-02 |  2  0.15095  1.33204e+01 |  3 -0.10645  5.10586e-02
  4  0.01390 -3.78788e-02 |  5 -0.03007  3.07929e-02 |  6  0.01974  2.14800e-01
  7 -0.03358 -1.01150e-01 |  8 -0.08457  1.31805e-01 |  9 -0.04641  9.23362e-02
 10 -0.03681  2.07872e-01 | 11  0.05389 -3.74214e-01 | 12  0.02894 -1.80640e-01
 13  0.06239 -2.37694e-01 | 14  0.00953 -1.02993e-01 | 15  0.00376 -5.84698e-02
 16  0.06992 -8.79546e-02 | 17  0.01707 -1.39677e-01 | 18 -0.05630  6.92025e-02
 19 -0.01437 -4.17249e-01 | 20 -0.03046 -3.54976e-01 | 21  0.04893 -5.35785e-02
 22  0.05166  1.22533e-01 | 23 -0.04640  9.31638e-02 | 24 -0.02428  2.86297e-01
 25 -0.10968  8.00830e-01 | 26 -0.00583  2.04718e+00 | 27 -0.01802  2.38793e-03
 28 -0.01679 -5.57141e-01 | 29  0.04694 -2.03055e-01 | 30 -0.01034  3.09122e-01
 31  0.05465  6.75342e-01 | 32 -0.02961 -1.07351e-01 | 33  0.03858  8.02173e-01
 34  0.03272  4.98892e-01 | 35  0.05711  6.11043e-01 | 36  0.02787 -2.68030e-01
 37 -0.01073 -1.07915e+00 | 38  0.00604 -2.00566e+00 | 39 -0.03622 -3.38271e-01
 40  0.24323  1.46663e+00 | 41  0.24909  1.52619e+01 | 42  0.26619  8.87775e-01
 43  0.21155  9.66193e-01 | 44 -0.36157  3.20356e-01 | 45  0.21310  6.98554e-03
 46  0.04473  4.09083e-04 | 47 -0.71148  8.89373e-06 | 48 -0.64289  1.11160e+01
 49 -0.67954 -1.23106e+01 | 50 -0.51262 -1.83173e+00 | 51 -0.42387  1.74370e+00
 52 -0.32496 -6.11877e-01 | 53 -0.28110 -3.20923e-02 | 54 -0.13829 -4.13873e+02
 55 -0.17440  3.97983e+02 | 56 -0.21166 -4.87451e+01 | 57 -0.21275 -3.51670e+02
57 variables; iteration 100; function evaluation 152; phase 4
Function value 8.4756266e+01; maximum gradient component mag 7.2547e+00
Var    Value     Gradient |Var    Value     Gradient |Var    Value     Gradient
  1  1.00027 -8.31996e-04 |  2  0.15087 -1.70048e+00 |  3 -0.10664 -8.92805e-04
  4  0.01400 -2.29329e-02 |  5 -0.03002 -1.22193e-02 |  6  0.01957  1.22577e-02
  7 -0.03398  7.93330e-03 |  8 -0.08517  2.06195e-02 |  9 -0.04698  2.85040e-02
 10 -0.03775  3.87408e-02 | 11  0.05372  1.20968e-02 | 12  0.02893  1.95873e-02
 13  0.06253  1.26811e-02 | 14  0.00952  1.64076e-02 | 15  0.00360  1.74747e-02
 16  0.07003  4.05536e-02 | 17  0.01727 -3.42480e-02 | 18 -0.05625 -7.48602e-03
 19 -0.01414 -4.35493e-03 | 20 -0.03027 -2.00796e-02 | 21  0.04907  3.58500e-03
 22  0.05169  1.80537e-02 | 23 -0.04646  2.12255e-02 | 24 -0.02422 -3.75038e-02
 25 -0.10960 -2.62896e-02 | 26 -0.00579 -1.79185e-01 | 27 -0.01791  2.37031e-02
 28 -0.01652 -3.23066e-02 | 29  0.04718 -1.35681e-04 | 30 -0.01018  1.07135e-02
 31  0.05469  1.58205e-02 | 32 -0.02942  1.16588e-02 | 33  0.03861  2.05668e-03
 34  0.03280  2.20876e-02 | 35  0.05698  5.25262e-02 | 36  0.02788  7.22049e-04
 37 -0.01045 -2.69024e-02 | 38  0.00616 -2.46584e-02 | 39 -0.03595 -6.62528e-03
 40  0.24365 -1.15894e-01 | 41  0.24907  1.87662e-01 | 42  0.26622  1.71343e-02
 43  0.21156  3.23994e-02 | 44 -0.35831 -1.02594e-02 | 45  0.04555  7.03838e-05
 46 -0.05318 -7.98770e-05 | 47 -0.70849  2.99499e-05 | 48 -0.67928 -3.99227e-01
 49 -0.71175  4.47526e-01 | 50 -0.50735 -1.46032e-01 | 51 -0.41973  1.33847e-01
 52 -0.32376  3.83934e-02 | 53 -0.25073  6.22305e-04 | 54 -0.14009  5.57470e+00
 55 -0.17219 -3.50218e+00 | 56 -0.20612 -1.85110e+00 | 57 -0.20888  7.25469e+00
57 variables; iteration 120; function evaluation 173; phase 4
Function value 8.4756193e+01; maximum gradient component mag -6.9871e-01
Var    Value     Gradient |Var    Value     Gradient |Var    Value     Gradient
  1  1.00035  1.29403e-04 |  2  0.15086 -6.98709e-01 |  3 -0.10665  1.39210e-03
  4  0.01399  1.00883e-03 |  5 -0.03003 -1.12030e-03 |  6  0.01955 -2.44899e-03
  7 -0.03401  7.63892e-03 |  8 -0.08521  6.12441e-03 |  9 -0.04701  1.18897e-02
 10 -0.03780  1.19938e-02 | 11  0.05371  1.24874e-02 | 12  0.02892  9.06927e-03
 13  0.06253  3.08808e-03 | 14  0.00951  2.33015e-03 | 15  0.00359  1.70562e-03
 16  0.07002 -4.92373e-03 | 17  0.01728 -9.02402e-03 | 18 -0.05624 -4.42589e-03
 19 -0.01413 -1.48848e-03 | 20 -0.03026 -1.32464e-03 | 21  0.04908 -7.37305e-03
 22  0.05170 -5.69261e-03 | 23 -0.04646  4.90264e-03 | 24 -0.02421 -2.95550e-03
 25 -0.10959 -8.57490e-03 | 26 -0.00578 -2.31929e-02 | 27 -0.01792  7.05909e-03
 28 -0.01650 -2.98004e-03 | 29  0.04719  3.40349e-03 | 30 -0.01017 -1.67496e-03
 31  0.05469  5.27879e-04 | 32 -0.02941  9.12224e-03 | 33  0.03861 -2.88218e-03
 34  0.03280  4.40594e-03 | 35  0.05698  9.79107e-03 | 36  0.02788 -3.02668e-03
 37 -0.01044 -8.02467e-03 | 38  0.00617 -2.28302e-02 | 39 -0.03594  2.82847e-03
 40  0.24366 -3.99700e-01 | 41  0.24907  4.87025e-03 | 42  0.26622 -7.54872e-03
 43  0.21156 -1.05776e-02 | 44 -0.35665 -1.13306e-03 | 45 -0.04091 -1.85592e-04
 46 -0.01511  1.10334e-04 | 47 -0.70964 -3.78249e-07 | 48 -0.68019  5.19054e-02
 49 -0.71257 -5.76215e-02 | 50 -0.50680 -5.15998e-03 | 51 -0.41928  5.66466e-03
 52 -0.32579  7.31642e-02 | 53 -0.20884  2.62777e-03 | 54 -0.14099 -6.20577e-01
 55 -0.17221  6.22927e-01 | 56 -0.20523 -1.07218e-01 | 57 -0.20797 -4.96834e-01
57 variables; iteration 140; function evaluation 193; phase 4
Function value 8.4756084e+01; maximum gradient component mag -3.9084e-01
Var    Value     Gradient |Var    Value     Gradient |Var    Value     Gradient
  1  1.00034  2.78433e-05 |  2  0.15087 -1.80068e-01 |  3 -0.10666 -1.39034e-04
  4  0.01399  4.72074e-04 |  5 -0.03003  5.19340e-05 |  6  0.01956  1.48987e-03
  7 -0.03400  2.71368e-03 |  8 -0.08520  2.11704e-03 |  9 -0.04701  2.14097e-03
 10 -0.03779  3.45984e-03 | 11  0.05371  1.44425e-03 | 12  0.02892  1.23271e-03
 13  0.06253 -3.95623e-04 | 14  0.00952  7.59547e-04 | 15  0.00360  2.64848e-03
 16  0.07002 -7.26608e-04 | 17  0.01728 -2.85553e-03 | 18 -0.05624  7.57310e-04
 19 -0.01413  9.76289e-05 | 20 -0.03026 -2.46586e-03 | 21  0.04908 -1.42649e-03
 22  0.05170  8.67433e-04 | 23 -0.04646  2.34555e-03 | 24 -0.02420  3.06090e-03
 25 -0.10959  5.48959e-03 | 26 -0.00578  1.50639e-02 | 27 -0.01792  2.38000e-03
 28 -0.01651 -4.23110e-03 | 29  0.04719 -1.00936e-02 | 30 -0.01017 -4.38879e-03
 31  0.05469 -5.98166e-03 | 32 -0.02941 -3.26787e-03 | 33  0.03861 -3.47973e-03
 34  0.03280 -3.14623e-03 | 35  0.05699 -1.74038e-04 | 36  0.02788  1.76293e-04
 37 -0.01044 -2.68898e-03 | 38  0.00617  6.35069e-04 | 39 -0.03594 -9.05786e-04
 40  0.24364 -2.30229e-01 | 41  0.24907 -3.47707e-02 | 42  0.26622  2.62339e-04
 43  0.21156  1.73237e-03 | 44 -0.35739 -4.15440e-03 | 45 -0.00238 -5.17104e-05
 46 -0.04083 -1.91976e-05 | 47 -0.70896 -2.33355e-05 | 48 -0.68085 -9.21737e-03
 49 -0.71317  9.94209e-03 | 50 -0.50686 -3.08335e-03 | 51 -0.41932  1.96063e-03
 52 -0.33702  2.77542e-02 | 53  0.00740  1.59615e-03 | 54 -0.14465 -3.11846e-01
 55 -0.16952  2.07874e-01 | 56 -0.19703  8.55919e-02 | 57 -0.20178 -3.90840e-01
57 variables; iteration 160; function evaluation 214; phase 4
Function value 8.4755993e+01; maximum gradient component mag 5.2608e-02
Var    Value     Gradient |Var    Value     Gradient |Var    Value     Gradient
  1  1.00034 -7.22743e-06 |  2  0.15087  4.47206e-02 |  3 -0.10666 -1.54684e-05
  4  0.01399 -1.97724e-04 |  5 -0.03003 -9.15796e-05 |  6  0.01955 -3.41940e-04
  7 -0.03401 -7.33482e-04 |  8 -0.08520 -6.53688e-04 |  9 -0.04701 -4.31088e-04
 10 -0.03780 -8.55959e-04 | 11  0.05371 -3.90282e-04 | 12  0.02892 -3.48274e-04
 13  0.06253  9.85369e-06 | 14  0.00952 -2.73171e-04 | 15  0.00360 -7.25304e-04
 16  0.07002  1.85418e-04 | 17  0.01728  5.10147e-04 | 18 -0.05624 -3.38675e-04
 19 -0.01413 -3.36351e-04 | 20 -0.03026  1.81874e-04 | 21  0.04908 -5.32485e-05
 22  0.05170 -6.61798e-04 | 23 -0.04646 -7.72205e-04 | 24 -0.02421 -1.31739e-03
 25 -0.10959 -1.76292e-03 | 26 -0.00578 -4.15362e-03 | 27 -0.01792 -4.70735e-04
 28 -0.01651  1.06534e-03 | 29  0.04719  2.92537e-03 | 30 -0.01017  1.56234e-03
 31  0.05469  2.13165e-03 | 32 -0.02941  8.57114e-04 | 33  0.03861  1.45126e-03
 34  0.03280  1.13253e-03 | 35  0.05699  2.52008e-04 | 36  0.02788  5.14269e-06
 37 -0.01044  7.04750e-04 | 38  0.00617  3.78398e-04 | 39 -0.03593  6.63212e-04
 40  0.24364  5.26076e-02 | 41  0.24907  1.38383e-02 | 42  0.26622  1.24796e-04
 43  0.21156 -5.10548e-04 | 44 -0.35726  5.41919e-04 | 45 -0.00871  6.75028e-06
 46 -0.03662  2.57176e-06 | 47 -0.70903 -1.18506e-06 | 48 -0.68049  2.79941e-04
 49 -0.71284 -2.73406e-04 | 50 -0.50682 -8.95220e-05 | 51 -0.41929  1.89035e-04
 52 -0.33572 -6.44049e-03 | 53 -0.01733 -3.30183e-04 | 54 -0.14238 -3.12432e-02
 55 -0.13805  2.28912e-02 | 56 -0.14767  7.51911e-03 | 57 -0.17571 -3.91806e-02
57 variables; iteration 180; function evaluation 234; phase 4
Function value 8.4755993e+01; maximum gradient component mag 9.3790e-02
Var    Value     Gradient |Var    Value     Gradient |Var    Value     Gradient
  1  1.00033 -8.64082e-05 |  2  0.15086  1.40255e-02 |  3 -0.10666 -7.55465e-05
  4  0.01399 -1.76475e-03 |  5 -0.03003 -6.91666e-04 |  6  0.01955 -3.20648e-04
  7 -0.03401 -1.14495e-03 |  8 -0.08520 -3.93341e-04 |  9 -0.04701  5.82233e-04
 10 -0.03780 -5.78983e-04 | 11  0.05371  3.39602e-04 | 12  0.02892  6.73753e-04
 13  0.06253  1.32185e-03 | 14  0.00952 -6.98764e-05 | 15  0.00360 -1.34408e-03
 16  0.07002  2.19830e-03 | 17  0.01728  3.33321e-04 | 18 -0.05624 -9.93690e-05
 19 -0.01413  2.68204e-03 | 20 -0.03026  1.83547e-03 | 21  0.04908  1.32512e-03
 22  0.05170 -6.14891e-04 | 23 -0.04646 -1.36934e-03 | 24 -0.02421 -6.30685e-03
 25 -0.10960 -8.30091e-03 | 26 -0.00578 -2.84967e-02 | 27 -0.01792 -1.22142e-03
 28 -0.01651  1.29108e-03 | 29  0.04719  6.76173e-03 | 30 -0.01017  5.44837e-03
 31  0.05469  6.90136e-03 | 32 -0.02941  3.07844e-03 | 33  0.03862  6.30533e-03
 34  0.03280  4.91761e-03 | 35  0.05698  2.55421e-04 | 36  0.02788  2.51217e-04
 37 -0.01044 -6.63644e-04 | 38  0.00617 -4.08082e-03 | 39 -0.03593  6.09657e-03
 40  0.24364  8.58811e-02 | 41  0.24907  9.37903e-02 | 42  0.26622  3.90690e-03
 43  0.21156  2.75208e-03 | 44 -0.35724  1.58962e-03 | 45 -0.01006  2.01023e-05
 46 -0.03707 -1.14897e-05 | 47 -0.70994 -4.14563e-04 | 48 -0.68032 -2.96042e-03
 49 -0.71269  3.53582e-03 | 50 -0.50680 -2.35076e-03 | 51 -0.41928  3.31520e-03
 52 -0.33563 -1.14176e-02 | 53 -0.01912 -6.01269e-04 | 54 -0.14319  6.17633e-03
 55 -0.13799 -5.74324e-03 | 56 -0.14676  1.33802e-03 | 57 -0.17483  3.87116e-03
57 variables; iteration 200; function evaluation 255; phase 4
Function value 8.4755977e+01; maximum gradient component mag -8.8075e-02
Var    Value     Gradient |Var    Value     Gradient |Var    Value     Gradient
  1  1.00034  4.69732e-05 |  2  0.15087 -9.72683e-03 |  3 -0.10666  5.88453e-05
  4  0.01399  1.03603e-03 |  5 -0.03003  4.49770e-04 |  6  0.01955  2.36734e-04
  7 -0.03401  7.16836e-04 |  8 -0.08520  3.23990e-04 |  9 -0.04701 -3.56485e-04
 10 -0.03780  3.68390e-04 | 11  0.05371 -1.77633e-04 | 12  0.02892 -2.71693e-04
 13  0.06253 -4.00793e-04 | 14  0.00952  4.21425e-04 | 15  0.00360  1.02179e-03
 16  0.07002 -6.00857e-04 | 17  0.01728  5.50760e-04 | 18 -0.05624  6.56718e-04
 19 -0.01413 -6.48370e-04 | 20 -0.03026 -1.81257e-04 | 21  0.04908  2.15197e-04
 22  0.05170  1.28242e-03 | 23 -0.04646  9.12463e-04 | 24 -0.02420  4.11175e-03
 25 -0.10959  5.01609e-03 | 26 -0.00578  1.62854e-02 | 27 -0.01792  7.80906e-04
 28 -0.01650 -2.52425e-04 | 29  0.04719 -5.10298e-03 | 30 -0.01017 -4.09783e-03
 31  0.05469 -5.58768e-03 | 32 -0.02941 -2.28972e-03 | 33  0.03861 -5.43833e-03
 34  0.03280 -3.88381e-03 | 35  0.05699 -8.56448e-04 | 36  0.02788 -6.00277e-05
 37 -0.01044  7.84637e-04 | 38  0.00617  2.58244e-03 | 39 -0.03594 -4.61082e-03
 40  0.24364 -2.69254e-02 | 41  0.24907 -8.80751e-02 | 42  0.26622 -2.08927e-03
 43  0.21156 -1.24066e-03 | 44 -0.35729 -7.05955e-04 | 45 -0.00730 -1.01126e-05
 46 -0.03670  3.91109e-06 | 47 -0.70889  6.02922e-05 | 48 -0.68063  1.98999e-03
 49 -0.71297 -2.34559e-03 | 50 -0.50683  1.64341e-03 | 51 -0.41930 -2.19281e-03
 52 -0.33561  3.49968e-03 | 53 -0.01944  1.83079e-04 | 54 -0.16440  6.97929e-02
 55 -0.13865 -7.03777e-02 | 56 -0.12677  1.05815e-02 | 57 -0.15413  5.90305e-02
57 variables; iteration 220; function evaluation 280; phase 4
Function value 8.4755969e+01; maximum gradient component mag -1.5217e-01
Var    Value     Gradient |Var    Value     Gradient |Var    Value     Gradient
  1  1.00034  4.14241e-06 |  2  0.15087 -5.25371e-02 |  3 -0.10666  2.08970e-06
  4  0.01399  1.17003e-04 |  5 -0.03003  5.84170e-05 |  6  0.01955  6.32793e-05
  7 -0.03401  8.47246e-04 |  8 -0.08520  7.89985e-04 |  9 -0.04701  6.99686e-04
 10 -0.03780  8.10581e-04 | 11  0.05371  6.89894e-04 | 12  0.02892  7.17674e-04
 13  0.06253  7.40758e-04 | 14  0.00952  8.64127e-04 | 15  0.00360  9.39571e-04
 16  0.07002  7.99213e-04 | 17  0.01728  9.68984e-04 | 18 -0.05624  9.66296e-04
 19 -0.01413  8.06266e-04 | 20 -0.03026  8.41912e-04 | 21  0.04908  9.22982e-04
 22  0.05170  1.05244e-03 | 23 -0.04646  5.54797e-04 | 24 -0.02421  9.79804e-04
 25 -0.10959  1.01239e-03 | 26 -0.00578  2.47590e-03 | 27 -0.01792  6.48374e-04
 28 -0.01651  4.58531e-04 | 29  0.04719 -2.91527e-03 | 30 -0.01017 -2.46591e-03
 31  0.05469 -4.09884e-03 | 32 -0.02941 -1.20013e-03 | 33  0.03861 -4.57109e-03
 34  0.03280 -2.73107e-03 | 35  0.05699 -1.28720e-03 | 36  0.02788 -3.32184e-05
 37 -0.01044  8.87150e-04 | 38  0.00617  1.32813e-03 | 39 -0.03593 -2.33266e-03
 40  0.24364  1.49717e-04 | 41  0.24907 -9.00011e-02 | 42  0.26622 -1.20696e-04
 43  0.21156 -2.27113e-06 | 44 -0.35728 -1.45909e-04 | 45 -0.00792 -2.48078e-06
 46 -0.03699  3.72707e-08 | 47 -0.70907 -2.44656e-05 | 48 -0.68053  3.60649e-04
 49 -0.71288 -4.13544e-04 | 50 -0.50682  3.23571e-04 | 51 -0.41930 -3.64193e-04
 52 -0.33562 -4.75278e-05 | 53 -0.01929 -3.04879e-06 | 54 -0.18580  1.47288e-01
 55 -0.13859 -1.52168e-01 | 56 -0.10572  2.56901e-02 | 57 -0.13295  1.24744e-01
57 variables; iteration 240; function evaluation 305; phase 4
Function value 8.4755967e+01; maximum gradient component mag 1.5475e-02
Var    Value     Gradient |Var    Value     Gradient |Var    Value     Gradient
  1  1.00034  2.58515e-07 |  2  0.15087 -5.74350e-03 |  3 -0.10666 -2.31325e-06
  4  0.01399  9.98613e-06 |  5 -0.03003  5.89347e-06 |  6  0.01955  2.16098e-05
  7 -0.03401  9.52049e-05 |  8 -0.08520  9.34055e-05 |  9 -0.04701  7.78120e-05
 10 -0.03780  9.47812e-05 | 11  0.05371  6.22142e-05 | 12  0.02892  7.51006e-05
 13  0.06253  7.27082e-05 | 14  0.00952  9.15812e-05 | 15  0.00360  1.13297e-04
 16  0.07002  8.66070e-05 | 17  0.01728  9.19206e-05 | 18 -0.05624  1.09908e-04
 19 -0.01413  7.74542e-05 | 20 -0.03026  7.00186e-05 | 21  0.04908  9.96859e-05
 22  0.05170  1.28045e-04 | 23 -0.04646  1.17874e-04 | 24 -0.02421  1.74436e-04
 25 -0.10959  2.20819e-04 | 26 -0.00578  4.46060e-04 | 27 -0.01792  6.75382e-05
 28 -0.01651 -1.26164e-05 | 29  0.04719 -2.13716e-04 | 30 -0.01017 -2.82313e-04
 31  0.05469 -5.37447e-04 | 32 -0.02941 -1.87773e-04 | 33  0.03861 -5.79795e-04
 34  0.03280 -3.60292e-04 | 35  0.05699 -1.75308e-04 | 36  0.02788 -1.87007e-05
 37 -0.01044  7.46208e-05 | 38  0.00617  1.54418e-04 | 39 -0.03593 -3.02000e-04
 40  0.24364 -7.61466e-04 | 41  0.24907 -9.36877e-03 | 42  0.26622  1.17143e-05
 43  0.21156  3.19316e-05 | 44 -0.35728 -2.69249e-05 | 45 -0.00796 -4.26833e-07
 46 -0.03712  5.62869e-08 | 47 -0.70901 -4.48125e-07 | 48 -0.68052  1.08467e-04
 49 -0.71287 -1.20884e-04 | 50 -0.50682  6.45514e-05 | 51 -0.41930 -5.87335e-05
 52 -0.33562  7.98407e-05 | 53 -0.01920  4.11092e-06 | 54 -0.19893  1.43599e-02
 55 -0.13859 -1.25515e-02 | 56 -0.09302 -6.68168e-04 | 57 -0.12015  1.54746e-02
Warning: the following parameters had issues
  MGparm[11] is within 0.1% of upper bound: 0.00000e+00 < 3.00000e+00 < 3.00000e+00


 - final statistics:
57 variables; iteration 247; function evaluation 312
Function value 8.4756e+01; maximum gradient component mag 6.6443e-05
Exit code = 1;  converg criter 1.0000e-04
Var    Value     Gradient |Var    Value     Gradient |Var    Value     Gradient
  1  1.00034  6.97220e-09 |  2  0.15087  6.64429e-05 |  3 -0.10666 -8.75580e-08
  4  0.01399  3.40601e-07 |  5 -0.03003  2.22238e-07 |  6  0.01955  6.61454e-07
  7 -0.03401 -4.98596e-07 |  8 -0.08520 -5.70665e-07 |  9 -0.04701 -1.17224e-06
 10 -0.03780 -6.05380e-07 | 11  0.05371 -1.61711e-06 | 12  0.02892 -1.15334e-06
 13  0.06253 -9.97749e-07 | 14  0.00952 -3.69454e-07 | 15  0.00360  2.44848e-07
 16  0.07002 -3.20111e-07 | 17  0.01728  1.59323e-07 | 18 -0.05624  4.54526e-07
 19 -0.01413 -5.90978e-07 | 20 -0.03026 -6.95234e-07 | 21  0.04908  3.34200e-07
 22  0.05170  1.16383e-06 | 23 -0.04646  1.92531e-07 | 24 -0.02421  2.55051e-06
 25 -0.10959  4.00936e-06 | 26 -0.00578  1.25346e-05 | 27 -0.01792 -3.28813e-07
 28 -0.01651 -1.05285e-06 | 29  0.04719 -3.52262e-06 | 30 -0.01017 -1.24693e-06
 31  0.05469 -1.65570e-06 | 32 -0.02941 -2.09298e-06 | 33  0.03861 -5.47227e-07
 34  0.03280 -1.26955e-06 | 35  0.05699 -4.76736e-07 | 36  0.02788  3.72742e-07
 37 -0.01044 -3.11871e-07 | 38  0.00617  1.77608e-06 | 39 -0.03593 -1.76888e-06
 40  0.24364 -1.65840e-06 | 41  0.24907 -2.88970e-06 | 42  0.26622  4.28751e-07
 43  0.21156  1.11156e-06 | 44 -0.35728 -6.00544e-07 | 45 -0.00798 -1.00788e-08
 46 -0.03714  2.12942e-09 | 47 -0.70901 -9.96754e-08 | 48 -0.68052  1.06257e-06
 49 -0.71288 -1.19723e-06 | 50 -0.50682  2.09718e-06 | 51 -0.41930 -1.97173e-06
 52 -0.33563 -4.60736e-07 | 53 -0.01918 -2.52419e-08 | 54 -0.19968 -4.69320e-05
 55 -0.13864  4.60767e-05 | 56 -0.09239 -4.64954e-06 | 57 -0.11947 -4.38469e-05
size of file gradfil1.tmp = 0
size of file gradfil2.tmp = 0
size of file varssave.tmp = 0
size of file cmpdiff.tmp = 0
