
Initial statistics: 4 variables; iteration 0; function evaluation 0; phase 1
Function value 4.5330717e+03; maximum gradient component mag 3.0536e+04
Var    Value     Gradient |Var    Value     Gradient |Var    Value     Gradient
  1  0.39650  3.05357e+04 |  2  0.21635  2.62423e+04 |  3  0.21635  7.88896e+03
  4  0.21635  1.09830e+04 |

 - final statistics:
4 variables; iteration 11; function evaluation 21
Function value 6.1642e+02; maximum gradient component mag -2.7223e+00
Exit code = 1;  converg criter 1.0000e+01
Var    Value     Gradient |Var    Value     Gradient |Var    Value     Gradient
  1  0.17526  7.64730e-02 |  2  0.22436 -2.41728e+00 |  3  0.23217 -1.23346e+00
  4  0.20890 -2.72227e+00 |

Initial statistics: 49 variables; iteration 0; function evaluation 0; phase 2
Function value 6.1641655e+02; maximum gradient component mag -5.7523e+02
Var    Value     Gradient |Var    Value     Gradient |Var    Value     Gradient
  1  0.17526  7.64730e-02 |  2  0.00000  4.93287e+01 |  3  0.00000 -1.12931e+02
  4  0.00000  3.61844e+01 |  5  0.00000 -7.22403e+01 |  6  0.00000 -2.54054e+01
  7  0.00000  5.34900e+01 |  8  0.00000  5.78165e+00 |  9  0.00000  1.09099e+01
 10  0.00000 -7.75367e+01 | 11  0.00000  6.14103e+00 | 12  0.00000 -5.59313e+01
 13  0.00000 -8.10753e+00 | 14  0.00000 -3.30956e+00 | 15  0.00000 -8.29758e+01
 16  0.00000  1.25913e+01 | 17  0.00000  1.08494e+02 | 18  0.00000  1.55024e+01
 19  0.00000  5.75263e+01 | 20  0.00000 -1.36175e+02 | 21  0.00000 -1.19737e+02
 22  0.00000  1.55281e+02 | 23  0.00000  3.33029e+01 | 24  0.00000  2.74903e+02
 25  0.00000  1.14308e+02 | 26  0.00000  5.72572e+00 | 27  0.00000  2.64351e+01
 28  0.00000 -6.55567e+01 | 29  0.00000  1.68187e+02 | 30  0.00000 -2.99821e+02
 31  0.00000  2.19713e+02 | 32  0.00000 -3.29709e+02 | 33  0.00000  1.62483e+01
 34  0.00000 -2.41482e+02 | 35  0.00000 -3.91872e+01 | 36  0.00000  2.00395e+02
 37  0.22436 -2.41728e+00 | 38  0.23217 -1.23346e+00 | 39  0.20890 -2.72227e+00
 40 -1.00000 -1.08293e-07 | 41  0.00000  1.09243e-04 | 42  0.00000  3.20514e-01
 43 -0.53989  6.76346e+00 | 44 -1.00000 -1.08293e-07 | 45 -0.53989  1.24818e+01
 46 -1.00000 -1.08293e-07 | 47 -0.53989  3.67704e+00 | 48 -0.32288  2.26961e+01
 49 -0.17585 -5.75229e+02 |

Intermediate statistics: 49 variables; iteration 20; function evaluation 45; phase 2
Function value 4.1315964e+02; maximum gradient component mag -5.2372e+03
Var    Value     Gradient |Var    Value     Gradient |Var    Value     Gradient
  1  0.16156 -5.23719e+03 |  2 -0.37373 -5.81520e+01 |  3  0.29756  1.12746e+02
  4  0.24457  1.34962e+02 |  5  0.20486  1.30435e+01 |  6  0.16210  1.18254e+02
  7  0.06422  6.45246e+01 |  8  0.04257  2.25171e+01 |  9  0.08827  1.01886e+02
 10  0.15632  1.61281e+02 | 11  0.10822  1.87093e+02 | 12  0.02517  2.51510e+01
 13 -0.04732 -1.47429e+01 | 14  0.02330  1.16802e+02 | 15 -0.00160 -4.72748e+01
 16 -0.01613  3.12608e+01 | 17 -0.05879  7.21601e+01 | 18  0.02368  1.48060e+02
 19 -0.03209  6.39853e+01 | 20 -0.00862 -1.44634e+02 | 21 -0.03127 -1.38705e+02
 22 -0.02623  1.78848e+02 | 23 -0.03574  6.46759e+01 | 24 -0.08601  1.68027e+02
 25  0.03092  3.11327e+02 | 26 -0.00693  3.01043e+01 | 27 -0.02008 -5.61742e+01
 28 -0.01759 -2.70979e+02 | 29 -0.11867 -5.91701e+02 | 30  0.04561 -2.16423e+02
 31 -0.08341 -2.19488e+02 | 32  0.00987 -1.05999e+02 | 33  0.00772  1.22479e+02
 34  0.00354 -1.32318e+02 | 35 -0.00208  9.33375e+01 | 36 -0.20175 -2.29363e+02
 37  0.22602 -2.28410e+03 | 38  0.25495  1.14247e+02 | 39  0.24251 -1.24512e+03
 40 -1.12550  1.55752e-02 | 41 -0.00000  1.44073e-04 | 42 -0.00832  4.09871e-04
 43 -0.71818  9.43799e-03 | 44 -1.35374  6.90934e+02 | 45 -0.58415  5.98830e+02
 46 -1.18919  5.71566e+01 | 47 -0.64855  3.03368e+01 | 48 -0.48949  1.02258e+01
 49  0.00499  5.68532e+02 |
49 variables; iteration 40; function evaluation 74; phase 2
Function value 3.7665582e+02; maximum gradient component mag -3.1639e+03
Var    Value     Gradient |Var    Value     Gradient |Var    Value     Gradient
  1  0.16272 -3.16395e+03 |  2 -0.24320 -4.58648e+01 |  3  0.28797  8.90266e+01
  4  0.27721  1.77368e+02 |  5  0.22823  3.47887e+01 |  6  0.16815  7.85879e+01
  7  0.06402  2.15610e+01 |  8  0.03422 -3.87848e+01 |  9  0.11974  1.09260e+02
 10  0.18088  1.79333e+02 | 11  0.08838  1.02662e+02 | 12  0.04604  5.78966e+01
 13 -0.05165 -3.85413e+01 | 14  0.00209  6.89331e+01 | 15  0.00882 -2.22053e+01
 16 -0.01597  4.04166e+01 | 17 -0.05946  6.61797e+01 | 18  0.02581  1.65078e+02
 19 -0.04121  4.84260e+01 | 20  0.01064 -8.07876e+01 | 21 -0.02057 -1.10621e+02
 22 -0.04058  1.39583e+02 | 23 -0.04570  3.95583e+01 | 24 -0.10375  1.17747e+02
 25  0.02603  3.00717e+02 | 26 -0.02801 -4.47917e+00 | 27 -0.01123 -5.66468e+00
 28 -0.02490 -2.08656e+02 | 29 -0.10807 -4.56368e+02 | 30  0.03001 -3.00744e+02
 31 -0.06140 -1.11236e+02 | 32 -0.00322 -1.81736e+02 | 33  0.01387  1.97034e+02
 34 -0.00762 -1.73069e+02 | 35 -0.00696  1.17567e+02 | 36 -0.18957 -2.19898e+02
 37  0.22905 -1.51697e+03 | 38  0.25388  3.20395e+01 | 39  0.24940 -4.11328e+02
 40 -1.59497 -3.45178e+01 | 41 -0.21829  2.28639e+00 | 42 -0.24783  5.01845e-01
 43 -1.52455 -1.03496e+01 | 44 -1.36596  6.45621e+02 | 45 -0.57521  5.72843e+02
 46 -1.10572 -2.98774e+02 | 47 -0.84017 -1.97077e+02 | 48 -0.46030  1.32401e+01
 49 -0.01819  1.49603e+02 |
Maximum number of function evaluations exceeded

 - final statistics:
49 variables; iteration 57; function evaluation 100
Function value 2.4595e+02; maximum gradient component mag -3.9514e+03
Exit code = 3;  converg criter 1.0000e+01
Var    Value     Gradient |Var    Value     Gradient |Var    Value     Gradient
  1  0.14834 -3.95143e+03 |  2 -0.25145 -3.61103e+01 |  3  0.03134  7.03288e+01
  4 -0.03845  5.51591e+00 |  5 -0.00357 -7.95525e+00 |  6 -0.04136  1.15931e+02
  7 -0.10527  7.58794e+01 |  8 -0.08971  3.53910e+01 |  9 -0.06836  7.14785e+01
 10  0.06931  1.10835e+02 | 11  0.09548  2.12762e+02 | 12  0.05534  7.29783e+01
 13  0.02617  9.32389e+01 | 14  0.04663  1.35529e+02 | 15  0.03445  4.27238e+00
 16  0.03960  1.60200e+02 | 17 -0.07721  2.56522e+01 | 18  0.04882  2.09736e+02
 19 -0.02162  7.62136e+01 | 20  0.09396  1.26019e+02 | 21  0.06246  7.02861e+01
 22 -0.04235  9.39729e+01 | 23  0.00903  1.33715e+02 | 24 -0.10365  8.09005e+01
 25 -0.01304  1.07547e+02 | 26  0.00635  3.86787e+01 | 27 -0.00533 -1.10872e+02
 28  0.01109 -3.23343e+02 | 29 -0.03009 -2.72350e+02 | 30  0.03423 -3.98810e+02
 31 -0.01497 -1.72282e+00 | 32 -0.00668 -3.45337e+02 | 33  0.03858  2.42447e+02
 34  0.02746 -1.15282e+02 | 35  0.01349  7.57718e+01 | 36 -0.07489 -7.29598e+01
 37  0.22496 -2.38193e+03 | 38  0.25416 -2.68356e+02 | 39  0.26357  5.30347e+02
 40 -1.57110 -1.02273e+01 | 41 -2.32825 -5.67686e-01 | 42 -1.53386 -6.83523e-02
 43 -1.45066 -2.23714e+00 | 44 -1.22237  5.87162e+01 | 45 -0.78663  6.12267e+01
 46 -1.03544  1.82226e+02 | 47 -0.94886  1.26156e+02 | 48 -0.54060  3.87737e+00
 49 -0.01975 -3.87618e+02 |

Initial statistics: 53 variables; iteration 0; function evaluation 0; phase 3
Function value 2.4572457e+02; maximum gradient component mag -3.9514e+03
Var    Value     Gradient |Var    Value     Gradient |Var    Value     Gradient
  1  0.14834 -3.95143e+03 |  2 -0.25145 -3.61103e+01 |  3  0.03134  7.03288e+01
  4 -0.03845  5.51591e+00 |  5 -0.00357 -7.95525e+00 |  6 -0.04196  9.21771e+01
  7 -0.10588  5.23978e+01 |  8 -0.09031  1.18274e+01 |  9 -0.06896  4.78128e+01
 10  0.06871  8.71871e+01 | 11  0.09488  1.89258e+02 | 12  0.05474  4.92743e+01
 13  0.02558  6.94637e+01 | 14  0.04603  1.11803e+02 | 15  0.03385 -1.94916e+01
 16  0.03900  1.36456e+02 | 17 -0.07781  2.02884e+00 | 18  0.04822  1.86021e+02
 19 -0.02221  5.24277e+01 | 20  0.09336  1.02495e+02 | 21  0.06186  4.66070e+01
 22 -0.04295  7.02232e+01 | 23  0.00843  1.09921e+02 | 24 -0.10426  5.74083e+01
 25 -0.01364  8.37523e+01 | 26  0.00575  1.48821e+01 | 27 -0.00593 -1.34668e+02
 28  0.01049 -3.47143e+02 | 29 -0.03068 -2.96108e+02 | 30  0.03363 -4.22594e+02
 31 -0.01556 -2.55135e+01 | 32 -0.00728 -3.69130e+02 | 33  0.03798  2.18705e+02
 34  0.02686 -1.39064e+02 | 35  0.01289  5.19802e+01 | 36 -0.07549 -9.65823e+01
 37  0.22496 -2.38193e+03 | 38  0.25416 -2.68356e+02 | 39  0.26357  5.30347e+02
 40 -0.42890  1.02273e+01 | 41  0.32825  5.67686e-01 | 42 -0.46614  6.83523e-02
 43 -0.54934  2.23714e+00 | 44 -0.77763 -5.87162e+01 | 45 -0.78663  6.12267e+01
 46 -0.96456 -1.82226e+02 | 47 -0.94886  1.26156e+02 | 48 -0.54060  3.87737e+00
 49  0.21635  8.93332e-01 | 50 -0.17585 -7.50271e+02 | 51 -0.12819  4.20605e-03
 52 -0.01975 -3.87618e+02 | 53  0.05795  3.39441e+02 |

Intermediate statistics: 53 variables; iteration 20; function evaluation 30; phase 3
Function value 1.8487472e+02; maximum gradient component mag -3.9554e+03
Var    Value     Gradient |Var    Value     Gradient |Var    Value     Gradient
  1  0.14218 -3.95544e+03 |  2 -0.16779 -1.06088e+01 |  3  0.00751  3.21117e+01
  4 -0.03875  9.19140e+00 |  5  0.00390  4.40034e+00 |  6 -0.05412  7.73720e+01
  7 -0.10843  6.22983e+01 |  8 -0.07283  5.04629e+01 |  9 -0.07342  6.24633e+01
 10  0.03059  5.50247e+01 | 11  0.02607  7.70177e+01 | 12  0.05586  4.61243e+01
 13  0.01123  4.28794e+01 | 14 -0.00291  3.66584e+01 | 15  0.06276 -1.30677e+01
 16  0.01823  7.27003e+00 | 17 -0.05191  9.65206e+00 | 18  0.01812  2.47599e+01
 19 -0.02339  3.93755e+00 | 20  0.08005  1.14861e+01 | 21  0.06198  8.72459e+00
 22 -0.04328  3.86732e+01 | 23 -0.00738  3.21693e+01 | 24 -0.10060  4.13125e+01
 25 -0.01135  2.63274e+01 | 26 -0.00821  5.66466e+00 | 27  0.00217 -8.21006e+01
 28  0.04359 -1.87795e+02 | 29 -0.01137 -2.05514e+02 | 30  0.05193 -3.03852e+02
 31 -0.02112 -5.51574e+01 | 32  0.05922 -5.31253e+01 | 33  0.03018  2.53651e+01
 34  0.05636 -7.40084e+00 | 35  0.01728  3.17441e+01 | 36 -0.03786  5.45872e+01
 37  0.22883 -2.32982e+03 | 38  0.25651 -4.06210e+02 | 39  0.25118 -1.84314e+02
 40 -0.43223 -1.01983e+00 | 41  0.32806 -5.66011e-02 | 42 -0.46631  4.60850e-02
 43 -0.55520  1.55888e+00 | 44 -0.77811  2.75527e+02 | 45 -0.80030 -3.06765e+02
 46 -0.98708  1.40278e+03 | 47 -0.98337 -1.08971e+03 | 48 -0.54156  3.72852e+00
 49  0.21611  8.63529e-01 | 50 -0.17419  1.27456e+03 | 51 -0.17130 -4.65670e+02
 52 -0.02648 -6.31712e+01 | 53  0.04526  8.01981e+01 |
53 variables; iteration 40; function evaluation 51; phase 3
Function value 1.7491428e+02; maximum gradient component mag -2.1057e+03
Var    Value     Gradient |Var    Value     Gradient |Var    Value     Gradient
  1  0.14209 -2.10572e+03 |  2 -0.12419  5.66104e+00 |  3  0.01011  2.64795e+01
  4 -0.04618 -1.47858e+01 |  5  0.00330 -8.78995e+00 |  6 -0.05370  4.76961e+01
  7 -0.11078  2.82650e+01 |  8 -0.07297  2.27463e+01 |  9 -0.08389  1.81587e+01
 10  0.05812  7.55571e+01 | 11  0.01939  3.38445e+01 | 12  0.05530  3.37849e+01
 13  0.01066  3.75677e+01 | 14 -0.02187 -9.74543e+00 | 15  0.06909  5.58089e-01
 16  0.02251  1.20862e+01 | 17 -0.05434 -1.35676e+01 | 18  0.01462 -5.17484e+00
 19 -0.02293 -6.82873e+00 | 20  0.09566  6.25803e+01 | 21  0.06376  9.18118e+00
 22 -0.04529  1.84183e+01 | 23 -0.01785 -1.11418e+01 | 24 -0.11697 -1.20701e+01
 25 -0.01071 -1.21844e+01 | 26 -0.00649  4.86934e+00 | 27  0.00717 -4.33552e+01
 28  0.03979 -1.33874e+02 | 29 -0.00188 -6.69074e+01 | 30  0.06017 -1.33544e+02
 31 -0.01512 -1.22485e+01 | 32  0.05461 -4.97356e+01 | 33  0.02448 -1.21316e+01
 34  0.05749 -2.72258e+00 | 35  0.02154  4.44983e+01 | 36 -0.04205  8.20091e+00
 37  0.23333 -1.19159e+03 | 38  0.25625 -4.01099e+02 | 39  0.25299 -2.29953e+02
 40 -0.43040  1.17935e+00 | 41  0.32865  6.82302e-02 | 42 -0.48080 -2.96127e-03
 43 -1.08580  2.30471e-02 | 44 -0.68237 -1.08111e+01 | 45 -0.70940  1.18565e+01
 46 -0.98607  1.02708e+03 | 47 -0.98190 -7.90590e+02 | 48 -0.49842  4.53177e+00
 49  0.21272  8.39739e-01 | 50 -0.17427 -5.54133e+02 | 51 -0.17086  1.75962e+02
 52 -0.00018  3.18505e+01 | 53  0.06441  9.97922e+00 |
53 variables; iteration 60; function evaluation 82; phase 3
Function value 1.6614350e+02; maximum gradient component mag 5.5858e+02
Var    Value     Gradient |Var    Value     Gradient |Var    Value     Gradient
  1  0.14426 -2.74402e+02 |  2 -0.13960 -1.38913e-01 |  3 -0.00358  2.42318e+00
  4 -0.04276  8.70692e-01 |  5  0.00253 -4.73856e-01 |  6 -0.06067  3.24318e+00
  7 -0.11066  2.15990e+00 |  8 -0.06752  4.65907e+00 |  9 -0.07298  1.73355e+00
 10  0.03202  7.36665e+00 | 11  0.01400  8.12166e+00 | 12  0.05104  3.21580e+00
 13  0.00729  6.27358e+00 | 14 -0.00438  2.17961e+00 | 15  0.06451  2.68468e-01
 16  0.01482  2.79443e+00 | 17 -0.05001 -5.46179e+00 | 18  0.01407  6.53474e-01
 19 -0.02239  2.10823e+00 | 20  0.07926  5.39136e+00 | 21  0.06171  1.34015e+00
 22 -0.04719  2.74787e+00 | 23 -0.01156  1.55897e+00 | 24 -0.10363  2.11169e+00
 25 -0.01413  1.85136e+00 | 26 -0.01038  9.17852e+00 | 27  0.00636  3.74669e+00
 28  0.04606  1.52646e+01 | 29  0.00061 -1.99031e-01 | 30  0.06911 -7.45153e+00
 31 -0.01359  1.41181e+00 | 32  0.06937 -2.05346e-01 | 33  0.03115 -1.05651e+01
 34  0.05711 -2.01150e+01 | 35  0.01458 -3.52521e+01 | 36 -0.04541 -4.13068e+01
 37  0.23586 -4.59683e+01 | 38  0.25792 -1.74851e+01 | 39  0.24434  1.60795e+01
 40 -0.77153 -7.92538e-03 | 41  0.31748  1.91083e-03 | 42 -0.46063 -2.71327e-03
 43 -1.28284  3.22025e-03 | 44 -0.58537  3.55888e+01 | 45 -0.62080 -3.67590e+01
 46 -0.98974  1.27210e+02 | 47 -0.98616 -9.45510e+01 | 48 -0.43404  5.87928e-02
 49 -0.55469  7.64166e-03 | 50 -0.17424  5.58575e+02 | 51 -0.17230 -2.53831e+02
 52 -0.05106  8.67519e-01 | 53  0.02728 -1.33091e+00 |
53 variables; iteration 80; function evaluation 105; phase 3
Function value 1.6296139e+02; maximum gradient component mag 3.2691e+01
Var    Value     Gradient |Var    Value     Gradient |Var    Value     Gradient
  1  0.14962 -2.38368e+01 |  2 -0.14472  2.89081e-02 |  3 -0.01252  5.14724e-01
  4 -0.05186  7.19777e-01 |  5 -0.00573  2.14259e+00 |  6 -0.06663  7.54747e-01
  7 -0.11440  6.77086e-01 |  8 -0.07274  1.19584e+00 |  9 -0.07308  3.11594e-01
 10  0.02357  6.97729e-01 | 11  0.00398  6.94993e-01 | 12  0.04305  5.90086e-01
 13  0.00082  2.15378e-02 | 14 -0.00774  9.64278e-01 | 15  0.05760  3.49936e-01
 16  0.00586  6.06298e-01 | 17 -0.05317  6.38049e-01 | 18  0.00699  8.30798e-02
 19 -0.02474  3.15778e-01 | 20  0.07332  6.43096e-01 | 21  0.05909 -1.18701e-01
 22 -0.04769  7.44004e-01 | 23 -0.01446  6.26756e-01 | 24 -0.10645  5.88959e-01
 25 -0.02020  6.63973e-01 | 26 -0.01816  7.48941e-01 | 27  0.00155  1.15670e+00
 28  0.03964  4.67522e-01 | 29 -0.00226 -1.00901e+00 | 30  0.06901 -2.29049e+00
 31 -0.01275  1.23867e-01 | 32  0.07223 -1.66206e+00 | 33  0.03778  5.25714e-02
 34  0.06820 -9.15544e-01 | 35  0.04408 -5.71385e-01 | 36  0.02713  1.54081e+00
 37  0.23235 -6.16222e-01 | 38  0.25309 -3.90517e-01 | 39  0.23405 -4.18112e+00
 40 -1.56068 -9.87984e-02 | 41 -0.88691 -1.34073e-02 | 42 -1.59763  2.30487e-03
 43 -1.16964  1.14959e-02 | 44 -0.64793 -6.17031e+00 | 45 -0.67328  6.96113e+00
 46 -0.98665  1.03491e+01 | 47 -0.98153 -7.66575e+00 | 48 -0.61900  3.02794e-03
 49 -1.93642 -3.10627e-03 | 50 -0.17549  3.26907e+01 | 51 -0.17519 -1.80315e+01
 52 -0.07086 -5.52578e+00 | 53  0.00711  4.77960e+00 |
53 variables; iteration 100; function evaluation 125; phase 3
Function value 1.6294567e+02; maximum gradient component mag 1.3369e+02
Var    Value     Gradient |Var    Value     Gradient |Var    Value     Gradient
  1  0.14980 -5.06777e+00 |  2 -0.14494 -1.63462e-03 |  3 -0.01298  1.25274e-02
  4 -0.05240 -5.36012e-04 |  5 -0.00656  8.90948e-02 |  6 -0.06715 -1.53644e-01
  7 -0.11490 -1.35646e-01 |  8 -0.07339 -3.18496e-01 |  9 -0.07325  1.14158e-01
 10  0.02331  2.52537e-02 | 11  0.00370  8.82071e-02 | 12  0.04281  1.08838e-01
 13  0.00094  2.67250e-02 | 14 -0.00790  5.72684e-02 | 15  0.05749 -2.82679e-02
 16  0.00557 -5.79234e-02 | 17 -0.05341 -2.64530e-02 | 18  0.00695  3.91128e-02
 19 -0.02462 -4.56714e-02 | 20  0.07322 -1.69591e-02 | 21  0.05939  5.69985e-02
 22 -0.04754  4.30516e-02 | 23 -0.01444 -1.65266e-02 | 24 -0.10640  4.94635e-03
 25 -0.02038 -9.57251e-02 | 26 -0.01835 -6.39466e-02 | 27  0.00134 -7.05391e-02
 28  0.03949 -2.61906e-01 | 29 -0.00206  5.69160e-02 | 30  0.06941  2.63177e-01
 31 -0.01225  2.73655e-01 | 32  0.07278  7.32406e-02 | 33  0.03819 -4.54686e-02
 34  0.06859  2.48853e-02 | 35  0.04456 -1.15201e-02 | 36  0.02750 -9.30671e-02
 37  0.23215 -6.09936e-01 | 38  0.25283 -1.51756e-01 | 39  0.23352  1.95239e-02
 40 -1.44615 -7.57250e-03 | 41 -0.23374  1.42200e-03 | 42 -1.91837  3.68445e-04
 43 -1.26224  5.70413e-03 | 44 -0.72658 -9.61339e-01 | 45 -0.74618  1.02337e+00
 46 -0.98555  1.82192e+00 | 47 -0.97998 -1.48979e+00 | 48 -0.62509 -3.57500e-03
 49 -1.74569  7.38671e-04 | 50 -0.17542  1.33693e+02 | 51 -0.17507 -7.46207e+01
 52 -0.07413 -7.26573e-03 | 53  0.00262 -5.07072e-03 |
53 variables; iteration 120; function evaluation 145; phase 3
Function value 1.6294425e+02; maximum gradient component mag -1.3568e+02
Var    Value     Gradient |Var    Value     Gradient |Var    Value     Gradient
  1  0.14981  7.65264e-01 |  2 -0.14492  1.25299e-02 |  3 -0.01298  5.29353e-02
  4 -0.05239  4.80488e-02 |  5 -0.00658  8.20196e-02 |  6 -0.06710 -1.64274e-01
  7 -0.11483 -1.44000e-01 |  8 -0.07333 -3.05939e-01 |  9 -0.07316  2.43464e-02
 10  0.02336  7.70729e-03 | 11  0.00372  4.08246e-02 | 12  0.04276 -2.10595e-03
 13  0.00097  8.15125e-02 | 14 -0.00790 -2.08707e-02 | 15  0.05750  1.94309e-02
 16  0.00557 -1.37959e-02 | 17 -0.05344 -9.64954e-02 | 18  0.00694  3.38464e-02
 19 -0.02462 -4.66184e-02 | 20  0.07322  6.00822e-03 | 21  0.05938  6.03278e-02
 22 -0.04758 -4.78564e-03 | 23 -0.01446 -5.01686e-03 | 24 -0.10644 -3.82146e-02
 25 -0.02040 -6.72235e-02 | 26 -0.01835 -6.79114e-02 | 27  0.00129 -1.81293e-01
 28  0.03944 -1.90801e-01 | 29 -0.00209  1.28601e-01 | 30  0.06937  3.58734e-01
 31 -0.01229  2.04129e-01 | 32  0.07272  1.15107e-01 | 33  0.03817  6.51700e-02
 34  0.06858  5.54562e-02 | 35  0.04459  2.54077e-02 | 36  0.02761 -9.72516e-02
 37  0.23215 -7.22849e-01 | 38  0.25284 -2.98405e-02 | 39  0.23353  3.40315e-01
 40 -1.40414 -1.40988e-03 | 41 -0.13015  9.38069e-04 | 42 -2.07319 -6.09337e-04
 43 -1.27861 -2.05024e-03 | 44 -0.68449 -4.76913e-01 | 45 -0.70723  5.29422e-01
 46 -0.98123  2.16040e+00 | 47 -0.97401 -1.70122e+00 | 48 -0.61212 -2.03472e-03
 49 -1.78828 -1.03049e-04 | 50 -0.17544 -1.35683e+02 | 51 -0.17511  7.55064e+01
 52 -0.07409 -6.55269e-02 | 53  0.00263  6.85131e-03 |
53 variables; iteration 140; function evaluation 165; phase 3
Function value 1.6294270e+02; maximum gradient component mag 1.1110e+02
Var    Value     Gradient |Var    Value     Gradient |Var    Value     Gradient
  1  0.14982 -5.12217e+00 |  2 -0.14497 -1.35608e-02 |  3 -0.01305 -1.16938e-01
  4 -0.05244 -1.23547e-01 |  5 -0.00664 -2.67318e-01 |  6 -0.06703  6.33670e-02
  7 -0.11474  3.87821e-02 |  8 -0.07315  5.10042e-02 |  9 -0.07306  6.16355e-02
 10  0.02337  4.35580e-02 | 11  0.00372  1.02345e-01 | 12  0.04275  4.83052e-02
 13  0.00092  5.14278e-02 | 14 -0.00793  3.44497e-02 | 15  0.05747  1.24055e-02
 16  0.00555 -8.40082e-03 | 17 -0.05344 -2.33572e-02 | 18  0.00692  5.39961e-02
 19 -0.02464 -2.53819e-02 | 20  0.07322  6.88840e-02 | 21  0.05935  3.16944e-02
 22 -0.04757  3.41248e-02 | 23 -0.01447 -1.83974e-02 | 24 -0.10645 -4.45956e-02
 25 -0.02042 -1.38333e-01 | 26 -0.01838 -1.55344e-01 | 27  0.00127 -3.16759e-01
 28  0.03943 -6.87665e-01 | 29 -0.00210  2.33223e-02 | 30  0.06936  2.13323e-01
 31 -0.01232  1.63654e-01 | 32  0.07273  1.74620e-02 | 33  0.03817  5.25716e-02
 34  0.06856  4.22701e-02 | 35  0.04457  7.17202e-02 | 36  0.02755 -7.40409e-02
 37  0.23215 -9.80566e-01 | 38  0.25284 -1.29975e-01 | 39  0.23354  2.47564e-01
 40 -1.24606  7.39106e-03 | 41  0.02812  3.18683e-04 | 42 -1.96040  7.07491e-05
 43 -1.27386  2.20414e-03 | 44 -0.68769 -8.93444e-01 | 45 -0.71017  9.73364e-01
 46 -0.96690  2.92964e+00 | 47 -0.95416 -2.19960e+00 | 48 -0.57721  1.39642e-03
 49 -1.77446 -1.07448e-03 | 50 -0.17540  1.11096e+02 | 51 -0.17505 -6.19818e+01
 52 -0.07390 -2.42271e-01 | 53  0.00293  1.87528e-01 |
53 variables; iteration 160; function evaluation 185; phase 3
Function value 1.6293690e+02; maximum gradient component mag 2.5615e+01
Var    Value     Gradient |Var    Value     Gradient |Var    Value     Gradient
  1  0.14985 -3.85916e+00 |  2 -0.14496 -8.94560e-03 |  3 -0.01304 -9.41379e-02
  4 -0.05247 -9.76866e-02 |  5 -0.00665 -1.61542e-01 |  6 -0.06704  1.52975e-02
  7 -0.11472  3.86492e-02 |  8 -0.07316  1.41746e-02 |  9 -0.07300  7.64863e-02
 10  0.02337  5.53099e-02 | 11  0.00368  6.93934e-02 | 12  0.04270  3.95142e-02
 13  0.00091  3.85440e-02 | 14 -0.00793  2.53377e-02 | 15  0.05743 -1.33429e-02
 16  0.00551 -2.47999e-02 | 17 -0.05347 -1.40467e-02 | 18  0.00689  4.97593e-02
 19 -0.02463  2.89986e-02 | 20  0.07319  5.70315e-02 | 21  0.05934  4.41076e-02
 22 -0.04757  6.43629e-02 | 23 -0.01448  2.06685e-02 | 24 -0.10645  6.35342e-03
 25 -0.02043 -4.92678e-02 | 26 -0.01839 -5.88326e-02 | 27  0.00127 -9.88283e-02
 28  0.03941 -2.65325e-01 | 29 -0.00213 -1.88837e-02 | 30  0.06934  6.39143e-02
 31 -0.01232  1.30730e-01 | 32  0.07274 -3.42020e-03 | 33  0.03819  9.39019e-02
 34  0.06859  7.89573e-02 | 35  0.04464  1.15132e-01 | 36  0.02772  1.02370e-01
 37  0.23213 -7.62789e-01 | 38  0.25280  2.86669e-02 | 39  0.23347 -2.94036e-01
 40 -1.43663 -1.78743e-03 | 41 -0.27628 -6.22131e-05 | 42 -1.88838  3.89075e-04
 43 -1.27965  3.96021e-04 | 44 -0.68890 -6.82489e-01 | 45 -0.71127  7.43371e-01
 46 -0.84511 -1.81173e+00 | 47 -0.78479  1.27992e+00 | 48 -0.43786  1.42030e-02
 49 -1.32244  2.90616e-03 | 50 -0.17533  2.56149e+01 | 51 -0.17492 -1.42984e+01
 52 -0.07419 -9.66094e-02 | 53  0.00256  8.83591e-02 |
53 variables; iteration 180; function evaluation 205; phase 3
Function value 1.6293620e+02; maximum gradient component mag 2.0437e+01
Var    Value     Gradient |Var    Value     Gradient |Var    Value     Gradient
  1  0.14987  2.36695e+00 |  2 -0.14496  5.99491e-03 |  3 -0.01303  3.28637e-02
  4 -0.05246  5.25024e-02 |  5 -0.00663  6.98424e-02 |  6 -0.06699 -1.40638e-02
  7 -0.11466 -3.31890e-02 |  8 -0.07310 -1.30479e-02 |  9 -0.07291 -5.50529e-02
 10  0.02337 -6.34174e-02 | 11  0.00365 -6.84928e-02 | 12  0.04268 -4.23824e-02
 13  0.00089 -3.96741e-02 | 14 -0.00792 -4.54091e-02 | 15  0.05742  3.18987e-03
 16  0.00550  1.06290e-02 | 17 -0.05346 -1.81897e-02 | 18  0.00685 -5.48558e-02
 19 -0.02464 -5.03319e-02 | 20  0.07316 -7.11319e-02 | 21  0.05934 -8.40676e-03
 22 -0.04758 -7.26681e-02 | 23 -0.01449 -5.15279e-02 | 24 -0.10644 -3.33820e-02
 25 -0.02043 -1.29095e-02 | 26 -0.01838 -1.38381e-02 | 27  0.00126 -1.43952e-02
 28  0.03942  8.76872e-02 | 29 -0.00214 -1.21285e-02 | 30  0.06932 -4.39546e-02
 31 -0.01236 -1.18284e-01 | 32  0.07276  9.56832e-05 | 33  0.03818 -6.16626e-02
 34  0.06857 -5.86457e-02 | 35  0.04461 -5.25350e-02 | 36  0.02768 -5.38168e-02
 37  0.23212  2.68767e-01 | 38  0.25279 -1.15530e-01 | 39  0.23345  2.83054e-01
 40 -1.40772 -1.09542e-03 | 41 -0.15544  6.95497e-04 | 42 -1.94925  8.44422e-05
 43 -1.27757  6.19518e-04 | 44 -0.69558  1.76707e-02 | 45 -0.71746 -2.16364e-02
 46 -0.82298 -9.30533e-01 | 47 -0.75388  6.49639e-01 | 48 -0.44313  1.27982e-02
 49 -1.34851  2.40885e-03 | 50 -0.17530  2.04372e+01 | 51 -0.17487 -1.14155e+01
 52 -0.07430  3.89720e-02 | 53  0.00244 -4.82181e-02 |
53 variables; iteration 200; function evaluation 226; phase 3
Function value 1.6293441e+02; maximum gradient component mag -1.1019e-02
Var    Value     Gradient |Var    Value     Gradient |Var    Value     Gradient
  1  0.14983  3.51474e-04 |  2 -0.14496  4.22559e-07 |  3 -0.01302  1.73353e-06
  4 -0.05243  2.94270e-06 |  5 -0.00660  4.10315e-06 |  6 -0.06702 -5.95189e-06
  7 -0.11471 -6.36990e-06 |  8 -0.07315 -6.08285e-06 |  9 -0.07303 -6.21270e-06
 10  0.02337 -5.30226e-06 | 11  0.00368 -5.73864e-06 | 12  0.04273 -6.48797e-06
 13  0.00091 -3.66304e-06 | 14 -0.00793 -5.34440e-06 | 15  0.05746 -1.55931e-06
 16  0.00554 -1.73808e-06 | 17 -0.05343 -4.61643e-06 | 18  0.00690 -5.74301e-06
 19 -0.02463 -5.86448e-06 | 20  0.07319 -3.23561e-06 | 21  0.05934 -1.75305e-06
 22 -0.04759 -3.71985e-06 | 23 -0.01448 -9.69315e-07 | 24 -0.10644 -2.57035e-06
 25 -0.02041  2.04436e-06 | 26 -0.01836  2.21064e-07 | 27  0.00129  2.63831e-06
 28  0.03944  2.23136e-05 | 29 -0.00212  9.26042e-06 | 30  0.06932  1.04465e-05
 31 -0.01235 -2.98065e-06 | 32  0.07271  8.13040e-06 | 33  0.03816  6.12811e-06
 34  0.06857  8.15027e-07 | 35  0.04460 -2.45808e-06 | 36  0.02768 -1.33398e-05
 37  0.23215  9.99649e-06 | 38  0.25283 -3.07158e-06 | 39  0.23352  2.84192e-05
 40 -1.41551  3.78255e-07 | 41 -0.21889 -7.25001e-09 | 42 -1.96269 -1.24725e-08
 43 -1.27839  3.09979e-07 | 44 -0.69316 -8.57037e-06 | 45 -0.71525  7.11292e-06
 46 -0.77152 -5.98237e-05 | 47 -0.68189  4.45349e-05 | 48 -0.56559  9.73958e-08
 49 -1.70677 -4.55902e-08 | 50 -0.17525 -1.10190e-02 | 51 -0.17478  4.76289e-03
 52 -0.07403 -2.27446e-06 | 53  0.00273 -1.32341e-06 |
53 variables; iteration 220; function evaluation 246; phase 3
Function value 1.6293441e+02; maximum gradient component mag 1.0342e+00
Var    Value     Gradient |Var    Value     Gradient |Var    Value     Gradient
  1  0.14983 -6.75734e-02 |  2 -0.14496 -2.23820e-04 |  3 -0.01302 -6.72057e-04
  4 -0.05243 -1.30358e-03 |  5 -0.00660 -1.75041e-03 |  6 -0.06702  1.63964e-03
  7 -0.11471  1.73615e-03 |  8 -0.07315  1.86325e-03 |  9 -0.07303  1.25406e-03
 10  0.02337  1.38012e-03 | 11  0.00368  1.66361e-03 | 12  0.04273  9.95463e-04
 13  0.00090  6.19052e-05 | 14 -0.00793  9.09440e-04 | 15  0.05746 -1.91706e-03
 16  0.00554 -1.81283e-03 | 17 -0.05343  5.88351e-05 | 18  0.00690  5.47307e-04
 19 -0.02463  1.14930e-03 | 20  0.07319  1.15822e-03 | 21  0.05934 -2.21369e-04
 22 -0.04759  1.52771e-03 | 23 -0.01448  1.03524e-03 | 24 -0.10644  9.54737e-04
 25 -0.02041  8.27503e-05 | 26 -0.01836  1.38998e-03 | 27  0.00129  2.64765e-03
 28  0.03944  8.00503e-04 | 29 -0.00212  1.05164e-03 | 30  0.06932  2.95625e-03
 31 -0.01235  3.61128e-03 | 32  0.07271 -8.19973e-04 | 33  0.03816 -1.24000e-03
 34  0.06857  2.80336e-05 | 35  0.04460 -1.77698e-04 | 36  0.02768  3.25509e-03
 37  0.23215 -3.49991e-03 | 38  0.25283  2.43687e-03 | 39  0.23352 -1.27032e-02
 40 -1.41586 -1.06497e-05 | 41 -0.22017 -6.93355e-06 | 42 -1.96304 -1.91900e-06
 43 -1.27839 -4.12285e-06 | 44 -0.69309 -1.91693e-03 | 45 -0.71519  2.15347e-03
 46 -0.77158  6.75239e-04 | 47 -0.68198 -5.46192e-04 | 48 -0.56575 -3.39814e-05
 49 -1.70644  1.35295e-05 | 50 -0.17523  1.03415e+00 | 51 -0.17473 -5.77875e-01
 52 -0.07403  1.17442e-03 | 53  0.00273 -1.09912e-04 |
53 variables; iteration 240; function evaluation 266; phase 3
Function value 1.6293439e+02; maximum gradient component mag -1.7317e+00
Var    Value     Gradient |Var    Value     Gradient |Var    Value     Gradient
  1  0.14983  1.95128e-01 |  2 -0.14495  3.93620e-05 |  3 -0.01302  2.51707e-04
  4 -0.05242  8.98319e-04 |  5 -0.00659 -6.22456e-04 |  6 -0.06702 -4.16024e-03
  7 -0.11471 -3.89625e-03 |  8 -0.07315 -4.72503e-03 |  9 -0.07303 -2.98567e-03
 10  0.02337 -3.50458e-03 | 11  0.00369 -3.48783e-03 | 12  0.04274 -2.94620e-03
 13  0.00091 -9.68016e-04 | 14 -0.00793 -2.39918e-03 | 15  0.05746  4.33631e-04
 16  0.00555 -2.15606e-05 | 17 -0.05343 -1.91562e-03 | 18  0.00690 -2.34601e-03
 19 -0.02463 -2.68582e-03 | 20  0.07319 -2.53369e-03 | 21  0.05934  4.35596e-04
 22 -0.04760 -2.66560e-03 | 23 -0.01448 -8.77050e-04 | 24 -0.10644 -1.03470e-03
 25 -0.02040  7.52921e-04 | 26 -0.01836 -1.06855e-03 | 27  0.00129 -1.40030e-03
 28  0.03944  6.79645e-03 | 29 -0.00212  5.66183e-03 | 30  0.06932  5.57403e-03
 31 -0.01236 -2.63022e-03 | 32  0.07270  5.49969e-03 | 33  0.03815  1.51435e-03
 34  0.06856  2.49402e-04 | 35  0.04459 -2.03745e-03 | 36  0.02767 -4.76299e-03
 37  0.23215  1.54208e-02 | 38  0.25283 -8.84865e-04 | 39  0.23353  1.73919e-02
 40 -1.41510  8.79324e-06 | 41 -0.21713  1.08008e-05 | 42 -1.96281 -3.27146e-07
 43 -1.27837  1.10671e-05 | 44 -0.69321  1.01817e-02 | 45 -0.71530 -1.10668e-02
 46 -0.77145 -2.71024e-03 | 47 -0.68181  1.99405e-03 | 48 -0.56550  2.82510e-05
 49 -1.70724 -1.29317e-05 | 50 -0.16979 -1.73168e+00 | 51 -0.16498  9.65341e-01
 52 -0.07400  1.93453e-03 | 53  0.00276 -2.59750e-03 |

 - final statistics:
53 variables; iteration 255; function evaluation 281
Function value 1.6293e+02; maximum gradient component mag 7.8248e-05
Exit code = 1;  converg criter 1.0000e-04
Var    Value     Gradient |Var    Value     Gradient |Var    Value     Gradient
  1  0.14983  7.82479e-05 |  2 -0.14496 -3.89080e-07 |  3 -0.01302 -4.49513e-06
  4 -0.05243 -6.83391e-06 |  5 -0.00660 -1.58878e-05 |  6 -0.06702 -5.79655e-06
  7 -0.11471 -3.39371e-06 |  8 -0.07315 -1.10131e-05 |  9 -0.07303  4.27652e-06
 10  0.02337 -1.09773e-06 | 11  0.00368 -1.46728e-06 | 12  0.04273  2.06848e-06
 13  0.00091  4.29154e-06 | 14 -0.00793  1.10474e-07 | 15  0.05746  7.00758e-06
 16  0.00554  3.88790e-06 | 17 -0.05343  3.42655e-06 | 18  0.00690  6.67950e-06
 19 -0.02463  3.71947e-06 | 20  0.07319 -8.46568e-07 | 21  0.05934  6.63564e-06
 22 -0.04759  4.78721e-07 | 23 -0.01448  1.87265e-06 | 24 -0.10644  2.52192e-06
 25 -0.02041  8.31278e-06 | 26 -0.01836  3.17946e-06 | 27  0.00129  4.44050e-07
 28  0.03944 -2.88739e-06 | 29 -0.00212 -8.11210e-06 | 30  0.06932 -1.81463e-05
 31 -0.01235 -8.22202e-06 | 32  0.07271 -4.60916e-06 | 33  0.03816  1.10831e-05
 34  0.06857  2.84856e-05 | 35  0.04460  2.46006e-05 | 36  0.02768 -1.20799e-05
 37  0.23215  3.26790e-05 | 38  0.25283  2.75084e-05 | 39  0.23352  4.44195e-05
 40 -1.41552 -2.09780e-08 | 41 -0.21890  1.13964e-08 | 42 -1.96269 -2.25315e-08
 43 -1.27839  5.25513e-08 | 44 -0.69316  6.55913e-06 | 45 -0.71525 -6.70559e-06
 46 -0.77152  8.45216e-06 | 47 -0.68190 -5.96361e-06 | 48 -0.56559 -3.48804e-08
 49 -1.70677  1.30071e-08 | 50 -0.15474  6.07643e-05 | 51 -0.13809 -3.41163e-05
 52 -0.07403 -8.79350e-07 | 53  0.00273 -6.08231e-06 |
Estimating row 1 out of 53 for hessian
Estimating row 2 out of 53 for hessian
Estimating row 3 out of 53 for hessian
Estimating row 4 out of 53 for hessian
Estimating row 5 out of 53 for hessian
Estimating row 6 out of 53 for hessian
Estimating row 7 out of 53 for hessian
Estimating row 8 out of 53 for hessian
Estimating row 9 out of 53 for hessian
Estimating row 10 out of 53 for hessian
Estimating row 11 out of 53 for hessian
Estimating row 12 out of 53 for hessian
Estimating row 13 out of 53 for hessian
Estimating row 14 out of 53 for hessian
Estimating row 15 out of 53 for hessian
Estimating row 16 out of 53 for hessian
Estimating row 17 out of 53 for hessian
Estimating row 18 out of 53 for hessian
Estimating row 19 out of 53 for hessian
Estimating row 20 out of 53 for hessian
Estimating row 21 out of 53 for hessian
Estimating row 22 out of 53 for hessian
Estimating row 23 out of 53 for hessian
Estimating row 24 out of 53 for hessian
Estimating row 25 out of 53 for hessian
Estimating row 26 out of 53 for hessian
Estimating row 27 out of 53 for hessian
Estimating row 28 out of 53 for hessian
Estimating row 29 out of 53 for hessian
Estimating row 30 out of 53 for hessian
Estimating row 31 out of 53 for hessian
Estimating row 32 out of 53 for hessian
Estimating row 33 out of 53 for hessian
Estimating row 34 out of 53 for hessian
Estimating row 35 out of 53 for hessian
Estimating row 36 out of 53 for hessian
Estimating row 37 out of 53 for hessian
Estimating row 38 out of 53 for hessian
Estimating row 39 out of 53 for hessian
Estimating row 40 out of 53 for hessian
Estimating row 41 out of 53 for hessian
Estimating row 42 out of 53 for hessian
Estimating row 43 out of 53 for hessian
Estimating row 44 out of 53 for hessian
Estimating row 45 out of 53 for hessian
Estimating row 46 out of 53 for hessian
Estimating row 47 out of 53 for hessian
Estimating row 48 out of 53 for hessian
Estimating row 49 out of 53 for hessian
Estimating row 50 out of 53 for hessian
Estimating row 51 out of 53 for hessian
Estimating row 52 out of 53 for hessian
Estimating row 53 out of 53 for hessian
size of file gradfil1.tmp = 0
size of file gradfil2.tmp = 0
size of file varssave.tmp = 0
size of file cmpdiff.tmp = 0
