
Initial statistics: 2 variables; iteration 0; function evaluation 0; phase 1
Function value 4.0595352e+03; maximum gradient component mag 2.6855e+04
Var    Value     Gradient |Var    Value     Gradient |Var    Value     Gradient
  1  0.39650  2.68553e+04 |  2  0.21635  7.97246e+03 |

 - final statistics:
2 variables; iteration 7; function evaluation 14
Function value 5.6762e+02; maximum gradient component mag -1.4195e+00
Exit code = 1;  converg criter 1.0000e+01
Var    Value     Gradient |Var    Value     Gradient |Var    Value     Gradient
  1  0.17981 -1.41947e+00 |  2  0.20364 -5.36185e-01 |

Initial statistics: 46 variables; iteration 0; function evaluation 0; phase 2
Function value 5.6761534e+02; maximum gradient component mag 2.6816e+03
Var    Value     Gradient |Var    Value     Gradient |Var    Value     Gradient
  1  0.17981 -1.41947e+00 |  2  0.00000  5.02645e+01 |  3  0.00000 -1.10363e+02
  4  0.00000  3.84291e+01 |  5  0.00000 -6.94506e+01 |  6  0.00000 -2.55538e+01
  7  0.00000  5.31672e+01 |  8  0.00000  6.01385e+00 |  9  0.00000  1.01822e+01
 10  0.00000 -7.73687e+01 | 11  0.00000  5.58668e+00 | 12  0.00000 -5.92997e+01
 13  0.00000 -1.69223e+01 | 14  0.00000 -1.31635e+01 | 15  0.00000 -9.62873e+01
 16  0.00000 -6.17997e-01 | 17  0.00000  9.41711e+01 | 18  0.00000 -2.30432e+00
 19  0.00000  1.36833e+01 | 20  0.00000 -1.48351e+02 | 21  0.00000 -1.46502e+02
 22  0.00000  1.16489e+02 | 23  0.00000  1.58218e+01 | 24  0.00000  2.56554e+02
 25  0.00000  8.61189e+01 | 26  0.00000 -6.27781e+00 | 27  0.00000  1.73850e+00
 28  0.00000 -9.58670e+01 | 29  0.00000  1.56521e+02 | 30  0.00000 -3.10784e+02
 31  0.00000  1.99615e+02 | 32  0.00000 -2.78448e+02 | 33  0.00000  1.30760e+02
 34  0.00000  1.31326e+02 | 35  0.21635  2.68161e+03 | 36  0.21635 -3.38432e+02
 37  0.20364 -5.36185e-01 | 38 -1.00000 -1.08293e-07 | 39  0.00000  1.31010e-04
 40  0.00000  3.73997e-01 | 41 -0.53989  7.89308e+00 | 42 -1.00000 -1.08293e-07
 43 -0.53989  1.20125e+01 | 44 -1.00000 -1.08293e-07 | 45 -0.53989  3.27987e+00
 46 -0.17585 -3.59025e+02 |

Intermediate statistics: 46 variables; iteration 20; function evaluation 30; phase 2
Function value 3.9631796e+02; maximum gradient component mag 2.2714e+03
Var    Value     Gradient |Var    Value     Gradient |Var    Value     Gradient
  1  0.19496  2.11310e+03 |  2 -0.16678 -2.99529e+01 |  3  0.19669  1.76487e+02
  4  0.02815 -7.52093e+01 |  5  0.13540  9.66746e+01 |  6  0.06914 -7.40045e+01
  7 -0.05427 -1.91900e+02 |  8 -0.01109 -1.32188e+02 |  9  0.02320 -1.07987e+02
 10  0.11815 -1.05833e+01 | 11  0.03369 -1.10902e+02 | 12  0.07138 -2.03746e+01
 13  0.01909 -7.81598e+01 | 14  0.03064 -6.69407e+01 | 15  0.08805  8.30092e+01
 16  0.00087 -3.09706e+01 | 17 -0.09125 -1.26212e+02 | 18 -0.01526 -4.40043e+01
 19 -0.02865 -4.42720e+01 | 20  0.10517  1.14418e+02 | 21  0.06557  1.86319e+01
 22 -0.05119 -2.03637e+01 | 23 -0.07962 -1.66822e+02 | 24 -0.16996 -1.30817e+02
 25 -0.11486 -1.83847e+02 | 26 -0.08385 -1.54259e+02 | 27 -0.04796 -1.34128e+02
 28  0.00729 -3.00078e+01 | 29 -0.06908 -1.99985e+02 | 30  0.13507  4.95280e+02
 31 -0.05469 -2.22626e+02 | 32 -0.05298 -5.37086e+02 | 33  0.00725 -4.69551e+01
 34  0.10077  8.00604e+01 | 35  0.20577  2.27137e+03 | 36  0.22913  5.66685e+02
 37  0.17206 -1.40649e+03 | 38 -1.53778 -1.25380e+01 | 39 -0.00094  1.37548e+00
 40 -0.00849  5.02196e-04 | 41 -0.72230  1.29411e-02 | 42 -1.27313  4.60263e+02
 43 -0.70571  4.26124e+02 | 44 -1.19476  2.87272e+01 | 45 -0.52165  1.54194e+01
 46 -0.13283 -1.23413e+02 |
46 variables; iteration 40; function evaluation 62; phase 2
Function value 3.0912854e+02; maximum gradient component mag -6.9258e+02
Var    Value     Gradient |Var    Value     Gradient |Var    Value     Gradient
  1  0.18373  6.08966e+02 |  2 -0.12026 -6.71741e+00 |  3  0.10881  1.91255e+02
  4 -0.06966 -9.46518e+01 |  5  0.02019  6.30550e+01 |  6 -0.05377 -8.31663e+01
  7 -0.15406 -1.55724e+02 |  8 -0.09840 -1.19006e+02 |  9 -0.03807 -8.14738e+01
 10  0.12060  4.24584e+01 | 11  0.06669 -1.39417e+01 | 12  0.08073  2.27532e+01
 13 -0.00106 -9.50706e+01 | 14  0.04103 -1.25324e+01 | 15  0.08474  7.57159e+01
 16 -0.01359 -5.53026e+01 | 17 -0.10149 -1.30028e+02 | 18  0.01978 -1.36586e+01
 19 -0.01726 -7.14837e+01 | 20  0.13525  1.29293e+02 | 21  0.09396  3.39788e+01
 22 -0.05073 -7.01868e+01 | 23 -0.06773 -1.69759e+02 | 24 -0.17925 -1.62760e+02
 25 -0.07696 -1.85916e+02 | 26 -0.02895 -5.69758e+01 | 27 -0.03198 -1.27160e+02
 28  0.01128 -9.90425e+01 | 29 -0.04560 -1.81627e+02 | 30  0.12594  3.23584e+02
 31 -0.02477 -1.72554e+02 | 32  0.01215 -3.38547e+02 | 33  0.03030 -4.82268e+01
 34  0.11929  8.03186e+01 | 35  0.19442  3.09123e+02 | 36  0.21555 -4.30634e+02
 37  0.19126 -6.92584e+02 | 38 -1.56752 -9.76493e+00 | 39 -0.39304  9.21880e-01
 40 -0.16300  3.33477e-01 | 41 -1.44786 -7.75416e+00 | 42 -1.36785  3.48977e+02
 43 -0.61222  3.39510e+02 | 44 -1.01199 -5.95056e+02 | 45 -0.97872 -3.35385e+02
 46 -0.09287 -9.98559e+01 |
46 variables; iteration 60; function evaluation 92; phase 2
Function value 2.0231116e+02; maximum gradient component mag -2.9333e+02
Var    Value     Gradient |Var    Value     Gradient |Var    Value     Gradient
  1  0.16430 -1.59266e+01 |  2 -0.15665  1.25671e-01 |  3 -0.03095 -8.72766e-01
  4 -0.07283 -1.17499e+00 |  5 -0.02616 -3.18299e-01 |  6 -0.07661 -1.34620e+00
  7 -0.11802  1.07609e+00 |  8 -0.07666  1.01285e+00 |  9 -0.06412 -1.44335e-01
 10  0.02052  3.06608e-01 | 11 -0.00096 -3.31186e-01 | 12  0.04036  1.67292e+00
 13  0.01157  5.33999e-01 | 14  0.01150  1.95484e-01 | 15  0.06348  1.86195e+00
 16  0.00796  3.40696e-01 | 17 -0.04425  1.53969e+00 | 18  0.01467 -1.26245e+00
 19 -0.00360 -1.39293e-02 | 20  0.09220 -4.54970e-01 | 21  0.07701  1.80610e-01
 22 -0.03698  1.76042e-01 | 23 -0.00536  1.49378e+00 | 24 -0.10185  1.56998e+00
 25 -0.03497  1.08354e+00 | 26 -0.01691  9.05213e-01 | 27  0.00534 -2.42619e-01
 28  0.02301  1.27273e+00 | 29 -0.00757 -1.54665e-01 | 30  0.06920  6.99447e-01
 31 -0.00617 -7.15536e-01 | 32  0.06933  2.60618e-01 | 33  0.03170  1.06525e+00
 34  0.05579 -1.04420e+00 | 35  0.20328 -5.07988e+00 | 36  0.23395 -4.69965e+00
 37  0.22263 -7.43154e+00 | 38 -1.00467  1.49903e-01 | 39  1.53880 -4.18842e-03
 40 -1.99553  2.21411e-05 | 41 -1.16023  1.22009e-02 | 42 -1.38618  9.30732e-03
 43 -0.63381  2.95912e+00 | 44 -1.00960 -2.93333e+02 | 45 -0.98533 -1.92099e+02
 46 -0.05269  6.82549e-01 |

 - final statistics:
46 variables; iteration 68; function evaluation 100
Function value 2.0222e+02; maximum gradient component mag -2.0996e+00
Exit code = 1;  converg criter 1.0000e+01
Var    Value     Gradient |Var    Value     Gradient |Var    Value     Gradient
  1  0.16468 -2.09957e+00 |  2 -0.15617  2.05401e-02 |  3 -0.02974 -1.02792e-01
  4 -0.07175 -7.60603e-02 |  5 -0.02544 -1.51429e-01 |  6 -0.07395 -4.06694e-02
  7 -0.11620  4.61829e-02 |  8 -0.07528  1.95182e-02 |  9 -0.06137  3.90177e-02
 10  0.02168 -3.49374e-02 | 11 -0.00009 -1.34581e-02 | 12  0.03949 -5.42120e-02
 13  0.01130  2.89554e-02 | 14  0.01155  5.25778e-02 | 15  0.06242 -1.53626e-02
 16  0.00753  4.58051e-02 | 17 -0.04523  8.46146e-02 | 18  0.01492  1.76237e-03
 19 -0.00393  1.57986e-02 | 20  0.09199 -2.73455e-02 | 21  0.07659  2.48457e-02
 22 -0.03733  3.88459e-02 | 23 -0.00619  9.93262e-02 | 24 -0.10289  9.09156e-03
 25 -0.03550  7.34401e-02 | 26 -0.01737  1.13412e-01 | 27  0.00502 -3.49871e-03
 28  0.02216  5.61509e-04 | 29 -0.00808 -8.98364e-02 | 30  0.06866  2.32218e-03
 31 -0.00644 -1.13642e-01 | 32  0.06883  9.40966e-02 | 33  0.03115 -1.51239e-02
 34  0.05593 -6.67937e-02 | 35  0.20320 -2.45594e-01 | 36  0.23387 -9.27435e-01
 37  0.22261 -1.66062e+00 | 38 -1.16682  1.16935e-02 | 39  2.30443  1.62689e-03
 40 -2.05663 -2.81518e-04 | 41 -1.22078  8.66627e-03 | 42 -1.29934  6.81514e-01
 43 -0.71563  7.23740e-01 | 44 -1.01116  1.99613e+00 | 45 -0.98271  1.09973e+00
 46 -0.05264  1.73626e-01 |

Initial statistics: 51 variables; iteration 0; function evaluation 0; phase 3
Function value 2.0221550e+02; maximum gradient component mag -1.1173e+03
Var    Value     Gradient |Var    Value     Gradient |Var    Value     Gradient
  1  0.16468 -2.09957e+00 |  2 -0.15617  2.05401e-02 |  3 -0.02974 -1.02792e-01
  4 -0.07175 -7.60603e-02 |  5 -0.02544 -1.51429e-01 |  6 -0.07395 -5.15154e-02
  7 -0.11620  3.54446e-02 |  8 -0.07528  8.67484e-03 |  9 -0.06137  2.81488e-02
 10  0.02168 -4.58507e-02 | 11 -0.00009 -2.43777e-02 | 12  0.03949 -6.51106e-02
 13  0.01130  1.80375e-02 | 14  0.01155  4.16600e-02 | 15  0.06242 -2.62297e-02
 16  0.00753  3.48862e-02 | 17 -0.04523  7.37226e-02 | 18  0.01492 -9.15424e-03
 19 -0.00393  4.87920e-03 | 20  0.09199 -3.81513e-02 | 21  0.07659  1.40051e-02
 22 -0.03733  2.79450e-02 | 23 -0.00619  8.84071e-02 | 24 -0.10289 -1.68573e-03
 25 -0.03550  6.25375e-02 | 26 -0.01737  1.02497e-01 | 27  0.00502 -1.44180e-02
 28  0.02216 -1.03515e-02 | 29 -0.00808 -1.00755e-01 | 30  0.06866 -8.53398e-03
 31 -0.00644 -1.24561e-01 | 32  0.06883  8.32408e-02 | 33  0.03115 -2.60305e-02
 34  0.05593 -7.76712e-02 | 35  0.20320 -2.45594e-01 | 36  0.23387 -9.27435e-01
 37  0.22261 -1.66062e+00 | 38 -0.83318 -1.16935e-02 | 39 -0.30443 -1.62689e-03
 40  0.05663  2.81518e-04 | 41 -0.77922 -8.66627e-03 | 42 -0.70066 -6.81514e-01
 43 -0.71563  7.23740e-01 | 44 -0.98884 -1.99613e+00 | 45 -0.98271  1.09973e+00
 46 -0.32288  2.53403e+02 | 47  0.21635  7.81238e+00 | 48 -0.17585 -1.11729e+03
 49 -0.12819  3.62215e-03 | 50 -0.05264  1.73626e-01 | 51  0.05795  5.10720e+00

Intermediate statistics: 51 variables; iteration 20; function evaluation 28; phase 3
Function value 1.4629923e+02; maximum gradient component mag -4.2194e+02
Var    Value     Gradient |Var    Value     Gradient |Var    Value     Gradient
  1  0.15458 -2.20459e+02 |  2 -0.14913 -3.79159e-01 |  3 -0.01649  3.07306e+00
  4 -0.05581  7.33724e+00 |  5 -0.01134  6.69103e+00 |  6 -0.06760  6.70616e+00
  7 -0.11944 -5.34905e+00 |  8 -0.07118  7.90340e+00 |  9 -0.06798  1.82090e-01
 10  0.02576  3.17785e+00 | 11  0.00643  3.19282e+00 | 12  0.04819  3.69367e+00
 13  0.01844  4.23247e+00 | 14  0.01051  6.72644e-01 | 15  0.06665  8.55510e-01
 16  0.00988  5.89803e+00 | 17 -0.05441  4.33922e+00 | 18 -0.00682  1.17902e+01
 19 -0.01038  1.03583e+01 | 20  0.06959  5.76189e+00 | 21  0.06522  5.89185e+00
 22 -0.03461  1.28951e+00 | 23 -0.01530  2.46602e+00 | 24 -0.10644  1.03191e+00
 25 -0.02165  1.11132e+00 | 26 -0.02025  1.05919e-01 | 27 -0.00527 -9.92533e+00
 28  0.03856 -5.27537e+01 | 29 -0.00400 -1.38780e+01 | 30  0.07003 -1.84702e+01
 31 -0.01236  1.51682e+01 | 32  0.07747 -3.35630e+01 | 33  0.04082 -2.51566e+00
 34  0.06857  6.94599e+00 | 35  0.23152 -2.61904e+02 | 36  0.24598  1.15582e+02
 37  0.23307  1.36058e+01 | 38 -0.83303 -1.16848e-02 | 39 -0.30441 -1.62888e-03
 40  0.05663  2.81412e-04 | 41 -0.77911 -8.66564e-03 | 42 -0.69693  6.40454e+00
 43 -0.71759 -6.89138e+00 | 44 -0.98617 -4.21936e+02 | 45 -0.97967  2.86736e+02
 46 -0.42997  3.55700e+01 | 47  0.16998  4.47900e+00 | 48 -0.11762  7.05212e+01
 49 -0.12174 -7.57364e+01 | 50 -0.02305 -4.76957e+01 | 51  0.08695  4.22404e+01
51 variables; iteration 40; function evaluation 57; phase 3
Function value 1.4385141e+02; maximum gradient component mag -4.2652e+01
Var    Value     Gradient |Var    Value     Gradient |Var    Value     Gradient
  1  0.15372 -3.69988e+01 |  2 -0.15189 -1.34878e+00 |  3 -0.01715  3.48571e+00
  4 -0.06017 -2.81615e+00 |  5 -0.00964  7.64232e+00 |  6 -0.06883  4.86115e-01
  7 -0.11408  1.36245e+00 |  8 -0.06952  6.49895e+00 |  9 -0.06542  4.60188e-01
 10  0.02479 -2.60215e+00 | 11  0.00943  5.27228e+00 | 12  0.04693 -3.35901e+00
 13  0.01744 -1.68521e+00 | 14  0.01379  5.21468e+00 | 15  0.06596 -3.18050e+00
 16  0.01048  5.69716e+00 | 17 -0.05623  4.44418e-02 | 18 -0.01236 -1.42468e+00
 19 -0.01108  2.90762e+00 | 20  0.06545 -1.00874e+00 | 21  0.06239 -5.21370e-01
 22 -0.03488  2.26568e-01 | 23 -0.01713  2.76168e+00 | 24 -0.10811 -7.84930e-02
 25 -0.02086  8.76224e-01 | 26 -0.02348 -9.38998e-01 | 27 -0.00902 -7.58635e+00
 28  0.04243 -6.94553e+00 | 29 -0.00303 -1.09735e+00 | 30  0.06954 -4.48659e+00
 31 -0.01461  1.58508e+00 | 32  0.08010 -4.06758e+00 | 33  0.04430  1.94749e+00
 34  0.07489  3.66279e-01 | 35  0.23446 -1.59038e+01 | 36  0.24572  2.11483e+01
 37  0.23442 -3.24483e+00 | 38 -0.81569 -1.05315e-02 | 39 -0.30192 -1.61250e-03
 40  0.05620  2.81534e-04 | 41 -0.76609 -8.04424e-03 | 42 -0.70570  7.48050e+00
 43 -0.72680 -8.08737e+00 | 44 -0.98803 -4.26520e+01 | 45 -0.98284  2.95588e+01
 46 -0.40139  3.65521e+00 | 47 -0.64108  4.69258e-01 | 48 -0.11252  1.46316e+01
 49 -0.11757 -1.57694e+01 | 50 -0.01669 -9.93306e+00 | 51  0.08222  7.04750e+00
51 variables; iteration 60; function evaluation 84; phase 3
Function value 1.4369238e+02; maximum gradient component mag -1.0757e+01
Var    Value     Gradient |Var    Value     Gradient |Var    Value     Gradient
  1  0.15358 -2.51486e+00 |  2 -0.14836  1.24857e-01 |  3 -0.01837  3.50290e-02
  4 -0.05844  6.81437e-02 |  5 -0.01215  2.11497e-01 |  6 -0.07003  6.36230e-02
  7 -0.11622  5.14049e-02 |  8 -0.07405  5.99859e-02 |  9 -0.06880  5.47271e-02
 10  0.02528  7.71219e-02 | 11  0.00635  7.77793e-02 | 12  0.04846  6.65479e-03
 13  0.01815  6.45097e-02 | 14  0.01126  1.44967e-01 | 15  0.06781  1.56094e-01
 16  0.00888  8.95858e-02 | 17 -0.05542  1.21115e-01 | 18 -0.01087  1.47312e-01
 19 -0.01121  2.68457e-02 | 20  0.06643  1.16865e-01 | 21  0.06338  1.19299e-01
 22 -0.03400  1.52585e-01 | 23 -0.01738  8.73060e-02 | 24 -0.10738 -1.20611e-02
 25 -0.02067 -2.88745e-02 | 26 -0.02349 -2.90837e-02 | 27 -0.00744 -2.77750e-01
 28  0.04275 -7.51961e-01 | 29 -0.00265 -2.81002e-02 | 30  0.07043 -3.69456e-01
 31 -0.01410  1.68246e-01 | 32  0.08099 -4.41935e-01 | 33  0.04541  5.39547e-02
 34  0.07748  8.11917e-02 | 35  0.23431 -6.31144e-01 | 36  0.24524 -2.77827e-01
 37  0.23525 -1.11243e+00 | 38 -0.55170  2.31620e-02 | 39 -0.25005  4.90764e-03
 40  0.03893  3.25439e-04 | 41 -0.73066 -2.06745e-03 | 42 -0.69672  6.34924e-01
 43 -0.71852 -6.87925e-01 | 44 -0.98752 -1.07569e+01 | 45 -0.98217  7.33832e+00
 46 -0.41548  3.79105e-01 | 47 -0.95434 -2.56653e-02 | 48 -0.11368 -1.97847e-02
 49 -0.11819  1.23855e-01 | 50 -0.00837 -7.65210e-01 | 51  0.08873  5.25160e-01
51 variables; iteration 80; function evaluation 104; phase 3
Function value 1.4367962e+02; maximum gradient component mag -1.1643e+00
Var    Value     Gradient |Var    Value     Gradient |Var    Value     Gradient
  1  0.15356  4.26539e-02 |  2 -0.14864 -3.45665e-03 |  3 -0.01837 -1.31853e-02
  4 -0.05844 -1.36304e-02 |  5 -0.01219 -4.22657e-02 |  6 -0.07007 -1.32360e-02
  7 -0.11627 -4.31893e-03 |  8 -0.07409 -7.79147e-03 |  9 -0.06890 -7.71790e-03
 10  0.02524 -5.78897e-03 | 11  0.00634 -4.83874e-03 | 12  0.04852  1.94928e-02
 13  0.01816  1.37315e-03 | 14  0.01121 -2.27425e-02 | 15  0.06781 -7.01832e-03
 16  0.00891  5.05224e-03 | 17 -0.05544 -7.61052e-03 | 18 -0.01091 -7.50096e-03
 19 -0.01117  8.42436e-03 | 20  0.06643  1.40706e-02 | 21  0.06337  3.40878e-03
 22 -0.03405 -2.77236e-02 | 23 -0.01740 -2.46960e-03 | 24 -0.10735  1.09714e-02
 25 -0.02067 -1.41190e-02 | 26 -0.02354 -6.21064e-03 | 27 -0.00745  3.37122e-02
 28  0.04280 -1.31943e-03 | 29 -0.00266  3.08216e-02 | 30  0.07044  1.20423e-02
 31 -0.01417  1.58745e-02 | 32  0.08104 -1.95130e-03 | 33  0.04551  1.60151e-02
 34  0.07770  2.55072e-02 | 35  0.23434 -2.63245e-03 | 36  0.24527 -9.91366e-02
 37  0.23546  2.94148e-01 | 38 -0.61416 -2.05091e-03 | 39 -0.25775 -5.47426e-04
 40 -0.17030 -6.76366e-04 | 41 -0.72017  5.00205e-04 | 42 -0.69257 -4.20166e-01
 43 -0.71468  4.57100e-01 | 44 -0.97769 -1.16431e+00 | 45 -0.96813  6.96732e-01
 46 -0.73097 -5.02547e-03 | 47 -0.26462  2.82913e-04 | 48 -0.12965 -5.01314e-02
 49 -0.13303  5.53599e-02 | 50 -0.00696 -7.56867e-02 | 51  0.08985  3.87675e-02
51 variables; iteration 100; function evaluation 124; phase 3
Function value 1.4367891e+02; maximum gradient component mag 2.8466e+00
Var    Value     Gradient |Var    Value     Gradient |Var    Value     Gradient
  1  0.15355  1.33083e-01 |  2 -0.14864  5.62916e-03 |  3 -0.01838  6.87278e-03
  4 -0.05843  1.60614e-02 |  5 -0.01216  3.73174e-02 |  6 -0.07007  1.37936e-02
  7 -0.11627  5.00253e-03 |  8 -0.07408  4.71739e-03 |  9 -0.06890  5.22179e-04
 10  0.02525  1.76549e-04 | 11  0.00635  2.44542e-03 | 12  0.04851 -2.23247e-02
 13  0.01816 -8.11614e-03 | 14  0.01123  1.78413e-02 | 15  0.06782 -7.10144e-03
 16  0.00891 -4.98406e-03 | 17 -0.05544  6.30480e-03 | 18 -0.01091  3.14091e-03
 19 -0.01118 -4.80030e-03 | 20  0.06642 -1.55825e-02 | 21  0.06337 -6.31573e-03
 22 -0.03403  2.05806e-02 | 23 -0.01740 -7.90508e-03 | 24 -0.10737 -5.47411e-03
 25 -0.02067  1.79326e-02 | 26 -0.02354  6.23303e-03 | 27 -0.00747 -1.61501e-02
 28  0.04281  4.51274e-02 | 29 -0.00267 -4.69180e-02 | 30  0.07044  4.31756e-03
 31 -0.01419 -3.42060e-02 | 32  0.08104  2.04469e-02 | 33  0.04550 -3.73010e-02
 34  0.07771 -3.64468e-02 | 35  0.23435 -3.63015e-02 | 36  0.24529  1.56158e-01
 37  0.23549 -3.05823e-01 | 38 -0.60046  7.08556e-04 | 39 -0.23347  3.00215e-04
 40  0.26768  1.57494e-03 | 41 -0.73365 -5.38324e-04 | 42 -0.70323  2.01912e-01
 43 -0.72458 -2.25535e-01 | 44 -0.97130  2.84656e+00 | 45 -0.95902 -2.08730e+00
 46 -0.73548 -4.59298e-03 | 47 -0.23907  9.36428e-04 | 48 -0.12984  5.14785e-02
 49 -0.13320 -5.43684e-02 | 50 -0.00675  1.46130e-01 | 51  0.09000 -8.16572e-02
51 variables; iteration 120; function evaluation 146; phase 3
Function value 1.4367097e+02; maximum gradient component mag -2.7259e+00
Var    Value     Gradient |Var    Value     Gradient |Var    Value     Gradient
  1  0.15354  1.09341e+00 |  2 -0.14864  2.35310e-02 |  3 -0.01841  8.18540e-02
  4 -0.05844  6.59103e-02 |  5 -0.01214  1.96913e-01 |  6 -0.07011  1.60335e-02
  7 -0.11632 -8.48565e-03 |  8 -0.07411  1.45881e-02 |  9 -0.06892  3.31536e-02
 10  0.02526  2.26438e-02 | 11  0.00635  1.13700e-02 | 12  0.04851 -5.10324e-02
 13  0.01818  1.81809e-02 | 14  0.01127  8.47474e-02 | 15  0.06786  6.77422e-02
 16  0.00890 -1.16699e-02 | 17 -0.05544  2.27471e-02 | 18 -0.01091  2.39667e-02
 19 -0.01119 -4.37301e-02 | 20  0.06641 -7.41625e-02 | 21  0.06337 -2.07416e-02
 22 -0.03399  1.08801e-01 | 23 -0.01740  1.13832e-02 | 24 -0.10741 -6.46407e-02
 25 -0.02067  5.48750e-02 | 26 -0.02353  3.83479e-02 | 27 -0.00747 -1.26700e-01
 28  0.04283 -2.04912e-02 | 29 -0.00266 -3.72619e-02 | 30  0.07044 -4.45357e-02
 31 -0.01418 -1.28441e-02 | 32  0.08104 -2.84637e-02 | 33  0.04551 -5.40409e-03
 34  0.07771 -7.71051e-02 | 35  0.23436 -4.72654e-01 | 36  0.24530  3.03260e-01
 37  0.23548 -2.05496e-01 | 38 -0.62542 -3.81342e-03 | 39 -0.31815 -1.41068e-03
 40 -0.13950 -5.68118e-04 | 41 -0.72514 -1.68834e-03 | 42 -0.68982  2.52815e+00
 43 -0.71225 -2.72585e+00 | 44 -0.78320  1.24660e+00 | 45 -0.68905 -8.64350e-01
 46 -0.61773 -2.74782e-03 | 47 -0.47454 -1.94287e-03 | 48 -0.12331  1.17774e-01
 49 -0.12715 -1.13104e-01 | 50 -0.00697 -6.04002e-02 | 51  0.08979  2.07511e-02
51 variables; iteration 140; function evaluation 166; phase 3
Function value 1.4367048e+02; maximum gradient component mag -1.5092e-02
Var    Value     Gradient |Var    Value     Gradient |Var    Value     Gradient
  1  0.15355 -2.57105e-03 |  2 -0.14864 -4.51023e-05 |  3 -0.01837  8.82484e-05
  4 -0.05844  1.03592e-04 |  5 -0.01218  2.88891e-04 |  6 -0.07007  2.16574e-04
  7 -0.11627  1.93884e-04 |  8 -0.07408  1.31892e-04 |  9 -0.06889  9.40494e-05
 10  0.02525  8.27715e-05 | 11  0.00635  7.04719e-05 | 12  0.04851  4.23212e-05
 13  0.01816  1.29599e-04 | 14  0.01122  1.78367e-04 | 15  0.06782  2.66951e-04
 16  0.00891  1.44317e-04 | 17 -0.05544  2.06589e-04 | 18 -0.01091  2.70629e-04
 19 -0.01118  1.36217e-04 | 20  0.06642  1.39491e-04 | 21  0.06337  2.84531e-05
 22 -0.03404  4.83242e-05 | 23 -0.01740  5.68390e-05 | 24 -0.10736 -8.48175e-05
 25 -0.02067 -1.21482e-04 | 26 -0.02354  1.15739e-04 | 27 -0.00746 -1.25458e-04
 28  0.04280 -4.53827e-04 | 29 -0.00267 -1.98396e-04 | 30  0.07044 -4.73452e-04
 31 -0.01417 -6.89768e-05 | 32  0.08104 -5.20847e-04 | 33  0.04550 -2.29862e-04
 34  0.07770 -1.93075e-04 | 35  0.23434 -1.50920e-02 | 36  0.24528  7.73457e-04
 37  0.23547  2.03641e-03 | 38 -0.60056  1.13632e-05 | 39 -0.24947  6.24875e-06
 40 -0.03786 -2.31675e-06 | 41 -0.72454  7.75103e-06 | 42 -0.69497  7.21525e-03
 43 -0.71692 -7.84562e-03 | 44 -0.77939  1.78830e-03 | 45 -0.68327 -1.26924e-03
 46 -0.62681 -6.03431e-04 | 47 -0.39882 -1.40072e-05 | 48 -0.12374  9.79303e-03
 49 -0.12754  1.82635e-03 | 50 -0.00691 -3.10579e-04 | 51  0.08988  7.37115e-05

 - final statistics:
51 variables; iteration 159; function evaluation 185
Function value 1.4367e+02; maximum gradient component mag 7.6367e-05
Exit code = 1;  converg criter 1.0000e-04
Var    Value     Gradient |Var    Value     Gradient |Var    Value     Gradient
  1  0.15355 -4.86048e-05 |  2 -0.14864 -1.77922e-06 |  3 -0.01837 -3.14826e-06
  4 -0.05844 -2.31713e-06 |  5 -0.01218 -5.42921e-06 |  6 -0.07007  1.31825e-06
  7 -0.11627  2.56219e-06 |  8 -0.07408 -8.44487e-07 |  9 -0.06889 -8.96351e-07
 10  0.02525  1.07812e-07 | 11  0.00635 -1.50087e-06 | 12  0.04852  4.15023e-06
 13  0.01816  1.11182e-06 | 14  0.01122 -5.59859e-06 | 15  0.06782 -7.73481e-07
 16  0.00891 -1.27181e-06 | 17 -0.05544 -1.21883e-06 | 18 -0.01091  7.23489e-08
 19 -0.01118  1.62946e-06 | 20  0.06642  2.32915e-06 | 21  0.06337  1.54011e-07
 22 -0.03404 -3.95767e-06 | 23 -0.01740  1.31168e-06 | 24 -0.10736  3.15337e-06
 25 -0.02067 -2.83577e-06 | 26 -0.02354 -2.42255e-06 | 27 -0.00746  2.67111e-06
 28  0.04280 -8.90803e-06 | 29 -0.00267  3.12028e-07 | 30  0.07044 -4.25642e-06
 31 -0.01417  6.01477e-06 | 32  0.08104 -2.26773e-06 | 33  0.04550  3.88352e-06
 34  0.07770  7.17865e-06 | 35  0.23434  7.63673e-05 | 36  0.24528 -3.15741e-05
 37  0.23547 -9.40182e-06 | 38 -0.60052 -9.06326e-08 | 39 -0.24990  5.43948e-08
 40 -0.03736  4.97653e-09 | 41 -0.72457  4.98552e-07 | 42 -0.69493 -3.65692e-06
 43 -0.71688  4.62455e-06 | 44 -0.77936  4.63909e-05 | 45 -0.68322 -3.23804e-05
 46 -0.61658 -1.26025e-07 | 47 -0.41393  5.71058e-08 | 48 -0.13164 -7.79464e-06
 49 -0.13487  8.81588e-06 | 50 -0.00691 -2.96560e-05 | 51  0.08988  2.32012e-05
Estimating row 1 out of 51 for hessian
Estimating row 2 out of 51 for hessian
Estimating row 3 out of 51 for hessian
Estimating row 4 out of 51 for hessian
Estimating row 5 out of 51 for hessian
Estimating row 6 out of 51 for hessian
Estimating row 7 out of 51 for hessian
Estimating row 8 out of 51 for hessian
Estimating row 9 out of 51 for hessian
Estimating row 10 out of 51 for hessian
Estimating row 11 out of 51 for hessian
Estimating row 12 out of 51 for hessian
Estimating row 13 out of 51 for hessian
Estimating row 14 out of 51 for hessian
Estimating row 15 out of 51 for hessian
Estimating row 16 out of 51 for hessian
Estimating row 17 out of 51 for hessian
Estimating row 18 out of 51 for hessian
Estimating row 19 out of 51 for hessian
Estimating row 20 out of 51 for hessian
Estimating row 21 out of 51 for hessian
Estimating row 22 out of 51 for hessian
Estimating row 23 out of 51 for hessian
Estimating row 24 out of 51 for hessian
Estimating row 25 out of 51 for hessian
Estimating row 26 out of 51 for hessian
Estimating row 27 out of 51 for hessian
Estimating row 28 out of 51 for hessian
Estimating row 29 out of 51 for hessian
Estimating row 30 out of 51 for hessian
Estimating row 31 out of 51 for hessian
Estimating row 32 out of 51 for hessian
Estimating row 33 out of 51 for hessian
Estimating row 34 out of 51 for hessian
Estimating row 35 out of 51 for hessian
Estimating row 36 out of 51 for hessian
Estimating row 37 out of 51 for hessian
Estimating row 38 out of 51 for hessian
Estimating row 39 out of 51 for hessian
Estimating row 40 out of 51 for hessian
Estimating row 41 out of 51 for hessian
Estimating row 42 out of 51 for hessian
Estimating row 43 out of 51 for hessian
Estimating row 44 out of 51 for hessian
Estimating row 45 out of 51 for hessian
Estimating row 46 out of 51 for hessian
Estimating row 47 out of 51 for hessian
Estimating row 48 out of 51 for hessian
Estimating row 49 out of 51 for hessian
Estimating row 50 out of 51 for hessian
Estimating row 51 out of 51 for hessian
size of file gradfil1.tmp = 0
size of file gradfil2.tmp = 0
size of file varssave.tmp = 0
size of file cmpdiff.tmp = 0
