
Initial statistics: 2 variables; iteration 0; function evaluation 0; phase 1
Function value 4.5330717e+03; maximum gradient component mag 3.0536e+04
Var    Value     Gradient |Var    Value     Gradient |Var    Value     Gradient
  1  0.39650  3.05357e+04 |  2  0.21635  1.09830e+04 |

 - final statistics:
2 variables; iteration 8; function evaluation 14
Function value 6.2455e+02; maximum gradient component mag 1.9940e+00
Exit code = 1;  converg criter 1.0000e+01
Var    Value     Gradient |Var    Value     Gradient |Var    Value     Gradient
  1  0.18315  1.99403e+00 |  2  0.20350  9.39352e-01 |

Initial statistics: 48 variables; iteration 0; function evaluation 0; phase 2
Function value 6.2454573e+02; maximum gradient component mag 3.0017e+03
Var    Value     Gradient |Var    Value     Gradient |Var    Value     Gradient
  1  0.18315  1.99403e+00 |  2  0.00000  5.08593e+01 |  3  0.00000 -1.08706e+02
  4  0.00000  3.98044e+01 |  5  0.00000 -6.77458e+01 |  6  0.00000 -2.54010e+01
  7  0.00000  5.33014e+01 |  8  0.00000  6.67671e+00 |  9  0.00000  1.06545e+01
 10  0.00000 -7.51201e+01 | 11  0.00000  1.02195e+01 | 12  0.00000 -5.05476e+01
 13  0.00000 -6.61117e+00 | 14  0.00000 -6.16152e+00 | 15  0.00000 -8.31976e+01
 16  0.00000  1.34006e+01 | 17  0.00000  1.05658e+02 | 18  0.00000  1.26081e+01
 19  0.00000  3.32174e+01 | 20  0.00000 -1.29554e+02 | 21  0.00000 -1.30703e+02
 22  0.00000  1.34104e+02 | 23  0.00000  2.63583e+01 | 24  0.00000  2.68919e+02
 25  0.00000  9.93125e+01 | 26  0.00000  5.02900e+00 | 27  0.00000  2.51527e+01
 28  0.00000 -5.67734e+01 | 29  0.00000  1.86641e+02 | 30  0.00000 -2.84055e+02
 31  0.00000  2.08726e+02 | 32  0.00000 -3.07823e+02 | 33  0.00000  2.56545e+01
 34  0.00000 -2.34518e+02 | 35  0.00000 -2.77518e+01 | 36  0.00000  1.92586e+02
 37  0.21635  3.00172e+03 | 38  0.21635 -7.26038e+02 | 39  0.20350  9.39352e-01
 40 -1.00000 -1.08293e-07 | 41  0.00000  1.28614e-04 | 42  0.00000  3.68994e-01
 43 -0.53989  7.78728e+00 | 44 -1.00000 -1.08293e-07 | 45 -0.53989  1.24866e+01
 46 -1.00000 -1.08293e-07 | 47 -0.53989  3.54243e+00 | 48 -0.17585 -5.42669e+02

Intermediate statistics: 48 variables; iteration 20; function evaluation 29; phase 2
Function value 4.1163098e+02; maximum gradient component mag 2.5869e+03
Var    Value     Gradient |Var    Value     Gradient |Var    Value     Gradient
  1  0.19866  1.51692e+03 |  2 -0.10716 -1.52786e+01 |  3  0.18726  1.72156e+02
  4  0.00988 -8.58895e+01 |  5  0.11380  8.10570e+01 |  6  0.05136  3.89589e+01
  7 -0.05799 -5.39713e+01 |  8 -0.01210  1.06211e+01 |  9  0.00305 -2.60531e+00
 10  0.11952  1.28242e+02 | 11  0.02469  1.55550e+00 | 12  0.07887  1.26368e+02
 13  0.02313  5.79263e+01 | 14  0.02497  4.77097e+01 | 15  0.09403  2.34304e+02
 16  0.00138  1.01040e+02 | 17 -0.10148 -1.76334e+01 | 18 -0.00331  1.19427e+02
 19 -0.03283  6.74222e+01 | 20  0.14319  3.61770e+02 | 21  0.09988  2.63526e+02
 22 -0.08845 -1.61157e+00 | 23 -0.05536  2.39337e+01 | 24 -0.21507 -8.20783e+01
 25 -0.11695 -9.02841e+01 | 26 -0.07023 -5.76242e+01 | 27 -0.06900 -1.37685e+02
 28 -0.04640 -2.56412e+02 | 29 -0.04556 -5.71693e+00 | 30  0.07376  1.31910e+02
 31  0.01350  2.63786e+02 | 32  0.01421 -1.60778e+02 | 33  0.00518  1.35469e+01
 34  0.06421  6.87989e+01 | 35  0.05475  3.88310e+01 | 36  0.05644  1.07406e+02
 37  0.20599  2.58688e+03 | 38  0.22532  1.47402e+02 | 39  0.17511 -2.02942e+03
 40 -1.41647 -2.09680e-01 | 41 -0.00009  5.15653e-02 | 42 -0.00998 -4.30727e-05
 43 -0.76392 -7.80591e-03 | 44 -1.33508  5.60433e+02 | 45 -0.61232  4.88696e+02
 46 -1.12534  5.89722e+01 | 47 -0.62725  1.96497e+01 | 48 -0.10995 -1.91980e+02
48 variables; iteration 40; function evaluation 50; phase 2
Function value 3.4411042e+02; maximum gradient component mag -1.1893e+03
Var    Value     Gradient |Var    Value     Gradient |Var    Value     Gradient
  1  0.18736 -4.33558e+01 |  2 -0.21302 -2.81003e+01 |  3  0.05929  1.60886e+02
  4 -0.12709 -1.34132e+02 |  5  0.00445  2.38604e+01 |  6 -0.00587  8.64208e+01
  7 -0.15079 -1.13601e+02 |  8 -0.03064  2.32157e+00 |  9  0.05561  6.05208e+01
 10  0.16234  1.68580e+02 | 11  0.03744 -2.09707e+01 | 12  0.07418  6.55284e+01
 13  0.06026  1.08272e+02 | 14  0.03155  2.38243e+01 | 15  0.09668  2.06750e+02
 16 -0.03003 -9.98050e+00 | 17 -0.06431  2.61218e+01 | 18  0.00201  7.74490e+01
 19 -0.05914 -2.67485e+01 | 20  0.14353  2.79920e+02 | 21  0.09257  1.58695e+02
 22 -0.10677 -7.60557e+01 | 23 -0.06836 -9.27966e+01 | 24 -0.24072 -1.54132e+02
 25 -0.12547 -2.29224e+02 | 26 -0.05829 -4.70614e+01 | 27 -0.04574 -1.05754e+02
 28 -0.00612 -1.28669e+02 | 29 -0.06523 -1.26336e+02 | 30  0.09318  2.36578e+02
 31 -0.02628  1.04217e+01 | 32  0.03950 -1.03495e+02 | 33 -0.00818 -1.11591e+02
 34  0.07622  6.56818e+01 | 35  0.06636  4.32892e+01 | 36  0.06558  9.53973e+01
 37  0.19898  4.89768e+02 | 38  0.22960 -1.68283e+02 | 39  0.18945 -1.18930e+03
 40 -1.29463 -9.62646e-04 | 41  0.00908  3.23082e-03 | 42 -0.05681 -2.81921e-04
 43 -1.14825  1.32243e-02 | 44 -1.35043  2.25136e+02 | 45 -0.64280  2.23645e+02
 46 -1.16058 -3.41204e+01 | 47 -0.71790 -1.92178e+01 | 48 -0.10856 -2.25994e+02
48 variables; iteration 60; function evaluation 80; phase 2
Function value 2.2012071e+02; maximum gradient component mag 5.6703e+01
Var    Value     Gradient |Var    Value     Gradient |Var    Value     Gradient
  1  0.16622  5.67027e+01 |  2 -0.14440  4.71992e+00 |  3 -0.02598  5.14472e+00
  4 -0.07466 -5.47879e+00 |  5 -0.02849 -3.15637e+00 |  6 -0.07901 -1.22275e+01
  7 -0.11545  4.07026e-01 |  8 -0.07648 -4.46532e+00 |  9 -0.06074 -1.36036e+00
 10  0.02129 -1.45744e+00 | 11 -0.00164 -2.75187e+00 | 12  0.03821  1.27557e-01
 13  0.00912 -1.74977e+00 | 14  0.00787 -5.08610e+00 | 15  0.05991 -9.41565e-01
 16  0.00486 -1.07806e+00 | 17 -0.04838 -1.03438e+00 | 18  0.00984  5.01394e-01
 19 -0.01192 -2.61245e+00 | 20  0.08715 -2.79645e+00 | 21  0.07048 -1.62066e+00
 22 -0.04445 -3.10540e+00 | 23 -0.00839  4.57368e+00 | 24 -0.10804 -1.93523e+00
 25 -0.04340 -2.77810e+00 | 26 -0.02385 -7.70730e+00 | 27  0.00303  4.15531e+00
 28  0.01711 -9.07453e-01 | 29 -0.00972  8.37456e+00 | 30  0.06457 -1.26732e+00
 31 -0.00983  4.31427e+00 | 32  0.06812  1.95607e+00 | 33  0.03461  6.52420e+00
 34  0.06632 -5.04855e-01 | 35  0.04906 -2.75481e+00 | 36  0.02809 -4.52004e+00
 37  0.20394  2.13573e+01 | 38  0.23826  1.51225e+01 | 39  0.22244  4.01899e+01
 40 -0.65807 -6.75307e-04 | 41 -0.09677  1.24394e-03 | 42 -1.56396 -8.51082e-04
 43 -0.66795  1.37445e-01 | 44 -1.31611  1.91464e+01 | 45 -0.69623  2.00343e+01
 46 -1.25422  2.48248e+01 | 47 -0.59236  1.61038e+01 | 48 -0.05081 -2.13093e-01

 - final statistics:
48 variables; iteration 63; function evaluation 83
Function value 2.1987e+02; maximum gradient component mag -6.5545e+00
Exit code = 1;  converg criter 1.0000e+01
Var    Value     Gradient |Var    Value     Gradient |Var    Value     Gradient
  1  0.16615 -6.55452e+00 |  2 -0.15723 -8.82875e-02 |  3 -0.03124 -7.06483e-01
  4 -0.07316 -5.77923e-01 |  5 -0.02696 -9.08925e-01 |  6 -0.07365  2.49444e-01
  7 -0.11547 -3.01055e-01 |  8 -0.07464  1.98814e-02 |  9 -0.05957  7.16485e-01
 10  0.02114  1.29487e-01 | 11 -0.00145 -1.22676e-01 | 12  0.03709  7.37398e-02
 13  0.00871 -2.45770e-01 | 14  0.00931  3.51005e-02 | 15  0.05927  1.85923e-01
 16  0.00395 -6.96500e-02 | 17 -0.04955 -1.09795e-01 | 18  0.00859  1.51407e-01
 19 -0.01170  1.17511e-01 | 20  0.08746  7.04739e-01 | 21  0.07032  3.34433e-01
 22 -0.04422  1.20363e-01 | 23 -0.01122  2.22593e-01 | 24 -0.10890 -4.56060e-01
 25 -0.04301 -4.17907e-01 | 26 -0.02136  5.10082e-02 | 27  0.00103 -2.77563e-01
 28  0.01715 -5.35603e-01 | 29 -0.01155  1.83627e-01 | 30  0.06438  3.84291e-01
 31 -0.01143 -2.58480e-02 | 32  0.06730 -1.29154e-01 | 33  0.03306 -1.99462e-01
 34  0.06665  6.43249e-02 | 35  0.05022  9.53705e-02 | 36  0.03138  2.36899e-01
 37  0.20405 -1.43626e+00 | 38  0.23831  1.32631e-01 | 39  0.22224  1.29240e+00
 40 -0.67996 -3.58297e-03 | 41 -0.11313  3.31989e-04 | 42 -1.56046 -6.04321e-05
 43 -0.67253  1.07728e-01 | 44 -1.31791  1.09305e+00 | 45 -0.69544  1.22420e+00
 46 -1.23727 -2.05257e+00 | 47 -0.63082 -1.08557e+00 | 48 -0.05073 -2.12524e+00

Initial statistics: 53 variables; iteration 0; function evaluation 0; phase 3
Function value 2.1986634e+02; maximum gradient component mag -1.1296e+03
Var    Value     Gradient |Var    Value     Gradient |Var    Value     Gradient
  1  0.16615 -6.55452e+00 |  2 -0.15723 -8.82875e-02 |  3 -0.03124 -7.06483e-01
  4 -0.07316 -5.77923e-01 |  5 -0.02696 -9.08925e-01 |  6 -0.07366  2.11318e-01
  7 -0.11547 -3.38808e-01 |  8 -0.07464 -1.82377e-02 |  9 -0.05957  6.78270e-01
 10  0.02113  9.11260e-02 | 11 -0.00145 -1.61058e-01 | 12  0.03709  3.54224e-02
 13  0.00871 -2.84149e-01 | 14  0.00931 -3.27796e-03 | 15  0.05927  1.47706e-01
 16  0.00395 -1.08032e-01 | 17 -0.04955 -1.48061e-01 | 18  0.00859  1.13028e-01
 19 -0.01170  7.91345e-02 | 20  0.08746  6.66718e-01 | 21  0.07032  2.96284e-01
 22 -0.04422  8.20735e-02 | 23 -0.01122  1.84216e-01 | 24 -0.10890 -4.93883e-01
 25 -0.04301 -4.56202e-01 | 26 -0.02137  1.26473e-02 | 27  0.00103 -3.15945e-01
 28  0.01714 -5.73972e-01 | 29 -0.01155  1.45251e-01 | 30  0.06437  3.46104e-01
 31 -0.01143 -6.42243e-02 | 32  0.06730 -1.67323e-01 | 33  0.03306 -2.37793e-01
 34  0.06665  2.61525e-02 | 35  0.05022  5.71073e-02 | 36  0.03137  1.98564e-01
 37  0.20405 -1.43626e+00 | 38  0.23831  1.32631e-01 | 39  0.22224  1.29240e+00
 40 -0.67996 -3.58297e-03 | 41 -0.11313  3.31989e-04 | 42 -0.43954  6.04321e-05
 43 -0.67253  1.07728e-01 | 44 -0.68209 -1.09305e+00 | 45 -0.69544  1.22420e+00
 46 -0.76273  2.05257e+00 | 47 -0.63082 -1.08557e+00 | 48 -0.32288  2.67838e+02
 49  0.21635  8.25742e+00 | 50 -0.17585 -1.12957e+03 | 51 -0.12819  3.68912e-03
 52 -0.05073 -2.12524e+00 | 53  0.05795  3.14540e+01 |

Intermediate statistics: 53 variables; iteration 20; function evaluation 29; phase 3
Function value 1.6698478e+02; maximum gradient component mag -7.2296e+02
Var    Value     Gradient |Var    Value     Gradient |Var    Value     Gradient
  1  0.15320 -7.22963e+02 |  2 -0.14982 -1.12351e+00 |  3 -0.01836 -4.25018e+00
  4 -0.05814 -3.71723e+00 |  5 -0.01329 -9.32441e+00 |  6 -0.06984  1.52828e+01
  7 -0.11723  1.21049e+01 |  8 -0.06982  1.91888e+01 |  9 -0.06172  2.37739e+01
 10  0.02405  1.26016e+01 | 11  0.00297  8.80532e+00 | 12  0.04308 -2.01455e+00
 13  0.01431  2.94467e+00 | 14  0.00936  1.41807e+01 | 15  0.06259 -6.99601e+00
 16  0.00521  1.15886e+00 | 17 -0.05789  1.39111e+01 | 18 -0.01531  1.67597e+01
 19 -0.01622  5.77012e+00 | 20  0.06154  1.56580e+01 | 21  0.05693  9.48269e+00
 22 -0.03905  1.58598e+01 | 23 -0.02107  1.92922e+01 | 24 -0.11106  1.61720e+01
 25 -0.02282  7.19371e+00 | 26 -0.02408  6.23007e-01 | 27 -0.01164 -2.41296e+01
 28  0.03873 -5.52879e+01 | 29 -0.00426 -1.24856e+00 | 30  0.06852  4.75912e+00
 31 -0.01332  2.88185e+01 | 32  0.08033  1.45349e+01 | 33  0.04259  1.36140e+01
 34  0.06708 -1.95757e+01 | 35  0.05118  5.36543e+00 | 36  0.03129  2.00017e+01
 37  0.23966  5.60210e+02 | 38  0.24821 -1.44573e+02 | 39  0.22565 -3.19109e+02
 40 -0.67977 -4.88853e-03 | 41 -0.11314 -2.20458e-04 | 42 -0.43953 -1.10350e-03
 43 -0.67675  5.89317e-02 | 44 -0.71653 -6.46392e+00 | 45 -0.73469  6.90872e+00
 46 -0.79350 -1.31937e+01 | 47 -0.70451  9.12448e+00 | 48 -0.42989  3.94471e+01
 49  0.11014  5.32210e+00 | 50 -0.10958 -8.84819e+01 | 51 -0.11123  9.01936e+01
 52 -0.07445 -3.54682e+01 | 53  0.01634  4.69031e+01 |
53 variables; iteration 40; function evaluation 58; phase 3
Function value 1.6357857e+02; maximum gradient component mag 3.7470e+02
Var    Value     Gradient |Var    Value     Gradient |Var    Value     Gradient
  1  0.15422 -2.29191e+02 |  2 -0.16133 -5.13233e+00 |  3 -0.02140 -5.14435e+00
  4 -0.05970 -2.82894e+00 |  5 -0.01456 -6.75617e+00 |  6 -0.07083  6.51668e+00
  7 -0.11941 -6.37574e-01 |  8 -0.06820  1.51473e+01 |  9 -0.06516  8.15927e+00
 10  0.02185  1.90049e+00 | 11  0.00065 -2.32628e+00 | 12  0.04548  1.13098e-01
 13  0.01306 -3.99214e+00 | 14  0.00922  6.04567e+00 | 15  0.06309 -5.40332e+00
 16  0.00442 -3.21131e+00 | 17 -0.05946  2.35132e+00 | 18 -0.01657  3.82050e+00
 19 -0.01794 -1.21927e+00 | 20  0.06325  1.16611e+01 | 21  0.05725  4.02375e+00
 22 -0.03786  1.07375e+01 | 23 -0.02081  1.00477e+01 | 24 -0.11409  8.66141e-01
 25 -0.02547  6.59885e-01 | 26 -0.02474  7.23580e-01 | 27 -0.01085 -1.16670e+01
 28  0.03789 -1.40655e+01 | 29 -0.00473  1.07288e+00 | 30  0.06712  7.26807e+00
 31 -0.01412  1.33716e+01 | 32  0.07726  7.28355e+00 | 33  0.04266  1.15434e+01
 34  0.06969 -6.81451e+00 | 35  0.05492  1.78227e+00 | 36  0.04379  1.36565e+01
 37  0.23725  3.09473e+02 | 38  0.24877 -4.69673e+01 | 39  0.22705 -1.25543e+02
 40 -0.67752 -4.68143e-03 | 41 -0.11318 -1.57919e-04 | 42 -0.43910 -2.48009e-03
 43 -0.71530 -8.55699e-04 | 44 -0.92628 -3.54011e+02 | 45 -0.93036  3.74699e+02
 46 -0.87376  6.02284e+01 | 47 -0.82307 -4.28575e+01 | 48 -0.41442  5.10666e+00
 49 -0.49450  8.38251e-01 | 50 -0.11259 -4.02813e+01 | 51 -0.11402  4.10875e+01
 52 -0.07682  7.33719e+00 | 53  0.00557  4.39288e+00 |
53 variables; iteration 60; function evaluation 87; phase 3
Function value 1.6240108e+02; maximum gradient component mag -5.9746e+00
Var    Value     Gradient |Var    Value     Gradient |Var    Value     Gradient
  1  0.15565 -5.97460e+00 |  2 -0.14981 -5.16634e-02 |  3 -0.02005 -8.51981e-02
  4 -0.06073 -1.14420e-01 |  5 -0.01476 -1.18721e-01 |  6 -0.07031  2.19349e-01
  7 -0.11541  2.10791e-01 |  8 -0.07383  1.48786e-01 |  9 -0.06656  1.17302e-01
 10  0.02417  7.15512e-03 | 11  0.00442  1.35462e-01 | 12  0.04501 -1.88151e-02
 13  0.01500 -4.91354e-02 | 14  0.00885  1.55704e-01 | 15  0.06382  1.61165e-02
 16  0.00511 -5.36749e-02 | 17 -0.05866  1.34674e-01 | 18 -0.01489  2.24852e-01
 19 -0.01734  1.33099e-01 | 20  0.06314  1.90489e-01 | 21  0.05859  1.42461e-01
 22 -0.04005  6.98209e-02 | 23 -0.02086 -1.09622e-01 | 24 -0.11119  2.52557e-01
 25 -0.02632 -1.80219e-01 | 26 -0.02434  4.74238e-03 | 27 -0.00714 -1.45699e-01
 28  0.03681 -9.09336e-01 | 29 -0.00494 -7.41498e-02 | 30  0.06660 -2.61671e-01
 31 -0.01491  1.95442e-01 | 32  0.07760 -4.48744e-01 | 33  0.04127  4.69837e-02
 34  0.06989 -5.20174e-02 | 35  0.05154  6.24317e-03 | 36  0.03411  4.75107e-01
 37  0.23360  5.82490e-01 | 38  0.24782 -1.43557e+00 | 39  0.22564 -1.32715e+00
 40 -0.62879  6.60139e-05 | 41 -0.11769  9.99696e-04 | 42 -0.40065 -2.15018e-03
 43 -0.71519  7.17762e-05 | 44 -0.91317 -8.08764e-01 | 45 -0.91835  8.11769e-01
 46 -0.92219 -1.08348e+00 | 47 -0.88758  7.13745e-01 | 48 -0.40300  8.83984e-01
 49 -0.92725  5.44215e-03 | 50 -0.11717 -4.89304e-01 | 51 -0.11738  5.87727e-01
 52 -0.09982 -3.08178e+00 | 53 -0.02763  1.89489e+00 |
53 variables; iteration 80; function evaluation 107; phase 3
Function value 1.6237594e+02; maximum gradient component mag 9.8046e-01
Var    Value     Gradient |Var    Value     Gradient |Var    Value     Gradient
  1  0.15563 -4.73954e-01 |  2 -0.14967  2.23174e-03 |  3 -0.01999 -2.42542e-02
  4 -0.06067 -3.04420e-02 |  5 -0.01474 -3.37795e-02 |  6 -0.07038 -2.79673e-03
  7 -0.11552  1.40615e-03 |  8 -0.07389 -5.37134e-03 |  9 -0.06664  6.49189e-03
 10  0.02422  9.07138e-03 | 11  0.00441 -4.67646e-03 | 12  0.04508  8.75232e-03
 13  0.01509  4.98875e-03 | 14  0.00885  7.00605e-04 | 15  0.06387  4.62795e-03
 16  0.00520 -6.11981e-03 | 17 -0.05866 -7.62979e-03 | 18 -0.01493 -1.83852e-02
 19 -0.01735 -2.53273e-05 | 20  0.06312 -7.75164e-04 | 21  0.05858 -5.11444e-03
 22 -0.04004  3.99808e-03 | 23 -0.02079  1.16938e-03 | 24 -0.11127  1.44228e-03
 25 -0.02625 -6.41241e-03 | 26 -0.02433 -1.75840e-03 | 27 -0.00713  8.51198e-03
 28  0.03687 -1.32722e-02 | 29 -0.00491  1.83452e-02 | 30  0.06662 -1.45425e-02
 31 -0.01489  9.57253e-03 | 32  0.07764 -2.51222e-02 | 33  0.04128  2.03862e-02
 34  0.06987 -1.00683e-02 | 35  0.05149  2.28301e-02 | 36  0.03395  1.76393e-02
 37  0.23361  1.56189e-02 | 38  0.24786  2.51830e-02 | 39  0.22566 -2.03533e-02
 40 -0.58110 -1.80670e-03 | 41 -0.38269 -1.54082e-03 | 42  0.28191  1.67204e-03
 43 -0.73293 -2.02595e-05 | 44 -0.69832 -9.18296e-01 | 45 -0.71659  9.80458e-01
 46 -0.83243 -2.31013e-01 | 47 -0.75731  1.42674e-01 | 48 -0.58916 -6.41696e-04
 49 -0.49579 -1.49781e-03 | 50 -0.12684 -1.12086e-02 | 51 -0.12703  2.28402e-02
 52 -0.10024 -1.23975e-01 | 53 -0.02850  7.81241e-02 |
53 variables; iteration 100; function evaluation 127; phase 3
Function value 1.6237473e+02; maximum gradient component mag -3.0957e-01
Var    Value     Gradient |Var    Value     Gradient |Var    Value     Gradient
  1  0.15563 -3.09566e-01 |  2 -0.14969 -2.16198e-03 |  3 -0.02001 -3.02276e-02
  4 -0.06068 -3.72935e-02 |  5 -0.01475 -6.70937e-02 |  6 -0.07041 -1.29215e-02
  7 -0.11555 -1.69258e-04 |  8 -0.07391 -7.22958e-03 |  9 -0.06667  5.37061e-03
 10  0.02420 -4.58477e-04 | 11  0.00441 -4.08000e-03 | 12  0.04508 -1.94995e-03
 13  0.01509 -5.35211e-03 | 14  0.00884 -8.56209e-03 | 15  0.06387 -1.68103e-02
 16  0.00520 -1.16869e-02 | 17 -0.05866 -3.13167e-03 | 18 -0.01492 -8.20288e-03
 19 -0.01735 -4.03404e-03 | 20  0.06313 -5.27288e-03 | 21  0.05859 -3.83887e-03
 22 -0.04003 -4.27314e-04 | 23 -0.02079 -2.01837e-03 | 24 -0.11127 -6.19287e-03
 25 -0.02625 -7.41825e-03 | 26 -0.02433  8.25521e-03 | 27 -0.00711  1.83716e-02
 28  0.03688  5.05696e-02 | 29 -0.00490  1.15969e-02 | 30  0.06662  9.26224e-03
 31 -0.01488 -4.16674e-03 | 32  0.07766  7.94347e-03 | 33  0.04130  6.37324e-03
 34  0.06988 -2.88448e-05 | 35  0.05149  1.46681e-02 | 36  0.03394 -3.57418e-03
 37  0.23361  2.23093e-02 | 38  0.24786  5.16129e-02 | 39  0.22564  1.19087e-02
 40 -0.61158  1.44852e-04 | 41 -0.18601  4.99515e-04 | 42 -0.07800 -2.05540e-04
 43 -0.72325 -1.85342e-06 | 44 -0.69553  1.12120e-01 | 45 -0.71401 -1.14994e-01
 46 -0.78699 -3.37834e-02 | 47 -0.69093  1.86788e-02 | 48 -0.60957  1.22020e-03
 49 -0.41247  5.01413e-04 | 50 -0.12794 -2.51379e-03 | 51 -0.12813  1.08743e-02
 52 -0.10071 -5.59618e-02 | 53 -0.02931 -3.93823e-03 |
53 variables; iteration 120; function evaluation 147; phase 3
Function value 1.6237467e+02; maximum gradient component mag -1.2591e-02
Var    Value     Gradient |Var    Value     Gradient |Var    Value     Gradient
  1  0.15563 -2.90002e-03 |  2 -0.14968  1.48613e-04 |  3 -0.02000 -3.03758e-05
  4 -0.06066  2.50625e-04 |  5 -0.01473  4.89653e-04 |  6 -0.07039  1.63148e-04
  7 -0.11553  1.58017e-04 |  8 -0.07390 -4.48231e-05 |  9 -0.06666  1.71986e-05
 10  0.02421  2.60619e-04 | 11  0.00441  4.96259e-05 | 12  0.04508  5.27854e-05
 13  0.01509  1.01778e-04 | 14  0.00885  3.94577e-05 | 15  0.06388  3.37691e-04
 16  0.00520  3.54236e-04 | 17 -0.05866 -6.78167e-06 | 18 -0.01493  4.31512e-05
 19 -0.01735  1.12005e-04 | 20  0.06313  2.27785e-04 | 21  0.05859 -2.09938e-04
 22 -0.04003 -1.37315e-04 | 23 -0.02079  1.53183e-04 | 24 -0.11127 -1.04436e-04
 25 -0.02625 -1.70354e-04 | 26 -0.02433  1.17098e-04 | 27 -0.00713  3.00692e-04
 28  0.03687 -2.37408e-04 | 29 -0.00491 -5.06091e-04 | 30  0.06662 -1.44192e-04
 31 -0.01489 -3.84666e-04 | 32  0.07764  3.07293e-05 | 33  0.04128 -6.27002e-04
 34  0.06987  1.63982e-04 | 35  0.05149 -4.22503e-04 | 36  0.03395 -6.42541e-05
 37  0.23361 -1.25911e-02 | 38  0.24786 -1.39882e-04 | 39  0.22567  1.11052e-03
 40 -0.59980 -6.77004e-06 | 41 -0.23943  4.68243e-05 | 42 -0.02502  6.18604e-05
 43 -0.72468 -5.34424e-07 | 44 -0.69873  1.24768e-03 | 45 -0.71700 -1.13570e-03
 46 -0.78249 -6.79232e-04 | 47 -0.68434  8.26619e-04 | 48 -0.61270  2.65952e-04
 49 -0.41797  3.27651e-05 | 50 -0.12818  6.36269e-03 | 51 -0.12837  1.36023e-03
 52 -0.10025  1.59847e-03 | 53 -0.02854 -1.03830e-03 |
53 variables; iteration 140; function evaluation 167; phase 3
Function value 1.6237466e+02; maximum gradient component mag -8.0641e-03
Var    Value     Gradient |Var    Value     Gradient |Var    Value     Gradient
  1  0.15563 -1.45850e-03 |  2 -0.14968 -8.79269e-06 |  3 -0.02000  1.27327e-04
  4 -0.06066  8.14728e-05 |  5 -0.01473  1.06187e-04 |  6 -0.07039  6.55328e-05
  7 -0.11553  2.14949e-05 |  8 -0.07390  8.96552e-05 |  9 -0.06666  3.11182e-05
 10  0.02421  1.06286e-05 | 11  0.00441  7.44365e-05 | 12  0.04508  6.38556e-05
 13  0.01509  6.45146e-05 | 14  0.00885  1.12515e-04 | 15  0.06388  1.09012e-04
 16  0.00520  6.88891e-05 | 17 -0.05866  8.48540e-05 | 18 -0.01493  1.15057e-04
 19 -0.01735  8.69717e-05 | 20  0.06313  6.56847e-05 | 21  0.05859  7.00831e-05
 22 -0.04003 -2.23978e-05 | 23 -0.02079 -4.66392e-05 | 24 -0.11127  2.58161e-05
 25 -0.02625 -1.59762e-05 | 26 -0.02433  2.37204e-05 | 27 -0.00713 -2.51336e-05
 28  0.03687 -2.57592e-04 | 29 -0.00491 -1.02013e-04 | 30  0.06662 -2.09664e-04
 31 -0.01489  1.18088e-05 | 32  0.07764 -2.87297e-04 | 33  0.04128 -9.80409e-05
 34  0.06988 -7.26935e-05 | 35  0.05149 -2.55954e-05 | 36  0.03395  2.66527e-05
 37  0.23361 -8.06410e-03 | 38  0.24786  4.70974e-04 | 39  0.22567  4.18360e-04
 40 -0.59841  1.40429e-06 | 41 -0.24514  3.37563e-06 | 42 -0.03735  6.59116e-08
 43 -0.72434  1.11442e-06 | 44 -0.69895 -1.82893e-03 | 45 -0.71721  1.87116e-03
 46 -0.78281  9.51336e-04 | 47 -0.68481 -6.78989e-04 | 48 -0.62322 -4.06479e-04
 49 -0.40268 -3.95339e-06 | 50 -0.12910  4.70230e-03 | 51 -0.12928  1.00026e-03
 52 -0.10025  4.83217e-05 | 53 -0.02854 -9.41544e-06 |

 - final statistics:
53 variables; iteration 157; function evaluation 184
Function value 1.6237e+02; maximum gradient component mag -1.4521e-05
Exit code = 1;  converg criter 1.0000e-04
Var    Value     Gradient |Var    Value     Gradient |Var    Value     Gradient
  1  0.15563  1.17893e-05 |  2 -0.14968  1.26432e-07 |  3 -0.02000  7.29460e-07
  4 -0.06066  5.98561e-07 |  5 -0.01473  9.38403e-07 |  6 -0.07039  5.22402e-07
  7 -0.11553  7.04802e-09 |  8 -0.07390  2.83028e-07 |  9 -0.06666 -3.43835e-08
 10  0.02421 -1.67210e-07 | 11  0.00441 -2.24387e-08 | 12  0.04509 -1.17118e-07
 13  0.01509 -9.39992e-08 | 14  0.00885  2.75608e-07 | 15  0.06388  4.38619e-07
 16  0.00520  5.21095e-08 | 17 -0.05866 -7.99180e-08 | 18 -0.01493 -9.92954e-08
 19 -0.01735 -1.93203e-07 | 20  0.06313  3.70108e-07 | 21  0.05859  5.82130e-09
 22 -0.04003 -5.46382e-08 | 23 -0.02079 -2.30850e-07 | 24 -0.11127  4.78793e-07
 25 -0.02625  1.52957e-07 | 26 -0.02433  2.45542e-07 | 27 -0.00713  8.74128e-08
 28  0.03687 -1.91025e-07 | 29 -0.00491 -2.42477e-07 | 30  0.06662 -2.64748e-08
 31 -0.01489 -5.56095e-08 | 32  0.07764  5.58474e-08 | 33  0.04128 -3.93488e-07
 34  0.06988 -4.11789e-07 | 35  0.05149 -3.99301e-07 | 36  0.03395 -6.20618e-08
 37  0.23361 -2.60181e-06 | 38  0.24786 -1.80037e-06 | 39  0.22567 -1.59426e-06
 40 -0.59833 -6.09923e-08 | 41 -0.24553 -1.89217e-08 | 42 -0.03736  4.19590e-09
 43 -0.72435  6.37633e-09 | 44 -0.69889  1.36261e-05 | 45 -0.71715 -1.45206e-05
 46 -0.78279  4.54206e-06 | 47 -0.68477 -3.11420e-06 | 48 -0.61627  2.25538e-08
 49 -0.41318  2.71405e-08 | 50 -0.13425  1.21366e-05 | 51 -0.13441 -1.21713e-05
 52 -0.10025  8.04973e-07 | 53 -0.02854 -5.56775e-07 |
Estimating row 1 out of 53 for hessian
Estimating row 2 out of 53 for hessian
Estimating row 3 out of 53 for hessian
Estimating row 4 out of 53 for hessian
Estimating row 5 out of 53 for hessian
Estimating row 6 out of 53 for hessian
Estimating row 7 out of 53 for hessian
Estimating row 8 out of 53 for hessian
Estimating row 9 out of 53 for hessian
Estimating row 10 out of 53 for hessian
Estimating row 11 out of 53 for hessian
Estimating row 12 out of 53 for hessian
Estimating row 13 out of 53 for hessian
Estimating row 14 out of 53 for hessian
Estimating row 15 out of 53 for hessian
Estimating row 16 out of 53 for hessian
Estimating row 17 out of 53 for hessian
Estimating row 18 out of 53 for hessian
Estimating row 19 out of 53 for hessian
Estimating row 20 out of 53 for hessian
Estimating row 21 out of 53 for hessian
Estimating row 22 out of 53 for hessian
Estimating row 23 out of 53 for hessian
Estimating row 24 out of 53 for hessian
Estimating row 25 out of 53 for hessian
Estimating row 26 out of 53 for hessian
Estimating row 27 out of 53 for hessian
Estimating row 28 out of 53 for hessian
Estimating row 29 out of 53 for hessian
Estimating row 30 out of 53 for hessian
Estimating row 31 out of 53 for hessian
Estimating row 32 out of 53 for hessian
Estimating row 33 out of 53 for hessian
Estimating row 34 out of 53 for hessian
Estimating row 35 out of 53 for hessian
Estimating row 36 out of 53 for hessian
Estimating row 37 out of 53 for hessian
Estimating row 38 out of 53 for hessian
Estimating row 39 out of 53 for hessian
Estimating row 40 out of 53 for hessian
Estimating row 41 out of 53 for hessian
Estimating row 42 out of 53 for hessian
Estimating row 43 out of 53 for hessian
Estimating row 44 out of 53 for hessian
Estimating row 45 out of 53 for hessian
Estimating row 46 out of 53 for hessian
Estimating row 47 out of 53 for hessian
Estimating row 48 out of 53 for hessian
Estimating row 49 out of 53 for hessian
Estimating row 50 out of 53 for hessian
Estimating row 51 out of 53 for hessian
Estimating row 52 out of 53 for hessian
Estimating row 53 out of 53 for hessian
size of file gradfil1.tmp = 0
size of file gradfil2.tmp = 0
size of file varssave.tmp = 0
size of file cmpdiff.tmp = 0
