
Initial statistics: 3 variables; iteration 0; function evaluation 0; phase 1
Function value 4.9441771e+03; maximum gradient component mag 3.4432e+04
Var    Value     Gradient |Var    Value     Gradient |Var    Value     Gradient
  1 -0.07231 -1.70850e+03 |  2  0.39650  3.44317e+04 |  3  0.21635  1.42772e+04

 - final statistics:
3 variables; iteration 11; function evaluation 23
Function value 4.8830e+02; maximum gradient component mag 8.7861e-01
Exit code = 1;  converg criter 1.0000e+01
Var    Value     Gradient |Var    Value     Gradient |Var    Value     Gradient
  1  0.39744 -1.42829e-01 |  2  0.19358  8.78605e-01 |  3  0.19130 -3.15593e-01

Initial statistics: 53 variables; iteration 0; function evaluation 0; phase 2
Function value 4.8830094e+02; maximum gradient component mag 2.3319e+03
Var    Value     Gradient |Var    Value     Gradient |Var    Value     Gradient
  1  0.39744 -1.42829e-01 |  2  0.19358  8.78605e-01 |  3  0.00000  2.74952e+01
  4  0.00000 -1.15078e+02 |  5  0.00000  3.64483e+01 |  6  0.00000 -7.61621e+01
  7  0.00000 -3.54695e+01 |  8  0.00000  4.51994e+01 |  9  0.00000 -1.58510e-01
 10  0.00000  6.44762e+00 | 11  0.00000 -7.64928e+01 | 12  0.00000  1.01542e+01
 13  0.00000 -5.56824e+01 | 14  0.00000 -1.50782e+01 | 15  0.00000 -1.35409e+01
 16  0.00000 -9.13109e+01 | 17  0.00000  1.63490e+00 | 18  0.00000  9.29847e+01
 19  0.00000  1.36621e+01 | 20  0.00000  3.89290e+01 | 21  0.00000 -1.47635e+02
 22  0.00000 -1.65264e+02 | 23  0.00000  3.95383e+01 | 24  0.00000  2.24936e+01
 25  0.00000  2.22026e+02 | 26  0.00000 -2.93429e+01 | 27  0.00000 -1.19110e+01
 28  0.00000  5.29138e+01 | 29  0.00000 -1.22254e+02 | 30  0.00000  5.80282e+01
 31  0.00000 -1.02939e+02 | 32  0.00000  1.21218e+02 | 33  0.00000 -4.39547e+00
 34  0.00000 -2.65087e+01 | 35  0.00000 -1.77280e+02 | 36  0.00000 -1.68365e+01
 37  0.00000  8.55500e+01 | 38  0.00000  8.24768e+01 | 39  0.00000  1.98842e+02
 40  0.21635 -9.06577e+01 | 41  0.21635  2.33185e+03 | 42  0.21635 -6.71551e+02
 43  0.19130 -3.15593e-01 | 44 -1.00000 -1.08293e-07 | 45  0.00000  7.14538e-05
 46  0.00000  2.04771e-01 | 47 -0.53989  4.31688e+00 | 48 -1.00000 -1.08293e-07
 49 -0.53989  1.31697e+01 | 50 -1.00000 -1.08293e-07 | 51 -0.53989  3.18640e+00
 52 -0.32288  1.77064e+01 | 53  0.21635  5.46801e-01 |

Intermediate statistics: 53 variables; iteration 20; function evaluation 37; phase 2
Function value 2.9937413e+02; maximum gradient component mag -3.5139e+03
Var    Value     Gradient |Var    Value     Gradient |Var    Value     Gradient
  1  1.49802  4.08185e+01 |  2  0.22605 -1.33677e+02 |  3 -0.12334 -2.96335e+01
  4  0.37317  8.47110e+01 |  5  0.27223  6.91256e+01 |  6  0.25039  3.94077e+01
  7  0.15690  1.89659e+00 |  8  0.02359 -4.96196e+01 |  9 -0.00677 -9.43140e+01
 10  0.09155  1.64752e+01 | 11  0.16282  1.91661e+01 | 12  0.10974  3.08883e+01
 13  0.07093 -3.14097e+01 | 14  0.04556 -5.66301e+00 | 15  0.05174 -7.38977e+00
 16  0.05982 -2.49594e+01 | 17  0.00502 -5.12564e+00 | 18 -0.07654 -3.81481e+01
 19 -0.03918 -2.77957e+01 | 20 -0.03223 -4.42425e+00 | 21 -0.03398 -2.28179e+02
 22 -0.03189 -2.37004e+02 | 23  0.00018  5.73881e+01 | 24 -0.02401 -5.61442e+01
 25 -0.01685  2.01627e+02 | 26 -0.02227 -1.88737e+01 | 27  0.00338 -2.81884e+00
 28 -0.02373 -1.64142e+00 | 29 -0.02570 -1.23769e+02 | 30 -0.03296  1.46157e+01
 31 -0.03186 -1.59725e+02 | 32 -0.13520 -2.22316e+02 | 33 -0.01051 -8.73179e+00
 34 -0.00605  4.09000e+01 | 35  0.08191  2.62410e+02 | 36 -0.04178 -1.01837e+02
 37 -0.05692  1.28912e+01 | 38 -0.06985  3.33485e+01 | 39 -0.16502 -4.07251e+01
 40  0.18326 -3.51394e+03 | 41  0.20302  1.87810e+03 | 42  0.21933  5.74670e+02
 43  0.19340  8.85271e+02 | 44 -1.23256  6.91136e-03 | 45 -0.00001  7.88568e-04
 46 -0.01234 -6.10681e-05 | 47 -0.80251 -9.79193e-03 | 48 -1.40109  5.37918e+02
 49 -0.52172  4.91611e+02 | 50 -1.14419  1.86934e+01 | 51 -0.70515  9.00355e+00
 52 -0.41636  6.28348e+01 | 53  0.14320  7.34456e+00 |
53 variables; iteration 40; function evaluation 66; phase 2
Function value 2.6105841e+02; maximum gradient component mag -3.8553e+03
Var    Value     Gradient |Var    Value     Gradient |Var    Value     Gradient
  1  1.32342  8.87527e+00 |  2  0.22633 -1.40816e+03 |  3 -0.06722 -1.89548e+01
  4  0.29577  6.07776e+01 |  5  0.22159  6.05365e+01 |  6  0.22334  3.75884e+01
  7  0.14142  1.28583e+01 |  8  0.01963 -2.75303e+01 |  9 -0.00168 -7.30462e+01
 10  0.10834  3.15926e+01 | 11  0.19571  4.26964e+01 | 12  0.13891  4.49803e+01
 13  0.10702  8.89128e+00 | 14  0.06917  1.18273e+01 | 15  0.09137  4.44291e+01
 16  0.06839 -8.04232e+00 | 17 -0.01294 -2.59975e+01 | 18 -0.10282 -6.06411e+01
 19 -0.03066 -2.32276e+00 | 20 -0.03258  1.10172e+01 | 21 -0.00981 -1.79119e+02
 22 -0.00822 -1.84471e+02 | 23 -0.02445  1.22130e+01 | 24 -0.03554 -7.18998e+01
 25 -0.06087  1.08091e+02 | 26 -0.02352  5.15304e+00 | 27  0.01082  2.10259e+01
 28 -0.03678 -3.43897e+01 | 29 -0.01956 -1.09005e+02 | 30 -0.03379  8.04397e+00
 31 -0.01982 -1.41201e+02 | 32 -0.14557 -2.50321e+02 | 33 -0.00551 -4.70325e-01
 34 -0.01202  1.11736e+01 | 35  0.07473  2.12007e+02 | 36 -0.04757 -1.17661e+02
 37 -0.08067 -5.82140e+01 | 38 -0.11155 -9.94273e+01 | 39 -0.19319 -7.14383e+01
 40  0.18260 -3.85532e+03 | 41  0.19864  8.72823e+02 | 42  0.22111  4.08177e+02
 43  0.19012  1.83739e+02 | 44 -1.60549 -7.10003e+01 | 45 -0.21096  3.97754e+00
 46 -0.25800  5.47793e-02 | 47 -1.40358 -1.55783e+00 | 48 -1.36647  5.58356e+02
 49 -0.57673  4.93757e+02 | 50 -1.01081  8.42223e+02 | 51 -0.97618  3.82069e+02
 52 -0.37430  4.69751e+01 | 53 -0.47303  5.29115e+00 |
53 variables; iteration 60; function evaluation 98; phase 2
Function value 1.4079953e+02; maximum gradient component mag -1.2841e+03
Var    Value     Gradient |Var    Value     Gradient |Var    Value     Gradient
  1  0.94627  4.42252e-01 |  2  0.20539 -1.28406e+03 |  3  0.04223  2.50177e+01
  4  0.09661  1.02237e+01 |  5  0.04235  1.79472e+01 |  6  0.07620 -2.35179e+01
  7  0.07723  6.41366e+01 |  8 -0.03660 -2.82912e+01 |  9  0.00901  3.27386e+01
 10  0.01520 -6.15334e+00 | 11  0.10788  6.71707e+01 | 12  0.00692 -1.93833e+01
 13  0.03010  1.12498e+01 | 14 -0.01987 -2.61022e+01 | 15 -0.00222  2.85289e+00
 16  0.03276 -2.60922e+01 | 17 -0.00535  1.51908e+01 | 18 -0.08178 -2.16787e+01
 19 -0.02084 -3.17303e+01 | 20 -0.05507 -6.10052e+01 | 21  0.09834  3.75798e+01
 22  0.07937 -2.29790e+01 | 23 -0.00334  2.26861e+01 | 24  0.00352 -5.54461e+00
 25 -0.13056 -5.64757e+01 | 26 -0.02430 -1.39161e+01 | 27  0.00374  1.91098e+01
 28 -0.01743 -2.28674e+01 | 29  0.03290 -2.70329e+01 | 30 -0.03525 -3.18062e+01
 31  0.04802  5.38700e+00 | 32 -0.02562  7.88043e+00 | 33  0.01478 -2.32768e+00
 34  0.01321 -1.13113e+01 | 35  0.05518 -1.38178e+01 | 36  0.02114  2.58453e+01
 37 -0.02979  1.51268e+01 | 38 -0.03624  2.40524e+01 | 39 -0.12957 -6.25429e+01
 40  0.20076 -1.10740e+03 | 41  0.19241 -5.81464e+02 | 42  0.21761 -2.37100e+02
 43  0.18421 -3.39720e+02 | 44 -1.38293 -5.44232e-01 | 45  0.97173  4.00910e-02
 46 -1.21740 -3.08457e-02 | 47 -1.46616 -2.74286e+00 | 48 -1.23147  4.12486e+02
 49 -0.76171  4.00403e+02 | 50 -1.04912  2.39432e+01 | 51 -0.91463  1.37161e+01
 52 -0.37208  5.21872e+01 | 53 -2.07482 -4.29179e+00 |
Maximum number of function evaluations exceeded

 - final statistics:
53 variables; iteration 63; function evaluation 100
Function value 1.2546e+02; maximum gradient component mag -5.9671e+02
Exit code = 3;  converg criter 1.0000e+01
Var    Value     Gradient |Var    Value     Gradient |Var    Value     Gradient
  1  0.95472  7.75230e-01 |  2  0.18708 -8.53554e+01 |  3 -0.12233 -1.93446e+01
  4  0.05007  1.19562e+01 |  5  0.00882  1.25666e+01 |  6  0.06959  3.58169e+00
  7  0.03734 -2.76932e+00 |  8 -0.01909  1.38496e+01 |  9 -0.00624  3.13307e+00
 10  0.00625 -1.50649e+00 | 11  0.06352 -5.18408e+00 | 12  0.01765  1.86980e+00
 13  0.03593 -3.70479e+00 | 14  0.00732  3.19469e+00 | 15  0.01320  2.32197e+00
 16  0.04780 -8.89422e+00 | 17 -0.01126 -8.10802e+00 | 18 -0.06921 -3.15155e+00
 19 -0.00768 -6.70837e-01 | 20 -0.03020  8.69233e+00 | 21  0.07436 -7.60476e+00
 22  0.08180  6.00013e+00 | 23 -0.02469 -4.34659e+00 | 24 -0.00048 -1.12570e+00
 25 -0.09991  4.60593e+00 | 26 -0.01956 -4.57426e+00 | 27 -0.00658  1.64254e+00
 28 -0.01688 -6.53823e+00 | 29  0.03464 -8.69257e+00 | 30 -0.02629  5.72628e+00
 31  0.04071  1.01752e+01 | 32 -0.03492  1.14329e+01 | 33  0.00933 -1.13771e-01
 34  0.00857 -3.10064e+00 | 35  0.04855 -6.63495e+00 | 36  0.00527 -3.03575e-01
 37 -0.04344 -6.16771e+00 | 38 -0.04427 -1.52247e+01 | 39 -0.07154  3.09907e+01
 40  0.21504 -3.09321e+02 | 41  0.20725  2.63574e+01 | 42  0.23309 -5.13705e+01
 43  0.19760  4.90062e+01 | 44 -1.31489 -1.48372e-03 | 45  1.89293 -3.19689e-03
 46 -1.02324  3.36276e-02 | 47 -1.41841 -8.48283e-01 | 48 -1.19347 -5.57079e+02
 49 -0.81919 -5.96709e+02 | 50 -1.06650  2.26061e+02 | 51 -0.88609  1.31715e+02
 52 -0.38967  1.24243e+01 | 53 -2.18830 -1.08389e+00 |

Initial statistics: 55 variables; iteration 0; function evaluation 0; phase 3
Function value 1.2546081e+02; maximum gradient component mag -7.2436e+02
Var    Value     Gradient |Var    Value     Gradient |Var    Value     Gradient
  1  0.95472  7.75230e-01 |  2  0.18708 -8.53554e+01 |  3 -0.12233 -1.93446e+01
  4  0.05007  1.19562e+01 |  5  0.00882  1.25666e+01 |  6  0.06959  3.58169e+00
  7  0.03733 -2.93139e+00 |  8 -0.01909  1.36873e+01 |  9 -0.00624  2.97073e+00
 10  0.00625 -1.66882e+00 | 11  0.06352 -5.34562e+00 | 12  0.01765  1.70752e+00
 13  0.03593 -3.86688e+00 | 14  0.00732  3.03236e+00 | 15  0.01319  2.15966e+00
 16  0.04780 -9.05611e+00 | 17 -0.01127 -8.27034e+00 | 18 -0.06921 -3.31293e+00
 19 -0.00768 -8.33169e-01 | 20 -0.03021  8.53017e+00 | 21  0.07435 -7.76600e+00
 22  0.08180  5.83913e+00 | 23 -0.02469 -4.50881e+00 | 24 -0.00049 -1.28805e+00
 25 -0.09992  4.44558e+00 | 26 -0.01957 -4.73652e+00 | 27 -0.00658  1.48020e+00
 28 -0.01689 -6.70051e+00 | 29  0.03464 -8.85467e+00 | 30 -0.02629  5.56407e+00
 31  0.04071  1.00132e+01 | 32 -0.03492  1.12708e+01 | 33  0.00932 -2.76097e-01
 34  0.00857 -3.26297e+00 | 35  0.04855 -6.79683e+00 | 36  0.00526 -4.65914e-01
 37 -0.04345 -6.32967e+00 | 38 -0.04427 -1.53866e+01 | 39 -0.07154  3.08293e+01
 40  0.21504 -3.09321e+02 | 41  0.20725  2.63574e+01 | 42  0.23309 -5.13705e+01
 43  0.19760  4.90062e+01 | 44 -0.68511  1.48372e-03 | 45  0.10707  3.19689e-03
 46 -0.97676 -3.36276e-02 | 47 -0.58159  8.48283e-01 | 48 -0.80653  5.57079e+02
 49 -0.81919 -5.96709e+02 | 50 -0.93350 -2.26061e+02 | 51 -0.88609  1.31715e+02
 52 -0.38967  1.24243e+01 | 53  0.18830  1.08389e+00 | 54 -0.17585 -7.24363e+02
 55 -0.12819 -3.72144e+02 |

Intermediate statistics: 55 variables; iteration 20; function evaluation 25; phase 3
Function value 1.0362526e+02; maximum gradient component mag -9.1252e+02
Var    Value     Gradient |Var    Value     Gradient |Var    Value     Gradient
  1  0.91657  4.49506e+00 |  2  0.16512 -9.12518e+02 |  3 -0.04219  5.78630e+00
  4  0.03825  6.46065e-01 |  5 -0.00897  1.31748e+00 |  6  0.05189  1.07606e+00
  7  0.01609  6.43912e+00 |  8 -0.04763  4.19570e+00 |  9 -0.01825  8.73753e+00
 10 -0.00116  6.44794e+00 | 11  0.06880  3.06295e+00 | 12  0.02899  5.13730e+00
 13  0.05823  1.37407e+01 | 14  0.01243  5.37944e+00 | 15  0.01181  2.24217e+00
 16  0.06499  7.23535e+00 | 17  0.00968  1.08967e+01 | 18 -0.06655 -6.07934e-01
 19 -0.02621 -2.13350e+01 | 20 -0.03680 -1.19067e+01 | 21  0.04910 -3.25933e+01
 22  0.05721 -2.76521e+01 | 23 -0.04001 -1.89875e+01 | 24 -0.02234 -2.65673e+01
 25 -0.12000 -2.06861e+01 | 26 -0.01898 -5.56125e+00 | 27 -0.02594 -9.57439e+00
 28 -0.03033 -1.72249e+01 | 29  0.03844 -4.93141e+00 | 30 -0.01489  1.57310e+01
 31  0.04954 -2.44329e+01 | 32 -0.03653 -1.22790e+01 | 33  0.03670 -7.19237e+00
 34  0.03097  3.25680e-01 | 35  0.05440 -1.93721e+01 | 36  0.01859  1.28095e+00
 37 -0.02791  2.35071e+00 | 38 -0.03333 -3.75881e+01 | 39 -0.04428  2.77020e+01
 40  0.22762 -6.50668e+02 | 41  0.23282 -5.37859e+02 | 42  0.24937 -2.58494e+02
 43  0.20829  2.45822e+02 | 44 -0.68506 -3.93477e-03 | 45  0.10704  1.22230e-03
 46 -0.97608 -3.43805e-02 | 47 -0.59358  4.30463e-01 | 48 -0.90302 -1.77737e+02
 49 -0.90783  1.86998e+02 | 50 -0.95625  5.71270e+01 | 51 -0.93731 -3.99133e+01
 52 -0.39337  2.23365e+01 | 53  0.18660  2.02378e+00 | 54 -0.13460  2.13500e+02
 55 -0.12407 -4.66164e+02 |
55 variables; iteration 40; function evaluation 55; phase 3
Function value 9.4456675e+01; maximum gradient component mag 1.0765e+03
Var    Value     Gradient |Var    Value     Gradient |Var    Value     Gradient
  1  0.50259  4.73140e+00 |  2  0.15854  2.85394e+02 |  3 -0.08055 -1.84274e+00
  4  0.02703  4.58606e-02 |  5 -0.02310 -7.69521e+00 |  6  0.03834 -3.57003e+00
  7  0.00363 -9.38342e+00 |  8 -0.04646 -4.54897e+00 |  9 -0.00706  7.28470e+00
 10  0.00551 -4.80923e+00 | 11  0.07614 -1.01723e+00 | 12  0.03071 -1.07092e+01
 13  0.05999  4.75095e+00 | 14  0.01264 -2.15601e+00 | 15  0.01160 -4.93547e+00
 16  0.05703 -1.91730e+01 | 17  0.00708 -5.91600e+00 | 18 -0.05754  7.80562e+00
 19 -0.02049 -3.77479e+00 | 20 -0.03625 -9.79825e-01 | 21  0.05442 -3.78034e+00
 22  0.05724 -5.57530e+00 | 23 -0.04143 -8.53781e+00 | 24 -0.01967 -2.38852e+00
 25 -0.11791 -1.44507e+01 | 26 -0.01804 -5.53955e+00 | 27 -0.02672 -1.80144e+01
 28 -0.02458  1.01612e+00 | 29  0.03708 -1.85073e+00 | 30 -0.02170 -4.01404e+00
 31  0.05516  3.56688e+01 | 32 -0.03632  2.98746e+00 | 33  0.03793  2.55683e+01
 34  0.02900  1.26268e+01 | 35  0.05462  1.11092e+01 | 36  0.01920  4.75427e+00
 37 -0.03129 -6.50572e+00 | 38 -0.02583  2.36170e+01 | 39 -0.07850 -1.38360e+01
 40  0.23255 -5.07347e+01 | 41  0.23987  1.95954e+02 | 42  0.25789  4.45374e+01
 43  0.21013 -7.19508e+01 | 44 -0.68099 -4.33329e-03 | 45  0.10537  1.02745e-03
 46 -0.93581 -2.60860e-02 | 47 -1.17286  1.12715e-02 | 48 -0.94642 -1.02869e+03
 49 -0.94880  1.07648e+03 | 50 -0.92943 -4.94785e+01 | 51 -0.89992  3.48129e+01
 52 -0.44395  6.03850e-01 | 53  0.09956  9.21075e-02 | 54 -0.13062 -1.66163e+02
 55 -0.10866 -5.27153e+01 |
55 variables; iteration 60; function evaluation 85; phase 3
Function value 8.9775411e+01; maximum gradient component mag -5.6031e+01
Var    Value     Gradient |Var    Value     Gradient |Var    Value     Gradient
  1  0.35526 -7.30234e-01 |  2  0.15136 -1.31334e+01 |  3 -0.08814 -5.95213e-01
  4  0.02168  4.89040e-01 |  5 -0.02272  3.19639e-01 |  6  0.03154 -6.63631e-01
  7 -0.01025 -8.62900e-01 |  8 -0.06384  7.46757e-01 |  9 -0.03194 -1.29078e+00
 10 -0.01651 -6.34713e-01 | 11  0.06424 -2.83384e-01 | 12  0.03077 -1.23520e-01
 13  0.05772 -2.31272e+00 | 14  0.01103 -4.55490e-01 | 15  0.00850  6.15531e-01
 16  0.06614 -4.79137e-01 | 17  0.01204 -1.52871e+00 | 18 -0.05841  1.06411e+00
 19 -0.01539 -2.21211e+00 | 20 -0.03305 -7.43025e-01 | 21  0.05526 -2.60835e-01
 22  0.05640 -4.32262e+00 | 23 -0.04238 -1.64319e+00 | 24 -0.01941  1.25171e+00
 25 -0.11142  3.11307e-01 | 26 -0.01268  3.06910e-01 | 27 -0.01860  3.21527e-01
 28 -0.02010 -1.06210e+00 | 29  0.04353  1.55194e+00 | 30 -0.01764 -5.67309e-01
 31  0.04981  3.88374e-02 | 32 -0.03520 -3.60557e+00 | 33  0.03189  1.68554e+00
 34  0.02589 -2.39437e+00 | 35  0.05416  7.63426e-01 | 36  0.02241  9.95661e-01
 37 -0.01970  4.09991e-01 | 38 -0.00963 -2.87229e+00 | 39 -0.05442 -7.67355e-01
 40  0.23651 -1.72030e+01 | 41  0.24648  1.95596e+00 | 42  0.26204 -1.75549e+00
 43  0.21342  1.31911e+00 | 44 -0.62570 -8.43064e-03 | 45  0.10315 -5.01405e-04
 46 -0.78541 -8.75965e-03 | 47 -0.69267  3.75711e-03 | 48 -0.95786  5.19879e+01
 49 -0.96083 -5.60306e+01 | 50 -0.93488  1.31021e+01 | 51 -0.91189 -9.72089e+00
 52 -0.51361  1.29354e-02 | 53  0.05832  4.18518e-03 | 54 -0.10715 -1.29211e+01
 55 -0.08571 -8.84262e+00 |
Maximum number of function evaluations exceeded

 - final statistics:
55 variables; iteration 66; function evaluation 100
Function value 8.9700e+01; maximum gradient component mag 3.4019e+01
Exit code = 3;  converg criter 1.0000e+00
Var    Value     Gradient |Var    Value     Gradient |Var    Value     Gradient
  1  0.36867 -3.88192e-01 |  2  0.15192  3.40191e+01 |  3 -0.08589 -1.53553e-02
  4  0.02220  6.38595e-01 |  5 -0.02249  7.15139e-02 |  6  0.03275  2.19503e-01
  7 -0.00842 -4.38779e-01 |  8 -0.06295 -5.96650e-01 |  9 -0.03014 -5.83239e-01
 10 -0.01442 -4.04165e-01 | 11  0.06498 -4.43879e-01 | 12  0.03072 -7.75823e-01
 13  0.05830  9.97737e-02 | 14  0.01096  3.13476e-02 | 15  0.00836 -4.93485e-03
 16  0.06561 -4.77896e-01 | 17  0.01200  9.24835e-02 | 18 -0.05912  4.78581e-02
 19 -0.01475 -1.20778e-01 | 20 -0.03352 -5.28846e-01 | 21  0.05565 -2.56482e-01
 22  0.05797 -3.06316e-01 | 23 -0.04168 -7.31725e-01 | 24 -0.01948 -5.59398e-02
 25 -0.11170 -6.23018e-01 | 26 -0.01332 -2.29859e-01 | 27 -0.01898 -2.29162e-01
 28 -0.01941  4.02165e-01 | 29  0.04278  6.63078e-01 | 30 -0.01847 -2.15771e-01
 31  0.04922  9.92064e-01 | 32 -0.03516 -3.01626e-01 | 33  0.03075 -7.11723e-02
 34  0.02589 -7.76060e-01 | 35  0.05348 -5.57560e-02 | 36  0.02153  2.50218e-01
 37 -0.02088  3.67089e-01 | 38 -0.01067  1.61960e+00 | 39 -0.05551 -9.35307e-01
 40  0.23629  4.81701e+00 | 41  0.24673  3.02145e+00 | 42  0.26168 -6.57455e-01
 43  0.21326 -1.61304e+00 | 44 -0.44299 -6.84454e-02 | 45  0.12310 -4.79783e-03
 46 -0.68687 -5.76197e-03 | 47 -0.70071  6.34654e-06 | 48 -0.95354  2.25644e+00
 49 -0.95675 -2.51485e+00 | 50 -0.93408  4.14887e+00 | 51 -0.91044 -3.09580e+00
 52 -0.51998 -2.33653e-02 | 53  0.08262 -4.43881e-03 | 54 -0.10276 -2.11761e+00
 55 -0.08089  4.33605e+00 |

Initial statistics: 57 variables; iteration 0; function evaluation 0; phase 4
Function value 8.9699681e+01; maximum gradient component mag 1.1384e+02
Var    Value     Gradient |Var    Value     Gradient |Var    Value     Gradient
  1  0.36867 -3.88192e-01 |  2  0.15192  3.40191e+01 |  3 -0.08589 -1.53553e-02
  4  0.02220  6.38595e-01 |  5 -0.02249  7.15139e-02 |  6  0.03275  2.19503e-01
  7 -0.00842 -2.98772e-01 |  8 -0.06295 -4.57315e-01 |  9 -0.03014 -4.43376e-01
 10 -0.01442 -2.64181e-01 | 11  0.06498 -3.04587e-01 | 12  0.03072 -6.35966e-01
 13  0.05830  2.39207e-01 | 14  0.01097  1.71347e-01 | 15  0.00837  1.35073e-01
 16  0.06561 -3.38618e-01 | 17  0.01201  2.32479e-01 | 18 -0.05911  1.87275e-01
 19 -0.01475  1.92041e-02 | 20 -0.03351 -3.89020e-01 | 21  0.05565 -1.16997e-01
 22  0.05797 -1.66876e-01 | 23 -0.04168 -5.92006e-01 | 24 -0.01948  8.40146e-02
 25 -0.11169 -4.85148e-01 | 26 -0.01332 -8.98700e-02 | 27 -0.01898 -8.92041e-02
 28 -0.01941  5.42120e-01 | 29  0.04278  8.02782e-01 | 30 -0.01847 -7.58101e-02
 31  0.04922  1.13167e+00 | 32 -0.03516 -1.61819e-01 | 33  0.03076  6.86844e-02
 34  0.02589 -6.36155e-01 | 35  0.05348  8.37702e-02 | 36  0.02154  3.90158e-01
 37 -0.02087  5.07034e-01 | 38 -0.01067  1.75960e+00 | 39 -0.05551 -7.95819e-01
 40  0.23629  4.81701e+00 | 41  0.24673  3.02145e+00 | 42  0.26168 -6.57455e-01
 43  0.21326 -1.61304e+00 | 44 -0.44299 -6.84454e-02 | 45  0.12310 -4.79783e-03
 46 -0.68687 -5.76197e-03 | 47 -0.70071  6.34654e-06 | 48 -0.95354  2.25644e+00
 49 -0.95675 -2.51485e+00 | 50 -0.93408  4.14887e+00 | 51 -0.91044 -3.09580e+00
 52 -0.51998 -2.33653e-02 | 53  0.08262 -4.43881e-03 | 54 -0.10276 -2.11761e+00
 55 -0.08089  4.33605e+00 | 56 -0.05795  1.13837e+02 | 57 -0.17585 -1.12042e+02

Intermediate statistics: 57 variables; iteration 20; function evaluation 27; phase 4
Function value 8.7767449e+01; maximum gradient component mag -2.0117e+02
Var    Value     Gradient |Var    Value     Gradient |Var    Value     Gradient
  1  0.34648 -3.89790e-02 |  2  0.15018 -6.51275e+01 |  3 -0.08915 -2.05481e-01
  4  0.02087  1.85551e+00 |  5 -0.02359  9.07401e-01 |  6  0.03034  1.80263e-01
  7 -0.01316  6.04037e+00 |  8 -0.06746  6.35506e+00 |  9 -0.03358  6.61420e+00
 10 -0.01921  6.10354e+00 | 11  0.06242  5.14046e+00 | 12  0.03014  5.52290e+00
 13  0.05953  5.32018e+00 | 14  0.01214  5.98846e+00 | 15  0.00926  7.02771e+00
 16  0.06687  1.03010e+00 | 17  0.01295 -1.55709e-01 | 18 -0.05967  5.04275e-01
 19 -0.01735 -6.74058e+00 | 20 -0.03301 -3.34354e+00 | 21  0.05298 -1.48014e+00
 22  0.05643  1.57305e+00 | 23 -0.04260  3.16096e+00 | 24 -0.02148  6.41664e-01
 25 -0.11257  2.05277e+00 | 26 -0.01208  2.04436e+00 | 27 -0.01888  1.55818e+00
 28 -0.02175 -8.87296e+00 | 29  0.04169 -1.80903e+01 | 30 -0.01561 -1.89181e-01
 31  0.05387  9.18722e+00 | 32 -0.03162  1.04193e+01 | 33  0.03431 -7.06716e-01
 34  0.02901  2.02373e+00 | 35  0.05591  7.63116e+00 | 36  0.02287  1.02020e+01
 37 -0.01736  3.08360e+01 | 38 -0.00472  7.02483e+01 | 39 -0.05404  1.85333e+00
 40  0.23662 -1.67895e+02 | 41  0.24595 -1.48037e+02 | 42  0.26272 -1.20615e+01
 43  0.21374  3.02506e+01 | 44 -0.43001 -8.29079e-01 | 45  0.12413 -5.87037e-02
 46 -0.68676 -5.76216e-03 | 47 -0.70070 -2.04365e-04 | 48 -0.86240  1.84756e+02
 49 -0.87353 -2.01175e+02 | 50 -0.93423 -1.38847e+01 | 51 -0.91152  1.02681e+01
 52 -0.51968  2.55097e-01 | 53  0.08267  6.29148e-02 | 54 -0.11681  4.75170e+01
 55 -0.08482 -3.76315e+01 | 56 -0.07155  6.22745e+01 | 57 -0.15986 -1.38925e+01
57 variables; iteration 40; function evaluation 50; phase 4
Function value 8.7190568e+01; maximum gradient component mag -1.7876e+02
Var    Value     Gradient |Var    Value     Gradient |Var    Value     Gradient
  1  0.36429  1.84800e+00 |  2  0.15051 -8.17980e+01 |  3 -0.08953 -1.39284e-01
  4  0.01675 -3.69669e+00 |  5 -0.02436  1.20530e+00 |  6  0.03041 -7.42743e-01
  7 -0.01059  7.77330e+00 |  8 -0.06861  7.52662e-01 |  9 -0.03350  5.70818e+00
 10 -0.02248 -1.37544e+00 | 11  0.06358  4.77077e+00 | 12  0.02977  1.72344e+00
 13  0.06092  7.55138e+00 | 14  0.01314  7.28594e+00 | 15  0.00943  4.00020e+00
 16  0.06730  2.81807e+00 | 17  0.01127 -3.08658e+00 | 18 -0.05868  3.95263e+00
 19 -0.01733 -2.60566e+00 | 20 -0.03325 -1.04443e+00 | 21  0.05207 -2.29420e+00
 22  0.05535 -1.14447e+00 | 23 -0.03952  9.29853e+00 | 24 -0.02210 -5.86842e-01
 25 -0.11801 -1.09578e+01 | 26 -0.01194  2.41056e+00 | 27 -0.01672  7.68824e+00
 28 -0.02289 -9.08667e+00 | 29  0.04109 -1.24397e+01 | 30 -0.01491 -1.07025e-01
 31  0.05278 -6.02155e-01 | 32 -0.03281  2.55897e+00 | 33  0.03489 -4.24664e+00
 34  0.02991 -2.49554e-01 | 35  0.05550  1.73880e+00 | 36  0.02238  1.09984e+00
 37 -0.01916  1.02657e+01 | 38 -0.00597  3.00983e+01 | 39 -0.04967 -9.82853e-01
 40  0.23695 -5.77709e+01 | 41  0.24575 -1.65599e+02 | 42  0.26277 -4.56680e+00
 43  0.21337  1.16243e+01 | 44 -0.41328  7.31873e-01 | 45  0.13534  4.32775e-02
 46 -0.68285 -5.67781e-03 | 47 -0.70048 -2.37530e-04 | 48 -0.84424  1.64163e+02
 49 -0.85682 -1.78757e+02 | 50 -0.95900  5.70373e+01 | 51 -0.94516 -4.26999e+01
 52 -0.51023  1.08766e-01 | 53  0.08431  2.61349e-02 | 54 -0.18557  5.71707e+01
 55 -0.08308 -3.44892e+01 | 56 -0.01584  2.93494e+01 | 57 -0.08718  3.00468e+01
57 variables; iteration 60; function evaluation 81; phase 4
Function value 8.6542725e+01; maximum gradient component mag -9.9151e+01
Var    Value     Gradient |Var    Value     Gradient |Var    Value     Gradient
  1  0.34513  4.61822e-01 |  2  0.15001 -9.91514e+01 |  3 -0.08913  7.81065e-02
  4  0.01959 -5.14481e-02 |  5 -0.02426  1.60784e-01 |  6  0.02986 -2.36823e-01
  7 -0.01368  1.78416e+00 |  8 -0.06800  1.41574e+00 |  9 -0.03406  1.46827e+00
 10 -0.01944  1.30825e+00 | 11  0.06302  1.49541e+00 | 12  0.03064  1.45248e+00
 13  0.05911  7.19048e-01 | 14  0.01065  8.13251e-01 | 15  0.00681  1.09313e+00
 16  0.06674 -7.97771e-01 | 17  0.01330 -1.38578e-01 | 18 -0.05994  3.55321e-01
 19 -0.01729  2.87291e-01 | 20 -0.03253 -3.29215e-01 | 21  0.05153 -4.12519e-01
 22  0.05432 -4.44939e-01 | 23 -0.04409  8.15424e-01 | 24 -0.02378  8.63745e-02
 25 -0.11377  1.36378e-01 | 26 -0.01203  1.41094e+00 | 27 -0.01922  1.02637e+00
 28 -0.02187 -1.17607e+00 | 29  0.04238 -1.65846e+00 | 30 -0.01428 -5.65464e-01
 31  0.05291 -9.44461e-01 | 32 -0.03270  1.97460e-01 | 33  0.03620 -6.58863e-01
 34  0.03031 -4.97116e-01 | 35  0.05529 -9.40191e-02 | 36  0.02371 -8.29613e-01
 37 -0.01809 -1.94554e+00 | 38 -0.00629 -3.89163e+00 | 39 -0.04617  2.43286e-01
 40  0.23814 -9.06297e+01 | 41  0.24573 -1.48735e+01 | 42  0.26323 -1.99914e-02
 43  0.21336  6.18689e-01 | 44 -0.41630 -1.53903e-01 | 45  0.13416 -8.47654e-03
 46 -0.60288 -4.26150e-03 | 47 -0.70086  1.37515e-04 | 48 -0.74572  6.06538e+01
 49 -0.76564 -6.59612e+01 | 50 -0.93986 -9.67171e+00 | 51 -0.91933  7.15733e+00
 52 -0.40524  2.28588e+00 | 53  0.12715  2.48648e-01 | 54 -0.12117  8.79005e+00
 55 -0.11376 -7.73653e+00 | 56 -0.13247  1.99800e+00 | 57 -0.17875  6.63813e+00
57 variables; iteration 80; function evaluation 103; phase 4
Function value 8.6473988e+01; maximum gradient component mag 5.1070e+00
Var    Value     Gradient |Var    Value     Gradient |Var    Value     Gradient
  1  0.35051 -7.27505e-03 |  2  0.15041  5.10698e+00 |  3 -0.08830  3.89469e-03
  4  0.02056 -4.62675e-02 |  5 -0.02355  1.10152e-02 |  6  0.03078 -4.68962e-02
  7 -0.01222  2.05573e-02 |  8 -0.06638 -8.41700e-02 |  9 -0.03279 -7.85515e-02
 10 -0.01795 -1.09669e-01 | 11  0.06350 -3.64050e-02 | 12  0.03077 -1.62411e-02
 13  0.05890 -6.46344e-02 | 14  0.01056 -2.84426e-03 | 15  0.00693 -6.72740e-02
 16  0.06653 -8.69131e-02 | 17  0.01293 -1.25334e-02 | 18 -0.05997 -7.57963e-02
 19 -0.01751 -1.33255e-02 | 20 -0.03272 -5.18603e-02 | 21  0.05151  3.57404e-02
 22  0.05432 -1.84315e-02 | 23 -0.04413  4.11584e-02 | 24 -0.02383  4.18065e-03
 25 -0.11361 -1.54727e-01 | 26 -0.01237 -1.61016e-03 | 27 -0.01938  3.01117e-02
 28 -0.02210 -1.14531e-01 | 29  0.04203  2.39323e-02 | 30 -0.01452 -3.56133e-02
 31  0.05268  1.77085e-02 | 32 -0.03293 -4.14780e-03 | 33  0.03606 -7.05597e-02
 34  0.03016 -4.44426e-02 | 35  0.05505  3.30334e-03 | 36  0.02338  6.27563e-02
 37 -0.01859  3.36449e-01 | 38 -0.00755  1.06106e+00 | 39 -0.04705  6.68107e-02
 40  0.23813  4.09684e-01 | 41  0.24549  1.07589e+00 | 42  0.26298 -1.08357e-01
 43  0.21326  8.41959e-02 | 44 -0.41602  7.05076e-02 | 45  0.09048  5.03285e-03
 46 -0.20659 -8.92817e-04 | 47 -0.71008 -9.01970e-05 | 48 -0.66387 -1.83213e+00
 49 -0.68866  1.99405e+00 | 50 -0.85693  1.20910e+00 | 51 -0.80748 -9.15632e-01
 52 -0.42054 -2.53503e-03 | 53  0.20564  1.03970e-03 | 54 -0.09227  5.12895e-02
 55 -0.15870 -5.34961e-01 | 56 -0.23455  6.37888e-01 | 57 -0.24777 -5.86744e-01
57 variables; iteration 100; function evaluation 142; phase 4
Function value 8.6462861e+01; maximum gradient component mag -1.1529e+02
Var    Value     Gradient |Var    Value     Gradient |Var    Value     Gradient
  1  0.35140  2.91185e-01 |  2  0.15045 -7.56880e+01 |  3 -0.08810  9.64376e-02
  4  0.02052 -9.65065e-02 |  5 -0.02344  1.86693e-01 |  6  0.03076 -1.32207e-01
  7 -0.01198  1.60030e+00 |  8 -0.06630  1.07435e+00 |  9 -0.03276  1.16637e+00
 10 -0.01799  9.56064e-01 | 11  0.06363  1.28599e+00 | 12  0.03097  1.25096e+00
 13  0.05888  2.63321e-01 | 14  0.01066  3.06800e-01 | 15  0.00698  5.69694e-01
 16  0.06640 -1.39343e+00 | 17  0.01295 -8.87455e-01 | 18 -0.06000 -5.85270e-02
 19 -0.01756  2.27178e-02 | 20 -0.03271 -9.91677e-01 | 21  0.05149 -9.14765e-01
 22  0.05427 -9.55971e-01 | 23 -0.04387  4.63076e-01 | 24 -0.02380 -2.19545e-01
 25 -0.11377 -4.17415e-01 | 26 -0.01229  1.04919e+00 | 27 -0.01928  7.46664e-01
 28 -0.02236 -1.72120e+00 | 29  0.04206 -2.27678e+00 | 30 -0.01454 -1.24161e+00
 31  0.05268 -1.31482e+00 | 32 -0.03290 -2.69892e-01 | 33  0.03593 -1.50087e+00
 34  0.03008 -9.75160e-01 | 35  0.05506 -1.52013e-02 | 36  0.02328 -5.45707e-02
 37 -0.01871  7.99086e-01 | 38 -0.00761  5.04141e+00 | 39 -0.04715  1.51210e+00
 40  0.23802 -1.15293e+02 | 41  0.24548 -8.65298e+00 | 42  0.26293 -5.87595e-01
 43  0.21325  5.54249e-01 | 44 -0.39009  3.70841e-01 | 45 -0.32221  1.80285e-02
 46  0.57785  4.13767e-03 | 47 -0.73121 -6.11388e-04 | 48 -0.71750 -1.18708e+01
 49 -0.73798  1.28146e+01 | 50 -0.67721  3.20262e+00 | 51 -0.56423 -3.78695e+00
 52 -0.33040  8.86666e+00 | 53 -0.65770  4.31426e-01 | 54 -0.09293  5.01536e+01
 55 -0.15899 -6.16478e+01 | 56 -0.23393  2.62620e+01 | 57 -0.24727  2.08703e+01
57 variables; iteration 120; function evaluation 163; phase 4
Function value 8.5002813e+01; maximum gradient component mag -1.5317e+02
Var    Value     Gradient |Var    Value     Gradient |Var    Value     Gradient
  1  0.43687 -6.19030e-01 |  2  0.15335  1.01963e+02 |  3 -0.08278  3.32226e-01
  4  0.02310 -1.99745e-01 |  5 -0.02149  1.10126e+00 |  6  0.03391 -1.32688e+00
  7 -0.00445  1.23791e+00 |  8 -0.06148 -2.56339e+00 |  9 -0.02853 -8.10136e-01
 10 -0.01373 -3.07787e+00 | 11  0.06769  4.79657e-01 | 12  0.03243 -3.15019e-02
 13  0.05789 -1.46085e+00 | 14  0.01138 -7.82048e-01 | 15  0.00840 -2.00897e+00
 16  0.06426 -5.91073e+00 | 17  0.01179 -1.05730e+00 | 18 -0.06171 -1.48375e+00
 19 -0.01804  1.45299e+00 | 20 -0.03474 -3.19894e+00 | 21  0.05329  7.34072e-01
 22  0.05599 -2.15816e+00 | 23 -0.04226  1.70690e-01 | 24 -0.02202  4.09952e-01
 25 -0.11660 -4.17931e+00 | 26 -0.01395  2.45510e+00 | 27 -0.01786  3.69063e+00
 28 -0.02377 -3.10060e+00 | 29  0.03965  2.14365e+00 | 30 -0.01677 -1.87237e+00
 31  0.05279 -6.60922e-02 | 32 -0.03411 -7.28172e-01 | 33  0.03594 -3.20111e+00
 34  0.02937 -3.74713e+00 | 35  0.05511 -2.83061e-01 | 36  0.02169  6.57148e-01
 37 -0.02204  7.09774e+00 | 38 -0.01359  2.91533e+01 | 39 -0.05212  1.14297e+00
 40  0.23627 -1.53170e+02 | 41  0.24385  6.33962e+01 | 42  0.26105  1.05452e-01
 43  0.21215  2.38564e+00 | 44 -0.55946 -3.88266e-03 | 45  2.57945  4.06138e-03
 46 -9.73644  1.38398e-03 | 47 -0.77875 -8.66519e-03 | 48 -0.65281  1.23794e+01
 49 -0.67805 -1.34603e+01 | 50 -0.41825 -1.06662e+01 | 51 -0.29074  4.95158e+00
 52 -0.38363  5.61995e+00 | 53  0.01005  5.60619e-01 | 54  0.03428 -3.31744e+01
 55 -0.09457  5.53682e+01 | 56 -0.27727 -3.68930e+01 | 57 -0.33007  6.48412e+00
57 variables; iteration 140; function evaluation 187; phase 4
Function value 8.4123268e+01; maximum gradient component mag -2.1179e+01
Var    Value     Gradient |Var    Value     Gradient |Var    Value     Gradient
  1  0.47612  3.24337e-02 |  2  0.15338 -1.06318e+01 |  3 -0.08413 -7.16789e-02
  4  0.02307 -4.09629e-02 |  5 -0.02253 -1.79972e-01 |  6  0.03394  3.37798e-02
  7 -0.00600 -2.55827e-01 |  8 -0.06056  1.79495e-01 |  9 -0.02761  1.26614e-01
 10 -0.01153  3.20303e-01 | 11  0.06751  2.34553e-01 | 12  0.03301  8.94308e-01
 13  0.06045  4.05809e+00 | 14  0.01114  8.28347e-01 | 15  0.00869  1.85115e-02
 16  0.06502 -2.31679e-01 | 17  0.01106 -7.42865e-01 | 18 -0.06185 -1.73117e-01
 19 -0.01926 -7.00342e-01 | 20 -0.03497 -5.44779e-01 | 21  0.05144 -9.90203e-01
 22  0.05536 -5.75591e-01 | 23 -0.04319 -4.98303e-01 | 24 -0.02249 -5.83702e-01
 25 -0.11444  2.02101e-01 | 26 -0.01470 -3.72595e-01 | 27 -0.02022 -5.48793e-01
 28 -0.02419 -3.25969e-01 | 29  0.03928 -9.66221e-01 | 30 -0.01654 -1.94074e-01
 31  0.05234 -1.32780e-01 | 32 -0.03475 -3.23544e-01 | 33  0.03597  4.05790e-01
 34  0.02993  2.07827e-01 | 35  0.05491  1.96455e-02 | 36  0.02200 -8.55176e-02
 37 -0.02162 -7.52965e-01 | 38 -0.01372 -1.48598e+00 | 39 -0.05081  5.32731e-01
 40  0.23705 -2.11788e+01 | 41  0.24381  2.63079e+00 | 42  0.26142  1.96942e-02
 43  0.21207 -5.42573e-01 | 44 -0.75368 -8.22472e-03 | 45  5.79140 -8.32397e-04
 46 -19.96025  6.43581e-04 | 47 -1.29819 -8.67976e-03 | 48 -0.57102 -1.05986e+01
 49 -0.60217  1.10300e+01 | 50 -0.31179 -1.47878e+00 | 51 -0.22897  5.17131e-01
 52 -0.39740  7.78690e-01 | 53  0.17009  7.58235e-02 | 54  0.10274  1.12159e+00
 55 -0.11152  4.58436e+00 | 56 -0.37404 -5.11494e+00 | 57 -0.42935  5.68275e+00
57 variables; iteration 160; function evaluation 208; phase 4
Function value 8.4056445e+01; maximum gradient component mag 3.7511e+01
Var    Value     Gradient |Var    Value     Gradient |Var    Value     Gradient
  1  0.51244 -3.91105e-02 |  2  0.15483  3.75111e+01 |  3 -0.08295 -1.49290e-02
  4  0.02333  1.45681e-01 |  5 -0.02231  9.68386e-02 |  6  0.03484  6.96440e-02
  7 -0.00392 -5.70797e-01 |  8 -0.05892 -4.84118e-01 |  9 -0.02651 -4.88400e-01
 10 -0.01018 -5.43077e-01 | 11  0.06787 -6.47003e-01 | 12  0.03243 -8.05839e-01
 13  0.05892 -1.54385e+00 | 14  0.01118 -7.06281e-01 | 15  0.00936 -4.37127e-01
 16  0.06407 -2.26268e-01 | 17  0.00979 -1.46837e-01 | 18 -0.06256 -2.41252e-01
 19 -0.01970 -3.09998e-01 | 20 -0.03550 -1.45145e-01 | 21  0.05179 -3.20790e-01
 22  0.05601 -3.94520e-01 | 23 -0.04158 -4.13520e-01 | 24 -0.02170 -3.87350e-01
 25 -0.11482 -2.85724e-01 | 26 -0.01537 -3.13600e-01 | 27 -0.02023 -3.26214e-01
 28 -0.02508 -2.33730e-01 | 29  0.03827 -5.18921e-03 | 30 -0.01746 -1.05908e-01
 31  0.05233 -1.36800e-01 | 32 -0.03485 -2.31731e-01 | 33  0.03554 -2.08402e-01
 34  0.02975 -2.14876e-01 | 35  0.05560 -1.11651e-02 | 36  0.02168  8.14781e-01
 37 -0.02277  2.52717e+00 | 38 -0.01394  7.18607e+00 | 39 -0.04980  3.08413e-01
 40  0.23488  1.48364e+01 | 41  0.24256 -8.45042e-01 | 42  0.26002 -1.20296e-01
 43  0.21128  1.56520e-01 | 44 -0.81748 -1.06459e-02 | 45  6.25845  1.35480e-03
 46 -20.73210 -6.97129e-03 | 47 -1.24088  7.88487e-03 | 48 -0.49726  3.46647e-01
 49 -0.53899 -1.22588e+00 | 50 -0.29932 -9.22314e-01 | 51 -0.21801  8.75870e-01
 52 -0.43455 -3.21919e-02 | 53 -0.41969 -8.22943e-03 | 54  0.08632 -1.39973e+00
 55 -0.11930  1.77895e+00 | 56 -0.36793 -3.12060e-01 | 57 -0.41745 -8.29107e-01
57 variables; iteration 180; function evaluation 231; phase 4
Function value 8.4046212e+01; maximum gradient component mag -5.1228e+00
Var    Value     Gradient |Var    Value     Gradient |Var    Value     Gradient
  1  0.51193 -1.04648e-02 |  2  0.15477  3.41978e+00 |  3 -0.08306  4.50384e-04
  4  0.02313 -1.49312e-02 |  5 -0.02247 -5.91389e-03 |  6  0.03467 -1.50583e-02
  7 -0.00407 -4.31460e-02 |  8 -0.05903 -5.05572e-02 |  9 -0.02650 -5.64669e-02
 10 -0.01003 -5.20605e-02 | 11  0.06830 -4.23508e-02 | 12  0.03315 -2.23733e-02
 13  0.05999  3.80393e-02 | 14  0.01132  1.51547e-02 | 15  0.00931 -3.38232e-02
 16  0.06405  3.29052e-02 | 17  0.00983  2.42981e-02 | 18 -0.06277 -2.20299e-02
 19 -0.01975 -2.80870e-02 | 20 -0.03552  1.96875e-02 | 21  0.05180  2.99987e-02
 22  0.05591  2.12133e-02 | 23 -0.04192 -3.76132e-03 | 24 -0.02195 -7.32057e-03
 25 -0.11489 -3.84476e-02 | 26 -0.01543 -5.23802e-02 | 27 -0.02041 -2.72217e-02
 28 -0.02504  1.53474e-02 | 29  0.03836  4.56017e-02 | 30 -0.01745  1.91930e-02
 31  0.05219  1.45424e-02 | 32 -0.03494  5.68951e-03 | 33  0.03552 -2.64286e-02
 34  0.02971 -4.95281e-03 | 35  0.05524 -1.51463e-02 | 36  0.02146  2.36074e-02
 37 -0.02264  1.06513e-01 | 38 -0.01408  2.06733e-01 | 39 -0.05004 -3.62176e-02
 40  0.23566  4.52031e+00 | 41  0.24265 -9.29952e-01 | 42  0.26014 -5.15980e-02
 43  0.21134  7.17670e-03 | 44 -0.76753 -8.56953e-03 | 45  5.75468 -1.10869e-03
 46 -19.75900  1.36479e-03 | 47 -1.27408  2.63750e-03 | 48 -0.49954 -1.07847e+00
 49 -0.54066  1.14122e+00 | 50 -0.29589  3.83376e-01 | 51 -0.21696 -3.01996e-01
 52 -0.41826 -1.04013e-01 | 53  0.11528 -1.18750e-02 | 54  0.05104  4.38185e+00
 55 -0.16801 -5.12281e+00 | 56 -0.41530  1.82862e+00 | 57 -0.42233  1.64548e+00
57 variables; iteration 200; function evaluation 252; phase 4
Function value 8.4045500e+01; maximum gradient component mag -4.4897e-01
Var    Value     Gradient |Var    Value     Gradient |Var    Value     Gradient
  1  0.51133  2.81012e-03 |  2  0.15475 -4.48967e-01 |  3 -0.08309 -8.74144e-04
  4  0.02312  3.59706e-04 |  5 -0.02247 -1.64388e-03 |  6  0.03466  6.70891e-04
  7 -0.00412  3.15865e-03 |  8 -0.05908  5.96143e-03 |  9 -0.02656  6.42371e-03
 10 -0.01012  7.70541e-03 | 11  0.06819  4.67210e-03 | 12  0.03299  2.31496e-03
 13  0.05976 -3.30822e-03 | 14  0.01123 -1.12300e-03 | 15  0.00922  4.58123e-03
 16  0.06408  3.13940e-05 | 17  0.00988 -1.66873e-03 | 18 -0.06277  2.53040e-03
 19 -0.01971  4.22936e-03 | 20 -0.03548  6.60112e-04 | 21  0.05184  8.50871e-04
 22  0.05593  1.71294e-03 | 23 -0.04193  6.07145e-04 | 24 -0.02196  2.30083e-03
 25 -0.11486  6.80346e-03 | 26 -0.01540  2.31385e-03 | 27 -0.02040  1.91217e-03
 28 -0.02499  5.26075e-03 | 29  0.03841 -5.22448e-03 | 30 -0.01742 -4.78604e-03
 31  0.05221 -8.00675e-03 | 32 -0.03491 -2.22890e-03 | 33  0.03557 -1.09598e-03
 34  0.02976 -1.65699e-03 | 35  0.05524 -1.00548e-03 | 36  0.02149 -2.26868e-03
 37 -0.02256 -1.23411e-02 | 38 -0.01396 -3.37282e-02 | 39 -0.04989 -1.94666e-03
 40  0.23576 -2.89824e-01 | 41  0.24266 -2.97188e-02 | 42  0.26014  6.17777e-03
 43  0.21134 -4.23368e-03 | 44 -0.76445 -8.22776e-03 | 45  5.90795 -3.85740e-04
 46 -20.07276 -1.74853e-04 | 47 -1.28947 -1.70854e-04 | 48 -0.49852  8.71420e-03
 49 -0.53993 -7.51465e-03 | 50 -0.29716 -4.68345e-02 | 51 -0.21756  4.05736e-02
 52 -0.41664  9.15980e-04 | 53  0.15417  1.15911e-03 | 54  0.05283  2.52243e-01
 55 -0.16574  1.62489e-02 | 56 -0.41326 -2.46756e-01 | 57 -0.42231  4.38488e-01
57 variables; iteration 220; function evaluation 272; phase 4
Function value 8.4045039e+01; maximum gradient component mag -3.2006e+00
Var    Value     Gradient |Var    Value     Gradient |Var    Value     Gradient
  1  0.51152  8.68090e-03 |  2  0.15475 -3.20064e+00 |  3 -0.08309 -4.62751e-04
  4  0.02312  1.91426e-03 |  5 -0.02248 -4.92560e-03 |  6  0.03466  2.88842e-03
  7 -0.00412  3.65267e-02 |  8 -0.05907  4.63185e-02 |  9 -0.02654  4.55904e-02
 10 -0.01009  5.22741e-02 | 11  0.06821  4.21095e-02 | 12  0.03301  3.93608e-02
 13  0.05980  4.39685e-02 | 14  0.01124  1.49555e-02 | 15  0.00924  3.28804e-02
 16  0.06408 -3.51889e-03 | 17  0.00986 -1.70919e-02 | 18 -0.06277  1.56719e-02
 19 -0.01972  9.25750e-03 | 20 -0.03549 -8.43599e-03 | 21  0.05183 -1.27873e-02
 22  0.05593  1.20467e-03 | 23 -0.04193  9.38551e-03 | 24 -0.02195  8.81901e-03
 25 -0.11485  3.11337e-02 | 26 -0.01541  2.35029e-02 | 27 -0.02040  1.31668e-02
 28 -0.02499  4.09747e-03 | 29  0.03840 -4.36072e-02 | 30 -0.01743 -2.01065e-02
 31  0.05220 -3.62832e-02 | 32 -0.03491 -7.07850e-03 | 33  0.03556 -1.94399e-02
 34  0.02974 -1.09277e-02 | 35  0.05524 -3.80808e-03 | 36  0.02148 -2.75077e-02
 37 -0.02257 -9.80292e-02 | 38 -0.01398 -2.43561e-01 | 39 -0.04991  3.13117e-03
 40  0.23575 -2.53226e+00 | 41  0.24265 -4.31590e-01 | 42  0.26014  1.59567e-02
 43  0.21134 -1.93192e-02 | 44 -0.69664 -6.12602e-03 | 45  6.19846  1.03481e-03
 46 -19.90098  6.55032e-04 | 47 -1.28220  9.43235e-04 | 48 -0.49840  1.63891e-01
 49 -0.53984 -1.73170e-01 | 50 -0.29691  1.10357e-02 | 51 -0.21743  1.92049e-04
 52 -0.39526  5.59899e-02 | 53 -0.02981  6.61459e-03 | 54  0.07238  2.30296e-01
 55 -0.14530 -6.79737e-01 | 56 -0.39903  5.55688e-01 | 57 -0.42635 -3.61162e-01
57 variables; iteration 240; function evaluation 305; phase 4
Function value 8.4026046e+01; maximum gradient component mag -8.8508e+00
Var    Value     Gradient |Var    Value     Gradient |Var    Value     Gradient
  1  0.50146 -1.63156e-02 |  2  0.15416  5.42581e+00 |  3 -0.08452  5.92930e-03
  4  0.02236  2.78983e-02 |  5 -0.02314  2.87259e-02 |  6  0.03362  1.43790e-02
  7 -0.00583 -5.43840e-02 |  8 -0.06049 -7.75544e-02 |  9 -0.02763 -5.73201e-02
 10 -0.01132 -8.32088e-02 | 11  0.06764 -7.07306e-02 | 12  0.03312 -1.02334e-01
 13  0.06022 -2.29130e-01 | 14  0.01124 -1.03239e-01 | 15  0.00897 -6.68123e-02
 16  0.06435 -7.49665e-02 | 17  0.01028 -2.17082e-02 | 18 -0.06247 -4.21200e-02
 19 -0.01955 -2.45032e-02 | 20 -0.03519 -4.56164e-02 | 21  0.05165 -4.93141e-02
 22  0.05562 -7.45980e-02 | 23 -0.04211 -8.46753e-02 | 24 -0.02222 -8.98437e-02
 25 -0.11450 -1.24319e-01 | 26 -0.01505 -6.98430e-02 | 27 -0.02041 -1.93275e-02
 28 -0.02471 -7.09337e-02 | 29  0.03887 -1.10367e-01 | 30 -0.01703 -2.98938e-02
 31  0.05225  4.79831e-02 | 32 -0.03470 -1.53411e-02 | 33  0.03566  3.52305e-02
 34  0.02994 -7.87555e-04 | 35  0.05521  4.25378e-02 | 36  0.02175  1.42618e-01
 37 -0.02188  3.94370e-01 | 38 -0.01287  1.12859e+00 | 39 -0.04910  9.70613e-02
 40  0.23634 -1.89194e-01 | 41  0.24314  6.97877e-01 | 42  0.26057 -1.41915e-02
 43  0.21157  3.27461e-02 | 44 -0.44320 -3.78642e-02 | 45  4.33559 -4.09317e-04
 46 -19.57579  2.60223e-03 | 47 -1.27289  1.36954e-03 | 48 -0.50314  2.34840e-01
 49 -0.54406 -2.49847e-01 | 50 -0.30178  1.25874e-01 | 51 -0.22179 -1.18652e-01
 52 -0.35113  5.20139e-02 | 53 -0.39272  2.30029e-03 | 54  0.09914  7.29917e+00
 55 -0.11964 -8.85084e+00 | 56 -0.38271  3.62223e+00 | 57 -0.43359  2.32286e+00
57 variables; iteration 260; function evaluation 325; phase 4
Function value 8.4021436e+01; maximum gradient component mag 2.1448e-01
Var    Value     Gradient |Var    Value     Gradient |Var    Value     Gradient
  1  0.49904 -1.73636e-03 |  2  0.15407  2.14483e-01 |  3 -0.08467  4.77834e-04
  4  0.02229  2.25679e-04 |  5 -0.02320  7.89223e-04 |  6  0.03350  3.46914e-06
  7 -0.00604 -1.41444e-03 |  8 -0.06066 -3.05405e-03 |  9 -0.02777 -2.62395e-03
 10 -0.01149 -3.40813e-03 | 11  0.06754 -2.06592e-03 | 12  0.03309 -2.18842e-03
 13  0.06023 -2.51633e-03 | 14  0.01125 -2.17417e-03 | 15  0.00896 -3.07171e-03
 16  0.06442 -4.51792e-03 | 17  0.01035 -2.72456e-03 | 18 -0.06236 -3.09027e-03
 19 -0.01946 -2.94092e-03 | 20 -0.03515 -3.90388e-03 | 21  0.05169 -3.39458e-03
 22  0.05564 -3.46418e-03 | 23 -0.04214 -2.06476e-03 | 24 -0.02217 -2.37491e-03
 25 -0.11444 -3.50648e-03 | 26 -0.01501 -5.68972e-04 | 27 -0.02036 -1.58943e-03
 28 -0.02458 -5.96895e-03 | 29  0.03891  1.13856e-05 | 30 -0.01699  1.82791e-03
 31  0.05227  6.39710e-03 | 32 -0.03466  3.66719e-04 | 33  0.03562  7.77576e-03
 34  0.02992  3.99634e-03 | 35  0.05524  3.43599e-03 | 36  0.02179  2.87271e-03
 37 -0.02184  7.83606e-03 | 38 -0.01280  2.86474e-02 | 39 -0.04930  6.87653e-03
 40  0.23632 -8.80681e-02 | 41  0.24315  1.95008e-01 | 42  0.26064  8.03504e-04
 43  0.21162  1.30921e-03 | 44 -0.41381  4.60837e-03 | 45  3.93206  1.47852e-04
 46 -20.06308 -1.14489e-04 | 47 -1.29011 -5.67576e-04 | 48 -0.50562  2.51475e-02
 49 -0.54609 -3.05778e-02 | 50 -0.30277 -1.34329e-02 | 51 -0.22251  8.04923e-03
 52 -0.35823  9.33002e-03 | 53 -0.33136 -7.62683e-04 | 54  0.08112 -1.09336e-01
 55 -0.13624  1.58631e-01 | 56 -0.39271 -7.79534e-02 | 57 -0.42805 -1.64267e-02
57 variables; iteration 280; function evaluation 348; phase 4
Function value 8.4021354e+01; maximum gradient component mag -1.5092e+00
Var    Value     Gradient |Var    Value     Gradient |Var    Value     Gradient
  1  0.49911  1.86751e-04 |  2  0.15407  4.11235e-02 |  3 -0.08466 -1.29168e-04
  4  0.02229  3.26341e-05 |  5 -0.02320 -5.16015e-04 |  6  0.03351  1.24854e-04
  7 -0.00604 -1.58724e-03 |  8 -0.06066 -6.54264e-04 |  9 -0.02777 -7.85442e-04
 10 -0.01148 -2.58674e-04 | 11  0.06754 -1.06859e-03 | 12  0.03309 -1.42618e-03
 13  0.06024 -9.72553e-04 | 14  0.01125 -2.03073e-03 | 15  0.00896 -1.05200e-03
 16  0.06442 -1.77957e-03 | 17  0.01035 -2.91285e-03 | 18 -0.06236 -1.57989e-03
 19 -0.01946 -2.09723e-03 | 20 -0.03515 -2.30404e-03 | 21  0.05169 -2.55943e-03
 22  0.05564 -1.74101e-03 | 23 -0.04214 -1.60291e-03 | 24 -0.02217 -1.09264e-03
 25 -0.11444  7.24983e-04 | 26 -0.01502 -1.01694e-03 | 27 -0.02036 -2.28074e-03
 28 -0.02458 -7.02916e-04 | 29  0.03891  2.37949e-03 | 30 -0.01699  3.94887e-03
 31  0.05227  7.73055e-03 | 32 -0.03466  1.40939e-03 | 33  0.03561  1.16716e-02
 34  0.02992  7.07428e-03 | 35  0.05524  3.49380e-03 | 36  0.02179 -1.89081e-06
 37 -0.02184 -5.42360e-03 | 38 -0.01281 -1.23253e-02 | 39 -0.04931  4.59489e-03
 40  0.23633 -5.89174e-02 | 41  0.24315  2.16949e-01 | 42  0.26064  9.85351e-04
 43  0.21162 -1.44520e-03 | 44 -0.41684 -1.29395e-03 | 45  3.97428 -4.91565e-05
 46 -20.04715 -4.66056e-05 | 47 -1.28876 -1.24656e-04 | 48 -0.50560  2.35580e-02
 49 -0.54607 -2.57147e-02 | 50 -0.30274 -8.41541e-03 | 51 -0.22248  6.73083e-03
 52 -0.36729  9.32131e-03 | 53 -0.23515 -8.63763e-05 | 54  0.05305 -1.50919e+00
 55 -0.16670  1.39225e+00 | 56 -0.41534 -2.13601e-01 | 57 -0.42354 -9.85034e-01
57 variables; iteration 300; function evaluation 369; phase 4
Function value 8.4021345e+01; maximum gradient component mag -2.3989e+00
Var    Value     Gradient |Var    Value     Gradient |Var    Value     Gradient
  1  0.49912  3.03456e-04 |  2  0.15407 -7.04183e-02 |  3 -0.08466 -1.27507e-04
  4  0.02229 -5.30427e-05 |  5 -0.02320 -7.05369e-04 |  6  0.03351 -2.25963e-05
  7 -0.00604  4.66416e-06 |  8 -0.06066  9.28107e-04 |  9 -0.02777  7.80886e-04
 10 -0.01148  1.41954e-03 | 11  0.06755  5.76786e-04 | 12  0.03309  3.08795e-04
 13  0.06024  1.24732e-03 | 14  0.01125  7.43341e-05 | 15  0.00896  6.76469e-04
 16  0.06442  6.06549e-04 | 17  0.01035 -6.66750e-04 | 18 -0.06236  2.19528e-04
 19 -0.01946 -2.21915e-04 | 20 -0.03515 -1.19186e-04 | 21  0.05169 -1.81348e-04
 22  0.05564  6.45540e-04 | 23 -0.04214 -5.34896e-04 | 24 -0.02216  7.52838e-05
 25 -0.11444  1.08332e-03 | 26 -0.01502 -1.08067e-03 | 27 -0.02036 -9.57603e-04
 28 -0.02458  1.21405e-03 | 29  0.03891 -1.64019e-03 | 30 -0.01699 -3.86741e-04
 31  0.05227 -5.99853e-04 | 32 -0.03466 -4.31321e-04 | 33  0.03561  1.31510e-03
 34  0.02992  9.75148e-04 | 35  0.05524  5.26266e-04 | 36  0.02179  6.27370e-05
 37 -0.02184 -2.88383e-03 | 38 -0.01281 -9.67238e-03 | 39 -0.04931 -4.61224e-04
 40  0.23632 -2.01972e-02 | 41  0.24315 -1.07184e-05 | 42  0.26064  7.50130e-04
 43  0.21162 -1.75929e-03 | 44 -0.41664 -1.10029e-03 | 45  3.97141 -4.99619e-05
 46 -20.04564 -3.93704e-05 | 47 -1.28869 -1.11658e-04 | 48 -0.50560  1.93794e-02
 49 -0.54607 -2.11436e-02 | 50 -0.30273 -7.67061e-03 | 51 -0.22247  6.25223e-03
 52 -0.37017  6.44380e-03 | 53 -0.20746 -1.99154e-04 | 54  0.04576 -2.39886e+00
 55 -0.17499  1.84763e+00 | 56 -0.42187  6.13094e-02 | 57 -0.42265 -1.96057e+00
  ic > imax  in fminim is answer attained ?
Var    Value     Gradient |Var    Value     Gradient |Var    Value     Gradient
  1  0.49912  4.73737e-04 |  2  0.15407 -7.73400e-02 |  3 -0.08466 -1.55188e-04
  4  0.02229  5.37930e-05 |  5 -0.02320 -3.10086e-04 |  6  0.03351  2.03915e-04
  7 -0.00604  1.63041e-04 |  8 -0.06066  1.09202e-03 |  9 -0.02777  9.82973e-04
 10 -0.01148  1.36755e-03 | 11  0.06755  5.95161e-04 | 12  0.03309  2.85575e-04
 13  0.06024  4.24234e-04 | 14  0.01125 -3.55076e-04 | 15  0.00896  8.11200e-04
 16  0.06442  8.00471e-05 | 17  0.01035 -8.68649e-04 | 18 -0.06236  3.65455e-04
 19 -0.01946 -2.03826e-04 | 20 -0.03515 -2.53555e-04 | 21  0.05169 -7.54102e-04
 22  0.05564 -6.22713e-05 | 23 -0.04214 -2.22006e-04 | 24 -0.02217  2.31140e-05
 25 -0.11444  1.71391e-03 | 26 -0.01502  4.74906e-05 | 27 -0.02036 -5.65006e-04
 28 -0.02458  5.34451e-04 | 29  0.03891 -5.56673e-04 | 30 -0.01699  3.27808e-04
 31  0.05227  6.33972e-05 | 32 -0.03466 -5.41774e-05 | 33  0.03561  1.85730e-03
 34  0.02992  1.15751e-03 | 35  0.05524  3.08980e-04 | 36  0.02179 -6.70181e-04
 37 -0.02184 -3.64277e-03 | 38 -0.01281 -9.82392e-03 | 39 -0.04931  6.69359e-04
 40  0.23632 -4.69925e-02 | 41  0.24315  2.36267e-02 | 42  0.26064  8.30543e-04
 43  0.21162 -1.06847e-03 | 44 -0.41688 -1.51959e-03 | 45  3.97469 -6.29257e-05
 46 -20.04376 -3.28653e-05 | 47 -1.28843 -8.54612e-06 | 48 -0.50560  1.86642e-02
 49 -0.54607 -2.00935e-02 | 50 -0.30273 -6.89899e-03 | 51 -0.22247  5.69408e-03
 52 -0.37056  7.56514e-03 | 53 -0.20342 -6.05296e-05 | 54  0.04508 -6.04841e-01
 55 -0.17576  5.86586e+00 | 56 -0.42249 -6.00072e+00 | 57 -0.42257  5.51741e+00
Function minimizer not making progress ... is minimum attained?
Minimprove criterion = 0.0000e+00

 - final statistics:
57 variables; iteration 306; function evaluation 416
Function value 8.4021e+01; maximum gradient component mag -6.0007e+00
Exit code = 1;  converg criter 1.0000e-04
Var    Value     Gradient |Var    Value     Gradient |Var    Value     Gradient
  1  0.49912  4.73737e-04 |  2  0.15407 -7.73400e-02 |  3 -0.08466 -1.55188e-04
  4  0.02229  5.37930e-05 |  5 -0.02320 -3.10086e-04 |  6  0.03351  2.03915e-04
  7 -0.00604  1.63041e-04 |  8 -0.06066  1.09202e-03 |  9 -0.02777  9.82973e-04
 10 -0.01148  1.36755e-03 | 11  0.06755  5.95161e-04 | 12  0.03309  2.85575e-04
 13  0.06024  4.24234e-04 | 14  0.01125 -3.55076e-04 | 15  0.00896  8.11200e-04
 16  0.06442  8.00471e-05 | 17  0.01035 -8.68649e-04 | 18 -0.06236  3.65455e-04
 19 -0.01946 -2.03826e-04 | 20 -0.03515 -2.53555e-04 | 21  0.05169 -7.54102e-04
 22  0.05564 -6.22713e-05 | 23 -0.04214 -2.22006e-04 | 24 -0.02217  2.31140e-05
 25 -0.11444  1.71391e-03 | 26 -0.01502  4.74906e-05 | 27 -0.02036 -5.65006e-04
 28 -0.02458  5.34451e-04 | 29  0.03891 -5.56673e-04 | 30 -0.01699  3.27808e-04
 31  0.05227  6.33972e-05 | 32 -0.03466 -5.41774e-05 | 33  0.03561  1.85730e-03
 34  0.02992  1.15751e-03 | 35  0.05524  3.08980e-04 | 36  0.02179 -6.70181e-04
 37 -0.02184 -3.64277e-03 | 38 -0.01281 -9.82392e-03 | 39 -0.04931  6.69359e-04
 40  0.23632 -4.69925e-02 | 41  0.24315  2.36267e-02 | 42  0.26064  8.30543e-04
 43  0.21162 -1.06847e-03 | 44 -0.41688 -1.51959e-03 | 45  3.97469 -6.29257e-05
 46 -20.04376 -3.28653e-05 | 47 -1.28843 -8.54612e-06 | 48 -0.50560  1.86642e-02
 49 -0.54607 -2.00935e-02 | 50 -0.30273 -6.89899e-03 | 51 -0.22247  5.69408e-03
 52 -0.37056  7.56514e-03 | 53 -0.20342 -6.05296e-05 | 54  0.04508 -6.04841e-01
 55 -0.17576  5.86586e+00 | 56 -0.42249 -6.00072e+00 | 57 -0.42257  5.51741e+00
Estimating row 1 out of 57 for hessian
Estimating row 2 out of 57 for hessian
Estimating row 3 out of 57 for hessian
Estimating row 4 out of 57 for hessian
Estimating row 5 out of 57 for hessian
Estimating row 6 out of 57 for hessian
Estimating row 7 out of 57 for hessian
Estimating row 8 out of 57 for hessian
Estimating row 9 out of 57 for hessian
Estimating row 10 out of 57 for hessian
Estimating row 11 out of 57 for hessian
Estimating row 12 out of 57 for hessian
Estimating row 13 out of 57 for hessian
Estimating row 14 out of 57 for hessian
Estimating row 15 out of 57 for hessian
Estimating row 16 out of 57 for hessian
Estimating row 17 out of 57 for hessian
Estimating row 18 out of 57 for hessian
Estimating row 19 out of 57 for hessian
Estimating row 20 out of 57 for hessian
Estimating row 21 out of 57 for hessian
Estimating row 22 out of 57 for hessian
Estimating row 23 out of 57 for hessian
Estimating row 24 out of 57 for hessian
Estimating row 25 out of 57 for hessian
Estimating row 26 out of 57 for hessian
Estimating row 27 out of 57 for hessian
Estimating row 28 out of 57 for hessian
Estimating row 29 out of 57 for hessian
Estimating row 30 out of 57 for hessian
Estimating row 31 out of 57 for hessian
Estimating row 32 out of 57 for hessian
Estimating row 33 out of 57 for hessian
Estimating row 34 out of 57 for hessian
Estimating row 35 out of 57 for hessian
Estimating row 36 out of 57 for hessian
Estimating row 37 out of 57 for hessian
Estimating row 38 out of 57 for hessian
Estimating row 39 out of 57 for hessian
Estimating row 40 out of 57 for hessian
Estimating row 41 out of 57 for hessian
Estimating row 42 out of 57 for hessian
Estimating row 43 out of 57 for hessian
Estimating row 44 out of 57 for hessian
Estimating row 45 out of 57 for hessian
Estimating row 46 out of 57 for hessian
Estimating row 47 out of 57 for hessian
Estimating row 48 out of 57 for hessian
Estimating row 49 out of 57 for hessian
Estimating row 50 out of 57 for hessian
Estimating row 51 out of 57 for hessian
Estimating row 52 out of 57 for hessian
Estimating row 53 out of 57 for hessian
Estimating row 54 out of 57 for hessian
Estimating row 55 out of 57 for hessian
Estimating row 56 out of 57 for hessian
Estimating row 57 out of 57 for hessian
Warning -- Hessian does not appear to be positive definite
size of file gradfil1.tmp = 0
size of file gradfil2.tmp = 0
size of file varssave.tmp = 0
size of file cmpdiff.tmp = 0
