
Initial statistics: 5 variables; iteration 0; function evaluation 0; phase 1
Function value 5.0581136e+03; maximum gradient component mag 3.4614e+04
Var    Value     Gradient |Var    Value     Gradient |Var    Value     Gradient
  1  0.39650  3.46138e+04 |  2  0.10660  8.17902e+03 |  3  0.10660  6.02158e+03
  4  0.10660  2.61865e+03 |  5  0.10660  4.07471e+03 |

 - final statistics:
5 variables; iteration 16; function evaluation 31
Function value 5.9970e+02; maximum gradient component mag -3.4216e+00
Exit code = 1;  converg criter 1.0000e+01
Var    Value     Gradient |Var    Value     Gradient |Var    Value     Gradient
  1  0.18592 -3.42164e+00 |  2  0.10534  1.49700e+00 |  3  0.05959 -2.21445e+00
  4  0.12906  1.02482e+00 |  5  0.07274  1.34933e+00 |

Initial statistics: 53 variables; iteration 0; function evaluation 0; phase 2
Function value 5.9970354e+02; maximum gradient component mag -6.5809e+02
Var    Value     Gradient |Var    Value     Gradient |Var    Value     Gradient
  1  0.18592 -3.42164e+00 |  2  0.00000  5.13014e+01 |  3  0.00000 -1.07461e+02
  4  0.00000  4.07960e+01 |  5  0.00000 -6.65229e+01 |  6  0.00000 -2.53838e+01
  7  0.00000  5.33194e+01 |  8  0.00000  7.08881e+00 |  9  0.00000  1.08769e+01
 10  0.00000 -7.36451e+01 | 11  0.00000  1.32664e+01 | 12  0.00000 -4.48564e+01
 13  0.00000 -3.58613e-01 | 14  0.00000 -2.86040e+00 | 15  0.00000 -7.73339e+01
 16  0.00000  1.55852e+01 | 17  0.00000  9.66788e+01 | 18  0.00000 -7.75432e+00
 19  0.00000  3.42011e+01 | 20  0.00000 -1.68011e+02 | 21  0.00000 -1.60372e+02
 22  0.00000  7.43909e+01 | 23  0.00000  4.91012e+00 | 24  0.00000  1.95897e+02
 25  0.00000  1.01681e+01 | 26  0.00000  1.29156e+00 | 27  0.00000  2.36920e+01
 28  0.00000 -1.76417e+02 | 29  0.00000  1.34624e+02 | 30  0.00000 -2.85109e+02
 31  0.00000  2.13905e+02 | 32  0.00000 -3.13525e+02 | 33  0.00000  4.68050e+01
 34  0.00000 -1.65625e+02 | 35  0.00000  7.55607e+01 | 36  0.00000  2.55337e+02
 37  0.00000  6.24869e+01 | 38  0.00000  1.71167e+02 | 39  0.10534  1.49700e+00
 40  0.05959 -2.21445e+00 | 41  0.12906  1.02482e+00 | 42  0.07274  1.34933e+00
 43 -1.00000 -1.08293e-07 | 44  0.00000  1.39098e-04 | 45  0.00000  4.06698e-01
 46 -0.53989  8.58340e+00 | 47 -1.00000 -1.08293e-07 | 48 -0.53989  1.31115e+01
 49 -1.00000 -1.08293e-07 | 50 -0.53989  3.53315e+00 | 51 -0.32288  1.73474e+01
 52  0.21635  5.35419e-01 | 53 -0.17585 -6.58090e+02 |

Intermediate statistics: 53 variables; iteration 20; function evaluation 32; phase 2
Function value 4.6274608e+02; maximum gradient component mag -5.1190e+03
Var    Value     Gradient |Var    Value     Gradient |Var    Value     Gradient
  1  0.15805 -5.11896e+03 |  2 -0.28494 -5.03109e+01 |  3  0.25053  1.36119e+02
  4  0.13550  2.13267e+01 |  5  0.17813  7.73857e+01 |  6  0.10180 -1.80978e+02
  7  0.00218 -2.48483e+02 |  8  0.01263 -2.40698e+02 |  9  0.04617 -2.01332e+02
 10  0.13626 -1.29613e+02 | 11  0.08300 -1.65697e+02 | 12  0.09538 -1.43174e+02
 13  0.04349 -1.81931e+02 | 14  0.04590 -1.86658e+02 | 15  0.07179 -1.88936e+02
 16  0.00217 -2.43143e+02 | 17 -0.09511 -3.13663e+02 | 18 -0.04261 -4.05495e+02
 19 -0.09332 -4.95658e+02 | 20  0.02677 -4.38926e+02 | 21 -0.03918 -5.27897e+02
 22 -0.04796 -2.79443e+02 | 23 -0.05645 -3.47462e+02 | 24 -0.14107 -2.92638e+02
 25 -0.06025 -3.91372e+02 | 26 -0.02811 -1.95854e+02 | 27 -0.00097 -8.89832e+01
 28  0.03010 -1.34317e+02 | 29 -0.03117 -2.79535e+02 | 30  0.06407 -2.37575e+01
 31 -0.06668 -3.41877e+02 | 32  0.04342 -1.40329e+02 | 33 -0.05384 -4.83990e+02
 34  0.04346 -2.02220e+02 | 35 -0.01237 -3.23513e+02 | 36 -0.02271 -2.22060e+02
 37 -0.07584 -6.68862e+02 | 38 -0.23193 -4.12108e+02 | 39  0.11690 -7.81395e+02
 40  0.18065  3.34335e+02 | 41  0.21208 -3.29959e+02 | 42  0.13098 -3.16689e+02
 43 -1.37324 -2.50729e-02 | 44 -0.00001  8.96856e-03 | 45 -0.00815  2.73600e-04
 46 -0.71492  4.50893e-03 | 47 -1.29289  9.93276e+02 | 48 -0.60256  7.30868e+02
 49 -1.18905  3.40925e+01 | 50 -0.66341  1.88898e+01 | 51 -0.44633  3.01717e+01
 52  0.18995  4.16859e+00 | 53 -0.04031  6.69518e+02 |
53 variables; iteration 40; function evaluation 58; phase 2
Function value 4.1100718e+02; maximum gradient component mag -6.8092e+03
Var    Value     Gradient |Var    Value     Gradient |Var    Value     Gradient
  1  0.15329 -6.80920e+03 |  2 -0.26916 -4.53092e+01 |  3  0.14506  1.57074e+02
  4  0.02270 -1.74269e+01 |  5  0.07616  5.23284e+01 |  6  0.01504 -2.40190e+02
  7 -0.08005 -3.28571e+02 |  8 -0.01543 -2.76044e+02 |  9  0.04900 -2.24069e+02
 10  0.14886 -1.60211e+02 | 11  0.10398 -1.89393e+02 | 12  0.10287 -1.94439e+02
 13  0.05856 -2.15269e+02 | 14  0.05869 -2.26524e+02 | 15  0.05827 -2.90998e+02
 16 -0.00519 -3.22395e+02 | 17 -0.14696 -4.19863e+02 | 18 -0.03453 -4.28607e+02
 19 -0.05198 -4.73555e+02 | 20  0.03462 -4.81924e+02 | 21 -0.06318 -6.38492e+02
 22 -0.04604 -3.44648e+02 | 23 -0.04477 -3.85326e+02 | 24 -0.17827 -3.86820e+02
 25 -0.03914 -3.76754e+02 | 26 -0.03432 -2.95673e+02 | 27 -0.00739 -2.36800e+02
 28  0.03229 -3.19313e+02 | 29 -0.02580 -3.08200e+02 | 30  0.07024 -7.20752e+01
 31 -0.04637 -3.09691e+02 | 32  0.03989 -3.05904e+02 | 33 -0.03419 -4.92494e+02
 34  0.04926 -3.59214e+02 | 35 -0.02600 -6.07332e+02 | 36 -0.00922 -4.82342e+02
 37 -0.06256 -9.17211e+02 | 38 -0.18856 -3.56043e+02 | 39  0.11851 -8.66092e+02
 40  0.18283  2.58445e+02 | 41  0.21897 -2.78307e+02 | 42  0.14330 -1.43583e+01
 43 -1.60338 -2.28331e+01 | 44 -0.42753  1.33116e+00 | 45 -0.42955  2.05821e+00
 46 -2.66724 -4.75876e+00 | 47 -1.28005  8.46732e+02 | 48 -0.69195  7.67269e+02
 49 -1.19854  7.44272e+01 | 50 -0.66074  4.29353e+01 | 51 -0.47075  3.33552e+00
 52 -0.24170  7.93091e-01 | 53 -0.06928  7.36490e+01 |
53 variables; iteration 60; function evaluation 93; phase 2
Function value 2.5745656e+02; maximum gradient component mag -3.5480e+03
Var    Value     Gradient |Var    Value     Gradient |Var    Value     Gradient
  1  0.14513 -3.54798e+03 |  2 -0.08110  2.24041e+01 |  3  0.03646  5.27760e+01
  4 -0.02478  2.25273e+01 |  5 -0.00146  4.18128e+00 |  6 -0.04224 -7.53908e+00
  7 -0.09711 -2.53107e+01 |  8 -0.07556 -3.04959e+01 |  9 -0.12044 -1.00324e+02
 10  0.01780 -5.29312e+01 | 11  0.04384  1.82533e+01 | 12  0.06379 -2.02749e+01
 13 -0.01166 -9.86240e+01 | 14  0.01182 -2.00369e+01 | 15  0.07208 -2.45847e+01
 16  0.03675  1.99171e+01 | 17 -0.04891 -4.95671e+01 | 18 -0.01279 -9.64637e+01
 19 -0.00557 -3.09606e+01 | 20  0.06061 -9.45305e+01 | 21  0.06432 -6.03373e+01
 22 -0.04647 -8.47128e+01 | 23 -0.00958 -8.50487e+01 | 24 -0.11220 -1.01106e+02
 25 -0.03949 -1.81624e+02 | 26 -0.00949 -6.49912e+01 | 27  0.02882  7.65429e+00
 28  0.06496 -1.06982e+02 | 29  0.00059 -4.48719e+01 | 30  0.08494  3.71242e+01
 31 -0.01324  2.17889e+01 | 32  0.06905 -1.69464e+02 | 33 -0.00240 -2.06800e+02
 34  0.07293 -1.42554e+02 | 35  0.02161 -2.36521e+02 | 36 -0.02265 -2.99817e+02
 37 -0.00809 -5.00643e+02 | 38 -0.11474 -4.78423e+01 | 39  0.14438 -7.89821e+01
 40  0.14665  3.54256e+01 | 41  0.23869 -6.58006e+01 | 42  0.13162  1.49261e+02
 43 -1.58753 -9.78542e-01 | 44 -0.82490  2.24425e-02 | 45 -2.42306 -1.80979e+00
 46 -2.49087 -4.59286e+00 | 47 -1.35954  3.16794e+02 | 48 -0.64129  3.19613e+02
 49 -1.02207  9.18884e+02 | 50 -0.96633  6.02160e+02 | 51 -0.53613  3.96812e+00
 52  0.40962  6.70891e-01 | 53 -0.14128 -6.04397e+02 |
Maximum number of function evaluations exceeded

 - final statistics:
53 variables; iteration 68; function evaluation 100
Function value 2.0131e+02; maximum gradient component mag 3.4470e+02
Exit code = 3;  converg criter 1.0000e+01
Var    Value     Gradient |Var    Value     Gradient |Var    Value     Gradient
  1  0.15067 -1.64071e+02 |  2 -0.14963 -2.67495e+00 |  3 -0.00467  5.13426e+00
  4 -0.04691  2.26950e+00 |  5  0.00589  1.94114e+01 |  6 -0.04432  1.98836e+01
  7 -0.08282  2.51886e+01 |  8 -0.04410  3.28382e+01 |  9 -0.04795  6.75733e-01
 10  0.03567  1.43581e+01 | 11  0.00852  5.34978e+00 | 12  0.04398  7.98076e+00
 13  0.01032  1.18799e+01 | 14  0.00448  1.32175e+01 | 15  0.06242  1.57696e+01
 16  0.00837  1.56111e+01 | 17 -0.05275  1.26718e+01 | 18  0.00279  2.15070e+01
 19 -0.01517  2.76983e+01 | 20  0.07274  1.58801e+01 | 21  0.05984  2.41438e+00
 22 -0.03301  1.32052e+01 | 23 -0.01065 -2.80298e-01 | 24 -0.10224 -4.41578e+00
 25 -0.02748 -3.43233e+01 | 26 -0.01245  1.31048e+01 | 27  0.00205  6.35582e+00
 28  0.05277 -3.32880e+00 | 29  0.00052  1.62886e+01 | 30  0.06340  8.41702e+00
 31 -0.02501  4.31866e+00 | 32  0.06846  1.45883e+01 | 33  0.02434  8.08970e-01
 34  0.05486  1.86800e+00 | 35  0.01452 -5.72377e+00 | 36 -0.02669 -2.17052e+01
 37  0.00083 -4.13606e+01 | 38 -0.06068  5.10324e+00 | 39  0.14321  1.46876e+01
 40  0.13472  4.76731e+00 | 41  0.23767 -2.49423e+00 | 42  0.13956  8.78416e+00
 43 -1.56198 -1.82505e-01 | 44 -0.92140 -1.85386e-02 | 45 -4.54642  7.37281e-01
 46 -3.70785  1.70473e+00 | 47 -1.43923 -1.02676e+01 | 48 -0.58601 -2.50069e+00
 49 -1.07595  3.44698e+02 | 50 -0.88037  2.18421e+02 | 51 -0.53906  9.04217e-03
 52 -1.52473 -1.62132e-03 | 53 -0.06510 -3.69525e+01 |

Initial statistics: 56 variables; iteration 0; function evaluation 0; phase 3
Function value 2.0128994e+02; maximum gradient component mag -8.7005e+02
Var    Value     Gradient |Var    Value     Gradient |Var    Value     Gradient
  1  0.15067 -1.64071e+02 |  2 -0.14963 -2.67495e+00 |  3 -0.00467  5.13426e+00
  4 -0.04691  2.26950e+00 |  5  0.00589  1.94114e+01 |  6 -0.04449  1.33375e+01
  7 -0.08300  1.86816e+01 |  8 -0.04427  2.62917e+01 |  9 -0.04812 -5.86725e+00
 10  0.03549  7.80676e+00 | 11  0.00835 -1.21134e+00 | 12  0.04381  1.43473e+00
 13  0.01014  5.31909e+00 | 14  0.00430  6.65596e+00 | 15  0.06224  9.23965e+00
 16  0.00820  9.05002e+00 | 17 -0.05293  6.13245e+00 | 18  0.00262  1.49454e+01
 19 -0.01535  2.11383e+01 | 20  0.07256  9.36147e+00 | 21  0.05966 -4.11848e+00
 22 -0.03318  6.65221e+00 | 23 -0.01083 -6.84106e+00 | 24 -0.10241 -1.08926e+01
 25 -0.02766 -4.08784e+01 | 26 -0.01263  6.54431e+00 | 27  0.00188 -2.05861e-01
 28  0.05260 -9.86820e+00 | 29  0.00034  9.72685e+00 | 30  0.06323  1.88788e+00
 31 -0.02519 -2.23797e+00 | 32  0.06829  8.06471e+00 | 33  0.02417 -5.74801e+00
 34  0.05469 -4.66947e+00 | 35  0.01434 -1.22838e+01 | 36 -0.02687 -2.82608e+01
 37  0.00066 -4.79224e+01 | 38 -0.06086 -1.42865e+00 | 39  0.14321  1.46876e+01
 40  0.13472  4.76731e+00 | 41  0.23767 -2.49423e+00 | 42  0.13956  8.78416e+00
 43 -0.43802  1.82505e-01 | 44 -0.92140 -1.85386e-02 | 45 -0.54642  7.37281e-01
 46  0.29215  1.70473e+00 | 47 -0.56077  1.02676e+01 | 48 -0.58601 -2.50069e+00
 49 -0.92405 -3.44698e+02 | 50 -0.88037  2.18421e+02 | 51 -0.53906  9.04217e-03
 52 -0.47527  1.62132e-03 | 53 -0.17585 -8.70055e+02 | 54 -0.12819 -3.71409e+02
 55 -0.06510 -3.69525e+01 | 56  0.05795  1.03408e+02 |

Intermediate statistics: 56 variables; iteration 20; function evaluation 23; phase 3
Function value 1.7101001e+02; maximum gradient component mag -1.7407e+03
Var    Value     Gradient |Var    Value     Gradient |Var    Value     Gradient
  1  0.14321 -1.74070e+03 |  2 -0.14079 -6.73563e+00 |  3 -0.00316 -4.53472e+01
  4 -0.03493 -6.02070e+01 |  5  0.01195 -1.16172e+02 |  6 -0.05777  6.50985e+00
  7 -0.10351  8.08885e+00 |  8 -0.06467 -1.85225e+00 |  9 -0.05853  2.49439e+01
 10  0.02984  1.25848e+01 | 11  0.01323  1.29533e+01 | 12  0.05302  7.55599e+00
 13  0.01114  7.62636e+00 | 14  0.00030  7.19259e+00 | 15  0.06768 -1.15538e+01
 16  0.01307 -2.03101e+01 | 17 -0.05514 -1.67375e+01 | 18 -0.01615 -1.90926e+01
 19 -0.01911 -5.41864e+00 | 20  0.04625 -1.79223e+01 | 21  0.04499 -7.73435e+00
 22 -0.04795  4.03172e+00 | 23 -0.03448 -1.92877e+01 | 24 -0.11337 -7.30068e-01
 25 -0.00276 -8.10668e+00 | 26 -0.02049 -4.56465e+01 | 27 -0.01192 -4.44613e+01
 28  0.05531 -7.82264e+01 | 29  0.00287  3.72509e+00 | 30  0.06957  3.78032e+01
 31 -0.01745  4.58683e+01 | 32  0.07874  5.96686e+01 | 33  0.04153  5.69156e+01
 34  0.05938  7.02035e+00 | 35  0.02342 -1.52498e+01 | 36 -0.01548 -3.43455e+01
 37  0.01383 -7.98957e+01 | 38  0.01237  6.39809e+01 | 39  0.15994 -1.73017e+01
 40  0.22158  1.93582e+02 | 41  0.26793 -8.85635e+00 | 42  0.14327  2.17131e+01
 43 -0.43834 -6.63072e-02 | 44 -0.92132 -2.38400e-02 | 45 -0.54922  1.27524e+00
 46  0.28558  8.12997e+00 | 47 -0.57096 -3.11108e+01 | 48 -0.60276  3.83155e+01
 49 -0.91152 -1.09946e+01 | 50 -0.88156  8.16930e+00 | 51 -0.53911  1.67176e-02
 52 -0.47528  4.38420e-03 | 53 -0.13193 -4.32684e+02 | 54 -0.11236  1.14742e+02
 55 -0.12364 -1.54800e+02 | 56 -0.07036  8.70931e+01 |
56 variables; iteration 40; function evaluation 47; phase 3
Function value 1.6854157e+02; maximum gradient component mag -1.2637e+03
Var    Value     Gradient |Var    Value     Gradient |Var    Value     Gradient
  1  0.14100 -1.26371e+03 |  2 -0.17993 -1.62914e+01 |  3 -0.00637 -1.32421e+01
  4 -0.04247 -9.72872e+00 |  5  0.01398  2.34847e+01 |  6 -0.05792  1.45501e-01
  7 -0.11321 -1.11638e+01 |  8 -0.06343 -9.99035e+00 |  9 -0.08032  1.04087e+01
 10  0.03000  1.46186e+01 | 11  0.01187  6.56858e+00 | 12  0.05953  6.65635e+00
 13  0.01659  6.87111e+00 | 14  0.00981  1.90673e+01 | 15  0.07599  4.29337e+00
 16  0.01033 -2.96230e+01 | 17 -0.05703 -1.71190e+01 | 18 -0.00487  7.99005e-01
 19 -0.02376 -2.81295e+01 | 20  0.05109 -1.92890e+01 | 21  0.04190 -3.19895e+01
 22 -0.04680  7.40286e+00 | 23 -0.02637  5.45598e-01 | 24 -0.10294  2.25863e+01
 25 -0.00017  1.75731e+01 | 26 -0.02841 -5.65197e+01 | 27  0.00257  1.31210e+00
 28  0.05645 -7.08621e+01 | 29  0.00851  2.35705e+01 | 30  0.07258  4.87638e+01
 31 -0.01462  4.63634e+01 | 32  0.06878 -1.66631e+01 | 33  0.04297  6.00650e+01
 34  0.05975 -1.08967e+01 | 35  0.02423 -2.63990e+01 | 36 -0.01250 -3.45485e+00
 37  0.00979 -3.36231e+01 | 38 -0.02187  3.95826e+01 | 39  0.16273 -2.07316e+01
 40  0.22355  1.63463e+02 | 41  0.28196  1.59722e+01 | 42  0.15085  4.89567e+01
 43 -0.45303 -4.84108e-02 | 44 -0.91511 -2.23725e-02 | 45 -0.72627  1.80173e-01
 46 -0.36169  6.95853e+00 | 47 -0.66791 -1.17750e+02 | 48 -0.69196  1.27394e+02
 49 -0.91211 -8.40892e+01 | 50 -0.88388  6.35391e+01 | 51 -0.54307  1.45643e-02
 52 -0.47623  3.74582e-03 | 53 -0.13381 -3.83636e+02 | 54 -0.11377  6.06574e+01
 55 -0.12836 -1.77652e+02 | 56 -0.08297  9.74601e+01 |
56 variables; iteration 60; function evaluation 75; phase 3
Function value 1.5767412e+02; maximum gradient component mag -3.2645e+02
Var    Value     Gradient |Var    Value     Gradient |Var    Value     Gradient
  1  0.14509 -3.26447e+02 |  2 -0.12646  4.96047e+00 |  3 -0.00126  3.99821e+00
  4 -0.04645 -9.12872e+00 |  5 -0.00205 -1.66559e+01 |  6 -0.06110  3.41057e+00
  7 -0.10948  5.37210e+00 |  8 -0.07278 -4.94340e+00 |  9 -0.07474  2.91991e+00
 10  0.03140  7.50423e+00 | 11  0.01088  6.92973e-01 | 12  0.05286 -1.80011e+00
 13  0.01233 -4.48468e-01 | 14 -0.00005 -3.83733e+00 | 15  0.06475 -1.95312e+01
 16  0.01222 -1.42403e+01 | 17 -0.06192 -2.24669e+01 | 18 -0.00347  7.02933e+00
 19 -0.01304  1.85536e+01 | 20  0.06249  7.62393e+00 | 21  0.06003  1.77952e+01
 22 -0.04151  2.99007e+00 | 23 -0.01895  3.20402e+00 | 24 -0.10785 -3.11404e+00
 25 -0.01344 -1.51643e+01 | 26 -0.01842 -2.92808e+00 | 27 -0.00022  8.53128e+00
 28  0.05900  2.77844e+01 | 29  0.00469  4.28108e+00 | 30  0.06933  1.63929e+00
 31 -0.02024 -9.68528e+00 | 32  0.07919  1.90706e+01 | 33  0.03643 -4.64363e+00
 34  0.06101  5.61890e+00 | 35  0.02361  4.66819e+00 | 36 -0.01742 -7.11947e+00
 37  0.00995 -2.47567e+01 | 38 -0.01608 -7.13431e+00 | 39  0.15345  1.30718e+01
 40  0.19649 -2.74211e+01 | 41  0.25446 -9.55069e+00 | 42  0.13738 -2.64887e+01
 43 -0.47844 -1.35328e-04 | 44 -0.74898 -7.23694e-03 | 45 -0.37348 -1.84485e-03
 46 -0.70480  4.50196e-03 | 47 -0.66963  2.39873e+01 | 48 -0.69471 -2.60047e+01
 49 -0.98384 -2.64075e+01 | 50 -0.97800  1.92355e+01 | 51 -0.60016 -2.69891e-03
 52 -0.48221 -2.19141e-03 | 53 -0.11325  3.84681e+01 | 54 -0.09481 -6.69775e+01
 55 -0.14831  2.28707e+02 | 56 -0.12011 -1.13432e+02 |
56 variables; iteration 80; function evaluation 96; phase 3
Function value 1.5674235e+02; maximum gradient component mag 1.1482e+01
Var    Value     Gradient |Var    Value     Gradient |Var    Value     Gradient
  1  0.14620  2.02598e+00 |  2 -0.13979 -6.52987e-04 |  3 -0.00568 -5.80248e-02
  4 -0.04528 -2.15689e-01 |  5  0.00042 -3.13410e-01 |  6 -0.06049  1.16306e-01
  7 -0.10865  1.49874e-01 |  8 -0.06723  2.16473e-01 |  9 -0.06792 -4.78286e-02
 10  0.02993 -1.51198e-02 | 11  0.01166 -5.27454e-02 | 12  0.05242 -6.09034e-02
 13  0.01228 -3.26882e-02 | 14  0.00262 -5.20276e-02 | 15  0.06695 -8.76295e-02
 16  0.01209 -6.02598e-02 | 17 -0.05376 -1.72319e-01 | 18 -0.00660  4.13643e-02
 19 -0.01886  4.37266e-02 | 20  0.06127  1.18004e-02 | 21  0.05541  8.26171e-02
 22 -0.04238  6.82625e-03 | 23 -0.02043  5.82796e-02 | 24 -0.10672  2.82529e-02
 25 -0.01121  1.55204e-01 | 26 -0.01694  1.81714e-01 | 27 -0.00181  8.34593e-02
 28  0.05480  1.61860e-01 | 29  0.00247  6.34016e-02 | 30  0.06795 -2.42875e-03
 31 -0.01966 -1.91639e-01 | 32  0.07509 -1.78194e-01 | 33  0.03527 -1.35713e-01
 34  0.05863 -7.70346e-02 | 35  0.02112 -2.86965e-02 | 36 -0.01866  1.12015e-02
 37  0.01079  3.72819e-02 | 38 -0.01007 -1.55814e-01 | 39  0.15165  1.51323e-01
 40  0.19780 -3.66664e-01 | 41  0.25339  5.86316e-02 | 42  0.13759  1.77164e-01
 43 -0.53335 -3.63323e-04 | 44 -0.40889 -1.70539e-03 | 45  0.72343  6.97320e-03
 46 -0.72601  1.19946e-02 | 47 -0.69433 -2.85339e-01 | 48 -0.71573  3.04959e-01
 49 -0.97275  1.14819e+01 | 50 -0.96258 -8.46207e+00 | 51 -0.59932 -8.82020e-05
 52 -0.41498 -3.55452e-04 | 53 -0.10881  1.12445e+00 | 54 -0.08707 -1.10273e+00
 55 -0.16202 -9.29271e-01 | 56 -0.14716  4.48160e-01 |
Maximum number of function evaluations exceeded

 - final statistics:
56 variables; iteration 85; function evaluation 100
Function value 1.5674e+02; maximum gradient component mag -8.6801e+00
Exit code = 3;  converg criter 1.0000e+00
Var    Value     Gradient |Var    Value     Gradient |Var    Value     Gradient
  1  0.14619 -8.68008e+00 |  2 -0.13963  4.24490e-02 |  3 -0.00565 -1.66383e-01
  4 -0.04520 -1.05541e-01 |  5  0.00045 -3.81416e-01 |  6 -0.06041  2.62399e-01
  7 -0.10855  3.17996e-01 |  8 -0.06709  4.76824e-01 |  9 -0.06772  1.41952e-01
 10  0.02995  4.96643e-02 | 11  0.01170  1.03770e-01 | 12  0.05244  1.16361e-01
 13  0.01229  9.77561e-02 | 14  0.00263  4.01617e-02 | 15  0.06695 -2.97431e-02
 16  0.01210  1.02744e-02 | 17 -0.05370  7.42274e-02 | 18 -0.00664  2.97228e-02
 19 -0.01885  1.94944e-01 | 20  0.06123  8.76165e-03 | 21  0.05538  8.54545e-02
 22 -0.04241  6.67619e-02 | 23 -0.02047 -3.61717e-02 | 24 -0.10677 -2.53960e-02
 25 -0.01125 -1.41910e-01 | 26 -0.01698 -2.64554e-02 | 27 -0.00187 -2.77906e-01
 28  0.05479 -2.25297e-01 | 29  0.00243 -8.28810e-02 | 30  0.06793  1.60720e-02
 31 -0.01964  1.75455e-01 | 32  0.07512  4.50094e-01 | 33  0.03529  2.12577e-01
 34  0.05862 -1.07341e-01 | 35  0.02110 -3.24490e-01 | 36 -0.01872 -6.38575e-01
 37  0.01068 -1.31253e+00 | 38 -0.01022  1.98723e-01 | 39  0.15167 -1.75798e-02
 40  0.19787  5.27088e-01 | 41  0.25344 -1.73390e-01 | 42  0.13761 -1.23398e-01
 43 -0.54480  6.70187e-04 | 44 -0.30889 -6.98181e-04 | 45  0.62081  4.87192e-03
 46 -0.72816  7.40756e-03 | 47 -0.70018  4.94675e-01 | 48 -0.72117 -5.40496e-01
 49 -0.97008 -8.59720e+00 | 50 -0.95887  6.15881e+00 | 51 -0.60376  3.62419e-04
 52 -0.39576  8.65665e-05 | 53 -0.10885 -1.57284e+00 | 54 -0.08695  1.29782e+00
 55 -0.16221 -5.29000e-01 | 56 -0.14755  2.54659e-01 |

Initial statistics: 58 variables; iteration 0; function evaluation 0; phase 4
Function value 1.5674145e+02; maximum gradient component mag 1.3384e+02
Var    Value     Gradient |Var    Value     Gradient |Var    Value     Gradient
  1  0.14619 -8.68008e+00 |  2 -0.13963  4.24490e-02 |  3 -0.00565 -1.66383e-01
  4 -0.04520 -1.05541e-01 |  5  0.00045 -3.81416e-01 |  6 -0.06041  2.65020e-01
  7 -0.10855  3.20591e-01 |  8 -0.06709  4.79443e-01 |  9 -0.06772  1.44570e-01
 10  0.02995  5.22946e-02 | 11  0.01170  1.06402e-01 | 12  0.05244  1.18985e-01
 13  0.01229  1.00389e-01 | 14  0.00263  4.27948e-02 | 15  0.06695 -2.71244e-02
 16  0.01210  1.29071e-02 | 17 -0.05370  7.68512e-02 | 18 -0.00664  3.23558e-02
 19 -0.01885  1.97576e-01 | 20  0.06123  1.13827e-02 | 21  0.05538  8.80777e-02
 22 -0.04241  6.93893e-02 | 23 -0.02047 -3.35399e-02 | 24 -0.10677 -2.27998e-02
 25 -0.01125 -1.39277e-01 | 26 -0.01698 -2.38232e-02 | 27 -0.00187 -2.75273e-01
 28  0.05479 -2.22673e-01 | 29  0.00243 -8.02479e-02 | 30  0.06793  1.86902e-02
 31 -0.01964  1.78087e-01 | 32  0.07513  4.52709e-01 | 33  0.03529  2.15206e-01
 34  0.05862 -1.04719e-01 | 35  0.02110 -3.21858e-01 | 36 -0.01872 -6.35943e-01
 37  0.01068 -1.30990e+00 | 38 -0.01022  2.01356e-01 | 39  0.15167 -1.75798e-02
 40  0.19787  5.27088e-01 | 41  0.25344 -1.73390e-01 | 42  0.13761 -1.23398e-01
 43 -0.54480  6.70187e-04 | 44 -0.30889 -6.98181e-04 | 45  0.62081  4.87192e-03
 46 -0.72816  7.40756e-03 | 47 -0.70018  4.94675e-01 | 48 -0.72117 -5.40496e-01
 49 -0.97008 -8.59720e+00 | 50 -0.95887  6.15881e+00 | 51 -0.60376  3.62419e-04
 52 -0.39576  8.65665e-05 | 53 -0.10885 -1.57284e+00 | 54 -0.08695  1.29782e+00
 55 -0.16221 -5.29000e-01 | 56 -0.14755  2.54659e-01 | 57 -0.05795  1.33840e+02
 58 -0.17585 -1.30838e+02 |

Intermediate statistics: 58 variables; iteration 20; function evaluation 28; phase 4
Function value 1.5495102e+02; maximum gradient component mag 6.8308e+02
Var    Value     Gradient |Var    Value     Gradient |Var    Value     Gradient
  1  0.14699  6.83080e+02 |  2 -0.14016  1.52247e-01 |  3 -0.00395  5.99178e+00
  4 -0.04327  8.23323e+00 |  5  0.00069  8.09286e+00 |  6 -0.05949 -8.81485e+00
  7 -0.10823 -1.05530e+01 |  8 -0.06779 -9.72297e+00 |  9 -0.06980 -1.52041e+01
 10  0.02997 -1.00380e+01 | 11  0.01248 -7.68945e+00 | 12  0.05301 -3.92249e+00
 13  0.01243 -6.41768e+00 | 14  0.00385 -7.40827e+00 | 15  0.06722  6.38841e-02
 16  0.01259  6.78929e-01 | 17 -0.05672 -1.05185e+01 | 18 -0.00922 -9.03548e+00
 19 -0.01699  3.23776e+00 | 20  0.05785 -1.55909e+01 | 21  0.05364 -1.01546e+01
 22 -0.04542 -1.33535e+01 | 23 -0.02268 -1.17261e+01 | 24 -0.11048 -1.34229e+01
 25 -0.00954  5.30826e+00 | 26 -0.01584  6.78141e-01 | 27 -0.00545 -4.95406e+00
 28  0.05505  2.56173e+01 | 29  0.00323  3.35394e+00 | 30  0.06744 -4.63959e+00
 31 -0.01766  9.87562e-01 | 32  0.07666  7.42372e+00 | 33  0.03686  4.09584e+00
 34  0.05892  1.37164e+01 | 35  0.02154  1.47661e+01 | 36 -0.01794  1.44992e+01
 37  0.01150  1.72660e+01 | 38 -0.00374 -1.35801e+01 | 39  0.15200  5.28765e+01
 40  0.19258 -1.38652e+01 | 41  0.25443  2.92889e+01 | 42  0.13731  2.48422e+01
 43 -0.54479  3.54054e-03 | 44 -0.30884 -5.37705e-05 | 45  0.62050  4.87452e-03
 46 -0.72861  7.84401e-03 | 47 -0.69988  1.38972e+01 | 48 -0.72087 -1.49875e+01
 49 -0.88249 -1.72536e+01 | 50 -0.83631  1.23293e+01 | 51 -0.60378 -2.61055e-04
 52 -0.39577 -2.20832e-04 | 53 -0.14922  9.91008e+00 | 54 -0.08646 -5.86158e+00
 55 -0.15545  2.84736e+02 | 56 -0.13440 -1.40609e+02 | 57 -0.03650  8.84161e+01
 58 -0.13203 -7.66937e+01 |
58 variables; iteration 40; function evaluation 50; phase 4
Function value 1.5344826e+02; maximum gradient component mag 1.5632e+02
Var    Value     Gradient |Var    Value     Gradient |Var    Value     Gradient
  1  0.14611  1.56316e+02 |  2 -0.14189 -7.88914e-01 |  3 -0.00385  4.41438e+00
  4 -0.04252  7.72085e+00 |  5  0.00472  1.60411e+01 |  6 -0.05730  1.27272e+00
  7 -0.10516  1.85041e+00 |  8 -0.06857 -2.74434e+00 |  9 -0.07164 -8.39525e+00
 10  0.02913 -3.82650e+00 | 11  0.01158 -3.38393e+00 | 12  0.04986 -1.16354e+01
 13  0.00950 -1.02772e+01 | 14  0.00196 -7.65454e-01 | 15  0.06629 -3.73979e+00
 16  0.01263  5.35377e-01 | 17 -0.05421 -1.35023e-01 | 18 -0.00854 -1.11734e+00
 19 -0.01665  7.77499e+00 | 20  0.05716 -9.91368e+00 | 21  0.05145 -1.12113e+01
 22 -0.04406 -2.77099e+00 | 23 -0.02155 -1.01849e+00 | 24 -0.11022 -6.26572e+00
 25 -0.00938  5.52708e+00 | 26 -0.01804 -4.70383e+00 | 27 -0.00349 -1.90000e+00
 28  0.05451  2.00607e+00 | 29  0.00376  3.20537e+00 | 30  0.06857 -4.66424e+00
 31 -0.01812  1.18083e+00 | 32  0.07650 -1.68923e-01 | 33  0.03633 -1.66704e+00
 34  0.05952  7.84114e+00 | 35  0.02241  1.14662e+01 | 36 -0.01770  7.49644e+00
 37  0.01244  8.50644e+00 | 38 -0.00057 -1.06812e+00 | 39  0.15318  2.56360e+01
 40  0.19485 -2.43826e+01 | 41  0.25510  1.08766e+01 | 42  0.13862  2.30164e+01
 43 -0.54485  8.27373e-04 | 44 -0.30836 -6.59091e-04 | 45  0.61766  4.75375e-03
 46 -0.73245  3.26778e-03 | 47 -0.69437  1.17356e+01 | 48 -0.71620 -1.26759e+01
 49 -0.88077 -4.20367e+01 | 50 -0.83447  3.01714e+01 | 51 -0.60404  1.76836e-04
 52 -0.39584 -7.22877e-07 | 53 -0.18692  3.60482e+01 | 54 -0.08519 -1.54983e+01
 55 -0.13405  5.71579e+01 | 56 -0.09114 -2.62692e+01 | 57 -0.01580  4.59610e+01
 58 -0.08954 -8.23264e+00 |
58 variables; iteration 60; function evaluation 84; phase 4
Function value 1.5248254e+02; maximum gradient component mag -2.5625e+01
Var    Value     Gradient |Var    Value     Gradient |Var    Value     Gradient
  1  0.14622 -4.98580e-01 |  2 -0.13935  1.46737e-01 |  3 -0.00567 -3.49600e-01
  4 -0.04522 -1.24842e-01 |  5  0.00057 -1.85530e-01 |  6 -0.06032 -9.23335e-02
  7 -0.10834  1.91573e-01 |  8 -0.06687  1.52749e-01 |  9 -0.06682  6.60640e-01
 10  0.03035  2.19219e-01 | 11  0.01177 -3.11303e-02 | 12  0.05228 -1.61014e-01
 13  0.01216 -5.11852e-02 | 14  0.00255  7.83818e-02 | 15  0.06666 -1.95065e-01
 16  0.01146 -1.88968e-01 | 17 -0.05531 -1.67057e-01 | 18 -0.00922  1.49009e-02
 19 -0.01923 -5.54443e-02 | 20  0.05842  2.30326e-02 | 21  0.05326  6.40632e-02
 22 -0.04409  3.93147e-02 | 23 -0.02260  1.72826e-01 | 24 -0.10859 -8.43255e-02
 25 -0.01154 -6.87057e-02 | 26 -0.01729 -6.78311e-02 | 27 -0.00383  2.34077e-01
 28  0.05453 -8.69611e-02 | 29  0.00332 -4.48056e-02 | 30  0.06964 -8.11566e-02
 31 -0.01852 -6.09628e-02 | 32  0.07778 -3.86917e-01 | 33  0.03716 -2.62511e-01
 34  0.05921  6.79978e-02 | 35  0.02149 -5.44501e-02 | 36 -0.01833  4.41255e-01
 37  0.01177  3.22956e-01 | 38 -0.00354 -4.05960e-01 | 39  0.15194  6.41393e-01
 40  0.19311 -2.50822e+00 | 41  0.25387  5.48542e-01 | 42  0.13666  1.20105e+00
 43 -0.54927  1.04132e-04 | 44 -0.29434 -7.01679e-04 | 45  0.53671  3.66519e-03
 46 -0.73547 -3.53119e-05 | 47 -0.68901  2.65026e-01 | 48 -0.71098 -2.82970e-01
 49 -0.84824 -1.68794e+01 | 50 -0.79038  1.21487e+01 | 51 -0.60672 -7.55650e-05
 52 -0.39591 -8.02182e-05 | 53 -0.14537  9.87605e+00 | 54 -0.11659 -8.45978e+00
 55 -0.15531 -2.56246e+01 | 56 -0.13316  1.23777e+01 | 57 -0.11542  1.85317e+00
 58 -0.15656  8.00620e+00 |
58 variables; iteration 80; function evaluation 104; phase 4
Function value 1.5246282e+02; maximum gradient component mag -2.9085e-01
Var    Value     Gradient |Var    Value     Gradient |Var    Value     Gradient
  1  0.14603 -2.90851e-01 |  2 -0.13982  1.41864e-03 |  3 -0.00568 -3.70488e-03
  4 -0.04508  2.56143e-04 |  5  0.00063 -5.64384e-03 |  6 -0.06066  1.86990e-03
  7 -0.10898  7.91918e-03 |  8 -0.06751  3.48120e-03 |  9 -0.06848  1.12547e-02
 10  0.02984  5.20008e-03 | 11  0.01169  4.99026e-03 | 12  0.05259 -8.97447e-04
 13  0.01222  1.18149e-03 | 14  0.00239  4.80267e-03 | 15  0.06690 -8.20068e-03
 16  0.01170  4.45828e-03 | 17 -0.05514  2.51326e-03 | 18 -0.00916  1.09417e-03
 19 -0.01907  7.44794e-04 | 20  0.05843  9.47505e-03 | 21  0.05330  5.03763e-03
 22 -0.04408  5.48492e-03 | 23 -0.02264  5.54648e-03 | 24 -0.10850  1.73192e-03
 25 -0.01136 -1.71773e-03 | 26 -0.01720  1.17140e-03 | 27 -0.00373 -2.29505e-03
 28  0.05472 -1.19774e-02 | 29  0.00353 -3.01509e-03 | 30  0.06971 -9.39780e-03
 31 -0.01835 -1.40695e-03 | 32  0.07774 -3.21570e-03 | 33  0.03732 -7.78666e-03
 34  0.05935 -6.00583e-03 | 35  0.02171 -6.63457e-03 | 36 -0.01809 -5.57033e-03
 37  0.01206 -1.14440e-02 | 38 -0.00292  1.04621e-03 | 39  0.15221 -9.24706e-03
 40  0.19364 -5.00653e-03 | 41  0.25435 -1.36113e-02 | 42  0.13692 -1.00813e-02
 43 -0.56569  1.17475e-05 | 44 -0.19478 -4.13642e-05 | 45  0.05759  4.71741e-04
 46 -0.72362 -7.90800e-05 | 47 -0.69209  5.54465e-02 | 48 -0.71401 -6.08694e-02
 49 -0.76495 -1.87924e-01 | 50 -0.67644  1.38245e-01 | 51 -0.60804 -2.46033e-06
 52 -0.39184  9.29312e-06 | 53 -0.12974 -1.09743e-01 | 54 -0.14866  1.35394e-01
 55 -0.15749  2.43972e-03 | 56 -0.13787 -1.86673e-03 | 57 -0.18063 -6.61082e-02
 58 -0.19978 -4.23880e-02 |
58 variables; iteration 100; function evaluation 125; phase 4
Function value 1.5246278e+02; maximum gradient component mag -4.0913e-01
Var    Value     Gradient |Var    Value     Gradient |Var    Value     Gradient
  1  0.14603 -2.02232e-01 |  2 -0.13983 -1.56826e-03 |  3 -0.00568  3.99807e-03
  4 -0.04508 -2.24416e-03 |  5  0.00064  4.96897e-04 |  6 -0.06066  6.18451e-03
  7 -0.10900 -3.83928e-04 |  8 -0.06752  3.35433e-03 |  9 -0.06852 -4.09268e-03
 10  0.02983  4.04842e-05 | 11  0.01168  5.96777e-04 | 12  0.05260  4.37191e-03
 13  0.01222  4.18966e-03 | 14  0.00238  2.88080e-03 | 15  0.06691  1.17052e-02
 16  0.01170 -2.60908e-03 | 17 -0.05514  2.54209e-03 | 18 -0.00916  3.85833e-03
 19 -0.01907  4.67879e-03 | 20  0.05842 -2.97474e-03 | 21  0.05330  6.29324e-04
 22 -0.04408  1.05817e-03 | 23 -0.02264  2.09799e-04 | 24 -0.10850  1.37691e-03
 25 -0.01135 -3.00405e-04 | 26 -0.01720 -1.59893e-03 | 27 -0.00373 -6.52734e-03
 28  0.05472 -1.57516e-02 | 29  0.00354 -1.47905e-03 | 30  0.06972 -4.49167e-03
 31 -0.01835  4.08769e-03 | 32  0.07774 -1.79508e-03 | 33  0.03732  2.48306e-03
 34  0.05936 -3.23121e-03 | 35  0.02172 -1.88126e-03 | 36 -0.01809 -4.29481e-03
 37  0.01206 -5.66024e-03 | 38 -0.00290  4.77798e-03 | 39  0.15222  2.96949e-04
 40  0.19366 -2.17838e-02 | 41  0.25436 -6.68722e-03 | 42  0.13693 -1.38006e-02
 43 -0.56794 -3.17807e-04 | 44 -0.19440 -1.02628e-04 | 45 -0.05221 -7.35648e-05
 46 -0.72035  5.15035e-05 | 47 -0.69217  7.69900e-02 | 48 -0.71410 -8.42269e-02
 49 -0.76807  4.98608e-03 | 50 -0.68081 -4.15867e-03 | 51 -0.60727  1.23761e-04
 52 -0.39171  5.99947e-05 | 53 -0.13633  3.92968e-01 | 54 -0.14744 -4.09129e-01
 55 -0.15674 -1.54967e-02 | 56 -0.13633  7.20544e-03 | 57 -0.17203  1.15964e-01
 58 -0.19197  2.67936e-01 |
58 variables; iteration 120; function evaluation 147; phase 4
Function value 1.5246275e+02; maximum gradient component mag 2.2874e-01
Var    Value     Gradient |Var    Value     Gradient |Var    Value     Gradient
  1  0.14603 -7.68735e-02 |  2 -0.13982 -2.52715e-04 |  3 -0.00568  1.65545e-03
  4 -0.04508 -3.23582e-04 |  5  0.00063  6.17439e-04 |  6 -0.06066  2.30597e-03
  7 -0.10899  3.68190e-04 |  8 -0.06752  1.53498e-03 |  9 -0.06851 -7.21622e-04
 10  0.02983  5.90237e-04 | 11  0.01168  7.93767e-04 | 12  0.05260  2.04215e-03
 13  0.01222  2.02704e-03 | 14  0.00238  1.56568e-03 | 15  0.06691  4.59438e-03
 16  0.01170 -1.80862e-04 | 17 -0.05514  1.41529e-03 | 18 -0.00916  2.06116e-03
 19 -0.01907  2.21040e-03 | 20  0.05842 -2.33413e-04 | 21  0.05330  7.88520e-04
 22 -0.04408  8.69615e-04 | 23 -0.02264  5.90300e-04 | 24 -0.10850  5.67894e-04
 25 -0.01136  1.28018e-04 | 26 -0.01720 -7.01360e-04 | 27 -0.00373 -2.76311e-03
 28  0.05472 -8.33447e-03 | 29  0.00354 -6.30853e-04 | 30  0.06972 -3.12879e-03
 31 -0.01835  2.62309e-03 | 32  0.07774 -4.44133e-03 | 33  0.03732  1.94088e-04
 34  0.05936 -2.15628e-03 | 35  0.02172 -1.58396e-03 | 36 -0.01809 -1.50705e-03
 37  0.01206 -1.73786e-03 | 38 -0.00291  1.74933e-03 | 39  0.15222  3.54175e-03
 40  0.19365 -1.28820e-02 | 41  0.25436 -9.76105e-04 | 42  0.13693 -1.10378e-03
 43 -0.56602 -7.97480e-05 | 44 -0.19601 -6.74479e-05 | 45 -0.04687 -4.75538e-05
 46 -0.72055  1.88118e-05 | 47 -0.69151  3.46672e-02 | 48 -0.71348 -3.78169e-02
 49 -0.76819 -2.94416e-03 | 50 -0.68099  1.41866e-03 | 51 -0.60396  6.08052e-04
 52 -0.39254  2.35086e-04 | 53 -0.15672  2.28739e-01 | 54 -0.14343 -2.23722e-01
 55 -0.15429 -1.06930e-01 | 56 -0.13127  5.53953e-02 | 57 -0.14538  4.41314e-02
 58 -0.16791  1.83166e-01 |
58 variables; iteration 140; function evaluation 167; phase 4
Function value 1.5246273e+02; maximum gradient component mag 6.4564e-02
Var    Value     Gradient |Var    Value     Gradient |Var    Value     Gradient
  1  0.14603  3.29697e-02 |  2 -0.13982  7.49866e-05 |  3 -0.00568 -2.24490e-04
  4 -0.04508  1.57698e-04 |  5  0.00063  5.83003e-05 |  6 -0.06066 -5.67021e-04
  7 -0.10899 -2.43302e-04 |  8 -0.06752 -4.20991e-04 |  9 -0.06850 -8.91789e-05
 10  0.02983 -3.13217e-04 | 11  0.01169 -4.10357e-04 | 12  0.05259 -5.01666e-04
 13  0.01222 -4.91386e-04 | 14  0.00238 -4.30275e-04 | 15  0.06691 -5.96918e-04
 16  0.01170  5.51435e-05 | 17 -0.05514 -1.49216e-04 | 18 -0.00916 -1.36895e-05
 19 -0.01907 -9.55651e-05 | 20  0.05842  2.30748e-04 | 21  0.05330  6.02591e-05
 22 -0.04408 -1.92640e-04 | 23 -0.02264  1.49890e-04 | 24 -0.10850 -2.02190e-04
 25 -0.01136  1.33257e-04 | 26 -0.01720  3.37538e-04 | 27 -0.00373  1.25989e-03
 28  0.05472  2.96566e-03 | 29  0.00354 -2.60461e-04 | 30  0.06972 -2.12086e-05
 31 -0.01835 -1.22099e-03 | 32  0.07774  4.37040e-05 | 33  0.03732 -9.18996e-04
 34  0.05936  8.78092e-04 | 35  0.02172  9.13667e-04 | 36 -0.01809  9.58181e-04
 37  0.01206  1.27395e-03 | 38 -0.00291 -2.43880e-03 | 39  0.15222  1.67033e-03
 40  0.19365 -3.60530e-03 | 41  0.25436  1.17462e-03 | 42  0.13693 -5.93005e-04
 43 -0.56937 -9.94798e-06 | 44 -0.17626  7.66848e-05 | 45 -0.03391  1.68019e-05
 46 -0.72096 -1.00658e-05 | 47 -0.69116 -1.74529e-03 | 48 -0.71315  1.89462e-03
 49 -0.76772 -1.84856e-02 | 50 -0.68033  1.30974e-02 | 51 -0.61358 -5.48291e-05
 52 -0.37853  1.76534e-04 | 53 -0.16886  2.68652e-02 | 54 -0.14150 -1.99419e-02
 55 -0.15718  6.45641e-02 | 56 -0.13724 -3.18779e-02 | 57 -0.13042 -5.69151e-03
 58 -0.15417  3.21049e-02 |
58 variables; iteration 160; function evaluation 187; phase 4
Function value 1.5246273e+02; maximum gradient component mag 1.2978e-01
Var    Value     Gradient |Var    Value     Gradient |Var    Value     Gradient
  1  0.14603  6.53282e-02 |  2 -0.13982  1.41275e-04 |  3 -0.00568 -1.44331e-04
  4 -0.04508  5.05556e-04 |  5  0.00063  3.35573e-04 |  6 -0.06066 -1.02052e-03
  7 -0.10899 -3.13561e-04 |  8 -0.06752 -7.87382e-04 |  9 -0.06850 -2.13647e-04
 10  0.02983 -6.24525e-04 | 11  0.01169 -5.27168e-04 | 12  0.05259 -9.74663e-04
 13  0.01222 -9.88025e-04 | 14  0.00238 -8.91575e-04 | 15  0.06691 -1.79301e-03
 16  0.01170 -5.35078e-05 | 17 -0.05514 -5.66325e-04 | 18 -0.00916 -6.95902e-04
 19 -0.01907 -9.09184e-04 | 20  0.05842  1.68931e-04 | 21  0.05330 -2.34818e-04
 22 -0.04408 -3.57156e-04 | 23 -0.02264 -2.68204e-04 | 24 -0.10850 -3.79144e-04
 25 -0.01136 -5.33526e-05 | 26 -0.01720  3.35147e-04 | 27 -0.00373  1.53057e-03
 28  0.05472  5.65476e-03 | 29  0.00354  1.09427e-04 | 30  0.06972  1.50691e-03
 31 -0.01835 -1.93283e-03 | 32  0.07774  2.80941e-03 | 33  0.03732 -5.58069e-04
 34  0.05936  1.53807e-03 | 35  0.02172  1.24840e-03 | 36 -0.01809  6.96138e-04
 37  0.01206  1.04677e-03 | 38 -0.00291 -2.73575e-03 | 39  0.15222  1.28920e-03
 40  0.19365  5.27539e-03 | 41  0.25436  6.33100e-04 | 42  0.13693 -3.12287e-03
 43 -0.56795 -3.81867e-06 | 44 -0.18337  3.10573e-05 | 45 -0.03585  7.48682e-06
 46 -0.72088  6.08134e-06 | 47 -0.69118 -2.18717e-03 | 48 -0.71317  2.35530e-03
 49 -0.76759 -1.24475e-02 | 50 -0.68014  8.89664e-03 | 51 -0.60544  3.18884e-05
 52 -0.39801 -6.42585e-05 | 53 -0.17627 -5.12184e-02 | 54 -0.13908  6.11814e-02
 55 -0.15883  1.29777e-01 | 56 -0.14063 -6.39148e-02 | 57 -0.11946 -2.57502e-02
 58 -0.14481 -2.67544e-02 |
58 variables; iteration 180; function evaluation 213; phase 4
Function value 1.5246272e+02; maximum gradient component mag 4.4272e-01
Var    Value     Gradient |Var    Value     Gradient |Var    Value     Gradient
  1  0.14603 -3.88395e-02 |  2 -0.13983 -6.89460e-04 |  3 -0.00568  4.78671e-04
  4 -0.04508  1.73398e-03 |  5  0.00063 -8.58086e-04 |  6 -0.06066 -1.11828e-03
  7 -0.10899  2.14706e-04 |  8 -0.06752 -1.59004e-03 |  9 -0.06851 -1.77956e-03
 10  0.02983 -1.02715e-03 | 11  0.01169  1.42500e-03 | 12  0.05260  6.49023e-04
 13  0.01222  3.37413e-04 | 14  0.00238  4.52287e-04 | 15  0.06691 -2.74391e-03
 16  0.01170  4.95036e-03 | 17 -0.05513  2.34806e-03 | 18 -0.00916 -1.48407e-04
 19 -0.01907  6.70352e-04 | 20  0.05842  2.93879e-03 | 21  0.05330  7.93571e-04
 22 -0.04408  7.90341e-04 | 23 -0.02264 -2.19253e-04 | 24 -0.10850  7.20018e-04
 25 -0.01136  3.57483e-04 | 26 -0.01720  3.50677e-03 | 27 -0.00373  2.36769e-03
 28  0.05472  5.70590e-03 | 29  0.00354 -3.77612e-03 | 30  0.06972 -3.83975e-03
 31 -0.01835 -5.69163e-03 | 32  0.07774  3.95545e-04 | 33  0.03732 -5.19521e-03
 34  0.05936  1.68741e-03 | 35  0.02172  3.31543e-03 | 36 -0.01809  5.34973e-04
 37  0.01206  6.95121e-04 | 38 -0.00291 -8.97941e-03 | 39  0.15222 -3.08277e-03
 40  0.19365 -3.58396e-02 | 41  0.25436 -3.73401e-03 | 42  0.13693 -2.09504e-02
 43 -0.56684 -5.56065e-05 | 44 -0.19085 -2.85187e-05 | 45 -0.03723 -1.18734e-05
 46 -0.72169 -4.47706e-04 | 47 -0.69126  3.12325e-03 | 48 -0.71325 -3.47936e-03
 49 -0.76748  2.78427e-02 | 50 -0.68001 -1.99830e-02 | 51 -0.60925 -4.88416e-05
 52 -0.38950  2.42249e-05 | 53 -0.17985  1.75459e-01 | 54 -0.13908 -1.78249e-01
 55 -0.15661  4.42721e-01 | 56 -0.13606 -2.15058e-01 | 57 -0.11595  4.33829e-02
 58 -0.14127  1.34834e-01 |
58 variables; iteration 200; function evaluation 234; phase 4
Function value 1.5246272e+02; maximum gradient component mag 9.8919e-02
Var    Value     Gradient |Var    Value     Gradient |Var    Value     Gradient
  1  0.14603 -2.76656e-02 |  2 -0.13982 -4.17055e-05 |  3 -0.00568 -2.90875e-06
  4 -0.04508  3.46540e-04 |  5  0.00063 -3.65050e-06 |  6 -0.06066  1.42936e-04
  7 -0.10899  4.93772e-04 |  8 -0.06752  1.53541e-04 |  9 -0.06850  2.90580e-04
 10  0.02983  3.13188e-04 | 11  0.01169  5.90894e-04 | 12  0.05259  4.13320e-04
 13  0.01222  3.77317e-04 | 14  0.00238  4.19720e-04 | 15  0.06691 -2.13266e-04
 16  0.01170  1.15146e-03 | 17 -0.05514  7.13690e-04 | 18 -0.00916  3.76617e-04
 19 -0.01907  3.94583e-04 | 20  0.05842  9.61969e-04 | 21  0.05330  5.41422e-04
 22 -0.04408  3.65230e-04 | 23 -0.02264  3.40949e-04 | 24 -0.10850  3.61209e-04
 25 -0.01136  1.29172e-04 | 26 -0.01720  7.66298e-04 | 27 -0.00373  7.51271e-04
 28  0.05472  3.64348e-04 | 29  0.00354 -1.35320e-03 | 30  0.06972 -2.24774e-03
 31 -0.01835 -1.13269e-03 | 32  0.07774 -2.50556e-03 | 33  0.03732 -2.01006e-03
 34  0.05936 -2.11099e-04 | 35  0.02172  4.25125e-04 | 36 -0.01809  6.46549e-04
 37  0.01206  8.53810e-04 | 38 -0.00291 -2.92407e-03 | 39  0.15222 -6.08931e-05
 40  0.19365 -1.68724e-02 | 41  0.25436 -1.48499e-04 | 42  0.13693 -2.47554e-03
 43 -0.56690  1.70377e-06 | 44 -0.18862 -2.67429e-06 | 45 -0.03681  5.08599e-06
 46 -0.72069  9.40876e-05 | 47 -0.69117 -1.02161e-03 | 48 -0.71316  1.10462e-03
 49 -0.76753  6.69452e-04 | 50 -0.68007 -4.82618e-04 | 51 -0.60790  4.17592e-06
 52 -0.39208  8.51148e-06 | 53 -0.19258  9.89193e-02 | 54 -0.13915 -9.12304e-02
 55 -0.15632  6.08097e-02 | 56 -0.13547 -2.95146e-02 | 57 -0.10369  1.03081e-02
 58 -0.12886  9.11248e-02 |
58 variables; iteration 220; function evaluation 258; phase 4
Function value 1.5246272e+02; maximum gradient component mag 5.3747e-04
Var    Value     Gradient |Var    Value     Gradient |Var    Value     Gradient
  1  0.14603 -1.43843e-04 |  2 -0.13982 -6.40857e-08 |  3 -0.00568 -6.67662e-07
  4 -0.04508  1.89921e-06 |  5  0.00063 -3.44873e-07 |  6 -0.06066  1.43168e-07
  7 -0.10899  2.62898e-06 |  8 -0.06752  5.58927e-07 |  9 -0.06850  2.08750e-06
 10  0.02983  1.78966e-06 | 11  0.01169  2.96241e-06 | 12  0.05259  1.87090e-06
 13  0.01222  1.79884e-06 | 14  0.00238  2.24755e-06 | 15  0.06691 -1.92476e-06
 16  0.01170  6.36077e-06 | 17 -0.05514  3.61685e-06 | 18 -0.00916  1.89242e-06
 19 -0.01907  1.91593e-06 | 20  0.05842  5.49280e-06 | 21  0.05330  2.83746e-06
 22 -0.04408  1.57942e-06 | 23 -0.02264  1.95085e-06 | 24 -0.10850  1.54438e-06
 25 -0.01136  2.30762e-07 | 26 -0.01720  4.47263e-06 | 27 -0.00373  5.19836e-06
 28  0.05472  2.62150e-06 | 29  0.00354 -7.70540e-06 | 30  0.06972 -1.18683e-05
 31 -0.01835 -6.69188e-06 | 32  0.07774 -1.29344e-05 | 33  0.03732 -1.11600e-05
 34  0.05936 -6.07367e-07 | 35  0.02172  2.63267e-06 | 36 -0.01809  4.21818e-06
 37  0.01206  5.23861e-06 | 38 -0.00291 -1.66842e-05 | 39  0.15222 -4.84014e-07
 40  0.19365 -9.48810e-05 | 41  0.25436  1.04162e-08 | 42  0.13693 -1.31934e-05
 43 -0.56700  6.01107e-08 | 44 -0.18817 -1.11425e-08 | 45 -0.03730  5.93727e-08
 46 -0.72085  1.40448e-06 | 47 -0.69117 -1.34752e-05 | 48 -0.71316  1.46556e-05
 49 -0.76753 -2.16309e-06 | 50 -0.68007  1.58977e-06 | 51 -0.60774  8.75454e-08
 52 -0.39257  7.67019e-08 | 53 -0.20191  5.37466e-04 | 54 -0.13918 -5.14069e-04
 55 -0.15632  2.94210e-04 | 56 -0.13545 -1.42780e-04 | 57 -0.09474  7.85127e-05
 58 -0.11983  4.77529e-04 |

 - final statistics:
58 variables; iteration 221; function evaluation 259
Function value 1.5246e+02; maximum gradient component mag -1.1785e-05
Exit code = 1;  converg criter 1.0000e-04
Var    Value     Gradient |Var    Value     Gradient |Var    Value     Gradient
  1  0.14603  1.25239e-06 |  2 -0.13982 -2.87249e-08 |  3 -0.00568  5.70390e-08
  4 -0.04508 -2.10287e-08 |  5  0.00063 -1.09550e-08 |  6 -0.06066  1.23989e-08
  7 -0.10899 -6.96046e-08 |  8 -0.06752 -2.81176e-08 |  9 -0.06850 -1.36915e-07
 10  0.02983 -7.69883e-08 | 11  0.01169 -5.09958e-08 | 12  0.05259 -5.67496e-09
 13  0.01222 -1.65868e-08 | 14  0.00238 -2.90527e-08 | 15  0.06691  5.47902e-08
 16  0.01170 -1.08527e-07 | 17 -0.05514 -5.99863e-08 | 18 -0.00916 -7.17175e-08
 19 -0.01907 -1.92403e-08 | 20  0.05842 -1.33473e-07 | 21  0.05330 -7.74151e-08
 22 -0.04408 -6.78988e-08 | 23 -0.02264 -9.50729e-08 | 24 -0.10850 -5.89506e-08
 25 -0.01136 -6.62850e-08 | 26 -0.01720 -4.41264e-08 | 27 -0.00373 -1.22995e-07
 28  0.05472 -6.95548e-08 | 29  0.00354  1.16093e-07 | 30  0.06972  3.00550e-07
 31 -0.01835  8.13388e-08 | 32  0.07774  6.01491e-07 | 33  0.03732  2.66760e-07
 34  0.05936  7.32654e-08 | 35  0.02172  1.04722e-09 | 36 -0.01809 -1.64997e-07
 37  0.01206 -2.15378e-07 | 38 -0.00291  3.20390e-07 | 39  0.15222 -1.13703e-07
 40  0.19365  1.86910e-06 | 41  0.25436 -1.93352e-07 | 42  0.13693 -4.88645e-07
 43 -0.56700 -4.03061e-09 | 44 -0.18817 -9.32067e-10 | 45 -0.03731 -1.18054e-09
 46 -0.72085  2.49897e-08 | 47 -0.69117  1.23554e-06 | 48 -0.71316 -1.34844e-06
 49 -0.76753  1.08948e-07 | 50 -0.68007 -8.86544e-08 | 51 -0.60774 -1.34841e-08
 52 -0.39257 -5.03713e-09 | 53 -0.20192 -9.66644e-06 | 54 -0.13918  7.01668e-06
 55 -0.15632  3.59647e-06 | 56 -0.13545 -1.74505e-06 | 57 -0.09473  1.79062e-06
 58 -0.11983 -1.17853e-05 |
Estimating row 1 out of 58 for hessian
Estimating row 2 out of 58 for hessian
Estimating row 3 out of 58 for hessian
Estimating row 4 out of 58 for hessian
Estimating row 5 out of 58 for hessian
Estimating row 6 out of 58 for hessian
Estimating row 7 out of 58 for hessian
Estimating row 8 out of 58 for hessian
Estimating row 9 out of 58 for hessian
Estimating row 10 out of 58 for hessian
Estimating row 11 out of 58 for hessian
Estimating row 12 out of 58 for hessian
Estimating row 13 out of 58 for hessian
Estimating row 14 out of 58 for hessian
Estimating row 15 out of 58 for hessian
Estimating row 16 out of 58 for hessian
Estimating row 17 out of 58 for hessian
Estimating row 18 out of 58 for hessian
Estimating row 19 out of 58 for hessian
Estimating row 20 out of 58 for hessian
Estimating row 21 out of 58 for hessian
Estimating row 22 out of 58 for hessian
Estimating row 23 out of 58 for hessian
Estimating row 24 out of 58 for hessian
Estimating row 25 out of 58 for hessian
Estimating row 26 out of 58 for hessian
Estimating row 27 out of 58 for hessian
Estimating row 28 out of 58 for hessian
Estimating row 29 out of 58 for hessian
Estimating row 30 out of 58 for hessian
Estimating row 31 out of 58 for hessian
Estimating row 32 out of 58 for hessian
Estimating row 33 out of 58 for hessian
Estimating row 34 out of 58 for hessian
Estimating row 35 out of 58 for hessian
Estimating row 36 out of 58 for hessian
Estimating row 37 out of 58 for hessian
Estimating row 38 out of 58 for hessian
Estimating row 39 out of 58 for hessian
Estimating row 40 out of 58 for hessian
Estimating row 41 out of 58 for hessian
Estimating row 42 out of 58 for hessian
Estimating row 43 out of 58 for hessian
Estimating row 44 out of 58 for hessian
Estimating row 45 out of 58 for hessian
Estimating row 46 out of 58 for hessian
Estimating row 47 out of 58 for hessian
Estimating row 48 out of 58 for hessian
Estimating row 49 out of 58 for hessian
Estimating row 50 out of 58 for hessian
Estimating row 51 out of 58 for hessian
Estimating row 52 out of 58 for hessian
Estimating row 53 out of 58 for hessian
Estimating row 54 out of 58 for hessian
Estimating row 55 out of 58 for hessian
Estimating row 56 out of 58 for hessian
Estimating row 57 out of 58 for hessian
Estimating row 58 out of 58 for hessian
size of file gradfil1.tmp = 0
size of file gradfil2.tmp = 0
size of file varssave.tmp = 0
size of file cmpdiff.tmp = 0
