
Initial statistics: 4 variables; iteration 0; function evaluation 0; phase 1
Function value 5.0581136e+03; maximum gradient component mag 3.4614e+04
Var    Value     Gradient |Var    Value     Gradient |Var    Value     Gradient
  1  0.39650  3.46138e+04 |  2  0.10660  8.17902e+03 |  3  0.10660  6.02158e+03
  4  0.10660  4.07471e+03 |

 - final statistics:
4 variables; iteration 11; function evaluation 26
Function value 5.9578e+02; maximum gradient component mag -6.7552e+00
Exit code = 1;  converg criter 1.0000e+01
Var    Value     Gradient |Var    Value     Gradient |Var    Value     Gradient
  1  0.19122 -1.73599e+00 |  2  0.09199 -1.27706e+00 |  3  0.07024 -6.75518e+00
  4  0.02616 -2.59708e+00 |

Initial statistics: 53 variables; iteration 0; function evaluation 0; phase 2
Function value 5.9578428e+02; maximum gradient component mag -5.2391e+02
Var    Value     Gradient |Var    Value     Gradient |Var    Value     Gradient
  1  0.19122 -1.73599e+00 |  2  0.00000  5.20425e+01 |  3  0.00000 -1.05345e+02
  4  0.00000  4.23939e+01 |  5  0.00000 -6.45666e+01 |  6  0.00000 -2.55687e+01
  7  0.00000  5.31490e+01 |  8  0.00000  7.53487e+00 |  9  0.00000  1.07690e+01
 10  0.00000 -7.21605e+01 | 11  0.00000  1.60314e+01 | 12  0.00000 -4.04787e+01
 13  0.00000  2.85292e+00 | 14  0.00000 -1.83884e+00 | 15  0.00000 -7.28113e+01
 16  0.00000  2.20339e+01 | 17  0.00000  1.04593e+02 | 18  0.00000  6.94007e+00
 19  0.00000  3.95609e+01 | 20  0.00000 -1.44510e+02 | 21  0.00000 -1.43575e+02
 22  0.00000  7.60395e+01 | 23  0.00000  2.15388e+01 | 24  0.00000  2.05054e+02
 25  0.00000  7.80811e+00 | 26  0.00000  8.56516e+00 | 27  0.00000  3.89823e+01
 28  0.00000 -1.68943e+02 | 29  0.00000  1.14854e+02 | 30  0.00000 -2.89674e+02
 31  0.00000  2.06249e+02 | 32  0.00000 -3.06219e+02 | 33  0.00000  3.37322e+01
 34  0.00000 -1.78734e+02 | 35  0.00000  5.51771e+01 | 36  0.00000  2.20188e+02
 37  0.00000  3.35033e+01 | 38  0.00000  1.59357e+02 | 39  0.09199 -1.27706e+00
 40  0.07024 -6.75518e+00 | 41  0.10660 -5.73893e+01 | 42  0.02616 -2.59708e+00
 43 -1.00000 -1.08293e-07 | 44  0.00000  1.50817e-04 | 45  0.00000  4.36228e-01
 46 -0.53989  9.20708e+00 | 47 -1.00000 -1.08293e-07 | 48 -0.53989  1.30956e+01
 49 -1.00000 -1.08293e-07 | 50 -0.53989  3.45558e+00 | 51 -0.32288  2.34879e+01
 52  0.21635  7.24707e-01 | 53 -0.17585 -5.23906e+02 |

Intermediate statistics: 53 variables; iteration 20; function evaluation 35; phase 2
Function value 4.3710241e+02; maximum gradient component mag -1.1298e+03
Var    Value     Gradient |Var    Value     Gradient |Var    Value     Gradient
  1  0.19113 -1.12984e+03 |  2 -0.15629 -3.09938e+01 |  3  0.24143  1.16264e+02
  4  0.16607  7.44586e+01 |  5  0.17190  4.38212e+01 |  6  0.11590  2.04386e+02
  7  0.03964  1.88025e+02 |  8  0.03984  1.73541e+02 |  9  0.07563  2.22581e+02
 10  0.13122  2.38861e+02 | 11  0.10455  2.86968e+02 | 12  0.09408  2.80727e+02
 13  0.04268  2.50789e+02 | 14  0.03682  2.39642e+02 | 15  0.05371  2.70792e+02
 16  0.00705  2.76231e+02 | 17 -0.03861  2.64630e+02 | 18 -0.01095  2.36652e+02
 19 -0.03330  2.17601e+02 | 20  0.01758  1.37819e+02 | 21 -0.00252  9.26842e+01
 22 -0.01597  2.93125e+02 | 23 -0.02828  1.98257e+02 | 24 -0.02125  4.08341e+02
 25 -0.01384  2.24594e+02 | 26 -0.03734  1.51310e+02 | 27 -0.02689  1.44940e+02
 28 -0.06178 -1.67770e+02 | 29 -0.07570  1.04694e+02 | 30  0.04133  2.05194e+02
 31 -0.05477  1.66112e+02 | 32 -0.09675 -3.52841e+02 | 33 -0.07805 -5.44901e-01
 34  0.02706  2.13431e+02 | 35 -0.06611  4.05075e+01 | 36 -0.08386  1.61705e+02
 37  0.00315  2.64432e+02 | 38  0.08331  5.41147e+02 | 39  0.11040 -9.82941e+01
 40  0.07936 -2.27469e+02 | 41  0.13116  6.28023e+01 | 42  0.10765  8.58438e+01
 43 -1.55504 -1.84054e+01 | 44 -0.00009  1.72440e+00 | 45 -0.01204 -5.95852e-05
 46 -0.79804 -9.56027e-03 | 47 -1.33224  5.91784e+02 | 48 -0.61151  5.09333e+02
 49 -1.12669  7.86572e+00 | 50 -0.75251  3.97326e+00 | 51 -0.33128  1.00399e+02
 52  0.11337  4.23939e+00 | 53 -0.12138 -7.29257e+02 |
53 variables; iteration 40; function evaluation 63; phase 2
Function value 3.6301950e+02; maximum gradient component mag 5.6410e+02
Var    Value     Gradient |Var    Value     Gradient |Var    Value     Gradient
  1  0.18132  1.89897e+02 |  2 -0.06916 -1.15697e+01 |  3  0.24312  1.35425e+02
  4  0.15715  7.36491e+01 |  5  0.15859  5.37879e+01 |  6  0.08638  1.65895e+02
  7 -0.01282  1.06571e+02 |  8  0.03354  1.54132e+02 |  9  0.09880  2.19187e+02
 10  0.17633  2.65330e+02 | 11  0.12038  2.49152e+02 | 12  0.11894  2.84733e+02
 13  0.05584  2.40914e+02 | 14  0.04044  2.14957e+02 | 15  0.05067  2.45122e+02
 16  0.00600  2.69107e+02 | 17 -0.07817  1.74769e+02 | 18 -0.01211  2.19254e+02
 19 -0.02000  2.33883e+02 | 20  0.04509  1.97965e+02 | 21  0.02296  1.43179e+02
 22 -0.03919  2.18794e+02 | 23 -0.03806  1.73990e+02 | 24 -0.08199  2.57378e+02
 25 -0.01885  2.13116e+02 | 26 -0.05795  1.25240e+02 | 27 -0.04978  1.22881e+02
 28 -0.01107  4.63645e+01 | 29 -0.07681  7.64487e+01 | 30  0.06113  4.38766e+02
 31 -0.09352 -2.39736e+00 | 32 -0.01969 -3.56975e+01 | 33 -0.06843 -1.01870e+01
 34  0.03728  3.32838e+02 | 35 -0.06170  2.18676e+01 | 36 -0.10698  1.09428e+01
 37  0.00238  2.36425e+02 | 38  0.05694  4.51446e+02 | 39  0.12414  5.61404e+01
 40  0.09949 -3.65912e+01 | 41  0.14863  1.44954e+02 | 42  0.15322  1.38563e+02
 43 -1.55398 -1.11209e+00 | 44 -0.67901  8.49692e-02 | 45 -0.27987  3.67132e-01
 46 -1.47194 -8.80121e+00 | 47 -1.32894  5.64101e+02 | 48 -0.63056  5.03448e+02
 49 -1.08149 -9.23483e+01 | 50 -0.85590 -5.20981e+01 | 51 -0.32305  2.61400e+01
 52 -1.12636 -4.77958e-01 | 53 -0.08073 -3.90580e+02 |
53 variables; iteration 60; function evaluation 96; phase 2
Function value 2.5845775e+02; maximum gradient component mag -5.9995e+02
Var    Value     Gradient |Var    Value     Gradient |Var    Value     Gradient
  1  0.14552 -5.99953e+02 |  2 -0.62483 -5.55392e+01 |  3  0.04962  9.85337e+01
  4 -0.04079 -2.26982e+01 |  5 -0.00148 -4.93476e+01 |  6 -0.04594  5.86963e+01
  7 -0.09877  2.82062e+01 |  8 -0.12043 -1.12497e+02 |  9 -0.07001  1.36892e+02
 10  0.02428  1.02612e+02 | 11  0.02133  1.27785e+02 | 12  0.05776  1.11173e+02
 13  0.00352  8.42038e+01 | 14  0.03096  1.64647e+02 | 15  0.09010  1.75401e+02
 16 -0.00354  6.56119e+01 | 17 -0.05975  7.73777e+01 | 18  0.03449  1.42599e+02
 19 -0.03068  2.38321e+01 | 20  0.08791  1.39173e+02 | 21  0.10817  2.26746e+02
 22 -0.02495  1.01389e+02 | 23 -0.01927  6.54823e+01 | 24 -0.10023  8.45502e+01
 25  0.02176  1.48793e+02 | 26 -0.01249  1.00505e+02 | 27  0.00037  9.16442e+01
 28  0.05772  1.19885e+02 | 29 -0.02697 -3.39155e+01 | 30  0.09183  3.66130e+02
 31 -0.04115 -4.34904e+01 | 32  0.06952  2.17760e+02 | 33  0.01710  8.84540e+01
 34  0.07478  2.79802e+02 | 35  0.01527  1.29222e+02 | 36 -0.04190 -2.95192e+01
 37  0.02867  2.33706e+02 | 38 -0.04332  1.03179e+02 | 39  0.17629 -6.97709e+01
 40  0.13169  8.86950e+01 | 41  0.17681  1.74596e+02 | 42  0.22245  9.26743e+01
 43 -1.53524 -1.55478e-02 | 44 -0.83168 -1.02931e-02 | 45 -2.31506 -1.97338e-02
 46 -1.34483 -5.50186e-01 | 47 -1.27984 -1.04302e+02 | 48 -0.74126 -1.13089e+02
 49 -1.02779 -1.42673e+02 | 50 -0.96104 -1.01858e+02 | 51 -0.31238  8.26398e+01
 52 -0.64802  2.56819e+00 | 53 -0.02890  1.30125e+01 |
Maximum number of function evaluations exceeded

 - final statistics:
53 variables; iteration 65; function evaluation 100
Function value 2.2498e+02; maximum gradient component mag 1.3026e+03
Exit code = 3;  converg criter 1.0000e+01
Var    Value     Gradient |Var    Value     Gradient |Var    Value     Gradient
  1  0.14598  2.66072e+02 |  2 -0.53376 -5.99169e+01 |  3  0.01360  2.97700e+01
  4 -0.05318 -2.72612e+01 |  5  0.00541 -6.97610e-01 |  6 -0.06398 -1.63882e+01
  7 -0.10157  1.42055e+01 |  8 -0.08923 -3.91324e+01 |  9 -0.08603 -1.02124e+00
 10  0.01523 -1.45777e+01 | 11  0.01275  1.18290e+01 | 12  0.06249  3.41097e+01
 13  0.01252  1.25059e+01 | 14  0.00744  1.20597e+01 | 15  0.06979  1.89935e+01
 16  0.00569 -1.82609e+01 | 17 -0.04257  8.44684e+00 | 18  0.01592 -2.98364e+00
 19 -0.00384 -1.02297e+01 | 20  0.07624  7.16233e+00 | 21  0.08927  6.03906e+01
 22 -0.02374 -3.08341e+00 | 23 -0.01424 -2.61861e+01 | 24 -0.10101 -2.65956e+01
 25  0.01044 -1.61562e+00 | 26 -0.01277  2.62266e+00 | 27  0.00258  1.68362e+01
 28  0.05543  4.44947e+01 | 29 -0.01180 -3.68388e+01 | 30  0.07054  8.10146e+01
 31 -0.01563 -2.34641e+01 | 32  0.05923  6.46814e+01 | 33  0.01932  3.80676e+00
 34  0.05917  5.56189e+01 | 35  0.01159  2.39985e+01 | 36 -0.02996 -2.45073e+01
 37  0.01709  8.03246e+01 | 38 -0.06992 -4.66380e+01 | 39  0.18211  7.11637e+01
 40  0.13195  7.19282e+01 | 41  0.16775  5.44925e+01 | 42  0.21897  3.80394e+01
 43 -1.39295  2.02536e-03 | 44 -0.11584  1.27755e-04 | 45 -3.53781  6.45378e-02
 46 -1.39818 -1.86803e+00 | 47 -1.32125  1.39710e+02 | 48 -0.69597  1.48014e+02
 49 -1.01599  1.30258e+03 | 50 -0.97659  8.89332e+02 | 51 -0.32249 -9.94151e+00
 52 -0.40981 -4.84990e-01 | 53 -0.02505  6.90526e+01 |

Initial statistics: 56 variables; iteration 0; function evaluation 0; phase 3
Function value 2.2495288e+02; maximum gradient component mag -1.3026e+03
Var    Value     Gradient |Var    Value     Gradient |Var    Value     Gradient
  1  0.14598  2.66072e+02 |  2 -0.53376 -5.99169e+01 |  3  0.01360  2.97700e+01
  4 -0.05318 -2.72612e+01 |  5  0.00541 -6.97610e-01 |  6 -0.06420 -2.43104e+01
  7 -0.10178  6.34305e+00 |  8 -0.08945 -4.70153e+01 |  9 -0.08625 -8.91142e+00
 10  0.01502 -2.25388e+01 | 11  0.01254  3.86744e+00 | 12  0.06227  2.61856e+01
 13  0.01230  4.54426e+00 | 14  0.00723  4.09709e+00 | 15  0.06957  1.10786e+01
 16  0.00548 -2.62239e+01 | 17 -0.04278  5.01427e-01 | 18  0.01570 -1.09444e+01
 19 -0.00405 -1.81927e+01 | 20  0.07603 -7.43866e-01 | 21  0.08905  5.25081e+01
 22 -0.02396 -1.10409e+01 | 23 -0.01445 -3.41470e+01 | 24 -0.10122 -3.44569e+01
 25  0.01023 -9.57780e+00 | 26 -0.01298 -5.33890e+00 | 27  0.00237  8.87303e+00
 28  0.05521  3.65627e+01 | 29 -0.01201 -4.48004e+01 | 30  0.07033  7.31030e+01
 31 -0.01584 -3.14247e+01 | 32  0.05901  5.67544e+01 | 33  0.01910 -4.15282e+00
 34  0.05896  4.76916e+01 | 35  0.01138  1.60367e+01 | 36 -0.03018 -3.24612e+01
 37  0.01688  7.23649e+01 | 38 -0.07013 -5.45512e+01 | 39  0.18211  7.11637e+01
 40  0.13195  7.19282e+01 | 41  0.16775  5.44925e+01 | 42  0.21897  3.80394e+01
 43 -0.60705 -2.02536e-03 | 44 -0.11584  1.27755e-04 | 45  0.46219  6.45378e-02
 46 -0.60182  1.86803e+00 | 47 -0.67875 -1.39710e+02 | 48 -0.69597  1.48014e+02
 49 -0.98401 -1.30258e+03 | 50 -0.97659  8.89332e+02 | 51 -0.32249 -9.94151e+00
 52 -0.40981 -4.84990e-01 | 53 -0.17585 -6.55568e+02 | 54 -0.12819 -3.72249e+02
 55 -0.02505  6.90526e+01 | 56  0.05795 -5.78925e+01 |

Intermediate statistics: 56 variables; iteration 20; function evaluation 27; phase 3
Function value 1.9346201e+02; maximum gradient component mag -1.5366e+03
Var    Value     Gradient |Var    Value     Gradient |Var    Value     Gradient
  1  0.15231 -6.62980e+02 |  2 -0.11170  1.27645e+01 |  3 -0.02219 -3.60435e+01
  4 -0.05710 -1.77776e+01 |  5 -0.01071 -2.36055e+01 |  6 -0.07275 -1.06506e+01
  7 -0.11751 -2.51998e+00 |  8 -0.07070 -2.35043e-01 |  9 -0.05519  2.67208e+01
 10  0.02911  1.48442e+01 | 11  0.00286  4.10087e+00 | 12  0.03869 -2.36313e+00
 13 -0.00081 -2.96754e+00 | 14 -0.01185 -3.83617e+00 | 15  0.05707 -3.09350e+00
 16  0.00274 -8.12647e+00 | 17 -0.05817 -5.73125e+00 | 18  0.00578  7.46379e+00
 19 -0.00535 -9.32549e-01 | 20  0.06758  1.55296e+01 | 21  0.07153  2.87786e+01
 22 -0.02767  3.68338e+00 | 23 -0.01551  2.87761e+00 | 24 -0.09579  6.32080e+00
 25 -0.00088 -1.38660e+01 | 26 -0.02028 -4.82033e+00 | 27 -0.00520 -1.81504e+00
 28  0.04612 -3.96539e+01 | 29 -0.00707 -3.23604e+00 | 30  0.07011  2.36657e+01
 31 -0.00971  4.12614e+00 | 32  0.06890  2.43495e+01 | 33  0.02885  9.60262e+00
 34  0.05806  2.80727e+01 | 35  0.01024  1.40038e+01 | 36 -0.03005 -2.04433e+01
 37  0.01926 -7.86038e-01 | 38  0.03162  8.65118e+01 | 39  0.15308 -1.11109e+02
 40  0.14647  2.39653e+02 | 41  0.15253 -3.60068e+01 | 42  0.15458  1.93055e+01
 43 -0.60706  2.49936e-03 | 44 -0.11585  1.46124e-03 | 45  0.46154  5.06323e-02
 46 -0.62081  1.52295e+00 | 47 -0.67812 -4.22891e+02 | 48 -0.68103  4.27223e+02
 49 -0.99196 -1.53665e+03 | 50 -0.98810  1.03843e+03 | 51 -0.34173  3.24202e+01
 52 -0.41379  2.34074e+00 | 53 -0.14337 -2.75800e+02 | 54 -0.11082 -2.53794e+01
 55 -0.09514 -1.22035e+02 | 56 -0.00991  7.49065e+01 |
56 variables; iteration 40; function evaluation 53; phase 3
Function value 1.8666694e+02; maximum gradient component mag -5.0283e+02
Var    Value     Gradient |Var    Value     Gradient |Var    Value     Gradient
  1  0.15150 -2.83087e+02 |  2 -0.15058 -3.17016e+00 |  3 -0.01411 -7.16433e+00
  4 -0.05868 -1.57338e+01 |  5 -0.00893 -1.49026e+01 |  6 -0.06268  6.06199e+00
  7 -0.10826  5.23582e+00 |  8 -0.06711  2.80153e+00 |  9 -0.05683  1.12354e+01
 10  0.02985  6.67132e+00 | 11  0.00687  4.39499e+00 | 12  0.04065 -1.82442e+00
 13  0.00148 -9.69574e-01 | 14 -0.00378  4.68807e+00 | 15  0.05630 -1.44332e+00
 16  0.00781  9.90378e+00 | 17 -0.05406  2.96489e+00 | 18  0.00401 -2.33146e+00
 19 -0.00343  1.10951e+00 | 20  0.06651  2.01364e+00 | 21  0.06369 -7.19023e+00
 22 -0.02283  8.52255e+00 | 23 -0.01919 -1.48208e+01 | 24 -0.09396  6.51418e+00
 25  0.00313 -1.07687e+00 | 26 -0.02040 -6.23904e+00 | 27 -0.00484 -2.24773e+00
 28  0.04768 -1.23059e+01 | 29 -0.00520  4.21420e+00 | 30  0.06811  1.29230e+01
 31 -0.00751  4.04718e+00 | 32  0.06774  2.64382e+01 | 33  0.03039  1.23165e+01
 34  0.05486  3.02410e+00 | 35  0.00673 -1.22397e+01 | 36 -0.03258 -3.82833e+01
 37  0.01296 -1.74546e+01 | 38 -0.00576  1.54801e+01 | 39  0.15692 -8.32993e+01
 40  0.14411  1.42616e+02 | 41  0.15522 -2.43622e+01 | 42  0.16108 -1.28314e+01
 43 -0.60880  1.76059e-03 | 44 -0.11703  1.26265e-03 | 45  0.46150  1.51978e-01
 46 -0.56956  4.14987e+00 | 47 -0.73631 -7.31578e+00 | 48 -0.75167  7.76599e+00
 49 -0.98829 -5.02826e+02 | 50 -0.98302  3.46699e+02 | 51 -0.32488  3.61164e+01
 52 -0.71738  1.38772e+00 | 53 -0.14406 -1.89127e+02 | 54 -0.10963 -5.84888e+01
 55 -0.09460  3.36749e+01 | 56 -0.01869 -1.41185e+01 |
56 variables; iteration 60; function evaluation 84; phase 3
Function value 1.8347592e+02; maximum gradient component mag -3.1904e+01
Var    Value     Gradient |Var    Value     Gradient |Var    Value     Gradient
  1  0.15207 -3.19035e+01 |  2 -0.14471 -8.31093e-02 |  3 -0.01273 -9.27288e-02
  4 -0.05402 -2.79589e-01 |  5 -0.00841 -4.01508e-01 |  6 -0.06535  4.30667e-01
  7 -0.11174  4.35166e-01 |  8 -0.07096  6.34171e-01 |  9 -0.06702  3.65357e-01
 10  0.02447  6.05044e-01 | 11  0.00361  5.19622e-01 | 12  0.04098  1.63356e-01
 13  0.00194 -4.38261e-02 | 14 -0.00536  1.59396e-01 | 15  0.05647 -1.78000e-01
 16  0.00449  4.06251e-01 | 17 -0.05298  3.27976e-01 | 18  0.00823  4.40208e-01
 19 -0.00385 -2.94725e-02 | 20  0.06870  8.27865e-02 | 21  0.06811  8.23984e-02
 22 -0.02460  2.04171e-01 | 23 -0.01084  9.12648e-03 | 24 -0.09419  2.00324e-01
 25  0.00313  1.08318e-01 | 26 -0.01570  3.31951e-01 | 27 -0.00275 -6.38048e-01
 28  0.04835 -7.74800e-01 | 29 -0.00478  1.41187e-01 | 30  0.06833 -6.16566e-01
 31 -0.00688 -1.38677e-01 | 32  0.06684 -1.35415e-02 | 33  0.02998 -6.35323e-02
 34  0.05545 -4.92535e-01 | 35  0.00822 -4.28029e-01 | 36 -0.02803 -8.41009e-01
 37  0.01312 -8.07045e-01 | 38 -0.00597  9.74479e-01 | 39  0.15372 -4.86032e+00
 40  0.13797  9.98447e-02 | 41  0.15493 -1.15046e+00 | 42  0.15405 -7.30566e-01
 43 -0.62061  3.52052e-05 | 44 -0.12772  8.41793e-04 | 45  0.43759  3.08563e-03
 46 -0.72175  1.48329e-02 | 47 -0.64689  5.47110e+00 | 48 -0.66742 -5.42075e+00
 49 -0.98255 -1.54845e+01 | 50 -0.97482  1.05866e+01 | 51 -0.35131  2.07595e+00
 52 -0.78730  9.70754e-02 | 53 -0.12950  3.13213e+00 | 54 -0.08825  3.42521e+00
 55 -0.11548  5.17124e+00 | 56 -0.05252 -1.19087e+00 |
Maximum number of function evaluations exceeded

 - final statistics:
56 variables; iteration 73; function evaluation 100
Function value 1.8341e+02; maximum gradient component mag -1.4702e+01
Exit code = 3;  converg criter 1.0000e+00
Var    Value     Gradient |Var    Value     Gradient |Var    Value     Gradient
  1  0.15223 -9.02545e-01 |  2 -0.14457 -1.07606e-02 |  3 -0.01275 -2.86703e-02
  4 -0.05404 -1.92307e-02 |  5 -0.00847 -3.31213e-02 |  6 -0.06524  5.54838e-03
  7 -0.11157 -2.75272e-03 |  8 -0.07098 -3.55404e-02 |  9 -0.06672  6.85476e-02
 10  0.02427 -3.63726e-02 | 11  0.00338 -1.54377e-02 | 12  0.04080  3.58705e-03
 13  0.00209  4.09681e-02 | 14 -0.00516  4.31978e-02 | 15  0.05637  6.56490e-02
 16  0.00420 -5.20499e-03 | 17 -0.05303  5.12846e-02 | 18  0.00802  2.67301e-02
 19 -0.00388  1.25081e-02 | 20  0.06862  1.46978e-02 | 21  0.06808  4.13845e-02
 22 -0.02450  2.06337e-02 | 23 -0.01074  6.53559e-03 | 24 -0.09418  1.05594e-02
 25  0.00309 -2.26989e-02 | 26 -0.01570 -2.56402e-02 | 27 -0.00264  2.32952e-02
 28  0.04828  2.45547e-02 | 29 -0.00476  3.65283e-03 | 30  0.06844  9.21994e-03
 31 -0.00670 -3.19172e-02 | 32  0.06707  4.86254e-02 | 33  0.03014  9.15440e-03
 34  0.05556 -4.69574e-02 | 35  0.00824 -5.00745e-02 | 36 -0.02810 -1.13241e-01
 37  0.01293 -4.35041e-02 | 38 -0.00629  5.59909e-02 | 39  0.15273  2.78525e-01
 40  0.13756  7.21570e-02 | 41  0.15473 -9.62832e-02 | 42  0.15196  1.00865e-01
 43 -0.59551  2.01839e-04 | 44 -0.22802  1.87932e-04 | 45  0.12773  7.60020e-04
 46 -0.81509 -1.02239e-02 | 47 -0.75408  3.21231e-01 | 48 -0.76794 -3.56838e-01
 49 -0.97563 -1.47024e+01 | 50 -0.96478  1.00607e+01 | 51 -0.40764  6.51832e-02
 52 -0.77412 -2.93134e-03 | 53 -0.12998 -9.08204e-02 | 54 -0.08908  2.15488e-01
 55 -0.17151  1.34835e+01 | 56 -0.16676 -6.46377e+00 |

Initial statistics: 58 variables; iteration 0; function evaluation 0; phase 4
Function value 1.8340785e+02; maximum gradient component mag 1.2814e+02
Var    Value     Gradient |Var    Value     Gradient |Var    Value     Gradient
  1  0.15223 -4.78375e+00 |  2 -0.14457 -1.00135e-02 |  3 -0.01275 -1.74223e-02
  4 -0.05404 -3.35000e-03 |  5 -0.00847 -1.48658e-02 |  6 -0.06525  6.60292e-02
  7 -0.11157  5.09591e-02 |  8 -0.07098  3.76196e-02 |  9 -0.06672  1.05708e-01
 10  0.02427  2.66517e-02 | 11  0.00338  4.72942e-02 | 12  0.04080  6.00497e-02
 13  0.00209  8.85844e-02 | 14 -0.00516  8.38966e-02 | 15  0.05637  1.10048e-01
 16  0.00420  5.87212e-02 | 17 -0.05303  9.61715e-02 | 18  0.00802  7.02698e-02
 19 -0.00388  6.62552e-02 | 20  0.06862  5.77672e-02 | 21  0.06808  7.45511e-02
 22 -0.02450  6.84250e-02 | 23 -0.01074  4.58948e-02 | 24 -0.09418  4.52962e-02
 25  0.00308 -1.39259e-02 | 26 -0.01570 -5.96471e-02 | 27 -0.00264 -1.46363e-01
 28  0.04828 -5.74853e-01 | 29 -0.00476  7.17371e-02 | 30  0.06844 -1.23977e-01
 31 -0.00670  2.23646e-01 | 32  0.06707 -3.63468e-01 | 33  0.03014  3.57975e-02
 34  0.05556 -2.30799e-01 | 35  0.00824 -1.95925e-01 | 36 -0.02810 -1.39489e-01
 37  0.01293 -1.27693e-01 | 38 -0.00629  3.85972e-01 | 39  0.15273  2.40313e-01
 40  0.13756  3.07612e-02 | 41  0.15473 -6.87697e-02 | 42  0.15196  7.73643e-01
 43 -0.59551  4.03081e-04 | 44 -0.22802  1.81027e-04 | 45  0.12773  6.40774e-04
 46 -0.81509 -1.04998e-02 | 47 -0.75408  5.58809e-01 | 48 -0.76794 -6.09411e-01
 49 -0.97563 -1.11925e+01 | 50 -0.96478  7.63580e+00 | 51 -0.40764  5.34817e-02
 52 -0.77412 -2.81258e-03 | 53 -0.12998 -1.14825e-01 | 54 -0.08908  8.70430e-02
 55 -0.17151 -7.13540e+01 | 56 -0.16676  3.40789e+01 | 57 -0.05795  1.28139e+02
 58 -0.17585 -1.23908e+02 |

Intermediate statistics: 58 variables; iteration 20; function evaluation 27; phase 4
Function value 1.8067201e+02; maximum gradient component mag -2.1408e+02
Var    Value     Gradient |Var    Value     Gradient |Var    Value     Gradient
  1  0.15267  1.37972e+02 |  2 -0.14447  1.74961e-01 |  3 -0.01267  1.18022e+00
  4 -0.05393  2.13042e+00 |  5 -0.00806  3.37554e+00 |  6 -0.06530 -1.77133e+00
  7 -0.11162 -1.39368e+00 |  8 -0.07087 -6.86144e-01 |  9 -0.06670 -1.94706e+00
 10  0.02429 -1.06211e+00 | 11  0.00339 -7.56181e-02 | 12  0.04099  2.30075e+00
 13  0.00223  1.75520e+00 | 14 -0.00518  5.45989e-02 | 15  0.05651  4.66956e+00
 16  0.00414  4.68888e+00 | 17 -0.05388  2.39291e+00 | 18  0.00677  3.23394e+00
 19 -0.00420  3.30474e+00 | 20  0.06719  2.38313e+00 | 21  0.06683  2.21669e+00
 22 -0.02561  1.15274e+00 | 23 -0.01208  2.11203e+00 | 24 -0.09541  1.00739e+00
 25  0.00254  2.29130e+00 | 26 -0.01619  2.63855e+00 | 27 -0.00306  7.90375e+00
 28  0.04900  1.43463e+01 | 29 -0.00436 -3.98894e+00 | 30  0.06870 -1.54747e+01
 31 -0.00606 -1.65853e+00 | 32  0.06778 -1.98295e+01 | 33  0.03093 -7.70039e+00
 34  0.05585  2.73671e-01 | 35  0.00867  5.41181e+00 | 36 -0.02747  7.37489e+00
 37  0.01409  1.04798e+01 | 38 -0.00218 -1.13936e+01 | 39  0.15333  3.49876e+01
 40  0.13693 -6.15685e+01 | 41  0.15468  1.00186e+01 | 42  0.15114  1.67381e+01
 43 -0.59552  7.12745e-04 | 44 -0.22802  2.71392e-04 | 45  0.12772  6.40713e-04
 46 -0.81489 -1.04882e-02 | 47 -0.75361  7.46712e+01 | 48 -0.76873 -7.96911e+01
 49 -0.96987 -2.14081e+02 | 50 -0.95565  1.45309e+02 | 51 -0.40862 -2.25797e-03
 52 -0.77407 -8.40403e-03 | 53 -0.13302  1.40911e+02 | 54 -0.09518 -1.03063e+02
 55 -0.17252 -5.05273e+01 | 56 -0.16884  2.40319e+01 | 57 -0.08769  5.74040e+01
 58 -0.16330  8.32733e+01 |
58 variables; iteration 40; function evaluation 53; phase 4
Function value 1.7959811e+02; maximum gradient component mag 1.6242e+02
Var    Value     Gradient |Var    Value     Gradient |Var    Value     Gradient
  1  0.15246  2.00426e+00 |  2 -0.13921  2.41233e+00 |  3 -0.01430 -3.07743e+00
  4 -0.05495 -1.11771e+00 |  5 -0.00729  3.20297e+00 |  6 -0.06536 -2.06023e+00
  7 -0.11125 -1.68611e+00 |  8 -0.06704  3.64246e+00 |  9 -0.06067  4.55247e+00
 10  0.02419 -1.29125e+00 | 11  0.00088 -4.25598e+00 | 12  0.04011 -5.26652e-01
 13  0.00133 -5.72752e-01 | 14 -0.00626 -4.54359e-01 | 15  0.05672  2.96768e+00
 16  0.00338  5.99417e-01 | 17 -0.05516 -6.89393e-01 | 18  0.00581  7.82066e-01
 19 -0.00388  3.12095e+00 | 20  0.06631  7.71647e-01 | 21  0.06607  6.26127e-01
 22 -0.02702 -2.26426e-01 | 23 -0.01283  1.40174e+00 | 24 -0.09542  2.34155e+00
 25  0.00172  7.24219e-01 | 26 -0.01688  7.04273e-01 | 27 -0.00429  7.91214e-01
 28  0.04808  4.20277e+00 | 29 -0.00517 -6.79360e+00 | 30  0.06983 -2.86415e+00
 31 -0.00676 -4.58596e+00 | 32  0.06965 -2.04597e+00 | 33  0.03182 -1.53659e+00
 34  0.05593  3.83972e-01 | 35  0.00860  1.45128e+00 | 36 -0.02696  6.23113e+00
 37  0.01376  1.53098e-01 | 38  0.00028 -1.81663e+00 | 39  0.15294  6.89876e+00
 40  0.13736 -1.43748e+01 | 41  0.15468  7.74080e-01 | 42  0.14986  4.24748e-01
 43 -0.59578  4.20634e-04 | 44 -0.22816  1.88421e-04 | 45  0.12709  6.37489e-04
 46 -0.80477 -9.91248e-03 | 47 -0.78388  8.69141e+00 | 48 -0.79617 -9.24459e+00
 49 -0.97056 -1.30595e+02 | 50 -0.95708  8.94721e+01 | 51 -0.44870  1.34828e-03
 52 -0.77019 -7.70188e-03 | 53 -0.12591  1.61680e+01 | 54 -0.10043 -2.55603e+00
 55 -0.16989  1.62416e+02 | 56 -0.16338 -7.77489e+01 | 57 -0.11802  1.17416e+01
 58 -0.17814  4.36566e+00 |
58 variables; iteration 60; function evaluation 84; phase 4
Function value 1.7937616e+02; maximum gradient component mag -1.9572e+01
Var    Value     Gradient |Var    Value     Gradient |Var    Value     Gradient
  1  0.15223  6.47361e+00 |  2 -0.14471  3.52744e-02 |  3 -0.01289  4.17109e-01
  4 -0.05433 -2.09879e-01 |  5 -0.00864  1.04461e-01 |  6 -0.06573 -4.11686e-01
  7 -0.11177  2.36301e-01 |  8 -0.07109  2.56704e-01 |  9 -0.06717 -1.78706e-01
 10  0.02413  6.67451e-03 | 11  0.00322 -8.41873e-02 | 12  0.04079  1.74516e-01
 13  0.00180 -1.96070e-01 | 14 -0.00543  6.88762e-02 | 15  0.05616  1.81963e-01
 16  0.00361  2.48582e-02 | 17 -0.05468 -3.49209e-01 | 18  0.00573  2.35814e-01
 19 -0.00455 -3.70749e-02 | 20  0.06617  1.00048e-01 | 21  0.06609  9.19922e-02
 22 -0.02669  1.16541e-01 | 23 -0.01330  9.97155e-02 | 24 -0.09658 -3.04367e-02
 25  0.00181  2.36567e-01 | 26 -0.01685  4.12711e-01 | 27 -0.00396  7.20756e-02
 28  0.04829  2.54957e-01 | 29 -0.00366 -1.96123e-01 | 30  0.07062 -2.16676e-01
 31 -0.00546 -1.44759e-01 | 32  0.07063 -3.90019e-01 | 33  0.03271 -2.06656e-01
 34  0.05638 -2.06542e-02 | 35  0.00899  6.02814e-02 | 36 -0.02726  1.44823e-01
 37  0.01454  7.71429e-02 | 38  0.00184 -3.16699e-01 | 39  0.15285  2.47015e-01
 40  0.13803 -6.90317e-01 | 41  0.15479  1.03954e-01 | 42  0.14936  1.80656e-01
 43 -0.59716 -2.37672e-05 | 44 -0.22941  6.65719e-05 | 45  0.11935  1.39426e-03
 46 -0.70934  2.08720e-02 | 47 -0.75840  2.06036e+00 | 48 -0.77221 -2.20500e+00
 49 -0.96935  1.79375e+01 | 50 -0.95586 -1.25422e+01 | 51 -0.46333  1.51475e-03
 52 -0.68847 -5.06360e-03 | 53 -0.12590  3.82473e+00 | 54 -0.11989 -8.75308e-01
 55 -0.17014 -1.95721e+01 | 56 -0.16386  9.32391e+00 | 57 -0.14746 -6.03539e-01
 58 -0.19041  4.31906e+00 |
58 variables; iteration 80; function evaluation 108; phase 4
Function value 1.7936645e+02; maximum gradient component mag -1.7110e+00
Var    Value     Gradient |Var    Value     Gradient |Var    Value     Gradient
  1  0.15222 -1.29722e-01 |  2 -0.14472 -2.77421e-03 |  3 -0.01296 -1.56315e-02
  4 -0.05416 -1.18162e-02 |  5 -0.00858 -1.09042e-02 |  6 -0.06550 -5.24258e-03
  7 -0.11185 -2.93419e-03 |  8 -0.07120  1.29295e-03 |  9 -0.06709  9.26341e-04
 10  0.02414  5.70398e-03 | 11  0.00327 -5.37003e-03 | 12  0.04074  5.76749e-03
 13  0.00191 -4.71315e-03 | 14 -0.00545 -6.94084e-03 | 15  0.05612  9.26235e-03
 16  0.00364  4.36866e-03 | 17 -0.05449 -5.73400e-03 | 18  0.00566  5.56724e-03
 19 -0.00453  2.13739e-03 | 20  0.06615  4.07430e-03 | 21  0.06606  2.42895e-03
 22 -0.02674  1.06124e-02 | 23 -0.01332 -4.76142e-03 | 24 -0.09655  2.79646e-04
 25  0.00177 -1.78984e-03 | 26 -0.01700 -1.51120e-03 | 27 -0.00396 -1.50451e-02
 28  0.04827 -2.24352e-02 | 29 -0.00365  1.45374e-02 | 30  0.07062 -4.07364e-03
 31 -0.00543  2.10386e-02 | 32  0.07060 -1.15737e-02 | 33  0.03270  6.01946e-03
 34  0.05637 -6.36547e-03 | 35  0.00897 -1.12286e-02 | 36 -0.02729 -7.80670e-03
 37  0.01454  7.40516e-03 | 38  0.00187  1.92865e-02 | 39  0.15287  5.48949e-02
 40  0.13803  1.64784e-02 | 41  0.15480  5.63751e-03 | 42  0.14942  5.70449e-02
 43 -0.59553 -1.84104e-04 | 44 -0.24072 -5.78859e-05 | 45 -0.02222  1.19877e-04
 46 -0.72165  1.60085e-03 | 47 -0.70220 -8.44647e-01 | 48 -0.71925  8.93679e-01
 49 -0.94285 -1.10804e+00 | 50 -0.91757  7.19829e-01 | 51 -0.66295 -1.90858e-03
 52 -0.06197  1.57991e-03 | 53 -0.13823  8.07273e-01 | 54 -0.16631 -1.43512e-01
 55 -0.16315 -1.71102e+00 | 56 -0.14922  8.17000e-01 | 57 -0.20053 -4.68192e-01
 58 -0.20795  1.24794e+00 |
58 variables; iteration 100; function evaluation 153; phase 4
Function value 1.7936486e+02; maximum gradient component mag -3.0315e+02
Var    Value     Gradient |Var    Value     Gradient |Var    Value     Gradient
  1  0.15221  1.02007e+00 |  2 -0.14477 -5.50478e-03 |  3 -0.01303 -1.74641e-02
  4 -0.05416  5.30036e-02 |  5 -0.00860  4.45403e-02 |  6 -0.06553  5.02817e-02
  7 -0.11192 -5.17871e-02 |  8 -0.07125 -2.45757e-02 |  9 -0.06714  2.43281e-02
 10  0.02410 -7.60514e-03 | 11  0.00325 -7.94672e-03 | 12  0.04072 -2.28096e-02
 13  0.00191  1.83865e-02 | 14 -0.00547 -2.51390e-02 | 15  0.05612 -6.97432e-03
 16  0.00364  1.62937e-02 | 17 -0.05447  4.25939e-02 | 18  0.00565 -1.46315e-03
 19 -0.00452  1.24078e-02 | 20  0.06615  7.93983e-03 | 21  0.06607 -1.31311e-02
 22 -0.02673 -1.31062e-03 | 23 -0.01331 -4.64511e-03 | 24 -0.09655 -3.93067e-03
 25  0.00175 -1.36693e-02 | 26 -0.01702 -3.02841e-02 | 27 -0.00394 -1.24802e-02
 28  0.04832 -3.12559e-02 | 29 -0.00363  1.36640e-02 | 30  0.07064  2.67133e-02
 31 -0.00544  2.21616e-02 | 32  0.07067 -1.35729e-02 | 33  0.03273  2.05332e-02
 34  0.05640 -4.83577e-03 | 35  0.00900 -1.55226e-02 | 36 -0.02726 -2.33386e-04
 37  0.01456 -2.58980e-03 | 38  0.00185  5.32632e-02 | 39  0.15286 -8.79630e-02
 40  0.13803  2.97861e-01 | 41  0.15480  1.49483e-02 | 42  0.14934  1.31106e-01
 43 -0.59208  4.03662e-04 | 44 -0.24056  7.69941e-05 | 45 -0.09343 -3.11661e-04
 46 -0.72421 -1.02409e-03 | 47 -0.70282 -7.27838e-01 | 48 -0.71984  7.68984e-01
 49 -0.91383  4.14001e+00 | 50 -0.87579 -2.89906e+00 | 51 -0.53580  3.01881e-03
 52 -0.34490  4.22244e-04 | 53 -0.14807 -3.03152e+02 | 54 -0.17579  2.35828e+02
 55 -0.15625 -1.03159e+01 | 56 -0.13475  4.93749e+00 | 57 -0.20389 -5.94000e+01
 58 -0.20394 -2.36295e+02 |
58 variables; iteration 120; function evaluation 174; phase 4
Function value 1.7936272e+02; maximum gradient component mag 2.9065e+01
Var    Value     Gradient |Var    Value     Gradient |Var    Value     Gradient
  1  0.15221  2.79670e-02 |  2 -0.14470  4.16060e-03 |  3 -0.01295  1.20968e-02
  4 -0.05416 -3.02992e-02 |  5 -0.00857  4.74502e-03 |  6 -0.06550 -2.74273e-02
  7 -0.11183  3.26312e-02 |  8 -0.07119  2.16642e-02 |  9 -0.06711 -1.52033e-02
 10  0.02414  6.21353e-03 | 11  0.00328 -6.21017e-04 | 12  0.04076  2.77472e-02
 13  0.00191 -9.49605e-03 | 14 -0.00544  2.84269e-03 | 15  0.05613  8.25994e-03
 16  0.00365  5.66073e-03 | 17 -0.05450 -2.88291e-02 | 18  0.00568  1.77646e-02
 19 -0.00453 -1.23364e-02 | 20  0.06614 -1.74084e-02 | 21  0.06606 -3.55279e-03
 22 -0.02674  6.16763e-03 | 23 -0.01332 -1.52263e-02 | 24 -0.09656  4.56698e-03
 25  0.00178  1.30655e-02 | 26 -0.01700  1.95634e-02 | 27 -0.00396 -2.09031e-03
 28  0.04826  1.95358e-02 | 29 -0.00365  4.21712e-02 | 30  0.07061 -2.58463e-02
 31 -0.00542  2.41290e-02 | 32  0.07056 -1.39849e-02 | 33  0.03269 -5.83139e-03
 34  0.05636 -1.69805e-02 | 35  0.00896 -2.23066e-02 | 36 -0.02729 -3.30944e-02
 37  0.01455  1.90177e-02 | 38  0.00189 -2.20993e-02 | 39  0.15290 -4.96748e-03
 40  0.13805 -6.73378e-02 | 41  0.15482  3.60832e-03 | 42  0.14952 -7.21458e-03
 43 -0.59765 -5.47728e-04 | 44 -0.24167 -1.48656e-04 | 45 -0.14642 -5.51277e-04
 46 -0.72023  3.73886e-04 | 47 -0.69638  3.54895e-01 | 48 -0.71382 -3.75113e-01
 49 -0.84670 -8.83848e-01 | 50 -0.77839  5.90696e-01 | 51 -0.56410  4.53855e-04
 52 -0.29749  1.39886e-04 | 53 -0.14692  1.18659e+01 | 54 -0.17495  6.14867e+00
 55 -0.14190  2.38247e+00 | 56 -0.10499 -1.09161e+00 | 57 -0.20389 -1.75074e+01
 58 -0.20458  2.90648e+01 |
58 variables; iteration 140; function evaluation 195; phase 4
Function value 1.7936134e+02; maximum gradient component mag 3.1507e+01
Var    Value     Gradient |Var    Value     Gradient |Var    Value     Gradient
  1  0.15219  1.05276e+00 |  2 -0.14475  2.11126e-04 |  3 -0.01301 -6.88624e-03
  4 -0.05415  2.02783e-02 |  5 -0.00859  1.67461e-02 |  6 -0.06555  1.11354e-02
  7 -0.11193 -2.69607e-02 |  8 -0.07126 -2.37169e-02 |  9 -0.06720 -7.12969e-03
 10  0.02410 -1.20696e-02 | 11  0.00326 -9.31191e-03 | 12  0.04075 -1.62689e-02
 13  0.00191  1.07817e-03 | 14 -0.00547 -1.72641e-02 | 15  0.05613 -8.56358e-03
 16  0.00365 -2.24385e-03 | 17 -0.05448  8.81444e-03 | 18  0.00566 -1.24863e-02
 19 -0.00452 -7.59233e-03 | 20  0.06614 -9.37845e-03 | 21  0.06606 -1.20167e-02
 22 -0.02674 -8.32530e-03 | 23 -0.01332 -8.70249e-03 | 24 -0.09656 -5.84950e-03
 25  0.00177 -4.99993e-03 | 26 -0.01702 -1.90335e-02 | 27 -0.00394  1.40500e-04
 28  0.04830  2.58855e-02 | 29 -0.00363  1.96732e-02 | 30  0.07063  4.31704e-02
 31 -0.00541  7.63079e-03 | 32  0.07061  4.45356e-02 | 33  0.03272  2.58680e-02
 34  0.05639  1.09290e-02 | 35  0.00900 -2.73295e-03 | 36 -0.02725 -5.41447e-03
 37  0.01458 -3.12966e-03 | 38  0.00196  2.45905e-02 | 39  0.15293  1.48319e-02
 40  0.13809  2.94247e-01 | 41  0.15483  6.52900e-03 | 42  0.14949  1.40165e-02
 43 -0.59390  3.20320e-04 | 44 -0.23429  1.06226e-04 | 45  0.02012  2.62257e-04
 46 -0.72703 -9.15399e-04 | 47 -0.69674 -3.88144e-01 | 48 -0.71416  4.14440e-01
 49 -0.79317  1.63926e+00 | 50 -0.70071 -1.13095e+00 | 51 -0.57569  3.04143e-04
 52 -0.26377  4.15313e-04 | 53 -0.14570  2.66691e+01 | 54 -0.17436 -1.24026e+01
 55 -0.14951  1.52879e-01 | 56 -0.12079 -6.89667e-02 | 57 -0.20430 -5.54257e+00
 58 -0.20545  3.15073e+01 |
58 variables; iteration 160; function evaluation 219; phase 4
Function value 1.7936105e+02; maximum gradient component mag -6.1797e+00
Var    Value     Gradient |Var    Value     Gradient |Var    Value     Gradient
  1  0.15221  9.72593e-02 |  2 -0.14472 -7.33130e-04 |  3 -0.01297 -4.75560e-03
  4 -0.05415  2.83930e-03 |  5 -0.00858  3.47882e-04 |  6 -0.06551  2.16555e-03
  7 -0.11187 -5.54100e-03 |  8 -0.07122 -4.47472e-03 |  9 -0.06712  5.53737e-04
 10  0.02413 -2.24947e-03 | 11  0.00327 -1.58032e-03 | 12  0.04074 -3.87315e-03
 13  0.00191  1.46434e-04 | 14 -0.00545 -3.13915e-03 | 15  0.05613 -3.18577e-03
 16  0.00364 -1.45369e-03 | 17 -0.05449  2.38552e-03 | 18  0.00567 -3.14214e-03
 19 -0.00452 -4.20786e-04 | 20  0.06615 -1.20479e-03 | 21  0.06607 -2.10906e-03
 22 -0.02674 -1.08739e-03 | 23 -0.01331 -1.14278e-03 | 24 -0.09655 -7.28899e-04
 25  0.00177 -2.26234e-03 | 26 -0.01700 -3.56998e-03 | 27 -0.00395  1.51520e-03
 28  0.04828  8.15340e-03 | 29 -0.00365  1.48222e-03 | 30  0.07062  6.51597e-03
 31 -0.00543 -1.31914e-03 | 32  0.07059  9.83689e-03 | 33  0.03270  3.45879e-03
 34  0.05637  2.98091e-03 | 35  0.00898  1.02657e-03 | 36 -0.02728  4.79934e-04
 37  0.01455  1.58441e-04 | 38  0.00186  2.04907e-03 | 39  0.15289  8.05503e-04
 40  0.13804  4.03495e-02 | 41  0.15482  1.64537e-04 | 42  0.14946 -3.43407e-03
 43 -0.59431 -3.48231e-05 | 44 -0.24189 -3.32291e-05 | 45 -0.02989  3.17929e-05
 46 -0.72437 -2.07669e-04 | 47 -0.69814 -4.56916e-02 | 48 -0.71546  4.85907e-02
 49 -0.78188 -4.98362e-03 | 50 -0.68390  3.22076e-03 | 51 -0.56831 -2.25114e-05
 52 -0.29534  1.33448e-05 | 53 -0.14809 -4.59396e+00 | 54 -0.17308  1.55956e+00
 55 -0.15684  1.46089e-01 | 56 -0.13604 -7.10088e-02 | 57 -0.20004  1.69524e+00
 58 -0.20219 -6.17970e+00 |
58 variables; iteration 180; function evaluation 239; phase 4
Function value 1.7936104e+02; maximum gradient component mag -3.1554e+00
Var    Value     Gradient |Var    Value     Gradient |Var    Value     Gradient
  1  0.15221 -7.61647e-02 |  2 -0.14472 -5.14317e-05 |  3 -0.01297 -5.64456e-04
  4 -0.05416  6.37972e-04 |  5 -0.00858  7.95011e-05 |  6 -0.06551  1.83658e-03
  7 -0.11187  4.43805e-04 |  8 -0.07122  5.22107e-04 |  9 -0.06712  1.34470e-03
 10  0.02413  1.04723e-03 | 11  0.00327  1.11366e-03 | 12  0.04074  6.67107e-04
 13  0.00191  1.38845e-03 | 14 -0.00545  8.32823e-04 | 15  0.05613  8.74565e-04
 16  0.00364  1.02270e-03 | 17 -0.05449  1.69493e-03 | 18  0.00567  7.47982e-04
 19 -0.00452  9.78755e-04 | 20  0.06615  9.29062e-04 | 21  0.06607  7.43838e-04
 22 -0.02674  5.88091e-04 | 23 -0.01331  6.14696e-04 | 24 -0.09655  7.33009e-04
 25  0.00177 -1.21126e-04 | 26 -0.01700 -3.59757e-04 | 27 -0.00395 -7.94877e-04
 28  0.04828 -5.52702e-03 | 29 -0.00365 -5.90370e-04 | 30  0.07062 -3.25048e-03
 31 -0.00543  1.28846e-03 | 32  0.07059 -5.50352e-03 | 33  0.03270 -1.20727e-03
 34  0.05637 -1.96080e-03 | 35  0.00898 -9.03927e-04 | 36 -0.02728  2.82556e-06
 37  0.01455 -4.26187e-04 | 38  0.00186  1.21981e-03 | 39  0.15289 -1.35462e-03
 40  0.13804 -1.55733e-02 | 41  0.15482 -1.15489e-04 | 42  0.14945  3.96466e-03
 43 -0.59508 -2.65742e-05 | 44 -0.23830 -3.45748e-06 | 45 -0.03762 -2.35678e-06
 46 -0.72386 -3.65321e-05 | 47 -0.69818 -6.77552e-03 | 48 -0.71550  7.17059e-03
 49 -0.78168 -5.45031e-03 | 50 -0.68360  3.78372e-03 | 51 -0.56701  4.14221e-05
 52 -0.29794  8.31044e-06 | 53 -0.14824 -1.16351e+00 | 54 -0.17306 -8.40992e-01
 55 -0.15295 -1.32899e-01 | 56 -0.12794  6.38296e-02 | 57 -0.19985  2.02020e+00
 58 -0.20202 -3.15536e+00 |
58 variables; iteration 200; function evaluation 262; phase 4
Function value 1.7936101e+02; maximum gradient component mag -1.8853e+00
Var    Value     Gradient |Var    Value     Gradient |Var    Value     Gradient
  1  0.15221  3.80475e-01 |  2 -0.14472 -1.37649e-04 |  3 -0.01297 -2.31665e-03
  4 -0.05416  2.78704e-03 |  5 -0.00858  4.03345e-04 |  6 -0.06551 -2.30573e-03
  7 -0.11187 -8.22775e-03 |  8 -0.07122 -7.77119e-03 |  9 -0.06712 -4.01739e-03
 10  0.02412 -5.77313e-03 | 11  0.00327 -5.40902e-03 | 12  0.04074 -7.41968e-03
 13  0.00191 -4.11885e-03 | 14 -0.00545 -6.50740e-03 | 15  0.05613 -6.61929e-03
 16  0.00364 -5.98101e-03 | 17 -0.05449 -2.85122e-03 | 18  0.00566 -7.31418e-03
 19 -0.00452 -6.17453e-03 | 20  0.06615 -7.09739e-03 | 21  0.06607 -8.35852e-03
 22 -0.02674 -1.32436e-02 | 23 -0.01331 -1.11679e-02 | 24 -0.09656 -1.08539e-02
 25  0.00177 -1.71886e-02 | 26 -0.01700 -9.58430e-03 | 27 -0.00395 -5.60663e-03
 28  0.04828 -2.45706e-02 | 29 -0.00365  1.84288e-02 | 30  0.07062  4.40748e-02
 31 -0.00543  1.63948e-02 | 32  0.07060  4.69037e-02 | 33  0.03271  3.03602e-02
 34  0.05637  9.87798e-03 | 35  0.00898 -4.04671e-03 | 36 -0.02728 -5.72051e-03
 37  0.01455 -4.87627e-03 | 38  0.00188  3.68192e-02 | 39  0.15289 -6.33384e-03
 40  0.13804  2.01015e-01 | 41  0.15481 -6.36470e-04 | 42  0.14944  1.51687e-02
 43 -0.60100 -1.26234e-04 | 44 -0.21527  1.50817e-04 | 45 -0.04765 -5.58108e-05
 46 -0.72378 -1.48172e-04 | 47 -0.69825 -3.15510e-02 | 48 -0.71557  3.34206e-02
 49 -0.78139 -1.77202e-02 | 50 -0.68317  1.25185e-02 | 51 -0.56576  1.76839e-04
 52 -0.29867  4.32700e-05 | 53 -0.14594 -1.88529e+00 | 54 -0.16076  1.18772e+00
 55 -0.15322 -5.72430e-01 | 56 -0.12849  2.74556e-01 | 57 -0.18480 -4.77414e-03
 58 -0.19647 -1.84094e+00 |
58 variables; iteration 220; function evaluation 282; phase 4
Function value 1.7936100e+02; maximum gradient component mag -1.1133e+00
Var    Value     Gradient |Var    Value     Gradient |Var    Value     Gradient
  1  0.15221 -4.28416e-01 |  2 -0.14472  6.27164e-04 |  3 -0.01297  3.54352e-03
  4 -0.05415 -2.47947e-03 |  5 -0.00858 -1.82230e-03 |  6 -0.06551  2.34354e-03
  7 -0.11187  9.15433e-03 |  8 -0.07122  7.32710e-03 |  9 -0.06713  3.45091e-03
 10  0.02413  6.94918e-03 | 11  0.00327  6.06162e-03 | 12  0.04075  7.56820e-03
 13  0.00191  4.38978e-03 | 14 -0.00545  7.22919e-03 | 15  0.05613  7.85262e-03
 16  0.00365  4.83462e-03 | 17 -0.05449  2.22435e-03 | 18  0.00567  6.81143e-03
 19 -0.00452  3.99246e-03 | 20  0.06616  6.32038e-03 | 21  0.06607  7.49410e-03
 22 -0.02673  8.78030e-03 | 23 -0.01330  7.98841e-03 | 24 -0.09654  7.49705e-03
 25  0.00178  1.03885e-02 | 26 -0.01700  6.10981e-03 | 27 -0.00395 -2.19806e-03
 28  0.04828 -1.17410e-02 | 29 -0.00365 -8.61529e-03 | 30  0.07061 -3.05397e-02
 31 -0.00543 -5.13274e-05 | 32  0.07058 -4.22752e-02 | 33  0.03269 -1.67285e-02
 34  0.05637 -1.25262e-02 | 35  0.00898 -2.70698e-03 | 36 -0.02728  1.30295e-03
 37  0.01455 -4.44544e-04 | 38  0.00183 -9.18629e-03 | 39  0.15289 -1.03515e-03
 40  0.13803 -1.31567e-01 | 41  0.15482 -7.83481e-05 | 42  0.14947  1.30970e-02
 43 -0.59700 -3.99256e-05 | 44 -0.23028  5.55084e-05 | 45 -0.03697 -8.35935e-06
 46 -0.72449 -3.79003e-04 | 47 -0.69813  4.98308e-03 | 48 -0.71545 -5.27503e-03
 49 -0.78196  6.43568e-03 | 50 -0.68402 -4.66768e-03 | 51 -0.56783  2.10848e-05
 52 -0.29580  2.24284e-05 | 53 -0.14570 -5.65216e-01 | 54 -0.15535 -8.10630e-02
 55 -0.15313 -5.00017e-01 | 56 -0.12831  2.39883e-01 | 57 -0.17738  5.62551e-01
 58 -0.19324 -1.11334e+00 |
  ic > imax  in fminim is answer attained ?
Var    Value     Gradient |Var    Value     Gradient |Var    Value     Gradient
  1  0.15221 -9.06429e-05 |  2 -0.14472  2.08275e-07 |  3 -0.01297  1.96554e-06
  4 -0.05416 -1.60278e-06 |  5 -0.00858 -5.25301e-07 |  6 -0.06551 -1.05479e-06
  7 -0.11187  3.01319e-06 |  8 -0.07122  2.30137e-06 |  9 -0.06713  1.41490e-08
 10  0.02413  1.28877e-06 | 11  0.00327  1.18382e-06 | 12  0.04074  1.97529e-06
 13  0.00191  2.18033e-07 | 14 -0.00545  1.97878e-06 | 15  0.05613  1.56631e-06
 16  0.00364  5.05973e-07 | 17 -0.05449 -8.70739e-07 | 18  0.00567  1.41839e-06
 19 -0.00452  5.42982e-07 | 20  0.06615  7.35617e-07 | 21  0.06607  1.12761e-06
 22 -0.02674  6.27771e-07 | 23 -0.01331  9.50982e-07 | 24 -0.09655  5.02970e-07
 25  0.00177  8.83734e-07 | 26 -0.01700  1.94736e-06 | 27 -0.00395 -9.42504e-08
 28  0.04828 -3.45368e-06 | 29 -0.00365 -2.45679e-06 | 30  0.07062 -4.42923e-06
 31 -0.00543 -9.78713e-07 | 32  0.07059 -5.66521e-06 | 33  0.03270 -2.69060e-06
 34  0.05637 -9.91352e-07 | 35  0.00898  8.03946e-07 | 36 -0.02728  1.19439e-06
 37  0.01455  1.67420e-07 | 38  0.00187 -2.54789e-06 | 39  0.15289 -1.82652e-06
 40  0.13804 -3.27022e-05 | 41  0.15482 -7.07341e-08 | 42  0.14945 -8.52987e-07
 43 -0.59485 -1.18365e-08 | 44 -0.23864 -5.84819e-09 | 45 -0.03734  3.83187e-08
 46 -0.72380  4.84097e-08 | 47 -0.69815  2.18364e-05 | 48 -0.71547 -2.31397e-05
 49 -0.78173 -4.15730e-05 | 50 -0.68368  2.94157e-05 | 51 -0.56748  4.17314e-08
 52 -0.29747  4.83757e-08 | 53 -0.14607  8.72968e-02 | 54 -0.13988 -6.55868e-02
 55 -0.15304 -6.21948e-07 | 56 -0.12813  2.15444e-07 | 57 -0.15522  1.40445e-02
 58 -0.18289  7.11146e-02 |
Function minimizer not making progress ... is minimum attained?
Minimprove criterion = 0.0000e+00

 - final statistics:
58 variables; iteration 234; function evaluation 326
Function value 1.7936e+02; maximum gradient component mag 8.7297e-02
Exit code = 1;  converg criter 1.0000e-04
Var    Value     Gradient |Var    Value     Gradient |Var    Value     Gradient
  1  0.15221 -9.06429e-05 |  2 -0.14472  2.08275e-07 |  3 -0.01297  1.96554e-06
  4 -0.05416 -1.60278e-06 |  5 -0.00858 -5.25301e-07 |  6 -0.06551 -1.05479e-06
  7 -0.11187  3.01319e-06 |  8 -0.07122  2.30137e-06 |  9 -0.06713  1.41490e-08
 10  0.02413  1.28877e-06 | 11  0.00327  1.18382e-06 | 12  0.04074  1.97529e-06
 13  0.00191  2.18033e-07 | 14 -0.00545  1.97878e-06 | 15  0.05613  1.56631e-06
 16  0.00364  5.05973e-07 | 17 -0.05449 -8.70739e-07 | 18  0.00567  1.41839e-06
 19 -0.00452  5.42982e-07 | 20  0.06615  7.35617e-07 | 21  0.06607  1.12761e-06
 22 -0.02674  6.27771e-07 | 23 -0.01331  9.50982e-07 | 24 -0.09655  5.02970e-07
 25  0.00177  8.83734e-07 | 26 -0.01700  1.94736e-06 | 27 -0.00395 -9.42504e-08
 28  0.04828 -3.45368e-06 | 29 -0.00365 -2.45679e-06 | 30  0.07062 -4.42923e-06
 31 -0.00543 -9.78713e-07 | 32  0.07059 -5.66521e-06 | 33  0.03270 -2.69060e-06
 34  0.05637 -9.91352e-07 | 35  0.00898  8.03946e-07 | 36 -0.02728  1.19439e-06
 37  0.01455  1.67420e-07 | 38  0.00187 -2.54789e-06 | 39  0.15289 -1.82652e-06
 40  0.13804 -3.27022e-05 | 41  0.15482 -7.07341e-08 | 42  0.14945 -8.52987e-07
 43 -0.59485 -1.18365e-08 | 44 -0.23864 -5.84819e-09 | 45 -0.03734  3.83187e-08
 46 -0.72380  4.84097e-08 | 47 -0.69815  2.18364e-05 | 48 -0.71547 -2.31397e-05
 49 -0.78173 -4.15730e-05 | 50 -0.68368  2.94157e-05 | 51 -0.56748  4.17314e-08
 52 -0.29747  4.83757e-08 | 53 -0.14607  8.72968e-02 | 54 -0.13988 -6.55868e-02
 55 -0.15304 -6.21948e-07 | 56 -0.12813  2.15444e-07 | 57 -0.15522  1.40445e-02
 58 -0.18289  7.11146e-02 |
Estimating row 1 out of 58 for hessian
Estimating row 2 out of 58 for hessian
Estimating row 3 out of 58 for hessian
Estimating row 4 out of 58 for hessian
Estimating row 5 out of 58 for hessian
Estimating row 6 out of 58 for hessian
Estimating row 7 out of 58 for hessian
Estimating row 8 out of 58 for hessian
Estimating row 9 out of 58 for hessian
Estimating row 10 out of 58 for hessian
Estimating row 11 out of 58 for hessian
Estimating row 12 out of 58 for hessian
Estimating row 13 out of 58 for hessian
Estimating row 14 out of 58 for hessian
Estimating row 15 out of 58 for hessian
Estimating row 16 out of 58 for hessian
Estimating row 17 out of 58 for hessian
Estimating row 18 out of 58 for hessian
Estimating row 19 out of 58 for hessian
Estimating row 20 out of 58 for hessian
Estimating row 21 out of 58 for hessian
Estimating row 22 out of 58 for hessian
Estimating row 23 out of 58 for hessian
Estimating row 24 out of 58 for hessian
Estimating row 25 out of 58 for hessian
Estimating row 26 out of 58 for hessian
Estimating row 27 out of 58 for hessian
Estimating row 28 out of 58 for hessian
Estimating row 29 out of 58 for hessian
Estimating row 30 out of 58 for hessian
Estimating row 31 out of 58 for hessian
Estimating row 32 out of 58 for hessian
Estimating row 33 out of 58 for hessian
Estimating row 34 out of 58 for hessian
Estimating row 35 out of 58 for hessian
Estimating row 36 out of 58 for hessian
Estimating row 37 out of 58 for hessian
Estimating row 38 out of 58 for hessian
Estimating row 39 out of 58 for hessian
Estimating row 40 out of 58 for hessian
Estimating row 41 out of 58 for hessian
Estimating row 42 out of 58 for hessian
Estimating row 43 out of 58 for hessian
Estimating row 44 out of 58 for hessian
Estimating row 45 out of 58 for hessian
Estimating row 46 out of 58 for hessian
Estimating row 47 out of 58 for hessian
Estimating row 48 out of 58 for hessian
Estimating row 49 out of 58 for hessian
Estimating row 50 out of 58 for hessian
Estimating row 51 out of 58 for hessian
Estimating row 52 out of 58 for hessian
Estimating row 53 out of 58 for hessian
Estimating row 54 out of 58 for hessian
Estimating row 55 out of 58 for hessian
Estimating row 56 out of 58 for hessian
Estimating row 57 out of 58 for hessian
Estimating row 58 out of 58 for hessian
size of file gradfil1.tmp = 0
size of file gradfil2.tmp = 0
size of file varssave.tmp = 0
size of file cmpdiff.tmp = 0
