
Initial statistics: 4 variables; iteration 0; function evaluation 0; phase 1
Function value 5.2637536e+03; maximum gradient component mag 3.5260e+04
Var    Value     Gradient |Var    Value     Gradient |Var    Value     Gradient
  1  0.39650  3.52601e+04 |  2  0.21635  2.93274e+04 |  3  0.21635  9.38965e+03
  4  0.21635  1.46106e+04 |

 - final statistics:
4 variables; iteration 12; function evaluation 21
Function value 6.4717e+02; maximum gradient component mag 1.4400e+00
Exit code = 1;  converg criter 1.0000e+01
Var    Value     Gradient |Var    Value     Gradient |Var    Value     Gradient
  1  0.17276  3.11657e-01 |  2  0.22510  1.43996e+00 |  3  0.23279 -2.30768e-01
  4  0.20653 -3.33324e-01 |

Initial statistics: 51 variables; iteration 0; function evaluation 0; phase 2
Function value 6.4716618e+02; maximum gradient component mag -6.2156e+02
Var    Value     Gradient |Var    Value     Gradient |Var    Value     Gradient
  1  0.17276  3.11657e-01 |  2  0.00000  4.87408e+01 |  3  0.00000 -1.14522e+02
  4  0.00000  3.47212e+01 |  5  0.00000 -7.40746e+01 |  6  0.00000 -2.54282e+01
  7  0.00000  5.35633e+01 |  8  0.00000  5.40687e+00 |  9  0.00000  1.07646e+01
 10  0.00000 -7.91338e+01 | 11  0.00000  2.76610e+00 | 12  0.00000 -6.21755e+01
 13  0.00000 -1.50121e+01 | 14  0.00000 -7.42293e+00 | 15  0.00000 -9.12354e+01
 16  0.00000  3.31934e+00 | 17  0.00000  1.01280e+02 | 18  0.00000  5.73183e+00
 19  0.00000  4.64467e+01 | 20  0.00000 -1.48574e+02 | 21  0.00000 -1.28846e+02
 22  0.00000  1.45697e+02 | 23  0.00000  2.76928e+01 | 24  0.00000  2.67405e+02
 25  0.00000  1.05475e+02 | 26  0.00000 -3.37392e+00 | 27  0.00000  6.87056e+00
 28  0.00000 -1.02045e+02 | 29  0.00000  1.31781e+02 | 30  0.00000 -3.35847e+02
 31  0.00000  1.92825e+02 | 32  0.00000 -3.49762e+02 | 33  0.00000  2.62879e+00
 34  0.00000 -2.30572e+02 | 35  0.00000  2.42462e+01 | 36  0.00000  2.20813e+02
 37  0.00000  3.84867e+01 | 38  0.00000  1.86228e+02 | 39  0.22510  1.43996e+00
 40  0.23279 -2.30768e-01 | 41  0.20653 -3.33324e-01 | 42 -1.00000 -1.08293e-07
 43  0.00000  1.03308e-04 | 44  0.00000  3.13005e-01 | 45 -0.53989  6.60477e+00
 46 -1.00000 -1.08293e-07 | 47 -0.53989  1.30622e+01 | 48 -1.00000 -1.08293e-07
 49 -0.53989  3.77763e+00 | 50 -0.32288  1.88157e+01 | 51 -0.17585 -6.21561e+02

Intermediate statistics: 51 variables; iteration 20; function evaluation 42; phase 2
Function value 3.8194790e+02; maximum gradient component mag -5.0715e+03
Var    Value     Gradient |Var    Value     Gradient |Var    Value     Gradient
  1  0.15854 -5.07153e+03 |  2 -0.41085 -5.99680e+01 |  3  0.27756  1.07511e+02
  4  0.24257  1.54600e+02 |  5  0.18480 -2.08404e+01 |  6  0.16371  1.07087e+02
  7  0.08074  7.33660e+01 |  8  0.05156  1.27834e+01 |  9  0.09298  9.54087e+01
 10  0.14153  1.28981e+02 | 11  0.09103  1.53841e+02 | 12 -0.00859 -4.35193e+01
 13 -0.09185 -8.37673e+01 | 14 -0.00366  7.51463e+01 | 15  0.00443 -6.02843e+01
 16 -0.01279  2.04279e+01 | 17 -0.04228  1.03874e+02 | 18  0.04617  2.20532e+02
 19 -0.01142  1.26503e+02 | 20  0.00088 -9.77150e+01 | 21 -0.02494 -1.20318e+02
 22 -0.02511  1.82305e+02 | 23 -0.04236  3.88421e+01 | 24 -0.07296  1.88082e+02
 25 -0.00689  1.84027e+02 | 26 -0.01018  5.07729e+01 | 27 -0.02091 -2.44558e+01
 28  0.00892 -1.21010e+02 | 29 -0.09286 -4.49815e+02 | 30  0.03805 -2.34194e+02
 31 -0.07853 -1.56257e+02 | 32  0.07022  1.88603e+02 | 33 -0.00382 -4.16941e+01
 34  0.03069 -9.74347e+01 | 35 -0.03100 -3.06043e+02 | 36 -0.12999 -4.98340e+02
 37  0.00629  5.96391e+01 | 38 -0.12546 -3.14056e+01 | 39  0.23307 -1.01699e+03
 40  0.25515  2.24360e+01 | 41  0.23533 -1.66842e+03 | 42 -1.07877  2.50544e-02
 43 -0.00000  9.39152e-05 | 44 -0.00860  1.63418e-04 | 45 -0.72411  7.12051e-04
 46 -1.35172  4.79367e+02 | 47 -0.61245  4.39766e+02 | 48 -1.19670  4.15988e+01
 49 -0.66662  2.42164e+01 | 50 -0.41231  2.57747e+01 | 51 -0.02720  4.42890e+02
51 variables; iteration 40; function evaluation 67; phase 2
Function value 3.3828545e+02; maximum gradient component mag -3.3938e+03
Var    Value     Gradient |Var    Value     Gradient |Var    Value     Gradient
  1  0.15931 -3.39376e+03 |  2 -0.34996 -5.66043e+01 |  3  0.29098  1.31745e+02
  4  0.23809  1.41639e+02 |  5  0.19314  1.06192e+01 |  6  0.14977  8.52221e+01
  7  0.05020  2.79293e+01 |  8  0.02635 -1.53149e+01 |  9  0.06914  6.67831e+01
 10  0.12852  1.12886e+02 | 11  0.08225  1.32881e+02 | 12  0.01715  2.01877e+00
 13 -0.06434 -5.60484e+01 | 14  0.00786  8.62912e+01 | 15  0.01316 -2.70347e+01
 16 -0.01253  3.66740e+01 | 17 -0.04041  1.01904e+02 | 18  0.04845  2.29806e+02
 19 -0.01402  1.15451e+02 | 20  0.02448 -2.95985e+01 | 21 -0.00342 -6.92599e+01
 22 -0.03494  1.47040e+02 | 23 -0.04734  1.34998e+01 | 24 -0.07519  1.66349e+02
 25 -0.00958  1.55221e+02 | 26 -0.01542  1.29820e+01 | 27 -0.02104 -7.13659e+01
 28 -0.00381 -2.31618e+02 | 29 -0.06990 -3.49628e+02 | 30  0.02512 -3.19735e+02
 31 -0.05961 -8.04665e+01 | 32  0.04356  1.24854e+01 | 33  0.00574  5.34064e+01
 34  0.01676 -1.26427e+02 | 35 -0.02706 -1.75071e+02 | 36 -0.11980 -3.66724e+02
 37  0.00819  1.67750e+02 | 38 -0.10231  4.63127e+00 | 39  0.23238 -8.81684e+02
 40  0.25352 -5.78274e+01 | 41  0.24218 -6.25080e+02 | 42 -1.57897 -1.95838e+01
 43 -0.10009  1.51790e+00 | 44 -0.32902  7.01840e-01 | 45 -1.58689 -1.35448e+01
 46 -1.34995  4.84696e+02 | 47 -0.61854  4.48310e+02 | 48 -1.10667 -1.54835e+02
 49 -0.83624 -1.00562e+02 | 50 -0.41227  2.36574e+01 | 51 -0.04427 -7.56374e+01
51 variables; iteration 60; function evaluation 99; phase 2
Function value 2.3414269e+02; maximum gradient component mag -1.7383e+03
Var    Value     Gradient |Var    Value     Gradient |Var    Value     Gradient
  1  0.14863 -1.73833e+03 |  2 -0.30047 -4.57299e+01 |  3  0.01505  2.01512e+01
  4 -0.06422 -5.47850e+01 |  5 -0.00259 -4.82243e+01 |  6 -0.04565  2.37004e+01
  7 -0.08351  2.42853e+01 |  8 -0.00479  7.76178e+01 |  9  0.00383  5.29245e+01
 10  0.06589  3.89203e+01 | 11  0.04179  5.18118e+01 | 12  0.07776  9.00390e+01
 13  0.01550  3.05695e+01 | 14  0.02110  4.25408e+01 | 15  0.04086 -2.76939e+01
 16  0.02680  7.30453e+01 | 17 -0.03277  6.26002e+01 | 18  0.04009  1.37486e+02
 19 -0.03336  1.33199e+01 | 20  0.09738  9.53618e+01 | 21  0.05676  1.36127e+01
 22 -0.06862 -5.13559e+00 | 23 -0.00610  4.28936e+01 | 24 -0.17595 -8.34414e+01
 25 -0.01870 -4.14009e+00 | 26  0.02410  5.16355e+01 | 27 -0.03030 -1.54064e+02
 28  0.02851 -1.97534e+02 | 29 -0.01652 -1.08576e+02 | 30  0.03639 -3.03181e+02
 31 -0.01764  4.72608e+01 | 32  0.03577 -1.56508e+02 | 33  0.02844  1.02553e+02
 34  0.02820 -1.36126e+02 | 35  0.00559  1.45071e+01 | 36 -0.03282  8.59560e+01
 37  0.01002  2.91808e+02 | 38 -0.11398 -4.45681e+01 | 39  0.22866 -1.57684e+03
 40  0.25730 -1.82100e+02 | 41  0.25306  6.47387e+02 | 42 -1.18234  6.75680e-03
 43 -2.69089 -6.95479e-03 | 44 -3.12248  1.53716e-02 | 45 -1.11176  1.76574e-02
 46 -1.26441  6.72145e+01 | 47 -0.74855  7.07634e+01 | 48 -0.82773 -2.14084e+02
 49 -1.28203 -1.29404e+02 | 50 -0.55907  1.76181e+00 | 51 -0.05106 -5.24062e+02
Maximum number of function evaluations exceeded

 - final statistics:
51 variables; iteration 62; function evaluation 100
Function value 2.2376e+02; maximum gradient component mag -1.3404e+03
Exit code = 3;  converg criter 1.0000e+01
Var    Value     Gradient |Var    Value     Gradient |Var    Value     Gradient
  1  0.14935 -9.37259e+02 |  2 -0.22244 -3.31775e+01 |  3  0.06895  9.36064e+01
  4 -0.01137  5.63729e+00 |  5  0.04739  5.75730e+01 |  6 -0.01516  8.81062e+00
  7 -0.06251  5.40180e+00 |  8  0.00469  6.91172e+01 |  9  0.00380  3.40413e+01
 10  0.05899  2.34896e+01 | 11  0.03372  3.77933e+01 | 12  0.07253  7.93943e+01
 13  0.01570  3.18616e+01 | 14  0.01866  3.72927e+01 | 15  0.04113 -2.57339e+01
 16  0.02192  6.07291e+01 | 17 -0.03900  4.89771e+01 | 18  0.03149  1.09951e+02
 19 -0.03724  5.10251e+00 | 20  0.09366  8.64135e+01 | 21  0.05476  1.32103e+01
 22 -0.07113 -8.89078e+00 | 23 -0.00944  3.82187e+01 | 24 -0.17494 -8.34777e+01
 25 -0.01900  7.57092e-01 | 26  0.01633  3.90411e+01 | 27 -0.02666 -1.37997e+02
 28  0.02464 -1.83504e+02 | 29 -0.01657 -8.43059e+01 | 30  0.03769 -2.50187e+02
 31 -0.02081  4.04068e+01 | 32  0.03507 -1.25798e+02 | 33  0.02369  9.19807e+01
 34  0.03015 -9.23899e+01 | 35  0.00482  3.56800e+01 | 36 -0.03332  9.13049e+01
 37  0.00816  2.64221e+02 | 38 -0.10220 -4.10312e+01 | 39  0.22983 -1.34042e+03
 40  0.25802 -1.45654e+02 | 41  0.25309  5.18985e+02 | 42 -1.17566  2.19955e-03
 43 -2.90190 -1.95167e-02 | 44 -3.14197  1.33784e-02 | 45 -1.02920  6.53506e-02
 46 -1.28675  4.70860e+01 | 47 -0.72576  4.92978e+01 | 48 -0.83595 -1.69917e+02
 49 -1.26851 -1.02822e+02 | 50 -0.55314  1.69634e+00 | 51 -0.04172 -4.06448e+02

Initial statistics: 55 variables; iteration 0; function evaluation 0; phase 3
Function value 2.2374366e+02; maximum gradient component mag -1.3404e+03
Var    Value     Gradient |Var    Value     Gradient |Var    Value     Gradient
  1  0.14935 -9.37259e+02 |  2 -0.22244 -3.31775e+01 |  3  0.06895  9.36064e+01
  4 -0.01137  5.63729e+00 |  5  0.04739  5.75730e+01 |  6 -0.01534  2.23051e+00
  7 -0.06268 -1.14844e+00 |  8  0.00451  6.25356e+01 |  9  0.00363  2.74595e+01
 10  0.05882  1.69363e+01 | 11  0.03355  3.12210e+01 | 12  0.07235  7.28573e+01
 13  0.01553  2.52818e+01 | 14  0.01849  3.07138e+01 | 15  0.04095 -3.23027e+01
 16  0.02174  5.41516e+01 | 17 -0.03918  4.24068e+01 | 18  0.03131  1.03378e+02
 19 -0.03742 -1.46817e+00 | 20  0.09348  7.99059e+01 | 21  0.05458  6.65283e+00
 22 -0.07130 -1.54312e+01 | 23 -0.00962  3.16374e+01 | 24 -0.17513 -8.98054e+01
 25 -0.01917 -5.82190e+00 | 26  0.01616  3.24615e+01 | 27 -0.02683 -1.44571e+02
 28  0.02447 -1.90083e+02 | 29 -0.01674 -9.08850e+01 | 30  0.03752 -2.56762e+02
 31 -0.02098  3.38281e+01 | 32  0.03489 -1.32372e+02 | 33  0.02351  8.54041e+01
 34  0.02997 -9.89658e+01 | 35  0.00465  2.90982e+01 | 36 -0.03349  8.47307e+01
 37  0.00798  2.57640e+02 | 38 -0.10238 -4.75264e+01 | 39  0.22983 -1.34042e+03
 40  0.25802 -1.45654e+02 | 41  0.25309  5.18985e+02 | 42 -0.82434 -2.19955e-03
 43  0.90190  1.95167e-02 | 44  0.85803  1.33784e-02 | 45 -0.97080 -6.53506e-02
 46 -0.71325 -4.70860e+01 | 47 -0.72576  4.92978e+01 | 48 -0.83595 -1.69917e+02
 49 -0.73149  1.02822e+02 | 50 -0.55314  1.69634e+00 | 51  0.21635  4.16954e-01
 52 -0.17585 -9.31113e+02 | 53 -0.12819  4.39453e-03 | 54 -0.04172 -4.06448e+02
 55  0.05795  3.09288e+02 |

Intermediate statistics: 55 variables; iteration 20; function evaluation 27; phase 3
Function value 1.7509887e+02; maximum gradient component mag -1.5968e+03
Var    Value     Gradient |Var    Value     Gradient |Var    Value     Gradient
  1  0.14458 -1.59682e+03 |  2 -0.13912  9.49662e-01 |  3 -0.01471 -1.66647e+01
  4 -0.03787  1.19886e+01 |  5 -0.00021 -1.22572e+01 |  6 -0.05247  3.37736e+01
  7 -0.10076  2.69517e+01 |  8 -0.07006  7.90099e+00 |  9 -0.06539  1.74743e+01
 10  0.03278  1.67385e+01 | 11  0.01069  8.76432e+00 | 12  0.04243 -1.87688e+01
 13  0.00489  8.44224e-01 | 14 -0.00882  2.89878e+00 | 15  0.06909  5.02721e-01
 16  0.00509 -3.35992e+01 | 17 -0.04916 -9.38432e+00 | 18  0.00460 -3.60301e+01
 19 -0.01690  5.82780e+00 | 20  0.06866 -3.38783e+01 | 21  0.06020 -8.02538e+00
 22 -0.04375  1.18452e+01 | 23 -0.02105 -2.83175e+01 | 24 -0.08875  3.00925e+01
 25 -0.01847 -2.65758e+01 | 26 -0.02906 -7.23582e+01 | 27  0.00995 -5.62241e+01
 28  0.03314 -1.75773e+02 | 29 -0.00546 -4.32608e+01 | 30  0.06847  9.41290e+00
 31 -0.01774 -9.45750e+00 | 32  0.07030  5.65891e+01 | 33  0.02767  9.77959e+00
 34  0.06033  7.26444e+01 | 35  0.01297  2.91133e+00 | 36 -0.02534 -3.05169e+01
 37  0.00986 -9.74814e+01 | 38  0.01394  7.30112e+01 | 39  0.23331 -8.35566e+02
 40  0.25624 -2.99954e+02 | 41  0.24764  3.75952e+02 | 42 -0.82431 -1.27487e-02
 43  0.90180  1.85821e-02 | 44  0.85797  1.33726e-02 | 45 -0.97049 -6.47203e-02
 46 -0.70997  3.89638e+01 | 47 -0.73347 -4.25301e+01 | 48 -0.80375  1.02511e+02
 49 -0.74481 -7.84164e+01 | 50 -0.55370  1.12414e+00 | 51  0.21620  2.77792e-01
 52 -0.16541 -1.94062e+02 | 53 -0.15012  7.90128e+01 | 54 -0.05939 -1.35541e+02
 55  0.01162  8.26684e+01 |
55 variables; iteration 40; function evaluation 51; phase 3
Function value 1.6930915e+02; maximum gradient component mag -8.2744e+02
Var    Value     Gradient |Var    Value     Gradient |Var    Value     Gradient
  1  0.14468 -8.27444e+02 |  2 -0.17470 -1.36001e+01 |  3 -0.00225  6.20404e+00
  4 -0.03969  6.97482e+00 |  5 -0.00013 -8.52225e+00 |  6 -0.05983  1.03556e+01
  7 -0.10365  2.00841e+01 |  8 -0.06773  1.14466e+01 |  9 -0.07264  8.49242e+00
 10  0.01925 -4.55835e+00 | 11  0.00481  9.14012e-01 | 12  0.05127  5.63530e+00
 13  0.00692  8.06861e+00 | 14 -0.00776  2.78622e+00 | 15  0.06659  8.33776e+00
 16  0.01163 -2.31798e+00 | 17 -0.04859  2.21398e+00 | 18  0.01005 -2.37490e+00
 19 -0.02069  1.65109e+01 | 20  0.08027  1.36417e+01 | 21  0.05960  1.94870e-02
 22 -0.04539  1.27762e+01 | 23 -0.01447 -4.66693e+00 | 24 -0.10592  1.27889e+00
 25 -0.01385  4.19662e+00 | 26 -0.01337 -1.39557e+01 | 27  0.00842 -2.67705e+01
 28  0.03885 -9.28515e+01 | 29 -0.00166 -3.13652e+01 | 30  0.06935 -1.74616e+01
 31 -0.01259  8.94217e+00 | 32  0.06904 -1.10503e+01 | 33  0.03178 -2.39173e+00
 34  0.05647  2.58015e+00 | 35  0.01430 -1.38425e+01 | 36 -0.02307 -1.26708e+01
 37  0.01267 -2.78829e+01 | 38 -0.00324  2.76221e+01 | 39  0.23492 -1.87187e+02
 40  0.25962  7.85623e+01 | 41  0.23956 -2.07470e+01 | 42 -0.81663 -1.08781e-02
 43  0.88646  1.64460e-02 | 44  0.84706  1.24508e-02 | 45 -0.92187 -2.53079e-02
 46 -0.83785  7.51127e+01 | 47 -0.85036 -8.14854e+01 | 48 -0.82162  3.07706e+01
 49 -0.76072 -2.28343e+01 | 50 -0.56789  2.29316e-01 | 51  0.20607  6.31200e-02
 52 -0.16400  1.85600e+02 | 53 -0.15083 -8.81201e+01 | 54 -0.09380 -1.62415e+02
 55 -0.02813  1.01056e+02 |
55 variables; iteration 60; function evaluation 82; phase 3
Function value 1.6787120e+02; maximum gradient component mag 1.0376e+01
Var    Value     Gradient |Var    Value     Gradient |Var    Value     Gradient
  1  0.14568  1.03761e+01 |  2 -0.13973 -1.55532e-02 |  3 -0.00539  1.47088e-01
  4 -0.04456  3.99150e-01 |  5  0.00117  6.57764e-01 |  6 -0.06073 -1.23598e-01
  7 -0.10942 -1.75969e-01 |  8 -0.06810 -2.00910e-01 |  9 -0.07022 -1.08796e-01
 10  0.02845 -1.63181e-01 | 11  0.00981 -1.67916e-01 | 12  0.04961 -2.29897e-01
 13  0.00577 -1.19656e-01 | 14 -0.00428 -9.21470e-02 | 15  0.06340 -1.93137e-01
 16  0.01241 -2.16600e-01 | 17 -0.04784 -3.11438e-01 | 18  0.01227 -2.43755e-01
 19 -0.02320 -2.73981e-01 | 20  0.07745 -1.67526e-01 | 21  0.06149 -1.21945e-01
 22 -0.04721 -5.24962e-02 | 23 -0.01151 -8.86186e-02 | 24 -0.10354 -6.83889e-02
 25 -0.01586 -3.36574e-02 | 26 -0.01269 -2.92272e-01 | 27  0.00643 -2.26837e-01
 28  0.04257 -3.03331e-01 | 29  0.00020  1.02729e-01 | 30  0.06953  3.61341e-01
 31 -0.01254  3.34496e-02 | 32  0.06895  2.87617e-04 | 33  0.03181 -9.44822e-02
 34  0.05453  4.73030e-01 | 35  0.01363  3.21974e-01 | 36 -0.02383  6.74055e-01
 37  0.01265  1.29620e+00 | 38 -0.01063 -1.88974e-01 | 39  0.23469  2.84841e-01
 40  0.25735  2.03561e+00 | 41  0.23985  5.09658e-01 | 42 -0.71893 -1.68228e-03
 43  0.71407  7.18476e-03 | 44  0.70285  6.44114e-03 | 45 -0.72633  1.02482e-02
 46 -0.70634 -1.68968e+00 | 47 -0.72775  1.81644e+00 | 48 -0.83870  2.45085e-01
 49 -0.77919 -1.95682e-01 | 50 -0.67959 -1.04210e-04 | 51  0.11493  3.34273e-03
 52 -0.16373  2.61182e+00 | 53 -0.15019 -1.23775e+00 | 54 -0.07882  3.50012e-01
 55 -0.00828 -1.70949e-01 |
55 variables; iteration 80; function evaluation 102; phase 3
Function value 1.6786475e+02; maximum gradient component mag -7.7775e-01
Var    Value     Gradient |Var    Value     Gradient |Var    Value     Gradient
  1  0.14564 -7.77754e-01 |  2 -0.13963 -1.74651e-03 |  3 -0.00539 -3.66999e-02
  4 -0.04464 -5.76606e-02 |  5  0.00108 -8.47884e-02 |  6 -0.06075  1.55443e-02
  7 -0.10944  1.40372e-02 |  8 -0.06807  2.15049e-02 |  9 -0.07033  1.28873e-02
 10  0.02847  1.44736e-02 | 11  0.00985  8.14913e-03 | 12  0.04970  1.52602e-02
 13  0.00576 -9.91752e-04 | 14 -0.00432  2.14906e-03 | 15  0.06345 -1.21000e-02
 16  0.01248 -4.55798e-03 | 17 -0.04774  1.32555e-02 | 18  0.01233  1.63511e-02
 19 -0.02314  1.75169e-02 | 20  0.07748  1.36673e-02 | 21  0.06149  1.70512e-02
 22 -0.04727  7.17738e-03 | 23 -0.01152  4.93112e-03 | 24 -0.10357  3.60419e-03
 25 -0.01583 -1.49293e-02 | 26 -0.01261 -4.00286e-03 | 27  0.00648 -2.35902e-02
 28  0.04259 -3.60972e-02 | 29  0.00017 -6.75884e-02 | 30  0.06946 -1.18652e-01
 31 -0.01257 -1.47429e-02 | 32  0.06888 -1.45617e-02 | 33  0.03180  4.60352e-02
 34  0.05450 -2.19018e-02 | 35  0.01365  5.57110e-02 | 36 -0.02383  8.35630e-02
 37  0.01262  2.39604e-01 | 38 -0.01080  3.85575e-02 | 39  0.23472 -5.37320e-01
 40  0.25737 -6.35479e-02 | 41  0.23992  1.45923e-01 | 42 -0.54942  3.83715e-04
 43 -0.23752 -3.10314e-04 | 44 -0.10414 -3.71699e-04 | 45 -0.72093 -1.18862e-03
 46 -0.68871 -6.30995e-01 | 47 -0.71151  6.84428e-01 | 48 -0.79264 -7.55382e-02
 49 -0.71578  4.21174e-02 | 50 -0.54318  2.09708e-03 | 51 -0.28307  5.55121e-04
 52 -0.16408 -3.98378e-01 | 53 -0.15085  1.86808e-01 | 54 -0.07882 -5.33898e-02
 55 -0.00840  4.88800e-02 |
55 variables; iteration 100; function evaluation 122; phase 3
Function value 1.6786441e+02; maximum gradient component mag -2.4089e-02
Var    Value     Gradient |Var    Value     Gradient |Var    Value     Gradient
  1  0.14564 -2.40893e-02 |  2 -0.13964 -8.52176e-04 |  3 -0.00538 -4.24865e-04
  4 -0.04463 -1.28011e-03 |  5  0.00109 -3.31858e-03 |  6 -0.06075 -4.06262e-04
  7 -0.10944 -3.59586e-04 |  8 -0.06808 -3.99952e-04 |  9 -0.07033 -8.95152e-05
 10  0.02847 -7.51722e-04 | 11  0.00985 -4.99043e-04 | 12  0.04969  1.17739e-04
 13  0.00577  6.15221e-04 | 14 -0.00432  4.10966e-06 | 15  0.06346 -3.43228e-04
 16  0.01248 -3.41418e-04 | 17 -0.04774 -5.84493e-04 | 18  0.01233 -4.28195e-04
 19 -0.02315 -1.11679e-03 | 20  0.07748 -8.84506e-05 | 21  0.06149 -9.30750e-04
 22 -0.04726  3.44660e-05 | 23 -0.01152 -3.06072e-05 | 24 -0.10357 -4.34064e-04
 25 -0.01583  4.75531e-04 | 26 -0.01261  2.73668e-03 | 27  0.00648  3.29523e-03
 28  0.04260  5.97903e-03 | 29  0.00019  3.14604e-03 | 30  0.06947  6.65660e-03
 31 -0.01256 -7.52284e-04 | 32  0.06889  2.10556e-03 | 33  0.03180 -2.20229e-03
 34  0.05451 -4.81868e-04 | 35  0.01365 -4.09860e-03 | 36 -0.02383 -7.66472e-03
 37  0.01260 -1.54811e-02 | 38 -0.01083 -1.15367e-03 | 39  0.23472 -8.60588e-03
 40  0.25737 -1.10121e-02 | 41  0.23990 -1.41999e-02 | 42 -0.56274  5.78582e-06
 43 -0.17817  1.63662e-05 | 44 -0.04147 -2.00104e-05 | 45 -0.72019  3.36184e-05
 46 -0.69023 -4.19417e-03 | 47 -0.71293  4.31335e-03 | 48 -0.76672 -8.15586e-03
 49 -0.67992  5.88134e-03 | 50 -0.55819  2.67507e-05 | 51 -0.27734  8.00434e-06
 52 -0.16420 -1.58683e-02 | 53 -0.15110  6.33707e-03 | 54 -0.07893  1.56673e-02
 55 -0.00856 -8.61364e-03 |
55 variables; iteration 120; function evaluation 142; phase 3
Function value 1.6786441e+02; maximum gradient component mag 7.1454e-03
Var    Value     Gradient |Var    Value     Gradient |Var    Value     Gradient
  1  0.14564  7.14539e-03 |  2 -0.13964 -2.10435e-06 |  3 -0.00538  2.34284e-04
  4 -0.04463  6.40909e-04 |  5  0.00109  1.08795e-03 |  6 -0.06075 -7.74170e-05
  7 -0.10944 -9.79880e-05 |  8 -0.06808 -1.97309e-04 |  9 -0.07033 -4.27625e-05
 10  0.02847 -1.04750e-04 | 11  0.00985 -1.13830e-04 | 12  0.04969 -2.48414e-04
 13  0.00577 -1.18311e-04 | 14 -0.00432 -2.99813e-06 | 15  0.06346 -8.19766e-05
 16  0.01248 -8.31200e-05 | 17 -0.04774 -1.98325e-04 | 18  0.01233 -7.62427e-05
 19 -0.02315 -1.22879e-04 | 20  0.07748 -7.95706e-05 | 21  0.06149 -2.51224e-05
 22 -0.04726  5.95888e-05 | 23 -0.01152  4.93680e-06 | 24 -0.10357  9.35036e-05
 25 -0.01583  1.65911e-04 | 26 -0.01261 -3.70327e-04 | 27  0.00648 -3.51171e-04
 28  0.04260 -6.55528e-04 | 29  0.00018  4.13591e-05 | 30  0.06947 -1.94694e-04
 31 -0.01256  2.31402e-04 | 32  0.06889 -2.85309e-04 | 33  0.03180  6.65460e-05
 34  0.05451  2.38963e-04 | 35  0.01365  1.34651e-04 | 36 -0.02383  5.75724e-04
 37  0.01260  1.11588e-03 | 38 -0.01083  4.26007e-06 | 39  0.23472  5.87668e-04
 40  0.25737  2.84113e-03 | 41  0.23990  9.03831e-04 | 42 -0.56234 -1.14451e-06
 43 -0.18057 -5.00684e-07 | 44 -0.03664  3.64091e-06 | 45 -0.72037  1.15674e-05
 46 -0.69003  2.47916e-03 | 47 -0.71274 -2.67969e-03 | 48 -0.76672 -2.65215e-03
 49 -0.67993  1.90680e-03 | 50 -0.55807 -2.80919e-06 | 51 -0.27858 -1.16665e-05
 52 -0.16419  2.65797e-03 | 53 -0.15107 -2.40516e-03 | 54 -0.07894 -1.53699e-03
 55 -0.00857  1.02413e-03 |
55 variables; iteration 140; function evaluation 163; phase 3
Function value 1.6786439e+02; maximum gradient component mag 6.8336e-03
Var    Value     Gradient |Var    Value     Gradient |Var    Value     Gradient
  1  0.14564  5.20873e-03 |  2 -0.13964 -1.18806e-05 |  3 -0.00538  9.68131e-05
  4 -0.04463  3.11305e-04 |  5  0.00109  4.71420e-04 |  6 -0.06075 -6.60088e-05
  7 -0.10944 -8.78356e-05 |  8 -0.06808 -1.32346e-04 |  9 -0.07033 -5.94182e-05
 10  0.02847 -9.51420e-05 | 11  0.00985 -8.99797e-05 | 12  0.04969 -1.57183e-04
 13  0.00577 -6.57008e-05 | 14 -0.00432 -3.65816e-05 | 15  0.06346 -5.64356e-05
 16  0.01248 -8.86206e-05 | 17 -0.04774 -1.70164e-04 | 18  0.01233 -1.27824e-04
 19 -0.02315 -1.26983e-04 | 20  0.07748 -8.31730e-05 | 21  0.06149 -7.70445e-05
 22 -0.04726 -2.33851e-05 | 23 -0.01152 -5.58118e-05 | 24 -0.10357 -5.65238e-06
 25 -0.01583  7.53412e-05 | 26 -0.01261 -1.78334e-04 | 27  0.00648 -1.05488e-04
 28  0.04260 -2.23938e-04 | 29  0.00018  8.93892e-05 | 30  0.06947  1.66116e-04
 31 -0.01256  4.46505e-05 | 32  0.06889 -9.48971e-05 | 33  0.03180 -1.19922e-04
 34  0.05451  2.76190e-04 | 35  0.01365  1.38008e-04 | 36 -0.02383  3.03394e-04
 37  0.01260  4.22986e-04 | 38 -0.01083 -1.72353e-04 | 39  0.23472  1.12952e-03
 40  0.25737  1.72632e-03 | 41  0.23990  4.82632e-04 | 42 -0.56232 -1.00497e-06
 43 -0.18068 -1.14857e-06 | 44 -0.03728  1.81216e-07 | 45 -0.72036  2.84041e-06
 46 -0.69003 -2.58337e-04 | 47 -0.71274  2.81251e-04 | 48 -0.76672 -7.18186e-05
 49 -0.67992  5.37197e-05 | 50 -0.55850 -4.36878e-06 | 51 -0.27715  5.15814e-07
 52 -0.15791  6.83362e-03 | 53 -0.13779 -3.23263e-03 | 54 -0.07894 -1.26563e-05
 55 -0.00857 -5.60603e-05 |

 - final statistics:
55 variables; iteration 144; function evaluation 167
Function value 1.6786e+02; maximum gradient component mag 5.3523e-05
Exit code = 1;  converg criter 1.0000e-04
Var    Value     Gradient |Var    Value     Gradient |Var    Value     Gradient
  1  0.14564 -8.61329e-06 |  2 -0.13964 -4.27701e-07 |  3 -0.00538 -7.08323e-07
  4 -0.04463 -3.46007e-06 |  5  0.00109 -7.28658e-06 |  6 -0.06075 -4.78624e-08
  7 -0.10944  3.82465e-07 |  8 -0.06808  1.81936e-08 |  9 -0.07033 -2.81216e-07
 10  0.02847 -1.70139e-07 | 11  0.00985  6.56741e-07 | 12  0.04969  1.70863e-06
 13  0.00577  2.07454e-06 | 14 -0.00432 -4.68156e-08 | 15  0.06346  2.50277e-06
 16  0.01248  1.80614e-06 | 17 -0.04774  1.27065e-06 | 18  0.01233  7.47330e-07
 19 -0.02315  1.00318e-06 | 20  0.07748  1.54833e-06 | 21  0.06149  8.25163e-07
 22 -0.04726  6.55098e-07 | 23 -0.01152  8.24078e-07 | 24 -0.10357 -1.83788e-07
 25 -0.01583  1.23438e-06 | 26 -0.01261  3.33426e-06 | 27  0.00648  4.86109e-06
 28  0.04260  8.49912e-06 | 29  0.00018  2.83575e-06 | 30  0.06947  4.80532e-06
 31 -0.01256 -1.37736e-07 | 32  0.06889  2.35873e-06 | 33  0.03180 -9.79482e-07
 34  0.05451 -3.38284e-06 | 35  0.01365 -5.44209e-06 | 36 -0.02383 -1.19922e-05
 37  0.01260 -2.61636e-05 | 38 -0.01083 -1.74964e-06 | 39  0.23472  5.35227e-05
 40  0.25737 -1.42365e-05 | 41  0.23990 -6.21229e-06 | 42 -0.56234  5.31507e-08
 43 -0.18053  6.42190e-09 | 44 -0.03730 -8.39291e-10 | 45 -0.72037  1.05852e-07
 46 -0.69003  6.59548e-07 | 47 -0.71274 -4.73444e-07 | 48 -0.76672  2.49378e-05
 49 -0.67992 -1.80463e-05 | 50 -0.55840 -3.11410e-08 | 51 -0.27736 -2.22305e-08
 52 -0.15791  2.02271e-06 | 53 -0.13779 -8.86876e-07 | 54 -0.07894  1.09456e-05
 55 -0.00857 -5.71132e-06 |
Estimating row 1 out of 55 for hessian
Estimating row 2 out of 55 for hessian
Estimating row 3 out of 55 for hessian
Estimating row 4 out of 55 for hessian
Estimating row 5 out of 55 for hessian
Estimating row 6 out of 55 for hessian
Estimating row 7 out of 55 for hessian
Estimating row 8 out of 55 for hessian
Estimating row 9 out of 55 for hessian
Estimating row 10 out of 55 for hessian
Estimating row 11 out of 55 for hessian
Estimating row 12 out of 55 for hessian
Estimating row 13 out of 55 for hessian
Estimating row 14 out of 55 for hessian
Estimating row 15 out of 55 for hessian
Estimating row 16 out of 55 for hessian
Estimating row 17 out of 55 for hessian
Estimating row 18 out of 55 for hessian
Estimating row 19 out of 55 for hessian
Estimating row 20 out of 55 for hessian
Estimating row 21 out of 55 for hessian
Estimating row 22 out of 55 for hessian
Estimating row 23 out of 55 for hessian
Estimating row 24 out of 55 for hessian
Estimating row 25 out of 55 for hessian
Estimating row 26 out of 55 for hessian
Estimating row 27 out of 55 for hessian
Estimating row 28 out of 55 for hessian
Estimating row 29 out of 55 for hessian
Estimating row 30 out of 55 for hessian
Estimating row 31 out of 55 for hessian
Estimating row 32 out of 55 for hessian
Estimating row 33 out of 55 for hessian
Estimating row 34 out of 55 for hessian
Estimating row 35 out of 55 for hessian
Estimating row 36 out of 55 for hessian
Estimating row 37 out of 55 for hessian
Estimating row 38 out of 55 for hessian
Estimating row 39 out of 55 for hessian
Estimating row 40 out of 55 for hessian
Estimating row 41 out of 55 for hessian
Estimating row 42 out of 55 for hessian
Estimating row 43 out of 55 for hessian
Estimating row 44 out of 55 for hessian
Estimating row 45 out of 55 for hessian
Estimating row 46 out of 55 for hessian
Estimating row 47 out of 55 for hessian
Estimating row 48 out of 55 for hessian
Estimating row 49 out of 55 for hessian
Estimating row 50 out of 55 for hessian
Estimating row 51 out of 55 for hessian
Estimating row 52 out of 55 for hessian
Estimating row 53 out of 55 for hessian
Estimating row 54 out of 55 for hessian
Estimating row 55 out of 55 for hessian
size of file gradfil1.tmp = 0
size of file gradfil2.tmp = 0
size of file varssave.tmp = 0
size of file cmpdiff.tmp = 0
