
Initial statistics: 3 variables; iteration 0; function evaluation 0; phase 1
Function value 4.1061953e+03; maximum gradient component mag 2.9826e+04
Var    Value     Gradient |Var    Value     Gradient |Var    Value     Gradient
  1  0.04247 -9.45308e+02 |  2  0.39650  2.98260e+04 |  3  0.21635  1.24114e+04

 - final statistics:
3 variables; iteration 10; function evaluation 19
Function value 5.1602e+02; maximum gradient component mag 9.8649e-01
Exit code = 1;  converg criter 1.0000e+01
Var    Value     Gradient |Var    Value     Gradient |Var    Value     Gradient
  1  0.29015 -4.44759e-01 |  2  0.20158  9.86486e-01 |  3  0.18973  1.68222e-01

Initial statistics: 52 variables; iteration 0; function evaluation 0; phase 2
Function value 5.1601886e+02; maximum gradient component mag 1.9530e+03
Var    Value     Gradient |Var    Value     Gradient |Var    Value     Gradient
  1  0.29015 -4.44759e-01 |  2  0.20158  9.86486e-01 |  3  0.00000  2.34580e+01
  4  0.00000 -1.21056e+02 |  5  0.00000  3.59973e+01 |  6  0.00000 -7.67462e+01
  7  0.00000 -3.75207e+01 |  8  0.00000  4.39319e+01 |  9  0.00000 -8.98478e-01
 10  0.00000  5.05508e+00 | 11  0.00000 -7.66355e+01 | 12  0.00000  1.09147e+01
 13  0.00000 -5.17913e+01 | 14  0.00000 -1.26436e+01 | 15  0.00000 -1.33297e+01
 16  0.00000 -8.59229e+01 | 17  0.00000  5.87762e+00 | 18  0.00000  9.48314e+01
 19  0.00000  1.55357e+01 | 20  0.00000  4.76572e+01 | 21  0.00000 -1.39511e+02
 22  0.00000 -1.58836e+02 | 23  0.00000  4.37134e+01 | 24  0.00000  2.28211e+01
 25  0.00000  2.26981e+02 | 26  0.00000 -2.84259e+01 | 27  0.00000 -1.31757e+01
 28  0.00000  5.98279e+01 | 29  0.00000 -1.10496e+02 | 30  0.00000  7.53465e+01
 31  0.00000 -8.27873e+01 | 32  0.00000  1.41997e+02 | 33  0.00000  1.34571e+01
 34  0.00000  7.17242e-01 | 35  0.00000 -1.59428e+02 | 36  0.00000 -3.32752e+00
 37  0.00000  8.73709e+01 | 38  0.00000  7.86941e+01 | 39  0.21635  3.41632e+02
 40  0.21635  1.95300e+03 | 41  0.21635 -6.54419e+02 | 42  0.18973  1.68222e-01
 43 -1.00000 -1.08293e-07 | 44  0.00000  2.68461e-05 | 45  0.00000  1.68113e-01
 46 -0.53989  3.54402e+00 | 47 -1.00000 -1.08293e-07 | 48 -0.53989  1.35232e+01
 49 -1.00000 -1.08293e-07 | 50 -0.53989  4.11381e+00 | 51 -0.32288 -3.73336e+01
 52  0.21635 -1.14989e+00 |

Intermediate statistics: 52 variables; iteration 20; function evaluation 41; phase 2
Function value 1.9597324e+02; maximum gradient component mag 1.6146e+03
Var    Value     Gradient |Var    Value     Gradient |Var    Value     Gradient
  1  1.46018  4.02228e+01 |  2  0.25880  1.61456e+03 |  3 -0.04138 -1.46061e+01
  4  0.29756  2.89366e+01 |  5  0.30975  1.47815e+02 |  6  0.23506  5.92789e+00
  7  0.14613  5.13662e+01 |  8  0.05777  8.48819e+01 |  9  0.01547  1.46373e+01
 10  0.07951  8.95517e+01 | 11  0.13027  6.13001e+01 | 12  0.11231  1.43601e+02
 13  0.05859  5.94018e+01 | 14  0.03159  9.99249e+01 | 15  0.03864  9.90228e+01
 16  0.00363  1.44985e+01 | 17 -0.01256  9.87529e+01 | 18 -0.02669  1.48227e+02
 19 -0.02306  7.54639e+01 | 20 -0.03287  1.17956e+02 | 21  0.00227 -2.78836e+01
 22  0.02379  8.18365e+00 | 23 -0.01796  1.15743e+02 | 24  0.00581  1.38734e+02
 25 -0.05768  1.92067e+02 | 26 -0.00035  1.05319e+02 | 27 -0.00043  7.85500e+01
 28 -0.03566  8.73142e+01 | 29 -0.00500  6.39657e+01 | 30 -0.06026  1.08611e+02
 31 -0.01006  7.12960e+01 | 32 -0.11110 -2.04949e+01 | 33 -0.02490  8.91539e+01
 34 -0.01346  1.59147e+02 | 35  0.04832  2.42341e+02 | 36 -0.03114  1.01708e+02
 37 -0.09692  7.37068e+01 | 38 -0.12015  3.81767e+01 | 39  0.18437  4.23827e+02
 40  0.18518  1.16847e+03 | 41  0.20137  2.31358e+02 | 42  0.18288  1.14396e+03
 43 -1.13797  1.41196e-02 | 44 -0.00001  1.34360e-04 | 45 -0.01227 -6.07553e-05
 46 -0.80299 -9.81744e-03 | 47 -0.59490 -9.23238e+01 | 48 -0.59692  9.71417e+01
 49 -1.15471  2.45525e+01 | 50 -0.74103  1.45211e+01 | 51 -0.40751 -3.73767e+00
 52  0.15444 -3.99325e-01 |
52 variables; iteration 40; function evaluation 64; phase 2
Function value 1.5668861e+02; maximum gradient component mag -5.6942e+02
Var    Value     Gradient |Var    Value     Gradient |Var    Value     Gradient
  1  1.44685  3.07425e+01 |  2  0.29174 -2.51127e+02 |  3 -0.16813 -3.41786e+01
  4  0.14506 -2.68844e+00 |  5  0.17399  1.20831e+02 |  6  0.14571  1.17561e+01
  7  0.06275  2.95351e+01 |  8  0.00650  9.53986e+01 |  9 -0.02208  4.46179e+01
 10 -0.01491  3.02180e+01 | 11  0.08765  8.42746e+01 | 12  0.05512  1.13565e+02
 13  0.03206  5.83373e+01 | 14  0.01633  9.22922e+01 | 15  0.00025  5.05198e+01
 16  0.00682  1.70231e+01 | 17 -0.01312  8.21646e+01 | 18 -0.04157  9.50416e+01
 19 -0.01093  4.26727e+01 | 20 -0.02306  7.39973e+01 | 21  0.05155 -2.59017e+00
 22  0.08755  7.09816e+01 | 23  0.01160  1.06745e+02 | 24  0.00772  6.65948e+01
 25 -0.09064  7.13293e+01 | 26  0.01172  9.89249e+01 | 27 -0.00118  4.44175e+01
 28 -0.00517  7.95489e+01 | 29  0.03894  8.38772e+01 | 30 -0.03318  7.78234e+01
 31  0.01988  3.02276e+01 | 32 -0.07025 -2.63801e+01 | 33 -0.00353  5.05364e+01
 34  0.00051  7.56500e+01 | 35  0.06880  1.52867e+02 | 36 -0.01287  4.89189e+01
 37 -0.08354  2.63067e+01 | 38 -0.08786  3.14576e+01 | 39  0.15936 -1.23314e+02
 40  0.15135 -5.69425e+02 | 41  0.17207 -1.28180e+02 | 42  0.15140  2.70651e+02
 43 -0.52347  5.02940e-01 | 44 -0.00170  8.66656e-02 | 45 -0.57269  8.27202e-01
 46 -1.90388 -9.90596e+00 | 47 -0.65346 -1.24198e+02 | 48 -0.65511  1.25282e+02
 49 -1.06547  2.37631e+02 | 50 -0.88195  1.31498e+02 | 51 -0.45974  5.54437e-05
 52 -0.90316 -1.92402e-02 |
52 variables; iteration 60; function evaluation 98; phase 2
Function value 1.1906931e+02; maximum gradient component mag 6.3521e+01
Var    Value     Gradient |Var    Value     Gradient |Var    Value     Gradient
  1  1.08361  7.58016e-01 |  2  0.29836  6.35212e+01 |  3 -0.04655  1.26124e+00
  4  0.03314 -1.00617e+00 |  5 -0.01067  1.07727e+00 |  6  0.05925 -8.24429e-02
  7  0.03529 -5.61402e-01 |  8 -0.03259 -1.65142e+00 |  9 -0.01292 -1.04636e+00
 10  0.01106 -1.51741e-01 | 11  0.06052 -7.86032e-01 | 12  0.00184 -6.65552e-01
 13  0.01813  1.19214e-01 | 14  0.00073  4.54905e-01 | 15  0.01383 -1.27266e+00
 16  0.03737 -3.78153e-01 | 17 -0.02097  3.59414e-01 | 18 -0.06609 -1.08791e+00
 19 -0.00667  1.28747e-01 | 20 -0.03162  5.03439e-01 | 21  0.07812  1.32225e+00
 22  0.08295 -8.96983e-02 | 23 -0.01521 -8.59614e-01 | 24  0.00144 -7.75487e-01
 25 -0.10331  1.95935e-01 | 26 -0.01155  1.36804e+00 | 27  0.00624 -8.33433e-01
 28 -0.01655  3.00086e-01 | 29  0.02720  2.51425e+00 | 30 -0.03187  9.04285e-01
 31  0.03482  3.37715e-01 | 32 -0.03995 -6.33402e-01 | 33  0.00227  1.37645e+00
 34  0.00201  2.04322e+00 | 35  0.04873  3.12433e+00 | 36  0.00202 -2.93513e-01
 37 -0.04858 -2.82119e-01 | 38 -0.02667 -1.20675e-02 | 39  0.15684  2.41226e+01
 40  0.15157  3.39906e+01 | 41  0.17319  1.95266e+01 | 42  0.14125  1.39147e+01
 43 -0.63102  2.83905e-03 | 44 -0.08132  2.08221e-03 | 45 -1.19946  9.17796e-03
 46 -1.32694 -3.50283e-02 | 47 -0.71122  2.47906e+00 | 48 -0.72097 -2.58267e+00
 49 -1.02700 -3.86276e+00 | 50 -0.95758 -2.54855e+00 | 51 -0.40551  5.42009e-02
 52 -1.34768 -2.31294e-03 |
Maximum number of function evaluations exceeded

 - final statistics:
52 variables; iteration 63; function evaluation 100
Function value 1.1881e+02; maximum gradient component mag 5.5474e+01
Exit code = 3;  converg criter 1.0000e+01
Var    Value     Gradient |Var    Value     Gradient |Var    Value     Gradient
  1  0.97183 -1.49352e-01 |  2  0.28396  5.54744e+01 |  3 -0.04089  2.82452e+00
  4  0.03409 -2.47818e+00 |  5 -0.00870  1.95231e+00 |  6  0.06148  7.47373e-01
  7  0.03690  1.33466e+00 |  8 -0.03230 -1.13935e+00 |  9 -0.01266 -7.37793e-01
 10  0.01265  1.52434e+00 | 11  0.06370  2.13841e+00 | 12  0.00344 -2.11902e-01
 13  0.01938  7.79362e-01 | 14  0.00217  3.54708e+00 | 15  0.01359 -7.34373e-01
 16  0.03775  4.92016e-01 | 17 -0.02015  2.40618e+00 | 18 -0.06666 -3.42076e-01
 19 -0.00694  1.09327e+00 | 20 -0.03146  3.02810e+00 | 21  0.07845  3.93895e+00
 22  0.08218  3.97511e-02 | 23 -0.01767 -3.14112e+00 | 24  0.00104  1.20854e-01
 25 -0.10393  4.22281e-01 | 26 -0.01113  3.85439e+00 | 27  0.00564 -7.29104e-04
 28 -0.01665  1.73952e+00 | 29  0.02724  3.53585e+00 | 30 -0.03337 -4.52028e-01
 31  0.03400 -2.30480e-01 | 32 -0.04163 -3.35351e+00 | 33  0.00237  3.67798e+00
 34  0.00219  4.29263e+00 | 35  0.04901  6.26715e+00 | 36  0.00093 -6.77467e-01
 37 -0.04962  1.07765e+00 | 38 -0.02760  1.14470e+00 | 39  0.16423  2.82754e+01
 40  0.15885  1.64670e+01 | 41  0.18076  1.62677e+01 | 42  0.14848  6.81301e+00
 43 -0.59601  1.79075e-02 | 44 -0.07443  5.65235e-03 | 45 -1.22788  8.29145e-03
 46 -1.27951  5.06224e-03 | 47 -0.70351 -2.41563e+00 | 48 -0.71384  2.49160e+00
 49 -1.02814  3.59951e+01 | 50 -0.95588  2.28616e+01 | 51 -0.41663  1.69238e-02
 52 -1.30323  3.48380e-03 |

Initial statistics: 54 variables; iteration 0; function evaluation 0; phase 3
Function value 1.1880860e+02; maximum gradient component mag -5.8064e+02
Var    Value     Gradient |Var    Value     Gradient |Var    Value     Gradient
  1  0.97183 -1.49352e-01 |  2  0.28396  5.54744e+01 |  3 -0.04089  2.82452e+00
  4  0.03409 -2.47818e+00 |  5 -0.00870  1.95231e+00 |  6  0.06148  7.47373e-01
  7  0.03687  2.27015e-01 |  8 -0.03233 -2.24743e+00 |  9 -0.01269 -1.84708e+00
 10  0.01262  4.15043e-01 | 11  0.06367  1.03445e+00 | 12  0.00342 -1.32140e+00
 13  0.01935 -3.29636e-01 | 14  0.00214  2.43758e+00 | 15  0.01356 -1.84363e+00
 16  0.03772 -6.15547e-01 | 17 -0.02017  1.29722e+00 | 18 -0.06669 -1.44550e+00
 19 -0.00697 -1.61723e-02 | 20 -0.03149  1.91993e+00 | 21  0.07842  2.83787e+00
 22  0.08215 -1.06054e+00 | 23 -0.01770 -4.25020e+00 | 24  0.00101 -9.88656e-01
 25 -0.10396 -6.72473e-01 | 26 -0.01116  2.74504e+00 | 27  0.00561 -1.11020e+00
 28 -0.01668  6.30390e-01 | 29  0.02721  2.42736e+00 | 30 -0.03339 -1.56001e+00
 31  0.03397 -1.33841e+00 | 32 -0.04166 -4.46063e+00 | 33  0.00234  2.56848e+00
 34  0.00216  3.18312e+00 | 35  0.04898  5.16094e+00 | 36  0.00090 -1.78698e+00
 37 -0.04965 -2.84939e-02 | 38 -0.02763  3.62296e-02 | 39  0.16423  2.82754e+01
 40  0.15885  1.64670e+01 | 41  0.18076  1.62677e+01 | 42  0.14848  6.81301e+00
 43 -0.59601  1.79075e-02 | 44 -0.07443  5.65235e-03 | 45 -0.77212 -8.29145e-03
 46 -0.72049 -5.06224e-03 | 47 -0.70351 -2.41563e+00 | 48 -0.71384  2.49160e+00
 49 -0.97186 -3.59951e+01 | 50 -0.95588  2.28616e+01 | 51 -0.41663  1.69238e-02
 52 -0.69677 -3.48380e-03 | 53 -0.17585 -5.80640e+02 | 54 -0.12819 -3.71317e+02

Intermediate statistics: 54 variables; iteration 20; function evaluation 32; phase 3
Function value 1.0379691e+02; maximum gradient component mag -3.8438e+02
Var    Value     Gradient |Var    Value     Gradient |Var    Value     Gradient
  1  0.97072  9.51091e-01 |  2  0.21044 -2.62578e+02 |  3 -0.04876 -5.63992e-01
  4  0.03913 -4.42940e+00 |  5 -0.00903 -1.81472e+00 |  6  0.06254 -6.97662e-01
  7  0.03830 -2.11142e+00 |  8 -0.02666 -1.43731e+00 |  9 -0.00621 -4.39034e-01
 10  0.00800 -6.00425e+00 | 11  0.06113 -1.07132e+01 | 12  0.00941 -8.66186e+00
 13  0.03247 -5.49446e+00 | 14  0.00254 -9.26491e+00 | 15  0.00983 -9.99301e+00
 16  0.04809 -7.13267e+00 | 17 -0.01087 -4.72665e+00 | 18 -0.07505 -1.24488e+01
 19 -0.02601 -1.70706e+01 | 20 -0.04298 -2.94423e+01 | 21  0.06450 -2.31206e+00
 22  0.07021 -1.05721e+01 | 23 -0.03195 -3.15130e+01 | 24 -0.00927 -4.86915e-03
 25 -0.12520 -2.53510e+01 | 26 -0.02450 -2.49635e+01 | 27 -0.02083 -1.86292e+01
 28 -0.02959 -6.63027e+00 | 29  0.02953 -4.73515e+00 | 30 -0.02391  1.34427e+01
 31  0.03723 -4.07042e+01 | 32 -0.03400 -1.18385e+00 | 33  0.02804  3.60564e+00
 34  0.02086  4.41208e+00 | 35  0.04957 -3.72846e+01 | 36  0.01389  8.45880e+00
 37 -0.03199  3.17468e+01 | 38 -0.01164  1.80564e+01 | 39  0.20259 -3.35980e+02
 40  0.20817  6.07784e+01 | 41  0.21905 -3.84380e+02 | 42  0.18622  2.80246e+02
 43 -0.59640  2.70659e-03 | 44 -0.07456  1.52879e-03 | 45 -0.77182 -8.28458e-03
 46 -0.72031 -5.56964e-03 | 47 -0.70024 -1.87861e+02 | 48 -0.71065  1.94867e+02
 49 -0.82179 -1.07228e+02 | 50 -0.72499  6.88386e+01 | 51 -0.41778  1.40819e-01
 52 -0.69673  1.32783e-02 | 53 -0.14534 -2.59113e+02 | 54 -0.11890 -1.15716e+02
54 variables; iteration 40; function evaluation 59; phase 3
Function value 9.7088212e+01; maximum gradient component mag 3.4793e+02
Var    Value     Gradient |Var    Value     Gradient |Var    Value     Gradient
  1  0.52810 -6.02453e+00 |  2  0.19150  2.70583e+02 |  3 -0.03209  7.65065e+00
  4  0.04543  1.77243e+00 |  5 -0.00681  4.08964e+00 |  6  0.05011 -3.33640e+00
  7  0.01628 -1.53888e+01 |  8 -0.04487 -1.54207e+01 |  9 -0.00604 -2.11264e+00
 10  0.01753 -3.91875e+00 | 11  0.08118 -3.62935e+00 | 12  0.02872 -5.81827e+00
 13  0.04571 -3.32014e+00 | 14  0.00794 -4.74678e+00 | 15  0.01591 -4.72833e+00
 16  0.05245 -1.72923e+00 | 17 -0.00724  6.49199e-02 | 18 -0.08318 -2.25076e+01
 19 -0.03024 -2.30431e+01 | 20 -0.03756 -2.69093e+00 | 21  0.05427 -1.57521e+01
 22  0.06531 -3.83855e+00 | 23 -0.02663 -7.27620e-01 | 24 -0.01315  3.10942e+00
 25 -0.11863 -7.70597e+00 | 26 -0.01938 -1.13646e+01 | 27 -0.01560 -6.52039e+00
 28 -0.03057 -6.87683e+00 | 29  0.02631 -1.11109e+01 | 30 -0.03667 -1.68638e+01
 31  0.05207  1.45779e+01 | 32 -0.03405  6.02108e+00 | 33  0.04276  3.31882e+01
 34  0.02487  1.01243e+01 | 35  0.05717  8.79580e+00 | 36  0.01246  1.02035e+01
 37 -0.04808  5.53828e+00 | 38 -0.05286 -3.06519e+01 | 39  0.21566  3.47934e+02
 40  0.22072 -5.19463e+00 | 41  0.23400 -9.30479e+01 | 42  0.19529  3.11699e+01
 43 -0.60658 -6.49623e-04 | 44 -0.07834  6.93944e-04 | 45 -0.76139 -7.88570e-03
 46 -0.71364 -4.09635e-03 | 47 -0.78275  1.42520e+02 | 48 -0.79821 -1.53666e+02
 49 -0.63505 -8.80458e+01 | 50 -0.43528  6.35066e+01 | 51 -0.45277 -2.14483e-02
 52 -0.69414 -9.29710e-03 | 53 -0.13197 -1.25158e+02 | 54 -0.10952 -8.63443e+01
54 variables; iteration 60; function evaluation 88; phase 3
Function value 9.0710946e+01; maximum gradient component mag -1.5498e+02
Var    Value     Gradient |Var    Value     Gradient |Var    Value     Gradient
  1  0.46457  7.95909e-01 |  2  0.17776 -1.06252e+02 |  3 -0.05542  8.43608e-01
  4  0.04293 -6.56129e-02 |  5 -0.00852  5.42252e-02 |  6  0.05457 -1.23383e+00
  7  0.02375  5.78154e-01 |  8 -0.03674  8.00520e-01 |  9 -0.00848  3.57264e+00
 10  0.00862  5.75797e-02 | 11  0.07786  3.22815e+00 | 12  0.03022  1.23940e+00
 13  0.04939 -7.70238e-01 | 14  0.00876 -8.48244e-01 | 15  0.01422  1.87831e+00
 16  0.05734  2.43629e-01 | 17 -0.00103 -1.59426e-01 | 18 -0.06946 -2.57104e+00
 19 -0.02118 -2.47978e+00 | 20 -0.03871  1.44059e+00 | 21  0.05724 -1.53171e+00
 22  0.06363 -6.77031e-01 | 23 -0.03374  4.77532e-01 | 24 -0.01618 -1.29838e-01
 25 -0.11686  1.06355e+00 | 26 -0.01908 -1.41190e+00 | 27 -0.01800  3.63529e-01
 28 -0.02675 -2.29117e+00 | 29  0.03054 -5.49291e+00 | 30 -0.03289 -3.62557e+00
 31  0.04554  8.18744e-01 | 32 -0.04159 -1.03621e+00 | 33  0.02838  2.34216e+00
 34  0.01890 -6.94639e-01 | 35  0.05158  4.01457e-01 | 36  0.00777  1.61316e+00
 37 -0.05313  1.65611e+00 | 38 -0.04033 -1.81851e-01 | 39  0.22328 -2.38717e+01
 40  0.23510 -6.04528e+01 | 41  0.24568 -3.69216e+01 | 42  0.20295 -2.66248e+01
 43 -0.46729 -2.12886e-01 | 44 -0.05917 -2.53803e-02 | 45 -0.64280 -4.91119e-03
 46 -0.70175 -8.04308e-04 | 47 -0.68412 -3.31415e+01 | 48 -0.70632  3.57370e+01
 49 -0.74746 -1.54985e+02 | 50 -0.61690  1.00804e+02 | 51 -1.62881 -2.95760e-01
 52 -0.70265  1.91228e-02 | 53 -0.09712  1.73994e+01 | 54 -0.07632 -8.13721e+00
Maximum number of function evaluations exceeded

 - final statistics:
54 variables; iteration 66; function evaluation 100
Function value 8.9369e+01; maximum gradient component mag 1.6442e+02
Exit code = 3;  converg criter 1.0000e+00
Var    Value     Gradient |Var    Value     Gradient |Var    Value     Gradient
  1  0.43000 -3.52723e+00 |  2  0.17454  1.64421e+02 |  3 -0.06430  4.65630e-01
  4  0.03298  6.33225e-01 |  5 -0.01443  1.01664e+00 |  6  0.04894  1.52238e+00
  7  0.01705 -4.37716e+00 |  8 -0.04252 -4.73468e+00 |  9 -0.01448 -3.61655e+00
 10  0.00343 -5.25766e+00 | 11  0.07230 -6.12125e+00 | 12  0.03069 -1.68069e+00
 13  0.05114 -3.41346e+00 | 14  0.01023 -3.22811e-01 | 15  0.01265 -4.48716e+00
 16  0.05913  3.51339e-01 | 17  0.00228  2.08401e+00 | 18 -0.06458 -2.17156e+00
 19 -0.01552 -3.21807e+00 | 20 -0.03902 -6.37347e+00 | 21  0.06114 -3.33260e+00
 22  0.06784 -5.04593e-01 | 23 -0.03288 -1.63148e+00 | 24 -0.01183  2.68502e+00
 25 -0.11701 -6.03712e+00 | 26 -0.01724  2.52658e+00 | 27 -0.01686 -1.93958e-01
 28 -0.01846  1.98744e+00 | 29  0.03477  7.91669e+00 | 30 -0.03306  1.37908e+00
 31  0.03896 -1.29625e+01 | 32 -0.04289 -1.51049e+00 | 33  0.02459 -5.15126e+00
 34  0.01655 -5.31888e+00 | 35  0.04656 -1.40376e+01 | 36  0.00672  9.57781e-01
 37 -0.05127  7.01386e+00 | 38 -0.04073 -5.87485e+00 | 39  0.22551  1.21832e+02
 40  0.24150 -1.20680e+02 | 41  0.24782 -4.30310e+01 | 42  0.20587  4.17968e+01
 43 -0.42854 -9.80982e-01 | 44  0.06452 -7.28278e-02 | 45 -0.45225 -2.59252e-03
 46 -0.70488 -7.68233e-04 | 47 -0.63846  1.17388e+01 | 48 -0.66703 -1.28648e+01
 49 -0.86294 -7.84902e+01 | 50 -0.81212  5.70456e+01 | 51 -1.50961  3.32980e-03
 52 -0.83690 -1.18271e-02 | 53 -0.06832  7.54262e+01 | 54 -0.04933  2.86589e+01

Initial statistics: 56 variables; iteration 0; function evaluation 0; phase 4
Function value 8.9366824e+01; maximum gradient component mag 1.6442e+02
Var    Value     Gradient |Var    Value     Gradient |Var    Value     Gradient
  1  0.43000 -3.52723e+00 |  2  0.17454  1.64421e+02 |  3 -0.06430  4.65630e-01
  4  0.03298  6.33225e-01 |  5 -0.01443  1.01664e+00 |  6  0.04894  1.52238e+00
  7  0.01711 -2.01282e+00 |  8 -0.04245 -2.37479e+00 |  9 -0.01442 -1.25199e+00
 10  0.00349 -2.89252e+00 | 11  0.07236 -3.77126e+00 | 12  0.03075  6.81740e-01
 13  0.05120 -1.05590e+00 | 14  0.01029  2.04206e+00 | 15  0.01271 -2.12244e+00
 16  0.05919  2.70630e+00 | 17  0.00234  4.44917e+00 | 18 -0.06451  1.81459e-01
 19 -0.01546 -8.53598e-01 | 20 -0.03896 -4.01275e+00 | 21  0.06121 -9.78311e-01
 22  0.06790  1.84715e+00 | 23 -0.03282  7.30544e-01 | 24 -0.01177  5.04980e+00
 25 -0.11695 -3.71185e+00 | 26 -0.01717  4.89091e+00 | 27 -0.01680  2.17040e+00
 28 -0.01840  4.35164e+00 | 29  0.03483  1.02783e+01 | 30 -0.03300  3.74109e+00
 31  0.03903 -1.06017e+01 | 32 -0.04283  8.49330e-01 | 33  0.02465 -2.78784e+00
 34  0.01661 -2.95450e+00 | 35  0.04662 -1.16786e+01 | 36  0.00679  3.32283e+00
 37 -0.05121  9.37145e+00 | 38 -0.04067 -3.51454e+00 | 39  0.22551  1.21832e+02
 40  0.24150 -1.20680e+02 | 41  0.24782 -4.30310e+01 | 42  0.20587  4.17968e+01
 43 -0.42854 -9.80982e-01 | 44  0.06452 -7.28278e-02 | 45 -0.45225 -2.59252e-03
 46 -0.70488 -7.68233e-04 | 47 -0.63846  1.17388e+01 | 48 -0.66703 -1.28648e+01
 49 -0.86294 -7.84902e+01 | 50 -0.81212  5.70456e+01 | 51 -0.49039 -3.32980e-03
 52 -0.83690 -1.18271e-02 | 53 -0.06832  7.54262e+01 | 54 -0.04933  2.86589e+01
 55 -0.05795  1.42415e+02 | 56 -0.17585 -6.46001e+01 |

Intermediate statistics: 56 variables; iteration 20; function evaluation 28; phase 4
Function value 8.5803726e+01; maximum gradient component mag -2.1013e+02
Var    Value     Gradient |Var    Value     Gradient |Var    Value     Gradient
  1  0.37250 -1.66793e+00 |  2  0.16702 -1.87733e+01 |  3 -0.07384 -3.58823e-02
  4  0.02728 -3.09894e+00 |  5 -0.01872  3.73379e-01 |  6  0.04287 -1.18045e+00
  7  0.01103  4.79207e+00 |  8 -0.04358  7.11609e+00 |  9 -0.01441  7.19493e+00
 10  0.00059  3.59210e+00 | 11  0.06950 -4.85300e-01 | 12  0.03126  3.68425e+00
 13  0.05712  7.82468e+00 | 14  0.01055  5.22957e+00 | 15  0.00972  4.60070e-01
 16  0.06195  3.37101e+00 | 17  0.00552  4.51182e+00 | 18 -0.06282  7.77135e+00
 19 -0.02012  2.85339e+00 | 20 -0.03695  1.14985e+01 | 21  0.05511  2.59176e+00
 22  0.06145  7.20280e+00 | 23 -0.03761  5.81823e+00 | 24 -0.01660  8.12085e+00
 25 -0.11442  6.98007e+00 | 26 -0.01622  1.46923e+01 | 27 -0.02075  2.87320e+00
 28 -0.02231  7.23078e+00 | 29  0.03665  1.44716e+01 | 30 -0.02704  1.99898e+00
 31  0.04282 -1.82723e+01 | 32 -0.04153 -3.40390e+00 | 33  0.03011 -3.91754e-01
 34  0.02234  3.09449e+00 | 35  0.05120  2.84318e+00 | 36  0.00873 -9.48743e-01
 37 -0.04974  6.42788e+00 | 38 -0.03855 -3.72597e+00 | 39  0.22974 -2.47193e+01
 40  0.24245 -1.76786e+02 | 41  0.25568  7.84831e+01 | 42  0.20889  6.46408e+00
 43 -0.37882  9.73230e+00 | 44  0.06811  3.36261e-01 | 45 -0.45222 -2.65216e-03
 46 -0.70477 -3.66454e-03 | 47 -0.63899  5.19679e+01 | 48 -0.67084 -5.72661e+01
 49 -0.87446 -2.10129e+02 | 50 -0.82879  1.53623e+02 | 51 -0.49036 -2.97087e-03
 52 -0.83676 -1.17681e-02 | 53 -0.08579  4.89458e+01 | 54 -0.06739 -2.05811e+00
 55 -0.07468  6.77435e+01 | 56 -0.17228 -1.81346e+01 |
56 variables; iteration 40; function evaluation 63; phase 4
Function value 8.4341969e+01; maximum gradient component mag -2.6909e+02
Var    Value     Gradient |Var    Value     Gradient |Var    Value     Gradient
  1  0.32108 -1.20806e-01 |  2  0.16188 -2.69094e+02 |  3 -0.08650 -2.74887e+00
  4  0.02550  1.17829e+00 |  5 -0.02347 -2.89155e+00 |  6  0.03634  3.50046e-01
  7 -0.00051  6.58226e+00 |  8 -0.05584  7.32420e+00 |  9 -0.02802  2.05653e+00
 10 -0.01087  2.91173e+00 | 11  0.07057  9.56947e+00 | 12  0.02833 -9.68633e-01
 13  0.05944  8.35341e+00 | 14  0.01063  5.47134e+00 | 15  0.00801  9.67883e-01
 16  0.06429  2.12052e+00 | 17  0.00745 -9.73508e-01 | 18 -0.06020  8.58272e+00
 19 -0.01499  1.54626e+01 | 20 -0.03804  1.46923e+00 | 21  0.05672  1.39342e+01
 22  0.05852  3.26985e+00 | 23 -0.04127  6.86578e-01 | 24 -0.01555  1.50099e+01
 25 -0.11512  3.16803e+00 | 26 -0.01218  1.98799e+01 | 27 -0.02285 -2.68400e+00
 28 -0.02064  6.05660e+00 | 29  0.03723 -3.50322e+00 | 30 -0.02199  2.07430e+00
 31  0.04538 -2.18569e+01 | 32 -0.04052 -1.45742e+01 | 33  0.03166 -1.54998e+00
 34  0.02320 -3.85076e+00 | 35  0.05156 -8.45294e+00 | 36  0.01488  5.79884e+00
 37 -0.04334  1.75036e+00 | 38 -0.02456 -2.09859e+01 | 39  0.23270 -5.33602e+01
 40  0.24524 -1.90477e+02 | 41  0.25879 -2.03923e+00 | 42  0.21073  1.25335e+01
 43 -0.37977 -3.95949e+00 | 44  0.09295 -1.35823e-01 | 45 -0.45071 -2.64467e-03
 46 -0.69943 -3.84476e-03 | 47 -0.77901 -4.47703e+01 | 48 -0.79761  4.89462e+01
 49 -0.91529 -6.42505e+01 | 50 -0.89123  4.99538e+01 | 51 -0.48871 -2.87204e-03
 52 -0.83040 -1.13107e-02 | 53 -0.12209  4.33457e+01 | 54 -0.06979 -4.94041e+00
 55 -0.04750  4.76928e+01 | 56 -0.13585 -3.58777e+00 |
56 variables; iteration 60; function evaluation 94; phase 4
Function value 8.2623220e+01; maximum gradient component mag 7.8342e+01
Var    Value     Gradient |Var    Value     Gradient |Var    Value     Gradient
  1  0.26894 -6.02711e-01 |  2  0.15679  7.83419e+01 |  3 -0.08627  2.87390e-01
  4  0.01962  1.00808e-02 |  5 -0.02615  1.28453e-01 |  6  0.02874 -3.86360e-02
  7 -0.01445 -1.10929e+00 |  8 -0.06845 -7.93197e-01 |  9 -0.03390 -1.08924e+00
 10 -0.01823 -1.19779e+00 | 11  0.06513 -1.20415e+00 | 12  0.03222 -9.67382e-01
 13  0.06130 -5.49990e-01 | 14  0.01031 -1.05887e+00 | 15  0.00812 -1.71794e+00
 16  0.06794 -4.65511e-01 | 17  0.01249 -1.12528e+00 | 18 -0.06109 -3.75447e-01
 19 -0.02046 -2.48801e-02 | 20 -0.03531 -4.01006e-01 | 21  0.04766 -9.00781e-01
 22  0.05329 -1.13553e+00 | 23 -0.04286 -4.50796e-01 | 24 -0.02399 -1.51598e+00
 25 -0.11509 -8.15367e-01 | 26 -0.01267  3.57224e-01 | 27 -0.02112 -8.28839e-01
 28 -0.02334 -6.56918e-01 | 29  0.03967  3.80083e-01 | 30 -0.01764  4.37316e-01
 31  0.05173  1.22932e+00 | 32 -0.03546 -1.07433e+00 | 33  0.03416 -2.35112e-01
 34  0.02761 -2.93036e-01 | 35  0.05490 -3.85679e-01 | 36  0.01888  1.91188e+00
 37 -0.03565  2.19139e+00 | 38 -0.00604  1.34577e+01 | 39  0.23624  6.74632e+00
 40  0.24837  1.37945e+01 | 41  0.26335  2.99514e+00 | 42  0.21182  3.48106e+00
 43 -0.36785  3.58648e-01 | 44  0.16061  9.37361e-03 | 45 -0.42166 -2.32497e-03
 46 -0.69821 -2.67485e-04 | 47 -0.78719 -8.53253e+00 | 48 -0.80864  9.48602e+00
 49 -0.91655  2.60348e+01 | 50 -0.89682 -2.10806e+01 | 51 -0.45404 -3.23285e-03
 52 -0.72041 -6.74651e-03 | 53 -0.04099 -3.04916e+00 | 54 -0.09377  5.79865e+00
 55 -0.17690  2.47893e+00 | 56 -0.24034 -5.23853e+00 |
56 variables; iteration 80; function evaluation 118; phase 4
Function value 8.2562411e+01; maximum gradient component mag -2.8223e+00
Var    Value     Gradient |Var    Value     Gradient |Var    Value     Gradient
  1  0.27447  9.85401e-03 |  2  0.15715 -2.03133e+00 |  3 -0.08620  3.75332e-02
  4  0.02007 -4.10819e-02 |  5 -0.02589  8.06488e-03 |  6  0.02938  1.79764e-02
  7 -0.01340 -5.30268e-03 |  8 -0.06764  6.88777e-02 |  9 -0.03308  7.00662e-02
 10 -0.01716  1.10338e-02 | 11  0.06573  5.97077e-02 | 12  0.03228  2.06995e-02
 13  0.06096  3.07987e-03 | 14  0.01048 -1.68988e-02 | 15  0.00879 -6.47002e-03
 16  0.06760 -5.95030e-02 | 17  0.01235 -1.20769e-03 | 18 -0.06160 -4.05123e-02
 19 -0.02099 -4.55873e-02 | 20 -0.03548 -4.07651e-02 | 21  0.04765 -1.54258e-02
 22  0.05338  1.98643e-02 | 23 -0.04297 -1.72693e-02 | 24 -0.02386  2.93318e-02
 25 -0.11530 -6.73033e-02 | 26 -0.01314 -6.61853e-02 | 27 -0.02119  2.50564e-02
 28 -0.02372 -2.50510e-02 | 29  0.03931 -5.88264e-02 | 30 -0.01783 -8.66926e-02
 31  0.05171 -8.11210e-02 | 32 -0.03525 -2.59678e-02 | 33  0.03445 -1.48336e-02
 34  0.02774 -2.41036e-02 | 35  0.05506  2.95137e-02 | 36  0.01828  3.08343e-02
 37 -0.03618  1.06057e-01 | 38 -0.00732  2.03910e-01 | 39  0.23624 -2.82233e+00
 40  0.24757  2.79351e-02 | 41  0.26302 -2.81815e-01 | 42  0.21165  4.57072e-01
 43 -0.37121  6.39330e-02 | 44  0.27353  2.94831e-03 | 45 -0.06873 -1.74700e-04
 46 -0.70826 -5.34860e-04 | 47 -0.64913 -9.72376e-01 | 48 -0.68478  1.07232e+00
 49 -0.90942 -6.27330e-01 | 50 -0.88753  4.69657e-01 | 51 -0.47139  9.44949e-03
 52  0.12161  2.78075e-03 | 53 -0.16612 -5.01821e-01 | 54 -0.15959  1.59437e+00
 55 -0.15907 -1.55005e+00 | 56 -0.17111  1.04071e+00 |
56 variables; iteration 100; function evaluation 195; phase 4
Function value 8.2561023e+01; maximum gradient component mag -6.0116e+02
Var    Value     Gradient |Var    Value     Gradient |Var    Value     Gradient
  1  0.27513  1.51948e-02 |  2  0.15715  4.97834e+00 |  3 -0.08625  6.68431e-03
  4  0.02011 -2.35078e-02 |  5 -0.02590 -7.08576e-02 |  6  0.02940 -8.51631e-03
  7 -0.01336 -9.20577e-02 |  8 -0.06763 -6.64702e-02 |  9 -0.03308 -6.74211e-02
 10 -0.01714 -7.23699e-02 | 11  0.06569 -1.15199e-01 | 12  0.03228 -7.20755e-02
 13  0.06095 -1.03852e-01 | 14  0.01043 -8.46181e-02 | 15  0.00874 -7.25935e-02
 16  0.06761 -4.07794e-02 | 17  0.01237 -5.81148e-02 | 18 -0.06167 -1.34477e-01
 19 -0.02105 -1.46558e-01 | 20 -0.03548 -6.62116e-02 | 21  0.04759 -1.27252e-01
 22  0.05330 -9.78654e-02 | 23 -0.04307 -7.37399e-02 | 24 -0.02402 -1.57655e-01
 25 -0.11531 -1.05151e-01 | 26 -0.01312 -1.09858e-01 | 27 -0.02123 -2.94932e-02
 28 -0.02377 -2.31036e-02 | 29  0.03935  1.47809e-01 | 30 -0.01776  2.01389e-01
 31  0.05175  4.49000e-01 | 32 -0.03525  1.68748e-01 | 33  0.03459  3.77516e-01
 34  0.02784  2.47642e-01 | 35  0.05500  1.70877e-01 | 36  0.01831  2.85042e-03
 37 -0.03601 -5.94431e-02 | 38 -0.00721  1.90427e-01 | 39  0.23655  3.21114e+00
 40  0.24763  4.11859e+00 | 41  0.26303  4.11728e-01 | 42  0.21162 -3.51839e-01
 43 -0.36802 -1.58568e-01 | 44  0.13685 -3.14156e-03 | 45  0.02471  2.52819e-04
 46 -0.71453 -1.97083e-03 | 47 -0.59224 -2.46567e+00 | 48 -0.63410  2.74020e+00
 49 -0.90424 -3.56683e-01 | 50 -0.88110  2.53771e-01 | 51 -0.44085 -2.51333e-02
 52  0.14223 -2.45747e-03 | 53 -0.18878  5.30306e+02 | 54 -0.17562 -6.01158e+02
 55 -0.16262  1.70425e+02 | 56 -0.16279  3.66064e+02 |
56 variables; iteration 120; function evaluation 218; phase 4
Function value 8.2559044e+01; maximum gradient component mag 7.5723e+01
Var    Value     Gradient |Var    Value     Gradient |Var    Value     Gradient
  1  0.27715  2.06893e-03 |  2  0.15728  3.92754e-01 |  3 -0.08621  6.49454e-03
  4  0.02008 -8.03475e-03 |  5 -0.02591 -8.58719e-03 |  6  0.02943 -3.24721e-03
  7 -0.01322 -7.23643e-03 |  8 -0.06750  1.98033e-03 |  9 -0.03298  2.43079e-03
 10 -0.01698 -4.68556e-03 | 11  0.06575 -1.06593e-02 | 12  0.03224 -8.36275e-03
 13  0.06086 -1.24551e-02 | 14  0.01046 -1.57846e-02 | 15  0.00884 -1.27162e-02
 16  0.06751 -1.76525e-02 | 17  0.01221 -1.72827e-02 | 18 -0.06170 -1.96837e-02
 19 -0.02108 -2.07962e-02 | 20 -0.03556 -1.64155e-02 | 21  0.04765 -1.52884e-02
 22  0.05338 -1.92442e-02 | 23 -0.04292 -1.79831e-02 | 24 -0.02388 -1.67785e-02
 25 -0.11533 -1.55915e-02 | 26 -0.01323 -2.22898e-02 | 27 -0.02125 -9.59351e-03
 28 -0.02382 -1.71871e-02 | 29  0.03920 -1.58940e-02 | 30 -0.01789 -3.12605e-03
 31  0.05168  4.10217e-03 | 32 -0.03530 -7.32738e-03 | 33  0.03445 -9.39416e-04
 34  0.02776  1.36898e-03 | 35  0.05508  1.45772e-02 | 36  0.01836  3.68335e-02
 37 -0.03592  8.41607e-02 | 38 -0.00723  1.78619e-01 | 39  0.23620 -2.26649e-01
 40  0.24749  7.98976e-02 | 41  0.26293 -2.78908e-04 | 42  0.21156  1.56696e-02
 43 -0.36373 -1.88092e-02 | 44 -0.03903 -6.12342e-04 | 45 -0.03409  2.10244e-05
 46 -0.70735  2.01546e-04 | 47 -0.56332 -1.02860e-01 | 48 -0.60880  1.13351e-01
 49 -0.89687 -7.21129e-01 | 50 -0.87185  5.48917e-01 | 51 -0.42323 -2.80608e-03
 52 -0.14095 -7.63914e-04 | 53 -0.18844  7.30173e+01 | 54 -0.17521 -6.39245e+01
 55 -0.16229 -1.86813e+00 | 56 -0.16277  7.57228e+01 |
56 variables; iteration 140; function evaluation 240; phase 4
Function value 8.2558410e+01; maximum gradient component mag 4.6565e+01
Var    Value     Gradient |Var    Value     Gradient |Var    Value     Gradient
  1  0.27700 -1.95612e-02 |  2  0.15725  4.25905e+00 |  3 -0.08631 -1.03362e-05
  4  0.02002  1.26427e-02 |  5 -0.02595  3.32579e-03 |  6  0.02936 -3.42229e-02
  7 -0.01331 -3.13669e-02 |  8 -0.06758 -3.56553e-02 |  9 -0.03306 -6.03236e-02
 10 -0.01706 -4.01860e-02 | 11  0.06571 -6.41240e-02 | 12  0.03224 -5.04595e-02
 13  0.06088 -4.55664e-02 | 14  0.01042 -5.41255e-02 | 15  0.00876 -7.53564e-02
 16  0.06755 -2.02410e-02 | 17  0.01224 -7.98606e-02 | 18 -0.06171 -2.26497e-02
 19 -0.02107 -3.81869e-02 | 20 -0.03554 -2.18911e-02 | 21  0.04765 -3.20178e-02
 22  0.05335 -5.82370e-02 | 23 -0.04298 -1.67598e-02 | 24 -0.02396 -6.84224e-02
 25 -0.11532 -8.07437e-03 | 26 -0.01321  2.74258e-04 | 27 -0.02128 -6.94085e-02
 28 -0.02380 -4.25266e-02 | 29  0.03925  5.36655e-02 | 30 -0.01784  4.00763e-02
 31  0.05169  8.76157e-02 | 32 -0.03529 -3.03477e-03 | 33  0.03449  9.93865e-02
 34  0.02780  4.48875e-02 | 35  0.05504  3.80303e-02 | 36  0.01841  8.80065e-02
 37 -0.03572  1.26722e-01 | 38 -0.00705  5.28431e-01 | 39  0.23640  9.66652e-01
 40  0.24753  1.58711e+00 | 41  0.26296  2.61768e-01 | 42  0.21156 -2.01870e-01
 43 -0.36378  5.38674e-02 | 44 -0.03322  1.22619e-03 | 45 -0.04890 -1.36403e-04
 46 -0.71478 -2.76207e-03 | 47 -0.55892  6.31325e-01 | 48 -0.60506 -7.08571e-01
 49 -0.87319  3.41450e-01 | 50 -0.84244 -2.99202e-01 | 51 -0.43140 -3.70754e-03
 52  0.02955 -2.89016e-05 | 53 -0.18600  4.65649e+01 | 54 -0.17514 -4.26550e+01
 55 -0.16459  1.41164e+00 | 56 -0.16512  4.55872e+01 |
56 variables; iteration 160; function evaluation 278; phase 4
Function value 8.2040304e+01; maximum gradient component mag -7.0452e+01
Var    Value     Gradient |Var    Value     Gradient |Var    Value     Gradient
  1  0.34832  2.83916e-01 |  2  0.16104  2.87002e+00 |  3 -0.08106 -1.08902e-01
  4  0.02391 -2.34423e-01 |  5 -0.02357 -3.62876e-01 |  6  0.03429 -6.09850e-01
  7 -0.00427  1.58284e-01 |  8 -0.05962 -1.50122e-01 |  9 -0.02700 -2.98915e-01
 10 -0.00975  1.32303e-01 | 11  0.06869 -2.86130e-01 | 12  0.03220 -3.13596e-01
 13  0.05855 -3.86409e-01 | 14  0.01062 -2.16650e-01 | 15  0.01049 -1.99689e-01
 16  0.06534 -4.09679e-01 | 17  0.00909 -1.14714e+00 | 18 -0.06393 -4.10229e-01
 19 -0.02276 -4.59457e-01 | 20 -0.03744 -6.54095e-01 | 21  0.04840 -7.93890e-02
 22  0.05452 -7.50544e-02 | 23 -0.04108 -3.66778e-02 | 24 -0.02319 -6.83730e-01
 25 -0.11659 -5.89657e-02 | 26 -0.01535 -3.83208e-01 | 27 -0.02175 -7.72446e-01
 28 -0.02616 -2.45924e-01 | 29  0.03647 -2.82437e-01 | 30 -0.02060 -4.74401e-01
 31  0.05110 -7.56838e-01 | 32 -0.03661  6.88640e-03 | 33  0.03440 -2.47024e-01
 34  0.02718  1.04961e-01 | 35  0.05501  4.16505e-01 | 36  0.01647  1.32267e+00
 37 -0.03937  3.59691e+00 | 38 -0.01334  5.89765e+00 | 39  0.23377  7.87785e-01
 40  0.24480 -2.89672e+00 | 41  0.25998  6.40258e-01 | 42  0.20993 -3.75511e-01
 43 -0.36545 -1.16050e+00 | 44 -0.15432 -3.35263e-02 | 45 -0.51240 -3.26923e-03
 46 -0.83853 -1.21031e-02 | 47 -0.48148  2.94004e+00 | 48 -0.53960 -2.78907e+00
 49 -0.52392 -3.61625e+01 | 50 -0.40710  2.89109e+01 | 51 -0.68822 -4.90769e-03
 52  0.75615  7.88555e-03 | 53 -0.18338  6.41156e+01 | 54 -0.16070 -7.04515e+01
 55 -0.14374  1.75778e+01 | 56 -0.15495  4.73952e+01 |
56 variables; iteration 180; function evaluation 301; phase 4
Function value 8.0467220e+01; maximum gradient component mag -2.0133e+01
Var    Value     Gradient |Var    Value     Gradient |Var    Value     Gradient
  1  0.42585 -2.87494e-02 |  2  0.16181 -1.41926e+01 |  3 -0.08249  3.30238e-02
  4  0.02159  2.44918e-03 |  5 -0.02569 -4.86516e-02 |  6  0.03252  1.27029e-01
  7 -0.00614  1.25365e-01 |  8 -0.06090  1.63726e-01 |  9 -0.02732  2.25243e-01
 10 -0.00987  1.46589e-01 | 11  0.06970  1.67352e-01 | 12  0.03409  2.52669e-01
 13  0.06126  3.75163e-01 | 14  0.01115  2.50508e-01 | 15  0.01116  2.21637e-01
 16  0.06473  5.46139e-02 | 17  0.00878  2.00479e-01 | 18 -0.06464  5.75612e-03
 19 -0.02360  5.14195e-02 | 20 -0.03821  4.99440e-02 | 21  0.04789  8.61589e-02
 22  0.05468  1.28795e-01 | 23 -0.04047  6.28206e-02 | 24 -0.02225  2.03501e-01
 25 -0.11656  6.40686e-02 | 26 -0.01631 -2.67589e-02 | 27 -0.02218  2.06828e-01
 28 -0.02695  6.79290e-02 | 29  0.03545 -1.78890e-01 | 30 -0.02099 -1.09270e-01
 31  0.05097 -1.66278e-01 | 32 -0.03724 -1.05639e-01 | 33  0.03394 -1.79528e-01
 34  0.02741 -2.76016e-02 | 35  0.05540  1.25838e-01 | 36  0.01704  2.09686e-01
 37 -0.03744  6.02065e-01 | 38 -0.01294 -3.98129e+00 | 39  0.23361 -4.30764e+00
 40  0.24454 -3.67636e+00 | 41  0.25982 -6.50259e-01 | 42  0.20941  2.27178e-01
 43 -0.35556 -5.34427e-01 | 44 -0.46569 -1.33217e-02 | 45 -0.65387 -5.18467e-03
 46 -0.83066 -1.15166e-02 | 47 -0.46011 -3.58051e-01 | 48 -0.52402  4.53776e-01
 49 -0.32607 -3.61513e-01 | 50 -0.27663  3.04395e-01 | 51 -0.40964  2.59693e-02
 52 -5.72051 -2.94609e-03 | 53 -0.15379  1.74455e+01 | 54 -0.13402 -2.01326e+01
 55 -0.12967  6.14001e+00 | 56 -0.16067  1.13264e+01 |
56 variables; iteration 200; function evaluation 321; phase 4
Function value 8.0462215e+01; maximum gradient component mag -1.4078e+01
Var    Value     Gradient |Var    Value     Gradient |Var    Value     Gradient
  1  0.42948 -4.92811e-03 |  2  0.16193 -1.37977e+00 |  3 -0.08257  8.71074e-04
  4  0.02150  1.05193e-03 |  5 -0.02575  2.46135e-03 |  6  0.03246  9.49207e-03
  7 -0.00607  1.67060e-02 |  8 -0.06084  1.34466e-02 |  9 -0.02729  1.93033e-02
 10 -0.00972  1.71910e-02 | 11  0.06983  1.90073e-02 | 12  0.03419  2.42617e-02
 13  0.06142  4.38462e-02 | 14  0.01114  3.17784e-02 | 15  0.01114  2.50361e-02
 16  0.06466  2.32339e-02 | 17  0.00863  3.29206e-02 | 18 -0.06473  2.27684e-02
 19 -0.02366  2.85269e-02 | 20 -0.03828  3.00983e-02 | 21  0.04790  2.55685e-02
 22  0.05468  2.59527e-02 | 23 -0.04044  1.52664e-02 | 24 -0.02230  2.71791e-02
 25 -0.11659  1.83104e-02 | 26 -0.01638  1.81445e-02 | 27 -0.02228  2.62434e-02
 28 -0.02702  2.09303e-02 | 29  0.03538  6.24195e-03 | 30 -0.02105  9.43860e-03
 31  0.05092 -1.02932e-02 | 32 -0.03727 -5.07642e-03 | 33  0.03390 -2.19524e-02
 34  0.02739 -8.96939e-03 | 35  0.05535 -2.50543e-02 | 36  0.01704 -5.81251e-02
 37 -0.03730 -1.30801e-01 | 38 -0.01269 -3.37661e-01 | 39  0.23367  1.64184e-01
 40  0.24446 -4.50535e-01 | 41  0.25975 -3.65157e-02 | 42  0.20934  6.29389e-03
 43 -0.36444  1.63220e-02 | 44 -0.08935  3.89376e-05 | 45 -0.00891  7.62202e-05
 46 -0.70956 -2.24570e-03 | 47 -0.45677  3.38265e-01 | 48 -0.52173 -3.67501e-01
 49 -0.32430  8.58901e-02 | 50 -0.27561 -8.14970e-02 | 51 -0.41168 -1.62361e-03
 52 -5.81412  8.32746e-04 | 53 -0.16418  1.06954e+01 | 54 -0.13045 -1.40785e+01
 55 -0.11360  6.08019e+00 | 56 -0.14723  4.75244e+00 |
56 variables; iteration 220; function evaluation 341; phase 4
Function value 8.0462152e+01; maximum gradient component mag -1.4206e+01
Var    Value     Gradient |Var    Value     Gradient |Var    Value     Gradient
  1  0.42948 -6.85836e-04 |  2  0.16193  4.25776e-02 |  3 -0.08256 -1.83232e-04
  4  0.02152  4.01454e-03 |  5 -0.02573  1.34440e-03 |  6  0.03247  2.88012e-03
  7 -0.00605  4.09867e-04 |  8 -0.06083 -1.41882e-03 |  9 -0.02728 -3.39031e-04
 10 -0.00972 -5.08762e-04 | 11  0.06983  2.79877e-04 | 12  0.03417  1.35439e-03
 13  0.06139  6.33958e-03 | 14  0.01113  4.84092e-03 | 15  0.01112  1.57376e-03
 16  0.06467  2.74127e-03 | 17  0.00863  4.62598e-03 | 18 -0.06473  3.81424e-03
 19 -0.02366  6.44136e-03 | 20 -0.03828  3.20201e-03 | 21  0.04790  3.70422e-03
 22  0.05468  2.83016e-03 | 23 -0.04045  5.30387e-05 | 24 -0.02231  4.24269e-03
 25 -0.11659  2.63415e-03 | 26 -0.01638  6.40845e-03 | 27 -0.02228  4.69998e-03
 28 -0.02702  4.14361e-03 | 29  0.03539  5.93696e-03 | 30 -0.02104 -2.04770e-04
 31  0.05093 -1.63249e-03 | 32 -0.03726 -1.97609e-03 | 33  0.03392 -3.29706e-03
 34  0.02740 -2.55204e-03 | 35  0.05535 -3.47466e-03 | 36  0.01704 -6.20753e-03
 37 -0.03731 -1.32343e-02 | 38 -0.01270 -3.66432e-02 | 39  0.23369  2.41705e-02
 40  0.24446 -2.01692e-02 | 41  0.25975 -1.07133e-03 | 42  0.20934  3.42878e-03
 43 -0.36686  2.89362e-03 | 44  0.00153  1.38491e-04 | 45 -0.04535 -4.05333e-05
 46 -0.70216  4.20590e-05 | 47 -0.45686  2.12684e-02 | 48 -0.52177 -2.70450e-02
 49 -0.32443  2.38636e-02 | 50 -0.27566 -2.26933e-02 | 51 -0.41085  1.10189e-03
 52 -5.81968  3.96691e-04 | 53 -0.16231  1.09350e+01 | 54 -0.13075 -1.42056e+01
 55 -0.11594  5.96988e+00 | 56 -0.14935  5.08628e+00 |
56 variables; iteration 240; function evaluation 361; phase 4
Function value 8.0462084e+01; maximum gradient component mag -1.3186e+01
Var    Value     Gradient |Var    Value     Gradient |Var    Value     Gradient
  1  0.42933 -2.93088e-04 |  2  0.16193 -8.23118e-03 |  3 -0.08257 -1.59288e-04
  4  0.02151  9.15463e-05 |  5 -0.02573  2.15649e-04 |  6  0.03246  3.69937e-04
  7 -0.00606  5.93974e-05 |  8 -0.06084 -2.86683e-04 |  9 -0.02729 -1.50010e-04
 10 -0.00973  4.90156e-05 | 11  0.06982  1.51445e-04 | 12  0.03417  2.58914e-04
 13  0.06138  1.05120e-03 | 14  0.01112  4.71448e-04 | 15  0.01112  3.55370e-04
 16  0.06467 -1.05368e-04 | 17  0.00864  2.25940e-04 | 18 -0.06472  4.42840e-04
 19 -0.02366  6.93489e-04 | 20 -0.03828  3.38468e-04 | 21  0.04790  2.27654e-04
 22  0.05468  2.35860e-04 | 23 -0.04045 -6.00721e-05 | 24 -0.02230  4.91137e-04
 25 -0.11659  4.03347e-04 | 26 -0.01638  5.15332e-04 | 27 -0.02228  3.27556e-04
 28 -0.02702  2.62046e-04 | 29  0.03539  1.36512e-04 | 30 -0.02104  2.57443e-04
 31  0.05093 -1.64856e-04 | 32 -0.03726 -5.26434e-04 | 33  0.03392  2.15034e-04
 34  0.02740  2.10358e-04 | 35  0.05535 -4.78988e-04 | 36  0.01705 -1.52965e-03
 37 -0.03730 -2.45946e-03 | 38 -0.01268 -3.15598e-03 | 39  0.23368 -1.75005e-02
 40  0.24447  1.32841e-02 | 41  0.25975 -1.15836e-03 | 42  0.20934 -2.04404e-05
 43 -0.36650  9.06877e-04 | 44 -0.01187  1.90253e-05 | 45 -0.03691  3.13346e-07
 46 -0.70253 -1.06000e-05 | 47 -0.45688  5.59805e-03 | 48 -0.52179 -7.17014e-03
 49 -0.32452 -1.82425e-03 | 50 -0.27572  1.17663e-03 | 51 -0.43209  5.69147e-05
 52 -5.94938 -1.65664e-04 | 53 -0.16036  1.01663e+01 | 54 -0.12823 -1.31860e+01
 55 -0.11378  5.53947e+00 | 56 -0.14904  4.73513e+00 |
56 variables; iteration 260; function evaluation 381; phase 4
Function value 8.0462074e+01; maximum gradient component mag -1.2750e+01
Var    Value     Gradient |Var    Value     Gradient |Var    Value     Gradient
  1  0.42936  1.03049e-04 |  2  0.16193 -1.96492e-02 |  3 -0.08256 -8.42388e-06
  4  0.02151  1.00758e-04 |  5 -0.02573  5.05892e-05 |  6  0.03246  1.13421e-04
  7 -0.00606  2.76215e-04 |  8 -0.06083  2.37020e-04 |  9 -0.02729  2.84214e-04
 10 -0.00973  2.55372e-04 | 11  0.06982  2.15470e-04 | 12  0.03417  2.74401e-04
 13  0.06138  3.99971e-04 | 14  0.01112  2.25296e-04 | 15  0.01112  2.51222e-04
 16  0.06467 -6.61457e-06 | 17  0.00863  1.18327e-04 | 18 -0.06472  2.01788e-04
 19 -0.02366  2.52337e-04 | 20 -0.03828  5.64021e-05 | 21  0.04790 -1.34770e-04
 22  0.05468 -2.21903e-04 | 23 -0.04045 -3.23918e-06 | 24 -0.02230  2.55388e-05
 25 -0.11659  1.07928e-04 | 26 -0.01638  3.43651e-04 | 27 -0.02228  2.59271e-04
 28 -0.02702 -1.02948e-04 | 29  0.03539 -2.87576e-04 | 30 -0.02104  3.42958e-04
 31  0.05093  4.83233e-04 | 32 -0.03726 -6.25483e-06 | 33  0.03392  3.63541e-04
 34  0.02740  2.34920e-04 | 35  0.05535 -8.59126e-05 | 36  0.01705 -5.56551e-04
 37 -0.03731 -1.57175e-03 | 38 -0.01268 -2.95281e-03 | 39  0.23368 -1.73124e-02
 40  0.24446  2.99406e-03 | 41  0.25975 -3.87169e-04 | 42  0.20934  1.07536e-04
 43 -0.36652 -1.81261e-04 | 44 -0.01112 -6.34046e-06 | 45 -0.03702  8.39685e-08
 46 -0.70250 -4.46127e-07 | 47 -0.45687  6.35260e-03 | 48 -0.52178 -7.08941e-03
 49 -0.32451 -4.11138e-04 | 50 -0.27571  1.07068e-04 | 51 -0.42685  1.35181e-04
 52 -5.91577  1.47701e-06 | 53 -0.15946  9.84228e+00 | 54 -0.12701 -1.27500e+01
 55 -0.11269  5.35462e+00 | 56 -0.14886  4.59077e+00 |
56 variables; iteration 280; function evaluation 401; phase 4
Function value 8.0461693e+01; maximum gradient component mag -1.8200e+01
Var    Value     Gradient |Var    Value     Gradient |Var    Value     Gradient
  1  0.42929  5.39261e-03 |  2  0.16192 -9.97897e-01 |  3 -0.08258 -2.80838e-03
  4  0.02150  2.44911e-03 |  5 -0.02574  1.94376e-03 |  6  0.03245  6.71148e-03
  7 -0.00608  1.13584e-02 |  8 -0.06086  9.44641e-03 |  9 -0.02730  1.03935e-02
 10 -0.00974  1.21193e-02 | 11  0.06982  1.14814e-02 | 12  0.03418  1.68655e-02
 13  0.06141  2.79717e-02 | 14  0.01113  1.54071e-02 | 15  0.01113  1.55528e-02
 16  0.06468  5.93786e-03 | 17  0.00864  1.01405e-02 | 18 -0.06473  1.22702e-02
 19 -0.02368  1.01063e-02 | 20 -0.03828  1.06467e-02 | 21  0.04788  5.54822e-03
 22  0.05466  3.74411e-03 | 23 -0.04048  4.10044e-03 | 24 -0.02233  9.92416e-03
 25 -0.11662  9.91194e-03 | 26 -0.01639  7.28480e-03 | 27 -0.02229  1.50261e-02
 28 -0.02702  1.03126e-02 | 29  0.03537 -1.94629e-03 | 30 -0.02102  2.18639e-02
 31  0.05096  2.99428e-02 | 32 -0.03726  3.38076e-03 | 33  0.03398  2.95959e-02
 34  0.02744  2.10947e-02 | 35  0.05536 -4.90693e-03 | 36  0.01707 -5.73449e-02
 37 -0.03729 -1.26282e-01 | 38 -0.01266 -2.08513e-01 | 39  0.23369 -3.58592e-01
 40  0.24449  2.22548e-01 | 41  0.25976 -3.14852e-02 | 42  0.20934 -2.49599e-02
 43 -0.36648 -2.01451e-02 | 44 -0.01249 -5.46473e-04 | 45 -0.02561  5.54908e-05
 46 -0.70298 -6.26248e-05 | 47 -0.45684  2.56693e-01 | 48 -0.52179 -2.91096e-01
 49 -0.32453  1.17310e-02 | 50 -0.27575 -1.57563e-02 | 51 -0.43511  3.43585e-03
 52 -5.97430 -8.36645e-04 | 53 -0.17047  1.61359e+01 | 54 -0.14142 -1.82005e+01
 55 -0.12537  5.08288e+00 | 56 -0.15065  1.12267e+01 |
56 variables; iteration 300; function evaluation 423; phase 4
Function value 8.0461303e+01; maximum gradient component mag -1.1287e+01
Var    Value     Gradient |Var    Value     Gradient |Var    Value     Gradient
  1  0.42947  1.62235e-03 |  2  0.16193 -1.73189e-01 |  3 -0.08256  6.21051e-04
  4  0.02151 -1.37479e-03 |  5 -0.02573 -4.10638e-04 |  6  0.03246 -7.85207e-05
  7 -0.00606  9.48146e-04 |  8 -0.06083  3.44076e-03 |  9 -0.02728  3.53598e-03
 10 -0.00972  1.69283e-03 | 11  0.06982  2.61639e-03 | 12  0.03417  2.57379e-03
 13  0.06139  2.77747e-03 | 14  0.01113  1.39445e-03 | 15  0.01112  1.33772e-03
 16  0.06467  1.68940e-03 | 17  0.00863  3.17717e-03 | 18 -0.06473 -2.21593e-04
 19 -0.02367 -1.98380e-03 | 20 -0.03828  3.88855e-04 | 21  0.04789 -1.59708e-03
 22  0.05467 -9.84401e-04 | 23 -0.04047 -4.98045e-04 | 24 -0.02233 -1.15025e-03
 25 -0.11663 -1.42494e-03 | 26 -0.01640 -2.13803e-03 | 27 -0.02228  1.43762e-03
 28 -0.02701 -1.36166e-04 | 29  0.03535 -5.24066e-03 | 30 -0.02103 -3.40262e-04
 31  0.05096  8.01541e-04 | 32 -0.03726  3.23041e-03 | 33  0.03398 -2.08954e-03
 34  0.02744 -1.14038e-03 | 35  0.05536  8.93717e-04 | 36  0.01706  2.58179e-04
 37 -0.03731 -1.33876e-04 | 38 -0.01268 -1.58972e-02 | 39  0.23368 -1.13746e-02
 40  0.24447 -1.07083e-01 | 41  0.25975 -2.65261e-03 | 42  0.20933  9.49875e-03
 43 -0.36658 -9.66532e-03 | 44 -0.00922 -2.50453e-04 | 45 -0.03465  1.22397e-05
 46 -0.70254  8.62679e-06 | 47 -0.45680  1.77769e-02 | 48 -0.52174 -2.11932e-02
 49 -0.32447  4.04706e-03 | 50 -0.27569 -3.06643e-03 | 51 -0.42713  9.87554e-05
 52 -5.91717 -5.61003e-07 | 53 -0.16465  1.05483e+01 | 54 -0.12737 -1.12875e+01
 55 -0.10851  2.51203e+00 | 56 -0.14393  8.14897e+00 |
56 variables; iteration 320; function evaluation 453; phase 4
Function value 8.0459791e+01; maximum gradient component mag -2.1127e-01
Var    Value     Gradient |Var    Value     Gradient |Var    Value     Gradient
  1  0.43084 -6.90336e-05 |  2  0.16201 -7.73412e-03 |  3 -0.08247 -2.59387e-04
  4  0.02155  1.22766e-04 |  5 -0.02571  5.39595e-05 |  6  0.03253  1.77242e-05
  7 -0.00592  1.59093e-04 |  8 -0.06071 -2.50779e-04 |  9 -0.02720 -1.40238e-04
 10 -0.00962  1.35181e-04 | 11  0.06985  1.37175e-04 | 12  0.03414 -2.62264e-05
 13  0.06132 -2.04681e-04 | 14  0.01112  2.53672e-04 | 15  0.01114  3.35577e-04
 16  0.06462  1.73420e-04 | 17  0.00857  3.07109e-04 | 18 -0.06474  8.27539e-04
 19 -0.02362  1.54583e-03 | 20 -0.03830  6.97149e-04 | 21  0.04800  6.74993e-04
 22  0.05477  4.43874e-04 | 23 -0.04042 -1.52726e-04 | 24 -0.02223  3.38175e-04
 25 -0.11661  4.81435e-04 | 26 -0.01646  8.20351e-04 | 27 -0.02225  3.70210e-04
 28 -0.02696  9.09597e-04 | 29  0.03530 -5.45932e-04 | 30 -0.02110 -8.17581e-04
 31  0.05093 -2.05948e-03 | 32 -0.03726 -7.63665e-04 | 33  0.03387 -2.27818e-03
 34  0.02736 -1.31687e-03 | 35  0.05536 -1.16909e-03 | 36  0.01698  2.08562e-04
 37 -0.03743  1.27105e-03 | 38 -0.01285 -3.65645e-04 | 39  0.23362 -4.20347e-03
 40  0.24433 -2.22966e-02 | 41  0.25968  3.36897e-04 | 42  0.20930 -8.17459e-04
 43 -0.36663 -1.76470e-03 | 44 -0.01102 -4.81359e-05 | 45 -0.03667  1.83268e-06
 46 -0.70252 -9.78019e-07 | 47 -0.45643  2.67073e-03 | 48 -0.52143 -3.69463e-03
 49 -0.32392 -2.61571e-04 | 50 -0.27521  2.03008e-04 | 51 -0.42837  3.89825e-05
 52 -5.91922 -6.08832e-06 | 53 -0.17042  1.83097e-01 | 54 -0.15229 -2.11267e-01
 55 -0.14325  6.38581e-02 | 56 -0.16049  1.19761e-01 |
56 variables; iteration 340; function evaluation 477; phase 4
Function value 8.0459767e+01; maximum gradient component mag -5.7726e-01
Var    Value     Gradient |Var    Value     Gradient |Var    Value     Gradient
  1  0.43084  7.26076e-06 |  2  0.16201 -1.32596e-01 |  3 -0.08247 -2.35347e-04
  4  0.02155 -3.95324e-05 |  5 -0.02571 -1.13316e-05 |  6  0.03253 -1.24649e-04
  7 -0.00592  2.13235e-03 |  8 -0.06071  1.48692e-03 |  9 -0.02720  1.60078e-03
 10 -0.00962  2.01960e-03 | 11  0.06985  1.92364e-03 | 12  0.03414  1.59586e-03
 13  0.06132  1.28910e-03 | 14  0.01112  2.03051e-03 | 15  0.01114  2.22952e-03
 16  0.06462  2.22437e-03 | 17  0.00857  2.22546e-03 | 18 -0.06474  2.75223e-03
 19 -0.02362  3.53001e-03 | 20 -0.03830  2.52125e-03 | 21  0.04800  2.80522e-03
 22  0.05478  2.64761e-03 | 23 -0.04042  9.54977e-04 | 24 -0.02223  1.47444e-03
 25 -0.11660  1.00544e-03 | 26 -0.01646  1.04120e-03 | 27 -0.02225  1.75488e-03
 28 -0.02696  2.61554e-03 | 29  0.03530 -4.96608e-03 | 30 -0.02110 -5.76322e-03
 31  0.05093 -1.18055e-02 | 32 -0.03726 -3.06118e-03 | 33  0.03387 -1.47320e-02
 34  0.02736 -8.81469e-03 | 35  0.05536 -4.76188e-03 | 36  0.01698  3.17129e-04
 37 -0.03743  5.06915e-03 | 38 -0.01285  5.22364e-03 | 39  0.23362  6.58325e-03
 40  0.24433 -2.33043e-01 | 41  0.25968 -4.53813e-05 | 42  0.20930  8.42255e-04
 43 -0.36664 -1.52920e-03 | 44 -0.01075 -4.04810e-05 | 45 -0.03673  1.24372e-06
 46 -0.70254 -1.05168e-05 | 47 -0.45643 -1.50199e-03 | 48 -0.52143  1.41928e-03
 49 -0.32392 -2.54938e-04 | 50 -0.27521  6.66068e-04 | 51 -0.42835 -4.75366e-05
 52 -5.91915  8.17580e-06 | 53 -0.19078  5.54188e-01 | 54 -0.14569 -5.77256e-01
 55 -0.11272  1.06937e-01 | 56 -0.13460  4.60665e-01 |
56 variables; iteration 360; function evaluation 499; phase 4
Function value 8.0459749e+01; maximum gradient component mag 8.0767e-03
Var    Value     Gradient |Var    Value     Gradient |Var    Value     Gradient
  1  0.43085  1.08299e-05 |  2  0.16201  3.37674e-03 |  3 -0.08247  2.89961e-05
  4  0.02155  3.60260e-05 |  5 -0.02571  1.20650e-06 |  6  0.03253  1.70368e-05
  7 -0.00592 -3.28432e-05 |  8 -0.06071  2.56180e-07 |  9 -0.02720 -3.10633e-05
 10 -0.00962 -3.97101e-05 | 11  0.06985 -6.61340e-05 | 12  0.03414  1.50809e-05
 13  0.06132  1.03318e-04 | 14  0.01112 -4.80592e-06 | 15  0.01114 -5.47428e-05
 16  0.06462 -3.45493e-05 | 17  0.00857 -8.29679e-05 | 18 -0.06474 -1.21011e-04
 19 -0.02362 -1.90504e-04 | 20 -0.03830 -1.09228e-04 | 21  0.04800 -6.50211e-05
 22  0.05478 -6.37207e-05 | 23 -0.04042  1.72991e-05 | 24 -0.02223 -2.13748e-05
 25 -0.11661 -2.35116e-05 | 26 -0.01646 -8.92301e-05 | 27 -0.02225 -3.82918e-05
 28 -0.02696 -8.93724e-05 | 29  0.03530  2.09350e-04 | 30 -0.02110  2.30608e-04
 31  0.05093  5.27277e-04 | 32 -0.03726  1.28789e-04 | 33  0.03387  6.46321e-04
 34  0.02736  3.79707e-04 | 35  0.05536  2.03642e-04 | 36  0.01698 -2.30159e-04
 37 -0.03743 -6.38544e-04 | 38 -0.01285 -4.21726e-04 | 39  0.23362  3.78809e-05
 40  0.24433  8.07671e-03 | 41  0.25968 -2.76056e-05 | 42  0.20930 -7.15699e-05
 43 -0.36664  1.19409e-04 | 44 -0.01086  3.18725e-06 | 45 -0.03710 -2.42652e-07
 46 -0.70250  1.95269e-06 | 47 -0.45643  3.60141e-05 | 48 -0.52143  5.17076e-05
 49 -0.32392  7.22851e-05 | 50 -0.27520 -1.42822e-04 | 51 -0.42838 -1.86144e-06
 52 -5.91923  3.78610e-07 | 53 -0.19842 -2.80136e-03 | 54 -0.13591  3.01413e-03
 55 -0.08971 -6.82163e-04 | 56 -0.11859 -2.20461e-03 |

 - final statistics:
56 variables; iteration 368; function evaluation 507
Function value 8.0460e+01; maximum gradient component mag -7.9802e-05
Exit code = 1;  converg criter 1.0000e-04
Var    Value     Gradient |Var    Value     Gradient |Var    Value     Gradient
  1  0.43085 -1.46835e-06 |  2  0.16201  1.35801e-05 |  3 -0.08247 -1.01280e-06
  4  0.02155  1.23847e-07 |  5 -0.02571  3.62469e-08 |  6  0.03253 -2.82350e-07
  7 -0.00592  5.92417e-07 |  8 -0.06071 -2.19702e-06 |  9 -0.02720 -1.86573e-06
 10 -0.00962  1.12721e-07 | 11  0.06985 -5.45179e-07 | 12  0.03414 -1.55673e-06
 13  0.06132 -2.81288e-06 | 14  0.01112  2.16229e-08 | 15  0.01114  9.58454e-07
 16  0.06462 -2.00754e-09 | 17  0.00857 -3.71473e-07 | 18 -0.06474  2.47970e-06
 19 -0.02362  4.97223e-06 | 20 -0.03830  1.44387e-06 | 21  0.04800  2.27024e-06
 22  0.05478  1.62440e-06 | 23 -0.04042 -2.25297e-07 | 24 -0.02223  8.54026e-07
 25 -0.11661  1.76631e-06 | 26 -0.01646  2.67153e-06 | 27 -0.02225 -3.40039e-07
 28 -0.02696  1.78273e-06 | 29  0.03530 -1.91612e-06 | 30 -0.02110 -3.24612e-06
 31  0.05093 -9.19065e-06 | 32 -0.03726 -4.58412e-06 | 33  0.03387 -9.36941e-06
 34  0.02736 -4.79284e-06 | 35  0.05536 -3.64927e-06 | 36  0.01698  3.56266e-06
 37 -0.03743  1.13682e-05 | 38 -0.01285  1.15317e-05 | 39  0.23362 -6.17334e-06
 40  0.24433 -7.98017e-05 | 41  0.25968 -8.43998e-07 | 42  0.20930 -1.65349e-07
 43 -0.36664 -5.49243e-06 | 44 -0.01086 -1.41986e-07 | 45 -0.03704  8.32724e-09
 46 -0.70251 -3.17488e-08 | 47 -0.45643 -4.19765e-06 | 48 -0.52143  3.85486e-06
 49 -0.32392 -6.90910e-07 | 50 -0.27520  1.70256e-06 | 51 -0.42838  7.04248e-08
 52 -5.91924 -1.06829e-08 | 53 -0.19775  5.98258e-05 | 54 -0.13589 -6.20485e-05
 55 -0.09033  1.08070e-05 | 56 -0.11922  5.09848e-05 |
Estimating row 1 out of 56 for hessian
Estimating row 2 out of 56 for hessian
Estimating row 3 out of 56 for hessian
Estimating row 4 out of 56 for hessian
Estimating row 5 out of 56 for hessian
Estimating row 6 out of 56 for hessian
Estimating row 7 out of 56 for hessian
Estimating row 8 out of 56 for hessian
Estimating row 9 out of 56 for hessian
Estimating row 10 out of 56 for hessian
Estimating row 11 out of 56 for hessian
Estimating row 12 out of 56 for hessian
Estimating row 13 out of 56 for hessian
Estimating row 14 out of 56 for hessian
Estimating row 15 out of 56 for hessian
Estimating row 16 out of 56 for hessian
Estimating row 17 out of 56 for hessian
Estimating row 18 out of 56 for hessian
Estimating row 19 out of 56 for hessian
Estimating row 20 out of 56 for hessian
Estimating row 21 out of 56 for hessian
Estimating row 22 out of 56 for hessian
Estimating row 23 out of 56 for hessian
Estimating row 24 out of 56 for hessian
Estimating row 25 out of 56 for hessian
Estimating row 26 out of 56 for hessian
Estimating row 27 out of 56 for hessian
Estimating row 28 out of 56 for hessian
Estimating row 29 out of 56 for hessian
Estimating row 30 out of 56 for hessian
Estimating row 31 out of 56 for hessian
Estimating row 32 out of 56 for hessian
Estimating row 33 out of 56 for hessian
Estimating row 34 out of 56 for hessian
Estimating row 35 out of 56 for hessian
Estimating row 36 out of 56 for hessian
Estimating row 37 out of 56 for hessian
Estimating row 38 out of 56 for hessian
Estimating row 39 out of 56 for hessian
Estimating row 40 out of 56 for hessian
Estimating row 41 out of 56 for hessian
Estimating row 42 out of 56 for hessian
Estimating row 43 out of 56 for hessian
Estimating row 44 out of 56 for hessian
Estimating row 45 out of 56 for hessian
Estimating row 46 out of 56 for hessian
Estimating row 47 out of 56 for hessian
Estimating row 48 out of 56 for hessian
Estimating row 49 out of 56 for hessian
Estimating row 50 out of 56 for hessian
Estimating row 51 out of 56 for hessian
Estimating row 52 out of 56 for hessian
Estimating row 53 out of 56 for hessian
Estimating row 54 out of 56 for hessian
Estimating row 55 out of 56 for hessian
Estimating row 56 out of 56 for hessian
size of file gradfil1.tmp = 0
size of file gradfil2.tmp = 0
size of file varssave.tmp = 0
size of file cmpdiff.tmp = 0
