
Initial statistics: 7 variables; iteration 0; function evaluation 0; phase 1
Function value 5.4239160e+03; maximum gradient component mag 3.4139e+04
Var    Value     Gradient |Var    Value     Gradient |Var    Value     Gradient
  1 -0.04247 -2.34120e+03 |  2  0.39650  3.41390e+04 |  3  0.21635  2.88457e+04
  4  0.21635  2.13385e+04 |  5  0.21635  1.44605e+04 |  6 -0.17585 -1.87821e+03
  7  0.05795 -2.32818e+01 |

Intermediate statistics: 7 variables; iteration 20; function evaluation 37; phase 1
Function value 8.6812779e+02; maximum gradient component mag -3.5781e+02
Var    Value     Gradient |Var    Value     Gradient |Var    Value     Gradient
  1  0.61618  1.17343e+01 |  2  0.22485 -3.57810e+02 |  3  0.19956 -1.39778e+02
  4  0.18564 -7.84441e+01 |  5  0.19851 -6.92353e+01 |  6 -0.01315 -6.87268e+01
  7  0.12373  4.26254e+01 |

 - final statistics:
7 variables; iteration 27; function evaluation 44
Function value 8.6629e+02; maximum gradient component mag 5.1799e+00
Exit code = 1;  converg criter 1.0000e+01
Var    Value     Gradient |Var    Value     Gradient |Var    Value     Gradient
  1  0.64498  3.36689e-01 |  2  0.22844  5.17987e+00 |  3  0.19817  1.74167e+00
  4  0.18415  1.35376e+00 |  5  0.20747  2.23226e+00 |  6  0.07709 -1.08201e+00
  7  0.19162  8.09235e-01 |

Initial statistics: 57 variables; iteration 0; function evaluation 0; phase 2
Function value 8.6629012e+02; maximum gradient component mag -7.4368e+03
Var    Value     Gradient |Var    Value     Gradient |Var    Value     Gradient
  1  0.64498  3.36689e-01 |  2  0.22844  5.17987e+00 |  3  0.00000  2.36581e+01
  4  0.00000 -1.07592e+02 |  5  0.00000  4.37098e+01 |  6  0.00000 -6.59300e+01
  7  0.00000 -3.46384e+01 |  8  0.00000  4.59709e+01 |  9  0.00000  2.93255e+00
 10  0.00000  5.55824e+00 | 11  0.00000 -7.04317e+01 | 12  0.00000  2.19709e+01
 13  0.00000 -3.45499e+01 | 14  0.00000  4.16824e-01 | 15  0.00000 -1.02951e+01
 16  0.00000 -7.28172e+01 | 17  0.00000  2.13725e+01 | 18  0.00000  1.24236e+02
 19  0.00000 -3.50359e+01 | 20  0.00000  1.58558e+02 | 21  0.00000 -2.52707e+02
 22  0.00000 -2.20806e+02 | 23  0.00000  1.88620e+01 | 24  0.00000  7.84280e+01
 25  0.00000  3.27003e+02 | 26  0.00000 -1.01842e+02 | 27  0.00000  4.62877e+01
 28  0.00000  4.29047e+02 | 29  0.00000 -4.02156e+02 | 30  0.00000 -4.71273e+01
 31  0.00000 -4.22252e+02 | 32  0.00000  3.24129e+02 | 33  0.00000 -5.24500e+02
 34  0.00000  1.72848e+01 | 35  0.00000 -1.09743e+02 | 36  0.00000  2.08809e+02
 37  0.00000  2.23885e+02 | 38  0.00000  2.06835e+02 | 39  0.00000  7.73142e+01
 40  0.19817  1.74167e+00 | 41  0.18415  1.35376e+00 | 42  0.21635  1.01040e+03
 43  0.20747  2.23226e+00 | 44 -1.00000 -1.08293e-07 | 45  0.00000  6.06087e-05
 46  0.00000  1.59159e-01 | 47 -0.53989  3.35391e+00 | 48 -1.00000 -1.08293e-07
 49 -0.53989  1.31602e+01 | 50 -1.00000 -1.08293e-07 | 51 -0.53989  3.04347e+00
 52 -0.32288  7.02250e+01 | 53  0.21635  2.16271e+00 | 54 -0.17585 -2.43663e+03
 55 -0.12819 -7.43678e+03 | 56  0.07709 -1.08201e+00 | 57  0.19162  8.09235e-01

Intermediate statistics: 57 variables; iteration 20; function evaluation 35; phase 2
Function value 5.3369814e+02; maximum gradient component mag -8.5219e+03
Var    Value     Gradient |Var    Value     Gradient |Var    Value     Gradient
  1  0.73395  3.31449e+01 |  2  0.16750 -1.78169e+03 |  3 -0.05978 -1.66128e+01
  4  0.26558  1.21319e+02 |  5  0.07757 -7.13710e+01 |  6  0.16426  5.36000e+01
  7  0.09323 -4.34416e+01 |  8 -0.05821 -1.59004e+02 |  9 -0.02666 -1.19480e+02
 10  0.03005 -7.50885e+01 | 11  0.13913 -8.46564e+00 | 12  0.03023 -1.23256e+02
 13  0.05382 -8.98925e+01 | 14  0.00947 -1.03531e+02 | 15  0.03659 -5.99898e+01
 16  0.08747 -3.93434e+01 | 17 -0.01930 -1.90427e+02 | 18 -0.10829 -2.24907e+02
 19 -0.05490 -1.96252e+02 | 20 -0.01230 -2.37643e+01 | 21  0.07087 -1.03508e+02
 22  0.09029 -1.68473e+01 | 23 -0.05535 -1.93129e+02 | 24 -0.11980 -2.80242e+02
 25 -0.17623 -1.05663e+02 | 26  0.02551 -9.64940e+01 | 27 -0.10529 -2.26941e+02
 28 -0.02384  3.35851e+02 | 29  0.06723  1.68037e+02 | 30 -0.00542 -1.54146e+02
 31  0.01742 -3.19764e+02 | 32 -0.02223 -8.16047e+01 | 33  0.03673 -3.68668e+02
 34  0.02833  2.80749e+01 | 35 -0.01025 -7.95598e+02 | 36  0.03717  2.65074e+02
 37  0.00145  2.37060e+02 | 38 -0.06169 -1.42602e+02 | 39 -0.09202 -2.08189e+02
 40  0.23924 -3.39872e+02 | 41  0.23301 -7.06997e+02 | 42  0.24853 -2.00397e+02
 43  0.26198  1.09383e+02 | 44 -0.86055 -1.40372e-02 | 45 -0.00000  5.33719e-05
 46 -0.00158  6.09946e-02 | 47 -0.57356  1.39626e+00 | 48 -0.60918 -8.40028e+02
 49 -0.52907  7.41317e+02 | 50 -0.74123 -4.37947e+01 | 51 -0.59239  2.71595e+01
 52 -0.29360  1.47446e+01 | 53  0.20555  1.29630e-01 | 54 -0.14484  2.12261e+03
 55 -0.12682 -8.52195e+03 | 56  0.15363 -4.16425e+01 | 57  0.18601  7.82744e+00
57 variables; iteration 40; function evaluation 64; phase 2
Function value 4.2904983e+02; maximum gradient component mag -5.2821e+03
Var    Value     Gradient |Var    Value     Gradient |Var    Value     Gradient
  1  1.42184  1.55713e+01 |  2  0.17152 -2.05254e+03 |  3 -0.05798 -1.75064e+01
  4  0.34086  1.47782e+02 |  5  0.13340 -8.54789e+01 |  6  0.27594  1.03097e+02
  7  0.18633 -4.57371e+01 |  8  0.03259 -1.40049e+02 |  9  0.01338 -1.57004e+02
 10  0.09212 -2.89882e+01 | 11  0.09986 -5.51663e+01 | 12 -0.06676 -2.37468e+02
 13  0.02716 -1.23430e+02 | 14  0.03345 -7.14154e+01 | 15  0.04768 -5.99866e+01
 16  0.09448 -3.04533e+01 | 17 -0.01198 -2.09496e+02 | 18 -0.13611 -3.05273e+02
 19 -0.06068 -2.75949e+02 | 20 -0.06850 -2.74914e+02 | 21  0.03727 -2.34742e+02
 22  0.12251  1.05606e+02 | 23 -0.05178 -2.47894e+02 | 24 -0.10183 -4.55681e+02
 25 -0.21159 -4.99392e+02 | 26  0.01684 -9.91103e+01 | 27 -0.08199 -1.32317e+02
 28 -0.12369 -3.55919e+01 | 29  0.06236  1.95958e+02 | 30 -0.00877 -2.12232e-01
 31  0.01159 -2.18416e+02 | 32 -0.02949 -7.31946e+01 | 33  0.03663 -2.02577e+02
 34  0.01339 -1.19828e+02 | 35  0.01757 -2.34999e+02 | 36  0.02199  1.54066e+02
 37 -0.00371  2.34821e+02 | 38 -0.06151 -2.66648e+02 | 39 -0.06887 -2.04804e+02
 40  0.24498 -5.39549e+02 | 41  0.23379 -5.77965e+02 | 42  0.24224 -6.40576e+02
 43  0.29178  4.19815e+02 | 44 -0.44913  2.39303e+00 | 45 -0.21122  2.62636e-01
 46 -0.13822  2.85078e+00 | 47 -3.29712  5.59674e+00 | 48 -0.62158 -5.48956e+02
 49 -0.60798  5.36233e+02 | 50 -0.87973 -7.49864e+01 | 51 -0.81241  4.78491e+01
 52 -0.27369  2.87246e+03 | 53 -0.66923 -2.31414e+01 | 54 -0.13502  1.84619e+03
 55 -0.11334 -5.28210e+03 | 56  0.36255 -4.30388e+01 | 57  0.24635  2.48093e+01
57 variables; iteration 60; function evaluation 87; phase 2
Function value 3.0576152e+02; maximum gradient component mag -2.4914e+03
Var    Value     Gradient |Var    Value     Gradient |Var    Value     Gradient
  1  1.38101 -1.95744e+00 |  2  0.17179 -1.31381e+01 |  3 -0.02650 -5.56534e+00
  4  0.19700  9.96142e+01 |  5  0.05608 -5.48478e+01 |  6  0.17199  7.44635e+01
  7  0.09616 -5.39504e+01 |  8 -0.03154 -1.23570e+02 |  9 -0.01316 -1.13330e+02
 10  0.05839 -3.49778e+01 | 11  0.10445 -3.96770e+01 | 12 -0.00970 -1.45490e+02
 13  0.05537 -4.56400e+01 | 14  0.03161 -2.60954e+01 | 15  0.01569 -7.87098e+01
 16  0.09019  2.42381e+01 | 17 -0.04300 -1.76818e+02 | 18 -0.10103 -1.61270e+02
 19 -0.02826 -9.71686e+01 | 20 -0.05206 -1.32276e+02 | 21  0.08886 -7.84689e+00
 22  0.10186  2.98703e+01 | 23 -0.05145 -1.55099e+02 | 24 -0.10095 -1.95593e+02
 25 -0.21461 -2.74954e+02 | 26  0.00757 -9.20138e+01 | 27 -0.07013 -9.95537e+01
 28 -0.11401 -9.35938e+01 | 29  0.07299  2.77236e+02 | 30 -0.00721 -6.73037e+01
 31  0.02582 -1.04140e+02 | 32 -0.02442 -1.64135e+02 | 33  0.06870  7.78021e+01
 34  0.02416 -1.86742e+02 | 35  0.03214 -1.29319e+02 | 36  0.01737 -3.42621e+01
 37 -0.00961  1.23078e+02 | 38 -0.05074 -1.45867e+02 | 39 -0.04313 -1.48680e+02
 40  0.24391  1.08324e+03 | 41  0.23060 -6.80262e+02 | 42  0.23610 -9.62213e+02
 43  0.25937  1.19215e+02 | 44 -0.40752  3.48584e+00 | 45 -0.72665  1.54699e-01
 46 -0.95919 -1.97069e-02 | 47 -4.42224  3.71672e+00 | 48 -0.59889 -1.78536e+02
 49 -0.61093  1.87656e+02 | 50 -0.87778 -1.02991e+02 | 51 -0.80830  6.53482e+01
 52 -0.28315 -1.91211e+02 | 53 -0.55737 -2.57621e-01 | 54 -0.12220  1.27740e+03
 55 -0.09629 -2.49137e+03 | 56  0.16603 -7.67635e+00 | 57  0.18567 -5.07022e+01
Maximum number of function evaluations exceeded

 - final statistics:
57 variables; iteration 70; function evaluation 100
Function value 2.1391e+02; maximum gradient component mag 2.3991e+02
Exit code = 3;  converg criter 1.0000e+01
Var    Value     Gradient |Var    Value     Gradient |Var    Value     Gradient
  1  1.65760 -2.47247e+00 |  2  0.15396 -6.25560e+01 |  3 -0.09814 -4.54227e+00
  4  0.02586  5.82110e+00 |  5 -0.02329 -4.51839e-01 |  6  0.02864 -7.02625e+00
  7 -0.01010  6.95080e+00 |  8 -0.06419  6.69664e+00 |  9 -0.02940  1.13171e+01
 10 -0.02026 -3.02677e-01 | 11  0.06592  8.47836e+00 | 12  0.03352  1.05418e+01
 13  0.05775  6.67014e+00 | 14  0.00158 -2.54673e+00 | 15  0.00204  1.06891e+01
 16  0.06492  9.48799e+00 | 17  0.01813  2.73888e+01 | 18 -0.06227  1.20324e+01
 19 -0.01836 -8.13658e+00 | 20 -0.04296  8.09131e+00 | 21  0.06516  1.57483e+01
 22  0.06975 -2.10533e+01 | 23 -0.04779 -8.83879e+00 | 24 -0.05486 -1.12214e+01
 25 -0.11290 -5.53514e+00 | 26 -0.00883  1.38068e+01 | 27 -0.03718 -1.10585e+01
 28 -0.05505 -1.96647e+01 | 29  0.04890 -7.02781e+01 | 30 -0.00925 -3.44380e+01
 31  0.02848 -2.44249e+01 | 32 -0.02327  1.53332e+01 | 33  0.04957 -5.34442e+00
 34  0.02941  1.92489e+01 | 35  0.04116 -1.21945e+01 | 36  0.02909  3.83833e+01
 37 -0.00181  5.49532e+01 | 38 -0.01095  1.36592e+02 | 39  0.00888  1.49531e+01
 40  0.25233 -1.26309e+02 | 41  0.24766 -6.59282e+01 | 42  0.26155 -5.30083e+00
 43  0.27084 -1.00952e+02 | 44 -0.36701 -9.85274e+00 | 45 -0.81106 -1.58558e-01
 46 -0.59934 -2.91563e-03 | 47 -4.64650  6.82145e-02 | 48 -0.57400 -2.26667e+01
 49 -0.60887  2.52970e+01 | 50 -0.91212 -1.92472e+02 | 51 -0.87976  1.40443e+02
 52 -0.27952 -4.91719e+01 | 53 -0.44472  1.38557e-01 | 54 -0.09303 -3.72980e+01
 55 -0.06087  2.39914e+02 | 56  0.13283  1.20474e+01 | 57  0.13133 -1.22964e+00

Initial statistics: 57 variables; iteration 0; function evaluation 0; phase 3
Function value 2.1389434e+02; maximum gradient component mag 2.3991e+02
Var    Value     Gradient |Var    Value     Gradient |Var    Value     Gradient
  1  0.34240  2.47247e+00 |  2  0.15396 -6.25560e+01 |  3 -0.09814 -4.54227e+00
  4  0.02586  5.82110e+00 |  5 -0.02329 -4.51839e-01 |  6  0.02864 -7.02625e+00
  7 -0.01026  1.12974e+00 |  8 -0.06434  9.04389e-01 |  9 -0.02956  5.50148e+00
 10 -0.02042 -6.12147e+00 | 11  0.06576  2.68782e+00 | 12  0.03337  4.72814e+00
 13  0.05759  8.72305e-01 | 14  0.00142 -8.36850e+00 | 15  0.00189  4.86735e+00
 16  0.06476  3.69653e+00 | 17  0.01798  2.15695e+01 | 18 -0.06242  6.23828e+00
 19 -0.01852 -1.39559e+01 | 20 -0.04312  2.28274e+00 | 21  0.06501  9.95722e+00
 22  0.06959 -2.68409e+01 | 23 -0.04795 -1.46439e+01 | 24 -0.05501 -1.70212e+01
 25 -0.11306 -1.12651e+01 | 26 -0.00899  7.98555e+00 | 27 -0.03733 -1.68702e+01
 28 -0.05520 -2.54642e+01 | 29  0.04875 -7.60841e+01 | 30 -0.00940 -4.02590e+01
 31  0.02833 -3.02412e+01 | 32 -0.02343  9.51525e+00 | 33  0.04941 -1.11488e+01
 34  0.02925  1.34335e+01 | 35  0.04100 -1.80044e+01 | 36  0.02893  3.25680e+01
 37 -0.00197  4.91314e+01 | 38 -0.01111  1.30771e+02 | 39  0.00872  9.13186e+00
 40  0.25233 -1.26309e+02 | 41  0.24766 -6.59282e+01 | 42  0.26155 -5.30083e+00
 43  0.27084 -1.00952e+02 | 44 -0.36701 -9.85274e+00 | 45 -0.81106 -1.58558e-01
 46 -0.59934 -2.91563e-03 | 47 -0.64650  6.82145e-02 | 48 -0.57400 -2.26667e+01
 49 -0.60887  2.52970e+01 | 50 -0.91212 -1.92472e+02 | 51 -0.87976  1.40443e+02
 52 -0.27952 -4.91719e+01 | 53 -0.44472  1.38557e-01 | 54 -0.09303 -3.72980e+01
 55 -0.06087  2.39914e+02 | 56  0.13283  1.20474e+01 | 57  0.13133 -1.22964e+00

Intermediate statistics: 57 variables; iteration 20; function evaluation 24; phase 3
Function value 2.1181199e+02; maximum gradient component mag -8.6087e+02
Var    Value     Gradient |Var    Value     Gradient |Var    Value     Gradient
  1  0.32276  1.02755e+01 |  2  0.15100 -8.60874e+02 |  3 -0.08918  5.78994e-01
  4  0.01708 -5.56586e+00 |  5 -0.02648 -2.62237e+00 |  6  0.02853 -2.73054e+00
  7 -0.01498  1.46652e+01 |  8 -0.06833  1.45456e+01 |  9 -0.03349  1.46056e+01
 10 -0.01799  1.64179e+01 | 11  0.06238  1.35024e+01 | 12  0.02925  1.19575e+01
 13  0.05850  1.21191e+01 | 14  0.00437  1.12139e+01 | 15 -0.00252  1.18896e+01
 16  0.06609  7.64319e+00 | 17  0.01541  4.58629e+00 | 18 -0.05933  5.13894e+00
 19 -0.01454  1.01645e+01 | 20 -0.04197  1.17316e+01 | 21  0.06014  1.01968e+00
 22  0.07301  1.78257e+01 | 23 -0.04336  1.32094e+01 | 24 -0.05445  3.29622e+00
 25 -0.11250  4.05609e+00 | 26 -0.00748  1.12437e+01 | 27 -0.03120  4.26977e+00
 28 -0.05116 -7.76018e+00 | 29  0.05371  1.16744e+01 | 30 -0.00556 -9.19947e+00
 31  0.02933 -1.40396e+01 | 32 -0.02557 -6.49237e+00 | 33  0.04675 -1.21214e+00
 34  0.02645  7.28721e-01 | 35  0.04146 -1.04253e+01 | 36  0.02778 -2.03768e+01
 37 -0.00040 -2.62681e+01 | 38 -0.01150 -6.59869e+01 | 39  0.00370  2.01780e+01
 40  0.25636 -9.43730e+01 | 41  0.24905 -1.27512e+02 | 42  0.26474  2.44568e+01
 43  0.27749 -1.08317e+02 | 44 -0.35600 -5.34364e+00 | 45 -0.81085 -6.39952e-02
 46 -0.59932 -3.18512e-03 | 47 -0.64679  5.41006e-02 | 48 -0.57870  1.39449e+01
 49 -0.61426 -1.25459e+01 | 50 -0.92062 -1.80821e+02 | 51 -0.89437  1.35710e+02
 52 -0.27636  2.76939e+01 | 53 -0.44439 -1.84718e-01 | 54 -0.09641 -1.44312e+02
 55 -0.06447  1.74191e+02 | 56  0.14997  2.20977e+01 | 57  0.13108 -5.65384e+00
57 variables; iteration 40; function evaluation 46; phase 3
Function value 2.1159926e+02; maximum gradient component mag -7.3404e+02
Var    Value     Gradient |Var    Value     Gradient |Var    Value     Gradient
  1  0.30711  9.24610e+00 |  2  0.14980 -7.34036e+02 |  3 -0.08831  1.72235e+00
  4  0.01677 -3.26247e+00 |  5 -0.02729 -2.34854e+00 |  6  0.02562 -2.69553e+00
  7 -0.02101  7.83514e+00 |  8 -0.07569  6.06492e+00 |  9 -0.03967  7.41463e+00
 10 -0.02673  7.78409e+00 | 11  0.05821  6.34987e+00 | 12  0.02775  4.89378e+00
 13  0.06004  6.95285e+00 | 14  0.00500  5.06589e+00 | 15 -0.00157  7.02084e+00
 16  0.06658 -1.80999e-01 | 17  0.01684 -1.87249e+00 | 18 -0.05804 -2.54618e+00
 19 -0.01355  4.40883e+00 | 20 -0.04088  4.38560e+00 | 21  0.06089 -1.55328e+00
 22  0.07273  1.04749e+01 | 23 -0.04265  8.98217e+00 | 24 -0.05424 -3.21619e+00
 25 -0.11109  6.93857e-01 | 26 -0.00624  8.75947e+00 | 27 -0.02980  7.00148e+00
 28 -0.04967 -3.46064e-01 | 29  0.05557  1.79423e+01 | 30 -0.00355 -7.14401e+00
 31  0.03049 -1.91182e+01 | 32 -0.02403 -3.65293e+00 | 33  0.04722 -8.96468e+00
 34  0.02731 -6.05305e+00 | 35  0.04247 -2.15666e+01 | 36  0.02923 -2.52749e+01
 37  0.00101 -3.72090e+01 | 38 -0.00943 -6.43153e+01 | 39  0.00432  1.11175e+01
 40  0.25704 -9.22716e+01 | 41  0.24949 -1.37156e+02 | 42  0.26521  1.82995e+01
 43  0.27723 -1.08243e+02 | 44 -0.35425 -1.84752e+00 | 45 -0.81028 -2.72680e-02
 46 -0.59914 -3.34996e-03 | 47 -0.65040  4.57676e-02 | 48 -0.62593 -1.77167e+01
 49 -0.65671  1.98830e+01 | 50 -0.94010 -1.97429e+01 | 51 -0.92234  1.51689e+01
 52 -0.27602  1.95732e+01 | 53 -0.43905 -1.39253e-01 | 54 -0.09659 -1.27845e+02
 55 -0.06496  1.48842e+02 | 56  0.14477  2.05445e+01 | 57  0.12816 -3.89068e+00
57 variables; iteration 60; function evaluation 71; phase 3
Function value 2.1091317e+02; maximum gradient component mag -1.4017e+01
Var    Value     Gradient |Var    Value     Gradient |Var    Value     Gradient
  1  0.28347  1.65647e-01 |  2  0.14892 -1.40175e+01 |  3 -0.09533 -4.43508e-02
  4  0.01716 -2.08311e-01 |  5 -0.02652 -7.04306e-02 |  6  0.02596 -1.36969e-01
  7 -0.02165  2.66205e-01 |  8 -0.07501  1.87512e-01 |  9 -0.03935  2.81419e-01
 10 -0.02643  1.96888e-01 | 11  0.05965  1.99619e-01 | 12  0.02975  2.37720e-02
 13  0.05985  2.22372e-01 | 14  0.00464  7.63662e-02 | 15 -0.00329  2.15515e-01
 16  0.06760  1.10861e-01 | 17  0.01797  2.98303e-01 | 18 -0.05649  4.89257e-02
 19 -0.01410  1.30186e-01 | 20 -0.04080  1.25781e-01 | 21  0.05966  1.63901e-01
 22  0.06915  1.77808e-01 | 23 -0.04582  2.01846e-03 | 24 -0.05500  5.54339e-02
 25 -0.11104  1.03928e-01 | 26 -0.00608 -3.99793e-01 | 27 -0.03039 -7.38335e-02
 28 -0.05035 -1.65213e-01 | 29  0.05519  3.30311e-01 | 30 -0.00356  1.47240e-01
 31  0.03059  1.52621e-01 | 32 -0.02445 -3.43975e-02 | 33  0.04577  1.20803e-01
 34  0.02648  1.58030e-01 | 35  0.04292  1.60055e-02 | 36  0.03039 -2.15388e-01
 37  0.00254 -8.43879e-01 | 38 -0.00667 -2.17206e+00 | 39  0.00798 -1.06628e-01
 40  0.25875 -1.57817e+00 | 41  0.25168 -6.18493e-01 | 42  0.26594  3.84798e-01
 43  0.27828 -1.94843e-01 | 44 -0.35402  7.67886e-02 | 45 -0.74109 -6.29358e-03
 46 -0.56526 -3.80599e-03 | 47 -0.70316 -2.95491e-03 | 48 -0.68422  1.67884e+00
 49 -0.71179 -1.84918e+00 | 50 -0.93200 -3.41973e+00 | 51 -0.91243  2.60859e+00
 52 -0.27465  1.69504e+00 | 53 -0.38906 -1.67829e-02 | 54 -0.09508 -9.79986e-01
 55 -0.06546  8.38932e-01 | 56  0.13736 -4.49400e-02 | 57  0.12174  6.23513e-02

 - final statistics:
57 variables; iteration 61; function evaluation 72
Function value 2.1091e+02; maximum gradient component mag 8.8378e-01
Exit code = 1;  converg criter 1.0000e+00
Var    Value     Gradient |Var    Value     Gradient |Var    Value     Gradient
  1  0.28337 -2.21716e-02 |  2  0.14892  8.83779e-01 |  3 -0.09517  2.73057e-03
  4  0.01730 -2.07153e-03 |  5 -0.02645  1.38773e-02 |  6  0.02600  2.00542e-03
  7 -0.02170 -2.32994e-02 |  8 -0.07506 -1.91787e-02 |  9 -0.03945 -1.08768e-02
 10 -0.02651 -2.26108e-02 | 11  0.05964 -8.41882e-03 | 12  0.02984 -1.53340e-02
 13  0.05982 -3.38234e-02 | 14  0.00468 -2.07539e-02 | 15 -0.00330 -1.98565e-02
 16  0.06762 -1.92708e-02 | 17  0.01792 -1.66580e-02 | 18 -0.05645  3.67974e-03
 19 -0.01410 -1.67827e-02 | 20 -0.04079 -8.07545e-04 | 21  0.05965 -1.59558e-02
 22  0.06914 -2.71155e-02 | 23 -0.04578 -2.84630e-02 | 24 -0.05499 -2.49034e-02
 25 -0.11103 -6.18337e-02 | 26 -0.00600 -1.36874e-01 | 27 -0.03041  1.71702e-01
 28 -0.05036  3.16338e-01 | 29  0.05518  5.58239e-02 | 30 -0.00355  5.29370e-02
 31  0.03059  3.94572e-02 | 32 -0.02443  2.49972e-02 | 33  0.04577  8.48459e-03
 34  0.02648  4.31766e-03 | 35  0.04292  8.06596e-03 | 36  0.03040  9.96591e-03
 37  0.00255 -1.61513e-02 | 38 -0.00666 -1.03258e-01 | 39  0.00803 -6.34551e-02
 40  0.25874 -2.95509e-01 | 41  0.25168  1.81801e-01 | 42  0.26592  4.80975e-02
 43  0.27829  5.71268e-03 | 44 -0.35411  6.12797e-02 | 45 -0.73554 -6.29663e-03
 46 -0.56224 -3.75609e-03 | 47 -0.70044 -2.19713e-03 | 48 -0.68370 -6.26973e-01
 49 -0.71129  6.86436e-01 | 50 -0.93233 -5.09039e-01 | 51 -0.91286  3.49742e-01
 52 -0.27464  3.71649e-01 | 53 -0.38692 -5.40024e-03 | 54 -0.09507 -9.73591e-02
 55 -0.06546  2.86362e-01 | 56  0.13740  3.33982e-02 | 57  0.12176 -3.39623e-02

Initial statistics: 59 variables; iteration 0; function evaluation 0; phase 4
Function value 2.1091295e+02; maximum gradient component mag 2.9968e+02
Var    Value     Gradient |Var    Value     Gradient |Var    Value     Gradient
  1  0.28337 -2.21716e-02 |  2  0.14892  8.83779e-01 |  3 -0.09517  2.73057e-03
  4  0.01730 -2.07153e-03 |  5 -0.02645  1.38773e-02 |  6  0.02600  2.00542e-03
  7 -0.02170 -2.29886e-02 |  8 -0.07506 -1.88700e-02 |  9 -0.03945 -1.05665e-02
 10 -0.02651 -2.23001e-02 | 11  0.05964 -8.10924e-03 | 12  0.02984 -1.50234e-02
 13  0.05982 -3.35138e-02 | 14  0.00468 -2.04429e-02 | 15 -0.00330 -1.95456e-02
 16  0.06762 -1.89616e-02 | 17  0.01792 -1.63472e-02 | 18 -0.05645  3.98946e-03
 19 -0.01410 -1.64718e-02 | 20 -0.04079 -4.97234e-04 | 21  0.05965 -1.56462e-02
 22  0.06914 -2.68064e-02 | 23 -0.04578 -2.81528e-02 | 24 -0.05499 -2.45936e-02
 25 -0.11103 -6.15275e-02 | 26 -0.00600 -1.36563e-01 | 27 -0.03041  1.72012e-01
 28 -0.05036  3.16648e-01 | 29  0.05518  5.61337e-02 | 30 -0.00355  5.32480e-02
 31  0.03059  3.97678e-02 | 32 -0.02443  2.53079e-02 | 33  0.04577  8.79474e-03
 34  0.02648  4.62834e-03 | 35  0.04292  8.37620e-03 | 36  0.03040  1.02765e-02
 37  0.00255 -1.58404e-02 | 38 -0.00666 -1.02947e-01 | 39  0.00803 -6.31442e-02
 40  0.25874 -2.95509e-01 | 41  0.25168  1.81801e-01 | 42  0.26592  4.80975e-02
 43  0.27829  5.71268e-03 | 44 -0.35411  6.12797e-02 | 45 -0.73554 -6.29663e-03
 46 -0.56224 -3.75609e-03 | 47 -0.70044 -2.19713e-03 | 48 -0.68370 -6.26973e-01
 49 -0.71129  6.86436e-01 | 50 -0.93233 -5.09039e-01 | 51 -0.91286  3.49742e-01
 52 -0.27464  3.71649e-01 | 53 -0.38692 -5.40024e-03 | 54 -0.09507 -9.73591e-02
 55 -0.06546  2.86362e-01 | 56  0.13740  3.33982e-02 | 57  0.12176 -3.39623e-02
 58 -0.05795  2.99677e+02 | 59 -0.17585 -2.89611e+02 |

Intermediate statistics: 59 variables; iteration 20; function evaluation 29; phase 4
Function value 2.0657070e+02; maximum gradient component mag 2.1985e+02
Var    Value     Gradient |Var    Value     Gradient |Var    Value     Gradient
  1  0.25867 -9.80874e-01 |  2  0.14906  1.83955e+02 |  3 -0.09527  5.45807e-01
  4  0.01667  1.14438e-01 |  5 -0.02713 -2.45855e-01 |  6  0.02534  5.92195e-02
  7 -0.02166 -4.71301e+00 |  8 -0.07454 -5.08983e+00 |  9 -0.03924 -5.61503e+00
 10 -0.02596 -5.13241e+00 | 11  0.05898 -5.55801e+00 | 12  0.02880 -6.09334e+00
 13  0.05884 -5.87562e+00 | 14  0.00458 -5.13123e+00 | 15 -0.00281 -4.44631e+00
 16  0.06710 -4.08222e+00 | 17  0.01729 -3.68302e+00 | 18 -0.05438 -1.78723e+00
 19 -0.01907 -3.87926e+00 | 20 -0.03805 -2.55867e+00 | 21  0.05966  1.84323e+00
 22  0.06510 -4.41556e+00 | 23 -0.04024  1.57299e+00 | 24 -0.05497 -2.57636e+00
 25 -0.11472 -6.61997e+00 | 26 -0.00542  9.74835e+00 | 27 -0.02715 -3.18827e+00
 28 -0.05346 -1.91347e+01 | 29  0.05459  1.23362e+01 | 30 -0.00388  9.04499e+00
 31  0.03142  2.02448e+01 | 32 -0.02436 -4.06526e+00 | 33  0.04659  1.00298e+00
 34  0.02692 -2.78525e+00 | 35  0.04264 -9.30748e+00 | 36  0.03024 -1.10332e+01
 37  0.00182 -1.12704e+01 | 38 -0.00784 -1.53309e+01 | 39  0.01009 -3.53552e+00
 40  0.25799  2.87118e+01 | 41  0.25014  2.19851e+02 | 42  0.26594  3.04327e+01
 43  0.27569 -2.03103e+01 | 44 -0.35632 -2.84933e+00 | 45 -0.73554 -4.57345e-02
 46 -0.56223 -3.74087e-03 | 47 -0.70044 -1.32971e-03 | 48 -0.68393 -5.93875e-02
 49 -0.71105  6.17177e-02 | 50 -0.93240  7.78570e+00 | 51 -0.91273 -6.07270e+00
 52 -0.27574 -2.26182e+01 | 53 -0.38672  1.63279e-01 | 54 -0.11109 -1.36709e+02
 55 -0.07923  1.64334e+02 | 56  0.12685  3.25375e+00 | 57  0.11932  2.95094e+00
 58 -0.07704  1.58698e+01 | 59 -0.16899 -1.49382e+02 |
59 variables; iteration 40; function evaluation 54; phase 4
Function value 2.0640483e+02; maximum gradient component mag 3.2932e+02
Var    Value     Gradient |Var    Value     Gradient |Var    Value     Gradient
  1  0.24019 -4.81895e+00 |  2  0.14774  3.29320e+02 |  3 -0.10280 -1.54108e+00
  4  0.01597 -5.22516e-01 |  5 -0.02632  2.00474e+00 |  6  0.02302 -1.90874e+00
  7 -0.02633 -4.57194e+00 |  8 -0.07938 -3.87482e+00 |  9 -0.04518 -4.98206e+00
 10 -0.03836 -9.75371e+00 | 11  0.05107 -1.03257e+01 | 12  0.02727 -5.42498e+00
 13  0.06149 -2.43504e+00 | 14  0.00523 -4.71739e+00 | 15 -0.00449 -6.73098e+00
 16  0.06912 -2.18004e+00 | 17  0.01926 -2.40487e+00 | 18 -0.05218 -3.59905e-01
 19 -0.01669  4.08938e-01 | 20 -0.03691 -2.98507e+00 | 21  0.05993  1.64019e+00
 22  0.06392 -1.06900e+01 | 23 -0.03942  3.13036e+00 | 24 -0.05408 -2.23355e+00
 25 -0.11393 -9.56612e+00 | 26 -0.00446  6.13260e+00 | 27 -0.02447  5.86448e-01
 28 -0.05020 -1.27408e+01 | 29  0.05639  2.54192e+01 | 30 -0.00209  2.56010e+01
 31  0.03278  2.72119e+01 | 32 -0.02279  8.01155e+00 | 33  0.04696  5.68296e+00
 34  0.02720 -1.00152e+01 | 35  0.04420 -1.72075e+00 | 36  0.03228 -6.41122e+00
 37  0.00412  5.15109e-01 | 38 -0.00503  1.93414e+00 | 39  0.01385 -1.06233e+01
 40  0.25873  1.51553e+01 | 41  0.25052  1.57757e+02 | 42  0.26660  3.19471e+01
 43  0.27612 -8.96107e+00 | 44 -0.35440 -9.34827e-01 | 45 -0.73496 -1.86744e-02
 46 -0.56181 -3.73840e-03 | 47 -0.70033 -1.47899e-03 | 48 -0.68465 -6.69504e+00
 49 -0.71197  7.35403e+00 | 50 -0.93105  1.80061e+00 | 51 -0.91152 -1.44693e+00
 52 -0.27524 -3.21589e+00 | 53 -0.38340  2.31909e-02 | 54 -0.16378  8.85026e+01
 55 -0.08027 -3.22021e+01 | 56  0.12415  6.33490e+00 | 57  0.11624 -5.26703e+00
 58 -0.02672  3.53924e+01 | 59 -0.11526  5.51743e+01 |
59 variables; iteration 60; function evaluation 80; phase 4
Function value 2.0538668e+02; maximum gradient component mag -6.5526e+01
Var    Value     Gradient |Var    Value     Gradient |Var    Value     Gradient
  1  0.23885  1.71949e+00 |  2  0.14844 -6.55261e+01 |  3 -0.09868  1.93859e-01
  4  0.01460 -1.26004e+00 |  5 -0.02873 -1.16646e+00 |  6  0.02335 -4.57802e-01
  7 -0.02541  1.89756e+00 |  8 -0.07865  3.28619e-01 |  9 -0.04128  2.26403e+00
 10 -0.02989  2.12886e-01 | 11  0.05875  2.92338e+00 | 12  0.02922  1.56060e+00
 13  0.05875 -6.56212e-01 | 14  0.00459  1.27191e+00 | 15 -0.00355  1.10516e+00
 16  0.06708 -6.93269e-01 | 17  0.01844  1.16181e+00 | 18 -0.05323 -8.07436e-01
 19 -0.01929 -1.54115e+00 | 20 -0.03628  4.31668e-02 | 21  0.05957  9.32278e-01
 22  0.06458  1.34786e+00 | 23 -0.03942  1.68392e-01 | 24 -0.05442  3.23132e-01
 25 -0.11462  1.11452e-01 | 26 -0.00642 -3.99269e+00 | 27 -0.02566 -5.96381e+00
 28 -0.05097 -8.07904e+00 | 29  0.05439 -1.77187e+01 | 30 -0.00381 -7.71237e+00
 31  0.03134 -9.00588e+00 | 32 -0.02363 -2.76277e+00 | 33  0.04667 -3.17051e+00
 34  0.02742 -7.13716e-01 | 35  0.04353 -2.38240e+00 | 36  0.03123  2.66936e+00
 37  0.00269  1.19288e+01 | 38 -0.00621  3.16509e+01 | 39  0.01411  5.69091e+00
 40  0.25804  3.37618e+00 | 41  0.24771 -3.33371e+01 | 42  0.26571 -1.62833e+01
 43  0.27457 -1.82069e+01 | 44 -0.35651  3.94497e-02 | 45 -0.66124 -4.64171e-03
 46 -0.52495 -3.27658e-03 | 47 -0.69800  4.66522e-04 | 48 -0.66262 -7.87708e+00
 49 -0.69214  8.68977e+00 | 50 -0.86412 -1.09595e-02 | 51 -0.82493 -1.38369e-02
 52 -0.27702 -4.34488e+01 | 53 -0.55438  2.36819e-01 | 54 -0.12383  6.37914e+00
 55 -0.10504 -3.99308e+00 | 56  0.11732  1.98409e+00 | 57  0.11405  4.50870e-01
 58 -0.10991  6.69046e+00 | 59 -0.17502 -2.79629e-01 |
59 variables; iteration 80; function evaluation 171; phase 4
Function value 2.0519453e+02; maximum gradient component mag 4.9615e+03
Var    Value     Gradient |Var    Value     Gradient |Var    Value     Gradient
  1  0.23753  1.38280e-01 |  2  0.14816 -1.48553e+02 |  3 -0.10041 -5.08914e-01
  4  0.01588 -9.52521e-01 |  5 -0.02711  1.28134e+00 |  6  0.02340  2.62758e-03
  7 -0.02760 -4.29701e-01 |  8 -0.07953  2.03670e+00 |  9 -0.04331  1.36604e+00
 10 -0.03181  2.32551e+00 | 11  0.05481 -2.45338e-01 | 12  0.02766  8.62613e-01
 13  0.06029  1.80932e+00 | 14  0.00438 -7.03884e-01 | 15 -0.00312  1.65164e+00
 16  0.06812 -9.71789e-01 | 17  0.01831 -3.00228e+00 | 18 -0.05251 -8.82358e-01
 19 -0.01849  2.47468e-01 | 20 -0.03635 -2.74803e+00 | 21  0.05970  1.63416e-01
 22  0.06484  2.05568e+00 | 23 -0.03889 -4.93468e-02 | 24 -0.05429 -3.66002e+00
 25 -0.11450 -5.73109e+00 | 26 -0.00635 -2.82938e+01 | 27 -0.02458 -1.03890e+01
 28 -0.05091 -1.40595e+01 | 29  0.05512 -4.27457e+00 | 30 -0.00312  4.92843e+00
 31  0.03204  5.52124e+00 | 32 -0.02313  2.37656e+00 | 33  0.04713  3.09992e+00
 34  0.02762 -9.62058e-01 | 35  0.04390  1.45911e+00 | 36  0.03160  8.58700e-01
 37  0.00318  9.60523e+00 | 38 -0.00562  2.43729e+01 | 39  0.01484  6.83321e+00
 40  0.25812 -8.37289e+01 | 41  0.24808  3.15333e+01 | 42  0.26594 -4.53362e+00
 43  0.27490 -1.25079e+01 | 44 -0.37029 -6.02276e-01 | 45 -0.09848 -1.94844e-02
 46  0.03743  3.60860e-04 | 47 -0.71370 -4.06957e-04 | 48 -0.74550  1.50253e+01
 49 -0.76769 -1.65144e+01 | 50 -0.60010 -2.39385e+01 | 51 -0.48215  1.71236e+01
 52 -0.27685  1.16071e+02 | 53 -0.63289 -6.18160e-01 | 54 -0.11734  4.93048e+03
 55 -0.17544 -3.33096e+03 | 56  0.11914  3.78005e-01 | 57  0.11513  5.91149e+00
 58 -0.23524 -2.85757e+02 | 59 -0.23562  4.96149e+03 |
59 variables; iteration 100; function evaluation 196; phase 4
Function value 2.0476557e+02; maximum gradient component mag 1.3358e+04
Var    Value     Gradient |Var    Value     Gradient |Var    Value     Gradient
  1  0.25848 -2.81268e+00 |  2  0.14926  1.35838e+02 |  3 -0.09986 -5.29166e-01
  4  0.01592 -7.53171e-01 |  5 -0.02736  1.44176e+00 |  6  0.02364 -6.87731e-01
  7 -0.02440 -2.04148e+00 |  8 -0.07668 -6.39370e-01 |  9 -0.04223 -2.11154e+00
 10 -0.03181 -3.65584e+00 | 11  0.05414 -5.15207e+00 | 12  0.02709 -2.77586e+00
 13  0.05932 -1.13873e+00 | 14  0.00465 -2.84941e+00 | 15 -0.00308 -2.63708e+00
 16  0.06770 -1.45061e+00 | 17  0.01758 -2.86760e+00 | 18 -0.05330 -2.52720e+00
 19 -0.01866 -1.90261e+00 | 20 -0.03654 -2.97130e+00 | 21  0.06104 -1.44134e+00
 22  0.06620  3.60815e-02 | 23 -0.03698  8.90778e-01 | 24 -0.05277  3.85036e+00
 25 -0.11355  6.38199e+00 | 26 -0.00388  1.68863e+01 | 27 -0.02648  1.64652e+00
 28 -0.05395 -4.33914e+00 | 29  0.05473  3.73313e+00 | 30 -0.00307  1.44632e+01
 31  0.03217  6.96995e+00 | 32 -0.02237  1.66642e+00 | 33  0.04885  9.33793e-01
 34  0.02888 -1.87570e+00 | 35  0.04410 -1.33981e+00 | 36  0.03087 -1.09526e+01
 37  0.00207  1.04344e+00 | 38 -0.00802  7.36342e+00 | 39  0.00798 -1.13581e+01
 40  0.25690  5.38444e+00 | 41  0.24654 -4.13627e+01 | 42  0.26468 -8.87671e-02
 43  0.27434  1.61366e+00 | 44 -0.37569  4.40250e-01 | 45 -0.02635  1.52055e-02
 46 -0.37780 -2.02260e-03 | 47 -0.70679 -1.88087e-03 | 48 -0.72424  1.10470e+01
 49 -0.74825 -1.21476e+01 | 50 -0.49879 -1.51734e+01 | 51 -0.37737  1.21433e+01
 52 -0.27860 -1.94180e+00 | 53 -0.92761 -2.32887e-02 | 54 -0.11509  1.33583e+04
 55 -0.17551 -1.01128e+04 | 56  0.12287  4.92782e-01 | 57  0.11956  2.01352e+00
 58 -0.23773  4.75318e+02 | 59 -0.23805  1.21660e+04 |
59 variables; iteration 120; function evaluation 216; phase 4
Function value 2.0437510e+02; maximum gradient component mag -7.7983e+02
Var    Value     Gradient |Var    Value     Gradient |Var    Value     Gradient
  1  0.25451  4.88428e-02 |  2  0.14836 -1.87361e+00 |  3 -0.10164  1.43124e-02
  4  0.01463  2.60098e-02 |  5 -0.02929 -1.00811e-02 |  6  0.02183  1.50346e-02
  7 -0.02835  1.08460e-02 |  8 -0.08073  2.90817e-03 |  9 -0.04376  2.78777e-02
 10 -0.03259  7.53639e-02 | 11  0.05570  8.89156e-02 | 12  0.02800  4.93125e-02
 13  0.05923  2.73869e-02 | 14  0.00458  5.49453e-02 | 15 -0.00368  6.26050e-02
 16  0.06769  3.24759e-02 | 17  0.01869  7.34074e-02 | 18 -0.05220  7.59862e-02
 19 -0.01879  7.15673e-02 | 20 -0.03587  9.64478e-02 | 21  0.06001  6.09950e-02
 22  0.06495  1.16483e-01 | 23 -0.03808  5.11574e-02 | 24 -0.05367  2.07922e-01
 25 -0.11453  2.97878e-01 | 26 -0.00611  5.32349e-01 | 27 -0.02450 -2.21193e-03
 28 -0.05077 -9.04932e-02 | 29  0.05515 -2.61693e-01 | 30 -0.00309 -2.46167e-01
 31  0.03209 -1.31185e-01 | 32 -0.02282  7.94815e-03 | 33  0.04781 -3.60770e-02
 34  0.02847 -3.63329e-03 | 35  0.04431 -7.66691e-02 | 36  0.03205 -4.22170e-02
 37  0.00333 -3.62182e-01 | 38 -0.00620 -8.25993e-01 | 39  0.01326  5.59429e-02
 40  0.25814  7.77887e-01 | 41  0.24763  4.89026e-01 | 42  0.26576  1.08054e-02
 43  0.27559 -1.03972e-01 | 44 -0.37551  8.39867e-03 | 45  0.08397  7.49286e-04
 46  0.26404  1.59672e-03 | 47 -0.71655  1.11454e-03 | 48 -0.66535  4.82308e+00
 49 -0.69501 -5.30160e+00 | 50 -0.42110 -9.78903e-02 | 51 -0.32482  1.02309e-01
 52 -0.27794 -1.65743e+00 | 53 -1.13226  1.13677e-02 | 54 -0.11392 -7.79827e+02
 55 -0.17499  6.62792e+02 | 56  0.12376 -3.89028e-02 | 57  0.11710  5.79923e-02
 58 -0.23806 -1.01798e+02 | 59 -0.23888 -6.35599e+02 |
59 variables; iteration 140; function evaluation 236; phase 4
Function value 2.0437349e+02; maximum gradient component mag 3.3862e+02
Var    Value     Gradient |Var    Value     Gradient |Var    Value     Gradient
  1  0.25415  8.37271e-03 |  2  0.14833 -4.44666e-01 |  3 -0.10168  4.01895e-04
  4  0.01468 -1.84342e-03 |  5 -0.02923 -2.25647e-03 |  6  0.02185 -1.90064e-04
  7 -0.02833  8.32808e-03 |  8 -0.08071  4.53083e-03 |  9 -0.04377  5.74787e-03
 10 -0.03268  6.41895e-03 | 11  0.05563  1.21468e-02 | 12  0.02799  1.05385e-02
 13  0.05926  1.87101e-02 | 14  0.00459  1.70123e-02 | 15 -0.00371  1.22041e-02
 16  0.06771  2.84077e-02 | 17  0.01873  3.45022e-02 | 18 -0.05216  2.33855e-02
 19 -0.01877  2.19465e-02 | 20 -0.03585  3.19643e-02 | 21  0.05997  2.64300e-02
 22  0.06488  1.75712e-02 | 23 -0.03809  1.50629e-02 | 24 -0.05372  1.85854e-02
 25 -0.11456  1.45308e-02 | 26 -0.00607  4.39538e-02 | 27 -0.02447  4.27932e-03
 28 -0.05079 -1.50917e-02 | 29  0.05518 -2.15986e-02 | 30 -0.00308 -1.04832e-02
 31  0.03208 -3.00087e-02 | 32 -0.02283  3.53434e-03 | 33  0.04777 -7.15092e-03
 34  0.02844  6.74415e-03 | 35  0.04430 -1.49389e-02 | 36  0.03207 -1.80717e-02
 37  0.00335 -6.80571e-02 | 38 -0.00617 -1.84062e-01 | 39  0.01337 -1.50217e-02
 40  0.25819  9.06124e-01 | 41  0.24768  1.11713e-01 | 42  0.26579  1.44592e-02
 43  0.27564  3.35216e-02 | 44 -0.37269  3.37736e-04 | 45 -0.00320  6.10157e-05
 46 -0.19774 -7.81161e-04 | 47 -0.70131  2.20322e-03 | 48 -0.66864  5.32214e-01
 49 -0.69787 -5.77888e-01 | 50 -0.42079  1.67014e-02 | 51 -0.32471 -8.76896e-03
 52 -0.27774 -9.64710e-01 | 53 -1.20875  6.29125e-03 | 54 -0.11367  3.38620e+02
 55 -0.17503 -3.29872e+02 | 56  0.12380 -1.46959e-03 | 57  0.11703 -1.10781e-02
 58 -0.23840  8.82559e+01 | 59 -0.23918  2.31875e+02 |
59 variables; iteration 160; function evaluation 257; phase 4
Function value 2.0437207e+02; maximum gradient component mag 9.9495e+01
Var    Value     Gradient |Var    Value     Gradient |Var    Value     Gradient
  1  0.25426 -4.78542e-03 |  2  0.14834  4.62497e-01 |  3 -0.10167  1.24253e-03
  4  0.01468  1.39004e-03 |  5 -0.02923  2.16141e-03 |  6  0.02186  2.36054e-03
  7 -0.02831 -1.29789e-03 |  8 -0.08069 -5.35513e-03 |  9 -0.04375 -4.98342e-03
 10 -0.03266 -9.27706e-03 | 11  0.05563 -4.86393e-03 | 12  0.02799 -5.11000e-03
 13  0.05925 -1.20801e-03 | 14  0.00459 -1.91654e-03 | 15 -0.00370 -6.84489e-03
 16  0.06771 -1.02058e-03 | 17  0.01872  3.72216e-04 | 18 -0.05217 -4.26719e-03
 19 -0.01877  1.41102e-03 | 20 -0.03586  1.41148e-03 | 21  0.05998  1.06210e-03
 22  0.06490 -1.84404e-03 | 23 -0.03809 -2.69371e-03 | 24 -0.05370  4.47842e-03
 25 -0.11455 -2.48096e-03 | 26 -0.00610  3.27448e-02 | 27 -0.02448  2.10647e-02
 28 -0.05080  2.69566e-02 | 29  0.05517  1.65797e-02 | 30 -0.00308  4.64495e-03
 31  0.03209 -1.46029e-03 | 32 -0.02283  1.54560e-04 | 33  0.04778 -4.85244e-03
 34  0.02845  1.10332e-04 | 35  0.04431  7.72006e-03 | 36  0.03206  3.48184e-03
 37  0.00334 -9.04088e-03 | 38 -0.00619 -3.44881e-02 | 39  0.01331 -1.61008e-02
 40  0.25817  1.66053e-01 | 41  0.24766  5.34395e-02 | 42  0.26579  2.18586e-02
 43  0.27563  2.77252e-02 | 44 -0.36129  8.97769e-02 | 45 -0.38989  1.34020e-04
 46 -0.01683  7.34445e-05 | 47 -0.71299 -9.98624e-04 | 48 -0.67532 -4.29730e-02
 49 -0.70393  4.72946e-02 | 50 -0.42082  9.90706e-03 | 51 -0.32470 -3.05993e-03
 52 -0.27611 -5.18313e-02 | 53 -1.53449  2.47712e-03 | 54 -0.11382 -6.04367e+01
 55 -0.17491  9.94946e+01 | 56  0.12379  3.92851e-03 | 57  0.11706 -1.98630e-02
 58 -0.23803 -5.85876e+01 | 59 -0.23892  1.41236e+00 |
59 variables; iteration 180; function evaluation 278; phase 4
Function value 2.0437106e+02; maximum gradient component mag -1.9522e+02
Var    Value     Gradient |Var    Value     Gradient |Var    Value     Gradient
  1  0.25429  1.25440e-03 |  2  0.14834  2.43286e-01 |  3 -0.10165 -1.30855e-03
  4  0.01469 -2.23360e-03 |  5 -0.02923 -2.48845e-03 |  6  0.02186 -3.52202e-03
  7 -0.02829  6.37457e-04 |  8 -0.08067 -2.40803e-03 |  9 -0.04374 -4.44935e-03
 10 -0.03264 -7.03200e-03 | 11  0.05564 -3.98059e-03 | 12  0.02800 -3.04711e-03
 13  0.05925  3.35056e-03 | 14  0.00459  1.87659e-03 | 15 -0.00369 -2.16052e-03
 16  0.06771  1.20101e-02 | 17  0.01872  1.28182e-02 | 18 -0.05217  6.03398e-03
 19 -0.01878  4.37441e-03 | 20 -0.03586  1.27666e-02 | 21  0.05998  9.89890e-03
 22  0.06489  1.94972e-03 | 23 -0.03808  5.67923e-03 | 24 -0.05373  2.39873e-02
 25 -0.11458  2.50844e-02 | 26 -0.00609  4.77796e-02 | 27 -0.02449  1.58191e-02
 28 -0.05083  9.60637e-03 | 29  0.05518 -1.80282e-02 | 30 -0.00307 -3.01972e-02
 31  0.03209 -3.01812e-02 | 32 -0.02282 -1.03587e-02 | 33  0.04779 -1.57577e-02
 34  0.02845  2.53020e-03 | 35  0.04431 -1.19155e-02 | 36  0.03206  5.41532e-03
 37  0.00334 -1.29295e-02 | 38 -0.00620 -4.35293e-02 | 39  0.01329  2.04527e-03
 40  0.25817  5.39859e-01 | 41  0.24766  5.76463e-02 | 42  0.26578  1.37283e-02
 43  0.27562  6.45479e-02 | 44 -0.37488 -6.93810e-02 | 45  0.06344 -1.80909e-03
 46  0.01139  2.64377e-04 | 47 -0.70999  7.53341e-04 | 48 -0.67544 -5.28271e-02
 49 -0.70404  5.80645e-02 | 50 -0.42085  2.07851e-02 | 51 -0.32472 -2.15057e-02
 52 -0.27204 -6.34002e-01 | 53 -2.01988 -4.83951e-03 | 54 -0.11389  8.91545e+01
 55 -0.17473 -1.95217e+02 | 56  0.12378 -6.26110e-03 | 57  0.11707 -5.06647e-03
 58 -0.23766  1.37396e+02 | 59 -0.23872 -5.30024e+01 |
59 variables; iteration 200; function evaluation 309; phase 4
Function value 2.0436789e+02; maximum gradient component mag -3.1739e+02
Var    Value     Gradient |Var    Value     Gradient |Var    Value     Gradient
  1  0.25432 -1.93582e-03 |  2  0.14834  8.40819e-02 |  3 -0.10165  4.58640e-05
  4  0.01469 -2.70606e-03 |  5 -0.02922 -2.19430e-03 |  6  0.02187 -1.05840e-03
  7 -0.02830 -1.64513e-03 |  8 -0.08067 -2.66272e-03 |  9 -0.04374 -6.35284e-04
 10 -0.03265 -1.79116e-03 | 11  0.05564  7.27297e-04 | 12  0.02800 -7.56557e-04
 13  0.05926 -6.69338e-03 | 14  0.00459 -2.92499e-03 | 15 -0.00370 -2.17700e-03
 16  0.06771 -7.25062e-03 | 17  0.01873 -4.72140e-03 | 18 -0.05216 -4.68835e-03
 19 -0.01877 -7.99003e-03 | 20 -0.03585 -5.13522e-03 | 21  0.05997 -4.28853e-03
 22  0.06488 -4.59672e-05 | 23 -0.03808 -4.00723e-03 | 24 -0.05375  3.19575e-03
 25 -0.11460  6.68412e-03 | 26 -0.00606 -1.49392e-02 | 27 -0.02448  1.36980e-02
 28 -0.05082  3.84900e-02 | 29  0.05519 -6.93359e-03 | 30 -0.00307 -2.52621e-02
 31  0.03209 -8.20725e-03 | 32 -0.02283 -9.85168e-03 | 33  0.04778 -3.37445e-03
 34  0.02845 -9.97962e-04 | 35  0.04430  1.82645e-03 | 36  0.03206  1.35055e-02
 37  0.00334  1.22712e-02 | 38 -0.00618  2.54036e-02 | 39  0.01330  1.37270e-02
 40  0.25820 -1.30040e-01 | 41  0.24767 -1.38848e-02 | 42  0.26579 -7.92685e-03
 43  0.27564 -1.00801e-02 | 44 -0.37041  1.54657e-04 | 45 -0.07605 -3.08504e-04
 46 -0.00596  1.59265e-04 | 47 -0.71080  1.09492e-04 | 48 -0.67500 -6.79610e-02
 49 -0.70364  7.52509e-02 | 50 -0.42085 -6.12067e-03 | 51 -0.32473  8.66249e-03
 52 -0.26669  2.45616e-01 | 53 -2.76296  1.78403e-03 | 54 -0.11403  1.54079e+02
 55 -0.17448 -3.17392e+02 | 56  0.12383  2.58160e-03 | 57  0.11707 -2.93351e-03
 58 -0.23708  2.16323e+02 | 59 -0.23838 -7.04175e+01 |
59 variables; iteration 220; function evaluation 329; phase 4
Function value 2.0436772e+02; maximum gradient component mag -1.5896e+00
Var    Value     Gradient |Var    Value     Gradient |Var    Value     Gradient
  1  0.25431  2.62168e-05 |  2  0.14834 -3.29308e-03 |  3 -0.10166  6.72176e-06
  4  0.01469  4.36888e-05 |  5 -0.02923  2.99248e-05 |  6  0.02186  3.20926e-05
  7 -0.02830  2.90979e-05 |  8 -0.08068  4.94074e-05 |  9 -0.04375  4.10206e-05
 10 -0.03265  8.49630e-05 | 11  0.05564  5.20586e-05 | 12  0.02800  4.26111e-05
 13  0.05925  8.58362e-05 | 14  0.00459  4.75039e-05 | 15 -0.00370  7.61506e-05
 16  0.06771  6.85758e-05 | 17  0.01872  4.04093e-05 | 18 -0.05217  7.46748e-05
 19 -0.01878  9.34474e-05 | 20 -0.03586  5.96311e-05 | 21  0.05998  5.35234e-05
 22  0.06490  4.22900e-05 | 23 -0.03809  6.50815e-05 | 24 -0.05371  3.88638e-05
 25 -0.11456 -2.35923e-05 | 26 -0.00610  1.30952e-04 | 27 -0.02448 -2.52043e-04
 28 -0.05081 -6.34065e-04 | 29  0.05517 -4.52921e-05 | 30 -0.00308  8.25632e-05
 31  0.03208  1.45196e-04 | 32 -0.02283  1.24699e-04 | 33  0.04778  8.12531e-05
 34  0.02845  3.80972e-05 | 35  0.04430  5.28917e-05 | 36  0.03206  2.16725e-05
 37  0.00334 -2.33050e-04 | 38 -0.00619 -6.04330e-04 | 39  0.01331  3.00080e-05
 40  0.25819 -4.44470e-04 | 41  0.24766  9.84863e-04 | 42  0.26579  8.15148e-05
 43  0.27563  1.24099e-04 | 44 -0.37239  8.39207e-05 | 45 -0.01341  2.34478e-06
 46 -0.03716  4.65554e-08 | 47 -0.71013  2.23633e-06 | 48 -0.67533  6.98438e-04
 49 -0.70394 -7.69200e-04 | 50 -0.42086  1.87354e-04 | 51 -0.32473 -2.11979e-04
 52 -0.26667  2.60280e-04 | 53 -2.77749 -2.66942e-07 | 54 -0.11410 -1.58965e+00
 55 -0.17442  1.50669e+00 | 56  0.12381 -7.08230e-05 | 57  0.11707  7.11465e-05
 58 -0.23689 -3.72941e-01 | 59 -0.23825 -1.13300e+00 |
59 variables; iteration 240; function evaluation 350; phase 4
Function value 2.0436772e+02; maximum gradient component mag 1.3666e+01
Var    Value     Gradient |Var    Value     Gradient |Var    Value     Gradient
  1  0.25431 -1.04388e-03 |  2  0.14834  9.14652e-02 |  3 -0.10166  2.15311e-05
  4  0.01469  4.16830e-05 |  5 -0.02923 -7.38727e-05 |  6  0.02186 -3.99738e-05
  7 -0.02831 -1.77465e-03 |  8 -0.08068 -1.40819e-03 |  9 -0.04375 -1.41177e-03
 10 -0.03265 -9.27946e-04 | 11  0.05564 -1.29305e-03 | 12  0.02800 -1.17248e-03
 13  0.05925 -7.58769e-04 | 14  0.00459 -1.05664e-03 | 15 -0.00369 -8.50764e-04
 16  0.06771 -5.87166e-04 | 17  0.01872 -8.50763e-04 | 18 -0.05217 -9.61457e-04
 19 -0.01878 -7.21961e-04 | 20 -0.03586 -5.45162e-04 | 21  0.05998  5.69550e-05
 22  0.06490  1.22247e-03 | 23 -0.03809 -6.58269e-04 | 24 -0.05371  2.89180e-03
 25 -0.11456  3.44678e-03 | 26 -0.00610 -4.74240e-03 | 27 -0.02448  1.91923e-05
 28 -0.05081  2.06967e-03 | 29  0.05517  2.40759e-03 | 30 -0.00308  1.37496e-02
 31  0.03208  7.18563e-03 | 32 -0.02283  2.70892e-03 | 33  0.04778  1.65878e-03
 34  0.02845 -9.37963e-04 | 35  0.04430 -1.67897e-03 | 36  0.03206 -1.12797e-02
 37  0.00334  7.94674e-04 | 38 -0.00619  7.01312e-03 | 39  0.01331 -1.17415e-02
 40  0.25819  3.68838e-02 | 41  0.24766 -4.85244e-02 | 42  0.26579 -1.30118e-03
 43  0.27563 -9.23629e-04 | 44 -0.37242  1.20655e-03 | 45 -0.01264  4.16313e-05
 46 -0.03821 -5.71928e-06 | 47 -0.71014 -1.48232e-05 | 48 -0.67532  1.27462e-02
 49 -0.70393 -1.40262e-02 | 50 -0.42086  1.59387e-03 | 51 -0.32473 -1.90220e-03
 52 -0.26667 -1.47176e-02 | 53 -2.77796 -7.95729e-05 | 54 -0.11488  1.36662e+01
 55 -0.17439 -1.26854e+01 | 56  0.12381 -4.26997e-04 | 57  0.11707  1.08976e-03
 58 -0.23602  2.89797e+00 | 59 -0.23741  1.00396e+01 |
59 variables; iteration 260; function evaluation 372; phase 4
Function value 2.0436771e+02; maximum gradient component mag 1.2190e+01
Var    Value     Gradient |Var    Value     Gradient |Var    Value     Gradient
  1  0.25431 -1.02153e-03 |  2  0.14834  6.95045e-02 |  3 -0.10166  1.31655e-04
  4  0.01469  6.65834e-04 |  5 -0.02923  3.05548e-04 |  6  0.02186  4.44007e-04
  7 -0.02831 -1.47710e-03 |  8 -0.08068 -1.06766e-03 |  9 -0.04375 -1.06395e-03
 10 -0.03265 -2.36903e-04 | 11  0.05564 -7.33799e-04 | 12  0.02800 -9.05397e-04
 13  0.05925 -2.50022e-04 | 14  0.00459 -7.64354e-04 | 15 -0.00369 -2.64327e-04
 16  0.06771 -3.21621e-04 | 17  0.01872 -6.96072e-04 | 18 -0.05217 -3.84126e-04
 19 -0.01878  9.19852e-05 | 20 -0.03586 -1.77066e-04 | 21  0.05998  3.70073e-04
 22  0.06490  2.25679e-03 | 23 -0.03809 -2.68116e-04 | 24 -0.05371  4.99973e-03
 25 -0.11456  4.86383e-03 | 26 -0.00610 -5.75892e-03 | 27 -0.02448 -1.55047e-03
 28 -0.05081 -1.54476e-03 | 29  0.05517  1.59160e-04 | 30 -0.00308  1.27830e-02
 31  0.03208  8.74292e-03 | 32 -0.02283  4.03188e-03 | 33  0.04778  2.42437e-03
 34  0.02845 -8.01516e-04 | 35  0.04430 -9.59202e-04 | 36  0.03206 -1.03883e-02
 37  0.00334 -1.36993e-03 | 38 -0.00619  1.24071e-03 | 39  0.01331 -1.16453e-02
 40  0.25819  1.48392e-02 | 41  0.24766 -4.01242e-02 | 42  0.26579 -5.86212e-04
 43  0.27563 -7.34309e-04 | 44 -0.37239  2.85178e-03 | 45 -0.01352  8.92866e-05
 46 -0.03840 -6.58781e-06 | 47 -0.71013 -1.09841e-05 | 48 -0.67532  2.23323e-02
 49 -0.70393 -2.45727e-02 | 50 -0.42085  3.89654e-03 | 51 -0.32472 -4.25403e-03
 52 -0.26667 -6.30242e-03 | 53 -2.77767 -3.32593e-05 | 54 -0.11669  1.21904e+01
 55 -0.17385 -1.13735e+01 | 56  0.12381 -1.00232e-03 | 57  0.11707  1.52173e-03
 58 -0.23319  2.64269e+00 | 59 -0.23509  8.92080e+00 |
59 variables; iteration 280; function evaluation 396; phase 4
Function value 2.0436770e+02; maximum gradient component mag -6.2678e+00
Var    Value     Gradient |Var    Value     Gradient |Var    Value     Gradient
  1  0.25432 -7.44111e-04 |  2  0.14834  4.45307e-02 |  3 -0.10166 -2.09285e-05
  4  0.01469  2.22394e-05 |  5 -0.02923 -6.42390e-05 |  6  0.02186 -5.46486e-05
  7 -0.02830 -4.98621e-04 |  8 -0.08068 -6.02325e-04 |  9 -0.04375 -6.15638e-04
 10 -0.03265 -7.56520e-04 | 11  0.05564 -6.39539e-04 | 12  0.02800 -5.94500e-04
 13  0.05925 -6.86903e-04 | 14  0.00459 -5.23953e-04 | 15 -0.00369 -7.25764e-04
 16  0.06771 -5.86505e-04 | 17  0.01872 -4.22591e-04 | 18 -0.05217 -4.96833e-04
 19 -0.01878 -4.17960e-04 | 20 -0.03586 -2.36131e-04 | 21  0.05998  2.02227e-04
 22  0.06490  2.53795e-03 | 23 -0.03809 -3.21059e-04 | 24 -0.05371  6.45218e-03
 25 -0.11456  7.61690e-03 | 26 -0.00610 -4.77226e-03 | 27 -0.02448  5.92339e-03
 28 -0.05081  1.36662e-02 | 29  0.05517 -5.29578e-03 | 30 -0.00308 -7.83677e-03
 31  0.03209 -2.37599e-03 | 32 -0.02283 -1.48823e-03 | 33  0.04778 -1.33418e-03
 34  0.02845 -7.56640e-04 | 35  0.04430 -9.03434e-04 | 36  0.03206  7.25504e-04
 37  0.00334 -1.60856e-03 | 38 -0.00619 -3.41947e-03 | 39  0.01330  8.00718e-04
 40  0.25819  2.69036e-04 | 41  0.24766 -1.52942e-03 | 42  0.26579  1.92102e-04
 43  0.27563 -3.14078e-04 | 44 -0.37240 -1.35339e-04 | 45 -0.01315 -3.32140e-06
 46 -0.03732 -1.18044e-06 | 47 -0.71016 -1.17251e-05 | 48 -0.67534  9.60610e-05
 49 -0.70395 -1.12767e-04 | 50 -0.42086 -4.43831e-04 | 51 -0.32473  3.88490e-04
 52 -0.26667 -8.08370e-04 | 53 -2.77740  2.29536e-06 | 54 -0.11870  1.46874e+00
 55 -0.17155 -6.26780e+00 | 56  0.12381  3.22518e-04 | 57  0.11707 -5.37138e-04
 58 -0.22714  5.50231e+00 | 59 -0.23120 -4.09375e+00 |
59 variables; iteration 300; function evaluation 420; phase 4
Function value 2.0436767e+02; maximum gradient component mag -3.6485e+00
Var    Value     Gradient |Var    Value     Gradient |Var    Value     Gradient
  1  0.25430 -1.78846e-04 |  2  0.14834 -2.56369e-02 |  3 -0.10166  1.01726e-04
  4  0.01469  3.59502e-04 |  5 -0.02923 -1.99636e-04 |  6  0.02186  4.60601e-05
  7 -0.02831  9.63808e-05 |  8 -0.08068  2.28534e-04 |  9 -0.04375  3.65417e-04
 10 -0.03265  9.46970e-04 | 11  0.05564  7.25247e-04 | 12  0.02800  6.47219e-04
 13  0.05925  7.71779e-04 | 14  0.00459  8.60511e-04 | 15 -0.00370  8.71339e-04
 16  0.06771  1.02885e-03 | 17  0.01872  1.09638e-03 | 18 -0.05217  9.51336e-04
 19 -0.01878  1.59702e-03 | 20 -0.03586  2.00221e-03 | 21  0.05998  4.14947e-03
 22  0.06490  1.23066e-02 | 23 -0.03809  1.51520e-03 | 24 -0.05371  2.55225e-02
 25 -0.11455  2.87862e-02 | 26 -0.00610 -1.76747e-02 | 27 -0.02448  1.61922e-02
 28 -0.05081  3.74033e-02 | 29  0.05517 -3.04862e-02 | 30 -0.00308 -4.44723e-02
 31  0.03208 -1.61827e-02 | 32 -0.02283 -6.56495e-03 | 33  0.04778 -6.01132e-03
 34  0.02845 -1.31175e-03 | 35  0.04430 -3.16461e-03 | 36  0.03206  1.15493e-02
 37  0.00334 -1.20010e-02 | 38 -0.00619 -3.00636e-02 | 39  0.01331  1.77426e-02
 40  0.25820  2.43986e-02 | 41  0.24766  5.80220e-02 | 42  0.26579 -7.47879e-04
 43  0.27563 -3.79559e-04 | 44 -0.37240 -4.55867e-04 | 45 -0.01311 -1.32415e-05
 46 -0.03820 -5.65460e-06 | 47 -0.71014 -1.44693e-05 | 48 -0.67530  7.48668e-03
 49 -0.70392 -8.20905e-03 | 50 -0.42086  2.09277e-03 | 51 -0.32473 -2.30130e-03
 52 -0.26666 -1.16270e-02 | 53 -2.77789 -6.52644e-05 | 54 -0.11964  1.79219e+00
 55 -0.16362 -3.64850e+00 | 56  0.12381 -5.74631e-04 | 57  0.11707  7.37181e-04
 58 -0.21265  2.48552e+00 | 59 -0.22415 -7.58806e-01 |
59 variables; iteration 320; function evaluation 441; phase 4
Function value 2.0436760e+02; maximum gradient component mag -5.0946e-01
Var    Value     Gradient |Var    Value     Gradient |Var    Value     Gradient
  1  0.25432  1.01316e-03 |  2  0.14834 -7.08576e-02 |  3 -0.10166  5.76407e-05
  4  0.01469  2.40807e-04 |  5 -0.02923 -1.43880e-04 |  6  0.02186  1.71861e-05
  7 -0.02830  7.81894e-04 |  8 -0.08068  9.28664e-04 |  9 -0.04375  9.95516e-04
 10 -0.03265  1.46230e-03 | 11  0.05564  1.30391e-03 | 12  0.02800  1.30198e-03
 13  0.05925  1.70467e-03 | 14  0.00459  1.61118e-03 | 15 -0.00369  1.63528e-03
 16  0.06771  2.10357e-03 | 17  0.01872  2.04982e-03 | 18 -0.05217  1.73521e-03
 19 -0.01878  1.84787e-03 | 20 -0.03586  2.26368e-03 | 21  0.05998  2.25292e-03
 22  0.06490  1.91609e-03 | 23 -0.03809  1.77609e-03 | 24 -0.05371  1.61414e-03
 25 -0.11456  1.15241e-03 | 26 -0.00610 -1.06656e-03 | 27 -0.02448 -2.34565e-03
 28 -0.05081 -5.72999e-03 | 29  0.05517 -3.68832e-03 | 30 -0.00308 -1.00444e-03
 31  0.03209 -7.16065e-04 | 32 -0.02283  7.68636e-04 | 33  0.04778  5.31413e-05
 34  0.02845  5.65067e-04 | 35  0.04430 -1.17917e-03 | 36  0.03206 -1.35786e-03
 37  0.00334 -4.65002e-03 | 38 -0.00619 -1.09008e-02 | 39  0.01330  9.28446e-04
 40  0.25819  4.60129e-02 | 41  0.24766  3.00400e-03 | 42  0.26579 -1.30101e-03
 43  0.27563 -5.39053e-04 | 44 -0.37242  4.31830e-04 | 45 -0.01243  1.81848e-05
 46 -0.03887 -9.62347e-06 | 47 -0.71017 -3.59233e-05 | 48 -0.67530  1.88541e-02
 49 -0.70392 -2.07364e-02 | 50 -0.42086  1.93382e-03 | 51 -0.32472 -2.22165e-03
 52 -0.26667 -1.71073e-02 | 53 -2.77802 -9.15281e-05 | 54 -0.11509 -5.09461e-01
 55 -0.13882  3.93606e-01 | 56  0.12381 -5.40284e-04 | 57  0.11707  8.34834e-04
 58 -0.17537 -1.89531e-02 | 59 -0.20989 -4.72767e-01 |

Function minimizer: Step size too small -- ialph=1

 - final statistics:
59 variables; iteration 330; function evaluation 451
Function value 2.0437e+02; maximum gradient component mag -6.8207e-02
Exit code = 3;  converg criter 1.0000e-04
Var    Value     Gradient |Var    Value     Gradient |Var    Value     Gradient
  1  0.25431 -2.07840e-07 |  2  0.14834 -8.21541e-06 |  3 -0.10166  2.48736e-08
  4  0.01469  1.01865e-07 |  5 -0.02923  1.86858e-07 |  6  0.02186  4.66589e-08
  7 -0.02830  1.21783e-07 |  8 -0.08068  2.18848e-07 |  9 -0.04375  1.08032e-07
 10 -0.03265  1.56460e-07 | 11  0.05564  4.78304e-08 | 12  0.02800  1.17158e-07
 13  0.05925  4.14311e-07 | 14  0.00459  2.35138e-07 | 15 -0.00370  2.43728e-07
 16  0.06771  3.95626e-07 | 17  0.01872  3.89240e-07 | 18 -0.05217  4.06823e-07
 19 -0.01878  5.95578e-07 | 20 -0.03586  5.50742e-07 | 21  0.05998  5.79593e-07
 22  0.06490  1.24541e-06 | 23 -0.03809  5.29240e-07 | 24 -0.05371  2.05468e-06
 25 -0.11456  2.12428e-06 | 26 -0.00610 -1.52031e-07 | 27 -0.02448  4.38014e-08
 28 -0.05081 -3.73071e-07 | 29  0.05517 -1.26232e-06 | 30 -0.00308  7.58970e-07
 31  0.03208  7.81895e-07 | 32 -0.02283  8.32723e-07 | 33  0.04778  3.13006e-07
 34  0.02845  6.95652e-08 | 35  0.04430 -6.72460e-08 | 36  0.03206 -1.48696e-06
 37  0.00334 -2.40386e-06 | 38 -0.00619 -5.84385e-06 | 39  0.01331 -1.71425e-06
 40  0.25819  5.59096e-06 | 41  0.24766 -2.51499e-06 | 42  0.26579  4.89277e-07
 43  0.27563  3.43992e-07 | 44 -0.37239  1.03475e-06 | 45 -0.01335  2.94524e-08
 46 -0.03715 -8.01178e-09 | 47 -0.71014 -6.93987e-09 | 48 -0.67533  2.81633e-05
 49 -0.70394 -3.09343e-05 | 50 -0.42086 -5.56903e-06 | 51 -0.32473  4.33128e-06
 52 -0.26667 -1.46067e-05 | 53 -2.77747  7.66343e-08 | 54 -0.11503  6.38358e-02
 55 -0.13847 -6.82072e-02 | 56  0.12381 -1.03303e-07 | 57  0.11707  1.10965e-07
 58 -0.17485  2.34605e-02 | 59 -0.20969  3.69476e-02 |
Estimating row 1 out of 59 for hessian
Estimating row 2 out of 59 for hessian
Estimating row 3 out of 59 for hessian
Estimating row 4 out of 59 for hessian
Estimating row 5 out of 59 for hessian
Estimating row 6 out of 59 for hessian
Estimating row 7 out of 59 for hessian
Estimating row 8 out of 59 for hessian
Estimating row 9 out of 59 for hessian
Estimating row 10 out of 59 for hessian
Estimating row 11 out of 59 for hessian
Estimating row 12 out of 59 for hessian
Estimating row 13 out of 59 for hessian
Estimating row 14 out of 59 for hessian
Estimating row 15 out of 59 for hessian
Estimating row 16 out of 59 for hessian
Estimating row 17 out of 59 for hessian
Estimating row 18 out of 59 for hessian
Estimating row 19 out of 59 for hessian
Estimating row 20 out of 59 for hessian
Estimating row 21 out of 59 for hessian
Estimating row 22 out of 59 for hessian
Estimating row 23 out of 59 for hessian
Estimating row 24 out of 59 for hessian
Estimating row 25 out of 59 for hessian
Estimating row 26 out of 59 for hessian
Estimating row 27 out of 59 for hessian
Estimating row 28 out of 59 for hessian
Estimating row 29 out of 59 for hessian
Estimating row 30 out of 59 for hessian
Estimating row 31 out of 59 for hessian
Estimating row 32 out of 59 for hessian
Estimating row 33 out of 59 for hessian
Estimating row 34 out of 59 for hessian
Estimating row 35 out of 59 for hessian
Estimating row 36 out of 59 for hessian
Estimating row 37 out of 59 for hessian
Estimating row 38 out of 59 for hessian
Estimating row 39 out of 59 for hessian
Estimating row 40 out of 59 for hessian
Estimating row 41 out of 59 for hessian
Estimating row 42 out of 59 for hessian
Estimating row 43 out of 59 for hessian
Estimating row 44 out of 59 for hessian
Estimating row 45 out of 59 for hessian
Estimating row 46 out of 59 for hessian
Estimating row 47 out of 59 for hessian
Estimating row 48 out of 59 for hessian
Estimating row 49 out of 59 for hessian
Estimating row 50 out of 59 for hessian
Estimating row 51 out of 59 for hessian
Estimating row 52 out of 59 for hessian
Estimating row 53 out of 59 for hessian
Estimating row 54 out of 59 for hessian
Estimating row 55 out of 59 for hessian
Estimating row 56 out of 59 for hessian
Estimating row 57 out of 59 for hessian
Estimating row 58 out of 59 for hessian
Estimating row 59 out of 59 for hessian
size of file gradfil1.tmp = 0
size of file gradfil2.tmp = 0
size of file varssave.tmp = 0
size of file cmpdiff.tmp = 0
