
Initial statistics: 3 variables; iteration 0; function evaluation 0; phase 1
Function value 4.5980257e+03; maximum gradient component mag 3.2732e+04
Var    Value     Gradient |Var    Value     Gradient |Var    Value     Gradient
  1  0.04247 -1.17882e+03 |  2  0.39650  3.27315e+04 |  3  0.21635  1.40521e+04

 - final statistics:
3 variables; iteration 11; function evaluation 22
Function value 6.4523e+02; maximum gradient component mag -6.0785e+00
Exit code = 1;  converg criter 1.0000e+01
Var    Value     Gradient |Var    Value     Gradient |Var    Value     Gradient
  1  0.18182  4.50186e-02 |  2  0.20065 -6.07851e+00 |  3  0.19371 -1.55338e+00

Initial statistics: 54 variables; iteration 0; function evaluation 0; phase 2
Function value 6.4523432e+02; maximum gradient component mag 2.6818e+03
Var    Value     Gradient |Var    Value     Gradient |Var    Value     Gradient
  1  0.18182  4.50186e-02 |  2  0.20065 -6.07851e+00 |  3  0.00000  2.55393e+01
  4  0.00000 -1.17885e+02 |  5  0.00000  3.85844e+01 |  6  0.00000 -7.35670e+01
  7  0.00000 -3.54842e+01 |  8  0.00000  4.55407e+01 |  9  0.00000  8.14662e-01
 10  0.00000  6.04612e+00 | 11  0.00000 -7.56203e+01 | 12  0.00000  1.24573e+01
 13  0.00000 -4.80163e+01 | 14  0.00000 -7.64992e+00 | 15  0.00000 -1.06378e+01
 16  0.00000 -8.16649e+01 | 17  0.00000  1.07533e+01 | 18  0.00000  9.94640e+01
 19  0.00000  1.87204e+01 | 20  0.00000  5.01600e+01 | 21  0.00000 -1.33908e+02
 22  0.00000 -1.50956e+02 | 23  0.00000  5.25495e+01 | 24  0.00000  2.85484e+01
 25  0.00000  2.26838e+02 | 26  0.00000 -2.28918e+01 | 27  0.00000 -1.01428e+01
 28  0.00000  4.30447e+01 | 29  0.00000 -2.17749e+02 | 30  0.00000  1.17752e+02
 31  0.00000 -2.76118e+02 | 32  0.00000  2.49545e+02 | 33  0.00000 -2.97995e+02
 34  0.00000  5.94293e+01 | 35  0.00000 -2.25654e+02 | 36  0.00000  4.66358e+01
 37  0.00000  2.20698e+02 | 38  0.00000  6.46600e+01 | 39  0.00000  2.40831e+02
 40  0.21635  3.84392e+02 | 41  0.21635  2.68179e+03 | 42  0.21635 -5.76155e+02
 43  0.19371 -1.55338e+00 | 44 -1.00000 -1.08293e-07 | 45  0.00000  3.46214e-05
 46  0.00000  1.96037e-01 | 47 -0.53989  4.13372e+00 | 48 -1.00000 -1.08293e-07
 49 -0.53989  1.34710e+01 | 50 -1.00000 -1.08293e-07 | 51 -0.53989  4.20692e+00
 52 -0.32288 -4.39011e+01 | 53  0.21635 -1.35228e+00 | 54 -0.17585 -7.48942e+02

Intermediate statistics: 54 variables; iteration 20; function evaluation 37; phase 2
Function value 3.0173971e+02; maximum gradient component mag -4.8766e+03
Var    Value     Gradient |Var    Value     Gradient |Var    Value     Gradient
  1  1.64352  5.97337e+01 |  2  0.32866 -8.10117e+02 |  3 -0.07570 -2.09143e+01
  4  0.32052  9.49193e+01 |  5  0.18047  3.21559e+00 |  6  0.22351  5.53848e+01
  7  0.14774  1.14461e+02 |  8  0.02009  5.23100e+01 |  9  0.02323  6.58494e+01
 10  0.06758  9.64753e+01 | 11  0.14972  1.43507e+02 | 12  0.06632  9.47026e+01
 13  0.06743  9.83246e+01 | 14  0.02827  7.10982e+01 | 15  0.04890  1.00558e+02
 16  0.05254  6.78993e+01 | 17 -0.02705  4.57815e+01 | 18 -0.09551  3.53470e+01
 19 -0.02007  1.06419e+02 | 20 -0.05093  3.74002e+01 | 21  0.07942  1.00247e+02
 22  0.06538  5.72045e+01 | 23 -0.02386  7.00728e+01 | 24 -0.02518  4.36418e+01
 25 -0.10834  9.40717e+01 | 26 -0.02811  8.94668e+01 | 27 -0.00417  9.41072e+01
 28 -0.02105  9.91266e+01 | 29  0.00794  1.23733e+02 | 30 -0.03410  8.94004e+01
 31  0.00384 -3.96779e+01 | 32 -0.06506  6.53298e+01 | 33  0.02201  5.90924e+01
 34 -0.06646 -9.09210e+01 | 35 -0.01530 -3.38905e+01 | 36 -0.04040  8.76617e+01
 37 -0.04565  2.42281e+02 | 38 -0.03856  1.67392e+02 | 39 -0.06994  1.02185e+02
 40  0.12725 -4.87661e+03 | 41  0.14960  2.04712e+03 | 42  0.16265  1.70808e+02
 43  0.15185  9.35779e+02 | 44 -1.26193  5.13607e-03 | 45 -0.00000  1.07332e-03
 46 -0.00538  1.65213e-02 | 47 -0.65549  4.72542e-01 | 48 -1.42781  5.42179e+02
 49 -0.49974  5.33517e+02 | 50 -1.22828  5.38724e+01 | 51 -0.54166  2.76916e+01
 52 -0.49254  1.77989e+01 | 53  0.22186  3.14849e+00 | 54 -0.09986 -2.98981e+02
54 variables; iteration 40; function evaluation 62; phase 2
Function value 2.6518645e+02; maximum gradient component mag -5.1606e+03
Var    Value     Gradient |Var    Value     Gradient |Var    Value     Gradient
  1  1.56923  2.43523e+01 |  2  0.31909 -1.85149e+03 |  3 -0.13846 -2.97325e+01
  4  0.19051  8.67794e+01 |  5  0.05037 -5.14790e+01 |  6  0.15355  6.66717e+01
  7  0.08641  1.08206e+02 |  8 -0.05031  2.43319e+01 |  9 -0.04325  4.73303e+01
 10 -0.00513  7.07083e+01 | 11  0.07011  1.17058e+02 | 12 -0.02469  3.09814e+01
 13  0.02828  7.33753e+01 | 14  0.02595  5.47775e+01 | 15  0.04640  7.53569e+01
 16  0.07627  6.72483e+01 | 17 -0.01326  1.97505e+01 | 18 -0.06896  2.70210e+01
 19  0.00760  9.33766e+01 | 20 -0.04674 -9.40527e+00 | 21  0.10173  6.94642e+01
 22  0.08751  2.42296e+01 | 23 -0.00463  4.85107e+01 | 24 -0.01726 -1.78237e+01
 25 -0.12833  8.49220e+00 | 26 -0.02039  6.95469e+01 | 27  0.00836  6.89913e+01
 28  0.01380  9.50066e+01 | 29  0.06400  2.35785e+02 | 30 -0.01785 -1.63390e+01
 31  0.03634 -2.29302e+01 | 32 -0.06529 -6.39282e+01 | 33  0.06935  1.10210e+02
 34 -0.03158 -1.18552e+02 | 35  0.01932 -3.66699e+01 | 36 -0.01352  6.04607e+01
 37 -0.03251  1.80324e+02 | 38 -0.02897  1.27922e+02 | 39 -0.08520 -2.73990e+00
 40  0.12579 -5.16064e+03 | 41  0.14193  8.66247e+02 | 42  0.16240  1.58322e+02
 43  0.14471  2.56942e+02 | 44 -1.53540 -2.53485e+00 | 45 -0.21178  3.19518e-01
 46 -0.22794  6.11730e-03 | 47 -1.33774 -2.34089e-01 | 48 -1.39186  5.32757e+02
 49 -0.56299  4.99036e+02 | 50 -1.02531 -2.03283e+02 | 51 -0.95767 -1.21611e+02
 52 -0.49117  5.33842e+00 | 53 -0.11207  1.32087e+00 | 54 -0.09641 -5.35960e+01
54 variables; iteration 60; function evaluation 92; phase 2
Function value 1.6016298e+02; maximum gradient component mag -1.1147e+03
Var    Value     Gradient |Var    Value     Gradient |Var    Value     Gradient
  1  1.49633  1.88264e+00 |  2  0.22639 -8.74480e+02 |  3 -0.04692  1.07824e+00
  4  0.05166  1.13232e+01 |  5 -0.00929 -4.84050e+00 |  6  0.05931 -3.63224e+00
  7  0.03941  6.55994e+00 |  8 -0.01873  1.24256e+01 |  9  0.00068  1.06184e+01
 10  0.01271 -6.05917e+00 | 11  0.08990  3.07449e+01 | 12  0.01663  3.86993e+00
 13  0.01703 -1.78821e+01 | 14  0.01031  1.07752e+01 | 15  0.01569  1.90577e+00
 16  0.04422 -5.32168e+00 | 17 -0.02146 -1.43852e+01 | 18 -0.07781 -1.74242e+01
 19 -0.01354 -1.87012e+01 | 20 -0.03180 -3.34538e+00 | 21  0.09921  2.86300e+01
 22  0.10696  4.43222e+01 | 23 -0.00377  1.83929e+01 | 24 -0.00330 -2.81819e+01
 25 -0.12026 -3.36606e+01 | 26 -0.01460  7.78518e+00 | 27 -0.00123  9.73766e-01
 28 -0.02229 -3.10302e+01 | 29  0.01196 -2.68434e+01 | 30 -0.02196 -1.30536e+01
 31  0.04987 -1.85002e+01 | 32 -0.03067 -1.10450e+01 | 33  0.05047 -1.36073e+01
 34  0.00091 -4.02393e+01 | 35  0.03049 -3.55396e+01 | 36 -0.02838 -2.81457e+01
 37 -0.07702 -1.60522e+01 | 38 -0.05076 -2.69697e+01 | 39 -0.06523 -1.01585e+01
 40  0.19036 -1.11468e+03 | 41  0.18479 -2.04968e+02 | 42  0.21186 -4.18771e+01
 43  0.19703 -2.84397e+02 | 44 -1.55224 -1.58000e-01 | 45 -1.15320  5.26792e-03
 46 -3.12255  3.79703e-02 | 47 -1.39734 -2.56506e+00 | 48 -1.18725 -4.36261e+02
 49 -0.82459 -4.66144e+02 | 50 -0.66807 -8.90290e+01 | 51 -1.59512 -6.04114e+01
 52 -0.49671  5.52156e+00 | 53  0.34480  8.40917e-01 | 54 -0.06003 -3.25901e+01
Maximum number of function evaluations exceeded

 - final statistics:
54 variables; iteration 67; function evaluation 100
Function value 1.4604e+02; maximum gradient component mag -2.5060e+02
Exit code = 3;  converg criter 1.0000e+01
Var    Value     Gradient |Var    Value     Gradient |Var    Value     Gradient
  1  1.55819 -1.63964e+01 |  2  0.18202 -2.50600e+02 |  3 -0.04943  1.96327e+00
  4  0.04233 -3.62379e+00 |  5 -0.00439  7.65869e+00 |  6  0.05205 -4.07995e+00
  7  0.02187  1.80615e+00 |  8 -0.03881  3.71969e+00 |  9 -0.01580 -1.52544e+00
 10  0.00875  7.45346e+00 | 11  0.07060 -1.82394e+00 | 12  0.02970  7.53772e+00
 13  0.05152  1.16122e+01 | 14  0.00721  2.78394e-01 | 15  0.01858  9.89706e+00
 16  0.05526  3.95644e+00 | 17 -0.00242  2.56288e+00 | 18 -0.05889  8.64162e+00
 19 -0.00375  4.84178e+00 | 20 -0.03980  1.09066e+00 | 21  0.07317 -1.87296e+00
 22  0.07372 -3.57064e+00 | 23 -0.02966  1.05683e+00 | 24  0.00089 -1.47186e-01
 25 -0.09845  7.75471e+00 | 26 -0.01611  4.53072e+00 | 27 -0.00034  1.30642e+01
 28 -0.01530 -4.06471e+00 | 29  0.01555 -8.42928e+00 | 30 -0.02452 -5.42528e+00
 31  0.04515  1.12817e+01 | 32 -0.03332 -4.94238e+00 | 33  0.04311  1.33878e+01
 34  0.00965  9.24197e+00 | 35  0.03861 -1.46126e+00 | 36 -0.01262 -1.22841e+01
 37 -0.06192 -3.38500e+01 | 38 -0.03755 -5.02866e+01 | 39 -0.07400  1.45308e+01
 40  0.22102  8.40958e+01 | 41  0.21257 -7.09325e+01 | 42  0.24374 -9.37676e+00
 43  0.23677 -6.95545e+01 | 44 -1.55698 -7.40498e-03 | 45 -1.17177  1.06311e-02
 46 -2.44805 -2.67078e-03 | 47 -1.17060  1.14277e-02 | 48 -1.12577 -6.79303e+01
 49 -0.88226 -7.26259e+01 | 50 -0.80915 -2.30731e+02 | 51 -1.31046 -1.40068e+02
 52 -0.43089 -1.70860e-01 | 53 -0.35409 -3.38060e-02 | 54 -0.01139 -9.37827e+00

Initial statistics: 57 variables; iteration 0; function evaluation 0; phase 3
Function value 1.4604062e+02; maximum gradient component mag -8.9344e+02
Var    Value     Gradient |Var    Value     Gradient |Var    Value     Gradient
  1  0.44181  1.63964e+01 |  2  0.18202 -2.50600e+02 |  3 -0.04943  1.96327e+00
  4  0.04233 -3.62379e+00 |  5 -0.00439  7.65869e+00 |  6  0.05205 -4.07995e+00
  7  0.02187  1.54523e+00 |  8 -0.03882  3.45910e+00 |  9 -0.01580 -1.78644e+00
 10  0.00874  7.19241e+00 | 11  0.07059 -2.08342e+00 | 12  0.02969  7.27693e+00
 13  0.05151  1.13520e+01 | 14  0.00721  1.73312e-02 | 15  0.01857  9.63610e+00
 16  0.05525  3.69635e+00 | 17 -0.00243  2.30181e+00 | 18 -0.05890  8.38164e+00
 19 -0.00375  4.58071e+00 | 20 -0.03981  8.30087e-01 | 21  0.07316 -2.13232e+00
 22  0.07371 -3.82998e+00 | 23 -0.02967  7.96029e-01 | 24  0.00088 -4.08266e-01
 25 -0.09846  7.49673e+00 | 26 -0.01611  4.26972e+00 | 27 -0.00035  1.28031e+01
 28 -0.01530 -4.32571e+00 | 29  0.01554 -8.69029e+00 | 30 -0.02453 -5.68617e+00
 31  0.04514  1.10213e+01 | 32 -0.03332 -5.20310e+00 | 33  0.04311  1.31273e+01
 34  0.00964  8.98092e+00 | 35  0.03860 -1.72186e+00 | 36 -0.01263 -1.25451e+01
 37 -0.06193 -3.41098e+01 | 38 -0.03756 -5.05471e+01 | 39 -0.07400  1.42714e+01
 40  0.22102  8.40958e+01 | 41  0.21257 -7.09325e+01 | 42  0.24374 -9.37676e+00
 43  0.23677 -6.95545e+01 | 44 -0.44302  7.40498e-03 | 45 -0.82823 -1.06311e-02
 46  0.44805  2.67078e-03 | 47 -0.82940 -1.14277e-02 | 48 -0.87423  6.79303e+01
 49 -0.88226 -7.26259e+01 | 50 -0.80915 -2.30731e+02 | 51 -0.68954  1.40068e+02
 52 -0.43089 -1.70860e-01 | 53 -0.35409 -3.38060e-02 | 54 -0.17585 -8.93437e+02
 55 -0.12819 -3.72401e+02 | 56 -0.01139 -9.37827e+00 | 57  0.05795 -4.50925e+01

Intermediate statistics: 57 variables; iteration 20; function evaluation 26; phase 3
Function value 1.1089033e+02; maximum gradient component mag -1.6270e+03
Var    Value     Gradient |Var    Value     Gradient |Var    Value     Gradient
  1  0.34202  2.18211e+01 |  2  0.16782 -1.62700e+03 |  3 -0.07805 -1.22974e+00
  4  0.01785 -1.82589e+00 |  5 -0.02916 -2.24442e+00 |  6  0.03417 -1.59969e+00
  7  0.00224  2.11705e+01 |  8 -0.05279  2.20561e+01 |  9 -0.02086  2.25762e+01
 10 -0.00129  2.28646e+01 | 11  0.06998  2.09707e+01 | 12  0.02664  1.78680e+01
 13  0.05223  1.58198e+01 | 14  0.00922  1.51736e+01 | 15  0.01069  1.73469e+01
 16  0.06110  7.46007e+00 | 17  0.00380  8.95571e+00 | 18 -0.06688  1.19309e+01
 19 -0.01917  1.51376e+01 | 20 -0.03797  2.26959e+00 | 21  0.05861  1.75984e+01
 22  0.06348  1.29080e+01 | 23 -0.03603  9.49141e+00 | 24 -0.01414  1.88874e+01
 25 -0.11653  1.24034e+01 | 26 -0.01834  8.67265e+00 | 27 -0.02137  1.53230e+01
 28 -0.02149  6.13153e+00 | 29  0.03131 -1.53983e+01 | 30 -0.02179 -3.63445e+01
 31  0.05479 -1.78136e+01 | 32 -0.02860  2.60359e+01 | 33  0.05787 -3.28300e+01
 34  0.02541  6.61130e+00 | 35  0.04492 -7.68030e+01 | 36 -0.00052 -8.47706e+01
 37 -0.04435 -8.29924e+01 | 38 -0.01864 -1.27260e+02 | 39 -0.03363  4.88070e+01
 40  0.22596 -8.48672e+02 | 41  0.23821  9.82500e+01 | 42  0.25086 -2.83682e+02
 43  0.24861 -2.82741e+02 | 44 -0.44239 -1.30274e-01 | 45 -0.82806 -1.70987e-02
 46  0.44802  2.67050e-03 | 47 -0.82925 -1.14175e-02 | 48 -0.73827  2.86148e+02
 49 -0.76391 -3.18078e+02 | 50 -0.77724 -4.66080e+01 | 51 -0.70311  3.46754e+01
 52 -0.43110  1.82369e+00 | 53 -0.35412  3.44103e-01 | 54 -0.11260 -2.89496e+01
 55 -0.09755 -6.22119e+01 | 56  0.04370 -1.18947e+02 | 57  0.10616  1.81221e+02
57 variables; iteration 40; function evaluation 54; phase 3
Function value 1.0628622e+02; maximum gradient component mag -4.2721e+02
Var    Value     Gradient |Var    Value     Gradient |Var    Value     Gradient
  1  0.28351  8.25694e+00 |  2  0.16312 -4.27206e+02 |  3 -0.05445  7.59874e+00
  4  0.03077  8.61306e+00 |  5 -0.02593 -3.21402e+00 |  6  0.02510 -1.12348e+01
  7 -0.00994 -3.22943e+00 |  8 -0.05624  8.16917e+00 |  9 -0.02255  5.42628e+00
 10 -0.00382  2.06550e+00 | 11  0.08170  1.69371e+01 | 12  0.03996  1.34660e+01
 13  0.04808 -1.44075e+01 | 14  0.00624 -4.00345e+00 | 15  0.01108  5.85906e+00
 16  0.05928 -1.23588e+01 | 17 -0.00038 -2.44137e+01 | 18 -0.06407 -1.96178e+00
 19 -0.01650  7.65499e+00 | 20 -0.03252  1.61717e+01 | 21  0.04814 -1.70316e+01
 22  0.05525 -9.32935e+00 | 23 -0.03608  9.29814e+00 | 24 -0.02119 -6.81682e+00
 25 -0.11463  2.09905e+00 | 26 -0.00967  2.25561e+01 | 27 -0.01911  2.65614e+00
 28 -0.02334 -6.87389e+00 | 29  0.03222 -2.32722e+00 | 30 -0.02282 -4.60221e+01
 31  0.05394  9.45916e+00 | 32 -0.03246  1.00389e+01 | 33  0.05594  1.94199e+00
 34  0.01887 -1.35704e+01 | 35  0.04304 -6.32776e+01 | 36  0.00698 -1.01106e+01
 37 -0.03892 -2.10521e+01 | 38 -0.01052  2.37730e+01 | 39 -0.02742  5.35030e+01
 40  0.23169 -2.83236e+02 | 41  0.24184  4.36815e+01 | 42  0.25714 -5.31233e+01
 43  0.25866  6.21480e+01 | 44 -0.40970 -1.67063e+00 | 45 -0.82385 -6.57322e-02
 46  0.44734  2.66474e-03 | 47 -0.82635 -1.12177e-02 | 48 -0.46913 -3.23463e+01
 49 -0.52310  4.02474e+01 | 50 -0.70642 -5.53447e+01 | 51 -0.61057  4.11494e+01
 52 -0.42839  6.33400e-01 | 53 -0.35324  1.16109e-01 | 54 -0.11148 -8.56680e+01
 55 -0.09309  2.33784e+01 | 56  0.05432 -1.38502e+02 | 57  0.09591  1.50389e+02
57 variables; iteration 60; function evaluation 92; phase 3
Function value 1.0005704e+02; maximum gradient component mag -9.1311e+01
Var    Value     Gradient |Var    Value     Gradient |Var    Value     Gradient
  1  0.28946 -2.07348e-01 |  2  0.15865 -4.91730e+01 |  3 -0.08399 -2.15461e-01
  4  0.01817 -1.21902e-01 |  5 -0.02598  3.57310e+00 |  6  0.02925  1.23661e+00
  7 -0.01001  2.62098e+00 |  8 -0.06479  8.07960e-01 |  9 -0.03200 -6.25750e-02
 10 -0.01393  2.19315e+00 | 11  0.06434 -9.31345e-01 | 12  0.03218  3.39438e+00
 13  0.05888  2.53967e+00 | 14  0.01045  3.75105e+00 | 15  0.00907  6.70795e-01
 16  0.06703  4.12780e+00 | 17  0.01175  3.21951e+00 | 18 -0.06029  9.37652e-01
 19 -0.01750 -3.35878e+00 | 20 -0.03787 -6.53170e+00 | 21  0.05245 -3.15483e+00
 22  0.05738 -5.87479e-01 | 23 -0.04172 -2.70608e+00 | 24 -0.01685  4.22208e+00
 25 -0.11038  2.52613e+00 | 26 -0.01671 -9.85399e+00 | 27 -0.02114 -1.22174e+00
 28 -0.02057 -5.96986e+00 | 29  0.03344 -1.72807e+01 | 30 -0.01416  1.55336e+00
 31  0.05161 -5.30000e+00 | 32 -0.03349  5.42545e+00 | 33  0.04881 -7.73466e+00
 34  0.01860 -3.77248e+00 | 35  0.04939  1.49784e+00 | 36  0.01047 -6.52061e-02
 37 -0.02983  5.49633e+00 | 38 -0.00239  2.20611e+01 | 39 -0.03243  3.34346e+00
 40  0.23515 -3.90146e+01 | 41  0.24627 -1.44657e+01 | 42  0.26181 -4.26854e+01
 43  0.27509 -9.13107e+01 | 44 -0.35093 -4.51059e+00 | 45 -0.75357 -5.18125e-02
 46  0.43219  2.54039e-03 | 47 -0.76822 -8.16750e-03 | 48 -0.49418 -6.98793e+00
 49 -0.54776  9.10810e+00 | 50 -0.78460  1.76809e+01 | 51 -0.72999 -1.40416e+01
 52 -0.43846 -1.48657e-02 | 53 -0.30361 -4.04781e-03 | 54 -0.10439  2.52491e+00
 55 -0.09024 -2.25846e+01 | 56  0.12710  4.04378e+00 | 57  0.11040  6.43855e+00
Maximum number of function evaluations exceeded

 - final statistics:
57 variables; iteration 68; function evaluation 100
Function value 9.9655e+01; maximum gradient component mag -8.9029e+01
Exit code = 3;  converg criter 1.0000e+00
Var    Value     Gradient |Var    Value     Gradient |Var    Value     Gradient
  1  0.29533  8.21539e-01 |  2  0.15723 -5.38033e+01 |  3 -0.08367  1.16536e-01
  4  0.01729 -2.99813e-01 |  5 -0.02921 -7.28814e-01 |  6  0.02748  4.74975e-01
  7 -0.01408  6.30422e-01 |  8 -0.06786  7.46152e-01 |  9 -0.03372  2.04109e-01
 10 -0.01650  1.18146e+00 | 11  0.06533  1.10757e+00 | 12  0.03100 -1.99110e-01
 13  0.05960  3.09399e-02 | 14  0.00998  8.28833e-01 | 15  0.00866  4.28054e-01
 16  0.06694 -2.54196e+00 | 17  0.01280 -1.67479e+00 | 18 -0.05967 -6.83498e-01
 19 -0.01538  1.36229e+00 | 20 -0.03603  5.19563e-01 | 21  0.05398  9.18430e-02
 22  0.05769 -1.04729e+00 | 23 -0.04084  6.53075e-01 | 24 -0.01798 -5.32394e-01
 25 -0.11079  3.31917e-02 | 26 -0.01370  1.37085e+00 | 27 -0.02108 -7.29926e-01
 28 -0.01932  6.73342e-01 | 29  0.03470 -1.30766e+00 | 30 -0.01466 -9.08218e-01
 31  0.05076 -2.67717e+00 | 32 -0.03627 -3.68213e+00 | 33  0.04704 -1.26425e+00
 34  0.01749  1.47495e+00 | 35  0.04816  7.52579e-02 | 36  0.01124 -7.87235e-01
 37 -0.02778  2.72554e-01 | 38  0.00022  5.87122e+00 | 39 -0.03020  3.22839e-01
 40  0.23722 -8.90292e+01 | 41  0.24834  1.99719e+00 | 42  0.26368  5.15265e+00
 43  0.28281  5.34165e+00 | 44 -0.34989  1.03232e+00 | 45 -0.62771  8.09642e-03
 46  0.39149  2.54088e-03 | 47 -0.70757  5.99042e-03 | 48 -0.50702  1.21217e+01
 49 -0.56019 -1.34403e+01 | 50 -0.80049 -3.37236e+00 | 51 -0.75108  2.67509e+00
 52 -0.38774  1.47452e+00 | 53  0.00938  1.53720e-01 | 54 -0.09956  3.44248e+00
 55 -0.08541  1.57843e+00 | 56  0.15100 -2.28303e-01 | 57  0.11318 -1.50473e+00

Initial statistics: 59 variables; iteration 0; function evaluation 0; phase 4
Function value 9.9655300e+01; maximum gradient component mag 1.3379e+02
Var    Value     Gradient |Var    Value     Gradient |Var    Value     Gradient
  1  0.29533  8.21539e-01 |  2  0.15723 -5.38033e+01 |  3 -0.08367  1.16536e-01
  4  0.01729 -2.99813e-01 |  5 -0.02921 -7.28814e-01 |  6  0.02748  4.74975e-01
  7 -0.01408  6.35977e-01 |  8 -0.06786  7.51676e-01 |  9 -0.03372  2.09657e-01
 10 -0.01650  1.18701e+00 | 11  0.06533  1.11310e+00 | 12  0.03100 -1.93561e-01
 13  0.05960  3.64715e-02 | 14  0.00998  8.34388e-01 | 15  0.00866  4.33610e-01
 16  0.06694 -2.53643e+00 | 17  0.01280 -1.66924e+00 | 18 -0.05967 -6.77966e-01
 19 -0.01538  1.36784e+00 | 20 -0.03603  5.25110e-01 | 21  0.05398  9.73790e-02
 22  0.05769 -1.04176e+00 | 23 -0.04084  6.58619e-01 | 24 -0.01798 -5.26841e-01
 25 -0.11079  3.86638e-02 | 26 -0.01370  1.37641e+00 | 27 -0.02108 -7.24374e-01
 28 -0.01932  6.78895e-01 | 29  0.03470 -1.30211e+00 | 30 -0.01466 -9.02664e-01
 31  0.05076 -2.67163e+00 | 32 -0.03627 -3.67658e+00 | 33  0.04704 -1.25870e+00
 34  0.01749  1.48051e+00 | 35  0.04816  8.07979e-02 | 36  0.01125 -7.81680e-01
 37 -0.02778  2.78104e-01 | 38  0.00022  5.87677e+00 | 39 -0.03020  3.28389e-01
 40  0.23722 -8.90292e+01 | 41  0.24834  1.99719e+00 | 42  0.26368  5.15265e+00
 43  0.28281  5.34165e+00 | 44 -0.34989  1.03232e+00 | 45 -0.62771  8.09642e-03
 46  0.39149  2.54088e-03 | 47 -0.70757  5.99042e-03 | 48 -0.50702  1.21217e+01
 49 -0.56019 -1.34403e+01 | 50 -0.80049 -3.37236e+00 | 51 -0.75108  2.67509e+00
 52 -0.38774  1.47452e+00 | 53  0.00938  1.53720e-01 | 54 -0.09956  3.44248e+00
 55 -0.08541  1.57843e+00 | 56  0.15100 -2.28303e-01 | 57  0.11318 -1.50473e+00
 58 -0.05795  1.33789e+02 | 59 -0.17585 -1.25900e+02 |

Intermediate statistics: 59 variables; iteration 20; function evaluation 28; phase 4
Function value 9.8039256e+01; maximum gradient component mag -1.3118e+02
Var    Value     Gradient |Var    Value     Gradient |Var    Value     Gradient
  1  0.27226 -1.28172e+00 |  2  0.15616  6.46571e+01 |  3 -0.08504  2.94243e-01
  4  0.01849  2.24765e+00 |  5 -0.02742  2.55725e+00 |  6  0.02701  1.62152e+00
  7 -0.01575  1.55204e-01 |  8 -0.06937  1.87392e-01 |  9 -0.03498 -6.11421e-03
 10 -0.01906 -7.87930e-01 | 11  0.06517  8.33213e-01 | 12  0.03307  1.82742e+00
 13  0.06057  4.73886e-01 | 14  0.00805 -1.98930e+00 | 15  0.00547 -2.51416e+00
 16  0.06764 -3.66613e+00 | 17  0.01394 -3.09354e+00 | 18 -0.06025 -3.80555e+00
 19 -0.01763 -8.12506e+00 | 20 -0.03629 -8.08856e+00 | 21  0.05022 -9.63609e+00
 22  0.05394 -1.04368e+01 | 23 -0.04429 -5.28578e+00 | 24 -0.02213 -9.20126e+00
 25 -0.11229 -4.70324e+00 | 26 -0.01379 -4.30324e+00 | 27 -0.02123 -1.26582e+00
 28 -0.02053 -5.62384e+00 | 29  0.03699  7.20755e+00 | 30 -0.01274  2.40549e+00
 31  0.05183 -2.01260e-02 | 32 -0.03430  1.29602e+00 | 33  0.04881  6.46022e+00
 34  0.01986  9.02598e+00 | 35  0.04890  3.67163e+00 | 36  0.01286  6.72101e+00
 37 -0.02573  9.90862e+00 | 38  0.00257  3.95593e+01 | 39 -0.01923  1.49578e+01
 40  0.24006 -1.31176e+02 | 41  0.24894  4.76387e+01 | 42  0.26419 -2.53144e+01
 43  0.28117 -3.08814e+01 | 44 -0.34862  8.07050e+00 | 45 -0.62755  8.77156e-02
 46  0.39143  2.53711e-03 | 47 -0.70770  5.86186e-03 | 48 -0.50563  9.77900e+00
 49 -0.56050 -1.46627e+01 | 50 -0.79964 -8.55669e+00 | 51 -0.75114  6.84264e+00
 52 -0.34832  8.96172e+00 | 53  0.01324  5.70148e-01 | 54 -0.11200 -2.35222e+01
 55 -0.08186  3.40017e+01 | 56  0.14137  1.19842e+01 | 57  0.10755 -2.09636e+01
 58 -0.05692  9.45118e+01 | 59 -0.15849 -1.15120e+02 |
59 variables; iteration 40; function evaluation 49; phase 4
Function value 9.7046833e+01; maximum gradient component mag -2.6846e+02
Var    Value     Gradient |Var    Value     Gradient |Var    Value     Gradient
  1  0.23737 -4.26936e+00 |  2  0.15415 -2.68455e+02 |  3 -0.09468 -2.30634e+00
  4  0.01938  5.03141e+00 |  5 -0.02731  3.72949e+00 |  6  0.02427  1.38870e+00
  7 -0.02173  4.50644e+00 |  8 -0.07556  5.07349e+00 |  9 -0.04103  6.85903e+00
 10 -0.03340 -2.88376e+00 | 11  0.05664  3.52494e-01 | 12  0.03254  8.86232e+00
 13  0.06161  3.90559e+00 | 14  0.01051  5.63556e+00 | 15  0.00601  2.11917e+00
 16  0.06992  2.24020e+00 | 17  0.01493 -2.50764e+00 | 18 -0.05662  3.55419e+00
 19 -0.01876 -1.35743e+01 | 20 -0.03332 -4.33365e-01 | 21  0.05148 -1.05340e-01
 22  0.05642  3.80171e+00 | 23 -0.04396 -1.01045e-01 | 24 -0.02389 -1.26403e+01
 25 -0.11299 -7.36583e+00 | 26 -0.01017 -1.63625e+00 | 27 -0.01825  5.30420e+00
 28 -0.01927 -4.38523e+00 | 29  0.03918 -3.31084e+00 | 30 -0.01181 -1.11959e+01
 31  0.05488  6.84471e+00 | 32 -0.03248  6.91747e+00 | 33  0.04916 -3.61614e+00
 34  0.02021  1.90314e+00 | 35  0.04979 -7.00246e+00 | 36  0.01554  3.33045e+00
 37 -0.02291 -6.14522e+00 | 38  0.00594  1.27536e+01 | 39 -0.01858  6.83789e+00
 40  0.24075 -8.12381e+01 | 41  0.24926 -1.56715e+02 | 42  0.26529 -2.02067e+01
 43  0.28279 -2.27758e+01 | 44 -0.34790 -1.17172e+00 | 45 -0.62494 -1.75072e-02
 46  0.39035  2.45539e-03 | 47 -0.71008  3.00585e-03 | 48 -0.52166  1.21185e+01
 49 -0.57378 -1.31460e+01 | 50 -0.79617 -9.06552e+00 | 51 -0.74882  7.30822e+00
 52 -0.35546  3.56435e+00 | 53  0.05039  2.43322e-01 | 54 -0.22949  7.81481e+01
 55 -0.08071 -5.25699e+01 | 56  0.14319  1.23681e+01 | 57  0.10723 -7.71725e+00
 58  0.04642  6.77155e+01 | 59 -0.03542  1.55969e+01 |
59 variables; iteration 60; function evaluation 77; phase 4
Function value 9.5656062e+01; maximum gradient component mag -1.5436e+01
Var    Value     Gradient |Var    Value     Gradient |Var    Value     Gradient
  1  0.28524  2.24881e-01 |  2  0.15649 -6.79797e+00 |  3 -0.08500  7.06886e-02
  4  0.01634 -1.15002e+00 |  5 -0.02928 -2.04545e-01 |  6  0.02670  6.40587e-01
  7 -0.01582  2.61582e-01 |  8 -0.06979 -5.89735e-01 |  9 -0.03426 -1.99130e-01
 10 -0.01618  2.04250e+00 | 11  0.06605  1.60200e+00 | 12  0.03197  3.74574e-01
 13  0.05997  2.40886e-01 | 14  0.00834  1.96898e-02 | 15  0.00572 -1.01372e+00
 16  0.06819  1.32358e+00 | 17  0.01357  2.38886e-01 | 18 -0.06056  1.05793e+00
 19 -0.01840  1.10945e+00 | 20 -0.03583 -3.35619e-01 | 21  0.05006 -1.79836e-01
 22  0.05428 -4.76528e-01 | 23 -0.04436  5.17524e-02 | 24 -0.02260  5.08183e-01
 25 -0.11287  5.61699e-01 | 26 -0.01366  4.58010e-01 | 27 -0.02095  8.63854e-01
 28 -0.02094 -1.88095e-01 | 29  0.03602 -5.97331e-01 | 30 -0.01222 -2.19153e-01
 31  0.05345 -1.37558e+00 | 32 -0.03408 -2.40712e+00 | 33  0.05107 -1.04991e-01
 34  0.02059  5.58452e-01 | 35  0.05003  4.33668e+00 | 36  0.01257 -2.45077e-01
 37 -0.02584  3.46531e+00 | 38  0.00142  6.15829e-01 | 39 -0.02492 -1.05063e-01
 40  0.24126 -8.33602e+00 | 41  0.24631 -1.54358e+01 | 42  0.26422  1.39938e+00
 43  0.28134  2.36335e+00 | 44 -0.34989  3.87822e-01 | 45 -0.58465  1.03459e-03
 46  0.36723  2.18845e-03 | 47 -0.71893 -1.09980e-03 | 48 -0.50438 -7.56906e-01
 49 -0.55811  1.46482e+00 | 50 -0.72940  1.69265e+00 | 51 -0.66363 -1.41758e+00
 52 -0.36146 -8.29895e-01 | 53  0.47699 -3.04607e-02 | 54 -0.14891  9.38471e+00
 55 -0.10321 -4.11094e+00 | 56  0.14563 -1.60047e+00 | 57  0.11206  1.68562e+00
 58 -0.08636  1.81017e-01 | 59 -0.13667  9.24713e+00 |
59 variables; iteration 80; function evaluation 122; phase 4
Function value 9.3679061e+01; maximum gradient component mag 4.4752e+02
Var    Value     Gradient |Var    Value     Gradient |Var    Value     Gradient
  1  0.35893  1.48950e+00 |  2  0.15769 -8.93763e+01 |  3 -0.08381  8.92471e-01
  4  0.01206 -7.49658e+00 |  5 -0.03159 -1.04780e+00 |  6  0.02616  3.51992e-01
  7 -0.01611  5.97712e-01 |  8 -0.06985 -7.51825e-01 |  9 -0.03219  5.34890e-01
 10 -0.01084  6.67495e+00 | 11  0.06893  4.22364e+00 | 12  0.03195  2.04572e-01
 13  0.05898  1.05428e+00 | 14  0.00604 -1.64571e+00 | 15  0.00238 -3.19025e+00
 16  0.06784  2.04899e+00 | 17  0.01263 -1.67014e+00 | 18 -0.06228  4.89316e-01
 19 -0.01955  1.27145e+00 | 20 -0.03683 -6.87561e-01 | 21  0.04894 -1.85142e+00
 22  0.05381 -1.18834e+00 | 23 -0.04514 -9.07703e-01 | 24 -0.02314  1.37300e+00
 25 -0.11361  3.31129e+00 | 26 -0.01661  7.21879e+00 | 27 -0.02205  2.53075e+00
 28 -0.02149  1.63188e+00 | 29  0.03530 -6.72050e-01 | 30 -0.01217  4.99113e+00
 31  0.05358 -9.62977e-01 | 32 -0.03501 -3.84273e+00 | 33  0.05277  3.07460e+00
 34  0.02179  1.21552e+00 | 35  0.05070  6.49604e+00 | 36  0.01230 -1.02604e+01
 37 -0.02462 -8.94617e+00 | 38  0.00154  3.69435e+00 | 39 -0.01777  3.41682e+00
 40  0.24306 -3.23959e+01 | 41  0.24605  1.97901e+01 | 42  0.26360  3.38881e+00
 43  0.28618 -1.64582e+00 | 44 -0.35680 -1.03885e+00 | 45 -0.13760 -2.18363e-02
 46  0.09505  5.77921e-04 | 47 -0.71235 -2.88067e-03 | 48 -0.46393  9.63134e+00
 49 -0.52810 -8.83777e+00 | 50 -0.38468 -1.45555e+01 | 51 -0.31712  1.15133e+01
 52 -0.34249  2.94658e+00 | 53  0.73563  5.20873e-02 | 54 -0.04673  4.47522e+02
 55 -0.17021 -4.05759e+02 | 56  0.17921  2.62685e-01 | 57  0.12381  8.68058e-01
 58 -0.30314  3.70155e+00 | 59 -0.30729  3.93771e+02 |
59 variables; iteration 100; function evaluation 146; phase 4
Function value 9.3247097e+01; maximum gradient component mag 4.8972e+00
Var    Value     Gradient |Var    Value     Gradient |Var    Value     Gradient
  1  0.40397  3.13256e-02 |  2  0.15929  6.03079e-01 |  3 -0.08375 -1.00344e-02
  4  0.01771  2.99206e-02 |  5 -0.02960 -8.25560e-04 |  6  0.02764  3.03493e-03
  7 -0.01203 -1.08222e-02 |  8 -0.06565 -5.18249e-03 |  9 -0.03114 -1.05367e-02
 10 -0.01389 -2.42600e-02 | 11  0.06739 -3.94177e-03 | 12  0.03365  2.04482e-03
 13  0.06159  2.81586e-02 | 14  0.00906  5.12609e-03 | 15  0.00794 -2.66460e-03
 16  0.06610  5.04322e-03 | 17  0.01179  3.30356e-02 | 18 -0.06319  1.55065e-02
 19 -0.02019  3.25790e-02 | 20 -0.03742 -7.42986e-03 | 21  0.05048 -1.93136e-04
 22  0.05531 -2.25986e-02 | 23 -0.04335 -2.12220e-02 | 24 -0.02211 -6.43923e-02
 25 -0.11443 -9.29993e-02 | 26 -0.01967 -3.83887e-01 | 27 -0.02328 -3.52569e-02
 28 -0.02229 -5.12789e-03 | 29  0.03373  1.42876e-02 | 30 -0.01385  2.00551e-02
 31  0.05351  5.74564e-02 | 32 -0.03446  3.62412e-02 | 33  0.05256  6.35294e-02
 34  0.02171  3.09083e-02 | 35  0.04951 -3.75237e-02 | 36  0.01156  1.38932e-01
 37 -0.02672  1.28267e-01 | 38 -0.00103 -1.61749e-02 | 39 -0.02153  1.65571e-02
 40  0.24215 -2.08063e-01 | 41  0.24445  9.15328e-01 | 42  0.26250  2.26308e-02
 43  0.28753  7.34533e-02 | 44 -0.36035  7.32918e-03 | 45 -0.03138  4.87448e-05
 46 -0.00025  1.86981e-04 | 47 -0.69987  1.07771e-04 | 48 -0.45524 -9.68272e-02
 49 -0.52057  8.72717e-02 | 50 -0.32101  1.36548e-02 | 51 -0.27989  1.81720e-03
 52 -0.34168 -2.53744e-02 | 53  0.67791  5.13550e-03 | 54 -0.04500 -3.43370e+00
 55 -0.16589  4.89722e+00 | 56  0.19343 -2.44187e-02 | 57  0.12992 -2.75677e-02
 58 -0.29771 -2.54077e+00 | 59 -0.30520 -5.31749e-01 |
59 variables; iteration 120; function evaluation 166; phase 4
Function value 9.3245814e+01; maximum gradient component mag 3.5704e+00
Var    Value     Gradient |Var    Value     Gradient |Var    Value     Gradient
  1  0.40354 -7.72028e-03 |  2  0.15928  3.57037e+00 |  3 -0.08377 -5.46182e-04
  4  0.01766 -5.10139e-03 |  5 -0.02963 -2.50412e-03 |  6  0.02760 -9.79517e-04
  7 -0.01209 -5.66146e-02 |  8 -0.06570 -5.47714e-02 |  9 -0.03118 -5.29787e-02
 10 -0.01391 -4.87183e-02 | 11  0.06737 -4.55081e-02 | 12  0.03363 -4.77747e-02
 13  0.06156 -4.90209e-02 | 14  0.00904 -2.46137e-02 | 15  0.00789 -3.67011e-02
 16  0.06610  1.46963e-02 | 17  0.01180  1.50020e-02 | 18 -0.06319 -1.45898e-02
 19 -0.02018 -1.54187e-02 | 20 -0.03739  1.01598e-02 | 21  0.05049  5.56970e-03
 22  0.05531  2.22092e-03 | 23 -0.04336 -1.94957e-02 | 24 -0.02211 -7.33383e-04
 25 -0.11441 -4.18202e-03 | 26 -0.01961  4.06555e-02 | 27 -0.02327 -1.71176e-02
 28 -0.02227  1.98950e-03 | 29  0.03375  9.84568e-03 | 30 -0.01383  2.21166e-02
 31  0.05351  1.56167e-02 | 32 -0.03445 -2.88790e-03 | 33  0.05257 -6.68068e-03
 34  0.02172 -4.20965e-03 | 35  0.04952 -1.11444e-02 | 36  0.01157  4.30550e-02
 37 -0.02668  1.43833e-01 | 38 -0.00099  2.08883e-01 | 39 -0.02148 -1.49435e-02
 40  0.24222  2.92612e+00 | 41  0.24445  9.73920e-02 | 42  0.26250  2.32411e-02
 43  0.28750  9.05665e-02 | 44 -0.36105 -2.07813e-03 | 45  0.00084  9.73599e-07
 46 -0.09408 -2.77730e-04 | 47 -0.69636  4.04930e-04 | 48 -0.45514  1.94356e-02
 49 -0.52052 -4.96286e-02 | 50 -0.32122  1.36459e-02 | 51 -0.28003 -8.09874e-03
 52 -0.32994 -3.81790e-01 | 53  0.26247 -1.16244e-02 | 54 -0.04459  4.10587e-01
 55 -0.16590 -2.62065e-01 | 56  0.19330 -8.08923e-02 | 57  0.12989  1.10204e-01
 58 -0.29818 -1.30076e-01 | 59 -0.30568  4.91326e-01 |
59 variables; iteration 140; function evaluation 186; phase 4
Function value 9.3245598e+01; maximum gradient component mag -1.5168e-01
Var    Value     Gradient |Var    Value     Gradient |Var    Value     Gradient
  1  0.40336  1.15403e-04 |  2  0.15927 -5.44346e-03 |  3 -0.08377 -1.05038e-04
  4  0.01767 -4.25635e-05 |  5 -0.02962 -1.31554e-04 |  6  0.02760 -1.63382e-04
  7 -0.01210 -2.35227e-05 |  8 -0.06571  2.29833e-05 |  9 -0.03118 -9.00632e-05
 10 -0.01393 -1.11875e-04 | 11  0.06736 -8.58292e-05 | 12  0.03363 -1.18100e-04
 13  0.06157 -6.44132e-04 | 14  0.00904  3.45656e-05 | 15  0.00790  2.66151e-04
 16  0.06611  4.07082e-04 | 17  0.01181  4.26559e-04 | 18 -0.06318  2.48087e-04
 19 -0.02018  3.15133e-05 | 20 -0.03739  3.81287e-04 | 21  0.05049  3.70253e-04
 22  0.05531  3.58423e-04 | 23 -0.04336  2.57315e-04 | 24 -0.02211 -1.93648e-04
 25 -0.11441 -4.19989e-04 | 26 -0.01961 -2.17916e-03 | 27 -0.02327 -2.63452e-04
 28 -0.02226  4.06923e-04 | 29  0.03376  9.63114e-06 | 30 -0.01383  3.80094e-04
 31  0.05351  5.48348e-04 | 32 -0.03446  5.18744e-04 | 33  0.05255  7.50358e-04
 34  0.02171  6.64956e-04 | 35  0.04952 -1.86666e-04 | 36  0.01157 -1.96720e-04
 37 -0.02668 -9.56507e-04 | 38 -0.00099 -1.97657e-03 | 39 -0.02150  1.05565e-04
 40  0.24221  2.10144e-02 | 41  0.24446  5.75094e-03 | 42  0.26251 -2.68749e-04
 43  0.28752  1.08283e-03 | 44 -0.36113 -3.75709e-03 | 45  0.00511 -1.49629e-05
 46 -0.03514  8.73884e-06 | 47 -0.69915 -1.83949e-05 | 48 -0.45529  2.97547e-04
 49 -0.52062  9.81165e-05 | 50 -0.32130 -1.43562e-04 | 51 -0.28010  2.33413e-05
 52 -0.32019 -2.32757e-03 | 53 -0.00923 -7.49895e-05 | 54 -0.04430 -1.51677e-01
 55 -0.16586  1.31556e-01 | 56  0.19331 -7.80803e-04 | 57  0.12986  1.17504e-03
 58 -0.29843 -2.18456e-03 | 59 -0.30596 -1.35675e-01 |
59 variables; iteration 160; function evaluation 206; phase 4
Function value 9.3245597e+01; maximum gradient component mag 1.6622e-01
Var    Value     Gradient |Var    Value     Gradient |Var    Value     Gradient
  1  0.40337 -8.95797e-05 |  2  0.15927 -1.48559e-04 |  3 -0.08377  1.00846e-04
  4  0.01767 -4.73193e-04 |  5 -0.02962 -1.12018e-05 |  6  0.02760  1.22713e-04
  7 -0.01210  6.28451e-06 |  8 -0.06571 -1.48992e-04 |  9 -0.03118  2.37541e-05
 10 -0.01393  4.87646e-04 | 11  0.06736  3.54722e-04 | 12  0.03363  3.40161e-06
 13  0.06157  1.06412e-04 | 14  0.00904 -6.87158e-05 | 15  0.00790 -3.66075e-04
 16  0.06611  2.64282e-04 | 17  0.01181 -9.93441e-05 | 18 -0.06318 -8.98540e-05
 19 -0.02018  3.05206e-04 | 20 -0.03739  1.10096e-04 | 21  0.05049  1.37134e-04
 22  0.05531  1.25880e-04 | 23 -0.04336  7.09758e-05 | 24 -0.02211  9.22630e-04
 25 -0.11441  1.33203e-03 | 26 -0.01961  4.23241e-03 | 27 -0.02327  7.31751e-04
 28 -0.02227  1.33415e-04 | 29  0.03376  8.80460e-04 | 30 -0.01383  5.26412e-04
 31  0.05351 -2.46911e-04 | 32 -0.03446 -3.76660e-04 | 33  0.05255  7.41973e-05
 34  0.02171 -5.37977e-05 | 35  0.04952  5.81901e-04 | 36  0.01157 -1.21874e-03
 37 -0.02668 -2.10743e-03 | 38 -0.00099 -3.54001e-03 | 39 -0.02150 -6.61403e-04
 40  0.24221  9.88932e-03 | 41  0.24446 -1.42451e-04 | 42  0.26251  2.61235e-04
 43  0.28752 -8.94292e-04 | 44 -0.36079  1.01596e-03 | 45 -0.01037  1.37576e-05
 46 -0.03684 -8.00600e-07 | 47 -0.69918 -5.24933e-05 | 48 -0.45529 -1.14896e-03
 49 -0.52062  1.69966e-03 | 50 -0.32130  5.00788e-04 | 51 -0.28009 -3.68171e-04
 52 -0.32014 -2.38403e-03 | 53 -0.01063 -8.39127e-05 | 54 -0.04436 -1.60967e-01
 55 -0.16581  1.66217e-01 | 56  0.19331  7.89749e-04 | 57  0.12986 -1.11273e-03
 58 -0.29829 -3.74711e-02 | 59 -0.30585 -1.08872e-01 |
59 variables; iteration 180; function evaluation 227; phase 4
Function value 9.3245554e+01; maximum gradient component mag 1.2380e+00
Var    Value     Gradient |Var    Value     Gradient |Var    Value     Gradient
  1  0.40337 -1.00118e-03 |  2  0.15927 -1.93637e-01 |  3 -0.08377  8.18252e-04
  4  0.01767 -2.68519e-03 |  5 -0.02962  1.67046e-04 |  6  0.02760  5.58787e-04
  7 -0.01210  2.77948e-03 |  8 -0.06571  2.27452e-03 |  9 -0.03118  3.43470e-03
 10 -0.01392  5.60428e-03 | 11  0.06736  5.01305e-03 | 12  0.03363  5.49351e-03
 13  0.06157  1.32289e-02 | 14  0.00904  5.18576e-03 | 15  0.00790  5.95004e-04
 16  0.06611  3.45813e-03 | 17  0.01181  1.15322e-03 | 18 -0.06318  1.37939e-03
 19 -0.02018  3.80815e-03 | 20 -0.03739  3.57479e-03 | 21  0.05049  3.51526e-03
 22  0.05531  3.26902e-03 | 23 -0.04336  1.54680e-03 | 24 -0.02211  6.07055e-03
 25 -0.11441  7.57778e-03 | 26 -0.01961  2.43991e-02 | 27 -0.02327  5.88949e-03
 28 -0.02227  3.26309e-03 | 29  0.03376 -1.80215e-03 | 30 -0.01383 -4.27219e-03
 31  0.05351 -1.31665e-02 | 32 -0.03446 -4.25572e-03 | 33  0.05255 -1.35871e-02
 34  0.02171 -8.58373e-03 | 35  0.04952 -7.88041e-04 | 36  0.01157 -9.66528e-03
 37 -0.02668 -1.35639e-02 | 38 -0.00099 -1.86678e-02 | 39 -0.02150 -1.04278e-02
 40  0.24220  6.55944e-02 | 41  0.24446 -3.06877e-01 | 42  0.26251 -5.97176e-04
 43  0.28752 -7.94593e-03 | 44 -0.36114 -9.57932e-04 | 45  0.00544  4.83516e-05
 46 -0.03333  8.07042e-06 | 47 -0.70005 -3.46756e-04 | 48 -0.45528 -5.03561e-03
 49 -0.52062  8.58800e-03 | 50 -0.32129  1.01895e-03 | 51 -0.28009 -4.74461e-04
 52 -0.32019 -1.70643e-02 | 53 -0.00976 -6.21939e-04 | 54 -0.05144  1.23801e+00
 55 -0.16148 -1.20441e+00 | 56  0.19332  6.52715e-03 | 57  0.12987 -8.31992e-03
 58 -0.28298  1.61984e-01 | 59 -0.29370  9.48727e-01 |
59 variables; iteration 200; function evaluation 252; phase 4
Function value 9.3245459e+01; maximum gradient component mag 8.3291e-01
Var    Value     Gradient |Var    Value     Gradient |Var    Value     Gradient
  1  0.40338  6.67413e-05 |  2  0.15927 -1.60480e-01 |  3 -0.08377  2.20494e-04
  4  0.01767 -9.48935e-04 |  5 -0.02962 -2.08366e-05 |  6  0.02760  2.70150e-04
  7 -0.01210  2.26621e-03 |  8 -0.06571  1.99674e-03 |  9 -0.03118  2.42029e-03
 10 -0.01392  3.37270e-03 | 11  0.06736  3.36864e-03 | 12  0.03363  3.51638e-03
 13  0.06157  6.37972e-03 | 14  0.00904  3.55014e-03 | 15  0.00790  1.61220e-03
 16  0.06611  2.99413e-03 | 17  0.01181  2.09456e-03 | 18 -0.06318  2.11336e-03
 19 -0.02018  2.96918e-03 | 20 -0.03739  2.86623e-03 | 21  0.05049  2.76944e-03
 22  0.05531  2.67389e-03 | 23 -0.04336  1.72618e-03 | 24 -0.02211  3.23654e-03
 25 -0.11441  3.39293e-03 | 26 -0.01961  8.85498e-03 | 27 -0.02327  3.32727e-03
 28 -0.02227  2.12910e-03 | 29  0.03376 -2.96645e-03 | 30 -0.01383 -4.59712e-03
 31  0.05351 -1.06839e-02 | 32 -0.03446 -2.58411e-03 | 33  0.05255 -1.28089e-02
 34  0.02171 -7.61918e-03 | 35  0.04952 -3.31237e-03 | 36  0.01157 -3.23674e-03
 37 -0.02668 -3.26440e-03 | 38 -0.00099 -5.58326e-03 | 39 -0.02150 -8.06115e-03
 40  0.24220  3.21199e-02 | 41  0.24446 -2.55386e-01 | 42  0.26251  1.86751e-04
 43  0.28752  9.27184e-05 | 44 -0.36094 -9.14595e-04 | 45 -0.00369  4.23932e-06
 46 -0.03550  3.54971e-06 | 47 -0.69943 -1.32691e-04 | 48 -0.45528 -2.24398e-03
 49 -0.52062  3.54539e-03 | 50 -0.32129  1.86178e-03 | 51 -0.28009 -1.54498e-03
 52 -0.32011 -7.85970e-03 | 53 -0.01180 -2.91818e-04 | 54 -0.07280  8.20618e-01
 55 -0.15410 -6.65410e-01 | 56  0.19331  2.99524e-04 | 57  0.12986 -4.42306e-04
 58 -0.24726 -7.96031e-02 | 59 -0.26312  8.32908e-01 |
59 variables; iteration 220; function evaluation 276; phase 4
Function value 9.3245424e+01; maximum gradient component mag -5.1377e-01
Var    Value     Gradient |Var    Value     Gradient |Var    Value     Gradient
  1  0.40337 -1.75115e-04 |  2  0.15927 -9.54999e-02 |  3 -0.08377  7.01053e-06
  4  0.01767  1.72321e-04 |  5 -0.02962  1.17026e-04 |  6  0.02760 -7.59885e-05
  7 -0.01210  1.40734e-03 |  8 -0.06571  1.42498e-03 |  9 -0.03118  1.33319e-03
 10 -0.01393  1.06386e-03 | 11  0.06736  1.18036e-03 | 12  0.03363  1.44985e-03
 13  0.06157  1.85048e-03 | 14  0.00904  1.47900e-03 | 15  0.00790  1.37532e-03
 16  0.06611  1.16698e-03 | 17  0.01181  1.21630e-03 | 18 -0.06318  1.13861e-03
 19 -0.02018  9.12403e-04 | 20 -0.03739  1.28942e-03 | 21  0.05049  1.21707e-03
 22  0.05531  1.30930e-03 | 23 -0.04336  7.47524e-04 | 24 -0.02211  5.64350e-04
 25 -0.11441 -7.60017e-05 | 26 -0.01961  2.45052e-04 | 27 -0.02327  9.64283e-04
 28 -0.02227  1.16883e-03 | 29  0.03376 -3.08171e-03 | 30 -0.01383 -3.10363e-03
 31  0.05351 -5.20722e-03 | 32 -0.03446 -1.34342e-03 | 33  0.05255 -6.30118e-03
 34  0.02171 -3.52015e-03 | 35  0.04952 -1.62792e-03 | 36  0.01157 -8.59777e-04
 37 -0.02668  5.93818e-04 | 38 -0.00099  2.35500e-04 | 39 -0.02150 -3.40926e-03
 40  0.24221  3.82289e-03 | 41  0.24446 -1.42310e-01 | 42  0.26251 -7.63359e-04
 43  0.28752 -3.09206e-03 | 44 -0.36084 -7.36189e-05 | 45 -0.00790  1.95347e-06
 46 -0.03702 -4.64011e-07 | 47 -0.69907 -9.27488e-06 | 48 -0.45529  3.72747e-04
 49 -0.52062 -5.53887e-05 | 50 -0.32130 -4.42497e-04 | 51 -0.28009  6.07841e-04
 52 -0.32012 -5.57147e-04 | 53 -0.01128 -1.96643e-05 | 54 -0.09594  4.70194e-01
 55 -0.15880 -5.13768e-01 | 56  0.19331  1.74337e-03 | 57  0.12986 -2.15336e-03
 58 -0.23042  1.34873e-01 | 59 -0.24270  3.05586e-01 |
59 variables; iteration 240; function evaluation 298; phase 4
Function value 9.3245421e+01; maximum gradient component mag 4.9582e-01
Var    Value     Gradient |Var    Value     Gradient |Var    Value     Gradient
  1  0.40338  1.45052e-03 |  2  0.15927  3.43024e-02 |  3 -0.08377 -5.36343e-04
  4  0.01767  9.05852e-04 |  5 -0.02962 -2.25063e-04 |  6  0.02760 -3.21501e-04
  7 -0.01210 -7.61585e-04 |  8 -0.06571 -7.40807e-04 |  9 -0.03118 -1.33765e-03
 10 -0.01393 -1.69963e-03 | 11  0.06736 -1.04567e-03 | 12  0.03363 -1.85753e-03
 13  0.06157 -4.71414e-03 | 14  0.00904 -1.68508e-03 | 15  0.00790 -5.56257e-05
 16  0.06611 -2.77625e-04 | 17  0.01181  8.37176e-04 | 18 -0.06318  6.45537e-04
 19 -0.02018  2.21051e-04 | 20 -0.03739 -6.88302e-04 | 21  0.05049 -2.73974e-04
 22  0.05531 -6.31670e-04 | 23 -0.04336  2.09366e-04 | 24 -0.02211 -3.28454e-04
 25 -0.11441 -4.57560e-04 | 26 -0.01961 -8.76500e-04 | 27 -0.02327 -9.92902e-04
 28 -0.02226 -1.09915e-03 | 29  0.03376 -4.73251e-04 | 30 -0.01383  1.14958e-03
 31  0.05351  2.43946e-03 | 32 -0.03446  8.02725e-04 | 33  0.05256  2.97813e-03
 34  0.02171  2.43501e-03 | 35  0.04952 -2.21549e-03 | 36  0.01157  1.58032e-03
 37 -0.02668 -1.47169e-03 | 38 -0.00099 -2.14213e-03 | 39 -0.02150  1.64977e-03
 40  0.24221 -7.99256e-03 | 41  0.24446  8.14459e-02 | 42  0.26251  7.38213e-04
 43  0.28752  4.71528e-03 | 44 -0.36080  8.80047e-04 | 45 -0.00970  1.41035e-05
 46 -0.03838 -4.49136e-06 | 47 -0.69879  8.43346e-05 | 48 -0.45528 -1.44225e-03
 49 -0.52062  2.47449e-03 | 50 -0.32130 -6.85197e-04 | 51 -0.28009  1.70177e-03
 52 -0.32003  3.00716e-03 | 53 -0.01345  1.01288e-04 | 54 -0.10625 -2.94169e-01
 55 -0.16345  4.95822e-01 | 56  0.19331 -4.51474e-03 | 57  0.12986  3.73286e-03
 58 -0.22721 -3.32394e-01 | 59 -0.23611  5.07120e-02 |
59 variables; iteration 260; function evaluation 319; phase 4
Function value 9.3245338e+01; maximum gradient component mag -3.9178e-01
Var    Value     Gradient |Var    Value     Gradient |Var    Value     Gradient
  1  0.40338 -6.06585e-03 |  2  0.15927 -1.73862e-01 |  3 -0.08377  1.78121e-03
  4  0.01767 -4.30076e-03 |  5 -0.02962  1.13550e-03 |  6  0.02760  9.42500e-04
  7 -0.01209  3.49231e-03 |  8 -0.06570  2.52968e-03 |  9 -0.03118  4.54587e-03
 10 -0.01392  7.47951e-03 | 11  0.06736  4.72880e-03 | 12  0.03363  4.84500e-03
 13  0.06157  1.32194e-02 | 14  0.00904  3.65779e-03 | 15  0.00790 -1.27367e-03
 16  0.06611  1.35736e-03 | 17  0.01181 -3.18731e-03 | 18 -0.06318 -2.13093e-03
 19 -0.02017  1.01467e-03 | 20 -0.03739  1.00738e-03 | 21  0.05049  3.24166e-03
 22  0.05532  4.04187e-03 | 23 -0.04336  5.32668e-03 | 24 -0.02210  1.57373e-02
 25 -0.11440  2.27528e-02 | 26 -0.01961  6.02175e-02 | 27 -0.02327  1.05345e-02
 28 -0.02227  2.54830e-03 | 29  0.03376  2.07694e-02 | 30 -0.01383 -4.71747e-03
 31  0.05351 -1.83477e-02 | 32 -0.03446 -9.13313e-03 | 33  0.05255 -1.94976e-02
 34  0.02170 -1.38500e-02 | 35  0.04952  5.03071e-03 | 36  0.01157 -1.88905e-02
 37 -0.02668 -2.37307e-02 | 38 -0.00099 -2.87448e-02 | 39 -0.02151 -1.76988e-02
 40  0.24220  5.78961e-02 | 41  0.24445 -2.89593e-01 | 42  0.26251 -3.96772e-03
 43  0.28753 -3.84357e-02 | 44 -0.36092 -2.84805e-03 | 45 -0.00425 -4.11090e-05
 46 -0.02820  2.91818e-05 | 47 -0.70061 -5.03735e-04 | 48 -0.45528 -7.35448e-03
 49 -0.52062  9.58406e-03 | 50 -0.32128  1.87402e-03 | 51 -0.28008 -1.51415e-04
 52 -0.32025 -2.08380e-02 | 53 -0.00874 -7.56691e-04 | 54 -0.10631 -3.91785e-01
 55 -0.13865  3.62983e-01 | 56  0.19335  3.08481e-02 | 57  0.12987 -3.51778e-02
 58 -0.18658 -2.03127e-02 | 59 -0.21295 -3.56770e-01 |
59 variables; iteration 280; function evaluation 340; phase 4
Function value 9.3245319e+01; maximum gradient component mag 3.0923e-01
Var    Value     Gradient |Var    Value     Gradient |Var    Value     Gradient
  1  0.40339  7.48376e-04 |  2  0.15927 -1.62395e-01 |  3 -0.08377 -1.10358e-04
  4  0.01767 -3.85572e-04 |  5 -0.02962  2.51048e-04 |  6  0.02760 -2.23051e-04
  7 -0.01210  2.13994e-03 |  8 -0.06571  1.83960e-03 |  9 -0.03118  1.75610e-03
 10 -0.01393  2.33305e-03 | 11  0.06736  2.02968e-03 | 12  0.03363  1.40005e-04
 13  0.06157 -2.17828e-03 | 14  0.00904 -4.33412e-04 | 15  0.00790  1.09807e-03
 16  0.06611  1.69362e-03 | 17  0.01181  2.07054e-03 | 18 -0.06318  2.26995e-03
 19 -0.02017  3.19422e-03 | 20 -0.03739  1.20776e-03 | 21  0.05049  2.58134e-03
 22  0.05531  2.15515e-03 | 23 -0.04336  1.60922e-03 | 24 -0.02211  5.31282e-03
 25 -0.11441  7.06867e-03 | 26 -0.01961  2.58741e-02 | 27 -0.02327  4.62041e-03
 28 -0.02227  9.00420e-04 | 29  0.03376 -3.12761e-03 | 30 -0.01383 -4.96279e-03
 31  0.05351 -1.00877e-02 | 32 -0.03446 -3.30161e-03 | 33  0.05255 -1.22287e-02
 34  0.02171 -7.10012e-03 | 35  0.04952 -4.75058e-03 | 36  0.01157 -4.11512e-03
 37 -0.02668 -8.80482e-03 | 38 -0.00099 -8.39573e-03 | 39 -0.02150 -8.43995e-03
 40  0.24221  4.56056e-03 | 41  0.24446 -2.41309e-01 | 42  0.26251  4.25910e-04
 43  0.28752 -8.54488e-03 | 44 -0.36068  7.46492e-04 | 45 -0.01510 -1.55461e-05
 46 -0.03559  7.40177e-06 | 47 -0.69905  1.32393e-05 | 48 -0.45528 -5.64782e-03
 49 -0.52062  7.74013e-03 | 50 -0.32130 -4.29543e-03 | 51 -0.28009  6.45268e-03
 52 -0.32007 -1.37367e-03 | 53 -0.01271 -5.67822e-05 | 54 -0.11719  3.09228e-01
 55 -0.13796 -2.82012e-01 | 56  0.19332  6.17611e-03 | 57  0.12987 -1.02850e-02
 58 -0.17430  8.53033e-03 | 59 -0.20099  2.89243e-01 |
59 variables; iteration 300; function evaluation 365; phase 4
Function value 9.3245289e+01; maximum gradient component mag -4.7881e-01
Var    Value     Gradient |Var    Value     Gradient |Var    Value     Gradient
  1  0.40337  5.31579e-05 |  2  0.15927 -1.70552e-01 |  3 -0.08377  6.78539e-05
  4  0.01767  8.22520e-05 |  5 -0.02962  5.14329e-05 |  6  0.02760  5.85634e-05
  7 -0.01210  2.57392e-03 |  8 -0.06571  2.57046e-03 |  9 -0.03118  2.59735e-03
 10 -0.01393  2.46520e-03 | 11  0.06736  2.37440e-03 | 12  0.03363  2.59632e-03
 13  0.06157  2.55957e-03 | 14  0.00904  2.60996e-03 | 15  0.00790  2.58609e-03
 16  0.06611  2.35848e-03 | 17  0.01181  2.26181e-03 | 18 -0.06318  2.25626e-03
 19 -0.02018  2.09967e-03 | 20 -0.03739  2.43261e-03 | 21  0.05049  2.27275e-03
 22  0.05531  2.42497e-03 | 23 -0.04336  1.23301e-03 | 24 -0.02211  7.78738e-04
 25 -0.11441 -2.04247e-04 | 26 -0.01961 -1.43115e-03 | 27 -0.02327  1.87307e-03
 28 -0.02227  2.08765e-03 | 29  0.03376 -5.27393e-03 | 30 -0.01383 -5.30812e-03
 31  0.05351 -8.59093e-03 | 32 -0.03446 -1.56631e-03 | 33  0.05255 -1.13486e-02
 34  0.02171 -6.61761e-03 | 35  0.04952 -2.96586e-03 | 36  0.01157 -6.63249e-05
 37 -0.02668  2.61604e-03 | 38 -0.00099  2.79860e-03 | 39 -0.02150 -5.94357e-03
 40  0.24221 -3.97152e-03 | 41  0.24446 -2.46904e-01 | 42  0.26251 -4.86528e-04
 43  0.28752 -1.12332e-03 | 44 -0.36083 -8.62554e-06 | 45 -0.00843  7.54359e-07
 46 -0.03693  2.10827e-07 | 47 -0.69905 -2.02131e-06 | 48 -0.45529  8.53424e-04
 49 -0.52062 -1.03622e-03 | 50 -0.32130  8.82691e-04 | 51 -0.28010 -1.12843e-03
 52 -0.32011  5.49329e-04 | 53 -0.01156  1.98151e-05 | 54 -0.14403  4.70436e-01
 55 -0.13828 -4.78813e-01 | 56  0.19331  8.31749e-04 | 57  0.12986 -6.14532e-04
 58 -0.14766  7.85355e-02 | 59 -0.17382  3.86250e-01 |
59 variables; iteration 320; function evaluation 388; phase 4
Function value 9.3245274e+01; maximum gradient component mag 2.4064e-01
Var    Value     Gradient |Var    Value     Gradient |Var    Value     Gradient
  1  0.40337  3.51650e-05 |  2  0.15927 -9.60690e-02 |  3 -0.08377  3.51510e-05
  4  0.01767  2.65191e-05 |  5 -0.02962  3.17851e-05 |  6  0.02760  2.75380e-05
  7 -0.01210  1.43892e-03 |  8 -0.06571  1.44209e-03 |  9 -0.03118  1.45789e-03
 10 -0.01393  1.39358e-03 | 11  0.06736  1.33449e-03 | 12  0.03363  1.43146e-03
 13  0.06157  1.40985e-03 | 14  0.00904  1.42410e-03 | 15  0.00790  1.42904e-03
 16  0.06611  1.31970e-03 | 17  0.01181  1.28263e-03 | 18 -0.06318  1.28969e-03
 19 -0.02018  1.25085e-03 | 20 -0.03739  1.36510e-03 | 21  0.05049  1.34685e-03
 22  0.05531  1.40098e-03 | 23 -0.04336  1.13172e-03 | 24 -0.02211  1.00427e-03
 25 -0.11441  7.61688e-04 | 26 -0.01961  2.53074e-04 | 27 -0.02327  1.09761e-03
 28 -0.02227  9.85734e-04 | 29  0.03376 -1.53981e-03 | 30 -0.01383 -3.13235e-03
 31  0.05351 -5.68926e-03 | 32 -0.03446 -1.13967e-03 | 33  0.05255 -7.53201e-03
 34  0.02171 -4.45462e-03 | 35  0.04952 -2.18895e-03 | 36  0.01157 -1.13965e-04
 37 -0.02668  1.51929e-03 | 38 -0.00099  1.65874e-03 | 39 -0.02150 -4.00884e-03
 40  0.24221 -1.92387e-03 | 41  0.24446 -1.41256e-01 | 42  0.26251 -1.62505e-04
 43  0.28752 -4.74020e-04 | 44 -0.36082 -1.77453e-05 | 45 -0.00876 -1.03753e-06
 46 -0.03695  2.02053e-07 | 47 -0.69904  1.16298e-06 | 48 -0.45529  3.90316e-04
 49 -0.52062 -4.96069e-04 | 50 -0.32130  2.52706e-04 | 51 -0.28009 -3.60741e-04
 52 -0.32011  2.87379e-04 | 53 -0.01148  1.05586e-05 | 54 -0.16214  2.40644e-01
 55 -0.13818 -2.29048e-01 | 56  0.19331  4.31355e-04 | 57  0.12986 -3.39805e-04
 58 -0.12950  1.54289e-02 | 59 -0.15554  2.25390e-01 |
59 variables; iteration 340; function evaluation 410; phase 4
Function value 9.3245264e+01; maximum gradient component mag 1.4046e-01
Var    Value     Gradient |Var    Value     Gradient |Var    Value     Gradient
  1  0.40337  5.47941e-05 |  2  0.15927 -5.31097e-02 |  3 -0.08377 -2.42170e-05
  4  0.01767  8.64105e-05 |  5 -0.02962  2.09656e-05 |  6  0.02760 -4.88547e-05
  7 -0.01210  7.74806e-04 |  8 -0.06571  7.92836e-04 |  9 -0.03118  7.43808e-04
 10 -0.01393  6.50528e-04 | 11  0.06736  6.19980e-04 | 12  0.03363  5.69087e-04
 13  0.06157  2.72920e-04 | 14  0.00904  5.47916e-04 | 15  0.00790  7.89963e-04
 16  0.06611  6.33603e-04 | 17  0.01181  7.36571e-04 | 18 -0.06318  7.45194e-04
 19 -0.02018  7.01887e-04 | 20 -0.03739  6.36103e-04 | 21  0.05049  7.80394e-04
 22  0.05531  7.70149e-04 | 23 -0.04336  1.07023e-03 | 24 -0.02211  1.14598e-03
 25 -0.11441  1.37170e-03 | 26 -0.01961  1.76477e-03 | 27 -0.02327  6.67989e-04
 28 -0.02227  2.81899e-04 | 29  0.03376  5.67076e-04 | 30 -0.01383 -1.88572e-03
 31  0.05351 -3.76691e-03 | 32 -0.03446 -8.60570e-04 | 33  0.05255 -5.01511e-03
 34  0.02171 -3.00134e-03 | 35  0.04952 -1.77419e-03 | 36  0.01157 -1.89613e-04
 37 -0.02668  4.05668e-04 | 38 -0.00099  6.54965e-04 | 39 -0.02150 -2.82704e-03
 40  0.24221 -2.39883e-03 | 41  0.24446 -7.65004e-02 | 42  0.26251 -7.91606e-05
 43  0.28752 -9.56709e-04 | 44 -0.36082 -3.97515e-05 | 45 -0.00890 -2.22627e-06
 46 -0.03707 -2.82621e-07 | 47 -0.69903  4.02415e-06 | 48 -0.45529 -4.73581e-05
 49 -0.52062  3.02154e-05 | 50 -0.32130 -4.46130e-04 | 51 -0.28009  5.54674e-04
 52 -0.32011  4.40669e-04 | 53 -0.01144  1.63971e-05 | 54 -0.18533  1.20315e-01
 55 -0.13772 -9.75242e-02 | 56  0.19331  6.23464e-04 | 57  0.12986 -8.65930e-04
 58 -0.10605 -1.79241e-02 | 59 -0.13221  1.40462e-01 |
59 variables; iteration 360; function evaluation 433; phase 4
Function value 9.3245263e+01; maximum gradient component mag 1.8088e-02
Var    Value     Gradient |Var    Value     Gradient |Var    Value     Gradient
  1  0.40337  1.34742e-05 |  2  0.15927 -6.89696e-03 |  3 -0.08377  3.39687e-07
  4  0.01767 -3.91843e-06 |  5 -0.02962 -1.78407e-06 |  6  0.02760  5.37578e-07
  7 -0.01210  9.82799e-05 |  8 -0.06571  9.82724e-05 |  9 -0.03118  9.93765e-05
 10 -0.01393  1.02860e-04 | 11  0.06736  1.03850e-04 | 12  0.03363  1.04720e-04
 13  0.06157  1.13569e-04 | 14  0.00904  1.05960e-04 | 15  0.00790  9.90763e-05
 16  0.06611  1.02884e-04 | 17  0.01181  1.01509e-04 | 18 -0.06318  1.00404e-04
 19 -0.02018  1.03833e-04 | 20 -0.03739  1.01462e-04 | 21  0.05049  1.01024e-04
 22  0.05531  9.93448e-05 | 23 -0.04336  9.50738e-05 | 24 -0.02211  9.19845e-05
 25 -0.11441  8.78787e-05 | 26 -0.01961  6.05936e-05 | 27 -0.02327  8.44642e-05
 28 -0.02227  6.39265e-05 | 29  0.03376 -7.15528e-05 | 30 -0.01383 -2.32469e-04
 31  0.05351 -4.56633e-04 | 32 -0.03446 -9.57775e-05 | 33  0.05255 -5.92117e-04
 34  0.02171 -3.55565e-04 | 35  0.04952 -1.91783e-04 | 36  0.01157 -2.41849e-06
 37 -0.02668  1.14343e-04 | 38 -0.00099  1.09502e-04 | 39 -0.02150 -3.32091e-04
 40  0.24221  4.75444e-05 | 41  0.24446 -1.04615e-02 | 42  0.26251  1.96278e-06
 43  0.28752 -6.84027e-05 | 44 -0.36083 -6.07143e-06 | 45 -0.00862 -1.11303e-07
 46 -0.03699 -4.59359e-09 | 47 -0.69904  5.70662e-08 | 48 -0.45529  5.24275e-06
 49 -0.52062 -6.28432e-06 | 50 -0.32130  5.02203e-06 | 51 -0.28009 -4.41528e-06
 52 -0.32011 -3.78922e-06 | 53 -0.01146 -1.18086e-07 | 54 -0.19755  1.79271e-02
 55 -0.13814 -1.67466e-02 | 56  0.19331  8.26793e-06 | 57  0.12986 -2.83927e-05
 58 -0.09490  3.70584e-04 | 59 -0.12069  1.80884e-02 |

 - final statistics:
59 variables; iteration 369; function evaluation 442
Function value 9.3245e+01; maximum gradient component mag 9.1992e-05
Exit code = 1;  converg criter 1.0000e-04
Var    Value     Gradient |Var    Value     Gradient |Var    Value     Gradient
  1  0.40337 -2.94997e-08 |  2  0.15927 -2.59442e-05 |  3 -0.08377 -4.37165e-09
  4  0.01767 -1.31929e-08 |  5 -0.02962 -1.58790e-08 |  6  0.02760 -1.61706e-08
  7 -0.01210  3.71739e-07 |  8 -0.06571  3.83799e-07 |  9 -0.03118  3.71356e-07
 10 -0.01393  3.71957e-07 | 11  0.06736  3.70478e-07 | 12  0.03363  3.60731e-07
 13  0.06157  3.30045e-07 | 14  0.00904  3.67001e-07 | 15  0.00790  3.88071e-07
 16  0.06611  3.54753e-07 | 17  0.01181  3.59886e-07 | 18 -0.06318  3.65854e-07
 19 -0.02018  3.68188e-07 | 20 -0.03739  3.32608e-07 | 21  0.05049  4.10605e-07
 22  0.05531  3.95286e-07 | 23 -0.04336  8.76988e-07 | 24 -0.02211  9.05969e-07
 25 -0.11441  1.20973e-06 | 26 -0.01961  8.94310e-07 | 27 -0.02327  3.33562e-07
 28 -0.02227  6.61292e-08 | 29  0.03376  1.57130e-06 | 30 -0.01383 -1.04543e-06
 31  0.05351 -2.55646e-06 | 32 -0.03446 -6.63370e-07 | 33  0.05255 -3.26378e-06
 34  0.02171 -2.06082e-06 | 35  0.04952 -1.08221e-06 | 36  0.01157 -5.59951e-08
 37 -0.02668  6.17797e-07 | 38 -0.00099  4.93401e-07 | 39 -0.02150 -2.01903e-06
 40  0.24221 -1.11769e-06 | 41  0.24446 -3.88239e-05 | 42  0.26251 -3.19417e-08
 43  0.28752 -1.40774e-06 | 44 -0.36083 -1.10905e-08 | 45 -0.00863 -4.65442e-10
 46 -0.03699 -2.19838e-10 | 47 -0.69904  2.81544e-09 | 48 -0.45529  4.62311e-08
 49 -0.52062 -8.63041e-08 | 50 -0.32130 -2.65586e-08 | 51 -0.28009  8.36720e-08
 52 -0.32011  2.66350e-07 | 53 -0.01147  1.01407e-08 | 54 -0.19958  6.06410e-05
 55 -0.13818 -3.52356e-05 | 56  0.19331  4.63612e-07 | 57  0.12986 -7.74121e-07
 58 -0.09301 -2.95040e-05 | 59 -0.11875  9.19924e-05 |
Estimating row 1 out of 59 for hessian
Estimating row 2 out of 59 for hessian
Estimating row 3 out of 59 for hessian
Estimating row 4 out of 59 for hessian
Estimating row 5 out of 59 for hessian
Estimating row 6 out of 59 for hessian
Estimating row 7 out of 59 for hessian
Estimating row 8 out of 59 for hessian
Estimating row 9 out of 59 for hessian
Estimating row 10 out of 59 for hessian
Estimating row 11 out of 59 for hessian
Estimating row 12 out of 59 for hessian
Estimating row 13 out of 59 for hessian
Estimating row 14 out of 59 for hessian
Estimating row 15 out of 59 for hessian
Estimating row 16 out of 59 for hessian
Estimating row 17 out of 59 for hessian
Estimating row 18 out of 59 for hessian
Estimating row 19 out of 59 for hessian
Estimating row 20 out of 59 for hessian
Estimating row 21 out of 59 for hessian
Estimating row 22 out of 59 for hessian
Estimating row 23 out of 59 for hessian
Estimating row 24 out of 59 for hessian
Estimating row 25 out of 59 for hessian
Estimating row 26 out of 59 for hessian
Estimating row 27 out of 59 for hessian
Estimating row 28 out of 59 for hessian
Estimating row 29 out of 59 for hessian
Estimating row 30 out of 59 for hessian
Estimating row 31 out of 59 for hessian
Estimating row 32 out of 59 for hessian
Estimating row 33 out of 59 for hessian
Estimating row 34 out of 59 for hessian
Estimating row 35 out of 59 for hessian
Estimating row 36 out of 59 for hessian
Estimating row 37 out of 59 for hessian
Estimating row 38 out of 59 for hessian
Estimating row 39 out of 59 for hessian
Estimating row 40 out of 59 for hessian
Estimating row 41 out of 59 for hessian
Estimating row 42 out of 59 for hessian
Estimating row 43 out of 59 for hessian
Estimating row 44 out of 59 for hessian
Estimating row 45 out of 59 for hessian
Estimating row 46 out of 59 for hessian
Estimating row 47 out of 59 for hessian
Estimating row 48 out of 59 for hessian
Estimating row 49 out of 59 for hessian
Estimating row 50 out of 59 for hessian
Estimating row 51 out of 59 for hessian
Estimating row 52 out of 59 for hessian
Estimating row 53 out of 59 for hessian
Estimating row 54 out of 59 for hessian
Estimating row 55 out of 59 for hessian
Estimating row 56 out of 59 for hessian
Estimating row 57 out of 59 for hessian
Estimating row 58 out of 59 for hessian
Estimating row 59 out of 59 for hessian
size of file gradfil1.tmp = 0
size of file gradfil2.tmp = 0
size of file varssave.tmp = 0
size of file cmpdiff.tmp = 0
