
Initial statistics: 2 variables; iteration 0; function evaluation 0; phase 1
Function value 4.3020515e+03; maximum gradient component mag 3.1848e+04
Var    Value     Gradient |Var    Value     Gradient |Var    Value     Gradient
  1  0.39650  3.18481e+04 |  2  0.21635  1.42769e+04 |

 - final statistics:
2 variables; iteration 7; function evaluation 13
Function value 5.4103e+02; maximum gradient component mag -1.5231e+00
Exit code = 1;  converg criter 1.0000e+01
Var    Value     Gradient |Var    Value     Gradient |Var    Value     Gradient
  1  0.20194 -1.14314e+00 |  2  0.18673 -1.52311e+00 |

Initial statistics: 52 variables; iteration 0; function evaluation 0; phase 2
Function value 5.4103000e+02; maximum gradient component mag 2.5488e+03
Var    Value     Gradient |Var    Value     Gradient |Var    Value     Gradient
  1  0.20194 -1.14314e+00 |  2  0.00000  1.94806e+01 |  3  0.00000 -1.22636e+02
  4  0.00000  3.50423e+01 |  5  0.00000 -7.89929e+01 |  6  0.00000 -3.91102e+01
  7  0.00000  4.28596e+01 |  8  0.00000 -2.03605e+00 |  9  0.00000  4.58563e+00
 10  0.00000 -7.70361e+01 | 11  0.00000  1.01642e+01 | 12  0.00000 -5.50348e+01
 13  0.00000 -1.74227e+01 | 14  0.00000 -1.60309e+01 | 15  0.00000 -9.15178e+01
 16  0.00000 -7.00639e-01 | 17  0.00000  8.89645e+01 | 18  0.00000  1.03956e+01
 19  0.00000  4.26470e+01 | 20  0.00000 -1.48059e+02 | 21  0.00000 -1.69800e+02
 22  0.00000  3.19307e+01 | 23  0.00000  1.39511e+01 | 24  0.00000  2.25850e+02
 25  0.00000 -3.60979e+01 | 26  0.00000 -1.94974e+01 | 27  0.00000  5.62955e+01
 28  0.00000 -1.25854e+02 | 29  0.00000  5.83659e+01 | 30  0.00000 -1.02703e+02
 31  0.00000  1.28770e+02 | 32  0.00000  1.05148e+01 | 33  0.00000 -1.27300e+01
 34  0.00000 -1.84923e+02 | 35  0.00000 -1.49321e+01 | 36  0.00000  8.68511e+01
 37  0.00000  8.51383e+01 | 38  0.00000  2.16202e+02 | 39  0.21635  5.59963e+01
 40  0.21635  2.54879e+03 | 41  0.21635 -7.14693e+02 | 42  0.18673 -1.52311e+00
 43 -1.00000 -1.08293e-07 | 44  0.00000  1.25169e-05 | 45  0.00000  1.26175e-01
 46 -0.53989  2.65848e+00 | 47 -1.00000 -1.08293e-07 | 48 -0.53989  1.37196e+01
 49 -1.00000 -1.08293e-07 | 50 -0.53989  4.13167e+00 | 51 -0.32288 -8.89249e+00
 52  0.21635 -2.72929e-01 |

Intermediate statistics: 52 variables; iteration 20; function evaluation 41; phase 2
Function value 3.3912842e+02; maximum gradient component mag -5.1909e+03
Var    Value     Gradient |Var    Value     Gradient |Var    Value     Gradient
  1  0.21085 -2.09298e+03 |  2 -0.08045 -2.30660e+01 |  3  0.48648  1.17775e+02
  4  0.30089  3.94339e+01 |  5  0.27696  5.68812e+01 |  6  0.15711  3.56058e+01
  7 -0.02159 -7.11695e+01 |  8 -0.04363 -8.97006e+01 |  9  0.08160  4.26760e+01
 10  0.17615  7.95298e+01 | 11  0.08105  1.87588e+01 | 12  0.04519 -3.84229e+01
 13  0.02675 -1.64920e+01 | 14  0.05027  1.86951e+01 | 15  0.05896 -3.10661e+01
 16 -0.00791 -3.45304e+01 | 17 -0.09062 -5.51155e+01 | 18 -0.02839 -1.50547e+01
 19 -0.01970 -1.07805e+01 | 20 -0.02139 -2.30832e+02 | 21 -0.02962 -2.69221e+02
 22 -0.00230  1.61914e+01 | 23 -0.02583 -8.11806e+01 | 24  0.00043  2.28796e+02
 25 -0.00159 -8.01626e+00 | 26  0.03122  3.09845e+01 | 27 -0.00821 -5.76165e+00
 28 -0.03481 -2.19404e+02 | 29 -0.02810  1.10616e+01 | 30 -0.03366 -2.10972e+02
 31 -0.09857 -1.72841e+02 | 32 -0.00110 -1.35200e+00 | 33 -0.00694  2.89340e+01
 34  0.05038  7.43557e+01 | 35 -0.04439 -9.79088e+01 | 36 -0.03873  5.73791e+01
 37 -0.04751  6.44941e+01 | 38 -0.14719  1.81027e+01 | 39  0.18896 -5.19091e+03
 40  0.21165  1.42271e+03 | 41  0.22126 -4.06451e+02 | 42  0.20392  1.33012e+03
 43 -1.33352 -8.90118e-04 | 44 -0.00001  2.31364e-03 | 45 -0.01011 -3.97826e-05
 46 -0.75307 -7.26768e-03 | 47 -1.41826  6.36804e+02 | 48 -0.51440  6.07094e+02
 49 -1.14369 -6.76235e+01 | 50 -0.77678 -4.32838e+01 | 51 -0.41557  9.32250e+01
 52  0.12218  1.10920e+01 |
52 variables; iteration 40; function evaluation 67; phase 2
Function value 2.9120926e+02; maximum gradient component mag -4.0088e+03
Var    Value     Gradient |Var    Value     Gradient |Var    Value     Gradient
  1  0.22792 -1.76026e+03 |  2 -0.17983 -3.82824e+01 |  3  0.45253  1.29450e+02
  4  0.25556  7.29696e+00 |  5  0.26442  7.08390e+01 |  6  0.15319  6.83631e+01
  7 -0.05814 -9.91751e+01 |  8 -0.08315 -1.03265e+02 |  9  0.03912  1.61767e+01
 10  0.17616  8.16833e+01 | 11  0.10087  3.51187e+01 | 12  0.07783  1.94274e+00
 13  0.04203 -3.71141e+00 | 14  0.06697  2.72201e+01 | 15  0.08111  1.90720e+01
 16  0.00333 -6.40370e+00 | 17 -0.08661 -4.77958e+01 | 18 -0.03369 -3.19970e+01
 19 -0.04351 -4.28626e+01 | 20 -0.01191 -2.06835e+02 | 21  0.00787 -1.76042e+02
 22 -0.01269  4.62253e+00 | 23 -0.00678 -3.77300e+01 | 24 -0.03373  1.32932e+02
 25  0.00895  3.89570e+01 | 26  0.01178  3.29085e+00 | 27 -0.01969 -2.14629e+01
 28 -0.00213 -1.04046e+02 | 29 -0.03371 -1.00022e+01 | 30 -0.01359 -1.57699e+02
 31 -0.12224 -2.32185e+02 | 32  0.02432  5.58119e+01 | 33 -0.00433  5.87842e+00
 34  0.07803  1.61183e+02 | 35 -0.02950 -9.08190e+01 | 36 -0.04513  1.83828e+01
 37 -0.06428  4.06629e+00 | 38 -0.18671 -7.28560e+01 | 39  0.18092 -4.00884e+03
 40  0.19558  6.94371e+02 | 41  0.21442  6.36885e+00 | 42  0.18572  2.69208e+02
 43 -1.55123 -5.63775e+00 | 44 -0.13105  5.96722e-01 | 45 -0.25547  7.88022e-01
 46 -2.68735  7.30714e-01 | 47 -1.35922  6.12148e+02 | 48 -0.59800  5.53798e+02
 49 -1.06365  1.72633e+02 | 50 -0.88512  9.54342e+01 | 51 -0.35198  4.18421e+01
 52 -0.96396  3.62748e-01 |
52 variables; iteration 60; function evaluation 98; phase 2
Function value 1.6574974e+02; maximum gradient component mag -1.2330e+03
Var    Value     Gradient |Var    Value     Gradient |Var    Value     Gradient
  1  0.27297 -1.19144e+03 |  2 -0.01856  5.50200e+00 |  3  0.09675  3.66454e+01
  4 -0.00359 -4.17180e+01 |  5  0.09487  2.78976e+01 |  6  0.05414 -2.30639e+00
  7  0.01096  2.26418e+01 |  8  0.04451  1.99814e+01 |  9  0.09761  5.79834e+01
 10  0.13100  5.76316e+01 | 11  0.02495 -1.13168e+01 | 12  0.04218  3.26992e+01
 13 -0.01085 -1.78091e+01 | 14  0.02196  2.58982e+01 | 15  0.04509  2.70699e+01
 16 -0.03511 -6.58422e+00 | 17 -0.12233 -6.06272e+01 | 18 -0.00737  1.48656e+01
 19 -0.01356  4.90328e+01 | 20  0.09238  3.43543e+01 | 21  0.07364 -9.41311e+00
 22 -0.04474 -3.15433e+01 | 23 -0.02621 -5.79213e+01 | 24 -0.11531 -9.69715e+00
 25 -0.04093 -3.28832e+01 | 26  0.05359  9.80277e+01 | 27 -0.01982 -2.52248e+01
 28  0.02091 -9.76753e+00 | 29 -0.03620 -1.55710e+01 | 30  0.02737 -2.91052e+01
 31 -0.07965 -1.25069e+02 | 32 -0.01230 -3.33860e+01 | 33  0.02546  5.47295e+01
 34  0.07605  1.12167e+02 | 35 -0.00557 -3.60886e+01 | 36 -0.06011 -3.16679e+01
 37 -0.08100 -6.61156e+01 | 38 -0.13301 -5.24258e+01 | 39  0.16699 -1.23299e+03
 40  0.15973 -6.25252e+02 | 41  0.18881  1.47682e+02 | 42  0.15056 -6.71177e+02
 43 -1.51971 -4.08630e-01 | 44 -0.39000  5.77461e-02 | 45 -4.10093  1.86305e-02
 46 -1.35823 -5.41921e-01 | 47 -1.26231  6.91221e+02 | 48 -0.71846  6.42605e+02
 49 -0.97562 -9.02795e+01 | 50 -1.04072 -5.39350e+01 | 51 -0.45780  1.91212e+01
 52  0.95557  1.88623e-01 |
Maximum number of function evaluations exceeded

 - final statistics:
52 variables; iteration 63; function evaluation 100
Function value 1.3955e+02; maximum gradient component mag 4.8173e+02
Exit code = 3;  converg criter 1.0000e+01
Var    Value     Gradient |Var    Value     Gradient |Var    Value     Gradient
  1  0.27521  6.37613e+01 |  2 -0.04626  1.27473e+01 |  3 -0.00971 -3.83511e+01
  4 -0.03363 -3.21106e+00 |  5  0.04910  7.46088e+00 |  6  0.02514 -3.88715e+00
  7 -0.03155 -9.21659e-01 |  8 -0.00924 -9.97395e-02 |  9  0.01295  4.64947e-01
 10  0.06281  6.12463e+00 | 11  0.00177 -6.34302e+00 | 12  0.01991  1.69598e+00
 13 -0.00450 -9.67534e+00 | 14  0.01262 -4.67789e-01 | 15  0.04003  5.50082e+00
 16 -0.01839 -1.70220e-01 | 17 -0.06605 -9.18438e+00 | 18 -0.00429 -5.19736e+00
 19 -0.02046  1.09158e+01 | 20  0.08778  1.39689e+01 | 21  0.08634  3.97570e+00
 22 -0.01102  2.11616e+00 | 23 -0.00118 -1.33288e+01 | 24 -0.10460 -1.40490e+01
 25 -0.01250 -8.56908e+00 | 26  0.01730  1.47789e+01 | 27 -0.00484  7.78503e+00
 28  0.03337  4.58212e+00 | 29 -0.02705 -2.92331e+00 | 30  0.04456  1.97310e+01
 31 -0.03139 -1.62833e+00 | 32  0.00683 -7.71570e+00 | 33  0.01258  9.39244e+00
 34  0.05207  1.39480e+00 | 35  0.00633 -5.55513e+00 | 36 -0.04028  4.25760e+00
 37 -0.04377  4.40168e+00 | 38 -0.09118 -9.81804e+00 | 39  0.16708  5.55360e+01
 40  0.15922  2.63751e+01 | 41  0.18228  4.24456e+01 | 42  0.15071 -5.07734e+01
 43 -1.52032 -8.43664e-01 | 44 -0.22983  1.20272e-01 | 45 -5.77937 -3.62897e-02
 46 -1.38821 -1.04967e+00 | 47 -1.34657  4.81730e+02 | 48 -0.63302  4.56320e+02
 49 -0.95562 -2.87092e+02 | 50 -1.07605 -1.67351e+02 | 51 -0.51375 -4.66792e-03
 52  2.25947  1.78447e-03 |

Initial statistics: 54 variables; iteration 0; function evaluation 0; phase 3
Function value 1.3954525e+02; maximum gradient component mag -6.2392e+02
Var    Value     Gradient |Var    Value     Gradient |Var    Value     Gradient
  1  0.27521  6.37613e+01 |  2 -0.04626  1.27473e+01 |  3 -0.00971 -3.83511e+01
  4 -0.03363 -3.21106e+00 |  5  0.04910  7.46088e+00 |  6  0.02513 -4.23542e+00
  7 -0.03155 -1.26977e+00 |  8 -0.00925 -4.48245e-01 |  9  0.01294  1.16476e-01
 10  0.06280  5.77779e+00 | 11  0.00176 -6.69156e+00 | 12  0.01990  1.34761e+00
 13 -0.00451 -1.00239e+01 | 14  0.01261 -8.16264e-01 | 15  0.04002  5.15297e+00
 16 -0.01840 -5.18617e-01 | 17 -0.06606 -9.53103e+00 | 18 -0.00430 -5.54590e+00
 19 -0.02047  1.05674e+01 | 20  0.08777  1.36236e+01 | 21  0.08633  3.63036e+00
 22 -0.01103  1.76767e+00 | 23 -0.00119 -1.36774e+01 | 24 -0.10461 -1.43928e+01
 25 -0.01251 -8.91755e+00 | 26  0.01729  1.44305e+01 | 27 -0.00485  7.43650e+00
 28  0.03336  4.23406e+00 | 29 -0.02706 -3.27154e+00 | 30  0.04456  1.93834e+01
 31 -0.03140 -1.97645e+00 | 32  0.00682 -8.06422e+00 | 33  0.01257  9.04397e+00
 34  0.05206  1.04743e+00 | 35  0.00632 -5.90366e+00 | 36 -0.04029  3.90975e+00
 37 -0.04378  4.05395e+00 | 38 -0.09119 -1.01630e+01 | 39  0.16708  5.55360e+01
 40  0.15922  2.63751e+01 | 41  0.18228  4.24456e+01 | 42  0.15071 -5.07734e+01
 43 -0.47968  8.43664e-01 | 44 -0.22983  1.20272e-01 | 45 -0.22063  3.62897e-02
 46 -0.61179  1.04967e+00 | 47 -0.65343 -4.81730e+02 | 48 -0.63302  4.56320e+02
 49 -0.95562 -2.87092e+02 | 50 -0.92395  1.67351e+02 | 51 -0.51375 -4.66792e-03
 52 -0.25947 -1.78447e-03 | 53 -0.17585 -6.23922e+02 | 54 -0.12819 -3.72039e+02

Intermediate statistics: 54 variables; iteration 20; function evaluation 31; phase 3
Function value 1.0569809e+02; maximum gradient component mag -1.0590e+03
Var    Value     Gradient |Var    Value     Gradient |Var    Value     Gradient
  1  0.19801 -1.05897e+03 |  2 -0.07071 -3.12175e+00 |  3  0.03810  2.97329e+00
  4 -0.01775 -1.71289e+00 |  5  0.03889 -1.32517e+01 |  6  0.01835  1.85732e+01
  7 -0.03959  1.95770e+01 |  8 -0.01459  2.00970e+01 |  9  0.00141  1.59620e+01
 10  0.05979  9.06504e+00 | 11  0.02116  2.43955e+01 | 12  0.03716  1.07883e+01
 13  0.01144  1.66395e+01 | 14  0.01787  1.84522e+01 | 15  0.04319 -8.50856e+00
 16 -0.01607 -7.93878e+00 | 17 -0.06198  1.61703e+01 | 18 -0.01829 -8.10549e+00
 19 -0.03960 -1.97717e+01 | 20  0.05495 -3.23560e+01 | 21  0.06424 -2.65643e+01
 22 -0.02466 -1.39337e+00 | 23 -0.01403 -1.60460e+01 | 24 -0.11445  1.58922e+00
 25 -0.02089 -2.20833e+00 | 26 -0.02963 -1.44072e+01 | 27 -0.02897 -2.09066e+01
 28  0.03542 -8.26152e+00 | 29 -0.02573  5.93624e+00 | 30  0.05865  1.50791e+01
 31 -0.02551  1.03223e+01 | 32  0.05184  3.83715e+01 | 33  0.03476  1.86961e+01
 34  0.05949 -8.87756e+00 | 35  0.01679  5.12725e+00 | 36 -0.03694  3.21009e+00
 37 -0.04387 -2.78228e+01 | 38 -0.02888  5.18848e+01 | 39  0.20666 -8.81454e+02
 40  0.21487 -4.73541e+02 | 41  0.22373 -5.10250e+02 | 42  0.18847  7.56317e+01
 43 -0.49331  1.28554e-01 | 44 -0.23181  1.97053e-02 | 45 -0.22133  1.10466e-02
 46 -0.63284  3.59637e-01 | 47 -0.85883 -9.17301e+01 | 48 -0.86528  9.61280e+01
 49 -0.93422 -5.30118e+02 | 50 -0.89097  3.19265e+02 | 51 -0.51414  2.03491e-01
 52 -0.25958  6.22223e-02 | 53 -0.09820  1.12635e+02 | 54 -0.07401  6.73119e+00
54 variables; iteration 40; function evaluation 59; phase 3
Function value 9.7706185e+01; maximum gradient component mag 1.0091e+03
Var    Value     Gradient |Var    Value     Gradient |Var    Value     Gradient
  1  0.18628 -8.82217e+02 |  2 -0.10535 -1.44480e+01 |  3  0.04801  8.71479e+00
  4 -0.00143  2.62919e+00 |  5  0.06193 -2.57006e+00 |  6  0.04182  1.80489e+01
  7 -0.01801  1.31301e+01 |  8  0.00852  1.00632e+01 |  9  0.04182  2.66896e+01
 10  0.09848  2.46998e+01 | 11  0.03741  1.44696e+01 | 12  0.04146  2.77738e+00
 13 -0.00119 -1.87958e+00 | 14  0.00900  1.02983e+01 | 15  0.04818  1.80382e+00
 16 -0.01094 -7.30500e-01 | 17 -0.06651  1.29919e+01 | 18 -0.02277 -1.57102e+00
 19 -0.04166 -7.01670e+00 | 20  0.05084 -1.68753e+01 | 21  0.06043 -8.72972e+00
 22 -0.03873 -1.09887e+01 | 23 -0.02427 -2.00510e+01 | 24 -0.12498 -1.13380e+01
 25 -0.02058 -1.47102e+00 | 26 -0.01587  1.13120e+01 | 27 -0.03122 -1.46025e+01
 28  0.01917 -5.11723e+01 | 29 -0.03588 -1.73287e+01 | 30  0.04586 -1.08039e+01
 31 -0.04056 -1.41868e+01 | 32  0.03442  1.64583e+01 | 33  0.02065 -4.67943e+00
 34  0.05565  6.91241e-01 | 35  0.01544  1.19460e+01 | 36 -0.04538 -1.83002e+01
 37 -0.04528 -3.31717e+01 | 38 -0.04680  2.72386e+01 | 39  0.21726 -5.44757e+02
 40  0.22674 -3.17562e+02 | 41  0.23637 -4.14035e+02 | 42  0.19508 -1.73094e+02
 43 -0.96186 -5.09639e-02 | 44 -0.30191 -1.61657e-03 | 45 -0.24341  3.35859e-04
 46 -1.32527 -4.97723e-02 | 47 -0.94582 -9.65445e+02 | 48 -0.94816  1.00911e+03
 49 -0.94663 -2.29980e+02 | 50 -0.92332  1.59913e+02 | 51 -0.52633  8.55988e-02
 52 -0.26305  2.78451e-02 | 53 -0.09923  1.04068e+02 | 54 -0.08008 -3.91491e+01
54 variables; iteration 60; function evaluation 91; phase 3
Function value 9.0672259e+01; maximum gradient component mag 2.2800e+02
Var    Value     Gradient |Var    Value     Gradient |Var    Value     Gradient
  1  0.16975  1.26040e+02 |  2 -0.06412 -9.91571e-01 |  3  0.03919  3.11563e+00
  4 -0.00977 -8.70247e-01 |  5  0.05812  8.77351e+00 |  6  0.02101 -5.81704e+00
  7 -0.03595  7.72599e-01 |  8 -0.00922 -6.70132e-01 |  9  0.00800 -2.90760e+00
 10  0.07964  2.66748e-01 | 11  0.03327 -3.83614e+00 | 12  0.05792  3.47032e+00
 13  0.00809 -5.10507e+00 | 14  0.01244 -1.78964e+00 | 15  0.06119 -4.63596e-01
 16  0.00530  2.68746e+00 | 17 -0.06882 -7.38531e+00 | 18 -0.02033 -1.57217e+00
 19 -0.04133 -1.22257e+00 | 20  0.05652 -3.60076e-01 | 21  0.06315  3.75523e+00
 22 -0.03811 -1.07056e+00 | 23 -0.01477  4.13208e+00 | 24 -0.11318  4.79296e+00
 25 -0.01888  4.15839e+00 | 26 -0.01898 -5.14155e-01 | 27 -0.02731 -9.26564e+00
 28  0.03291 -2.73395e+00 | 29 -0.02648 -3.24440e+00 | 30  0.04687 -8.50305e-01
 31 -0.04107 -2.21168e+00 | 32  0.02880  3.28891e-01 | 33  0.02241 -1.75481e+00
 34  0.05414  4.37372e+00 | 35  0.01704  1.45274e+00 | 36 -0.03360 -2.17102e+00
 37 -0.03120  5.06520e+00 | 38 -0.07056 -8.19657e+00 | 39  0.22941  5.83743e+00
 40  0.23997  6.00985e+01 | 41  0.25503  5.56645e+01 | 42  0.20492 -3.90002e+01
 43 -1.02192  8.41326e-02 | 44 -0.49608 -3.10645e-03 | 45 -0.47268  8.44529e-03
 46 -1.39880 -4.07472e-01 | 47 -0.97741 -2.10896e+02 | 48 -0.97912  2.28004e+02
 49 -0.94827 -3.90383e+01 | 50 -0.93151  2.94144e+01 | 51 -0.39229 -4.02588e-01
 52 -0.22774 -5.33150e-02 | 53 -0.10053 -7.88495e+00 | 54 -0.08110  1.98654e+00
Maximum number of function evaluations exceeded

 - final statistics:
54 variables; iteration 65; function evaluation 100
Function value 9.0442e+01; maximum gradient component mag 1.8996e+02
Exit code = 3;  converg criter 1.0000e+00
Var    Value     Gradient |Var    Value     Gradient |Var    Value     Gradient
  1  0.16796  4.73618e+01 |  2 -0.06397 -1.32341e-01 |  3  0.03363 -4.42444e-03
  4 -0.01369  8.29221e-01 |  5  0.04752 -3.11010e-01 |  6  0.01425 -5.77395e-01
  7 -0.04523 -3.71983e-01 |  8 -0.01676 -1.09428e+00 |  9  0.00191 -9.01567e-01
 10  0.07564 -1.18215e-01 | 11  0.03284 -6.08732e-01 | 12  0.05592 -1.21209e+00
 13  0.01058  4.95376e-01 | 14  0.01229 -6.91436e-01 | 15  0.06216 -2.49683e-01
 16  0.00571  4.79346e-01 | 17 -0.06402  1.39850e+00 | 18 -0.01850  9.47583e-01
 19 -0.03989  5.33511e-02 | 20  0.05675 -4.70752e-01 | 21  0.06273  3.41044e-01
 22 -0.03714  3.21524e-01 | 23 -0.01534 -1.36570e-01 | 24 -0.11445 -3.31174e-01
 25 -0.01886 -7.00095e-01 | 26 -0.01959 -3.05530e-01 | 27 -0.02338  3.90726e-01
 28  0.03531  1.70167e+00 | 29 -0.02449  7.41902e-01 | 30  0.04826  1.68657e+00
 31 -0.03919  1.08378e+00 | 32  0.02972  9.09936e-01 | 33  0.02417  8.25833e-01
 34  0.05421  7.14366e-03 | 35  0.01746 -4.08987e-01 | 36 -0.03092 -2.47708e-02
 37 -0.02860 -5.24066e-01 | 38 -0.06373  9.55075e-01 | 39  0.23091  3.69502e+01
 40  0.24074  2.45443e+01 | 41  0.25555  2.62471e+00 | 42  0.20576  5.63544e+00
 43 -1.02475  7.57717e-02 | 44 -0.49421 -3.08836e-03 | 45 -0.49110 -7.33740e-04
 46 -1.35545 -9.33436e-02 | 47 -0.97702 -1.75203e+02 | 48 -0.97882  1.89958e+02
 49 -0.94869  2.79104e+01 | 50 -0.93301 -2.14285e+01 | 51 -0.37618 -1.83154e+00
 52 -0.17846 -1.96668e-01 | 53 -0.10054 -3.02119e+00 | 54 -0.08163  5.06339e-01

Initial statistics: 56 variables; iteration 0; function evaluation 0; phase 4
Function value 9.0442346e+01; maximum gradient component mag 1.8996e+02
Var    Value     Gradient |Var    Value     Gradient |Var    Value     Gradient
  1  0.16796  4.73618e+01 |  2 -0.06397 -1.32341e-01 |  3  0.03363 -4.42444e-03
  4 -0.01369  8.29221e-01 |  5  0.04752 -3.11010e-01 |  6  0.01425 -6.87097e-01
  7 -0.04523 -4.81435e-01 |  8 -0.01676 -1.20397e+00 |  9  0.00190 -1.01130e+00
 10  0.07564 -2.27171e-01 | 11  0.03283 -7.18316e-01 | 12  0.05591 -1.32140e+00
 13  0.01057  3.85662e-01 | 14  0.01229 -8.01145e-01 | 15  0.06216 -3.58890e-01
 16  0.00570  3.69621e-01 | 17 -0.06402  1.28933e+00 | 18 -0.01851  8.37900e-01
 19 -0.03989 -5.61630e-02 | 20  0.05674 -5.80046e-01 | 21  0.06273  2.31847e-01
 22 -0.03714  2.11981e-01 | 23 -0.01534 -2.46267e-01 | 24 -0.11446 -4.39135e-01
 25 -0.01887 -8.09776e-01 | 26 -0.01959 -4.15207e-01 | 27 -0.02339  2.81070e-01
 28  0.03531  1.59211e+00 | 29 -0.02449  6.32254e-01 | 30  0.04826  1.57716e+00
 31 -0.03920  9.74254e-01 | 32  0.02972  8.00326e-01 | 33  0.02417  7.16183e-01
 34  0.05421 -1.02188e-01 | 35  0.01746 -5.18675e-01 | 36 -0.03092 -1.34371e-01
 37 -0.02861 -6.33684e-01 | 38 -0.06373  8.45894e-01 | 39  0.23091  3.69502e+01
 40  0.24074  2.45443e+01 | 41  0.25555  2.62471e+00 | 42  0.20576  5.63544e+00
 43 -0.97525 -7.57717e-02 | 44 -0.49421 -3.08836e-03 | 45 -0.49110 -7.33740e-04
 46 -0.64455  9.33436e-02 | 47 -0.97702 -1.75203e+02 | 48 -0.97882  1.89958e+02
 49 -0.94869  2.79104e+01 | 50 -0.93301 -2.14285e+01 | 51 -0.37618 -1.83154e+00
 52 -0.17846 -1.96668e-01 | 53 -0.10054 -3.02119e+00 | 54 -0.08163  5.06339e-01
 55 -0.05795  1.14159e+02 | 56 -0.17585 -1.13232e+02 |

Intermediate statistics: 56 variables; iteration 20; function evaluation 29; phase 4
Function value 8.8404358e+01; maximum gradient component mag -4.1650e+02
Var    Value     Gradient |Var    Value     Gradient |Var    Value     Gradient
  1  0.16702 -4.16498e+02 |  2 -0.06597 -6.61555e-01 |  3  0.03337  1.46088e+00
  4 -0.01649 -1.87781e+00 |  5  0.04531 -5.47839e-01 |  6  0.01049  4.11138e+00
  7 -0.04809  4.25591e+00 |  8 -0.01454  8.46121e+00 |  9  0.00479  8.33953e+00
 10  0.07605  5.05753e+00 | 11  0.03431  6.29093e+00 | 12  0.06006  1.19688e+01
 13  0.00892  4.50753e+00 | 14  0.00931  2.70644e+00 | 15  0.06437  9.16364e+00
 16  0.00855  1.05196e+01 | 17 -0.07206 -9.28849e+00 | 18 -0.01996  2.51011e+00
 19 -0.03818  9.79891e+00 | 20  0.05526  4.74790e-01 | 21  0.05977 -3.04226e+00
 22 -0.04357 -4.75505e+00 | 23 -0.02135 -1.20626e+01 | 24 -0.11543  2.54141e+00
 25 -0.01877  6.75223e+00 | 26 -0.02377 -3.98936e+00 | 27 -0.02578 -7.23029e+00
 28  0.03272 -1.34785e+01 | 29 -0.02060  2.63835e+00 | 30  0.04912 -1.36656e+01
 31 -0.03766  8.93241e-02 | 32  0.03307 -5.25082e+00 | 33  0.02804 -2.45037e-01
 34  0.05431 -7.24067e+00 | 35  0.02121  7.22473e+00 | 36 -0.02847 -1.98770e+00
 37 -0.02856 -2.51718e+01 | 38 -0.05368  8.31770e+00 | 39  0.23262 -4.73217e+01
 40  0.23925 -3.33468e+02 | 41  0.25658 -8.03802e+00 | 42  0.20520 -3.48581e+01
 43 -0.95269 -4.14530e-02 | 44 -0.49328 -3.07939e-03 | 45 -0.49085 -2.43159e-03
 46 -0.67153  2.31601e-02 | 47 -0.92245 -8.09159e+01 | 48 -0.92864  8.78980e+01
 49 -0.79471  2.75484e+00 | 50 -0.73262 -2.11667e+00 | 51 -0.35010  1.79903e+00
 52 -0.16661  1.35471e-01 | 53 -0.23978  7.89006e+01 | 54 -0.07282 -2.42481e+01
 55  0.05395  5.49388e+01 | 56 -0.02447  2.96910e+01 |
56 variables; iteration 40; function evaluation 54; phase 4
Function value 8.7048384e+01; maximum gradient component mag -1.1011e+02
Var    Value     Gradient |Var    Value     Gradient |Var    Value     Gradient
  1  0.16636 -1.10111e+02 |  2 -0.05623  2.68917e+00 |  3  0.03354 -1.53542e+00
  4 -0.01820 -3.63260e+00 |  5  0.04193 -3.42246e+00 |  6  0.00595 -8.65666e-01
  7 -0.05448 -1.26161e+00 |  8 -0.02497 -9.94755e-01 |  9 -0.00928 -2.57832e+00
 10  0.06798 -3.93407e+00 | 11  0.03301  3.13990e+00 | 12  0.05760 -1.09610e+00
 13  0.01259 -1.00807e-01 | 14  0.01547  2.91538e+00 | 15  0.06188 -7.71945e+00
 16  0.00714 -3.49205e+00 | 17 -0.06401  4.66842e-01 | 18 -0.02140 -1.48707e+00
 19 -0.03961 -2.95578e+00 | 20  0.05430  2.72258e-01 | 21  0.05966 -2.29713e+00
 22 -0.03696  4.30911e+00 | 23 -0.01808  9.70918e-02 | 24 -0.11558  1.59489e+00
 25 -0.01911 -4.69772e+00 | 26 -0.01819  1.96137e+00 | 27 -0.02346  5.41480e+00
 28  0.03383 -3.04064e+00 | 29 -0.02111 -2.81800e+00 | 30  0.05505  5.81913e+00
 31 -0.03586  2.07353e+00 | 32  0.03801  1.42927e+00 | 33  0.03025  1.48809e+00
 34  0.05769  7.22188e-01 | 35  0.02207  2.87694e+00 | 36 -0.02827 -1.50299e+00
 37 -0.02529  1.34471e+00 | 38 -0.05727  7.74193e-01 | 39  0.23196 -5.92672e+01
 40  0.23981  2.21555e+01 | 41  0.25670  1.64227e+01 | 42  0.20580  3.78075e+01
 43 -0.87403 -1.56327e-02 | 44 -0.48643 -3.01403e-03 | 45 -0.48503 -2.90526e-03
 46 -0.70192 -1.39932e-03 | 47 -0.77163 -4.73431e+01 | 48 -0.78976  5.14931e+01
 49 -0.55524 -4.38328e+01 | 50 -0.42065  3.34034e+01 | 51 -0.36223  2.60755e+00
 52 -0.11960  2.26020e-01 | 53 -0.17846  3.16349e+01 | 54 -0.08569 -1.65897e+01
 55 -0.03339 -1.33016e+00 | 56 -0.09267  3.38899e+01 |
56 variables; iteration 60; function evaluation 84; phase 4
Function value 8.6441481e+01; maximum gradient component mag 5.3251e+01
Var    Value     Gradient |Var    Value     Gradient |Var    Value     Gradient
  1  0.16956  2.89484e+01 |  2 -0.06735 -1.23777e+00 |  3  0.03514 -4.38744e-01
  4 -0.01284  6.57255e-01 |  5  0.04959  2.10494e-01 |  6  0.01690 -4.23052e-01
  7 -0.04227 -7.79862e-03 |  8 -0.01411 -8.28278e-01 |  9  0.00495  1.67587e-02
 10  0.07695  7.29103e-01 | 11  0.03258 -7.53125e-01 | 12  0.05488 -4.70500e-01
 13  0.01022  1.04632e+00 | 14  0.01175 -8.68950e-01 | 15  0.06157  1.52342e+00
 16  0.00433  1.08678e+00 | 17 -0.06786 -8.52720e-01 | 18 -0.02329 -1.79247e+00
 19 -0.04041 -4.05557e-02 | 20  0.05362  5.07961e-01 | 21  0.05939  5.49791e-01
 22 -0.04005 -1.21516e+00 | 23 -0.01949  6.24939e-01 | 24 -0.11796 -4.84025e-01
 25 -0.01974 -6.03903e-01 | 26 -0.02106 -1.42967e+00 | 27 -0.02769 -1.35005e+00
 28  0.03260  1.25631e+00 | 29 -0.02184  1.22024e+00 | 30  0.05201 -1.01444e+00
 31 -0.03697 -4.81175e-01 | 32  0.03527 -1.70452e+00 | 33  0.02839  5.08050e-02
 34  0.05617  1.38674e-02 | 35  0.01808 -9.69422e-01 | 36 -0.03021  2.73703e+00
 37 -0.02842  5.45899e+00 | 38 -0.05862 -1.17471e+00 | 39  0.23151  5.32514e+01
 40  0.23646 -2.29266e+01 | 41  0.25406 -8.97377e-01 | 42  0.20414 -7.11871e+00
 43 -0.59195 -4.80943e-03 | 44 -0.41682 -2.58832e-03 | 45 -0.41855 -2.06400e-03
 46 -0.68608  9.96715e-03 | 47 -0.66881  9.23549e-02 | 48 -0.69512 -1.29762e-01
 49 -0.52806 -3.70666e+01 | 50 -0.38829  2.90439e+01 | 51 -0.37868 -2.85546e+00
 52  0.25991 -2.00605e-01 | 53 -0.11484  5.66326e+00 | 54 -0.11419 -5.92218e+00
 55 -0.13940  2.83415e+00 | 56 -0.18518  2.73226e+00 |
56 variables; iteration 80; function evaluation 138; phase 4
Function value 8.5198182e+01; maximum gradient component mag 2.2057e+03
Var    Value     Gradient |Var    Value     Gradient |Var    Value     Gradient
  1  0.16609 -1.31874e+01 |  2 -0.07043 -2.31244e-01 |  3  0.03136 -2.17895e-01
  4 -0.01714 -3.17699e-01 |  5  0.04374  2.74139e-01 |  6  0.00854 -3.23945e-02
  7 -0.04969 -4.95746e-01 |  8 -0.01975 -2.57357e-01 |  9 -0.00204 -7.16805e-01
 10  0.07323  2.37172e-01 | 11  0.03314  1.13485e-01 | 12  0.05680 -1.13347e-01
 13  0.01096  7.28069e-01 | 14  0.01218  6.24131e-02 | 15  0.06331  5.16541e-01
 16  0.00710  1.25219e+00 | 17 -0.06564 -8.21406e-01 | 18 -0.02215  2.55704e-01
 19 -0.03933  5.31917e-01 | 20  0.05272  8.75298e-01 | 21  0.05883  1.63996e+00
 22 -0.03903  6.04870e-01 | 23 -0.01924  1.46034e+00 | 24 -0.11588 -8.60413e-02
 25 -0.01820  1.05714e+00 | 26 -0.02054 -3.37619e-02 | 27 -0.02584  1.32072e+00
 28  0.03437  3.51778e+00 | 29 -0.02045  6.16436e-01 | 30  0.05307  1.91243e+00
 31 -0.03611  9.34092e-01 | 32  0.03568 -9.61141e-01 | 33  0.02905 -5.85955e-01
 34  0.05729  9.85165e-01 | 35  0.01991 -2.35433e+00 | 36 -0.02789 -1.95841e+00
 37 -0.02480 -6.92302e+00 | 38 -0.05990 -3.27801e+00 | 39  0.23254  8.28680e+00
 40  0.23919  1.22589e+00 | 41  0.25693  6.99575e+00 | 42  0.20587  6.37409e+00
 43 -0.37512  7.96098e-01 | 44 -0.00082  2.67628e-02 | 45 -0.00767 -3.79530e-05
 46 -0.88857 -1.77104e-02 | 47 -0.71012 -3.14319e+01 | 48 -0.73356  3.42773e+01
 49 -0.47950 -2.90844e+01 | 50 -0.35660  2.27490e+01 | 51 -0.43580 -6.30274e-01
 52  0.91379  1.31782e-02 | 53 -0.09418  1.94855e+03 | 54 -0.17554 -1.32159e+03
 55 -0.26012 -3.98177e+02 | 56 -0.26035  2.20572e+03 |
56 variables; iteration 100; function evaluation 163; phase 4
Function value 8.3881933e+01; maximum gradient component mag -1.0023e+02
Var    Value     Gradient |Var    Value     Gradient |Var    Value     Gradient
  1  0.16365  8.62140e+00 |  2 -0.07723 -3.18384e-02 |  3  0.02576  3.16308e-02
  4 -0.02216  3.97889e-02 |  5  0.03715  1.12216e-01 |  6  0.00062 -1.92359e-02
  7 -0.05544 -1.39842e-01 |  8 -0.02336 -8.05942e-02 |  9 -0.00570 -9.19581e-02
 10  0.07136 -1.14546e-01 | 11  0.03342 -5.09476e-01 | 12  0.05866 -1.44408e+00
 13  0.00962 -3.61127e-01 | 14  0.00951 -1.07586e-01 | 15  0.06416  3.61722e-01
 16  0.00864  4.21673e-01 | 17 -0.06534 -1.47599e-01 | 18 -0.02131 -2.60191e-02
 19 -0.03847  2.41139e-01 | 20  0.05240  1.39383e-01 | 21  0.05779  1.69789e-01
 22 -0.04112 -1.03887e-01 | 23 -0.02030  9.67394e-02 | 24 -0.11471 -1.86803e-01
 25 -0.01745  1.03371e-01 | 26 -0.02147 -3.06411e-02 | 27 -0.02440  7.62657e-02
 28  0.03622  4.59897e-01 | 29 -0.01884  2.77726e-01 | 30  0.05278  3.31551e-01
 31 -0.03553  1.57202e-01 | 32  0.03639  2.27218e-02 | 33  0.03042  9.89878e-02
 34  0.05627  3.59725e-01 | 35  0.02083 -6.22162e-02 | 36 -0.02385  3.68281e-01
 37 -0.01880  2.26902e-01 | 38 -0.05328 -3.59613e-01 | 39  0.23843  1.62629e+01
 40  0.24084 -2.70654e+00 | 41  0.25873  3.31862e-02 | 42  0.20661  3.85071e-01
 43 -0.38784 -5.87415e-01 | 44  1.08089 -1.98015e-02 | 45  0.94030  2.73640e-02
 46 -1.07590  2.60476e-02 | 47 -0.75451  1.03767e+01 | 48 -0.77609 -1.14181e+01
 49 -0.31531  9.70130e-01 | 50 -0.26385 -5.86338e-01 | 51 -0.31002 -3.28636e-01
 52 -0.40418 -1.32460e-02 | 53 -0.08829 -1.00227e+02 | 54 -0.16787  9.27650e+01
 55 -0.25372 -1.23167e+01 | 56 -0.25982 -8.06225e+01 |
56 variables; iteration 120; function evaluation 183; phase 4
Function value 8.3855061e+01; maximum gradient component mag 8.5276e+00
Var    Value     Gradient |Var    Value     Gradient |Var    Value     Gradient
  1  0.16369  1.21953e+00 |  2 -0.07710 -1.51908e-03 |  3  0.02586 -3.19445e-03
  4 -0.02213 -5.49135e-03 |  5  0.03709  2.03254e-03 |  6  0.00055 -1.43851e-02
  7 -0.05543 -2.17564e-02 |  8 -0.02340 -2.28687e-02 |  9 -0.00579 -2.39811e-02
 10  0.07121 -1.75466e-02 | 11  0.03340 -2.50658e-02 | 12  0.05861 -3.62032e-02
 13  0.00992 -4.34871e-03 | 14  0.01011 -1.08406e-02 | 15  0.06404  1.40715e-02
 16  0.00837  1.25615e-02 | 17 -0.06494 -1.61106e-02 | 18 -0.02155 -2.23880e-02
 19 -0.03864  4.64093e-04 | 20  0.05192  2.08141e-03 | 21  0.05760  1.20129e-02
 22 -0.04058  5.28439e-03 | 23 -0.02009  1.36474e-02 | 24 -0.11478 -1.66634e-02
 25 -0.01748 -8.37605e-03 | 26 -0.02132 -1.29012e-02 | 27 -0.02482  9.74825e-03
 28  0.03582  5.74699e-02 | 29 -0.01896  2.66349e-02 | 30  0.05291  7.63946e-02
 31 -0.03560  1.49117e-02 | 32  0.03640  5.60705e-02 | 33  0.03040  3.85150e-02
 34  0.05675  3.83337e-02 | 35  0.02124 -1.26258e-02 | 36 -0.02439 -1.46752e-02
 37 -0.01892 -8.02328e-02 | 38 -0.05285 -2.35989e-02 | 39  0.23678  2.00562e+00
 40  0.24098  6.54750e-01 | 41  0.25871  2.90393e-02 | 42  0.20658  5.87346e-02
 43 -0.38421 -6.59976e-02 | 44  1.38849 -3.40392e-03 | 45  0.07357  5.94972e-04
 46 -1.29414 -1.42785e-03 | 47 -0.73329 -2.41288e+00 | 48 -0.75654  2.63433e+00
 49 -0.31600  2.91012e-02 | 50 -0.26405 -3.20842e-02 | 51 -0.30888 -3.34468e-01
 52 -0.65751 -1.42747e-02 | 53 -0.08063  8.52759e+00 | 54 -0.16926 -7.46344e+00
 55 -0.26426  4.09327e-01 | 56 -0.26932  7.42833e+00 |
56 variables; iteration 140; function evaluation 203; phase 4
Function value 8.3852864e+01; maximum gradient component mag 1.4519e+00
Var    Value     Gradient |Var    Value     Gradient |Var    Value     Gradient
  1  0.16368 -6.27103e-01 |  2 -0.07716 -1.24577e-02 |  3  0.02582 -4.88974e-03
  4 -0.02216  1.31265e-03 |  5  0.03704 -1.07759e-02 |  6  0.00048 -1.11098e-02
  7 -0.05547  1.18999e-02 |  8 -0.02344  5.13318e-03 |  9 -0.00583  2.54847e-04
 10  0.07119  6.63101e-04 | 11  0.03340  3.16722e-02 | 12  0.05861  5.67307e-02
 13  0.00990  1.44123e-02 | 14  0.01008  1.46283e-03 | 15  0.06405 -2.75448e-02
 16  0.00839 -2.97846e-02 | 17 -0.06494 -2.99151e-04 | 18 -0.02152 -2.42983e-03
 19 -0.03862 -2.10756e-02 | 20  0.05197 -3.34888e-03 | 21  0.05763 -1.30823e-02
 22 -0.04060  3.53632e-03 | 23 -0.02009 -2.40598e-02 | 24 -0.11473  3.52851e-02
 25 -0.01748 -2.39636e-02 | 26 -0.02133 -7.74724e-03 | 27 -0.02477  2.12427e-03
 28  0.03585 -2.19232e-02 | 29 -0.01895 -2.14286e-02 | 30  0.05289 -6.71324e-02
 31 -0.03558 -1.03750e-02 | 32  0.03638 -6.14829e-02 | 33  0.03039 -4.55765e-02
 34  0.05671 -3.95879e-02 | 35  0.02122  1.16342e-02 | 36 -0.02436  3.88116e-02
 37 -0.01889  2.04020e-01 | 38 -0.05286  1.50389e-02 | 39  0.23687 -1.29792e+00
 40  0.24096 -3.15339e-01 | 41  0.25872 -1.92023e-02 | 42  0.20658 -8.94319e-02
 43 -0.36860 -4.65838e-02 | 44  2.01823  1.36366e-03 | 45 -0.34108 -1.66410e-03
 46 -1.30754 -2.26066e-03 | 47 -0.72207 -7.14521e-01 | 48 -0.74637  7.70117e-01
 49 -0.31616 -4.97498e-02 | 50 -0.26415  1.90692e-02 | 51 -0.32408  4.19366e-01
 52 -0.25437  1.91117e-02 | 53 -0.08232  3.96334e-01 | 54 -0.16970 -1.44809e+00
 55 -0.26318  1.45188e+00 | 56 -0.26790 -1.08472e+00 |
56 variables; iteration 160; function evaluation 224; phase 4
Function value 8.3852298e+01; maximum gradient component mag 1.1406e+00
Var    Value     Gradient |Var    Value     Gradient |Var    Value     Gradient
  1  0.16369 -1.69391e-01 |  2 -0.07712 -1.26378e-03 |  3  0.02583 -3.79293e-03
  4 -0.02215 -1.88590e-03 |  5  0.03706 -1.90676e-03 |  6  0.00052  6.86466e-04
  7 -0.05545  9.57784e-04 |  8 -0.02342  9.24684e-04 |  9 -0.00579  1.02312e-03
 10  0.07121  1.22360e-03 | 11  0.03340  6.96455e-04 | 12  0.05861 -3.88831e-03
 13  0.00993 -1.04418e-03 | 14  0.01012  6.05017e-04 | 15  0.06404 -1.32981e-03
 16  0.00836 -2.40308e-03 | 17 -0.06492 -1.37558e-03 | 18 -0.02154 -1.40710e-03
 19 -0.03864 -1.67805e-03 | 20  0.05193 -7.17949e-04 | 21  0.05762 -1.06423e-04
 22 -0.04056  1.32022e-03 | 23 -0.02006  2.17723e-04 | 24 -0.11476  1.28623e-03
 25 -0.01748 -2.05655e-03 | 26 -0.02131 -1.16090e-03 | 27 -0.02481  1.17144e-03
 28  0.03581 -1.05121e-03 | 29 -0.01897 -1.01125e-03 | 30  0.05291 -2.08978e-04
 31 -0.03559 -3.18274e-04 | 32  0.03638  4.28539e-04 | 33  0.03038  3.79973e-04
 34  0.05676 -2.52627e-04 | 35  0.02124 -8.95337e-04 | 36 -0.02441  8.06064e-04
 37 -0.01891  5.57034e-03 | 38 -0.05287  2.39397e-03 | 39  0.23672 -7.64692e-02
 40  0.24096  4.36243e-02 | 41  0.25871  3.01798e-03 | 42  0.20658  5.69907e-04
 43 -0.36610 -4.31600e-02 | 44  2.10658  1.68977e-03 | 45  0.02568  2.98718e-04
 46 -1.29138  5.08935e-04 | 47 -0.71350 -1.05119e+00 | 48 -0.73856  1.14057e+00
 49 -0.31596  1.40278e-02 | 50 -0.26402 -6.56115e-03 | 51 -0.33076  2.60196e-02
 52 -0.14523  7.40349e-04 | 53 -0.08233  4.47821e-01 | 54 -0.16975 -3.88261e-01
 55 -0.26325  1.42202e-02 | 56 -0.26793  3.95607e-01 |
56 variables; iteration 180; function evaluation 263; phase 4
Function value 8.3503164e+01; maximum gradient component mag -1.8147e+01
Var    Value     Gradient |Var    Value     Gradient |Var    Value     Gradient
  1  0.16390 -1.81469e+01 |  2 -0.07844 -4.59807e-03 |  3  0.02527  4.04348e-02
  4 -0.02271 -3.28527e-02 |  5  0.03623 -7.50155e-03 |  6 -0.00032  2.69914e-01
  7 -0.05574  2.74027e-01 |  8 -0.02362  2.47119e-01 |  9 -0.00606  2.26454e-01
 10  0.07081  2.52175e-01 | 11  0.03341  2.30984e-01 | 12  0.05882  7.19828e-02
 13  0.01082  2.18914e-01 | 14  0.01157  2.95418e-01 | 15  0.06355  2.69075e-01
 16  0.00760  2.27306e-01 | 17 -0.06421  2.08584e-01 | 18 -0.02184  1.51564e-01
 19 -0.03892  2.06975e-01 | 20  0.05104  1.51971e-01 | 21  0.05722  2.24537e-01
 22 -0.03920  3.17130e-01 | 23 -0.01932  2.12161e-01 | 24 -0.11488  2.23524e-01
 25 -0.01742  2.88192e-01 | 26 -0.02076  2.58963e-01 | 27 -0.02561  1.82276e-01
 28  0.03498  3.39336e-01 | 29 -0.01932  3.15474e-01 | 30  0.05316  4.64531e-01
 31 -0.03554  3.12110e-01 | 32  0.03601  3.82409e-01 | 33  0.03018  2.55171e-01
 34  0.05811  1.86677e-01 | 35  0.02195 -3.71098e-01 | 36 -0.02559 -1.51433e+00
 37 -0.01884 -4.93345e+00 | 38 -0.05234 -4.90063e-01 | 39  0.23241  1.16783e+00
 40  0.24082  1.29347e-01 | 41  0.25842 -5.99825e-02 | 42  0.20643  1.28543e-01
 43 -0.38426 -5.47316e-01 | 44  0.58463 -5.63384e-03 | 45 -10.23015 -1.19119e-03
 46 -1.11549  1.70796e-02 | 47 -0.48434 -1.27391e+01 | 48 -0.53665  1.40051e+01
 49 -0.31126  7.55915e-01 | 50 -0.26106 -6.13877e-01 | 51 -0.47868 -1.52281e-01
 52  1.89090  2.73598e-02 | 53 -0.08099 -2.00333e+00 | 54 -0.16782  1.41124e+01
 55 -0.26154 -1.64192e+01 | 56 -0.26762  1.45039e+01 |
56 variables; iteration 200; function evaluation 284; phase 4
Function value 8.3447117e+01; maximum gradient component mag 3.1841e+01
Var    Value     Gradient |Var    Value     Gradient |Var    Value     Gradient
  1  0.16396  3.18405e+01 |  2 -0.07881  6.05811e-02 |  3  0.02466 -7.87142e-02
  4 -0.02326 -1.97454e-01 |  5  0.03591  1.79294e-01 |  6 -0.00071 -2.17944e-01
  7 -0.05633 -6.74008e-01 |  8 -0.02408 -5.41904e-01 |  9 -0.00647 -5.20967e-01
 10  0.07062 -2.19327e-01 | 11  0.03299 -6.93536e-01 | 12  0.05852 -5.65738e-01
 13  0.01046 -3.24415e-01 | 14  0.01102 -4.46228e-01 | 15  0.06360  1.97224e-01
 16  0.00766  1.02006e-01 | 17 -0.06480 -8.05525e-01 | 18 -0.02183 -4.79855e-01
 19 -0.03878 -2.62673e-01 | 20  0.05127 -9.48655e-02 | 21  0.05737  2.23468e-01
 22 -0.03952 -4.36551e-01 | 23 -0.01950  2.65240e-02 | 24 -0.11517 -1.00377e+00
 25 -0.01737 -2.88015e-01 | 26 -0.02105 -5.12984e-01 | 27 -0.02545 -1.25134e-01
 28  0.03527  4.45218e-01 | 29 -0.01923 -4.20216e-02 | 30  0.05329  8.48326e-01
 31 -0.03541 -1.70244e-01 | 32  0.03634  3.54572e-01 | 33  0.03048  1.77878e-01
 34  0.05800  6.69066e-01 | 35  0.02180  6.82720e-02 | 36 -0.02494  1.33965e+00
 37 -0.01780  3.81173e+00 | 38 -0.05056  1.08761e-01 | 39  0.23360  2.22245e+01
 40  0.24075  4.83715e+00 | 41  0.25825  9.83564e-01 | 42  0.20630  1.28057e+00
 43 -0.38184 -2.46105e-01 | 44  0.47194 -2.38946e-03 | 45 -10.14100 -7.09454e-04
 46 -1.18541  1.04702e-02 | 47 -0.47237 -6.97974e+00 | 48 -0.52812  7.77119e+00
 49 -0.31222  3.64671e-01 | 50 -0.26146 -4.32005e-01 | 51 -0.44872 -9.55332e-01
 52  1.11689  2.57422e-03 | 53 -0.07548  4.74711e+00 | 54 -0.16545  2.13808e-01
 55 -0.26351 -5.52337e+00 | 56 -0.27143  9.84297e+00 |
56 variables; iteration 220; function evaluation 304; phase 4
Function value 8.3420217e+01; maximum gradient component mag -2.2574e+01
Var    Value     Gradient |Var    Value     Gradient |Var    Value     Gradient
  1  0.16392 -1.63076e+01 |  2 -0.07908  5.94046e-02 |  3  0.02455  8.45446e-02
  4 -0.02333 -1.62745e-02 |  5  0.03567  1.28672e-01 |  6 -0.00104  3.77469e-01
  7 -0.05646  1.59547e-01 |  8 -0.02419  2.26216e-01 |  9 -0.00662  1.71350e-01
 10  0.07047  3.55155e-01 | 11  0.03307  1.67655e-01 | 12  0.05860  2.62559e-01
 13  0.01033  2.24165e-01 | 14  0.01079  2.08393e-01 | 15  0.06359  1.83923e-01
 16  0.00772  2.19633e-01 | 17 -0.06483  3.91832e-02 | 18 -0.02172  1.91871e-01
 19 -0.03866  5.30335e-02 | 20  0.05147  9.57945e-02 | 21  0.05738  2.95251e-01
 22 -0.03967  1.25349e-01 | 23 -0.01970  3.37301e-01 | 24 -0.11488 -1.11227e-01
 25 -0.01735  3.92268e-01 | 26 -0.02109  2.28565e-01 | 27 -0.02526  7.93387e-02
 28  0.03550  2.84432e-01 | 29 -0.01913  1.44301e-01 | 30  0.05315  5.52935e-01
 31 -0.03535  1.46703e-01 | 32  0.03636  2.94861e-01 | 33  0.03052  1.54948e-01
 34  0.05764  2.99144e-01 | 35  0.02169 -4.70060e-01 | 36 -0.02463 -1.34404e+00
 37 -0.01757 -4.13275e+00 | 38 -0.05043 -3.11131e-01 | 39  0.23460 -9.96366e+00
 40  0.24074  2.26954e+00 | 41  0.25825  7.99085e-01 | 42  0.20630  6.26203e-01
 43 -0.35816  2.08163e+00 | 44 -0.39440  4.49339e-02 | 45 -9.73880  8.26107e-04
 46 -1.32150 -1.36292e-02 | 47 -0.46983 -1.86623e-01 | 48 -0.52661  7.41530e-01
 49 -0.31254 -1.40799e-02 | 50 -0.26162 -1.11331e-03 | 51 -0.40754 -1.84699e-01
 52  1.22331 -3.47045e-03 | 53 -0.07880  1.46339e+01 | 54 -0.16650 -2.25741e+01
 55 -0.26157  1.33346e+01 | 56 -0.26879  1.81381e-01 |
56 variables; iteration 240; function evaluation 326; phase 4
Function value 8.3407057e+01; maximum gradient component mag -1.0047e+01
Var    Value     Gradient |Var    Value     Gradient |Var    Value     Gradient
  1  0.16388  3.89766e+00 |  2 -0.07913  8.90280e-03 |  3  0.02453 -1.09917e-02
  4 -0.02331 -1.01668e-02 |  5  0.03563  1.47140e-02 |  6 -0.00110 -3.71972e-02
  7 -0.05643 -6.88281e-02 |  8 -0.02413 -5.31755e-02 |  9 -0.00653 -4.53626e-02
 10  0.07049 -4.32425e-02 | 11  0.03316 -7.33169e-02 | 12  0.05867 -5.29861e-02
 13  0.01001 -5.78315e-02 | 14  0.01027 -5.84744e-02 | 15  0.06364 -1.93902e-02
 16  0.00790 -2.64114e-02 | 17 -0.06509 -8.78477e-02 | 18 -0.02158 -6.06002e-02
 19 -0.03850 -4.77018e-02 | 20  0.05180 -3.83752e-02 | 21  0.05740 -2.97958e-02
 22 -0.04017 -7.78748e-02 | 23 -0.02010 -4.37275e-02 | 24 -0.11471 -1.09888e-01
 25 -0.01736 -5.55711e-02 | 26 -0.02126 -6.11636e-02 | 27 -0.02495 -4.99575e-02
 28  0.03581 -4.88387e-02 | 29 -0.01897 -4.56044e-02 | 30  0.05298  4.53079e-03
 31 -0.03529 -4.77408e-02 | 32  0.03649 -7.85091e-03 | 33  0.03065 -6.25087e-03
 34  0.05707  3.99575e-02 | 35  0.02141  6.19531e-02 | 36 -0.02412  2.84980e-01
 37 -0.01746  8.89320e-01 | 38 -0.05028  8.48982e-02 | 39  0.23632  8.53736e-01
 40  0.24074  2.09787e-01 | 41  0.25829  2.80606e-04 | 42  0.20632  5.83699e-02
 43 -0.35503 -4.31841e-02 | 44 -0.56439 -4.58390e-03 | 45 -9.97461  3.61916e-05
 46 -1.28473  3.37896e-03 | 47 -0.46992 -1.33071e+00 | 48 -0.52672  1.42615e+00
 49 -0.31293  3.24651e-02 | 50 -0.26195 -3.69864e-02 | 51 -0.37652 -1.20480e-01
 52  1.14548 -1.16055e-02 | 53 -0.07733  3.06325e+00 | 54 -0.16518 -1.00469e+01
 55 -0.26095  9.69104e+00 | 56 -0.26919 -6.82396e+00 |
56 variables; iteration 260; function evaluation 349; phase 4
Function value 8.3404488e+01; maximum gradient component mag 9.0747e+00
Var    Value     Gradient |Var    Value     Gradient |Var    Value     Gradient
  1  0.16388  9.29325e-01 |  2 -0.07919  3.85512e-03 |  3  0.02449 -3.44399e-04
  4 -0.02335  6.34260e-04 |  5  0.03558  3.65618e-03 |  6 -0.00117 -1.00145e-02
  7 -0.05648 -1.44844e-02 |  8 -0.02418 -1.20711e-02 |  9 -0.00658 -1.18611e-02
 10  0.07046 -1.05844e-02 | 11  0.03316 -1.23107e-02 | 12  0.05867 -3.14780e-03
 13  0.00999 -1.22950e-02 | 14  0.01024 -1.32232e-02 | 15  0.06364 -9.38275e-03
 16  0.00790 -1.06047e-02 | 17 -0.06510 -1.39313e-02 | 18 -0.02157 -9.09315e-03
 19 -0.03849 -1.31335e-02 | 20  0.05183 -6.98595e-03 | 21  0.05741 -5.78889e-03
 22 -0.04022 -1.43719e-02 | 23 -0.02014 -9.54158e-03 | 24 -0.11474 -1.45023e-02
 25 -0.01740 -1.26226e-02 | 26 -0.02127 -1.11518e-02 | 27 -0.02489 -1.11726e-02
 28  0.03579 -8.02059e-03 | 29 -0.01895 -1.55053e-02 | 30  0.05300 -1.68593e-02
 31 -0.03527 -1.66585e-02 | 32  0.03656 -1.79790e-02 | 33  0.03070 -1.59036e-02
 34  0.05704 -7.17878e-03 | 35  0.02142  2.11479e-02 | 36 -0.02407  6.73935e-02
 37 -0.01741  2.32692e-01 | 38 -0.05015  2.12451e-02 | 39  0.23643 -6.13343e-02
 40  0.24073 -3.26274e-02 | 41  0.25828  8.02746e-03 | 42  0.20631 -1.45067e-02
 43 -0.35699  1.46343e-01 | 44 -0.46187  3.29862e-04 | 45 -9.98831 -1.27177e-04
 46 -1.29435 -2.68836e-06 | 47 -0.46930 -3.86944e-01 | 48 -0.52632  4.21551e-01
 49 -0.31296  2.52442e-03 | 50 -0.26197 -4.57559e-03 | 51 -0.36589  5.18179e-03
 52  1.47748 -3.60418e-03 | 53 -0.06599 -3.94907e+00 | 54 -0.15901  9.07468e+00
 55 -0.26310 -7.57615e+00 | 56 -0.27591  3.90194e+00 |
56 variables; iteration 280; function evaluation 369; phase 4
Function value 8.3403328e+01; maximum gradient component mag 6.0724e+00
Var    Value     Gradient |Var    Value     Gradient |Var    Value     Gradient
  1  0.16388 -1.30219e+00 |  2 -0.07920  2.21344e-03 |  3  0.02448  2.08264e-04
  4 -0.02336 -2.10126e-03 |  5  0.03557  2.67916e-03 |  6 -0.00117  2.36309e-02
  7 -0.05648  1.62563e-02 |  8 -0.02418  1.85211e-02 |  9 -0.00658  1.96844e-02
 10  0.07045  1.97718e-02 | 11  0.03314  1.01794e-02 | 12  0.05866 -4.76797e-03
 13  0.01002 -8.53770e-03 | 14  0.01028  8.16049e-03 | 15  0.06363 -2.66190e-02
 16  0.00788 -2.65850e-02 | 17 -0.06508 -1.06580e-02 | 18 -0.02158 -6.11043e-03
 19 -0.03850 -2.73175e-02 | 20  0.05180 -3.17712e-02 | 21  0.05741 -2.47153e-02
 22 -0.04017 -7.23772e-03 | 23 -0.02010 -8.13077e-03 | 24 -0.11474 -1.23888e-02
 25 -0.01739  1.86296e-02 | 26 -0.02125  2.32654e-03 | 27 -0.02492 -3.19809e-02
 28  0.03576 -4.25750e-02 | 29 -0.01897 -2.79573e-02 | 30  0.05301 -1.90529e-02
 31 -0.03528 -1.61203e-02 | 32  0.03653 -1.56139e-02 | 33  0.03068 -1.21643e-02
 34  0.05710  9.48318e-03 | 35  0.02144  1.80228e-04 | 36 -0.02412  2.75586e-02
 37 -0.01741  1.46793e-01 | 38 -0.05017  3.80071e-02 | 39  0.23627 -2.48992e+00
 40  0.24072  6.97143e-02 | 41  0.25827  1.07095e-02 | 42  0.20630  2.23771e-02
 43 -0.35962 -1.68661e-02 | 44 -0.34714 -2.26921e-03 | 45 -9.97511 -4.92993e-05
 46 -1.29376  4.06927e-04 | 47 -0.46916 -2.07809e-01 | 48 -0.52622  2.27723e-01
 49 -0.31290  9.10415e-03 | 50 -0.26192 -9.08306e-03 | 51 -0.32989  1.66308e-01
 52  2.19859 -8.02369e-03 | 53 -0.06114 -3.37631e+00 | 54 -0.15547  6.07238e+00
 55 -0.26239 -4.24027e+00 | 56 -0.27798  1.11737e+00 |
56 variables; iteration 300; function evaluation 389; phase 4
Function value 8.3402634e+01; maximum gradient component mag -1.5837e-01
Var    Value     Gradient |Var    Value     Gradient |Var    Value     Gradient
  1  0.16387  1.33801e-04 |  2 -0.07921  1.21397e-05 |  3  0.02448 -4.37670e-06
  4 -0.02336  3.66541e-06 |  5  0.03557  1.19981e-05 |  6 -0.00119  1.00858e-05
  7 -0.05649 -4.63418e-06 |  8 -0.02419  1.15414e-05 |  9 -0.00659  1.27543e-05
 10  0.07046 -2.34891e-06 | 11  0.03316 -1.15851e-05 | 12  0.05868 -7.98825e-06
 13  0.01000 -1.91576e-05 | 14  0.01024 -5.75054e-06 | 15  0.06364 -4.17275e-06
 16  0.00790  1.59192e-06 | 17 -0.06510 -1.91227e-05 | 18 -0.02157 -6.75193e-06
 19 -0.03849 -4.18119e-06 | 20  0.05182 -1.65870e-05 | 21  0.05740 -2.04398e-05
 22 -0.04020 -2.45607e-05 | 23 -0.02013 -2.05192e-05 | 24 -0.11471 -2.89748e-05
 25 -0.01738  4.62412e-06 | 26 -0.02127  1.59738e-06 | 27 -0.02491 -2.08463e-05
 28  0.03582 -2.08205e-05 | 29 -0.01896  2.09168e-05 | 30  0.05299  5.44688e-05
 31 -0.03527  1.04250e-05 | 32  0.03653  6.76275e-05 | 33  0.03068  4.92506e-05
 34  0.05704  3.68112e-05 | 35  0.02141  9.80007e-06 | 36 -0.02406 -1.96230e-05
 37 -0.01738 -7.25702e-05 | 38 -0.05016  5.79058e-05 | 39  0.23643 -7.68790e-04
 40  0.24073  9.97051e-04 | 41  0.25828 -5.55884e-05 | 42  0.20631  4.37929e-05
 43 -0.36864  1.79482e-04 | 44 -0.01154  5.56080e-06 | 45 -9.96295 -8.37470e-08
 46 -1.29509  8.98207e-07 | 47 -0.46914  4.09092e-04 | 48 -0.52623 -4.46132e-04
 49 -0.31297  1.94442e-05 | 50 -0.26198  7.22368e-06 | 51 -0.33850  1.31475e-04
 52  2.02044 -5.56567e-06 | 53 -0.06459 -1.58366e-01 | 54 -0.15766  1.34678e-01
 55 -0.26223 -4.96041e-03 | 56 -0.27622 -1.42047e-01 |
56 variables; iteration 320; function evaluation 409; phase 4
Function value 8.3402633e+01; maximum gradient component mag 1.4561e-01
Var    Value     Gradient |Var    Value     Gradient |Var    Value     Gradient
  1  0.16387  2.90111e-02 |  2 -0.07921 -1.46774e-03 |  3  0.02448 -8.44707e-04
  4 -0.02336 -2.51196e-04 |  5  0.03556 -2.59841e-03 |  6 -0.00119 -3.58632e-03
  7 -0.05649  1.64039e-04 |  8 -0.02419 -1.79145e-03 |  9 -0.00660 -2.72186e-03
 10  0.07045 -1.96578e-03 | 11  0.03316  2.48517e-03 | 12  0.05868  2.57294e-03
 13  0.01000  1.81771e-03 | 14  0.01024  2.49473e-04 | 15  0.06364 -1.45206e-03
 16  0.00790 -2.09545e-03 | 17 -0.06510  3.47580e-03 | 18 -0.02157 -2.95818e-04
 19 -0.03849  1.37283e-04 | 20  0.05182  1.13160e-03 | 21  0.05740  7.37728e-04
 22 -0.04019  4.62632e-03 | 23 -0.02013 -4.03270e-04 | 24 -0.11471  7.06140e-03
 25 -0.01738 -3.52365e-03 | 26 -0.02127 -5.48764e-04 | 27 -0.02491  3.28617e-03
 28  0.03582  3.00871e-03 | 29 -0.01896  9.25282e-04 | 30  0.05299 -2.96943e-03
 31 -0.03527  9.04752e-04 | 32  0.03653 -8.72503e-04 | 33  0.03068 -2.09024e-03
 34  0.05704 -5.81641e-03 | 35  0.02142  1.29455e-03 | 36 -0.02407 -2.09846e-03
 37 -0.01738 -5.58994e-04 | 38 -0.05016 -2.89350e-03 | 39  0.23642  1.45613e-01
 40  0.24073 -2.12456e-03 | 41  0.25828  1.05388e-03 | 42  0.20631 -8.07866e-03
 43 -0.36913 -2.34941e-02 | 44  0.00569 -5.83707e-04 | 45 -9.95667  2.91395e-05
 46 -1.29545 -7.83748e-05 | 47 -0.46914  7.43539e-03 | 48 -0.52622 -7.27151e-03
 49 -0.31297 -3.55594e-03 | 50 -0.26198  3.23506e-03 | 51 -0.33847 -2.23443e-02
 52  2.02204  1.25401e-03 | 53 -0.06418 -6.05342e-02 | 54 -0.15682  1.39310e-02
 55 -0.26126  4.53396e-02 | 56 -0.27589 -1.02610e-01 |
56 variables; iteration 340; function evaluation 429; phase 4
Function value 8.3402586e+01; maximum gradient component mag -1.4109e-01
Var    Value     Gradient |Var    Value     Gradient |Var    Value     Gradient
  1  0.16387 -1.18251e-03 |  2 -0.07921 -5.20774e-07 |  3  0.02448 -2.02294e-05
  4 -0.02336 -4.19466e-05 |  5  0.03557  2.60975e-05 |  6 -0.00119  5.15680e-05
  7 -0.05649 -2.06985e-05 |  8 -0.02419 -8.16314e-06 |  9 -0.00659  3.90232e-06
 10  0.07046  7.61607e-05 | 11  0.03316 -3.04131e-05 | 12  0.05868 -4.30939e-05
 13  0.01000 -2.14586e-05 | 14  0.01024 -1.80650e-05 | 15  0.06364  7.24248e-07
 16  0.00790 -1.27889e-05 | 17 -0.06510 -1.13238e-04 | 18 -0.02157 -3.59241e-05
 19 -0.03849 -7.14772e-05 | 20  0.05182 -4.08463e-05 | 21  0.05740  2.15078e-05
 22 -0.04020 -5.29720e-05 | 23 -0.02013  2.09319e-05 | 24 -0.11471 -1.35158e-04
 25 -0.01738  3.23802e-05 | 26 -0.02127 -4.95940e-05 | 27 -0.02491 -5.49121e-05
 28  0.03582 -3.07693e-05 | 29 -0.01896 -4.83976e-05 | 30  0.05298  5.46014e-05
 31 -0.03527 -4.89394e-05 | 32  0.03653  2.08722e-05 | 33  0.03068  9.40817e-06
 34  0.05704  8.62237e-05 | 35  0.02141 -4.02248e-05 | 36 -0.02406  8.59902e-05
 37 -0.01738  3.19771e-04 | 38 -0.05017  7.99995e-05 | 39  0.23643 -3.26062e-03
 40  0.24073  5.50890e-04 | 41  0.25828  2.03926e-04 | 42  0.20631  1.38290e-04
 43 -0.36860 -1.61724e-04 | 44 -0.01295 -1.11082e-05 | 45 -9.96302 -5.01399e-07
 46 -1.29509 -3.22770e-07 | 47 -0.46914 -2.06343e-03 | 48 -0.52623  2.29255e-03
 49 -0.31297  2.42849e-05 | 50 -0.26198 -7.94550e-05 | 51 -0.33867  3.35946e-04
 52  2.01727 -3.26362e-05 | 53 -0.05273 -9.26115e-02 | 54 -0.13771  3.63940e-02
 55 -0.24161  5.50915e-02 | 56 -0.27080 -1.41089e-01 |
56 variables; iteration 360; function evaluation 449; phase 4
Function value 8.3402559e+01; maximum gradient component mag 3.8683e-01
Var    Value     Gradient |Var    Value     Gradient |Var    Value     Gradient
  1  0.16387  1.81271e-01 |  2 -0.07921  4.69311e-04 |  3  0.02448  1.30632e-03
  4 -0.02336  1.86693e-03 |  5  0.03556 -1.28157e-03 |  6 -0.00119 -4.30470e-03
  7 -0.05649 -7.73813e-04 |  8 -0.02419 -1.35883e-03 |  9 -0.00659 -1.76690e-03
 10  0.07045 -5.26184e-03 | 11  0.03316  3.78235e-05 | 12  0.05868  1.97761e-03
 13  0.01000  1.69454e-05 | 14  0.01024 -3.70749e-04 | 15  0.06364 -1.22765e-04
 16  0.00790  3.80635e-04 | 17 -0.06510  5.10161e-03 | 18 -0.02157  2.17083e-03
 19 -0.03849  3.53529e-03 | 20  0.05182  2.80193e-03 | 21  0.05740 -8.90183e-04
 22 -0.04020  1.01927e-03 | 23 -0.02013 -1.94846e-03 | 24 -0.11471  5.11838e-03
 25 -0.01738 -3.65821e-03 | 26 -0.02127  1.37548e-03 | 27 -0.02491  3.32093e-03
 28  0.03582 -1.52168e-03 | 29 -0.01895 -1.41299e-03 | 30  0.05299 -8.82346e-03
 31 -0.03527 -4.90167e-04 | 32  0.03653 -7.72305e-03 | 33  0.03068 -5.11887e-03
 34  0.05704 -8.12734e-03 | 35  0.02142  5.57393e-03 | 36 -0.02406  7.07264e-03
 37 -0.01738  1.86245e-02 | 38 -0.05016 -3.67826e-03 | 39  0.23643  2.29034e-01
 40  0.24074 -1.37179e-01 | 41  0.25828 -8.42757e-03 | 42  0.20631 -9.25315e-03
 43 -0.36844  1.75109e-02 | 44 -0.01811  4.66065e-04 | 45 -9.96203  4.37184e-06
 46 -1.29512 -3.84396e-06 | 47 -0.46914  9.02646e-04 | 48 -0.52623 -4.70767e-03
 49 -0.31296 -1.26684e-04 | 50 -0.26198  2.85742e-04 | 51 -0.33815 -2.85748e-02
 52  2.02730  1.62533e-03 | 53 -0.06314  3.86827e-01 | 54 -0.13681 -3.33957e-01
 55 -0.22900  1.03795e-02 | 56 -0.25863  3.44688e-01 |
56 variables; iteration 380; function evaluation 472; phase 4
Function value 8.3402495e+01; maximum gradient component mag -5.8296e-01
Var    Value     Gradient |Var    Value     Gradient |Var    Value     Gradient
  1  0.16387 -2.53634e-01 |  2 -0.07921  1.16426e-04 |  3  0.02448 -1.19314e-04
  4 -0.02336 -1.40089e-04 |  5  0.03557  2.51895e-04 |  6 -0.00118  4.01345e-03
  7 -0.05649  3.43491e-03 |  8 -0.02419  3.76162e-03 |  9 -0.00659  3.97044e-03
 10  0.07046  3.75598e-03 | 11  0.03316  2.98071e-03 | 12  0.05868  2.30391e-03
 13  0.01000  2.65920e-03 | 14  0.01024  3.28437e-03 | 15  0.06364  2.96503e-03
 16  0.00790  3.05206e-03 | 17 -0.06510  2.30666e-03 | 18 -0.02157  3.14623e-03
 19 -0.03849  2.72481e-03 | 20  0.05182  2.55706e-03 | 21  0.05740  2.65923e-03
 22 -0.04020  2.70321e-04 | 23 -0.02013  7.64905e-04 | 24 -0.11471 -1.42977e-03
 25 -0.01738  4.16994e-04 | 26 -0.02127  2.81472e-03 | 27 -0.02491  2.51780e-03
 28  0.03582 -9.31646e-03 | 29 -0.01896 -6.01815e-03 | 30  0.05299 -1.00789e-02
 31 -0.03527 -1.89645e-03 | 32  0.03653 -1.34254e-02 | 33  0.03068 -7.75541e-03
 34  0.05704 -2.91320e-03 | 35  0.02141 -9.04556e-04 | 36 -0.02406  2.02843e-03
 37 -0.01738  4.49032e-04 | 38 -0.05016 -4.75495e-03 | 39  0.23643 -5.87354e-02
 40  0.24073 -3.13276e-01 | 41  0.25828 -3.42912e-04 | 42  0.20631  1.39803e-03
 43 -0.36871 -3.32560e-03 | 44 -0.00912 -8.22745e-05 | 45 -9.96297  3.58139e-07
 46 -1.29504  2.07102e-05 | 47 -0.46914 -5.50285e-04 | 48 -0.52623  8.04910e-04
 49 -0.31297  1.82286e-04 | 50 -0.26198 -2.76673e-04 | 51 -0.33856  6.93529e-03
 52  2.01923 -3.90178e-04 | 53 -0.09644  5.68640e-01 | 54 -0.13963 -5.82960e-01
 55 -0.19864  1.31741e-01 | 56 -0.22561  4.07953e-01 |
56 variables; iteration 400; function evaluation 495; phase 4
Function value 8.3402447e+01; maximum gradient component mag -2.4775e-01
Var    Value     Gradient |Var    Value     Gradient |Var    Value     Gradient
  1  0.16387 -1.43184e-01 |  2 -0.07921 -2.50062e-05 |  3  0.02448 -2.97665e-04
  4 -0.02336 -4.16413e-04 |  5  0.03557  3.88153e-04 |  6 -0.00118  2.52731e-03
  7 -0.05649  1.57881e-03 |  8 -0.02419  1.87447e-03 |  9 -0.00659  1.98256e-03
 10  0.07046  2.58238e-03 | 11  0.03316  1.17964e-03 | 12  0.05868  3.21176e-04
 13  0.01000  1.06527e-03 | 14  0.01024  1.50922e-03 | 15  0.06364  1.43830e-03
 16  0.00790  1.35956e-03 | 17 -0.06510  4.23050e-05 | 18 -0.02157  1.01646e-03
 19 -0.03849  6.02593e-04 | 20  0.05182  7.60331e-04 | 21  0.05740  1.54937e-03
 22 -0.04020 -4.62530e-05 | 23 -0.02013  7.56542e-04 | 24 -0.11471 -1.57043e-03
 25 -0.01738  8.03701e-04 | 26 -0.02127  9.85591e-04 | 27 -0.02491  6.02729e-04
 28  0.03582 -3.78766e-03 | 29 -0.01896 -2.65728e-03 | 30  0.05299 -3.33743e-03
 31 -0.03527 -9.32605e-04 | 32  0.03653 -5.29397e-03 | 33  0.03068 -3.05950e-03
 34  0.05704 -9.39600e-05 | 35  0.02141 -1.26380e-03 | 36 -0.02406  3.09014e-04
 37 -0.01738 -1.17416e-03 | 38 -0.05016 -1.64560e-03 | 39  0.23643 -6.27461e-02
 40  0.24073 -1.25794e-01 | 41  0.25828  1.76118e-03 | 42  0.20631  2.55359e-03
 43 -0.36871 -4.96983e-03 | 44 -0.00891 -1.28021e-04 | 45 -9.96307 -4.10328e-07
 46 -1.29506  1.15609e-05 | 47 -0.46914  7.68117e-04 | 48 -0.52623 -8.38035e-04
 49 -0.31297  2.37775e-04 | 50 -0.26198 -2.81458e-04 | 51 -0.33857  7.67669e-03
 52  2.01902 -4.32436e-04 | 53 -0.12506  2.39202e-01 | 54 -0.13835 -2.47754e-01
 55 -0.16717  5.75620e-02 | 56 -0.19467  1.74521e-01 |
56 variables; iteration 420; function evaluation 518; phase 4
Function value 8.3402418e+01; maximum gradient component mag 1.5683e-01
Var    Value     Gradient |Var    Value     Gradient |Var    Value     Gradient
  1  0.16387 -6.57498e-02 |  2 -0.07921  1.54876e-06 |  3  0.02448  3.02344e-05
  4 -0.02336 -5.19090e-07 |  5  0.03557  1.05291e-05 |  6 -0.00119  9.42319e-04
  7 -0.05649  9.48579e-04 |  8 -0.02419  9.40194e-04 |  9 -0.00659  9.27115e-04
 10  0.07046  9.80275e-04 | 11  0.03316  1.03338e-03 | 12  0.05868  1.22424e-03
 13  0.01000  1.05825e-03 | 14  0.01024  9.57625e-04 | 15  0.06364  9.41606e-04
 16  0.00790  9.88944e-04 | 17 -0.06510  1.02051e-03 | 18 -0.02157  1.08254e-03
 19 -0.03849  9.73347e-04 | 20  0.05182  1.02851e-03 | 21  0.05740  1.02448e-03
 22 -0.04020  9.57545e-04 | 23 -0.02013  9.93183e-04 | 24 -0.11471  9.06289e-04
 25 -0.01738  8.60287e-04 | 26 -0.02127  8.47542e-04 | 27 -0.02491  7.32164e-04
 28  0.03582 -5.86963e-04 | 29 -0.01896 -1.81377e-03 | 30  0.05299 -4.22029e-03
 31 -0.03527 -9.23872e-04 | 32  0.03653 -5.37175e-03 | 33  0.03068 -3.34675e-03
 34  0.05704 -1.77658e-03 | 35  0.02141 -4.76437e-04 | 36 -0.02406  2.69999e-04
 37 -0.01738 -6.61035e-04 | 38 -0.05016 -2.50976e-03 | 39  0.23643  7.32929e-05
 40  0.24073 -9.66810e-02 | 41  0.25828  1.24224e-04 | 42  0.20631 -2.10475e-06
 43 -0.36863  5.35382e-04 | 44 -0.01183  1.42365e-05 | 45 -9.96296 -2.07055e-07
 46 -1.29509 -1.25828e-06 | 47 -0.46914 -4.32179e-05 | 48 -0.52623  3.56025e-04
 49 -0.31297 -7.81737e-05 | 50 -0.26198 -1.43157e-06 | 51 -0.33852 -1.18094e-04
 52  2.02005  6.38473e-06 | 53 -0.15388  1.56830e-01 | 54 -0.13674 -1.34910e-01
 55 -0.13566  3.25560e-04 | 56 -0.16397  1.55147e-01 |
56 variables; iteration 440; function evaluation 542; phase 4
Function value 8.3402404e+01; maximum gradient component mag 1.0420e-01
Var    Value     Gradient |Var    Value     Gradient |Var    Value     Gradient
  1  0.16387 -3.91719e-02 |  2 -0.07921  1.03848e-05 |  3  0.02448 -8.12813e-07
  4 -0.02336  3.56526e-05 |  5  0.03557 -3.77311e-05 |  6 -0.00119  5.25478e-04
  7 -0.05649  5.96895e-04 |  8 -0.02419  5.96567e-04 |  9 -0.00659  6.05826e-04
 10  0.07046  4.76353e-04 | 11  0.03316  5.93619e-04 | 12  0.05868  5.67101e-04
 13  0.01000  5.45997e-04 | 14  0.01024  5.92149e-04 | 15  0.06364  5.44183e-04
 16  0.00790  5.51935e-04 | 17 -0.06510  6.63972e-04 | 18 -0.02157  6.05691e-04
 19 -0.03849  6.31538e-04 | 20  0.05182  5.83025e-04 | 21  0.05740  4.89326e-04
 22 -0.04020  3.91110e-04 | 23 -0.02013  2.93962e-04 | 24 -0.11471  3.59445e-04
 25 -0.01738  1.92700e-04 | 26 -0.02127  5.48114e-04 | 27 -0.02491  5.06541e-04
 28  0.03582 -1.02188e-03 | 29 -0.01896 -1.15987e-03 | 30  0.05299 -2.55363e-03
 31 -0.03527 -4.83452e-04 | 32  0.03653 -3.19142e-03 | 33  0.03068 -1.93866e-03
 34  0.05704 -1.08071e-03 | 35  0.02141 -4.19908e-05 | 36 -0.02406  6.06430e-04
 37 -0.01738  7.70410e-04 | 38 -0.05016 -1.32091e-03 | 39  0.23643  1.51189e-03
 40  0.24073 -6.33667e-02 | 41  0.25828 -2.97962e-04 | 42  0.20631 -2.10788e-04
 43 -0.36863 -1.16873e-04 | 44 -0.01163 -3.34058e-06 | 45 -9.96290  1.69391e-07
 46 -1.29509  1.50196e-06 | 47 -0.46914 -1.19583e-04 | 48 -0.52623  5.20955e-05
 49 -0.31297 -2.81097e-05 | 50 -0.26198  3.63166e-05 | 51 -0.33851 -1.13781e-04
 52  2.02013  6.54520e-06 | 53 -0.17997  1.04202e-01 | 54 -0.13789 -1.02084e-01
 55 -0.11180  1.50195e-02 | 56 -0.13904  9.07171e-02 |
56 variables; iteration 460; function evaluation 564; phase 4
Function value 8.3402401e+01; maximum gradient component mag -3.0530e-02
Var    Value     Gradient |Var    Value     Gradient |Var    Value     Gradient
  1  0.16387 -9.90272e-03 |  2 -0.07921  1.48342e-06 |  3  0.02448  5.64331e-06
  4 -0.02336  8.49817e-06 |  5  0.03557 -4.23352e-06 |  6 -0.00119  1.37427e-04
  7 -0.05649  1.51450e-04 |  8 -0.02419  1.48580e-04 |  9 -0.00659  1.47851e-04
 10  0.07046  1.32755e-04 | 11  0.03316  1.54289e-04 | 12  0.05868  1.62306e-04
 13  0.01000  1.54014e-04 | 14  0.01024  1.51647e-04 | 15  0.06364  1.49737e-04
 16  0.00790  1.52101e-04 | 17 -0.06510  1.72559e-04 | 18 -0.02157  1.56776e-04
 19 -0.03849  1.63417e-04 | 20  0.05182  1.54151e-04 | 21  0.05740  1.44515e-04
 22 -0.04020  4.53500e-05 | 23 -0.02013  2.73623e-05 | 24 -0.11471 -1.10193e-05
 25 -0.01738 -3.42830e-05 | 26 -0.02127  1.42365e-04 | 27 -0.02491  1.61161e-04
 28  0.03582 -4.40448e-04 | 29 -0.01896 -2.91489e-04 | 30  0.05299 -5.49560e-04
 31 -0.03527 -9.19055e-05 | 32  0.03653 -6.98157e-04 | 33  0.03068 -4.23173e-04
 34  0.05704 -2.28662e-04 | 35  0.02141  6.71129e-07 | 36 -0.02406  1.33226e-04
 37 -0.01738  1.25014e-04 | 38 -0.05016 -2.96901e-04 | 39  0.23643  7.62416e-04
 40  0.24073 -1.64776e-02 | 41  0.25828 -4.37175e-05 | 42  0.20631 -3.72314e-05
 43 -0.36863  4.59962e-05 | 44 -0.01166  1.15775e-06 | 45 -9.96292  1.02174e-08
 46 -1.29509  8.50639e-08 | 47 -0.46914 -1.45794e-06 | 48 -0.52623 -5.85814e-06
 49 -0.31297  3.46199e-06 | 50 -0.26198  2.28469e-06 | 51 -0.33852 -9.24145e-05
 52  2.02010  5.20222e-06 | 53 -0.19562  2.86417e-02 | 54 -0.13794 -3.05302e-02
 55 -0.09670  7.29025e-03 | 56 -0.12379  2.21770e-02 |

 - final statistics:
56 variables; iteration 474; function evaluation 580
Function value 8.3402e+01; maximum gradient component mag 8.8746e-05
Exit code = 1;  converg criter 1.0000e-04
Var    Value     Gradient |Var    Value     Gradient |Var    Value     Gradient
  1  0.16387  2.09365e-05 |  2 -0.07921 -2.01145e-09 |  3  0.02448 -1.79103e-08
  4 -0.02336 -3.80444e-08 |  5  0.03557  2.03019e-08 |  6 -0.00119 -2.67915e-07
  7 -0.05649 -3.37948e-07 |  8 -0.02419 -3.21522e-07 |  9 -0.00659 -3.10530e-07
 10  0.07046 -2.56051e-07 | 11  0.03316 -3.63338e-07 | 12  0.05868 -4.00260e-07
 13  0.01000 -3.58212e-07 | 14  0.01024 -3.39091e-07 | 15  0.06364 -3.25277e-07
 16  0.00790 -3.36119e-07 | 17 -0.06510 -4.40089e-07 | 18 -0.02157 -3.60232e-07
 19 -0.03849 -3.83777e-07 | 20  0.05182 -3.56577e-07 | 21  0.05740 -3.22521e-07
 22 -0.04020  1.55123e-07 | 23 -0.02013  2.49039e-07 | 24 -0.11471  4.21007e-07
 25 -0.01738  5.50092e-07 | 26 -0.02127 -3.36521e-07 | 27 -0.02491 -5.25500e-07
 28  0.03582  1.91117e-06 | 29 -0.01896  6.48890e-07 | 30  0.05299  8.59644e-07
 31 -0.03527  4.55549e-08 | 32  0.03653  1.06031e-06 | 33  0.03068  6.13805e-07
 34  0.05704  3.47400e-07 | 35  0.02141 -1.57469e-07 | 36 -0.02406 -3.46474e-07
 37 -0.01738 -4.30256e-07 | 38 -0.05016  4.09332e-07 | 39  0.23643 -3.47526e-06
 40  0.24073  3.81018e-05 | 41  0.25828  1.58460e-07 | 42  0.20631  1.95769e-07
 43 -0.36863 -2.61009e-07 | 44 -0.01163 -6.71432e-09 | 45 -9.96292 -5.04980e-11
 46 -1.29509  3.20114e-10 | 47 -0.46914  4.30456e-08 | 48 -0.52623 -2.87101e-08
 49 -0.31297  1.29795e-08 | 50 -0.26198 -2.14343e-08 | 51 -0.33852  4.17875e-07
 52  2.02009 -2.35549e-08 | 53 -0.19991 -7.17277e-05 | 54 -0.13792  8.87462e-05
 55 -0.09253 -3.48050e-05 | 56 -0.11961 -3.95739e-05 |
Estimating row 1 out of 56 for hessian
Estimating row 2 out of 56 for hessian
Estimating row 3 out of 56 for hessian
Estimating row 4 out of 56 for hessian
Estimating row 5 out of 56 for hessian
Estimating row 6 out of 56 for hessian
Estimating row 7 out of 56 for hessian
Estimating row 8 out of 56 for hessian
Estimating row 9 out of 56 for hessian
Estimating row 10 out of 56 for hessian
Estimating row 11 out of 56 for hessian
Estimating row 12 out of 56 for hessian
Estimating row 13 out of 56 for hessian
Estimating row 14 out of 56 for hessian
Estimating row 15 out of 56 for hessian
Estimating row 16 out of 56 for hessian
Estimating row 17 out of 56 for hessian
Estimating row 18 out of 56 for hessian
Estimating row 19 out of 56 for hessian
Estimating row 20 out of 56 for hessian
Estimating row 21 out of 56 for hessian
Estimating row 22 out of 56 for hessian
Estimating row 23 out of 56 for hessian
Estimating row 24 out of 56 for hessian
Estimating row 25 out of 56 for hessian
Estimating row 26 out of 56 for hessian
Estimating row 27 out of 56 for hessian
Estimating row 28 out of 56 for hessian
Estimating row 29 out of 56 for hessian
Estimating row 30 out of 56 for hessian
Estimating row 31 out of 56 for hessian
Estimating row 32 out of 56 for hessian
Estimating row 33 out of 56 for hessian
Estimating row 34 out of 56 for hessian
Estimating row 35 out of 56 for hessian
Estimating row 36 out of 56 for hessian
Estimating row 37 out of 56 for hessian
Estimating row 38 out of 56 for hessian
Estimating row 39 out of 56 for hessian
Estimating row 40 out of 56 for hessian
Estimating row 41 out of 56 for hessian
Estimating row 42 out of 56 for hessian
Estimating row 43 out of 56 for hessian
Estimating row 44 out of 56 for hessian
Estimating row 45 out of 56 for hessian
Estimating row 46 out of 56 for hessian
Estimating row 47 out of 56 for hessian
Estimating row 48 out of 56 for hessian
Estimating row 49 out of 56 for hessian
Estimating row 50 out of 56 for hessian
Estimating row 51 out of 56 for hessian
Estimating row 52 out of 56 for hessian
Estimating row 53 out of 56 for hessian
Estimating row 54 out of 56 for hessian
Estimating row 55 out of 56 for hessian
Estimating row 56 out of 56 for hessian
size of file gradfil1.tmp = 0
size of file gradfil2.tmp = 0
size of file varssave.tmp = 0
size of file cmpdiff.tmp = 0
