
Initial statistics: 4 variables; iteration 0; function evaluation 0; phase 1
Function value 4.0595352e+03; maximum gradient component mag 2.6855e+04
Var    Value     Gradient |Var    Value     Gradient |Var    Value     Gradient
  1  0.39650  2.68553e+04 |  2  0.21635  2.35744e+04 |  3  0.21635  1.96292e+04
  4  0.21635  6.98568e+03 |

 - final statistics:
4 variables; iteration 14; function evaluation 26
Function value 5.4472e+02; maximum gradient component mag 3.6243e+00
Exit code = 1;  converg criter 1.0000e+01
Var    Value     Gradient |Var    Value     Gradient |Var    Value     Gradient
  1  0.18476  3.62430e+00 |  2  0.21727  1.35342e+00 |  3  0.19519  4.69634e-01
  4  0.21816 -2.13192e+00 |

Initial statistics: 47 variables; iteration 0; function evaluation 0; phase 2
Function value 5.4472365e+02; maximum gradient component mag -4.4825e+02
Var    Value     Gradient |Var    Value     Gradient |Var    Value     Gradient
  1  0.18476  3.62430e+00 |  2  0.00000  5.11220e+01 |  3  0.00000 -1.07968e+02
  4  0.00000  4.03974e+01 |  5  0.00000 -6.70127e+01 |  6  0.00000 -2.56542e+01
  7  0.00000  5.30566e+01 |  8  0.00000  6.69156e+00 |  9  0.00000  1.06362e+01
 10  0.00000 -7.41889e+01 | 11  0.00000  1.25970e+01 | 12  0.00000 -4.55396e+01
 13  0.00000 -5.89283e-01 | 14  0.00000 -3.29417e+00 | 15  0.00000 -7.91947e+01
 16  0.00000  1.00783e+01 | 17  0.00000  8.33436e+01 | 18  0.00000 -3.45973e+01
 19  0.00000  1.89880e+01 | 20  0.00000 -1.74349e+02 | 21  0.00000 -1.44859e+02
 22  0.00000  9.76841e+01 | 23  0.00000  3.72204e+00 | 24  0.00000  2.19906e+02
 25  0.00000  6.93989e+01 | 26  0.00000  3.04877e-01 | 27  0.00000  1.48063e+01
 28  0.00000 -7.56425e+01 | 29  0.00000  1.78768e+02 | 30  0.00000 -2.89784e+02
 31  0.00000  2.07011e+02 | 32  0.00000 -2.91327e+02 | 33  0.00000  1.30048e+02
 34  0.00000  1.21980e+02 | 35  0.21727  1.35342e+00 | 36  0.19519  4.69634e-01
 37  0.21816 -2.13192e+00 | 38 -1.00000 -1.08293e-07 | 39  0.00000  1.41897e-04
 40  0.00000  4.01125e-01 | 41 -0.53989  8.46599e+00 | 42 -1.00000 -1.08293e-07
 43 -0.53989  1.20248e+01 | 44 -1.00000 -1.08293e-07 | 45 -0.53989  3.21392e+00
 46 -0.32288  2.67983e+01 | 47 -0.17585 -4.48252e+02 |

Intermediate statistics: 47 variables; iteration 20; function evaluation 43; phase 2
Function value 3.0063131e+02; maximum gradient component mag -7.4628e+02
Var    Value     Gradient |Var    Value     Gradient |Var    Value     Gradient
  1  0.18901  4.33925e+02 |  2 -0.13910 -2.32749e+01 |  3  0.14084  2.50384e+01
  4  0.16284  1.18457e+02 |  5  0.17078  1.11507e+01 |  6  0.15924  1.82376e+01
  7  0.12717  6.07060e+01 |  8  0.11008  2.21878e+01 |  9  0.09690  3.61732e+01
 10  0.07919 -2.27266e+01 | 11  0.03072  2.61964e+01 | 12 -0.01112 -5.28135e+01
 13 -0.04877 -4.04669e+01 | 14 -0.05278 -6.63566e+01 | 15 -0.04562 -1.67652e+02
 16 -0.06844 -1.04940e+02 | 17 -0.07082 -7.82460e+00 | 18 -0.04623 -1.08534e+02
 19 -0.06231 -9.40486e+01 | 20 -0.02453 -2.29720e+02 | 21 -0.03206 -1.81993e+02
 22 -0.06434  5.37701e+00 | 23 -0.04405 -6.86695e+00 | 24 -0.06863  1.38589e+02
 25 -0.05353  3.48514e+01 | 26 -0.05144 -3.72628e+00 | 27 -0.02631  5.48538e+01
 28  0.00173  1.32042e+02 | 29  0.00639  2.53305e+02 | 30  0.03909 -1.02040e+01
 31 -0.00442  1.21804e+02 | 32  0.00347 -2.11209e+02 | 33  0.06603  2.78621e+02
 34  0.05510 -1.02205e+01 | 35  0.22162 -7.46280e+02 | 36  0.19848  1.88675e+02
 37  0.22654 -6.17961e+01 | 38 -1.04101  4.75287e-02 | 39 -0.00002  1.44492e-04
 40 -0.04478  9.07855e-01 | 41 -1.53062 -1.64295e+01 | 42 -1.45796  1.67210e+02
 43 -0.53030  2.20401e+02 | 44 -1.10485 -5.22457e+01 | 45 -0.81990 -3.03049e+01
 46 -0.31127  1.37801e+02 | 47 -0.05011 -6.47386e+01 |
47 variables; iteration 40; function evaluation 69; phase 2
Function value 2.4879381e+02; maximum gradient component mag 5.5044e+02
Var    Value     Gradient |Var    Value     Gradient |Var    Value     Gradient
  1  0.17527  5.50443e+02 |  2 -0.19733 -3.57314e+01 |  3  0.15127  4.54894e+01
  4  0.14976  9.67351e+01 |  5  0.17284  2.91600e+01 |  6  0.15455  3.18384e+01
  7  0.10194  3.89425e+01 |  8  0.08402  8.17253e-01 |  9  0.07611  8.79546e+00
 10  0.09681  1.80761e+01 | 11  0.03599  1.85208e+01 | 12  0.01004 -2.79881e+01
 13 -0.02647 -1.34646e+01 | 14 -0.03279 -4.10847e+01 | 15 -0.00960 -1.08275e+02
 16 -0.04534 -7.17511e+01 | 17 -0.08014 -2.34774e+01 | 18 -0.02206 -4.97193e+01
 19 -0.05205 -5.37813e+01 | 20  0.00896 -1.43552e+02 | 21  0.00248 -9.99101e+01
 22 -0.07259 -7.59153e-01 | 23 -0.04668 -6.11026e+00 | 24 -0.13496 -5.95717e+00
 25 -0.05775 -1.25598e+01 | 26 -0.02881  4.35557e+01 | 27 -0.01688  5.90173e+01
 28  0.01184  1.34524e+02 | 29 -0.00835  1.35054e+02 | 30  0.05734  1.19790e+02
 31 -0.02642  1.76924e+01 | 32  0.04368  3.32866e+01 | 33  0.01271  6.95627e+01
 34 -0.03572 -1.29314e+02 | 35  0.23035 -1.52702e+02 | 36  0.20665  1.39617e+01
 37  0.23674 -7.96864e+01 | 38 -0.62695  3.29381e-02 | 39 -0.00025  1.13485e-02
 40 -0.80351  1.04915e-01 | 41 -1.49571 -8.19053e+00 | 42 -1.36818  2.04748e+02
 43 -0.62743  2.06844e+02 | 44 -1.13458  1.86775e+01 | 45 -0.76396  1.05499e+01
 46 -0.31606  5.80434e+01 | 47 -0.04841  1.80426e+02 |
47 variables; iteration 60; function evaluation 100; phase 2
Function value 1.7965072e+02; maximum gradient component mag 4.4236e+01
Var    Value     Gradient |Var    Value     Gradient |Var    Value     Gradient
  1  0.14673  4.42361e+01 |  2 -0.14015  7.95215e-01 |  3 -0.00722  2.87901e+00
  4 -0.04407  8.51421e+00 |  5 -0.00067  5.37765e+00 |  6 -0.06182  3.48743e+00
  7 -0.11150  1.16672e+00 |  8 -0.07157 -1.46714e-02 |  9 -0.07583 -4.24020e+00
 10  0.02823  1.90741e+00 | 11  0.01047  3.05530e+00 | 12  0.04705 -5.31171e+00
 13  0.00195 -2.70273e+00 | 14 -0.00947 -5.52900e+00 | 15  0.06130 -9.46859e+00
 16  0.00988 -8.70485e+00 | 17 -0.05062 -1.97541e+00 | 18  0.01413  2.23937e+00
 19 -0.01950  1.34388e+00 | 20  0.07528 -1.50516e+00 | 21  0.05521 -6.75127e+00
 22 -0.05578  2.07860e+00 | 23 -0.02122  6.23887e-01 | 24 -0.11087 -3.54182e-01
 25 -0.01743  1.70360e+00 | 26 -0.01164  1.24504e+00 | 27  0.01431  3.00963e+00
 28  0.05033  2.52075e+00 | 29  0.00800  1.17710e+01 | 30  0.07786  9.96918e+00
 31 -0.01007  9.35267e+00 | 32  0.07741 -2.95862e+00 | 33  0.03537 -3.77338e-01
 34  0.05999  2.87112e+00 | 35  0.23949 -3.89616e+01 | 36  0.21556  2.78460e+01
 37  0.25192  2.31345e+01 | 38 -0.72015 -6.67835e-03 | 39 -0.73406 -7.02810e-03
 40 -4.03457  1.30369e-02 | 41 -1.35369 -3.68529e-01 | 42 -1.19501  1.21332e+01
 43 -0.82056  1.31809e+01 | 44 -1.05441  3.70334e+01 | 45 -0.92520  2.68705e+01
 46 -0.33378  1.92670e+01 | 47 -0.06020  8.64163e+00 |
Maximum number of function evaluations exceeded

 - final statistics:
47 variables; iteration 61; function evaluation 100
Function value 1.7965e+02; maximum gradient component mag 4.4236e+01
Exit code = 3;  converg criter 1.0000e+01
Var    Value     Gradient |Var    Value     Gradient |Var    Value     Gradient
  1  0.14673  4.42361e+01 |  2 -0.14015  7.95215e-01 |  3 -0.00722  2.87901e+00
  4 -0.04407  8.51421e+00 |  5 -0.00067  5.37765e+00 |  6 -0.06182  3.48743e+00
  7 -0.11150  1.16672e+00 |  8 -0.07157 -1.46714e-02 |  9 -0.07583 -4.24020e+00
 10  0.02823  1.90741e+00 | 11  0.01047  3.05530e+00 | 12  0.04705 -5.31171e+00
 13  0.00195 -2.70273e+00 | 14 -0.00947 -5.52900e+00 | 15  0.06130 -9.46859e+00
 16  0.00988 -8.70485e+00 | 17 -0.05062 -1.97541e+00 | 18  0.01413  2.23937e+00
 19 -0.01950  1.34388e+00 | 20  0.07528 -1.50516e+00 | 21  0.05521 -6.75127e+00
 22 -0.05578  2.07860e+00 | 23 -0.02122  6.23887e-01 | 24 -0.11087 -3.54182e-01
 25 -0.01743  1.70360e+00 | 26 -0.01164  1.24504e+00 | 27  0.01431  3.00963e+00
 28  0.05033  2.52075e+00 | 29  0.00800  1.17710e+01 | 30  0.07786  9.96918e+00
 31 -0.01007  9.35267e+00 | 32  0.07741 -2.95862e+00 | 33  0.03537 -3.77338e-01
 34  0.05999  2.87112e+00 | 35  0.23949 -3.89616e+01 | 36  0.21556  2.78460e+01
 37  0.25192  2.31345e+01 | 38 -0.72015 -6.67835e-03 | 39 -0.73406 -7.02810e-03
 40 -4.03457  1.30369e-02 | 41 -1.35369 -3.68529e-01 | 42 -1.19501  1.21332e+01
 43 -0.82056  1.31809e+01 | 44 -1.05441  3.70334e+01 | 45 -0.92520  2.68705e+01
 46 -0.33378  1.92670e+01 | 47 -0.06020  8.64163e+00 |

Initial statistics: 51 variables; iteration 0; function evaluation 0; phase 3
Function value 1.7965069e+02; maximum gradient component mag -1.3543e+03
Var    Value     Gradient |Var    Value     Gradient |Var    Value     Gradient
  1  0.14673  4.42361e+01 |  2 -0.14015  7.95215e-01 |  3 -0.00722  2.87901e+00
  4 -0.04407  8.51421e+00 |  5 -0.00067  5.37765e+00 |  6 -0.06183  3.19787e+00
  7 -0.11151  8.80246e-01 |  8 -0.07157 -3.03758e-01 |  9 -0.07584 -4.52906e+00
 10  0.02822  1.61677e+00 | 11  0.01046  2.76441e+00 | 12  0.04704 -5.60185e+00
 13  0.00194 -2.99365e+00 | 14 -0.00947 -5.81989e+00 | 15  0.06130 -9.75818e+00
 16  0.00988 -8.99574e+00 | 17 -0.05062 -2.26542e+00 | 18  0.01413  1.94852e+00
 19 -0.01951  1.05309e+00 | 20  0.07528 -1.79405e+00 | 21  0.05520 -7.04110e+00
 22 -0.05579  1.78879e+00 | 23 -0.02122  3.33126e-01 | 24 -0.11088 -6.40703e-01
 25 -0.01744  1.41278e+00 | 26 -0.01164  9.54169e-01 | 27  0.01430  2.71879e+00
 28  0.05032  2.23074e+00 | 29  0.00799  1.14801e+01 | 30  0.07785  9.68044e+00
 31 -0.01007  9.06178e+00 | 32  0.07740 -3.24740e+00 | 33  0.03536 -6.67812e-01
 34  0.05999  2.58149e+00 | 35  0.23949 -3.89616e+01 | 36  0.21556  2.78460e+01
 37  0.25192  2.31345e+01 | 38 -0.72015 -6.67835e-03 | 39 -0.73406 -7.02810e-03
 40 -0.03457  1.30369e-02 | 41 -0.64631  3.68529e-01 | 42 -0.80499 -1.21332e+01
 43 -0.82056  1.31809e+01 | 44 -0.94559 -3.70334e+01 | 45 -0.92520  2.68705e+01
 46 -0.33378  1.92670e+01 | 47  0.21635  7.56778e-01 | 48 -0.17585 -1.35427e+03
 49 -0.12819  4.35729e-03 | 50 -0.06020  8.64163e+00 | 51  0.05795  5.62428e+01

Intermediate statistics: 51 variables; iteration 20; function evaluation 28; phase 3
Function value 1.2013994e+02; maximum gradient component mag -8.5340e+02
Var    Value     Gradient |Var    Value     Gradient |Var    Value     Gradient
  1  0.13985 -8.53399e+02 |  2 -0.13753 -2.78407e+00 |  3 -0.00258 -2.00016e+01
  4 -0.03776 -2.30740e+01 |  5  0.01289 -3.39881e+01 |  6 -0.06149 -2.73832e+01
  7 -0.11153 -2.51599e+01 |  8 -0.07171 -6.26677e+01 |  9 -0.07649  2.43803e+01
 10  0.02942  1.42406e+01 | 11  0.01269  1.12702e+01 | 12  0.05654  3.34384e+00
 13  0.00723  9.37973e+00 | 14 -0.00725  1.38963e+01 | 15  0.06842  1.81112e+00
 16  0.01618 -9.84508e-01 | 17 -0.05404  1.22717e+01 | 18 -0.00792  2.06057e+01
 19 -0.01964  1.07631e+01 | 20  0.04670  2.98021e+01 | 21  0.04376  2.63943e+01
 22 -0.05448  2.42480e+01 | 23 -0.03225  2.94700e+01 | 24 -0.11195  2.24594e+01
 25  0.00115 -8.24600e-01 | 26 -0.01534 -1.64809e+00 | 27 -0.00486 -3.38064e+00
 28  0.06304 -6.50907e+01 | 29  0.01085  1.38266e+01 | 30  0.07351  4.70842e+00
 31 -0.01846  4.46789e+01 | 32  0.08535  1.36201e+01 | 33  0.04861  3.57985e+01
 34  0.08833  3.04782e+01 | 35  0.24417 -2.85922e+02 | 36  0.25459  5.48983e+02
 37  0.26200 -9.08583e+00 | 38 -0.72013 -6.67770e-03 | 39 -0.73403 -7.02731e-03
 40 -0.03461  1.18337e-02 | 41 -0.64756  3.35760e-01 | 42 -0.80537 -1.04390e+02
 43 -0.82373  1.15406e+02 | 44 -0.95251 -3.07458e+02 | 45 -0.93825  2.36285e+02
 46 -0.35726  2.74223e+01 | 47  0.21440  1.58739e+00 | 48 -0.09347  1.04092e+02
 49 -0.11269 -1.37374e+02 | 50 -0.11882 -1.16311e+02 | 51 -0.05574  7.02537e+01
51 variables; iteration 40; function evaluation 59; phase 3
Function value 1.1710157e+02; maximum gradient component mag -1.6347e+02
Var    Value     Gradient |Var    Value     Gradient |Var    Value     Gradient
  1  0.14061 -1.63469e+02 |  2 -0.13117  1.63762e+00 |  3 -0.00197 -6.65791e+00
  4 -0.04051 -1.60958e+01 |  5  0.01015 -1.87668e+01 |  6 -0.05911 -1.05508e+01
  7 -0.11414 -1.95415e+01 |  8 -0.07178 -3.35467e+01 |  9 -0.07532  8.52604e+00
 10  0.03149  2.36212e+00 | 11  0.01373  4.59381e-01 | 12  0.05557 -2.99687e+00
 13  0.00605  1.93440e-01 | 14 -0.00813  5.02499e-01 | 15  0.06826  1.72232e+00
 16  0.01680  2.00043e+00 | 17 -0.05618 -3.80909e+00 | 18 -0.00552  6.29684e+00
 19 -0.02087 -4.30448e+00 | 20  0.04613 -4.08558e+00 | 21  0.04644  9.26783e+00
 22 -0.05475  4.42553e+00 | 23 -0.03013  1.34665e+01 | 24 -0.11139  1.21472e+01
 25 -0.00149  1.42409e+01 | 26 -0.01629 -4.36995e+00 | 27 -0.00162  4.09621e+00
 28  0.06454 -8.53043e+00 | 29  0.01118  4.31676e+00 | 30  0.07454 -2.70260e+00
 31 -0.01892  5.17077e+00 | 32  0.08416 -4.46239e+00 | 33  0.04402 -4.78938e+00
 34  0.08173  9.34676e-01 | 35  0.24197 -9.73109e+01 | 36  0.24905  6.46331e+01
 37  0.26058 -5.68742e+00 | 38 -0.71457 -6.52922e-03 | 39 -0.72818 -6.86005e-03
 40 -0.04045 -2.00502e-04 | 41 -0.81614 -1.05636e-02 | 42 -0.85521  4.72323e+00
 43 -0.86970 -5.28304e+00 | 44 -0.97135 -1.97927e+01 | 45 -0.96322  1.53081e+01
 46 -0.36540  6.89999e+00 | 47 -0.15564  6.39615e-01 | 48 -0.10196  5.06850e+01
 49 -0.11486 -6.13828e+01 | 50 -0.12230  5.77471e+00 | 51 -0.06690  4.89886e+00
51 variables; iteration 60; function evaluation 104; phase 3
Function value 1.1662690e+02; maximum gradient component mag -1.7061e+02
Var    Value     Gradient |Var    Value     Gradient |Var    Value     Gradient
  1  0.14045  6.41811e+01 |  2 -0.13737  4.80513e-01 |  3 -0.00174  2.22209e+00
  4 -0.03721  2.88482e+00 |  5  0.00969  5.20987e+00 |  6 -0.05997  1.74978e+00
  7 -0.11205  1.36908e+00 |  8 -0.07009  2.44721e+00 |  9 -0.08197 -2.82701e-01
 10  0.02957 -7.81173e-02 | 11  0.01332 -2.15245e-01 | 12  0.05682  4.01213e-01
 13  0.00632  5.27939e-01 | 14 -0.00760  9.70707e-02 | 15  0.06769  5.41756e-01
 16  0.01636  8.02001e-01 | 17 -0.05377  1.76622e-01 | 18 -0.00651  4.61999e-01
 19 -0.01985  5.86259e-01 | 20  0.04796  4.48904e-01 | 21  0.04517  7.12530e-01
 22 -0.05467  1.70838e-01 | 23 -0.03120  3.43440e-01 | 24 -0.11384 -5.01160e-01
 25 -0.00054  6.36553e-01 | 26 -0.01405 -3.27764e-01 | 27 -0.00262 -1.24356e+00
 28  0.06532 -2.76534e+00 | 29  0.01080  4.58434e-02 | 30  0.07528 -4.84489e-01
 31 -0.01942  7.00611e-01 | 32  0.08534 -2.20444e+00 | 33  0.04550  4.10470e-03
 34  0.08216  7.32108e-01 | 35  0.24118  5.90241e+00 | 36  0.24833  2.48726e+00
 37  0.26077  6.08519e-02 | 38 -0.39807 -2.70225e-01 | 39 -0.40120 -1.84476e-02
 40 -0.03795 -1.84743e-04 | 41 -0.75812 -7.72403e-03 | 42 -0.83366  6.81204e+00
 43 -0.85029 -7.60317e+00 | 44 -0.96896  9.14050e+00 | 45 -0.96022 -7.22773e+00
 46 -0.36943  1.45610e-01 | 47 -0.94080 -2.63611e-02 | 48 -0.10451 -1.99766e-01
 49 -0.11506  3.28067e-01 | 50 -0.16970 -1.70610e+02 | 51 -0.16302  8.19113e+01
  ic > imax  in fminim is answer attained ?
Var    Value     Gradient |Var    Value     Gradient |Var    Value     Gradient
  1  0.14037  5.66842e+00 |  2 -0.13792  1.53977e-02 |  3 -0.00188  3.72071e-02
  4 -0.03725  1.13693e-01 |  5  0.00988  2.70745e-01 |  6 -0.06019  8.70751e-02
  7 -0.11205  9.89187e-02 |  8 -0.06981  2.46345e-01 |  9 -0.08222 -1.46026e-01
 10  0.02932 -1.27658e-01 | 11  0.01332 -1.15378e-01 | 12  0.05681 -1.04982e-01
 13  0.00614 -9.42009e-02 | 14 -0.00790 -8.69247e-02 | 15  0.06777 -6.68502e-02
 16  0.01640 -8.48544e-02 | 17 -0.05362 -1.00747e-01 | 18 -0.00648 -3.27908e-02
 19 -0.01990 -5.52515e-02 | 20  0.04782 -5.13873e-02 | 21  0.04496  2.84749e-02
 22 -0.05483 -6.39924e-02 | 23 -0.03128  6.73455e-02 | 24 -0.11348  1.00853e-01
 25 -0.00036  5.16347e-01 | 26 -0.01406  2.53127e-03 | 27 -0.00255 -2.59746e-02
 28  0.06537  1.51217e-01 | 29  0.01087 -4.99983e-02 | 30  0.07523 -8.42535e-03
 31 -0.01942 -1.07199e-01 | 32  0.08534 -3.48524e-02 | 33  0.04566 -1.66935e-01
 34  0.08246 -7.03743e-02 | 35  0.24122 -1.08842e+00 | 36  0.24841  3.52813e-02
 37  0.26089  4.02827e-01 | 38 -0.42178  1.72695e-02 | 39  0.04971  1.62318e-03
 40 -0.04077 -2.02034e-04 | 41 -0.79306 -9.31790e-03 | 42 -0.72000 -4.21746e+00
 43 -0.74813  4.68830e+00 | 44 -0.92524 -8.65794e-02 | 45 -0.90420  2.62055e-02
 46 -0.41844  8.71116e-02 | 47 -0.47330  1.24539e-02 | 48 -0.10607  1.36030e-01
 49 -0.11643 -8.23622e-02 | 50 -0.17583  8.35655e+02 | 51 -0.17581 -4.04494e+02
Function minimizer not making progress ... is minimum attained?
Minimprove criterion = 0.0000e+00
Warning: the following parameters had issues
  selparm[7] is within 1% of lower bound: 0.0000e+00 < 1.3774e-02 < 4.0000e+00
  selparm[8] is within 1% of lower bound: 0.0000e+00 < 2.2604e-02 < 4.0000e+00


 - final statistics:
51 variables; iteration 79; function evaluation 197
Function value 1.1661e+02; maximum gradient component mag 8.3565e+02
Exit code = 1;  converg criter 1.0000e-04
Var    Value     Gradient |Var    Value     Gradient |Var    Value     Gradient
  1  0.14037  5.66842e+00 |  2 -0.13792  1.53977e-02 |  3 -0.00188  3.72071e-02
  4 -0.03725  1.13693e-01 |  5  0.00988  2.70745e-01 |  6 -0.06019  8.70751e-02
  7 -0.11205  9.89187e-02 |  8 -0.06981  2.46345e-01 |  9 -0.08222 -1.46026e-01
 10  0.02932 -1.27658e-01 | 11  0.01332 -1.15378e-01 | 12  0.05681 -1.04982e-01
 13  0.00614 -9.42009e-02 | 14 -0.00790 -8.69247e-02 | 15  0.06777 -6.68502e-02
 16  0.01640 -8.48544e-02 | 17 -0.05362 -1.00747e-01 | 18 -0.00648 -3.27908e-02
 19 -0.01990 -5.52515e-02 | 20  0.04782 -5.13873e-02 | 21  0.04496  2.84749e-02
 22 -0.05483 -6.39924e-02 | 23 -0.03128  6.73455e-02 | 24 -0.11348  1.00853e-01
 25 -0.00036  5.16347e-01 | 26 -0.01406  2.53127e-03 | 27 -0.00255 -2.59746e-02
 28  0.06537  1.51217e-01 | 29  0.01087 -4.99983e-02 | 30  0.07523 -8.42535e-03
 31 -0.01942 -1.07199e-01 | 32  0.08534 -3.48524e-02 | 33  0.04566 -1.66935e-01
 34  0.08246 -7.03743e-02 | 35  0.24122 -1.08842e+00 | 36  0.24841  3.52813e-02
 37  0.26089  4.02827e-01 | 38 -0.42178  1.72695e-02 | 39  0.04971  1.62318e-03
 40 -0.04077 -2.02034e-04 | 41 -0.79306 -9.31790e-03 | 42 -0.72000 -4.21746e+00
 43 -0.74813  4.68830e+00 | 44 -0.92524 -8.65794e-02 | 45 -0.90420  2.62055e-02
 46 -0.41844  8.71116e-02 | 47 -0.47330  1.24539e-02 | 48 -0.10607  1.36030e-01
 49 -0.11643 -8.23622e-02 | 50 -0.17583  8.35655e+02 | 51 -0.17581 -4.04494e+02
Estimating row 1 out of 51 for hessian
Estimating row 2 out of 51 for hessian
Estimating row 3 out of 51 for hessian
Estimating row 4 out of 51 for hessian
Estimating row 5 out of 51 for hessian
Estimating row 6 out of 51 for hessian
Estimating row 7 out of 51 for hessian
Estimating row 8 out of 51 for hessian
Estimating row 9 out of 51 for hessian
Estimating row 10 out of 51 for hessian
Estimating row 11 out of 51 for hessian
Estimating row 12 out of 51 for hessian
Estimating row 13 out of 51 for hessian
Estimating row 14 out of 51 for hessian
Estimating row 15 out of 51 for hessian
Estimating row 16 out of 51 for hessian
Estimating row 17 out of 51 for hessian
Estimating row 18 out of 51 for hessian
Estimating row 19 out of 51 for hessian
Estimating row 20 out of 51 for hessian
Estimating row 21 out of 51 for hessian
Estimating row 22 out of 51 for hessian
Estimating row 23 out of 51 for hessian
Estimating row 24 out of 51 for hessian
Estimating row 25 out of 51 for hessian
Estimating row 26 out of 51 for hessian
Estimating row 27 out of 51 for hessian
Estimating row 28 out of 51 for hessian
Estimating row 29 out of 51 for hessian
Estimating row 30 out of 51 for hessian
Estimating row 31 out of 51 for hessian
Estimating row 32 out of 51 for hessian
Estimating row 33 out of 51 for hessian
Estimating row 34 out of 51 for hessian
Estimating row 35 out of 51 for hessian
Estimating row 36 out of 51 for hessian
Estimating row 37 out of 51 for hessian
Estimating row 38 out of 51 for hessian
Estimating row 39 out of 51 for hessian
Estimating row 40 out of 51 for hessian
Estimating row 41 out of 51 for hessian
Estimating row 42 out of 51 for hessian
Estimating row 43 out of 51 for hessian
Estimating row 44 out of 51 for hessian
Estimating row 45 out of 51 for hessian
Estimating row 46 out of 51 for hessian
Estimating row 47 out of 51 for hessian
Estimating row 48 out of 51 for hessian
Estimating row 49 out of 51 for hessian
Estimating row 50 out of 51 for hessian
Estimating row 51 out of 51 for hessian
Warning -- Hessian does not appear to be positive definite
Hessian does not appear to be positive definite.
size of file gradfil1.tmp = 0
size of file gradfil2.tmp = 0
size of file varssave.tmp = 0
size of file cmpdiff.tmp = 0
